<?xml version="1.0" encoding="UTF-8"?>
<testsuites name="Video Alerts" time="286.346" tests="7" failures="0" errors="0">
   <testsuite name="Video Alerts" tests="7" failures="0" errors="0" time="286.346" skipped="0" timestamp="05-03-2024T17:45:25" hostname="Home - LAPTOP-E6BU4LL9.Dlink" id="Test Suites/Video Alerts">
      <properties>
         <property name="deviceName" value=""/>
         <property name="devicePlatform" value=""/>
         <property name="logFolder" value="C:\\Users\\Home\\git\\Katalon\\Reports\\20240305_174520\\Video Alerts\\20240305_174520"/>
         <property name="logFiles" value="C:\\Users\\Home\\git\\Katalon\\Reports\\20240305_174520\\Video Alerts\\20240305_174520\\execution0.log"/>
         <property name="attachments" value="C:\\Users\\Home\\git\\Katalon\\Reports\\20240305_174520\\Video Alerts\\20240305_174520\\1709649966755.png, C:\\Users\\Home\\git\\Katalon\\Reports\\20240305_174520\\Video Alerts\\20240305_174520\\1709649971008.png, C:\\Users\\Home\\git\\Katalon\\Reports\\20240305_174520\\Video Alerts\\20240305_174520\\1709650109754.png, C:\\Users\\Home\\git\\Katalon\\Reports\\20240305_174520\\Video Alerts\\20240305_174520\\1709650171152.png, C:\\Users\\Home\\git\\Katalon\\Reports\\20240305_174520\\Video Alerts\\20240305_174520\\1709650206114.png"/>
         <property name="hostName" value="Home - LAPTOP-E6BU4LL9.Dlink"/>
         <property name="os" value="Windows 11 64bit"/>
         <property name="katalonVersion" value="9.3.1.212"/>
         <property name="browser" value="Chrome 122.0.0.0"/>
         <property name="hostAddress" value="192.168.1.100"/>
         <property name="sessionId" value="db38772937178eb75a10c419a14ffc0e"/>
         <property name="seleniumVersion" value="3.141.59"/>
         <property name="proxyInformation" value="ProxyInformation { proxyOption=NO_PROXY, proxyServerType=HTTP, username=, password=********, proxyServerAddress=, proxyServerPort=0, executionList=&quot;&quot;, isApplyToDesiredCapabilities=true }"/>
         <property name="platform" value="Windows 11"/>
      </properties>
      <testcase name="Test Cases/Login Test Cases/Login with Valid Credentials" time="12.38" classname="Test Cases/Login Test Cases/Login with Valid Credentials" status="PASSED">
         <system-out><![CDATA[05-03-2024T17:45:25 - [TEST_CASE][PASSED] - Test Cases/Login Test Cases/Login with Valid Credentials: Test Cases/Login Test Cases/Login with Valid Credentials

05-03-2024T17:45:25 - [TEST_STEP][PASSED] - openBrowser(""): Browser is opened with url: ''

05-03-2024T17:45:26 - [MESSAGE][INFO] - Starting 'Chrome' driver

05-03-2024T17:45:26 - [MESSAGE][INFO] - Action delay is set to 0 milliseconds

05-03-2024T17:45:27 - [MESSAGE][PASSED] - Browser is opened with url: ''

05-03-2024T17:45:27 - [TEST_STEP][PASSED] - navigateToUrl("https://dadebug.commclouds.com/Demo/admin/auth"): Navigate to 'https://dadebug.commclouds.com/Demo/admin/auth' successfully

05-03-2024T17:45:28 - [MESSAGE][PASSED] - Navigate to 'https://dadebug.commclouds.com/Demo/admin/auth' successfully

05-03-2024T17:45:28 - [TEST_STEP][PASSED] - waitForPageLoad(3): Wait for page load successfully

05-03-2024T17:45:28 - [MESSAGE][PASSED] - Wait for page load successfully

05-03-2024T17:45:28 - [TEST_STEP][PASSED] - maximizeWindow(): Current window maximized

05-03-2024T17:45:28 - [MESSAGE][PASSED] - Current window maximized

05-03-2024T17:45:28 - [TEST_STEP][PASSED] - verifyElementPresent(findTestObject("Login Page/DAlogo"), 2): Object 'Object Repository/Login Page/DAlogo' is present

05-03-2024T17:45:29 - [MESSAGE][PASSED] - Object 'Object Repository/Login Page/DAlogo' is present

05-03-2024T17:45:29 - [TEST_STEP][PASSED] - verifyElementPresent(findTestObject("Login Page/Version number"), 2): Object 'Object Repository/Login Page/Version number' is present

05-03-2024T17:45:29 - [MESSAGE][PASSED] - Object 'Object Repository/Login Page/Version number' is present

05-03-2024T17:45:29 - [TEST_STEP][PASSED] - verifyElementText(findTestObject("Login Page/Version number"), "Version: 11.4.0.2 (stage/11)"): Actual text and expected text of test object 'Object Repository/Login Page/Version number' are matched.

05-03-2024T17:45:30 - [MESSAGE][PASSED] - Actual text and expected text of test object 'Object Repository/Login Page/Version number' are matched.

05-03-2024T17:45:30 - [TEST_STEP][PASSED] - setText(findTestObject("Object Repository/Login Page/Login input field"), "Zoya"): Text 'Zoya' is set on object 'Object Repository/Login Page/Login input field'

05-03-2024T17:45:30 - [MESSAGE][PASSED] - Text 'Zoya' is set on object 'Object Repository/Login Page/Login input field'

05-03-2024T17:45:30 - [TEST_STEP][PASSED] - setEncryptedText(findTestObject("Object Repository/Login Page/Password input field"), "tzH6RvlfSTg="): Text ****** has been set on object 'Object Repository/Login Page/Password input field'

05-03-2024T17:45:31 - [MESSAGE][PASSED] - Text ****** has been set on object 'Object Repository/Login Page/Password input field'

05-03-2024T17:45:31 - [TEST_STEP][PASSED] - click(findTestObject("Object Repository/Login Page/button_Log in")): Object: 'Object Repository/Login Page/button_Log in' is clicked on

05-03-2024T17:45:31 - [MESSAGE][PASSED] - Object: 'Object Repository/Login Page/button_Log in' is clicked on

05-03-2024T17:45:31 - [TEST_STEP][PASSED] - delay(4): Delayed 4 second(s)

05-03-2024T17:45:35 - [MESSAGE][PASSED] - Delayed 4 second(s)

05-03-2024T17:45:35 - [TEST_STEP][PASSED] - verifyElementPresent(findTestObject("Object Repository/Login Page/h1_Dashboard"), 4): Object 'Object Repository/Login Page/h1_Dashboard' is present

05-03-2024T17:45:35 - [MESSAGE][PASSED] - Object 'Object Repository/Login Page/h1_Dashboard' is present]]></system-out>
         <system-err><![CDATA[]]></system-err>
      </testcase>
      <testcase name="Test Cases/Video Alerts/Send Video Alert with MP4 (TC-43)" time="59.324" classname="Test Cases/Video Alerts/Send Video Alert with MP4 (TC-43)" status="PASSED">
         <system-out><![CDATA[05-03-2024T17:45:37 - [TEST_CASE][PASSED] - Test Cases/Video Alerts/Send Video Alert with MP4 (TC-43): Test Cases/Video Alerts/Send Video Alert with MP4 (TC-43)

05-03-2024T17:45:38 - [TEST_STEP][PASSED] - click(findTestObject("Dashboard Page/Compose alert button expansion")): Object: 'Object Repository/Dashboard Page/Compose alert button expansion' is clicked on

05-03-2024T17:45:38 - [MESSAGE][PASSED] - Object: 'Object Repository/Dashboard Page/Compose alert button expansion' is clicked on

05-03-2024T17:45:38 - [TEST_STEP][PASSED] - click(findTestObject("Dashboard Page/Video Alerts")): Object: 'Object Repository/Dashboard Page/Video Alerts' is clicked on

05-03-2024T17:45:39 - [MESSAGE][PASSED] - Object: 'Object Repository/Dashboard Page/Video Alerts' is clicked on

05-03-2024T17:45:39 - [TEST_STEP][PASSED] - verifyElementText(findTestObject("Wallpapers/Create Wallpaper Header"), "Create Video Alert"): Actual text and expected text of test object 'Object Repository/Wallpapers/Create Wallpaper Header' are matched.

05-03-2024T17:45:42 - [MESSAGE][PASSED] - Actual text and expected text of test object 'Object Repository/Wallpapers/Create Wallpaper Header' are matched.

05-03-2024T17:45:42 - [TEST_STEP][PASSED] - click(findTestObject("Video Alert/Videoalert more btn")): Object: 'Object Repository/Video Alert/Videoalert more btn' is clicked on

05-03-2024T17:45:43 - [MESSAGE][PASSED] - Object: 'Object Repository/Video Alert/Videoalert more btn' is clicked on

05-03-2024T17:45:43 - [TEST_STEP][PASSED] - callTestCase(findTestCase("Built-in test cases/Choose recipients"), [:], STOP_ON_FAILURE): Call Test Case 'Test Cases/Built-in test cases/Choose recipients' successfully

05-03-2024T17:45:43 - [TEST_CASE][PASSED] - Test Cases/Built-in test cases/Choose recipients: Test Cases/Built-in test cases/Choose recipients

05-03-2024T17:45:43 - [TEST_STEP][PASSED] - click(findTestObject("Create Pop-up Alert Page/Choose recipients modal window/Filter field")): Object: 'Object Repository/Create Pop-up Alert Page/Choose recipients modal window/Filter field' is clicked on

05-03-2024T17:45:44 - [MESSAGE][PASSED] - Object: 'Object Repository/Create Pop-up Alert Page/Choose recipients modal window/Filter field' is clicked on

05-03-2024T17:45:44 - [TEST_STEP][PASSED] - setText(findTestObject("Create Pop-up Alert Page/Choose recipients modal window/Filter field"), "LAPTOP-E6BU4LL9"): Text 'LAPTOP-E6BU4LL9' is set on object 'Object Repository/Create Pop-up Alert Page/Choose recipients modal window/Filter field'

05-03-2024T17:45:45 - [MESSAGE][PASSED] - Text 'LAPTOP-E6BU4LL9' is set on object 'Object Repository/Create Pop-up Alert Page/Choose recipients modal window/Filter field'

05-03-2024T17:45:45 - [TEST_STEP][PASSED] - verifyElementText(findTestObject("Create Pop-up Alert Page/Choose recipients modal window/All user list-filtered"), "LAPTOP-E6BU4LL9 "): Actual text and expected text of test object 'Object Repository/Create Pop-up Alert Page/Choose recipients modal window/All user list-filtered' are matched.

05-03-2024T17:45:46 - [MESSAGE][PASSED] - Actual text and expected text of test object 'Object Repository/Create Pop-up Alert Page/Choose recipients modal window/All user list-filtered' are matched.

05-03-2024T17:45:46 - [TEST_STEP][PASSED] - click(findTestObject("Create Pop-up Alert Page/Choose recipients modal window/filtered user selection")): Object: 'Object Repository/Create Pop-up Alert Page/Choose recipients modal window/filtered user selection' is clicked on

05-03-2024T17:45:47 - [MESSAGE][PASSED] - Object: 'Object Repository/Create Pop-up Alert Page/Choose recipients modal window/filtered user selection' is clicked on

05-03-2024T17:45:47 - [TEST_STEP][PASSED] - click(findTestObject("Create Pop-up Alert Page/Choose recipients modal window/Filter field")): Object: 'Object Repository/Create Pop-up Alert Page/Choose recipients modal window/Filter field' is clicked on

05-03-2024T17:45:47 - [MESSAGE][PASSED] - Object: 'Object Repository/Create Pop-up Alert Page/Choose recipients modal window/Filter field' is clicked on

05-03-2024T17:45:47 - [TEST_STEP][PASSED] - sendKeys(findTestObject("Create Pop-up Alert Page/Choose recipients modal window/Filter field"), Keys.chord(CONTROL, "a", BACK_SPACE)): Keys 'CONTROL + BACK_SPACE + a' sent to object: 'Object Repository/Create Pop-up Alert Page/Choose recipients modal window/Filter field'

05-03-2024T17:45:48 - [MESSAGE][PASSED] - Keys 'CONTROL + BACK_SPACE + a' sent to object: 'Object Repository/Create Pop-up Alert Page/Choose recipients modal window/Filter field'

05-03-2024T17:45:48 - [TEST_STEP][PASSED] - setText(findTestObject("Create Pop-up Alert Page/Choose recipients modal window/Filter field"), "DESKTOP-9UH6GK7"): Text 'DESKTOP-9UH6GK7' is set on object 'Object Repository/Create Pop-up Alert Page/Choose recipients modal window/Filter field'

05-03-2024T17:45:49 - [MESSAGE][PASSED] - Text 'DESKTOP-9UH6GK7' is set on object 'Object Repository/Create Pop-up Alert Page/Choose recipients modal window/Filter field'

05-03-2024T17:45:49 - [TEST_STEP][PASSED] - verifyElementText(findTestObject("Create Pop-up Alert Page/Choose recipients modal window/All user list-filtered"), "DESKTOP-9UH6GK7 "): Actual text and expected text of test object 'Object Repository/Create Pop-up Alert Page/Choose recipients modal window/All user list-filtered' are matched.

05-03-2024T17:45:50 - [MESSAGE][PASSED] - Actual text and expected text of test object 'Object Repository/Create Pop-up Alert Page/Choose recipients modal window/All user list-filtered' are matched.

05-03-2024T17:45:50 - [TEST_STEP][PASSED] - click(findTestObject("Create Pop-up Alert Page/Choose recipients modal window/filtered user selection")): Object: 'Object Repository/Create Pop-up Alert Page/Choose recipients modal window/filtered user selection' is clicked on

05-03-2024T17:45:51 - [MESSAGE][PASSED] - Object: 'Object Repository/Create Pop-up Alert Page/Choose recipients modal window/filtered user selection' is clicked on

05-03-2024T17:45:51 - [TEST_STEP][PASSED] - click(findTestObject("Wallpapers/Done")): Object: 'Object Repository/Wallpapers/Done' is clicked on

05-03-2024T17:45:51 - [MESSAGE][PASSED] - Object: 'Object Repository/Wallpapers/Done' is clicked on

05-03-2024T17:45:51 - [MESSAGE][PASSED] - Call Test Case 'Test Cases/Built-in test cases/Choose recipients' successfully

05-03-2024T17:45:51 - [TEST_STEP][PASSED] - setText(findTestObject("Create Pop-up Alert Page/Alert Title field"), "TC-43"): Text 'TC-43' is set on object 'Object Repository/Create Pop-up Alert Page/Alert Title field'

05-03-2024T17:45:52 - [MESSAGE][PASSED] - Text 'TC-43' is set on object 'Object Repository/Create Pop-up Alert Page/Alert Title field'

05-03-2024T17:45:52 - [TEST_STEP][PASSED] - verifyElementPresent(findTestObject("Video Alert/Videoalert upload area"), 2): Object 'Object Repository/Video Alert/Videoalert upload area' is present

05-03-2024T17:45:52 - [MESSAGE][PASSED] - Object 'Object Repository/Video Alert/Videoalert upload area' is present

05-03-2024T17:45:52 - [TEST_STEP][PASSED] - uploadFileWithDragAndDrop(findTestObject("Video Alert/Videoalert upload area"), "C:\Users\Home\git\Katalon\video\rabbit.mp4"): null

05-03-2024T17:45:53 - [TEST_STEP][PASSED] - delay(5): Delayed 5 second(s)

05-03-2024T17:45:58 - [MESSAGE][PASSED] - Delayed 5 second(s)

05-03-2024T17:45:58 - [TEST_STEP][PASSED] - getAttribute(findTestObject("Video alerts/uploaded video file"), "src"): Attribute 'src' of object 'Object Repository/Video alerts/uploaded video file' is: 'null'

05-03-2024T17:45:58 - [MESSAGE][PASSED] - Attribute 'src' of object 'Object Repository/Video alerts/uploaded video file' is: 'null'

05-03-2024T17:45:58 - [TEST_STEP][PASSED] - click(findTestObject("Video alerts/Video alert description")): Object: 'Object Repository/Video alerts/Video alert description' is clicked on

05-03-2024T17:45:58 - [MESSAGE][PASSED] - Object: 'Object Repository/Video alerts/Video alert description' is clicked on

05-03-2024T17:45:58 - [TEST_STEP][PASSED] - setText(findTestObject("Video alerts/Video alert description"), "Hello! This is automated MP4 video alert from Katalon"): Text 'Hello! This is automated MP4 video alert from Katalon' is set on object 'Object Repository/Video alerts/Video alert description'

05-03-2024T17:46:01 - [MESSAGE][PASSED] - Text 'Hello! This is automated MP4 video alert from Katalon' is set on object 'Object Repository/Video alerts/Video alert description'

05-03-2024T17:46:01 - [TEST_STEP][PASSED] - click(findTestObject("Wallpapers/Send wallpaper button")): Object: 'Object Repository/Wallpapers/Send wallpaper button' is clicked on

05-03-2024T17:46:01 - [MESSAGE][PASSED] - Object: 'Object Repository/Wallpapers/Send wallpaper button' is clicked on

05-03-2024T17:46:01 - [TEST_STEP][PASSED] - waitForPageLoad(2): Wait for page load successfully

05-03-2024T17:46:01 - [MESSAGE][PASSED] - Wait for page load successfully

05-03-2024T17:46:01 - [TEST_STEP][PASSED] - setText(findTestObject("Pop-up Alerts page/Search by title field"), "TC-43"): Text 'TC-43' is set on object 'Object Repository/Pop-up Alerts page/Search by title field'

05-03-2024T17:46:04 - [MESSAGE][PASSED] - Text 'TC-43' is set on object 'Object Repository/Pop-up Alerts page/Search by title field'

05-03-2024T17:46:04 - [TEST_STEP][PASSED] - verifyElementText(findTestObject("Pop-up Alerts page/Filtered sent alert"), "TC-43"): Actual text and expected text of test object 'Object Repository/Pop-up Alerts page/Filtered sent alert' are matched.

05-03-2024T17:46:04 - [MESSAGE][PASSED] - Actual text and expected text of test object 'Object Repository/Pop-up Alerts page/Filtered sent alert' are matched.

05-03-2024T17:46:04 - [TEST_STEP][NOT_RUN] - click(findTestObject("Survey/3dots Actions")): NOT_RUN: click(findTestObject("Survey/3dots Actions"))

05-03-2024T17:46:04 - [MESSAGE][NOT_RUN] - NOT_RUN: click(findTestObject("Survey/3dots Actions"))

05-03-2024T17:46:04 - [TEST_STEP][NOT_RUN] - mouseOver(findTestObject("Pop-up Alerts page/Stop-Start alert")): NOT_RUN: mouseOver(findTestObject("Pop-up Alerts page/Stop-Start alert"))

05-03-2024T17:46:04 - [MESSAGE][NOT_RUN] - NOT_RUN: mouseOver(findTestObject("Pop-up Alerts page/Stop-Start alert"))

05-03-2024T17:46:04 - [TEST_STEP][NOT_RUN] - click(findTestObject("Pop-up Alerts page/Stop-Start alert")): NOT_RUN: click(findTestObject("Pop-up Alerts page/Stop-Start alert"))

05-03-2024T17:46:04 - [MESSAGE][NOT_RUN] - NOT_RUN: click(findTestObject("Pop-up Alerts page/Stop-Start alert"))

05-03-2024T17:46:04 - [TEST_STEP][NOT_RUN] - verifyElementPresent(findTestObject("Pop-up Alerts page/Stopped status"), 2): NOT_RUN: verifyElementPresent(findTestObject("Pop-up Alerts page/Stopped status"), 2)

05-03-2024T17:46:04 - [MESSAGE][NOT_RUN] - NOT_RUN: verifyElementPresent(findTestObject("Pop-up Alerts page/Stopped status"), 2)

05-03-2024T17:46:04 - [TEST_STEP][PASSED] - click(findTestObject("Survey/3dots Actions")): Object: 'Object Repository/Survey/3dots Actions' is clicked on

05-03-2024T17:46:06 - [MESSAGE][PASSED] - Object: 'Object Repository/Survey/3dots Actions' is clicked on

05-03-2024T17:46:06 - [TEST_STEP][PASSED] - click(findTestObject("Pop-up Alerts page/View graph")): Object: 'Object Repository/Pop-up Alerts page/View graph' is clicked on

05-03-2024T17:46:06 - [MESSAGE][PASSED] - Object: 'Object Repository/Pop-up Alerts page/View graph' is clicked on

05-03-2024T17:46:06 - [TEST_STEP][PASSED] - takeElementScreenshot(findTestObject("Pop-up Alerts page/View graph image")): Taking screenshot successfully

05-03-2024T17:46:06 - [MESSAGE][WARNING] - Timeout '0' is invalid. Using default page load timeout: '30'

05-03-2024T17:46:08 - [MESSAGE][INFO] - 0 hidden object(s)

05-03-2024T17:46:08 - [MESSAGE][PASSED] - Taking screenshot successfully
[[ATTACHMENT|C:\\Users\\Home\\git\\Katalon\\Reports\\20240305_174520\\Video Alerts\\20240305_174520\\1709649966755.png]]

05-03-2024T17:46:08 - [TEST_STEP][PASSED] - click(findTestObject("Pop-up Alerts page/view graph close btn")): Object: 'Object Repository/Pop-up Alerts page/view graph close btn' is clicked on

05-03-2024T17:46:08 - [MESSAGE][PASSED] - Object: 'Object Repository/Pop-up Alerts page/view graph close btn' is clicked on

05-03-2024T17:46:08 - [TEST_STEP][PASSED] - click(findTestObject("Survey/3dots Actions")): Object: 'Object Repository/Survey/3dots Actions' is clicked on

05-03-2024T17:46:09 - [MESSAGE][PASSED] - Object: 'Object Repository/Survey/3dots Actions' is clicked on

05-03-2024T17:46:09 - [TEST_STEP][PASSED] - click(findTestObject("Pop-up Alerts page/Preview in actions menu")): Object: 'Object Repository/Pop-up Alerts page/Preview in actions menu' is clicked on

05-03-2024T17:46:09 - [MESSAGE][PASSED] - Object: 'Object Repository/Pop-up Alerts page/Preview in actions menu' is clicked on

05-03-2024T17:46:09 - [TEST_STEP][PASSED] - switchToFrame(findTestObject("Create Pop-up Alert Page/Preview alert iframe"), 2): null

05-03-2024T17:46:11 - [TEST_STEP][PASSED] - takeFullPageScreenshot([]): Taking screenshot successfully

05-03-2024T17:46:11 - [MESSAGE][INFO] - 0 hidden object(s)

05-03-2024T17:46:11 - [MESSAGE][INFO] - 0 hidden object(s)

05-03-2024T17:46:11 - [MESSAGE][PASSED] - Taking screenshot successfully
[[ATTACHMENT|C:\\Users\\Home\\git\\Katalon\\Reports\\20240305_174520\\Video Alerts\\20240305_174520\\1709649971008.png]]

05-03-2024T17:46:11 - [TEST_STEP][PASSED] - click(findTestObject("Create Pop-up Alert Page/close alert preview")): Object: 'Object Repository/Create Pop-up Alert Page/close alert preview' is clicked on

05-03-2024T17:46:11 - [MESSAGE][PASSED] - Object: 'Object Repository/Create Pop-up Alert Page/close alert preview' is clicked on

05-03-2024T17:46:11 - [TEST_STEP][PASSED] - switchToDefaultContent(): null

05-03-2024T17:46:11 - [TEST_STEP][PASSED] - click(findTestObject("Survey/3dots Actions")): Object: 'Object Repository/Survey/3dots Actions' is clicked on

05-03-2024T17:46:12 - [MESSAGE][PASSED] - Object: 'Object Repository/Survey/3dots Actions' is clicked on

05-03-2024T17:46:12 - [TEST_STEP][PASSED] - click(findTestObject("Pop-up Alerts page/Duplicate alert")): Object: 'Object Repository/Pop-up Alerts page/Duplicate alert' is clicked on

05-03-2024T17:46:13 - [MESSAGE][PASSED] - Object: 'Object Repository/Pop-up Alerts page/Duplicate alert' is clicked on

05-03-2024T17:46:13 - [TEST_STEP][PASSED] - sendKeys(findTestObject("Create Pop-up Alert Page/Alert Title field"), Keys.chord(CONTROL, "a", BACK_SPACE)): Keys 'CONTROL + BACK_SPACE + a' sent to object: 'Object Repository/Create Pop-up Alert Page/Alert Title field'

05-03-2024T17:46:16 - [MESSAGE][PASSED] - Keys 'CONTROL + BACK_SPACE + a' sent to object: 'Object Repository/Create Pop-up Alert Page/Alert Title field'

05-03-2024T17:46:16 - [TEST_STEP][PASSED] - setText(findTestObject("Create Pop-up Alert Page/Alert Title field"), "Duplicate video alert"): Text 'Duplicate video alert' is set on object 'Object Repository/Create Pop-up Alert Page/Alert Title field'

05-03-2024T17:46:17 - [MESSAGE][PASSED] - Text 'Duplicate video alert' is set on object 'Object Repository/Create Pop-up Alert Page/Alert Title field'

05-03-2024T17:46:17 - [TEST_STEP][PASSED] - click(findTestObject("Wallpapers/Send wallpaper button")): Object: 'Object Repository/Wallpapers/Send wallpaper button' is clicked on

05-03-2024T17:46:17 - [MESSAGE][PASSED] - Object: 'Object Repository/Wallpapers/Send wallpaper button' is clicked on

05-03-2024T17:46:17 - [TEST_STEP][PASSED] - waitForPageLoad(2): Wait for page load successfully

05-03-2024T17:46:17 - [MESSAGE][PASSED] - Wait for page load successfully

05-03-2024T17:46:17 - [TEST_STEP][PASSED] - setText(findTestObject("Pop-up Alerts page/Search by title field"), "TC-43"): Text 'TC-43' is set on object 'Object Repository/Pop-up Alerts page/Search by title field'

05-03-2024T17:46:19 - [MESSAGE][PASSED] - Text 'TC-43' is set on object 'Object Repository/Pop-up Alerts page/Search by title field'

05-03-2024T17:46:19 - [TEST_STEP][PASSED] - waitForPageLoad(2): Wait for page load successfully

05-03-2024T17:46:19 - [MESSAGE][PASSED] - Wait for page load successfully

05-03-2024T17:46:19 - [TEST_STEP][PASSED] - waitForElementClickable(findTestObject("Survey/3dots Actions"), 2): Object 'Object Repository/Survey/3dots Actions' is clickable

05-03-2024T17:46:19 - [MESSAGE][PASSED] - Object 'Object Repository/Survey/3dots Actions' is clickable

05-03-2024T17:46:19 - [TEST_STEP][PASSED] - click(findTestObject("Survey/3dots Actions")): Object: 'Object Repository/Survey/3dots Actions' is clicked on

05-03-2024T17:46:20 - [MESSAGE][PASSED] - Object: 'Object Repository/Survey/3dots Actions' is clicked on

05-03-2024T17:46:20 - [TEST_STEP][PASSED] - waitForElementClickable(findTestObject("Pop-up Alerts page/resend alert from actions menu"), 2): Object 'Object Repository/Pop-up Alerts page/resend alert from actions menu' is clickable

05-03-2024T17:46:21 - [MESSAGE][PASSED] - Object 'Object Repository/Pop-up Alerts page/resend alert from actions menu' is clickable

05-03-2024T17:46:21 - [TEST_STEP][PASSED] - click(findTestObject("Pop-up Alerts page/resend alert from actions menu")): Object: 'Object Repository/Pop-up Alerts page/resend alert from actions menu' is clicked on

05-03-2024T17:46:21 - [MESSAGE][PASSED] - Object: 'Object Repository/Pop-up Alerts page/resend alert from actions menu' is clicked on

05-03-2024T17:46:21 - [TEST_STEP][PASSED] - click(findTestObject("Pop-up Alerts page/Resend btn")): Object: 'Object Repository/Pop-up Alerts page/Resend btn' is clicked on

05-03-2024T17:46:22 - [MESSAGE][PASSED] - Object: 'Object Repository/Pop-up Alerts page/Resend btn' is clicked on

05-03-2024T17:46:22 - [TEST_STEP][PASSED] - sendKeys(findTestObject("Pop-up Alerts page/Search by title field"), Keys.chord(CONTROL, "a", BACK_SPACE)): Keys 'CONTROL + BACK_SPACE + a' sent to object: 'Object Repository/Pop-up Alerts page/Search by title field'

05-03-2024T17:46:23 - [MESSAGE][PASSED] - Keys 'CONTROL + BACK_SPACE + a' sent to object: 'Object Repository/Pop-up Alerts page/Search by title field'

05-03-2024T17:46:23 - [TEST_STEP][PASSED] - setText(findTestObject("Pop-up Alerts page/Search by title field"), "TC-43"): Text 'TC-43' is set on object 'Object Repository/Pop-up Alerts page/Search by title field'

05-03-2024T17:46:25 - [MESSAGE][PASSED] - Text 'TC-43' is set on object 'Object Repository/Pop-up Alerts page/Search by title field'

05-03-2024T17:46:25 - [TEST_STEP][PASSED] - verifyElementClickable(findTestObject("Pop-up Alerts page/Select all checkbox")): Object 'Object Repository/Pop-up Alerts page/Select all checkbox' is clickable

05-03-2024T17:46:25 - [MESSAGE][PASSED] - Object 'Object Repository/Pop-up Alerts page/Select all checkbox' is clickable

05-03-2024T17:46:25 - [TEST_STEP][PASSED] - check(findTestObject("Pop-up Alerts page/Select all checkbox")): Object 'Object Repository/Pop-up Alerts page/Select all checkbox' is checked

05-03-2024T17:46:27 - [MESSAGE][PASSED] - Object 'Object Repository/Pop-up Alerts page/Select all checkbox' is checked

05-03-2024T17:46:27 - [TEST_STEP][PASSED] - verifyElementChecked(findTestObject("Pop-up Alerts page/Select all checkbox"), 1): Object 'Object Repository/Pop-up Alerts page/Select all checkbox' is checked

05-03-2024T17:46:27 - [MESSAGE][PASSED] - Object 'Object Repository/Pop-up Alerts page/Select all checkbox' is checked

05-03-2024T17:46:27 - [TEST_STEP][PASSED] - click(findTestObject("Pop-up Alerts page/delete all")): Object: 'Object Repository/Pop-up Alerts page/delete all' is clicked on

05-03-2024T17:46:28 - [MESSAGE][PASSED] - Object: 'Object Repository/Pop-up Alerts page/delete all' is clicked on

05-03-2024T17:46:28 - [TEST_STEP][PASSED] - click(findTestObject("Pop-up Alerts page/Confirm deletion btn")): Object: 'Object Repository/Pop-up Alerts page/Confirm deletion btn' is clicked on

05-03-2024T17:46:29 - [MESSAGE][PASSED] - Object: 'Object Repository/Pop-up Alerts page/Confirm deletion btn' is clicked on

05-03-2024T17:46:29 - [TEST_STEP][PASSED] - sendKeys(findTestObject("Pop-up Alerts page/Search by title field"), Keys.chord(CONTROL, "a", BACK_SPACE)): Keys 'CONTROL + BACK_SPACE + a' sent to object: 'Object Repository/Pop-up Alerts page/Search by title field'

05-03-2024T17:46:30 - [MESSAGE][PASSED] - Keys 'CONTROL + BACK_SPACE + a' sent to object: 'Object Repository/Pop-up Alerts page/Search by title field'

05-03-2024T17:46:30 - [TEST_STEP][PASSED] - setText(findTestObject("Pop-up Alerts page/Search by title field"), "Duplicate video alert"): Text 'Duplicate video alert' is set on object 'Object Repository/Pop-up Alerts page/Search by title field'

05-03-2024T17:46:32 - [MESSAGE][PASSED] - Text 'Duplicate video alert' is set on object 'Object Repository/Pop-up Alerts page/Search by title field'

05-03-2024T17:46:32 - [TEST_STEP][PASSED] - waitForElementClickable(findTestObject("Create Pop-up Alert Page/sent alerts checkbox"), 2): Object 'Object Repository/Create Pop-up Alert Page/sent alerts checkbox' is clickable

05-03-2024T17:46:32 - [MESSAGE][PASSED] - Object 'Object Repository/Create Pop-up Alert Page/sent alerts checkbox' is clickable

05-03-2024T17:46:32 - [TEST_STEP][PASSED] - check(findTestObject("Create Pop-up Alert Page/sent alerts checkbox")): Object 'Object Repository/Create Pop-up Alert Page/sent alerts checkbox' is checked

05-03-2024T17:46:33 - [MESSAGE][PASSED] - Object 'Object Repository/Create Pop-up Alert Page/sent alerts checkbox' is checked

05-03-2024T17:46:33 - [TEST_STEP][PASSED] - verifyElementChecked(findTestObject("Create Pop-up Alert Page/sent alerts checkbox"), 2): Object 'Object Repository/Create Pop-up Alert Page/sent alerts checkbox' is checked

05-03-2024T17:46:34 - [MESSAGE][PASSED] - Object 'Object Repository/Create Pop-up Alert Page/sent alerts checkbox' is checked

05-03-2024T17:46:34 - [TEST_STEP][PASSED] - click(findTestObject("Pop-up Alerts page/delete all")): Object: 'Object Repository/Pop-up Alerts page/delete all' is clicked on

05-03-2024T17:46:34 - [MESSAGE][PASSED] - Object: 'Object Repository/Pop-up Alerts page/delete all' is clicked on

05-03-2024T17:46:34 - [TEST_STEP][PASSED] - click(findTestObject("Pop-up Alerts page/Confirm deletion btn")): Object: 'Object Repository/Pop-up Alerts page/Confirm deletion btn' is clicked on

05-03-2024T17:46:35 - [MESSAGE][PASSED] - Object: 'Object Repository/Pop-up Alerts page/Confirm deletion btn' is clicked on]]></system-out>
         <system-err><![CDATA[]]></system-err>
      </testcase>
      <testcase name="Test Cases/Video Alerts/Send Video Alert with AVI (TC-44)" time="35.19" classname="Test Cases/Video Alerts/Send Video Alert with AVI (TC-44)" status="PASSED">
         <system-out><![CDATA[05-03-2024T17:46:37 - [TEST_CASE][PASSED] - Test Cases/Video Alerts/Send Video Alert with AVI (TC-44): Test Cases/Video Alerts/Send Video Alert with AVI (TC-44)

05-03-2024T17:46:37 - [TEST_STEP][PASSED] - click(findTestObject("Pop-up Alerts page/New alert button")): Object: 'Object Repository/Pop-up Alerts page/New alert button' is clicked on

05-03-2024T17:46:37 - [MESSAGE][PASSED] - Object: 'Object Repository/Pop-up Alerts page/New alert button' is clicked on

05-03-2024T17:46:37 - [TEST_STEP][PASSED] - verifyElementText(findTestObject("Wallpapers/Create Wallpaper Header"), "Create Video Alert"): Actual text and expected text of test object 'Object Repository/Wallpapers/Create Wallpaper Header' are matched.

05-03-2024T17:46:40 - [MESSAGE][PASSED] - Actual text and expected text of test object 'Object Repository/Wallpapers/Create Wallpaper Header' are matched.

05-03-2024T17:46:40 - [TEST_STEP][PASSED] - click(findTestObject("Video Alert/Videoalert more btn")): Object: 'Object Repository/Video Alert/Videoalert more btn' is clicked on

05-03-2024T17:46:41 - [MESSAGE][PASSED] - Object: 'Object Repository/Video Alert/Videoalert more btn' is clicked on

05-03-2024T17:46:41 - [TEST_STEP][PASSED] - callTestCase(findTestCase("Built-in test cases/Choose recipients"), [:], STOP_ON_FAILURE): Call Test Case 'Test Cases/Built-in test cases/Choose recipients' successfully

05-03-2024T17:46:41 - [TEST_CASE][PASSED] - Test Cases/Built-in test cases/Choose recipients: Test Cases/Built-in test cases/Choose recipients

05-03-2024T17:46:41 - [TEST_STEP][PASSED] - click(findTestObject("Create Pop-up Alert Page/Choose recipients modal window/Filter field")): Object: 'Object Repository/Create Pop-up Alert Page/Choose recipients modal window/Filter field' is clicked on

05-03-2024T17:46:42 - [MESSAGE][PASSED] - Object: 'Object Repository/Create Pop-up Alert Page/Choose recipients modal window/Filter field' is clicked on

05-03-2024T17:46:42 - [TEST_STEP][PASSED] - setText(findTestObject("Create Pop-up Alert Page/Choose recipients modal window/Filter field"), "LAPTOP-E6BU4LL9"): Text 'LAPTOP-E6BU4LL9' is set on object 'Object Repository/Create Pop-up Alert Page/Choose recipients modal window/Filter field'

05-03-2024T17:46:43 - [MESSAGE][PASSED] - Text 'LAPTOP-E6BU4LL9' is set on object 'Object Repository/Create Pop-up Alert Page/Choose recipients modal window/Filter field'

05-03-2024T17:46:43 - [TEST_STEP][PASSED] - verifyElementText(findTestObject("Create Pop-up Alert Page/Choose recipients modal window/All user list-filtered"), "LAPTOP-E6BU4LL9 "): Actual text and expected text of test object 'Object Repository/Create Pop-up Alert Page/Choose recipients modal window/All user list-filtered' are matched.

05-03-2024T17:46:45 - [MESSAGE][PASSED] - Actual text and expected text of test object 'Object Repository/Create Pop-up Alert Page/Choose recipients modal window/All user list-filtered' are matched.

05-03-2024T17:46:45 - [TEST_STEP][PASSED] - click(findTestObject("Create Pop-up Alert Page/Choose recipients modal window/filtered user selection")): Object: 'Object Repository/Create Pop-up Alert Page/Choose recipients modal window/filtered user selection' is clicked on

05-03-2024T17:46:45 - [MESSAGE][PASSED] - Object: 'Object Repository/Create Pop-up Alert Page/Choose recipients modal window/filtered user selection' is clicked on

05-03-2024T17:46:45 - [TEST_STEP][PASSED] - click(findTestObject("Create Pop-up Alert Page/Choose recipients modal window/Filter field")): Object: 'Object Repository/Create Pop-up Alert Page/Choose recipients modal window/Filter field' is clicked on

05-03-2024T17:46:45 - [MESSAGE][PASSED] - Object: 'Object Repository/Create Pop-up Alert Page/Choose recipients modal window/Filter field' is clicked on

05-03-2024T17:46:45 - [TEST_STEP][PASSED] - sendKeys(findTestObject("Create Pop-up Alert Page/Choose recipients modal window/Filter field"), Keys.chord(CONTROL, "a", BACK_SPACE)): Keys 'CONTROL + BACK_SPACE + a' sent to object: 'Object Repository/Create Pop-up Alert Page/Choose recipients modal window/Filter field'

05-03-2024T17:46:46 - [MESSAGE][PASSED] - Keys 'CONTROL + BACK_SPACE + a' sent to object: 'Object Repository/Create Pop-up Alert Page/Choose recipients modal window/Filter field'

05-03-2024T17:46:46 - [TEST_STEP][PASSED] - setText(findTestObject("Create Pop-up Alert Page/Choose recipients modal window/Filter field"), "DESKTOP-9UH6GK7"): Text 'DESKTOP-9UH6GK7' is set on object 'Object Repository/Create Pop-up Alert Page/Choose recipients modal window/Filter field'

05-03-2024T17:46:47 - [MESSAGE][PASSED] - Text 'DESKTOP-9UH6GK7' is set on object 'Object Repository/Create Pop-up Alert Page/Choose recipients modal window/Filter field'

05-03-2024T17:46:47 - [TEST_STEP][PASSED] - verifyElementText(findTestObject("Create Pop-up Alert Page/Choose recipients modal window/All user list-filtered"), "DESKTOP-9UH6GK7 "): Actual text and expected text of test object 'Object Repository/Create Pop-up Alert Page/Choose recipients modal window/All user list-filtered' are matched.

05-03-2024T17:46:48 - [MESSAGE][PASSED] - Actual text and expected text of test object 'Object Repository/Create Pop-up Alert Page/Choose recipients modal window/All user list-filtered' are matched.

05-03-2024T17:46:48 - [TEST_STEP][PASSED] - click(findTestObject("Create Pop-up Alert Page/Choose recipients modal window/filtered user selection")): Object: 'Object Repository/Create Pop-up Alert Page/Choose recipients modal window/filtered user selection' is clicked on

05-03-2024T17:46:49 - [MESSAGE][PASSED] - Object: 'Object Repository/Create Pop-up Alert Page/Choose recipients modal window/filtered user selection' is clicked on

05-03-2024T17:46:49 - [TEST_STEP][PASSED] - click(findTestObject("Wallpapers/Done")): Object: 'Object Repository/Wallpapers/Done' is clicked on

05-03-2024T17:46:49 - [MESSAGE][PASSED] - Object: 'Object Repository/Wallpapers/Done' is clicked on

05-03-2024T17:46:49 - [MESSAGE][PASSED] - Call Test Case 'Test Cases/Built-in test cases/Choose recipients' successfully

05-03-2024T17:46:49 - [TEST_STEP][PASSED] - setText(findTestObject("Create Pop-up Alert Page/Alert Title field"), "TC-44"): Text 'TC-44' is set on object 'Object Repository/Create Pop-up Alert Page/Alert Title field'

05-03-2024T17:46:50 - [MESSAGE][PASSED] - Text 'TC-44' is set on object 'Object Repository/Create Pop-up Alert Page/Alert Title field'

05-03-2024T17:46:50 - [TEST_STEP][PASSED] - verifyElementPresent(findTestObject("Video Alert/Videoalert upload area"), 2): Object 'Object Repository/Video Alert/Videoalert upload area' is present

05-03-2024T17:46:50 - [MESSAGE][PASSED] - Object 'Object Repository/Video Alert/Videoalert upload area' is present

05-03-2024T17:46:50 - [TEST_STEP][PASSED] - uploadFileWithDragAndDrop(findTestObject("Video Alert/Videoalert upload area"), "C:\Users\Home\git\Katalon\video\earth.avi"): null

05-03-2024T17:46:51 - [TEST_STEP][PASSED] - delay(5): Delayed 5 second(s)

05-03-2024T17:46:56 - [MESSAGE][PASSED] - Delayed 5 second(s)

05-03-2024T17:46:56 - [TEST_STEP][PASSED] - getAttribute(findTestObject("Video alerts/uploaded video file"), "src"): Attribute 'src' of object 'Object Repository/Video alerts/uploaded video file' is: 'null'

05-03-2024T17:47:05 - [MESSAGE][PASSED] - Attribute 'src' of object 'Object Repository/Video alerts/uploaded video file' is: 'null'

05-03-2024T17:47:05 - [TEST_STEP][PASSED] - click(findTestObject("Video alerts/Video alert description")): Object: 'Object Repository/Video alerts/Video alert description' is clicked on

05-03-2024T17:47:05 - [MESSAGE][PASSED] - Object: 'Object Repository/Video alerts/Video alert description' is clicked on

05-03-2024T17:47:05 - [TEST_STEP][PASSED] - setText(findTestObject("Video alerts/Video alert description"), "Hello! This is automated AVI video alert from Katalon"): Text 'Hello! This is automated AVI video alert from Katalon' is set on object 'Object Repository/Video alerts/Video alert description'

05-03-2024T17:47:07 - [MESSAGE][PASSED] - Text 'Hello! This is automated AVI video alert from Katalon' is set on object 'Object Repository/Video alerts/Video alert description'

05-03-2024T17:47:07 - [TEST_STEP][PASSED] - click(findTestObject("Wallpapers/Send wallpaper button")): Object: 'Object Repository/Wallpapers/Send wallpaper button' is clicked on

05-03-2024T17:47:07 - [MESSAGE][PASSED] - Object: 'Object Repository/Wallpapers/Send wallpaper button' is clicked on

05-03-2024T17:47:07 - [TEST_STEP][PASSED] - waitForPageLoad(2): Wait for page load successfully

05-03-2024T17:47:07 - [MESSAGE][PASSED] - Wait for page load successfully

05-03-2024T17:47:07 - [TEST_STEP][PASSED] - setText(findTestObject("Pop-up Alerts page/Search by title field"), "TC-44"): Text 'TC-44' is set on object 'Object Repository/Pop-up Alerts page/Search by title field'

05-03-2024T17:47:10 - [MESSAGE][PASSED] - Text 'TC-44' is set on object 'Object Repository/Pop-up Alerts page/Search by title field'

05-03-2024T17:47:10 - [TEST_STEP][PASSED] - verifyElementText(findTestObject("Pop-up Alerts page/Filtered sent alert"), "TC-44"): Actual text and expected text of test object 'Object Repository/Pop-up Alerts page/Filtered sent alert' are matched.

05-03-2024T17:47:10 - [MESSAGE][PASSED] - Actual text and expected text of test object 'Object Repository/Pop-up Alerts page/Filtered sent alert' are matched.]]></system-out>
         <system-err><![CDATA[]]></system-err>
      </testcase>
      <testcase name="Test Cases/Video Alerts/Send Video Alert with WMV (TC-45)" time="25.538" classname="Test Cases/Video Alerts/Send Video Alert with WMV (TC-45)" status="PASSED">
         <system-out><![CDATA[05-03-2024T17:47:12 - [TEST_CASE][PASSED] - Test Cases/Video Alerts/Send Video Alert with WMV (TC-45): Test Cases/Video Alerts/Send Video Alert with WMV (TC-45)

05-03-2024T17:47:12 - [TEST_STEP][PASSED] - click(findTestObject("Dashboard Page/Compose alert button expansion")): Object: 'Object Repository/Dashboard Page/Compose alert button expansion' is clicked on

05-03-2024T17:47:12 - [MESSAGE][PASSED] - Object: 'Object Repository/Dashboard Page/Compose alert button expansion' is clicked on

05-03-2024T17:47:12 - [TEST_STEP][PASSED] - click(findTestObject("Dashboard Page/Video Alerts")): Object: 'Object Repository/Dashboard Page/Video Alerts' is clicked on

05-03-2024T17:47:13 - [MESSAGE][PASSED] - Object: 'Object Repository/Dashboard Page/Video Alerts' is clicked on

05-03-2024T17:47:13 - [TEST_STEP][PASSED] - verifyElementText(findTestObject("Wallpapers/Create Wallpaper Header"), "Create Video Alert"): Actual text and expected text of test object 'Object Repository/Wallpapers/Create Wallpaper Header' are matched.

05-03-2024T17:47:16 - [MESSAGE][PASSED] - Actual text and expected text of test object 'Object Repository/Wallpapers/Create Wallpaper Header' are matched.

05-03-2024T17:47:16 - [TEST_STEP][PASSED] - click(findTestObject("Video Alert/Videoalert more btn")): Object: 'Object Repository/Video Alert/Videoalert more btn' is clicked on

05-03-2024T17:47:16 - [MESSAGE][PASSED] - Object: 'Object Repository/Video Alert/Videoalert more btn' is clicked on

05-03-2024T17:47:16 - [TEST_STEP][PASSED] - callTestCase(findTestCase("Built-in test cases/Choose recipients"), [:], STOP_ON_FAILURE): Call Test Case 'Test Cases/Built-in test cases/Choose recipients' successfully

05-03-2024T17:47:16 - [TEST_CASE][PASSED] - Test Cases/Built-in test cases/Choose recipients: Test Cases/Built-in test cases/Choose recipients

05-03-2024T17:47:16 - [TEST_STEP][PASSED] - click(findTestObject("Create Pop-up Alert Page/Choose recipients modal window/Filter field")): Object: 'Object Repository/Create Pop-up Alert Page/Choose recipients modal window/Filter field' is clicked on

05-03-2024T17:47:17 - [MESSAGE][PASSED] - Object: 'Object Repository/Create Pop-up Alert Page/Choose recipients modal window/Filter field' is clicked on

05-03-2024T17:47:17 - [TEST_STEP][PASSED] - setText(findTestObject("Create Pop-up Alert Page/Choose recipients modal window/Filter field"), "LAPTOP-E6BU4LL9"): Text 'LAPTOP-E6BU4LL9' is set on object 'Object Repository/Create Pop-up Alert Page/Choose recipients modal window/Filter field'

05-03-2024T17:47:18 - [MESSAGE][PASSED] - Text 'LAPTOP-E6BU4LL9' is set on object 'Object Repository/Create Pop-up Alert Page/Choose recipients modal window/Filter field'

05-03-2024T17:47:18 - [TEST_STEP][PASSED] - verifyElementText(findTestObject("Create Pop-up Alert Page/Choose recipients modal window/All user list-filtered"), "LAPTOP-E6BU4LL9 "): Actual text and expected text of test object 'Object Repository/Create Pop-up Alert Page/Choose recipients modal window/All user list-filtered' are matched.

05-03-2024T17:47:20 - [MESSAGE][PASSED] - Actual text and expected text of test object 'Object Repository/Create Pop-up Alert Page/Choose recipients modal window/All user list-filtered' are matched.

05-03-2024T17:47:20 - [TEST_STEP][PASSED] - click(findTestObject("Create Pop-up Alert Page/Choose recipients modal window/filtered user selection")): Object: 'Object Repository/Create Pop-up Alert Page/Choose recipients modal window/filtered user selection' is clicked on

05-03-2024T17:47:20 - [MESSAGE][PASSED] - Object: 'Object Repository/Create Pop-up Alert Page/Choose recipients modal window/filtered user selection' is clicked on

05-03-2024T17:47:20 - [TEST_STEP][PASSED] - click(findTestObject("Create Pop-up Alert Page/Choose recipients modal window/Filter field")): Object: 'Object Repository/Create Pop-up Alert Page/Choose recipients modal window/Filter field' is clicked on

05-03-2024T17:47:20 - [MESSAGE][PASSED] - Object: 'Object Repository/Create Pop-up Alert Page/Choose recipients modal window/Filter field' is clicked on

05-03-2024T17:47:20 - [TEST_STEP][PASSED] - sendKeys(findTestObject("Create Pop-up Alert Page/Choose recipients modal window/Filter field"), Keys.chord(CONTROL, "a", BACK_SPACE)): Keys 'CONTROL + BACK_SPACE + a' sent to object: 'Object Repository/Create Pop-up Alert Page/Choose recipients modal window/Filter field'

05-03-2024T17:47:21 - [MESSAGE][PASSED] - Keys 'CONTROL + BACK_SPACE + a' sent to object: 'Object Repository/Create Pop-up Alert Page/Choose recipients modal window/Filter field'

05-03-2024T17:47:21 - [TEST_STEP][PASSED] - setText(findTestObject("Create Pop-up Alert Page/Choose recipients modal window/Filter field"), "DESKTOP-9UH6GK7"): Text 'DESKTOP-9UH6GK7' is set on object 'Object Repository/Create Pop-up Alert Page/Choose recipients modal window/Filter field'

05-03-2024T17:47:22 - [MESSAGE][PASSED] - Text 'DESKTOP-9UH6GK7' is set on object 'Object Repository/Create Pop-up Alert Page/Choose recipients modal window/Filter field'

05-03-2024T17:47:22 - [TEST_STEP][PASSED] - verifyElementText(findTestObject("Create Pop-up Alert Page/Choose recipients modal window/All user list-filtered"), "DESKTOP-9UH6GK7 "): Actual text and expected text of test object 'Object Repository/Create Pop-up Alert Page/Choose recipients modal window/All user list-filtered' are matched.

05-03-2024T17:47:23 - [MESSAGE][PASSED] - Actual text and expected text of test object 'Object Repository/Create Pop-up Alert Page/Choose recipients modal window/All user list-filtered' are matched.

05-03-2024T17:47:23 - [TEST_STEP][PASSED] - click(findTestObject("Create Pop-up Alert Page/Choose recipients modal window/filtered user selection")): Object: 'Object Repository/Create Pop-up Alert Page/Choose recipients modal window/filtered user selection' is clicked on

05-03-2024T17:47:24 - [MESSAGE][PASSED] - Object: 'Object Repository/Create Pop-up Alert Page/Choose recipients modal window/filtered user selection' is clicked on

05-03-2024T17:47:24 - [TEST_STEP][PASSED] - click(findTestObject("Wallpapers/Done")): Object: 'Object Repository/Wallpapers/Done' is clicked on

05-03-2024T17:47:24 - [MESSAGE][PASSED] - Object: 'Object Repository/Wallpapers/Done' is clicked on

05-03-2024T17:47:24 - [MESSAGE][PASSED] - Call Test Case 'Test Cases/Built-in test cases/Choose recipients' successfully

05-03-2024T17:47:24 - [TEST_STEP][PASSED] - setText(findTestObject("Create Pop-up Alert Page/Alert Title field"), "TC-45"): Text 'TC-45' is set on object 'Object Repository/Create Pop-up Alert Page/Alert Title field'

05-03-2024T17:47:25 - [MESSAGE][PASSED] - Text 'TC-45' is set on object 'Object Repository/Create Pop-up Alert Page/Alert Title field'

05-03-2024T17:47:25 - [TEST_STEP][PASSED] - verifyElementPresent(findTestObject("Video Alert/Videoalert upload area"), 2): Object 'Object Repository/Video Alert/Videoalert upload area' is present

05-03-2024T17:47:25 - [MESSAGE][PASSED] - Object 'Object Repository/Video Alert/Videoalert upload area' is present

05-03-2024T17:47:25 - [TEST_STEP][PASSED] - uploadFileWithDragAndDrop(findTestObject("Video Alert/Videoalert upload area"), "C:\Users\Home\git\Katalon\video\seaside.wmv"): null

05-03-2024T17:47:26 - [TEST_STEP][PASSED] - delay(5): Delayed 5 second(s)

05-03-2024T17:47:31 - [MESSAGE][PASSED] - Delayed 5 second(s)

05-03-2024T17:47:31 - [TEST_STEP][PASSED] - getAttribute(findTestObject("Video alerts/uploaded video file"), "src"): Attribute 'src' of object 'Object Repository/Video alerts/uploaded video file' is: 'null'

05-03-2024T17:47:31 - [MESSAGE][PASSED] - Attribute 'src' of object 'Object Repository/Video alerts/uploaded video file' is: 'null'

05-03-2024T17:47:31 - [TEST_STEP][PASSED] - click(findTestObject("Video alerts/Video alert description")): Object: 'Object Repository/Video alerts/Video alert description' is clicked on

05-03-2024T17:47:31 - [MESSAGE][PASSED] - Object: 'Object Repository/Video alerts/Video alert description' is clicked on

05-03-2024T17:47:31 - [TEST_STEP][PASSED] - setText(findTestObject("Video alerts/Video alert description"), "Hello! This is automated WMV video alert from Katalon"): Text 'Hello! This is automated WMV video alert from Katalon' is set on object 'Object Repository/Video alerts/Video alert description'

05-03-2024T17:47:33 - [MESSAGE][PASSED] - Text 'Hello! This is automated WMV video alert from Katalon' is set on object 'Object Repository/Video alerts/Video alert description'

05-03-2024T17:47:33 - [TEST_STEP][PASSED] - click(findTestObject("Wallpapers/Send wallpaper button")): Object: 'Object Repository/Wallpapers/Send wallpaper button' is clicked on

05-03-2024T17:47:33 - [MESSAGE][PASSED] - Object: 'Object Repository/Wallpapers/Send wallpaper button' is clicked on

05-03-2024T17:47:33 - [TEST_STEP][PASSED] - waitForPageLoad(2): Wait for page load successfully

05-03-2024T17:47:33 - [MESSAGE][PASSED] - Wait for page load successfully

05-03-2024T17:47:33 - [TEST_STEP][PASSED] - setText(findTestObject("Pop-up Alerts page/Search by title field"), "TC-45"): Text 'TC-45' is set on object 'Object Repository/Pop-up Alerts page/Search by title field'

05-03-2024T17:47:35 - [MESSAGE][PASSED] - Text 'TC-45' is set on object 'Object Repository/Pop-up Alerts page/Search by title field'

05-03-2024T17:47:35 - [TEST_STEP][PASSED] - verifyElementText(findTestObject("Pop-up Alerts page/Filtered sent alert"), "TC-45"): Actual text and expected text of test object 'Object Repository/Pop-up Alerts page/Filtered sent alert' are matched.

05-03-2024T17:47:35 - [MESSAGE][PASSED] - Actual text and expected text of test object 'Object Repository/Pop-up Alerts page/Filtered sent alert' are matched.]]></system-out>
         <system-err><![CDATA[]]></system-err>
      </testcase>
      <testcase name="Test Cases/Video Alerts/Send Video Alert with video from the server (TC-46)" time="33.858" classname="Test Cases/Video Alerts/Send Video Alert with video from the server (TC-46)" status="PASSED">
         <system-out><![CDATA[05-03-2024T17:48:32 - [TEST_CASE][PASSED] - Test Cases/Video Alerts/Send Video Alert with video from the server (TC-46): Test Cases/Video Alerts/Send Video Alert with video from the server (TC-46)

05-03-2024T17:48:32 - [TEST_STEP][PASSED] - click(findTestObject("Dashboard Page/Compose alert button expansion")): Object: 'Object Repository/Dashboard Page/Compose alert button expansion' is clicked on

05-03-2024T17:48:32 - [MESSAGE][PASSED] - Object: 'Object Repository/Dashboard Page/Compose alert button expansion' is clicked on

05-03-2024T17:48:32 - [TEST_STEP][PASSED] - click(findTestObject("Dashboard Page/Video Alerts")): Object: 'Object Repository/Dashboard Page/Video Alerts' is clicked on

05-03-2024T17:48:32 - [MESSAGE][PASSED] - Object: 'Object Repository/Dashboard Page/Video Alerts' is clicked on

05-03-2024T17:48:32 - [TEST_STEP][PASSED] - verifyElementText(findTestObject("Wallpapers/Create Wallpaper Header"), "Create Video Alert"): Actual text and expected text of test object 'Object Repository/Wallpapers/Create Wallpaper Header' are matched.

05-03-2024T17:48:33 - [MESSAGE][PASSED] - Actual text and expected text of test object 'Object Repository/Wallpapers/Create Wallpaper Header' are matched.

05-03-2024T17:48:33 - [TEST_STEP][PASSED] - click(findTestObject("Video Alert/Videoalert more btn")): Object: 'Object Repository/Video Alert/Videoalert more btn' is clicked on

05-03-2024T17:48:34 - [MESSAGE][PASSED] - Object: 'Object Repository/Video Alert/Videoalert more btn' is clicked on

05-03-2024T17:48:34 - [TEST_STEP][PASSED] - callTestCase(findTestCase("Built-in test cases/Choose recipients"), [:], STOP_ON_FAILURE): Call Test Case 'Test Cases/Built-in test cases/Choose recipients' successfully

05-03-2024T17:48:34 - [TEST_CASE][PASSED] - Test Cases/Built-in test cases/Choose recipients: Test Cases/Built-in test cases/Choose recipients

05-03-2024T17:48:34 - [TEST_STEP][PASSED] - click(findTestObject("Create Pop-up Alert Page/Choose recipients modal window/Filter field")): Object: 'Object Repository/Create Pop-up Alert Page/Choose recipients modal window/Filter field' is clicked on

05-03-2024T17:48:34 - [MESSAGE][PASSED] - Object: 'Object Repository/Create Pop-up Alert Page/Choose recipients modal window/Filter field' is clicked on

05-03-2024T17:48:34 - [TEST_STEP][PASSED] - setText(findTestObject("Create Pop-up Alert Page/Choose recipients modal window/Filter field"), "LAPTOP-E6BU4LL9"): Text 'LAPTOP-E6BU4LL9' is set on object 'Object Repository/Create Pop-up Alert Page/Choose recipients modal window/Filter field'

05-03-2024T17:48:35 - [MESSAGE][PASSED] - Text 'LAPTOP-E6BU4LL9' is set on object 'Object Repository/Create Pop-up Alert Page/Choose recipients modal window/Filter field'

05-03-2024T17:48:35 - [TEST_STEP][PASSED] - verifyElementText(findTestObject("Create Pop-up Alert Page/Choose recipients modal window/All user list-filtered"), "LAPTOP-E6BU4LL9 "): Actual text and expected text of test object 'Object Repository/Create Pop-up Alert Page/Choose recipients modal window/All user list-filtered' are matched.

05-03-2024T17:48:37 - [MESSAGE][PASSED] - Actual text and expected text of test object 'Object Repository/Create Pop-up Alert Page/Choose recipients modal window/All user list-filtered' are matched.

05-03-2024T17:48:37 - [TEST_STEP][PASSED] - click(findTestObject("Create Pop-up Alert Page/Choose recipients modal window/filtered user selection")): Object: 'Object Repository/Create Pop-up Alert Page/Choose recipients modal window/filtered user selection' is clicked on

05-03-2024T17:48:37 - [MESSAGE][PASSED] - Object: 'Object Repository/Create Pop-up Alert Page/Choose recipients modal window/filtered user selection' is clicked on

05-03-2024T17:48:37 - [TEST_STEP][PASSED] - click(findTestObject("Create Pop-up Alert Page/Choose recipients modal window/Filter field")): Object: 'Object Repository/Create Pop-up Alert Page/Choose recipients modal window/Filter field' is clicked on

05-03-2024T17:48:38 - [MESSAGE][PASSED] - Object: 'Object Repository/Create Pop-up Alert Page/Choose recipients modal window/Filter field' is clicked on

05-03-2024T17:48:38 - [TEST_STEP][PASSED] - sendKeys(findTestObject("Create Pop-up Alert Page/Choose recipients modal window/Filter field"), Keys.chord(CONTROL, "a", BACK_SPACE)): Keys 'CONTROL + BACK_SPACE + a' sent to object: 'Object Repository/Create Pop-up Alert Page/Choose recipients modal window/Filter field'

05-03-2024T17:48:38 - [MESSAGE][PASSED] - Keys 'CONTROL + BACK_SPACE + a' sent to object: 'Object Repository/Create Pop-up Alert Page/Choose recipients modal window/Filter field'

05-03-2024T17:48:38 - [TEST_STEP][PASSED] - setText(findTestObject("Create Pop-up Alert Page/Choose recipients modal window/Filter field"), "DESKTOP-9UH6GK7"): Text 'DESKTOP-9UH6GK7' is set on object 'Object Repository/Create Pop-up Alert Page/Choose recipients modal window/Filter field'

05-03-2024T17:48:39 - [MESSAGE][PASSED] - Text 'DESKTOP-9UH6GK7' is set on object 'Object Repository/Create Pop-up Alert Page/Choose recipients modal window/Filter field'

05-03-2024T17:48:39 - [TEST_STEP][PASSED] - verifyElementText(findTestObject("Create Pop-up Alert Page/Choose recipients modal window/All user list-filtered"), "DESKTOP-9UH6GK7 "): Actual text and expected text of test object 'Object Repository/Create Pop-up Alert Page/Choose recipients modal window/All user list-filtered' are matched.

05-03-2024T17:48:41 - [MESSAGE][PASSED] - Actual text and expected text of test object 'Object Repository/Create Pop-up Alert Page/Choose recipients modal window/All user list-filtered' are matched.

05-03-2024T17:48:41 - [TEST_STEP][PASSED] - click(findTestObject("Create Pop-up Alert Page/Choose recipients modal window/filtered user selection")): Object: 'Object Repository/Create Pop-up Alert Page/Choose recipients modal window/filtered user selection' is clicked on

05-03-2024T17:48:41 - [MESSAGE][PASSED] - Object: 'Object Repository/Create Pop-up Alert Page/Choose recipients modal window/filtered user selection' is clicked on

05-03-2024T17:48:41 - [TEST_STEP][PASSED] - click(findTestObject("Wallpapers/Done")): Object: 'Object Repository/Wallpapers/Done' is clicked on

05-03-2024T17:48:41 - [MESSAGE][PASSED] - Object: 'Object Repository/Wallpapers/Done' is clicked on

05-03-2024T17:48:41 - [MESSAGE][PASSED] - Call Test Case 'Test Cases/Built-in test cases/Choose recipients' successfully

05-03-2024T17:48:41 - [TEST_STEP][PASSED] - setText(findTestObject("Create Pop-up Alert Page/Alert Title field"), "TC-46"): Text 'TC-46' is set on object 'Object Repository/Create Pop-up Alert Page/Alert Title field'

05-03-2024T17:48:42 - [MESSAGE][PASSED] - Text 'TC-46' is set on object 'Object Repository/Create Pop-up Alert Page/Alert Title field'

05-03-2024T17:48:42 - [TEST_STEP][PASSED] - verifyElementPresent(findTestObject("Video Alert/Videoalert upload area"), 2): Object 'Object Repository/Video Alert/Videoalert upload area' is present

05-03-2024T17:48:43 - [MESSAGE][PASSED] - Object 'Object Repository/Video Alert/Videoalert upload area' is present

05-03-2024T17:48:43 - [TEST_STEP][PASSED] - click(findTestObject("Video Alert/Select video from the server")): Object: 'Object Repository/Video Alert/Select video from the server' is clicked on

05-03-2024T17:48:43 - [MESSAGE][PASSED] - Object: 'Object Repository/Video Alert/Select video from the server' is clicked on

05-03-2024T17:48:43 - [TEST_STEP][PASSED] - click(findTestObject("Wallpapers/Select image from server button")): Object: 'Object Repository/Wallpapers/Select image from server button' is clicked on

05-03-2024T17:48:44 - [MESSAGE][PASSED] - Object: 'Object Repository/Wallpapers/Select image from server button' is clicked on

05-03-2024T17:48:44 - [TEST_STEP][PASSED] - click(findTestObject("Video alerts/First video from the server")): Object: 'Object Repository/Video alerts/First video from the server' is clicked on

05-03-2024T17:48:45 - [MESSAGE][PASSED] - Object: 'Object Repository/Video alerts/First video from the server' is clicked on

05-03-2024T17:48:45 - [TEST_STEP][PASSED] - delay(1): Delayed 1 second(s)

05-03-2024T17:48:46 - [MESSAGE][PASSED] - Delayed 1 second(s)

05-03-2024T17:48:46 - [TEST_STEP][NOT_RUN] - getAttribute(findTestObject("Video alerts/uploaded video file"), "src"): NOT_RUN: getAttribute(findTestObject("Video alerts/uploaded video file"), "src")

05-03-2024T17:48:46 - [MESSAGE][NOT_RUN] - NOT_RUN: getAttribute(findTestObject("Video alerts/uploaded video file"), "src")

05-03-2024T17:48:46 - [TEST_STEP][PASSED] - click(findTestObject("Video alerts/Video alert description")): Object: 'Object Repository/Video alerts/Video alert description' is clicked on

05-03-2024T17:48:47 - [MESSAGE][PASSED] - Object: 'Object Repository/Video alerts/Video alert description' is clicked on

05-03-2024T17:48:47 - [TEST_STEP][PASSED] - setText(findTestObject("Video alerts/Video alert description"), "Hello! This is automated video alert from Katalon"): Text 'Hello! This is automated video alert from Katalon' is set on object 'Object Repository/Video alerts/Video alert description'

05-03-2024T17:48:48 - [MESSAGE][PASSED] - Text 'Hello! This is automated video alert from Katalon' is set on object 'Object Repository/Video alerts/Video alert description'

05-03-2024T17:48:48 - [TEST_STEP][PASSED] - click(findTestObject("Wallpapers/Send wallpaper button")): Object: 'Object Repository/Wallpapers/Send wallpaper button' is clicked on

05-03-2024T17:48:49 - [MESSAGE][PASSED] - Object: 'Object Repository/Wallpapers/Send wallpaper button' is clicked on

05-03-2024T17:48:49 - [TEST_STEP][PASSED] - waitForPageLoad(2): Wait for page load successfully

05-03-2024T17:48:49 - [MESSAGE][PASSED] - Wait for page load successfully

05-03-2024T17:48:49 - [TEST_STEP][PASSED] - setText(findTestObject("Pop-up Alerts page/Search by title field"), "TC-46"): Text 'TC-46' is set on object 'Object Repository/Pop-up Alerts page/Search by title field'

05-03-2024T17:49:03 - [MESSAGE][PASSED] - Text 'TC-46' is set on object 'Object Repository/Pop-up Alerts page/Search by title field'

05-03-2024T17:49:03 - [TEST_STEP][PASSED] - verifyElementText(findTestObject("Pop-up Alerts page/Filtered sent alert"), "TC-46"): Actual text and expected text of test object 'Object Repository/Pop-up Alerts page/Filtered sent alert' are matched.

05-03-2024T17:49:03 - [MESSAGE][PASSED] - Actual text and expected text of test object 'Object Repository/Pop-up Alerts page/Filtered sent alert' are matched.]]></system-out>
         <system-err><![CDATA[]]></system-err>
      </testcase>
      <testcase name="Test Cases/Video Alerts/Draft Video Alert (TC-47)" time="34.261" classname="Test Cases/Video Alerts/Draft Video Alert (TC-47)" status="PASSED">
         <system-out><![CDATA[05-03-2024T17:49:05 - [TEST_CASE][PASSED] - Test Cases/Video Alerts/Draft Video Alert (TC-47): Test Cases/Video Alerts/Draft Video Alert (TC-47)

05-03-2024T17:49:05 - [TEST_STEP][PASSED] - click(findTestObject("Dashboard Page/Compose alert button expansion")): Object: 'Object Repository/Dashboard Page/Compose alert button expansion' is clicked on

05-03-2024T17:49:06 - [MESSAGE][PASSED] - Object: 'Object Repository/Dashboard Page/Compose alert button expansion' is clicked on

05-03-2024T17:49:06 - [TEST_STEP][PASSED] - click(findTestObject("Dashboard Page/Video Alerts")): Object: 'Object Repository/Dashboard Page/Video Alerts' is clicked on

05-03-2024T17:49:06 - [MESSAGE][PASSED] - Object: 'Object Repository/Dashboard Page/Video Alerts' is clicked on

05-03-2024T17:49:06 - [TEST_STEP][PASSED] - verifyElementText(findTestObject("Wallpapers/Create Wallpaper Header"), "Create Video Alert"): Actual text and expected text of test object 'Object Repository/Wallpapers/Create Wallpaper Header' are matched.

05-03-2024T17:49:09 - [MESSAGE][PASSED] - Actual text and expected text of test object 'Object Repository/Wallpapers/Create Wallpaper Header' are matched.

05-03-2024T17:49:09 - [TEST_STEP][PASSED] - click(findTestObject("Video Alert/Videoalert more btn")): Object: 'Object Repository/Video Alert/Videoalert more btn' is clicked on

05-03-2024T17:49:10 - [MESSAGE][PASSED] - Object: 'Object Repository/Video Alert/Videoalert more btn' is clicked on

05-03-2024T17:49:10 - [TEST_STEP][PASSED] - callTestCase(findTestCase("Built-in test cases/Choose recipients"), [:], STOP_ON_FAILURE): Call Test Case 'Test Cases/Built-in test cases/Choose recipients' successfully

05-03-2024T17:49:10 - [TEST_CASE][PASSED] - Test Cases/Built-in test cases/Choose recipients: Test Cases/Built-in test cases/Choose recipients

05-03-2024T17:49:10 - [TEST_STEP][PASSED] - click(findTestObject("Create Pop-up Alert Page/Choose recipients modal window/Filter field")): Object: 'Object Repository/Create Pop-up Alert Page/Choose recipients modal window/Filter field' is clicked on

05-03-2024T17:49:10 - [MESSAGE][PASSED] - Object: 'Object Repository/Create Pop-up Alert Page/Choose recipients modal window/Filter field' is clicked on

05-03-2024T17:49:10 - [TEST_STEP][PASSED] - setText(findTestObject("Create Pop-up Alert Page/Choose recipients modal window/Filter field"), "LAPTOP-E6BU4LL9"): Text 'LAPTOP-E6BU4LL9' is set on object 'Object Repository/Create Pop-up Alert Page/Choose recipients modal window/Filter field'

05-03-2024T17:49:12 - [MESSAGE][PASSED] - Text 'LAPTOP-E6BU4LL9' is set on object 'Object Repository/Create Pop-up Alert Page/Choose recipients modal window/Filter field'

05-03-2024T17:49:12 - [TEST_STEP][PASSED] - verifyElementText(findTestObject("Create Pop-up Alert Page/Choose recipients modal window/All user list-filtered"), "LAPTOP-E6BU4LL9 "): Actual text and expected text of test object 'Object Repository/Create Pop-up Alert Page/Choose recipients modal window/All user list-filtered' are matched.

05-03-2024T17:49:13 - [MESSAGE][PASSED] - Actual text and expected text of test object 'Object Repository/Create Pop-up Alert Page/Choose recipients modal window/All user list-filtered' are matched.

05-03-2024T17:49:13 - [TEST_STEP][PASSED] - click(findTestObject("Create Pop-up Alert Page/Choose recipients modal window/filtered user selection")): Object: 'Object Repository/Create Pop-up Alert Page/Choose recipients modal window/filtered user selection' is clicked on

05-03-2024T17:49:14 - [MESSAGE][PASSED] - Object: 'Object Repository/Create Pop-up Alert Page/Choose recipients modal window/filtered user selection' is clicked on

05-03-2024T17:49:14 - [TEST_STEP][PASSED] - click(findTestObject("Create Pop-up Alert Page/Choose recipients modal window/Filter field")): Object: 'Object Repository/Create Pop-up Alert Page/Choose recipients modal window/Filter field' is clicked on

05-03-2024T17:49:14 - [MESSAGE][PASSED] - Object: 'Object Repository/Create Pop-up Alert Page/Choose recipients modal window/Filter field' is clicked on

05-03-2024T17:49:14 - [TEST_STEP][PASSED] - sendKeys(findTestObject("Create Pop-up Alert Page/Choose recipients modal window/Filter field"), Keys.chord(CONTROL, "a", BACK_SPACE)): Keys 'CONTROL + BACK_SPACE + a' sent to object: 'Object Repository/Create Pop-up Alert Page/Choose recipients modal window/Filter field'

05-03-2024T17:49:14 - [MESSAGE][PASSED] - Keys 'CONTROL + BACK_SPACE + a' sent to object: 'Object Repository/Create Pop-up Alert Page/Choose recipients modal window/Filter field'

05-03-2024T17:49:14 - [TEST_STEP][PASSED] - setText(findTestObject("Create Pop-up Alert Page/Choose recipients modal window/Filter field"), "DESKTOP-9UH6GK7"): Text 'DESKTOP-9UH6GK7' is set on object 'Object Repository/Create Pop-up Alert Page/Choose recipients modal window/Filter field'

05-03-2024T17:49:15 - [MESSAGE][PASSED] - Text 'DESKTOP-9UH6GK7' is set on object 'Object Repository/Create Pop-up Alert Page/Choose recipients modal window/Filter field'

05-03-2024T17:49:15 - [TEST_STEP][PASSED] - verifyElementText(findTestObject("Create Pop-up Alert Page/Choose recipients modal window/All user list-filtered"), "DESKTOP-9UH6GK7 "): Actual text and expected text of test object 'Object Repository/Create Pop-up Alert Page/Choose recipients modal window/All user list-filtered' are matched.

05-03-2024T17:49:17 - [MESSAGE][PASSED] - Actual text and expected text of test object 'Object Repository/Create Pop-up Alert Page/Choose recipients modal window/All user list-filtered' are matched.

05-03-2024T17:49:17 - [TEST_STEP][PASSED] - click(findTestObject("Create Pop-up Alert Page/Choose recipients modal window/filtered user selection")): Object: 'Object Repository/Create Pop-up Alert Page/Choose recipients modal window/filtered user selection' is clicked on

05-03-2024T17:49:17 - [MESSAGE][PASSED] - Object: 'Object Repository/Create Pop-up Alert Page/Choose recipients modal window/filtered user selection' is clicked on

05-03-2024T17:49:17 - [TEST_STEP][PASSED] - click(findTestObject("Wallpapers/Done")): Object: 'Object Repository/Wallpapers/Done' is clicked on

05-03-2024T17:49:18 - [MESSAGE][PASSED] - Object: 'Object Repository/Wallpapers/Done' is clicked on

05-03-2024T17:49:18 - [MESSAGE][PASSED] - Call Test Case 'Test Cases/Built-in test cases/Choose recipients' successfully

05-03-2024T17:49:18 - [TEST_STEP][PASSED] - setText(findTestObject("Create Pop-up Alert Page/Alert Title field"), "TC-47"): Text 'TC-47' is set on object 'Object Repository/Create Pop-up Alert Page/Alert Title field'

05-03-2024T17:49:19 - [MESSAGE][PASSED] - Text 'TC-47' is set on object 'Object Repository/Create Pop-up Alert Page/Alert Title field'

05-03-2024T17:49:19 - [TEST_STEP][PASSED] - verifyElementPresent(findTestObject("Video Alert/Videoalert upload area"), 2): Object 'Object Repository/Video Alert/Videoalert upload area' is present

05-03-2024T17:49:19 - [MESSAGE][PASSED] - Object 'Object Repository/Video Alert/Videoalert upload area' is present

05-03-2024T17:49:19 - [TEST_STEP][PASSED] - click(findTestObject("Video Alert/Select video from the server")): Object: 'Object Repository/Video Alert/Select video from the server' is clicked on

05-03-2024T17:49:19 - [MESSAGE][PASSED] - Object: 'Object Repository/Video Alert/Select video from the server' is clicked on

05-03-2024T17:49:19 - [TEST_STEP][PASSED] - click(findTestObject("Wallpapers/Select image from server button")): Object: 'Object Repository/Wallpapers/Select image from server button' is clicked on

05-03-2024T17:49:20 - [MESSAGE][PASSED] - Object: 'Object Repository/Wallpapers/Select image from server button' is clicked on

05-03-2024T17:49:20 - [TEST_STEP][PASSED] - click(findTestObject("Video alerts/First video from the server")): Object: 'Object Repository/Video alerts/First video from the server' is clicked on

05-03-2024T17:49:21 - [MESSAGE][PASSED] - Object: 'Object Repository/Video alerts/First video from the server' is clicked on

05-03-2024T17:49:21 - [TEST_STEP][PASSED] - delay(1): Delayed 1 second(s)

05-03-2024T17:49:22 - [MESSAGE][PASSED] - Delayed 1 second(s)

05-03-2024T17:49:22 - [TEST_STEP][PASSED] - click(findTestObject("Video alerts/Video alert description")): Object: 'Object Repository/Video alerts/Video alert description' is clicked on

05-03-2024T17:49:23 - [MESSAGE][PASSED] - Object: 'Object Repository/Video alerts/Video alert description' is clicked on

05-03-2024T17:49:23 - [TEST_STEP][PASSED] - setText(findTestObject("Video alerts/Video alert description"), "Hello! This is automated Draft video alert from Katalon"): Text 'Hello! This is automated Draft video alert from Katalon' is set on object 'Object Repository/Video alerts/Video alert description'

05-03-2024T17:49:24 - [MESSAGE][PASSED] - Text 'Hello! This is automated Draft video alert from Katalon' is set on object 'Object Repository/Video alerts/Video alert description'

05-03-2024T17:49:24 - [TEST_STEP][PASSED] - click(findTestObject("Wallpapers/Save wallpaper button")): Object: 'Object Repository/Wallpapers/Save wallpaper button' is clicked on

05-03-2024T17:49:25 - [MESSAGE][PASSED] - Object: 'Object Repository/Wallpapers/Save wallpaper button' is clicked on

05-03-2024T17:49:25 - [TEST_STEP][PASSED] - waitForPageLoad(2): Wait for page load successfully

05-03-2024T17:49:25 - [MESSAGE][PASSED] - Wait for page load successfully

05-03-2024T17:49:25 - [TEST_STEP][PASSED] - click(findTestObject("Pop-up Alerts page/Draft tab")): Object: 'Object Repository/Pop-up Alerts page/Draft tab' is clicked on

05-03-2024T17:49:26 - [MESSAGE][PASSED] - Object: 'Object Repository/Pop-up Alerts page/Draft tab' is clicked on

05-03-2024T17:49:26 - [TEST_STEP][PASSED] - setText(findTestObject("Pop-up Alerts page/Search by title field"), "TC-47"): Text 'TC-47' is set on object 'Object Repository/Pop-up Alerts page/Search by title field'

05-03-2024T17:49:28 - [MESSAGE][PASSED] - Text 'TC-47' is set on object 'Object Repository/Pop-up Alerts page/Search by title field'

05-03-2024T17:49:28 - [TEST_STEP][PASSED] - verifyElementText(findTestObject("Pop-up Alerts page/Filtered sent alert"), "TC-47"): Actual text and expected text of test object 'Object Repository/Pop-up Alerts page/Filtered sent alert' are matched.

05-03-2024T17:49:28 - [MESSAGE][PASSED] - Actual text and expected text of test object 'Object Repository/Pop-up Alerts page/Filtered sent alert' are matched.

05-03-2024T17:49:28 - [TEST_STEP][PASSED] - click(findTestObject("Survey/3dots Actions")): Object: 'Object Repository/Survey/3dots Actions' is clicked on

05-03-2024T17:49:29 - [MESSAGE][PASSED] - Object: 'Object Repository/Survey/3dots Actions' is clicked on

05-03-2024T17:49:29 - [TEST_STEP][PASSED] - click(findTestObject("Pop-up Alerts page/Preview Draft alert Actions")): Object: 'Object Repository/Pop-up Alerts page/Preview Draft alert Actions' is clicked on

05-03-2024T17:49:30 - [MESSAGE][PASSED] - Object: 'Object Repository/Pop-up Alerts page/Preview Draft alert Actions' is clicked on

05-03-2024T17:49:30 - [TEST_STEP][PASSED] - switchToFrame(findTestObject("Create Pop-up Alert Page/Preview alert iframe"), 2): null

05-03-2024T17:49:31 - [TEST_STEP][PASSED] - takeFullPageScreenshot([]): Taking screenshot successfully

05-03-2024T17:49:31 - [MESSAGE][INFO] - 0 hidden object(s)

05-03-2024T17:49:31 - [MESSAGE][INFO] - 0 hidden object(s)

05-03-2024T17:49:31 - [MESSAGE][PASSED] - Taking screenshot successfully
[[ATTACHMENT|C:\\Users\\Home\\git\\Katalon\\Reports\\20240305_174520\\Video Alerts\\20240305_174520\\1709650171152.png]]

05-03-2024T17:49:31 - [TEST_STEP][PASSED] - click(findTestObject("Create Pop-up Alert Page/close alert preview")): Object: 'Object Repository/Create Pop-up Alert Page/close alert preview' is clicked on

05-03-2024T17:49:31 - [MESSAGE][PASSED] - Object: 'Object Repository/Create Pop-up Alert Page/close alert preview' is clicked on

05-03-2024T17:49:31 - [TEST_STEP][PASSED] - switchToDefaultContent(): null

05-03-2024T17:49:31 - [TEST_STEP][PASSED] - click(findTestObject("Survey/3dots Actions")): Object: 'Object Repository/Survey/3dots Actions' is clicked on

05-03-2024T17:49:32 - [MESSAGE][PASSED] - Object: 'Object Repository/Survey/3dots Actions' is clicked on

05-03-2024T17:49:32 - [TEST_STEP][PASSED] - click(findTestObject("Pop-up Alerts page/Edit Draft alert Actions")): Object: 'Object Repository/Pop-up Alerts page/Edit Draft alert Actions' is clicked on

05-03-2024T17:49:33 - [MESSAGE][PASSED] - Object: 'Object Repository/Pop-up Alerts page/Edit Draft alert Actions' is clicked on

05-03-2024T17:49:33 - [TEST_STEP][PASSED] - verifyElementText(findTestObject("Wallpapers/Create Wallpaper Header"), "Create Video Alert"): Actual text and expected text of test object 'Object Repository/Wallpapers/Create Wallpaper Header' are matched.

05-03-2024T17:49:36 - [MESSAGE][PASSED] - Actual text and expected text of test object 'Object Repository/Wallpapers/Create Wallpaper Header' are matched.

05-03-2024T17:49:36 - [TEST_STEP][PASSED] - click(findTestObject("Wallpapers/Save wallpaper button")): Object: 'Object Repository/Wallpapers/Save wallpaper button' is clicked on

05-03-2024T17:49:36 - [MESSAGE][PASSED] - Object: 'Object Repository/Wallpapers/Save wallpaper button' is clicked on

05-03-2024T17:49:36 - [TEST_STEP][PASSED] - verifyElementPresent(findTestObject("Pop-up Alerts page/Draft tab"), 2): Object 'Object Repository/Pop-up Alerts page/Draft tab' is present

05-03-2024T17:49:38 - [MESSAGE][PASSED] - Object 'Object Repository/Pop-up Alerts page/Draft tab' is present]]></system-out>
         <system-err><![CDATA[]]></system-err>
      </testcase>
      <testcase name="Test Cases/Video Alerts/Send Video Alert with advanced settings (TC-48)" time="31.58" classname="Test Cases/Video Alerts/Send Video Alert with advanced settings (TC-48)" status="PASSED">
         <system-out><![CDATA[05-03-2024T17:49:40 - [TEST_CASE][PASSED] - Test Cases/Video Alerts/Send Video Alert with advanced settings (TC-48): Test Cases/Video Alerts/Send Video Alert with advanced settings (TC-48)

05-03-2024T17:49:40 - [TEST_STEP][PASSED] - click(findTestObject("Dashboard Page/Compose alert button expansion")): Object: 'Object Repository/Dashboard Page/Compose alert button expansion' is clicked on

05-03-2024T17:49:40 - [MESSAGE][PASSED] - Object: 'Object Repository/Dashboard Page/Compose alert button expansion' is clicked on

05-03-2024T17:49:40 - [TEST_STEP][PASSED] - click(findTestObject("Dashboard Page/Video Alerts")): Object: 'Object Repository/Dashboard Page/Video Alerts' is clicked on

05-03-2024T17:49:41 - [MESSAGE][PASSED] - Object: 'Object Repository/Dashboard Page/Video Alerts' is clicked on

05-03-2024T17:49:41 - [TEST_STEP][PASSED] - verifyElementText(findTestObject("Wallpapers/Create Wallpaper Header"), "Create Video Alert"): Actual text and expected text of test object 'Object Repository/Wallpapers/Create Wallpaper Header' are matched.

05-03-2024T17:49:44 - [MESSAGE][PASSED] - Actual text and expected text of test object 'Object Repository/Wallpapers/Create Wallpaper Header' are matched.

05-03-2024T17:49:44 - [TEST_STEP][PASSED] - click(findTestObject("Video Alert/Videoalert more btn")): Object: 'Object Repository/Video Alert/Videoalert more btn' is clicked on

05-03-2024T17:49:44 - [MESSAGE][PASSED] - Object: 'Object Repository/Video Alert/Videoalert more btn' is clicked on

05-03-2024T17:49:44 - [TEST_STEP][PASSED] - callTestCase(findTestCase("Built-in test cases/Choose recipients"), [:], STOP_ON_FAILURE): Call Test Case 'Test Cases/Built-in test cases/Choose recipients' successfully

05-03-2024T17:49:44 - [TEST_CASE][PASSED] - Test Cases/Built-in test cases/Choose recipients: Test Cases/Built-in test cases/Choose recipients

05-03-2024T17:49:44 - [TEST_STEP][PASSED] - click(findTestObject("Create Pop-up Alert Page/Choose recipients modal window/Filter field")): Object: 'Object Repository/Create Pop-up Alert Page/Choose recipients modal window/Filter field' is clicked on

05-03-2024T17:49:45 - [MESSAGE][PASSED] - Object: 'Object Repository/Create Pop-up Alert Page/Choose recipients modal window/Filter field' is clicked on

05-03-2024T17:49:45 - [TEST_STEP][PASSED] - setText(findTestObject("Create Pop-up Alert Page/Choose recipients modal window/Filter field"), "LAPTOP-E6BU4LL9"): Text 'LAPTOP-E6BU4LL9' is set on object 'Object Repository/Create Pop-up Alert Page/Choose recipients modal window/Filter field'

05-03-2024T17:49:46 - [MESSAGE][PASSED] - Text 'LAPTOP-E6BU4LL9' is set on object 'Object Repository/Create Pop-up Alert Page/Choose recipients modal window/Filter field'

05-03-2024T17:49:46 - [TEST_STEP][PASSED] - verifyElementText(findTestObject("Create Pop-up Alert Page/Choose recipients modal window/All user list-filtered"), "LAPTOP-E6BU4LL9 "): Actual text and expected text of test object 'Object Repository/Create Pop-up Alert Page/Choose recipients modal window/All user list-filtered' are matched.

05-03-2024T17:49:48 - [MESSAGE][PASSED] - Actual text and expected text of test object 'Object Repository/Create Pop-up Alert Page/Choose recipients modal window/All user list-filtered' are matched.

05-03-2024T17:49:48 - [TEST_STEP][PASSED] - click(findTestObject("Create Pop-up Alert Page/Choose recipients modal window/filtered user selection")): Object: 'Object Repository/Create Pop-up Alert Page/Choose recipients modal window/filtered user selection' is clicked on

05-03-2024T17:49:48 - [MESSAGE][PASSED] - Object: 'Object Repository/Create Pop-up Alert Page/Choose recipients modal window/filtered user selection' is clicked on

05-03-2024T17:49:48 - [TEST_STEP][PASSED] - click(findTestObject("Create Pop-up Alert Page/Choose recipients modal window/Filter field")): Object: 'Object Repository/Create Pop-up Alert Page/Choose recipients modal window/Filter field' is clicked on

05-03-2024T17:49:48 - [MESSAGE][PASSED] - Object: 'Object Repository/Create Pop-up Alert Page/Choose recipients modal window/Filter field' is clicked on

05-03-2024T17:49:48 - [TEST_STEP][PASSED] - sendKeys(findTestObject("Create Pop-up Alert Page/Choose recipients modal window/Filter field"), Keys.chord(CONTROL, "a", BACK_SPACE)): Keys 'CONTROL + BACK_SPACE + a' sent to object: 'Object Repository/Create Pop-up Alert Page/Choose recipients modal window/Filter field'

05-03-2024T17:49:49 - [MESSAGE][PASSED] - Keys 'CONTROL + BACK_SPACE + a' sent to object: 'Object Repository/Create Pop-up Alert Page/Choose recipients modal window/Filter field'

05-03-2024T17:49:49 - [TEST_STEP][PASSED] - setText(findTestObject("Create Pop-up Alert Page/Choose recipients modal window/Filter field"), "DESKTOP-9UH6GK7"): Text 'DESKTOP-9UH6GK7' is set on object 'Object Repository/Create Pop-up Alert Page/Choose recipients modal window/Filter field'

05-03-2024T17:49:50 - [MESSAGE][PASSED] - Text 'DESKTOP-9UH6GK7' is set on object 'Object Repository/Create Pop-up Alert Page/Choose recipients modal window/Filter field'

05-03-2024T17:49:50 - [TEST_STEP][PASSED] - verifyElementText(findTestObject("Create Pop-up Alert Page/Choose recipients modal window/All user list-filtered"), "DESKTOP-9UH6GK7 "): Actual text and expected text of test object 'Object Repository/Create Pop-up Alert Page/Choose recipients modal window/All user list-filtered' are matched.

05-03-2024T17:49:51 - [MESSAGE][PASSED] - Actual text and expected text of test object 'Object Repository/Create Pop-up Alert Page/Choose recipients modal window/All user list-filtered' are matched.

05-03-2024T17:49:51 - [TEST_STEP][PASSED] - click(findTestObject("Create Pop-up Alert Page/Choose recipients modal window/filtered user selection")): Object: 'Object Repository/Create Pop-up Alert Page/Choose recipients modal window/filtered user selection' is clicked on

05-03-2024T17:49:51 - [MESSAGE][PASSED] - Object: 'Object Repository/Create Pop-up Alert Page/Choose recipients modal window/filtered user selection' is clicked on

05-03-2024T17:49:51 - [TEST_STEP][PASSED] - click(findTestObject("Wallpapers/Done")): Object: 'Object Repository/Wallpapers/Done' is clicked on

05-03-2024T17:49:52 - [MESSAGE][PASSED] - Object: 'Object Repository/Wallpapers/Done' is clicked on

05-03-2024T17:49:52 - [MESSAGE][PASSED] - Call Test Case 'Test Cases/Built-in test cases/Choose recipients' successfully

05-03-2024T17:49:52 - [TEST_STEP][PASSED] - setText(findTestObject("Create Pop-up Alert Page/Alert Title field"), "TC-48"): Text 'TC-48' is set on object 'Object Repository/Create Pop-up Alert Page/Alert Title field'

05-03-2024T17:49:53 - [MESSAGE][PASSED] - Text 'TC-48' is set on object 'Object Repository/Create Pop-up Alert Page/Alert Title field'

05-03-2024T17:49:53 - [TEST_STEP][PASSED] - verifyElementPresent(findTestObject("Video Alert/Videoalert upload area"), 2): Object 'Object Repository/Video Alert/Videoalert upload area' is present

05-03-2024T17:49:53 - [MESSAGE][PASSED] - Object 'Object Repository/Video Alert/Videoalert upload area' is present

05-03-2024T17:49:53 - [TEST_STEP][PASSED] - click(findTestObject("Video Alert/Select video from the server")): Object: 'Object Repository/Video Alert/Select video from the server' is clicked on

05-03-2024T17:49:54 - [MESSAGE][PASSED] - Object: 'Object Repository/Video Alert/Select video from the server' is clicked on

05-03-2024T17:49:54 - [TEST_STEP][PASSED] - click(findTestObject("Wallpapers/Select image from server button")): Object: 'Object Repository/Wallpapers/Select image from server button' is clicked on

05-03-2024T17:49:54 - [MESSAGE][PASSED] - Object: 'Object Repository/Wallpapers/Select image from server button' is clicked on

05-03-2024T17:49:54 - [TEST_STEP][PASSED] - click(findTestObject("Video alerts/First video from the server")): Object: 'Object Repository/Video alerts/First video from the server' is clicked on

05-03-2024T17:49:55 - [MESSAGE][PASSED] - Object: 'Object Repository/Video alerts/First video from the server' is clicked on

05-03-2024T17:49:55 - [TEST_STEP][PASSED] - delay(1): Delayed 1 second(s)

05-03-2024T17:49:56 - [MESSAGE][PASSED] - Delayed 1 second(s)

05-03-2024T17:49:56 - [TEST_STEP][PASSED] - click(findTestObject("Video alerts/Video alert description")): Object: 'Object Repository/Video alerts/Video alert description' is clicked on

05-03-2024T17:49:57 - [MESSAGE][PASSED] - Object: 'Object Repository/Video alerts/Video alert description' is clicked on

05-03-2024T17:49:57 - [TEST_STEP][PASSED] - setText(findTestObject("Video alerts/Video alert description"), "Hello! This is automated video alert from Katalon"): Text 'Hello! This is automated video alert from Katalon' is set on object 'Object Repository/Video alerts/Video alert description'

05-03-2024T17:49:58 - [MESSAGE][PASSED] - Text 'Hello! This is automated video alert from Katalon' is set on object 'Object Repository/Video alerts/Video alert description'

05-03-2024T17:49:58 - [TEST_STEP][PASSED] - click(findTestObject("Create Pop-up Alert Page/Alerts settings right-hand menu/Skin choice button")): Object: 'Object Repository/Create Pop-up Alert Page/Alerts settings right-hand menu/Skin choice button' is clicked on

05-03-2024T17:49:59 - [MESSAGE][PASSED] - Object: 'Object Repository/Create Pop-up Alert Page/Alerts settings right-hand menu/Skin choice button' is clicked on

05-03-2024T17:49:59 - [TEST_STEP][PASSED] - click(findTestObject("Create Pop-up Alert Page/Alerts settings right-hand menu/Skin with given index")): Object: 'Object Repository/Create Pop-up Alert Page/Alerts settings right-hand menu/Skin with given index' is clicked on

05-03-2024T17:50:00 - [MESSAGE][PASSED] - Object: 'Object Repository/Create Pop-up Alert Page/Alerts settings right-hand menu/Skin with given index' is clicked on

05-03-2024T17:50:00 - [TEST_STEP][PASSED] - sendKeys(findTestObject("Survey/alert width"), Keys.chord(CONTROL, "a", BACK_SPACE)): Keys 'CONTROL + BACK_SPACE + a' sent to object: 'Object Repository/Survey/alert width'

05-03-2024T17:50:01 - [MESSAGE][PASSED] - Keys 'CONTROL + BACK_SPACE + a' sent to object: 'Object Repository/Survey/alert width'

05-03-2024T17:50:01 - [TEST_STEP][PASSED] - setText(findTestObject("Survey/alert width"), "400"): Text '400' is set on object 'Object Repository/Survey/alert width'

05-03-2024T17:50:02 - [MESSAGE][PASSED] - Text '400' is set on object 'Object Repository/Survey/alert width'

05-03-2024T17:50:02 - [TEST_STEP][PASSED] - sendKeys(findTestObject("Survey/alert height"), Keys.chord(CONTROL, "a", BACK_SPACE)): Keys 'CONTROL + BACK_SPACE + a' sent to object: 'Object Repository/Survey/alert height'

05-03-2024T17:50:02 - [MESSAGE][PASSED] - Keys 'CONTROL + BACK_SPACE + a' sent to object: 'Object Repository/Survey/alert height'

05-03-2024T17:50:02 - [TEST_STEP][PASSED] - setText(findTestObject("Survey/alert height"), "500"): Text '500' is set on object 'Object Repository/Survey/alert height'

05-03-2024T17:50:03 - [MESSAGE][PASSED] - Text '500' is set on object 'Object Repository/Survey/alert height'

05-03-2024T17:50:03 - [TEST_STEP][PASSED] - check(findTestObject("Create Pop-up Alert Page/Alerts settings right-hand menu/Acknowledgement checkbox")): Object 'Object Repository/Create Pop-up Alert Page/Alerts settings right-hand menu/Acknowledgement checkbox' is checked

05-03-2024T17:50:03 - [MESSAGE][PASSED] - Object 'Object Repository/Create Pop-up Alert Page/Alerts settings right-hand menu/Acknowledgement checkbox' is checked

05-03-2024T17:50:03 - [TEST_STEP][PASSED] - verifyElementChecked(findTestObject("Create Pop-up Alert Page/Alerts settings right-hand menu/Acknowledgement checkbox"), 2): Object 'Object Repository/Create Pop-up Alert Page/Alerts settings right-hand menu/Acknowledgement checkbox' is checked

05-03-2024T17:50:04 - [MESSAGE][PASSED] - Object 'Object Repository/Create Pop-up Alert Page/Alerts settings right-hand menu/Acknowledgement checkbox' is checked

05-03-2024T17:50:04 - [TEST_STEP][PASSED] - click(findTestObject("Video alerts/Preview video alert btn")): Object: 'Object Repository/Video alerts/Preview video alert btn' is clicked on

05-03-2024T17:50:05 - [MESSAGE][PASSED] - Object: 'Object Repository/Video alerts/Preview video alert btn' is clicked on

05-03-2024T17:50:05 - [TEST_STEP][PASSED] - switchToFrame(findTestObject("Create Pop-up Alert Page/Preview alert iframe"), 2): null

05-03-2024T17:50:06 - [TEST_STEP][PASSED] - takeFullPageScreenshot(): Taking screenshot successfully

05-03-2024T17:50:06 - [MESSAGE][INFO] - 0 hidden object(s)

05-03-2024T17:50:06 - [MESSAGE][PASSED] - Taking screenshot successfully
[[ATTACHMENT|C:\\Users\\Home\\git\\Katalon\\Reports\\20240305_174520\\Video Alerts\\20240305_174520\\1709650206114.png]]

05-03-2024T17:50:06 - [TEST_STEP][PASSED] - switchToDefaultContent(): null

05-03-2024T17:50:06 - [TEST_STEP][PASSED] - waitForPageLoad(2): Wait for page load successfully

05-03-2024T17:50:06 - [MESSAGE][PASSED] - Wait for page load successfully

05-03-2024T17:50:06 - [TEST_STEP][PASSED] - click(findTestObject("Wallpapers/Send wallpaper button")): Object: 'Object Repository/Wallpapers/Send wallpaper button' is clicked on

05-03-2024T17:50:07 - [MESSAGE][PASSED] - Object: 'Object Repository/Wallpapers/Send wallpaper button' is clicked on

05-03-2024T17:50:07 - [TEST_STEP][PASSED] - setText(findTestObject("Pop-up Alerts page/Search by title field"), "TC-48"): Text 'TC-48' is set on object 'Object Repository/Pop-up Alerts page/Search by title field'

05-03-2024T17:50:09 - [MESSAGE][PASSED] - Text 'TC-48' is set on object 'Object Repository/Pop-up Alerts page/Search by title field'

05-03-2024T17:50:09 - [TEST_STEP][PASSED] - verifyElementText(findTestObject("Pop-up Alerts page/Filtered sent alert"), "TC-48"): Actual text and expected text of test object 'Object Repository/Pop-up Alerts page/Filtered sent alert' are matched.

05-03-2024T17:50:09 - [MESSAGE][PASSED] - Actual text and expected text of test object 'Object Repository/Pop-up Alerts page/Filtered sent alert' are matched.]]></system-out>
         <system-err><![CDATA[]]></system-err>
      </testcase>
      <system-out><![CDATA[05-03-2024T17:45:25 - [TEST_SUITE][FAILED] - Video Alerts: Test Cases/Video Alerts/Send Video Alert with video from the server (TC-46) FAILED.
Reason:
com.kms.katalon.core.exception.StepFailedException: Unable to set text 'TC-46' of object 'Object Repository/Pop-up Alerts page/Search by title field'
	at com.kms.katalon.core.webui.keyword.internal.WebUIKeywordMain.stepFailed(WebUIKeywordMain.groovy:64)
	at com.kms.katalon.core.webui.keyword.internal.WebUIKeywordMain.runKeyword(WebUIKeywordMain.groovy:26)
	at com.kms.katalon.core.webui.keyword.builtin.SetTextKeyword.setText(SetTextKeyword.groovy:85)
	at com.kms.katalon.core.webui.keyword.builtin.SetTextKeyword.execute(SetTextKeyword.groovy:39)
	at com.kms.katalon.core.keyword.internal.KeywordExecutor.executeKeywordForPlatform(KeywordExecutor.groovy:74)
	at com.kms.katalon.core.webui.keyword.WebUiBuiltInKeywords.setText(WebUiBuiltInKeywords.groovy:1019)
	at Send Video Alert with video from the server (TC-46).run(Send Video Alert with video from the server (TC-46):52)
	at com.kms.katalon.core.main.ScriptEngine.run(ScriptEngine.java:194)
	at com.kms.katalon.core.main.ScriptEngine.runScriptAsRawText(ScriptEngine.java:119)
	at com.kms.katalon.core.main.TestCaseExecutor.runScript(TestCaseExecutor.java:448)
	at com.kms.katalon.core.main.TestCaseExecutor.doExecute(TestCaseExecutor.java:439)
	at com.kms.katalon.core.main.TestCaseExecutor.processExecutionPhase(TestCaseExecutor.java:418)
	at com.kms.katalon.core.main.TestCaseExecutor.accessMainPhase(TestCaseExecutor.java:410)
	at com.kms.katalon.core.main.TestCaseExecutor.execute(TestCaseExecutor.java:285)
	at com.kms.katalon.core.common.CommonExecutor.accessTestCaseMainPhase(CommonExecutor.java:65)
	at com.kms.katalon.core.main.TestSuiteExecutor.accessTestSuiteMainPhase(TestSuiteExecutor.java:148)
	at com.kms.katalon.core.main.TestSuiteExecutor.execute(TestSuiteExecutor.java:106)
	at com.kms.katalon.core.main.TestCaseMain.startTestSuite(TestCaseMain.java:180)
	at TempTestSuite1709649920217.run(TempTestSuite1709649920217.groovy:35)
	at java.base/jdk.internal.reflect.NativeMethodAccessorImpl.invoke0(Native Method)
	at java.base/jdk.internal.reflect.NativeMethodAccessorImpl.invoke(NativeMethodAccessorImpl.java:77)
	at java.base/jdk.internal.reflect.DelegatingMethodAccessorImpl.invoke(DelegatingMethodAccessorImpl.java:43)
Caused by: com.kms.katalon.core.webui.exception.WebElementNotFoundException: Web element with id: 'Object Repository/Pop-up Alerts page/Search by title field' located by 'null' not found
	at com.kms.katalon.core.webui.common.WebUiCommonHelper.findWebElement(WebUiCommonHelper.java:1426)
	at com.kms.katalon.core.webui.keyword.internal.WebUIAbstractKeyword.findWebElement(WebUIAbstractKeyword.groovy:27)
	at com.kms.katalon.core.webui.keyword.internal.WebUIAbstractKeyword.findWebElement(WebUIAbstractKeyword.groovy:26)
	at com.kms.katalon.core.webui.keyword.builtin.SetTextKeyword$_setText_closure1.doCall(SetTextKeyword.groovy:53)
	at com.kms.katalon.core.webui.keyword.builtin.SetTextKeyword$_setText_closure1.call(SetTextKeyword.groovy)
	at com.kms.katalon.core.webui.keyword.internal.WebUIKeywordMain.runKeyword(WebUIKeywordMain.groovy:20)
	... 20 more]]></system-out>
      <system-err><![CDATA[05-03-2024T17:45:25 - [TEST_SUITE][FAILED] - Video Alerts: Test Cases/Video Alerts/Send Video Alert with video from the server (TC-46) FAILED.
Reason:
com.kms.katalon.core.exception.StepFailedException: Unable to set text 'TC-46' of object 'Object Repository/Pop-up Alerts page/Search by title field'
	at com.kms.katalon.core.webui.keyword.internal.WebUIKeywordMain.stepFailed(WebUIKeywordMain.groovy:64)
	at com.kms.katalon.core.webui.keyword.internal.WebUIKeywordMain.runKeyword(WebUIKeywordMain.groovy:26)
	at com.kms.katalon.core.webui.keyword.builtin.SetTextKeyword.setText(SetTextKeyword.groovy:85)
	at com.kms.katalon.core.webui.keyword.builtin.SetTextKeyword.execute(SetTextKeyword.groovy:39)
	at com.kms.katalon.core.keyword.internal.KeywordExecutor.executeKeywordForPlatform(KeywordExecutor.groovy:74)
	at com.kms.katalon.core.webui.keyword.WebUiBuiltInKeywords.setText(WebUiBuiltInKeywords.groovy:1019)
	at Send Video Alert with video from the server (TC-46).run(Send Video Alert with video from the server (TC-46):52)
	at com.kms.katalon.core.main.ScriptEngine.run(ScriptEngine.java:194)
	at com.kms.katalon.core.main.ScriptEngine.runScriptAsRawText(ScriptEngine.java:119)
	at com.kms.katalon.core.main.TestCaseExecutor.runScript(TestCaseExecutor.java:448)
	at com.kms.katalon.core.main.TestCaseExecutor.doExecute(TestCaseExecutor.java:439)
	at com.kms.katalon.core.main.TestCaseExecutor.processExecutionPhase(TestCaseExecutor.java:418)
	at com.kms.katalon.core.main.TestCaseExecutor.accessMainPhase(TestCaseExecutor.java:410)
	at com.kms.katalon.core.main.TestCaseExecutor.execute(TestCaseExecutor.java:285)
	at com.kms.katalon.core.common.CommonExecutor.accessTestCaseMainPhase(CommonExecutor.java:65)
	at com.kms.katalon.core.main.TestSuiteExecutor.accessTestSuiteMainPhase(TestSuiteExecutor.java:148)
	at com.kms.katalon.core.main.TestSuiteExecutor.execute(TestSuiteExecutor.java:106)
	at com.kms.katalon.core.main.TestCaseMain.startTestSuite(TestCaseMain.java:180)
	at TempTestSuite1709649920217.run(TempTestSuite1709649920217.groovy:35)
	at java.base/jdk.internal.reflect.NativeMethodAccessorImpl.invoke0(Native Method)
	at java.base/jdk.internal.reflect.NativeMethodAccessorImpl.invoke(NativeMethodAccessorImpl.java:77)
	at java.base/jdk.internal.reflect.DelegatingMethodAccessorImpl.invoke(DelegatingMethodAccessorImpl.java:43)
Caused by: com.kms.katalon.core.webui.exception.WebElementNotFoundException: Web element with id: 'Object Repository/Pop-up Alerts page/Search by title field' located by 'null' not found
	at com.kms.katalon.core.webui.common.WebUiCommonHelper.findWebElement(WebUiCommonHelper.java:1426)
	at com.kms.katalon.core.webui.keyword.internal.WebUIAbstractKeyword.findWebElement(WebUIAbstractKeyword.groovy:27)
	at com.kms.katalon.core.webui.keyword.internal.WebUIAbstractKeyword.findWebElement(WebUIAbstractKeyword.groovy:26)
	at com.kms.katalon.core.webui.keyword.builtin.SetTextKeyword$_setText_closure1.doCall(SetTextKeyword.groovy:53)
	at com.kms.katalon.core.webui.keyword.builtin.SetTextKeyword$_setText_closure1.call(SetTextKeyword.groovy)
	at com.kms.katalon.core.webui.keyword.internal.WebUIKeywordMain.runKeyword(WebUIKeywordMain.groovy:20)
	... 20 more]]></system-err>
   </testsuite>
</testsuites>
