<?xml version="1.0" encoding="UTF-8"?>
<testsuites name="Publisher" time="67.845" tests="5" failures="0" errors="0">
   <testsuite name="Publisher" tests="5" failures="0" errors="0" time="67.845" skipped="0" timestamp="14-03-2024T18:59:30" hostname="Home - LAPTOP-E6BU4LL9.Dlink" id="Test Suites/Publisher">
      <properties>
         <property name="deviceName" value=""/>
         <property name="devicePlatform" value=""/>
         <property name="logFolder" value="C:\\Users\\Home\\git\\Katalon\\Reports\\20240314_185925\\Publisher\\20240314_185925"/>
         <property name="logFiles" value="C:\\Users\\Home\\git\\Katalon\\Reports\\20240314_185925\\Publisher\\20240314_185925\\execution0.log"/>
         <property name="attachments" value="C:\\Users\\Home\\git\\Katalon\\Reports\\20240314_185925\\Publisher\\20240314_185925\\1710432032415.png"/>
         <property name="hostName" value="Home - LAPTOP-E6BU4LL9.Dlink"/>
         <property name="os" value="Windows 11 64bit"/>
         <property name="katalonVersion" value="9.3.1.212"/>
         <property name="browser" value="Chrome 122.0.0.0"/>
         <property name="hostAddress" value="192.168.1.100"/>
         <property name="sessionId" value="09a4d46c87d6b7c2baeea55e703aa55a"/>
         <property name="seleniumVersion" value="3.141.59"/>
         <property name="proxyInformation" value="ProxyInformation { proxyOption=NO_PROXY, proxyServerType=HTTP, username=, password=********, proxyServerAddress=, proxyServerPort=0, executionList=&quot;&quot;, isApplyToDesiredCapabilities=true }"/>
         <property name="platform" value="Windows 11"/>
      </properties>
      <testcase name="Test Cases/Login Test Cases/Login with Valid Credentials" time="12.035" classname="Test Cases/Login Test Cases/Login with Valid Credentials" status="PASSED">
         <system-out><![CDATA[14-03-2024T18:59:30 - [TEST_CASE][PASSED] - Test Cases/Login Test Cases/Login with Valid Credentials: Test Cases/Login Test Cases/Login with Valid Credentials

14-03-2024T18:59:31 - [TEST_STEP][PASSED] - openBrowser(""): Browser is opened with url: ''

14-03-2024T18:59:31 - [MESSAGE][INFO] - Starting 'Chrome' driver

14-03-2024T18:59:31 - [MESSAGE][INFO] - Action delay is set to 0 milliseconds

14-03-2024T18:59:32 - [MESSAGE][PASSED] - Browser is opened with url: ''

14-03-2024T18:59:32 - [TEST_STEP][PASSED] - navigateToUrl("https://dadebug.commclouds.com/Demo/admin/auth"): Navigate to 'https://dadebug.commclouds.com/Demo/admin/auth' successfully

14-03-2024T18:59:33 - [MESSAGE][PASSED] - Navigate to 'https://dadebug.commclouds.com/Demo/admin/auth' successfully

14-03-2024T18:59:33 - [TEST_STEP][PASSED] - waitForPageLoad(3): Wait for page load successfully

14-03-2024T18:59:33 - [MESSAGE][PASSED] - Wait for page load successfully

14-03-2024T18:59:33 - [TEST_STEP][PASSED] - maximizeWindow(): Current window maximized

14-03-2024T18:59:33 - [MESSAGE][PASSED] - Current window maximized

14-03-2024T18:59:33 - [TEST_STEP][PASSED] - verifyElementPresent(findTestObject("Login Page/DAlogo"), 2): Object 'Object Repository/Login Page/DAlogo' is present

14-03-2024T18:59:34 - [MESSAGE][PASSED] - Object 'Object Repository/Login Page/DAlogo' is present

14-03-2024T18:59:34 - [TEST_STEP][PASSED] - verifyElementPresent(findTestObject("Login Page/Version number"), 2): Object 'Object Repository/Login Page/Version number' is present

14-03-2024T18:59:34 - [MESSAGE][PASSED] - Object 'Object Repository/Login Page/Version number' is present

14-03-2024T18:59:34 - [TEST_STEP][PASSED] - verifyElementText(findTestObject("Login Page/Version number"), "Version: 11.4.0.2 (stage/11)"): Actual text and expected text of test object 'Object Repository/Login Page/Version number' are matched.

14-03-2024T18:59:35 - [MESSAGE][PASSED] - Actual text and expected text of test object 'Object Repository/Login Page/Version number' are matched.

14-03-2024T18:59:35 - [TEST_STEP][PASSED] - setText(findTestObject("Object Repository/Login Page/Login input field"), "Zoya"): Text 'Zoya' is set on object 'Object Repository/Login Page/Login input field'

14-03-2024T18:59:35 - [MESSAGE][PASSED] - Text 'Zoya' is set on object 'Object Repository/Login Page/Login input field'

14-03-2024T18:59:35 - [TEST_STEP][PASSED] - setEncryptedText(findTestObject("Object Repository/Login Page/Password input field"), "tzH6RvlfSTg="): Text ****** has been set on object 'Object Repository/Login Page/Password input field'

14-03-2024T18:59:36 - [MESSAGE][PASSED] - Text ****** has been set on object 'Object Repository/Login Page/Password input field'

14-03-2024T18:59:36 - [TEST_STEP][PASSED] - click(findTestObject("Object Repository/Login Page/button_Log in")): Object: 'Object Repository/Login Page/button_Log in' is clicked on

14-03-2024T18:59:36 - [MESSAGE][PASSED] - Object: 'Object Repository/Login Page/button_Log in' is clicked on

14-03-2024T18:59:36 - [TEST_STEP][PASSED] - delay(4): Delayed 4 second(s)

14-03-2024T18:59:40 - [MESSAGE][PASSED] - Delayed 4 second(s)

14-03-2024T18:59:40 - [TEST_STEP][PASSED] - verifyElementPresent(findTestObject("Object Repository/Login Page/h1_Dashboard"), 4): Object 'Object Repository/Login Page/h1_Dashboard' is present

14-03-2024T18:59:40 - [MESSAGE][PASSED] - Object 'Object Repository/Login Page/h1_Dashboard' is present]]></system-out>
         <system-err><![CDATA[]]></system-err>
      </testcase>
      <testcase name="Test Cases/Publisher/Create Publisher with Admin role (TC-49)" time="19.946" classname="Test Cases/Publisher/Create Publisher with Admin role (TC-49)" status="PASSED">
         <system-out><![CDATA[14-03-2024T18:59:42 - [TEST_CASE][PASSED] - Test Cases/Publisher/Create Publisher with Admin role (TC-49): Test Cases/Publisher/Create Publisher with Admin role (TC-49)

14-03-2024T18:59:42 - [TEST_STEP][PASSED] - click(findTestObject("Publishers/Publishers on the top-menu")): Object: 'Object Repository/Publishers/Publishers on the top-menu' is clicked on

14-03-2024T18:59:43 - [MESSAGE][PASSED] - Object: 'Object Repository/Publishers/Publishers on the top-menu' is clicked on

14-03-2024T18:59:43 - [TEST_STEP][PASSED] - click(findTestObject("Publishers/Add Publisher btn")): Object: 'Object Repository/Publishers/Add Publisher btn' is clicked on

14-03-2024T18:59:44 - [MESSAGE][PASSED] - Object: 'Object Repository/Publishers/Add Publisher btn' is clicked on

14-03-2024T18:59:44 - [TEST_STEP][PASSED] - click(findTestObject("Publishers/Publisher name input field")): Object: 'Object Repository/Publishers/Publisher name input field' is clicked on

14-03-2024T18:59:44 - [MESSAGE][PASSED] - Object: 'Object Repository/Publishers/Publisher name input field' is clicked on

14-03-2024T18:59:44 - [TEST_STEP][PASSED] - setText(findTestObject("Publishers/Publisher name input field"), "KatalonAdmin"): Text 'KatalonAdmin' is set on object 'Object Repository/Publishers/Publisher name input field'

14-03-2024T18:59:45 - [MESSAGE][PASSED] - Text 'KatalonAdmin' is set on object 'Object Repository/Publishers/Publisher name input field'

14-03-2024T18:59:45 - [TEST_STEP][PASSED] - click(findTestObject("Publishers/Publisher Password")): Object: 'Object Repository/Publishers/Publisher Password' is clicked on

14-03-2024T18:59:45 - [MESSAGE][PASSED] - Object: 'Object Repository/Publishers/Publisher Password' is clicked on

14-03-2024T18:59:45 - [TEST_STEP][PASSED] - setText(findTestObject("Publishers/Publisher Password"), "123"): Text '123' is set on object 'Object Repository/Publishers/Publisher Password'

14-03-2024T18:59:46 - [MESSAGE][PASSED] - Text '123' is set on object 'Object Repository/Publishers/Publisher Password'

14-03-2024T18:59:46 - [TEST_STEP][PASSED] - click(findTestObject("Publishers/Publisher type drop-down")): Object: 'Object Repository/Publishers/Publisher type drop-down' is clicked on

14-03-2024T18:59:46 - [MESSAGE][PASSED] - Object: 'Object Repository/Publishers/Publisher type drop-down' is clicked on

14-03-2024T18:59:46 - [TEST_STEP][PASSED] - click(findTestObject("Publishers/Admin type")): Object: 'Object Repository/Publishers/Admin type' is clicked on

14-03-2024T18:59:47 - [MESSAGE][PASSED] - Object: 'Object Repository/Publishers/Admin type' is clicked on

14-03-2024T18:59:47 - [TEST_STEP][PASSED] - click(findTestObject("Publishers/add btn")): Object: 'Object Repository/Publishers/add btn' is clicked on

14-03-2024T18:59:48 - [MESSAGE][PASSED] - Object: 'Object Repository/Publishers/add btn' is clicked on

14-03-2024T18:59:48 - [TEST_STEP][PASSED] - click(findTestObject("Pop-up Alerts page/Search by title field")): Object: 'Object Repository/Pop-up Alerts page/Search by title field' is clicked on

14-03-2024T18:59:48 - [MESSAGE][PASSED] - Object: 'Object Repository/Pop-up Alerts page/Search by title field' is clicked on

14-03-2024T18:59:48 - [TEST_STEP][PASSED] - setText(findTestObject("Pop-up Alerts page/Search by title field"), "KatalonAdmin"): Text 'KatalonAdmin' is set on object 'Object Repository/Pop-up Alerts page/Search by title field'

14-03-2024T18:59:50 - [MESSAGE][PASSED] - Text 'KatalonAdmin' is set on object 'Object Repository/Pop-up Alerts page/Search by title field'

14-03-2024T18:59:50 - [TEST_STEP][PASSED] - delay(5): Delayed 5 second(s)

14-03-2024T18:59:55 - [MESSAGE][PASSED] - Delayed 5 second(s)

14-03-2024T18:59:55 - [TEST_STEP][PASSED] - verifyElementText(findTestObject("Publishers/filtered publisher"), "KatalonAdmin"): Actual text and expected text of test object 'Object Repository/Publishers/filtered publisher' are matched.

14-03-2024T18:59:55 - [MESSAGE][PASSED] - Actual text and expected text of test object 'Object Repository/Publishers/filtered publisher' are matched.

14-03-2024T18:59:55 - [TEST_STEP][PASSED] - verifyElementPresent(findTestObject("Publishers/Enabled status"), 2): Object 'Object Repository/Publishers/Enabled status' is present

14-03-2024T18:59:55 - [MESSAGE][PASSED] - Object 'Object Repository/Publishers/Enabled status' is present

14-03-2024T18:59:55 - [TEST_STEP][PASSED] - check(findTestObject("Create Pop-up Alert Page/sent alerts checkbox")): Object 'Object Repository/Create Pop-up Alert Page/sent alerts checkbox' is checked

14-03-2024T18:59:56 - [MESSAGE][PASSED] - Object 'Object Repository/Create Pop-up Alert Page/sent alerts checkbox' is checked

14-03-2024T18:59:56 - [TEST_STEP][PASSED] - verifyElementChecked(findTestObject("Create Pop-up Alert Page/sent alerts checkbox"), 2): Object 'Object Repository/Create Pop-up Alert Page/sent alerts checkbox' is checked

14-03-2024T18:59:56 - [MESSAGE][PASSED] - Object 'Object Repository/Create Pop-up Alert Page/sent alerts checkbox' is checked

14-03-2024T18:59:56 - [TEST_STEP][PASSED] - click(findTestObject("Publishers/Disable btn")): Object: 'Object Repository/Publishers/Disable btn' is clicked on

14-03-2024T18:59:57 - [MESSAGE][PASSED] - Object: 'Object Repository/Publishers/Disable btn' is clicked on

14-03-2024T18:59:57 - [TEST_STEP][PASSED] - verifyElementPresent(findTestObject("Publishers/Disabled status"), 2): Object 'Object Repository/Publishers/Disabled status' is present

14-03-2024T18:59:58 - [MESSAGE][PASSED] - Object 'Object Repository/Publishers/Disabled status' is present

14-03-2024T18:59:58 - [TEST_STEP][PASSED] - check(findTestObject("Create Pop-up Alert Page/sent alerts checkbox")): Object 'Object Repository/Create Pop-up Alert Page/sent alerts checkbox' is checked

14-03-2024T18:59:58 - [MESSAGE][PASSED] - Object 'Object Repository/Create Pop-up Alert Page/sent alerts checkbox' is checked

14-03-2024T18:59:58 - [TEST_STEP][PASSED] - verifyElementChecked(findTestObject("Create Pop-up Alert Page/sent alerts checkbox"), 2): Object 'Object Repository/Create Pop-up Alert Page/sent alerts checkbox' is checked

14-03-2024T18:59:59 - [MESSAGE][PASSED] - Object 'Object Repository/Create Pop-up Alert Page/sent alerts checkbox' is checked

14-03-2024T18:59:59 - [TEST_STEP][PASSED] - click(findTestObject("Publishers/Enable btn")): Object: 'Object Repository/Publishers/Enable btn' is clicked on

14-03-2024T18:59:59 - [MESSAGE][PASSED] - Object: 'Object Repository/Publishers/Enable btn' is clicked on

14-03-2024T18:59:59 - [TEST_STEP][PASSED] - verifyElementPresent(findTestObject("Publishers/Enabled status"), 2): Object 'Object Repository/Publishers/Enabled status' is present

14-03-2024T19:00:00 - [MESSAGE][PASSED] - Object 'Object Repository/Publishers/Enabled status' is present]]></system-out>
         <system-err><![CDATA[]]></system-err>
      </testcase>
      <testcase name="Test Cases/Publisher/Edit Publisher (TC-50)" time="15.728" classname="Test Cases/Publisher/Edit Publisher (TC-50)" status="PASSED">
         <system-out><![CDATA[14-03-2024T19:00:02 - [TEST_CASE][PASSED] - Test Cases/Publisher/Edit Publisher (TC-50): Test Cases/Publisher/Edit Publisher (TC-50)

14-03-2024T19:00:02 - [TEST_STEP][PASSED] - click(findTestObject("Survey/3dots Actions")): Object: 'Object Repository/Survey/3dots Actions' is clicked on

14-03-2024T19:00:03 - [MESSAGE][PASSED] - Object: 'Object Repository/Survey/3dots Actions' is clicked on

14-03-2024T19:00:03 - [TEST_STEP][PASSED] - click(findTestObject("Publishers/Edit publisher")): Object: 'Object Repository/Publishers/Edit publisher' is clicked on

14-03-2024T19:00:04 - [MESSAGE][PASSED] - Object: 'Object Repository/Publishers/Edit publisher' is clicked on

14-03-2024T19:00:04 - [TEST_STEP][PASSED] - setText(findTestObject("Publishers/Publisher email input field"), "katalon@mail.com"): Text 'katalon@mail.com' is set on object 'Object Repository/Publishers/Publisher email input field'

14-03-2024T19:00:05 - [MESSAGE][PASSED] - Text 'katalon@mail.com' is set on object 'Object Repository/Publishers/Publisher email input field'

14-03-2024T19:00:05 - [TEST_STEP][PASSED] - click(findTestObject("Publishers/Phone code drop-down")): Object: 'Object Repository/Publishers/Phone code drop-down' is clicked on

14-03-2024T19:00:06 - [MESSAGE][PASSED] - Object: 'Object Repository/Publishers/Phone code drop-down' is clicked on

14-03-2024T19:00:06 - [TEST_STEP][PASSED] - scrollToElement(findTestObject("Publishers/US country code"), 2): Scroll to object 'Object Repository/Publishers/US country code' successfully

14-03-2024T19:00:06 - [MESSAGE][PASSED] - Scroll to object 'Object Repository/Publishers/US country code' successfully

14-03-2024T19:00:06 - [TEST_STEP][PASSED] - click(findTestObject("Publishers/US country code")): Object: 'Object Repository/Publishers/US country code' is clicked on

14-03-2024T19:00:07 - [MESSAGE][PASSED] - Object: 'Object Repository/Publishers/US country code' is clicked on

14-03-2024T19:00:07 - [TEST_STEP][PASSED] - click(findTestObject("Publishers/Phone number input field")): Object: 'Object Repository/Publishers/Phone number input field' is clicked on

14-03-2024T19:00:07 - [MESSAGE][PASSED] - Object: 'Object Repository/Publishers/Phone number input field' is clicked on

14-03-2024T19:00:07 - [TEST_STEP][PASSED] - setText(findTestObject("Publishers/Phone number input field"), "2233445566"): Text '2233445566' is set on object 'Object Repository/Publishers/Phone number input field'

14-03-2024T19:00:08 - [MESSAGE][PASSED] - Text '2233445566' is set on object 'Object Repository/Publishers/Phone number input field'

14-03-2024T19:00:08 - [TEST_STEP][PASSED] - click(findTestObject("Publishers/add btn")): Object: 'Object Repository/Publishers/add btn' is clicked on

14-03-2024T19:00:08 - [MESSAGE][PASSED] - Object: 'Object Repository/Publishers/add btn' is clicked on

14-03-2024T19:00:08 - [TEST_STEP][PASSED] - sendKeys(findTestObject("Pop-up Alerts page/Search by title field"), Keys.chord(CONTROL, "a", BACK_SPACE)): Keys 'CONTROL + BACK_SPACE + a' sent to object: 'Object Repository/Pop-up Alerts page/Search by title field'

14-03-2024T19:00:09 - [MESSAGE][PASSED] - Keys 'CONTROL + BACK_SPACE + a' sent to object: 'Object Repository/Pop-up Alerts page/Search by title field'

14-03-2024T19:00:09 - [TEST_STEP][PASSED] - setText(findTestObject("Pop-up Alerts page/Search by title field"), "KatalonAdmin"): Text 'KatalonAdmin' is set on object 'Object Repository/Pop-up Alerts page/Search by title field'

14-03-2024T19:00:11 - [MESSAGE][PASSED] - Text 'KatalonAdmin' is set on object 'Object Repository/Pop-up Alerts page/Search by title field'

14-03-2024T19:00:11 - [TEST_STEP][PASSED] - delay(5): Delayed 5 second(s)

14-03-2024T19:00:16 - [MESSAGE][PASSED] - Delayed 5 second(s)

14-03-2024T19:00:16 - [TEST_STEP][PASSED] - verifyElementText(findTestObject("Publishers/filtered publisher"), "KatalonAdmin"): Actual text and expected text of test object 'Object Repository/Publishers/filtered publisher' are matched.

14-03-2024T19:00:16 - [MESSAGE][PASSED] - Actual text and expected text of test object 'Object Repository/Publishers/filtered publisher' are matched.]]></system-out>
         <system-err><![CDATA[]]></system-err>
      </testcase>
      <testcase name="Test Cases/Publisher/Change Publisher Password (TC-51)" time="4.754" classname="Test Cases/Publisher/Change Publisher Password (TC-51)" status="PASSED">
         <system-out><![CDATA[14-03-2024T19:00:18 - [TEST_CASE][PASSED] - Test Cases/Publisher/Change Publisher Password (TC-51): Test Cases/Publisher/Change Publisher Password (TC-51)

14-03-2024T19:00:18 - [TEST_STEP][PASSED] - click(findTestObject("Survey/3dots Actions")): Object: 'Object Repository/Survey/3dots Actions' is clicked on

14-03-2024T19:00:18 - [MESSAGE][PASSED] - Object: 'Object Repository/Survey/3dots Actions' is clicked on

14-03-2024T19:00:18 - [TEST_STEP][PASSED] - click(findTestObject("Publishers/Publisher change password")): Object: 'Object Repository/Publishers/Publisher change password' is clicked on

14-03-2024T19:00:19 - [MESSAGE][PASSED] - Object: 'Object Repository/Publishers/Publisher change password' is clicked on

14-03-2024T19:00:19 - [TEST_STEP][PASSED] - setText(findTestObject("Publishers/change password input field"), "1234"): Text '1234' is set on object 'Object Repository/Publishers/change password input field'

14-03-2024T19:00:20 - [MESSAGE][PASSED] - Text '1234' is set on object 'Object Repository/Publishers/change password input field'

14-03-2024T19:00:20 - [TEST_STEP][PASSED] - click(findTestObject("Publishers/add btn")): Object: 'Object Repository/Publishers/add btn' is clicked on

14-03-2024T19:00:21 - [MESSAGE][PASSED] - Object: 'Object Repository/Publishers/add btn' is clicked on]]></system-out>
         <system-err><![CDATA[]]></system-err>
      </testcase>
      <testcase name="Test Cases/Publisher/Re-login with created publisher (TC-52)" time="15.209" classname="Test Cases/Publisher/Re-login with created publisher (TC-52)" status="PASSED">
         <system-out><![CDATA[14-03-2024T19:00:23 - [TEST_CASE][PASSED] - Test Cases/Publisher/Re-login with created publisher (TC-52): Test Cases/Publisher/Re-login with created publisher (TC-52)

14-03-2024T19:00:23 - [TEST_STEP][PASSED] - waitForElementClickable(findTestObject("Dashboard Page/Profile button"), 2): Object 'Object Repository/Dashboard Page/Profile button' is clickable

14-03-2024T19:00:23 - [MESSAGE][PASSED] - Object 'Object Repository/Dashboard Page/Profile button' is clickable

14-03-2024T19:00:23 - [TEST_STEP][PASSED] - mouseOver(findTestObject("Dashboard Page/Profile button")): Object: 'Object Repository/Dashboard Page/Profile button' is hovered

14-03-2024T19:00:24 - [MESSAGE][PASSED] - Object: 'Object Repository/Dashboard Page/Profile button' is hovered

14-03-2024T19:00:24 - [TEST_STEP][PASSED] - click(findTestObject("Dashboard Page/Profile button")): Object: 'Object Repository/Dashboard Page/Profile button' is clicked on

14-03-2024T19:00:24 - [MESSAGE][PASSED] - Object: 'Object Repository/Dashboard Page/Profile button' is clicked on

14-03-2024T19:00:24 - [TEST_STEP][PASSED] - mouseOver(findTestObject("Dashboard Page/Profile menu-Logout")): Object: 'Object Repository/Dashboard Page/Profile menu-Logout' is hovered

14-03-2024T19:00:25 - [MESSAGE][PASSED] - Object: 'Object Repository/Dashboard Page/Profile menu-Logout' is hovered

14-03-2024T19:00:25 - [TEST_STEP][PASSED] - click(findTestObject("Dashboard Page/Profile menu-Logout")): Object: 'Object Repository/Dashboard Page/Profile menu-Logout' is clicked on

14-03-2024T19:00:25 - [MESSAGE][PASSED] - Object: 'Object Repository/Dashboard Page/Profile menu-Logout' is clicked on

14-03-2024T19:00:25 - [TEST_STEP][PASSED] - verifyElementPresent(findTestObject("Login Page/DAlogo"), 2): Object 'Object Repository/Login Page/DAlogo' is present

14-03-2024T19:00:27 - [MESSAGE][PASSED] - Object 'Object Repository/Login Page/DAlogo' is present

14-03-2024T19:00:27 - [TEST_STEP][PASSED] - setText(findTestObject("Object Repository/Login Page/Login input field"), "KatalonAdmin"): Text 'KatalonAdmin' is set on object 'Object Repository/Login Page/Login input field'

14-03-2024T19:00:27 - [MESSAGE][PASSED] - Text 'KatalonAdmin' is set on object 'Object Repository/Login Page/Login input field'

14-03-2024T19:00:27 - [TEST_STEP][PASSED] - setEncryptedText(findTestObject("Object Repository/Login Page/Password input field"), "4nvbrPglk7k="): Text ****** has been set on object 'Object Repository/Login Page/Password input field'

14-03-2024T19:00:28 - [MESSAGE][PASSED] - Text ****** has been set on object 'Object Repository/Login Page/Password input field'

14-03-2024T19:00:28 - [TEST_STEP][PASSED] - click(findTestObject("Object Repository/Login Page/button_Log in")): Object: 'Object Repository/Login Page/button_Log in' is clicked on

14-03-2024T19:00:28 - [MESSAGE][PASSED] - Object: 'Object Repository/Login Page/button_Log in' is clicked on

14-03-2024T19:00:28 - [TEST_STEP][PASSED] - delay(4): Delayed 4 second(s)

14-03-2024T19:00:32 - [MESSAGE][PASSED] - Delayed 4 second(s)

14-03-2024T19:00:32 - [TEST_STEP][PASSED] - takeFullPageScreenshot(): Taking screenshot successfully

14-03-2024T19:00:32 - [MESSAGE][INFO] - 0 hidden object(s)

14-03-2024T19:00:32 - [MESSAGE][PASSED] - Taking screenshot successfully
[[ATTACHMENT|C:\\Users\\Home\\git\\Katalon\\Reports\\20240314_185925\\Publisher\\20240314_185925\\1710432032415.png]]

14-03-2024T19:00:32 - [TEST_STEP][PASSED] - click(findTestObject("Dashboard Page/Profile button")): Object: 'Object Repository/Dashboard Page/Profile button' is clicked on

14-03-2024T19:00:33 - [MESSAGE][PASSED] - Object: 'Object Repository/Dashboard Page/Profile button' is clicked on

14-03-2024T19:00:33 - [TEST_STEP][PASSED] - mouseOver(findTestObject("Dashboard Page/Profile menu-Logout")): Object: 'Object Repository/Dashboard Page/Profile menu-Logout' is hovered

14-03-2024T19:00:33 - [MESSAGE][PASSED] - Object: 'Object Repository/Dashboard Page/Profile menu-Logout' is hovered

14-03-2024T19:00:33 - [TEST_STEP][PASSED] - click(findTestObject("Dashboard Page/Profile menu-Logout")): Object: 'Object Repository/Dashboard Page/Profile menu-Logout' is clicked on

14-03-2024T19:00:34 - [MESSAGE][PASSED] - Object: 'Object Repository/Dashboard Page/Profile menu-Logout' is clicked on

14-03-2024T19:00:34 - [TEST_STEP][PASSED] - setText(findTestObject("Object Repository/Login Page/Login input field"), "Zoya"): Text 'Zoya' is set on object 'Object Repository/Login Page/Login input field'

14-03-2024T19:00:36 - [MESSAGE][PASSED] - Text 'Zoya' is set on object 'Object Repository/Login Page/Login input field'

14-03-2024T19:00:36 - [TEST_STEP][PASSED] - setEncryptedText(findTestObject("Object Repository/Login Page/Password input field"), "tzH6RvlfSTg="): Text ****** has been set on object 'Object Repository/Login Page/Password input field'

14-03-2024T19:00:36 - [MESSAGE][PASSED] - Text ****** has been set on object 'Object Repository/Login Page/Password input field']]></system-out>
         <system-err><![CDATA[]]></system-err>
      </testcase>
      <system-out><![CDATA[14-03-2024T18:59:30 - [TEST_SUITE][PASSED] - Publisher: Test Cases/Publisher/Re-login with created publisher (TC-52)]]></system-out>
      <system-err><![CDATA[]]></system-err>
   </testsuite>
</testsuites>
