<?xml version="1.0" encoding="UTF-8"?>
<testsuites name="Video Alerts" time="237.101" tests="7" failures="0" errors="0">
   <testsuite name="Video Alerts" tests="7" failures="0" errors="0" time="237.101" skipped="0" timestamp="2024-02-26 09:26:02" hostname="Home - 192.168.1.100" id="Test Suites/Video Alerts">
      <properties>
         <property name="deviceName" value=""/>
         <property name="devicePlatform" value=""/>
         <property name="logFolder" value="C:\\Users\\Home\\git\\Katalon\\Reports\\20240226_085815\\Video Alerts\\20240226_085831"/>
         <property name="logFiles" value="C:\\Users\\Home\\git\\Katalon\\Reports\\20240226_085815\\Video Alerts\\20240226_085831\\execution0.log"/>
         <property name="attachments" value="C:\\Users\\Home\\git\\Katalon\\Reports\\20240226_085815\\Video Alerts\\20240226_085831\\1708928801549.png, C:\\Users\\Home\\git\\Katalon\\Reports\\20240226_085815\\Video Alerts\\20240226_085831\\1708928806267.png, C:\\Users\\Home\\git\\Katalon\\Reports\\20240226_085815\\Video Alerts\\20240226_085831\\1708928960809.png, C:\\Users\\Home\\git\\Katalon\\Reports\\20240226_085815\\Video Alerts\\20240226_085831\\1708928993922.png"/>
         <property name="hostName" value="Home - 192.168.1.100"/>
         <property name="os" value="Windows 11 64bit"/>
         <property name="katalonVersion" value="9.0.0.212"/>
         <property name="browser" value="Chrome 121.0.0.0"/>
         <property name="hostAddress" value="192.168.1.100"/>
         <property name="sessionId" value="3b4fb29348c1004cbc7941321413d744"/>
         <property name="seleniumVersion" value="3.141.59"/>
         <property name="proxyInformation" value="ProxyInformation { proxyOption=NO_PROXY, proxyServerType=HTTP, username=, password=********, proxyServerAddress=, proxyServerPort=0, executionList=&quot;&quot;, isApplyToDesiredCapabilities=true }"/>
         <property name="platform" value="Windows 11"/>
      </properties>
      <testcase name="Test Cases/Login Test Cases/Login with Valid Credentials" time="12.716" classname="Test Cases/Login Test Cases/Login with Valid Credentials" status="PASSED">
         <system-out><![CDATA[2024-02-26 09:26:02 - [TEST_CASE][PASSED] - Test Cases/Login Test Cases/Login with Valid Credentials: Test Cases/Login Test Cases/Login with Valid Credentials

2024-02-26 09:26:03 - [TEST_STEP][PASSED] - openBrowser(""): Browser is opened with url: ''

2024-02-26 09:26:03 - [MESSAGE][INFO] - Starting 'Chrome' driver

2024-02-26 09:26:03 - [MESSAGE][INFO] - Action delay is set to 0 milliseconds

2024-02-26 09:26:04 - [MESSAGE][PASSED] - Browser is opened with url: ''

2024-02-26 09:26:04 - [TEST_STEP][PASSED] - navigateToUrl("https://dadebug.commclouds.com/Demo/admin/auth"): Navigate to 'https://dadebug.commclouds.com/Demo/admin/auth' successfully

2024-02-26 09:26:05 - [MESSAGE][PASSED] - Navigate to 'https://dadebug.commclouds.com/Demo/admin/auth' successfully

2024-02-26 09:26:05 - [TEST_STEP][PASSED] - waitForPageLoad(3): Wait for page load successfully

2024-02-26 09:26:05 - [MESSAGE][PASSED] - Wait for page load successfully

2024-02-26 09:26:05 - [TEST_STEP][PASSED] - maximizeWindow(): Current window maximized

2024-02-26 09:26:06 - [MESSAGE][PASSED] - Current window maximized

2024-02-26 09:26:06 - [TEST_STEP][PASSED] - verifyElementPresent(findTestObject("Login Page/DAlogo"), 2): Object 'Object Repository/Login Page/DAlogo' is present

2024-02-26 09:26:06 - [MESSAGE][PASSED] - Object 'Object Repository/Login Page/DAlogo' is present

2024-02-26 09:26:06 - [TEST_STEP][PASSED] - verifyElementPresent(findTestObject("Login Page/Version number"), 2): Object 'Object Repository/Login Page/Version number' is present

2024-02-26 09:26:07 - [MESSAGE][PASSED] - Object 'Object Repository/Login Page/Version number' is present

2024-02-26 09:26:07 - [TEST_STEP][PASSED] - verifyElementText(findTestObject("Login Page/Version number"), "Version: 11.4.0.1 (stage/11)"): Actual text and expected text of test object 'Object Repository/Login Page/Version number' are matched.

2024-02-26 09:26:07 - [MESSAGE][PASSED] - Actual text and expected text of test object 'Object Repository/Login Page/Version number' are matched.

2024-02-26 09:26:07 - [TEST_STEP][PASSED] - setText(findTestObject("Object Repository/Login Page/Login input field"), "Zoya"): Text 'Zoya' is set on object 'Object Repository/Login Page/Login input field'

2024-02-26 09:26:08 - [MESSAGE][PASSED] - Text 'Zoya' is set on object 'Object Repository/Login Page/Login input field'

2024-02-26 09:26:08 - [TEST_STEP][PASSED] - setEncryptedText(findTestObject("Object Repository/Login Page/Password input field"), "tzH6RvlfSTg="): Text ****** has been set on object 'Object Repository/Login Page/Password input field'

2024-02-26 09:26:08 - [MESSAGE][PASSED] - Text ****** has been set on object 'Object Repository/Login Page/Password input field'

2024-02-26 09:26:08 - [TEST_STEP][PASSED] - click(findTestObject("Object Repository/Login Page/button_Log in")): Object: 'Object Repository/Login Page/button_Log in' is clicked on

2024-02-26 09:26:08 - [MESSAGE][PASSED] - Object: 'Object Repository/Login Page/button_Log in' is clicked on

2024-02-26 09:26:08 - [TEST_STEP][PASSED] - delay(4): Delayed 4 second(s)

2024-02-26 09:26:12 - [MESSAGE][PASSED] - Delayed 4 second(s)

2024-02-26 09:26:12 - [TEST_STEP][PASSED] - verifyElementPresent(findTestObject("Object Repository/Login Page/h1_Dashboard"), 4): Object 'Object Repository/Login Page/h1_Dashboard' is present

2024-02-26 09:26:13 - [MESSAGE][PASSED] - Object 'Object Repository/Login Page/h1_Dashboard' is present]]></system-out>
         <system-err><![CDATA[]]></system-err>
      </testcase>
      <testcase name="Test Cases/Video Alerts/Send Video Alert with MP4 (TC-43)" time="55.89" classname="Test Cases/Video Alerts/Send Video Alert with MP4 (TC-43)" status="PASSED">
         <system-out><![CDATA[2024-02-26 09:26:15 - [TEST_CASE][PASSED] - Test Cases/Video Alerts/Send Video Alert with MP4 (TC-43): Test Cases/Video Alerts/Send Video Alert with MP4 (TC-43)

2024-02-26 09:26:15 - [TEST_STEP][PASSED] - click(findTestObject("Dashboard Page/Compose alert button expansion")): Object: 'Object Repository/Dashboard Page/Compose alert button expansion' is clicked on

2024-02-26 09:26:15 - [MESSAGE][PASSED] - Object: 'Object Repository/Dashboard Page/Compose alert button expansion' is clicked on

2024-02-26 09:26:15 - [TEST_STEP][PASSED] - click(findTestObject("Dashboard Page/Video Alerts")): Object: 'Object Repository/Dashboard Page/Video Alerts' is clicked on

2024-02-26 09:26:16 - [MESSAGE][PASSED] - Object: 'Object Repository/Dashboard Page/Video Alerts' is clicked on

2024-02-26 09:26:16 - [TEST_STEP][PASSED] - verifyElementText(findTestObject("Wallpapers/Create Wallpaper Header"), "Create Video Alert"): Actual text and expected text of test object 'Object Repository/Wallpapers/Create Wallpaper Header' are matched.

2024-02-26 09:26:19 - [MESSAGE][PASSED] - Actual text and expected text of test object 'Object Repository/Wallpapers/Create Wallpaper Header' are matched.

2024-02-26 09:26:19 - [TEST_STEP][PASSED] - click(findTestObject("Video Alert/Videoalert more btn")): Object: 'Object Repository/Video Alert/Videoalert more btn' is clicked on

2024-02-26 09:26:19 - [MESSAGE][PASSED] - Object: 'Object Repository/Video Alert/Videoalert more btn' is clicked on

2024-02-26 09:26:19 - [TEST_STEP][PASSED] - callTestCase(findTestCase("Built-in test cases/Choose recipients"), [:], STOP_ON_FAILURE): Call Test Case 'Test Cases/Built-in test cases/Choose recipients' successfully

2024-02-26 09:26:19 - [TEST_CASE][PASSED] - Test Cases/Built-in test cases/Choose recipients: Test Cases/Built-in test cases/Choose recipients

2024-02-26 09:26:19 - [TEST_STEP][PASSED] - click(findTestObject("Create Pop-up Alert Page/Choose recipients modal window/Filter field")): Object: 'Object Repository/Create Pop-up Alert Page/Choose recipients modal window/Filter field' is clicked on

2024-02-26 09:26:20 - [MESSAGE][PASSED] - Object: 'Object Repository/Create Pop-up Alert Page/Choose recipients modal window/Filter field' is clicked on

2024-02-26 09:26:20 - [TEST_STEP][PASSED] - setText(findTestObject("Create Pop-up Alert Page/Choose recipients modal window/Filter field"), "LAPTOP-E6BU4LL9"): Text 'LAPTOP-E6BU4LL9' is set on object 'Object Repository/Create Pop-up Alert Page/Choose recipients modal window/Filter field'

2024-02-26 09:26:21 - [MESSAGE][PASSED] - Text 'LAPTOP-E6BU4LL9' is set on object 'Object Repository/Create Pop-up Alert Page/Choose recipients modal window/Filter field'

2024-02-26 09:26:21 - [TEST_STEP][PASSED] - verifyElementText(findTestObject("Create Pop-up Alert Page/Choose recipients modal window/All user list-filtered"), "LAPTOP-E6BU4LL9 "): Actual text and expected text of test object 'Object Repository/Create Pop-up Alert Page/Choose recipients modal window/All user list-filtered' are matched.

2024-02-26 09:26:23 - [MESSAGE][PASSED] - Actual text and expected text of test object 'Object Repository/Create Pop-up Alert Page/Choose recipients modal window/All user list-filtered' are matched.

2024-02-26 09:26:23 - [TEST_STEP][PASSED] - click(findTestObject("Create Pop-up Alert Page/Choose recipients modal window/filtered user selection")): Object: 'Object Repository/Create Pop-up Alert Page/Choose recipients modal window/filtered user selection' is clicked on

2024-02-26 09:26:23 - [MESSAGE][PASSED] - Object: 'Object Repository/Create Pop-up Alert Page/Choose recipients modal window/filtered user selection' is clicked on

2024-02-26 09:26:23 - [TEST_STEP][PASSED] - click(findTestObject("Create Pop-up Alert Page/Choose recipients modal window/Filter field")): Object: 'Object Repository/Create Pop-up Alert Page/Choose recipients modal window/Filter field' is clicked on

2024-02-26 09:26:23 - [MESSAGE][PASSED] - Object: 'Object Repository/Create Pop-up Alert Page/Choose recipients modal window/Filter field' is clicked on

2024-02-26 09:26:23 - [TEST_STEP][PASSED] - sendKeys(findTestObject("Create Pop-up Alert Page/Choose recipients modal window/Filter field"), Keys.chord(CONTROL, "a", BACK_SPACE)): Keys 'CONTROL + BACK_SPACE + a' sent to object: 'Object Repository/Create Pop-up Alert Page/Choose recipients modal window/Filter field'

2024-02-26 09:26:24 - [MESSAGE][PASSED] - Keys 'CONTROL + BACK_SPACE + a' sent to object: 'Object Repository/Create Pop-up Alert Page/Choose recipients modal window/Filter field'

2024-02-26 09:26:24 - [TEST_STEP][PASSED] - setText(findTestObject("Create Pop-up Alert Page/Choose recipients modal window/Filter field"), "DESKTOP-9UH6GK7"): Text 'DESKTOP-9UH6GK7' is set on object 'Object Repository/Create Pop-up Alert Page/Choose recipients modal window/Filter field'

2024-02-26 09:26:25 - [MESSAGE][PASSED] - Text 'DESKTOP-9UH6GK7' is set on object 'Object Repository/Create Pop-up Alert Page/Choose recipients modal window/Filter field'

2024-02-26 09:26:25 - [TEST_STEP][PASSED] - verifyElementText(findTestObject("Create Pop-up Alert Page/Choose recipients modal window/All user list-filtered"), "DESKTOP-9UH6GK7 "): Actual text and expected text of test object 'Object Repository/Create Pop-up Alert Page/Choose recipients modal window/All user list-filtered' are matched.

2024-02-26 09:26:26 - [MESSAGE][PASSED] - Actual text and expected text of test object 'Object Repository/Create Pop-up Alert Page/Choose recipients modal window/All user list-filtered' are matched.

2024-02-26 09:26:26 - [TEST_STEP][PASSED] - click(findTestObject("Create Pop-up Alert Page/Choose recipients modal window/filtered user selection")): Object: 'Object Repository/Create Pop-up Alert Page/Choose recipients modal window/filtered user selection' is clicked on

2024-02-26 09:26:27 - [MESSAGE][PASSED] - Object: 'Object Repository/Create Pop-up Alert Page/Choose recipients modal window/filtered user selection' is clicked on

2024-02-26 09:26:27 - [TEST_STEP][PASSED] - click(findTestObject("Wallpapers/Done")): Object: 'Object Repository/Wallpapers/Done' is clicked on

2024-02-26 09:26:27 - [MESSAGE][PASSED] - Object: 'Object Repository/Wallpapers/Done' is clicked on

2024-02-26 09:26:27 - [MESSAGE][PASSED] - Call Test Case 'Test Cases/Built-in test cases/Choose recipients' successfully

2024-02-26 09:26:27 - [TEST_STEP][PASSED] - setText(findTestObject("Create Pop-up Alert Page/Alert Title field"), "TC-43"): Text 'TC-43' is set on object 'Object Repository/Create Pop-up Alert Page/Alert Title field'

2024-02-26 09:26:28 - [MESSAGE][PASSED] - Text 'TC-43' is set on object 'Object Repository/Create Pop-up Alert Page/Alert Title field'

2024-02-26 09:26:28 - [TEST_STEP][PASSED] - verifyElementPresent(findTestObject("Video Alert/Videoalert upload area"), 2): Object 'Object Repository/Video Alert/Videoalert upload area' is present

2024-02-26 09:26:28 - [MESSAGE][PASSED] - Object 'Object Repository/Video Alert/Videoalert upload area' is present

2024-02-26 09:26:28 - [TEST_STEP][PASSED] - uploadFileWithDragAndDrop(findTestObject("Video Alert/Videoalert upload area"), "C:\Users\Home\git\Katalon\video\rabbit.mp4"): null

2024-02-26 09:26:29 - [TEST_STEP][PASSED] - delay(5): Delayed 5 second(s)

2024-02-26 09:26:34 - [MESSAGE][PASSED] - Delayed 5 second(s)

2024-02-26 09:26:34 - [TEST_STEP][PASSED] - getAttribute(findTestObject("Video alerts/uploaded video file"), "src"): Attribute 'src' of object 'Object Repository/Video alerts/uploaded video file' is: 'null'

2024-02-26 09:26:34 - [MESSAGE][PASSED] - Attribute 'src' of object 'Object Repository/Video alerts/uploaded video file' is: 'null'

2024-02-26 09:26:34 - [TEST_STEP][PASSED] - click(findTestObject("Video alerts/Video alert description")): Object: 'Object Repository/Video alerts/Video alert description' is clicked on

2024-02-26 09:26:34 - [MESSAGE][PASSED] - Object: 'Object Repository/Video alerts/Video alert description' is clicked on

2024-02-26 09:26:34 - [TEST_STEP][PASSED] - setText(findTestObject("Video alerts/Video alert description"), "Hello! This is automated MP4 video alert from Katalon"): Text 'Hello! This is automated MP4 video alert from Katalon' is set on object 'Object Repository/Video alerts/Video alert description'

2024-02-26 09:26:36 - [MESSAGE][PASSED] - Text 'Hello! This is automated MP4 video alert from Katalon' is set on object 'Object Repository/Video alerts/Video alert description'

2024-02-26 09:26:36 - [TEST_STEP][PASSED] - click(findTestObject("Wallpapers/Send wallpaper button")): Object: 'Object Repository/Wallpapers/Send wallpaper button' is clicked on

2024-02-26 09:26:36 - [MESSAGE][PASSED] - Object: 'Object Repository/Wallpapers/Send wallpaper button' is clicked on

2024-02-26 09:26:36 - [TEST_STEP][PASSED] - waitForPageLoad(2): Wait for page load successfully

2024-02-26 09:26:36 - [MESSAGE][PASSED] - Wait for page load successfully

2024-02-26 09:26:36 - [TEST_STEP][PASSED] - setText(findTestObject("Pop-up Alerts page/Search by title field"), "TC-43"): Text 'TC-43' is set on object 'Object Repository/Pop-up Alerts page/Search by title field'

2024-02-26 09:26:39 - [MESSAGE][PASSED] - Text 'TC-43' is set on object 'Object Repository/Pop-up Alerts page/Search by title field'

2024-02-26 09:26:39 - [TEST_STEP][PASSED] - verifyElementText(findTestObject("Pop-up Alerts page/Filtered sent alert"), "TC-43"): Actual text and expected text of test object 'Object Repository/Pop-up Alerts page/Filtered sent alert' are matched.

2024-02-26 09:26:39 - [MESSAGE][PASSED] - Actual text and expected text of test object 'Object Repository/Pop-up Alerts page/Filtered sent alert' are matched.

2024-02-26 09:26:39 - [TEST_STEP][NOT_RUN] - click(findTestObject("Survey/3dots Actions")): NOT_RUN: click(findTestObject("Survey/3dots Actions"))

2024-02-26 09:26:39 - [MESSAGE][NOT_RUN] - NOT_RUN: click(findTestObject("Survey/3dots Actions"))

2024-02-26 09:26:39 - [TEST_STEP][NOT_RUN] - mouseOver(findTestObject("Pop-up Alerts page/Stop-Start alert")): NOT_RUN: mouseOver(findTestObject("Pop-up Alerts page/Stop-Start alert"))

2024-02-26 09:26:39 - [MESSAGE][NOT_RUN] - NOT_RUN: mouseOver(findTestObject("Pop-up Alerts page/Stop-Start alert"))

2024-02-26 09:26:39 - [TEST_STEP][NOT_RUN] - click(findTestObject("Pop-up Alerts page/Stop-Start alert")): NOT_RUN: click(findTestObject("Pop-up Alerts page/Stop-Start alert"))

2024-02-26 09:26:39 - [MESSAGE][NOT_RUN] - NOT_RUN: click(findTestObject("Pop-up Alerts page/Stop-Start alert"))

2024-02-26 09:26:39 - [TEST_STEP][NOT_RUN] - verifyElementPresent(findTestObject("Pop-up Alerts page/Stopped status"), 2): NOT_RUN: verifyElementPresent(findTestObject("Pop-up Alerts page/Stopped status"), 2)

2024-02-26 09:26:39 - [MESSAGE][NOT_RUN] - NOT_RUN: verifyElementPresent(findTestObject("Pop-up Alerts page/Stopped status"), 2)

2024-02-26 09:26:39 - [TEST_STEP][PASSED] - click(findTestObject("Survey/3dots Actions")): Object: 'Object Repository/Survey/3dots Actions' is clicked on

2024-02-26 09:26:40 - [MESSAGE][PASSED] - Object: 'Object Repository/Survey/3dots Actions' is clicked on

2024-02-26 09:26:40 - [TEST_STEP][PASSED] - click(findTestObject("Pop-up Alerts page/View graph")): Object: 'Object Repository/Pop-up Alerts page/View graph' is clicked on

2024-02-26 09:26:41 - [MESSAGE][PASSED] - Object: 'Object Repository/Pop-up Alerts page/View graph' is clicked on

2024-02-26 09:26:41 - [TEST_STEP][PASSED] - takeElementScreenshot(findTestObject("Pop-up Alerts page/View graph image")): Taking screenshot successfully

2024-02-26 09:26:41 - [MESSAGE][WARNING] - Timeout '0' is invalid. Using default page load timeout: '30'

2024-02-26 09:26:42 - [MESSAGE][INFO] - 0 hidden object(s)

2024-02-26 09:26:42 - [MESSAGE][PASSED] - Taking screenshot successfully
[[ATTACHMENT|C:\\Users\\Home\\git\\Katalon\\Reports\\20240226_085815\\Video Alerts\\20240226_085831\\1708928801549.png]]

2024-02-26 09:26:42 - [TEST_STEP][PASSED] - click(findTestObject("Pop-up Alerts page/view graph close btn")): Object: 'Object Repository/Pop-up Alerts page/view graph close btn' is clicked on

2024-02-26 09:26:43 - [MESSAGE][PASSED] - Object: 'Object Repository/Pop-up Alerts page/view graph close btn' is clicked on

2024-02-26 09:26:43 - [TEST_STEP][PASSED] - click(findTestObject("Survey/3dots Actions")): Object: 'Object Repository/Survey/3dots Actions' is clicked on

2024-02-26 09:26:44 - [MESSAGE][PASSED] - Object: 'Object Repository/Survey/3dots Actions' is clicked on

2024-02-26 09:26:44 - [TEST_STEP][PASSED] - click(findTestObject("Pop-up Alerts page/Preview in actions menu")): Object: 'Object Repository/Pop-up Alerts page/Preview in actions menu' is clicked on

2024-02-26 09:26:45 - [MESSAGE][PASSED] - Object: 'Object Repository/Pop-up Alerts page/Preview in actions menu' is clicked on

2024-02-26 09:26:45 - [TEST_STEP][PASSED] - switchToFrame(findTestObject("Create Pop-up Alert Page/Preview alert iframe"), 2): null

2024-02-26 09:26:46 - [TEST_STEP][PASSED] - takeFullPageScreenshot([]): Taking screenshot successfully

2024-02-26 09:26:46 - [MESSAGE][INFO] - 0 hidden object(s)

2024-02-26 09:26:46 - [MESSAGE][INFO] - 0 hidden object(s)

2024-02-26 09:26:46 - [MESSAGE][PASSED] - Taking screenshot successfully
[[ATTACHMENT|C:\\Users\\Home\\git\\Katalon\\Reports\\20240226_085815\\Video Alerts\\20240226_085831\\1708928806267.png]]

2024-02-26 09:26:46 - [TEST_STEP][PASSED] - click(findTestObject("Create Pop-up Alert Page/close alert preview")): Object: 'Object Repository/Create Pop-up Alert Page/close alert preview' is clicked on

2024-02-26 09:26:47 - [MESSAGE][PASSED] - Object: 'Object Repository/Create Pop-up Alert Page/close alert preview' is clicked on

2024-02-26 09:26:47 - [TEST_STEP][PASSED] - switchToDefaultContent(): null

2024-02-26 09:26:47 - [TEST_STEP][PASSED] - click(findTestObject("Survey/3dots Actions")): Object: 'Object Repository/Survey/3dots Actions' is clicked on

2024-02-26 09:26:47 - [MESSAGE][PASSED] - Object: 'Object Repository/Survey/3dots Actions' is clicked on

2024-02-26 09:26:47 - [TEST_STEP][PASSED] - click(findTestObject("Pop-up Alerts page/Duplicate alert")): Object: 'Object Repository/Pop-up Alerts page/Duplicate alert' is clicked on

2024-02-26 09:26:48 - [MESSAGE][PASSED] - Object: 'Object Repository/Pop-up Alerts page/Duplicate alert' is clicked on

2024-02-26 09:26:48 - [TEST_STEP][PASSED] - sendKeys(findTestObject("Create Pop-up Alert Page/Alert Title field"), Keys.chord(CONTROL, "a", BACK_SPACE)): Keys 'CONTROL + BACK_SPACE + a' sent to object: 'Object Repository/Create Pop-up Alert Page/Alert Title field'

2024-02-26 09:26:50 - [MESSAGE][PASSED] - Keys 'CONTROL + BACK_SPACE + a' sent to object: 'Object Repository/Create Pop-up Alert Page/Alert Title field'

2024-02-26 09:26:50 - [TEST_STEP][PASSED] - setText(findTestObject("Create Pop-up Alert Page/Alert Title field"), "Duplicate video alert"): Text 'Duplicate video alert' is set on object 'Object Repository/Create Pop-up Alert Page/Alert Title field'

2024-02-26 09:26:51 - [MESSAGE][PASSED] - Text 'Duplicate video alert' is set on object 'Object Repository/Create Pop-up Alert Page/Alert Title field'

2024-02-26 09:26:51 - [TEST_STEP][PASSED] - click(findTestObject("Wallpapers/Send wallpaper button")): Object: 'Object Repository/Wallpapers/Send wallpaper button' is clicked on

2024-02-26 09:26:52 - [MESSAGE][PASSED] - Object: 'Object Repository/Wallpapers/Send wallpaper button' is clicked on

2024-02-26 09:26:52 - [TEST_STEP][PASSED] - waitForPageLoad(2): Wait for page load successfully

2024-02-26 09:26:52 - [MESSAGE][PASSED] - Wait for page load successfully

2024-02-26 09:26:52 - [TEST_STEP][PASSED] - setText(findTestObject("Pop-up Alerts page/Search by title field"), "TC-43"): Text 'TC-43' is set on object 'Object Repository/Pop-up Alerts page/Search by title field'

2024-02-26 09:26:53 - [MESSAGE][PASSED] - Text 'TC-43' is set on object 'Object Repository/Pop-up Alerts page/Search by title field'

2024-02-26 09:26:53 - [TEST_STEP][PASSED] - waitForPageLoad(2): Wait for page load successfully

2024-02-26 09:26:53 - [MESSAGE][PASSED] - Wait for page load successfully

2024-02-26 09:26:53 - [TEST_STEP][PASSED] - waitForElementClickable(findTestObject("Survey/3dots Actions"), 2): Object 'Object Repository/Survey/3dots Actions' is clickable

2024-02-26 09:26:54 - [MESSAGE][PASSED] - Object 'Object Repository/Survey/3dots Actions' is clickable

2024-02-26 09:26:54 - [TEST_STEP][PASSED] - click(findTestObject("Survey/3dots Actions")): Object: 'Object Repository/Survey/3dots Actions' is clicked on

2024-02-26 09:26:55 - [MESSAGE][PASSED] - Object: 'Object Repository/Survey/3dots Actions' is clicked on

2024-02-26 09:26:55 - [TEST_STEP][PASSED] - waitForElementClickable(findTestObject("Pop-up Alerts page/resend alert from actions menu"), 2): Object 'Object Repository/Pop-up Alerts page/resend alert from actions menu' is clickable

2024-02-26 09:26:55 - [MESSAGE][PASSED] - Object 'Object Repository/Pop-up Alerts page/resend alert from actions menu' is clickable

2024-02-26 09:26:55 - [TEST_STEP][PASSED] - click(findTestObject("Pop-up Alerts page/resend alert from actions menu")): Object: 'Object Repository/Pop-up Alerts page/resend alert from actions menu' is clicked on

2024-02-26 09:26:56 - [MESSAGE][PASSED] - Object: 'Object Repository/Pop-up Alerts page/resend alert from actions menu' is clicked on

2024-02-26 09:26:56 - [TEST_STEP][PASSED] - click(findTestObject("Pop-up Alerts page/Resend btn")): Object: 'Object Repository/Pop-up Alerts page/Resend btn' is clicked on

2024-02-26 09:26:56 - [MESSAGE][PASSED] - Object: 'Object Repository/Pop-up Alerts page/Resend btn' is clicked on

2024-02-26 09:26:56 - [TEST_STEP][PASSED] - sendKeys(findTestObject("Pop-up Alerts page/Search by title field"), Keys.chord(CONTROL, "a", BACK_SPACE)): Keys 'CONTROL + BACK_SPACE + a' sent to object: 'Object Repository/Pop-up Alerts page/Search by title field'

2024-02-26 09:26:57 - [MESSAGE][PASSED] - Keys 'CONTROL + BACK_SPACE + a' sent to object: 'Object Repository/Pop-up Alerts page/Search by title field'

2024-02-26 09:26:57 - [TEST_STEP][PASSED] - setText(findTestObject("Pop-up Alerts page/Search by title field"), "TC-43"): Text 'TC-43' is set on object 'Object Repository/Pop-up Alerts page/Search by title field'

2024-02-26 09:26:59 - [MESSAGE][PASSED] - Text 'TC-43' is set on object 'Object Repository/Pop-up Alerts page/Search by title field'

2024-02-26 09:26:59 - [TEST_STEP][PASSED] - verifyElementClickable(findTestObject("Pop-up Alerts page/Select all checkbox")): Object 'Object Repository/Pop-up Alerts page/Select all checkbox' is clickable

2024-02-26 09:27:00 - [MESSAGE][PASSED] - Object 'Object Repository/Pop-up Alerts page/Select all checkbox' is clickable

2024-02-26 09:27:00 - [TEST_STEP][PASSED] - check(findTestObject("Pop-up Alerts page/Select all checkbox")): Object 'Object Repository/Pop-up Alerts page/Select all checkbox' is checked

2024-02-26 09:27:01 - [MESSAGE][PASSED] - Object 'Object Repository/Pop-up Alerts page/Select all checkbox' is checked

2024-02-26 09:27:01 - [TEST_STEP][PASSED] - verifyElementChecked(findTestObject("Pop-up Alerts page/Select all checkbox"), 1): Object 'Object Repository/Pop-up Alerts page/Select all checkbox' is checked

2024-02-26 09:27:01 - [MESSAGE][PASSED] - Object 'Object Repository/Pop-up Alerts page/Select all checkbox' is checked

2024-02-26 09:27:01 - [TEST_STEP][PASSED] - click(findTestObject("Pop-up Alerts page/delete all")): Object: 'Object Repository/Pop-up Alerts page/delete all' is clicked on

2024-02-26 09:27:02 - [MESSAGE][PASSED] - Object: 'Object Repository/Pop-up Alerts page/delete all' is clicked on

2024-02-26 09:27:02 - [TEST_STEP][PASSED] - click(findTestObject("Pop-up Alerts page/Confirm deletion btn")): Object: 'Object Repository/Pop-up Alerts page/Confirm deletion btn' is clicked on

2024-02-26 09:27:03 - [MESSAGE][PASSED] - Object: 'Object Repository/Pop-up Alerts page/Confirm deletion btn' is clicked on

2024-02-26 09:27:03 - [TEST_STEP][PASSED] - sendKeys(findTestObject("Pop-up Alerts page/Search by title field"), Keys.chord(CONTROL, "a", BACK_SPACE)): Keys 'CONTROL + BACK_SPACE + a' sent to object: 'Object Repository/Pop-up Alerts page/Search by title field'

2024-02-26 09:27:04 - [MESSAGE][PASSED] - Keys 'CONTROL + BACK_SPACE + a' sent to object: 'Object Repository/Pop-up Alerts page/Search by title field'

2024-02-26 09:27:04 - [TEST_STEP][PASSED] - setText(findTestObject("Pop-up Alerts page/Search by title field"), "Duplicate video alert"): Text 'Duplicate video alert' is set on object 'Object Repository/Pop-up Alerts page/Search by title field'

2024-02-26 09:27:06 - [MESSAGE][PASSED] - Text 'Duplicate video alert' is set on object 'Object Repository/Pop-up Alerts page/Search by title field'

2024-02-26 09:27:06 - [TEST_STEP][PASSED] - waitForElementClickable(findTestObject("Create Pop-up Alert Page/sent alerts checkbox"), 2): Object 'Object Repository/Create Pop-up Alert Page/sent alerts checkbox' is clickable

2024-02-26 09:27:06 - [MESSAGE][PASSED] - Object 'Object Repository/Create Pop-up Alert Page/sent alerts checkbox' is clickable

2024-02-26 09:27:06 - [TEST_STEP][PASSED] - check(findTestObject("Create Pop-up Alert Page/sent alerts checkbox")): Object 'Object Repository/Create Pop-up Alert Page/sent alerts checkbox' is checked

2024-02-26 09:27:07 - [MESSAGE][PASSED] - Object 'Object Repository/Create Pop-up Alert Page/sent alerts checkbox' is checked

2024-02-26 09:27:07 - [TEST_STEP][PASSED] - verifyElementChecked(findTestObject("Create Pop-up Alert Page/sent alerts checkbox"), 2): Object 'Object Repository/Create Pop-up Alert Page/sent alerts checkbox' is checked

2024-02-26 09:27:07 - [MESSAGE][PASSED] - Object 'Object Repository/Create Pop-up Alert Page/sent alerts checkbox' is checked

2024-02-26 09:27:08 - [TEST_STEP][PASSED] - click(findTestObject("Pop-up Alerts page/delete all")): Object: 'Object Repository/Pop-up Alerts page/delete all' is clicked on

2024-02-26 09:27:08 - [MESSAGE][PASSED] - Object: 'Object Repository/Pop-up Alerts page/delete all' is clicked on

2024-02-26 09:27:08 - [TEST_STEP][PASSED] - click(findTestObject("Pop-up Alerts page/Confirm deletion btn")): Object: 'Object Repository/Pop-up Alerts page/Confirm deletion btn' is clicked on

2024-02-26 09:27:09 - [MESSAGE][PASSED] - Object: 'Object Repository/Pop-up Alerts page/Confirm deletion btn' is clicked on]]></system-out>
         <system-err><![CDATA[]]></system-err>
      </testcase>
      <testcase name="Test Cases/Video Alerts/Send Video Alert with AVI (TC-44)" time="34.862" classname="Test Cases/Video Alerts/Send Video Alert with AVI (TC-44)" status="PASSED">
         <system-out><![CDATA[2024-02-26 09:27:11 - [TEST_CASE][PASSED] - Test Cases/Video Alerts/Send Video Alert with AVI (TC-44): Test Cases/Video Alerts/Send Video Alert with AVI (TC-44)

2024-02-26 09:27:11 - [TEST_STEP][PASSED] - click(findTestObject("Pop-up Alerts page/New alert button")): Object: 'Object Repository/Pop-up Alerts page/New alert button' is clicked on

2024-02-26 09:27:11 - [MESSAGE][PASSED] - Object: 'Object Repository/Pop-up Alerts page/New alert button' is clicked on

2024-02-26 09:27:11 - [TEST_STEP][PASSED] - verifyElementText(findTestObject("Wallpapers/Create Wallpaper Header"), "Create Video Alert"): Actual text and expected text of test object 'Object Repository/Wallpapers/Create Wallpaper Header' are matched.

2024-02-26 09:27:14 - [MESSAGE][PASSED] - Actual text and expected text of test object 'Object Repository/Wallpapers/Create Wallpaper Header' are matched.

2024-02-26 09:27:14 - [TEST_STEP][PASSED] - click(findTestObject("Video Alert/Videoalert more btn")): Object: 'Object Repository/Video Alert/Videoalert more btn' is clicked on

2024-02-26 09:27:14 - [MESSAGE][PASSED] - Object: 'Object Repository/Video Alert/Videoalert more btn' is clicked on

2024-02-26 09:27:14 - [TEST_STEP][PASSED] - callTestCase(findTestCase("Built-in test cases/Choose recipients"), [:], STOP_ON_FAILURE): Call Test Case 'Test Cases/Built-in test cases/Choose recipients' successfully

2024-02-26 09:27:14 - [TEST_CASE][PASSED] - Test Cases/Built-in test cases/Choose recipients: Test Cases/Built-in test cases/Choose recipients

2024-02-26 09:27:14 - [TEST_STEP][PASSED] - click(findTestObject("Create Pop-up Alert Page/Choose recipients modal window/Filter field")): Object: 'Object Repository/Create Pop-up Alert Page/Choose recipients modal window/Filter field' is clicked on

2024-02-26 09:27:15 - [MESSAGE][PASSED] - Object: 'Object Repository/Create Pop-up Alert Page/Choose recipients modal window/Filter field' is clicked on

2024-02-26 09:27:15 - [TEST_STEP][PASSED] - setText(findTestObject("Create Pop-up Alert Page/Choose recipients modal window/Filter field"), "LAPTOP-E6BU4LL9"): Text 'LAPTOP-E6BU4LL9' is set on object 'Object Repository/Create Pop-up Alert Page/Choose recipients modal window/Filter field'

2024-02-26 09:27:16 - [MESSAGE][PASSED] - Text 'LAPTOP-E6BU4LL9' is set on object 'Object Repository/Create Pop-up Alert Page/Choose recipients modal window/Filter field'

2024-02-26 09:27:16 - [TEST_STEP][PASSED] - verifyElementText(findTestObject("Create Pop-up Alert Page/Choose recipients modal window/All user list-filtered"), "LAPTOP-E6BU4LL9 "): Actual text and expected text of test object 'Object Repository/Create Pop-up Alert Page/Choose recipients modal window/All user list-filtered' are matched.

2024-02-26 09:27:18 - [MESSAGE][PASSED] - Actual text and expected text of test object 'Object Repository/Create Pop-up Alert Page/Choose recipients modal window/All user list-filtered' are matched.

2024-02-26 09:27:18 - [TEST_STEP][PASSED] - click(findTestObject("Create Pop-up Alert Page/Choose recipients modal window/filtered user selection")): Object: 'Object Repository/Create Pop-up Alert Page/Choose recipients modal window/filtered user selection' is clicked on

2024-02-26 09:27:18 - [MESSAGE][PASSED] - Object: 'Object Repository/Create Pop-up Alert Page/Choose recipients modal window/filtered user selection' is clicked on

2024-02-26 09:27:18 - [TEST_STEP][PASSED] - click(findTestObject("Create Pop-up Alert Page/Choose recipients modal window/Filter field")): Object: 'Object Repository/Create Pop-up Alert Page/Choose recipients modal window/Filter field' is clicked on

2024-02-26 09:27:19 - [MESSAGE][PASSED] - Object: 'Object Repository/Create Pop-up Alert Page/Choose recipients modal window/Filter field' is clicked on

2024-02-26 09:27:19 - [TEST_STEP][PASSED] - sendKeys(findTestObject("Create Pop-up Alert Page/Choose recipients modal window/Filter field"), Keys.chord(CONTROL, "a", BACK_SPACE)): Keys 'CONTROL + BACK_SPACE + a' sent to object: 'Object Repository/Create Pop-up Alert Page/Choose recipients modal window/Filter field'

2024-02-26 09:27:19 - [MESSAGE][PASSED] - Keys 'CONTROL + BACK_SPACE + a' sent to object: 'Object Repository/Create Pop-up Alert Page/Choose recipients modal window/Filter field'

2024-02-26 09:27:19 - [TEST_STEP][PASSED] - setText(findTestObject("Create Pop-up Alert Page/Choose recipients modal window/Filter field"), "DESKTOP-9UH6GK7"): Text 'DESKTOP-9UH6GK7' is set on object 'Object Repository/Create Pop-up Alert Page/Choose recipients modal window/Filter field'

2024-02-26 09:27:20 - [MESSAGE][PASSED] - Text 'DESKTOP-9UH6GK7' is set on object 'Object Repository/Create Pop-up Alert Page/Choose recipients modal window/Filter field'

2024-02-26 09:27:20 - [TEST_STEP][PASSED] - verifyElementText(findTestObject("Create Pop-up Alert Page/Choose recipients modal window/All user list-filtered"), "DESKTOP-9UH6GK7 "): Actual text and expected text of test object 'Object Repository/Create Pop-up Alert Page/Choose recipients modal window/All user list-filtered' are matched.

2024-02-26 09:27:22 - [MESSAGE][PASSED] - Actual text and expected text of test object 'Object Repository/Create Pop-up Alert Page/Choose recipients modal window/All user list-filtered' are matched.

2024-02-26 09:27:22 - [TEST_STEP][PASSED] - click(findTestObject("Create Pop-up Alert Page/Choose recipients modal window/filtered user selection")): Object: 'Object Repository/Create Pop-up Alert Page/Choose recipients modal window/filtered user selection' is clicked on

2024-02-26 09:27:22 - [MESSAGE][PASSED] - Object: 'Object Repository/Create Pop-up Alert Page/Choose recipients modal window/filtered user selection' is clicked on

2024-02-26 09:27:22 - [TEST_STEP][PASSED] - click(findTestObject("Wallpapers/Done")): Object: 'Object Repository/Wallpapers/Done' is clicked on

2024-02-26 09:27:23 - [MESSAGE][PASSED] - Object: 'Object Repository/Wallpapers/Done' is clicked on

2024-02-26 09:27:23 - [MESSAGE][PASSED] - Call Test Case 'Test Cases/Built-in test cases/Choose recipients' successfully

2024-02-26 09:27:23 - [TEST_STEP][PASSED] - setText(findTestObject("Create Pop-up Alert Page/Alert Title field"), "TC-44"): Text 'TC-44' is set on object 'Object Repository/Create Pop-up Alert Page/Alert Title field'

2024-02-26 09:27:23 - [MESSAGE][PASSED] - Text 'TC-44' is set on object 'Object Repository/Create Pop-up Alert Page/Alert Title field'

2024-02-26 09:27:23 - [TEST_STEP][PASSED] - verifyElementPresent(findTestObject("Video Alert/Videoalert upload area"), 2): Object 'Object Repository/Video Alert/Videoalert upload area' is present

2024-02-26 09:27:24 - [MESSAGE][PASSED] - Object 'Object Repository/Video Alert/Videoalert upload area' is present

2024-02-26 09:27:24 - [TEST_STEP][PASSED] - uploadFileWithDragAndDrop(findTestObject("Video Alert/Videoalert upload area"), "C:\Users\Home\git\Katalon\video\earth.avi"): null

2024-02-26 09:27:24 - [TEST_STEP][PASSED] - delay(5): Delayed 5 second(s)

2024-02-26 09:27:29 - [MESSAGE][PASSED] - Delayed 5 second(s)

2024-02-26 09:27:29 - [TEST_STEP][PASSED] - getAttribute(findTestObject("Video alerts/uploaded video file"), "src"): Attribute 'src' of object 'Object Repository/Video alerts/uploaded video file' is: 'null'

2024-02-26 09:27:39 - [MESSAGE][PASSED] - Attribute 'src' of object 'Object Repository/Video alerts/uploaded video file' is: 'null'

2024-02-26 09:27:39 - [TEST_STEP][PASSED] - click(findTestObject("Video alerts/Video alert description")): Object: 'Object Repository/Video alerts/Video alert description' is clicked on

2024-02-26 09:27:39 - [MESSAGE][PASSED] - Object: 'Object Repository/Video alerts/Video alert description' is clicked on

2024-02-26 09:27:39 - [TEST_STEP][PASSED] - setText(findTestObject("Video alerts/Video alert description"), "Hello! This is automated AVI video alert from Katalon"): Text 'Hello! This is automated AVI video alert from Katalon' is set on object 'Object Repository/Video alerts/Video alert description'

2024-02-26 09:27:41 - [MESSAGE][PASSED] - Text 'Hello! This is automated AVI video alert from Katalon' is set on object 'Object Repository/Video alerts/Video alert description'

2024-02-26 09:27:41 - [TEST_STEP][PASSED] - click(findTestObject("Wallpapers/Send wallpaper button")): Object: 'Object Repository/Wallpapers/Send wallpaper button' is clicked on

2024-02-26 09:27:42 - [MESSAGE][PASSED] - Object: 'Object Repository/Wallpapers/Send wallpaper button' is clicked on

2024-02-26 09:27:42 - [TEST_STEP][PASSED] - waitForPageLoad(2): Wait for page load successfully

2024-02-26 09:27:42 - [MESSAGE][PASSED] - Wait for page load successfully

2024-02-26 09:27:42 - [TEST_STEP][PASSED] - setText(findTestObject("Pop-up Alerts page/Search by title field"), "TC-44"): Text 'TC-44' is set on object 'Object Repository/Pop-up Alerts page/Search by title field'

2024-02-26 09:27:43 - [MESSAGE][PASSED] - Text 'TC-44' is set on object 'Object Repository/Pop-up Alerts page/Search by title field'

2024-02-26 09:27:43 - [TEST_STEP][PASSED] - verifyElementText(findTestObject("Pop-up Alerts page/Filtered sent alert"), "TC-44"): Actual text and expected text of test object 'Object Repository/Pop-up Alerts page/Filtered sent alert' are matched.

2024-02-26 09:27:43 - [MESSAGE][PASSED] - Actual text and expected text of test object 'Object Repository/Pop-up Alerts page/Filtered sent alert' are matched.]]></system-out>
         <system-err><![CDATA[]]></system-err>
      </testcase>
      <testcase name="Test Cases/Video Alerts/Send Video Alert with WMV (TC-45)" time="25.371" classname="Test Cases/Video Alerts/Send Video Alert with WMV (TC-45)" status="PASSED">
         <system-out><![CDATA[2024-02-26 09:27:46 - [TEST_CASE][PASSED] - Test Cases/Video Alerts/Send Video Alert with WMV (TC-45): Test Cases/Video Alerts/Send Video Alert with WMV (TC-45)

2024-02-26 09:27:46 - [TEST_STEP][PASSED] - click(findTestObject("Dashboard Page/Compose alert button expansion")): Object: 'Object Repository/Dashboard Page/Compose alert button expansion' is clicked on

2024-02-26 09:27:46 - [MESSAGE][PASSED] - Object: 'Object Repository/Dashboard Page/Compose alert button expansion' is clicked on

2024-02-26 09:27:46 - [TEST_STEP][PASSED] - click(findTestObject("Dashboard Page/Video Alerts")): Object: 'Object Repository/Dashboard Page/Video Alerts' is clicked on

2024-02-26 09:27:47 - [MESSAGE][PASSED] - Object: 'Object Repository/Dashboard Page/Video Alerts' is clicked on

2024-02-26 09:27:47 - [TEST_STEP][PASSED] - verifyElementText(findTestObject("Wallpapers/Create Wallpaper Header"), "Create Video Alert"): Actual text and expected text of test object 'Object Repository/Wallpapers/Create Wallpaper Header' are matched.

2024-02-26 09:27:49 - [MESSAGE][PASSED] - Actual text and expected text of test object 'Object Repository/Wallpapers/Create Wallpaper Header' are matched.

2024-02-26 09:27:49 - [TEST_STEP][PASSED] - click(findTestObject("Video Alert/Videoalert more btn")): Object: 'Object Repository/Video Alert/Videoalert more btn' is clicked on

2024-02-26 09:27:50 - [MESSAGE][PASSED] - Object: 'Object Repository/Video Alert/Videoalert more btn' is clicked on

2024-02-26 09:27:50 - [TEST_STEP][PASSED] - callTestCase(findTestCase("Built-in test cases/Choose recipients"), [:], STOP_ON_FAILURE): Call Test Case 'Test Cases/Built-in test cases/Choose recipients' successfully

2024-02-26 09:27:50 - [TEST_CASE][PASSED] - Test Cases/Built-in test cases/Choose recipients: Test Cases/Built-in test cases/Choose recipients

2024-02-26 09:27:50 - [TEST_STEP][PASSED] - click(findTestObject("Create Pop-up Alert Page/Choose recipients modal window/Filter field")): Object: 'Object Repository/Create Pop-up Alert Page/Choose recipients modal window/Filter field' is clicked on

2024-02-26 09:27:50 - [MESSAGE][PASSED] - Object: 'Object Repository/Create Pop-up Alert Page/Choose recipients modal window/Filter field' is clicked on

2024-02-26 09:27:50 - [TEST_STEP][PASSED] - setText(findTestObject("Create Pop-up Alert Page/Choose recipients modal window/Filter field"), "LAPTOP-E6BU4LL9"): Text 'LAPTOP-E6BU4LL9' is set on object 'Object Repository/Create Pop-up Alert Page/Choose recipients modal window/Filter field'

2024-02-26 09:27:51 - [MESSAGE][PASSED] - Text 'LAPTOP-E6BU4LL9' is set on object 'Object Repository/Create Pop-up Alert Page/Choose recipients modal window/Filter field'

2024-02-26 09:27:51 - [TEST_STEP][PASSED] - verifyElementText(findTestObject("Create Pop-up Alert Page/Choose recipients modal window/All user list-filtered"), "LAPTOP-E6BU4LL9 "): Actual text and expected text of test object 'Object Repository/Create Pop-up Alert Page/Choose recipients modal window/All user list-filtered' are matched.

2024-02-26 09:27:53 - [MESSAGE][PASSED] - Actual text and expected text of test object 'Object Repository/Create Pop-up Alert Page/Choose recipients modal window/All user list-filtered' are matched.

2024-02-26 09:27:53 - [TEST_STEP][PASSED] - click(findTestObject("Create Pop-up Alert Page/Choose recipients modal window/filtered user selection")): Object: 'Object Repository/Create Pop-up Alert Page/Choose recipients modal window/filtered user selection' is clicked on

2024-02-26 09:27:53 - [MESSAGE][PASSED] - Object: 'Object Repository/Create Pop-up Alert Page/Choose recipients modal window/filtered user selection' is clicked on

2024-02-26 09:27:53 - [TEST_STEP][PASSED] - click(findTestObject("Create Pop-up Alert Page/Choose recipients modal window/Filter field")): Object: 'Object Repository/Create Pop-up Alert Page/Choose recipients modal window/Filter field' is clicked on

2024-02-26 09:27:54 - [MESSAGE][PASSED] - Object: 'Object Repository/Create Pop-up Alert Page/Choose recipients modal window/Filter field' is clicked on

2024-02-26 09:27:54 - [TEST_STEP][PASSED] - sendKeys(findTestObject("Create Pop-up Alert Page/Choose recipients modal window/Filter field"), Keys.chord(CONTROL, "a", BACK_SPACE)): Keys 'CONTROL + BACK_SPACE + a' sent to object: 'Object Repository/Create Pop-up Alert Page/Choose recipients modal window/Filter field'

2024-02-26 09:27:54 - [MESSAGE][PASSED] - Keys 'CONTROL + BACK_SPACE + a' sent to object: 'Object Repository/Create Pop-up Alert Page/Choose recipients modal window/Filter field'

2024-02-26 09:27:54 - [TEST_STEP][PASSED] - setText(findTestObject("Create Pop-up Alert Page/Choose recipients modal window/Filter field"), "DESKTOP-9UH6GK7"): Text 'DESKTOP-9UH6GK7' is set on object 'Object Repository/Create Pop-up Alert Page/Choose recipients modal window/Filter field'

2024-02-26 09:27:55 - [MESSAGE][PASSED] - Text 'DESKTOP-9UH6GK7' is set on object 'Object Repository/Create Pop-up Alert Page/Choose recipients modal window/Filter field'

2024-02-26 09:27:55 - [TEST_STEP][PASSED] - verifyElementText(findTestObject("Create Pop-up Alert Page/Choose recipients modal window/All user list-filtered"), "DESKTOP-9UH6GK7 "): Actual text and expected text of test object 'Object Repository/Create Pop-up Alert Page/Choose recipients modal window/All user list-filtered' are matched.

2024-02-26 09:27:57 - [MESSAGE][PASSED] - Actual text and expected text of test object 'Object Repository/Create Pop-up Alert Page/Choose recipients modal window/All user list-filtered' are matched.

2024-02-26 09:27:57 - [TEST_STEP][PASSED] - click(findTestObject("Create Pop-up Alert Page/Choose recipients modal window/filtered user selection")): Object: 'Object Repository/Create Pop-up Alert Page/Choose recipients modal window/filtered user selection' is clicked on

2024-02-26 09:27:57 - [MESSAGE][PASSED] - Object: 'Object Repository/Create Pop-up Alert Page/Choose recipients modal window/filtered user selection' is clicked on

2024-02-26 09:27:57 - [TEST_STEP][PASSED] - click(findTestObject("Wallpapers/Done")): Object: 'Object Repository/Wallpapers/Done' is clicked on

2024-02-26 09:27:58 - [MESSAGE][PASSED] - Object: 'Object Repository/Wallpapers/Done' is clicked on

2024-02-26 09:27:58 - [MESSAGE][PASSED] - Call Test Case 'Test Cases/Built-in test cases/Choose recipients' successfully

2024-02-26 09:27:58 - [TEST_STEP][PASSED] - setText(findTestObject("Create Pop-up Alert Page/Alert Title field"), "TC-45"): Text 'TC-45' is set on object 'Object Repository/Create Pop-up Alert Page/Alert Title field'

2024-02-26 09:27:58 - [MESSAGE][PASSED] - Text 'TC-45' is set on object 'Object Repository/Create Pop-up Alert Page/Alert Title field'

2024-02-26 09:27:58 - [TEST_STEP][PASSED] - verifyElementPresent(findTestObject("Video Alert/Videoalert upload area"), 2): Object 'Object Repository/Video Alert/Videoalert upload area' is present

2024-02-26 09:27:59 - [MESSAGE][PASSED] - Object 'Object Repository/Video Alert/Videoalert upload area' is present

2024-02-26 09:27:59 - [TEST_STEP][PASSED] - uploadFileWithDragAndDrop(findTestObject("Video Alert/Videoalert upload area"), "C:\Users\Home\git\Katalon\video\seaside.wmv"): null

2024-02-26 09:27:59 - [TEST_STEP][PASSED] - delay(5): Delayed 5 second(s)

2024-02-26 09:28:04 - [MESSAGE][PASSED] - Delayed 5 second(s)

2024-02-26 09:28:04 - [TEST_STEP][PASSED] - getAttribute(findTestObject("Video alerts/uploaded video file"), "src"): Attribute 'src' of object 'Object Repository/Video alerts/uploaded video file' is: 'null'

2024-02-26 09:28:05 - [MESSAGE][PASSED] - Attribute 'src' of object 'Object Repository/Video alerts/uploaded video file' is: 'null'

2024-02-26 09:28:05 - [TEST_STEP][PASSED] - click(findTestObject("Video alerts/Video alert description")): Object: 'Object Repository/Video alerts/Video alert description' is clicked on

2024-02-26 09:28:05 - [MESSAGE][PASSED] - Object: 'Object Repository/Video alerts/Video alert description' is clicked on

2024-02-26 09:28:05 - [TEST_STEP][PASSED] - setText(findTestObject("Video alerts/Video alert description"), "Hello! This is automated WMV video alert from Katalon"): Text 'Hello! This is automated WMV video alert from Katalon' is set on object 'Object Repository/Video alerts/Video alert description'

2024-02-26 09:28:06 - [MESSAGE][PASSED] - Text 'Hello! This is automated WMV video alert from Katalon' is set on object 'Object Repository/Video alerts/Video alert description'

2024-02-26 09:28:06 - [TEST_STEP][PASSED] - click(findTestObject("Wallpapers/Send wallpaper button")): Object: 'Object Repository/Wallpapers/Send wallpaper button' is clicked on

2024-02-26 09:28:07 - [MESSAGE][PASSED] - Object: 'Object Repository/Wallpapers/Send wallpaper button' is clicked on

2024-02-26 09:28:07 - [TEST_STEP][PASSED] - waitForPageLoad(2): Wait for page load successfully

2024-02-26 09:28:07 - [MESSAGE][PASSED] - Wait for page load successfully

2024-02-26 09:28:07 - [TEST_STEP][PASSED] - setText(findTestObject("Pop-up Alerts page/Search by title field"), "TC-45"): Text 'TC-45' is set on object 'Object Repository/Pop-up Alerts page/Search by title field'

2024-02-26 09:28:09 - [MESSAGE][PASSED] - Text 'TC-45' is set on object 'Object Repository/Pop-up Alerts page/Search by title field'

2024-02-26 09:28:09 - [TEST_STEP][PASSED] - verifyElementText(findTestObject("Pop-up Alerts page/Filtered sent alert"), "TC-45"): Actual text and expected text of test object 'Object Repository/Pop-up Alerts page/Filtered sent alert' are matched.

2024-02-26 09:28:09 - [MESSAGE][PASSED] - Actual text and expected text of test object 'Object Repository/Pop-up Alerts page/Filtered sent alert' are matched.]]></system-out>
         <system-err><![CDATA[]]></system-err>
      </testcase>
      <testcase name="Test Cases/Video Alerts/Send Video Alert with video from the server (TC-46)" time="44.396" classname="Test Cases/Video Alerts/Send Video Alert with video from the server (TC-46)" status="PASSED">
         <system-out><![CDATA[2024-02-26 09:28:11 - [TEST_CASE][PASSED] - Test Cases/Video Alerts/Send Video Alert with video from the server (TC-46): Test Cases/Video Alerts/Send Video Alert with video from the server (TC-46)

2024-02-26 09:28:11 - [TEST_STEP][PASSED] - click(findTestObject("Dashboard Page/Compose alert button expansion")): Object: 'Object Repository/Dashboard Page/Compose alert button expansion' is clicked on

2024-02-26 09:28:11 - [MESSAGE][PASSED] - Object: 'Object Repository/Dashboard Page/Compose alert button expansion' is clicked on

2024-02-26 09:28:11 - [TEST_STEP][PASSED] - click(findTestObject("Dashboard Page/Video Alerts")): Object: 'Object Repository/Dashboard Page/Video Alerts' is clicked on

2024-02-26 09:28:12 - [MESSAGE][PASSED] - Object: 'Object Repository/Dashboard Page/Video Alerts' is clicked on

2024-02-26 09:28:12 - [TEST_STEP][PASSED] - verifyElementText(findTestObject("Wallpapers/Create Wallpaper Header"), "Create Video Alert"): Actual text and expected text of test object 'Object Repository/Wallpapers/Create Wallpaper Header' are matched.

2024-02-26 09:28:15 - [MESSAGE][PASSED] - Actual text and expected text of test object 'Object Repository/Wallpapers/Create Wallpaper Header' are matched.

2024-02-26 09:28:15 - [TEST_STEP][PASSED] - click(findTestObject("Video Alert/Videoalert more btn")): Object: 'Object Repository/Video Alert/Videoalert more btn' is clicked on

2024-02-26 09:28:15 - [MESSAGE][PASSED] - Object: 'Object Repository/Video Alert/Videoalert more btn' is clicked on

2024-02-26 09:28:15 - [TEST_STEP][PASSED] - callTestCase(findTestCase("Built-in test cases/Choose recipients"), [:], STOP_ON_FAILURE): Call Test Case 'Test Cases/Built-in test cases/Choose recipients' successfully

2024-02-26 09:28:15 - [TEST_CASE][PASSED] - Test Cases/Built-in test cases/Choose recipients: Test Cases/Built-in test cases/Choose recipients

2024-02-26 09:28:15 - [TEST_STEP][PASSED] - click(findTestObject("Create Pop-up Alert Page/Choose recipients modal window/Filter field")): Object: 'Object Repository/Create Pop-up Alert Page/Choose recipients modal window/Filter field' is clicked on

2024-02-26 09:28:16 - [MESSAGE][PASSED] - Object: 'Object Repository/Create Pop-up Alert Page/Choose recipients modal window/Filter field' is clicked on

2024-02-26 09:28:16 - [TEST_STEP][PASSED] - setText(findTestObject("Create Pop-up Alert Page/Choose recipients modal window/Filter field"), "LAPTOP-E6BU4LL9"): Text 'LAPTOP-E6BU4LL9' is set on object 'Object Repository/Create Pop-up Alert Page/Choose recipients modal window/Filter field'

2024-02-26 09:28:17 - [MESSAGE][PASSED] - Text 'LAPTOP-E6BU4LL9' is set on object 'Object Repository/Create Pop-up Alert Page/Choose recipients modal window/Filter field'

2024-02-26 09:28:17 - [TEST_STEP][PASSED] - verifyElementText(findTestObject("Create Pop-up Alert Page/Choose recipients modal window/All user list-filtered"), "LAPTOP-E6BU4LL9 "): Actual text and expected text of test object 'Object Repository/Create Pop-up Alert Page/Choose recipients modal window/All user list-filtered' are matched.

2024-02-26 09:28:18 - [MESSAGE][PASSED] - Actual text and expected text of test object 'Object Repository/Create Pop-up Alert Page/Choose recipients modal window/All user list-filtered' are matched.

2024-02-26 09:28:18 - [TEST_STEP][PASSED] - click(findTestObject("Create Pop-up Alert Page/Choose recipients modal window/filtered user selection")): Object: 'Object Repository/Create Pop-up Alert Page/Choose recipients modal window/filtered user selection' is clicked on

2024-02-26 09:28:19 - [MESSAGE][PASSED] - Object: 'Object Repository/Create Pop-up Alert Page/Choose recipients modal window/filtered user selection' is clicked on

2024-02-26 09:28:19 - [TEST_STEP][PASSED] - click(findTestObject("Create Pop-up Alert Page/Choose recipients modal window/Filter field")): Object: 'Object Repository/Create Pop-up Alert Page/Choose recipients modal window/Filter field' is clicked on

2024-02-26 09:28:19 - [MESSAGE][PASSED] - Object: 'Object Repository/Create Pop-up Alert Page/Choose recipients modal window/Filter field' is clicked on

2024-02-26 09:28:19 - [TEST_STEP][PASSED] - sendKeys(findTestObject("Create Pop-up Alert Page/Choose recipients modal window/Filter field"), Keys.chord(CONTROL, "a", BACK_SPACE)): Keys 'CONTROL + BACK_SPACE + a' sent to object: 'Object Repository/Create Pop-up Alert Page/Choose recipients modal window/Filter field'

2024-02-26 09:28:20 - [MESSAGE][PASSED] - Keys 'CONTROL + BACK_SPACE + a' sent to object: 'Object Repository/Create Pop-up Alert Page/Choose recipients modal window/Filter field'

2024-02-26 09:28:20 - [TEST_STEP][PASSED] - setText(findTestObject("Create Pop-up Alert Page/Choose recipients modal window/Filter field"), "DESKTOP-9UH6GK7"): Text 'DESKTOP-9UH6GK7' is set on object 'Object Repository/Create Pop-up Alert Page/Choose recipients modal window/Filter field'

2024-02-26 09:28:20 - [MESSAGE][PASSED] - Text 'DESKTOP-9UH6GK7' is set on object 'Object Repository/Create Pop-up Alert Page/Choose recipients modal window/Filter field'

2024-02-26 09:28:20 - [TEST_STEP][PASSED] - verifyElementText(findTestObject("Create Pop-up Alert Page/Choose recipients modal window/All user list-filtered"), "DESKTOP-9UH6GK7 "): Actual text and expected text of test object 'Object Repository/Create Pop-up Alert Page/Choose recipients modal window/All user list-filtered' are matched.

2024-02-26 09:28:22 - [MESSAGE][PASSED] - Actual text and expected text of test object 'Object Repository/Create Pop-up Alert Page/Choose recipients modal window/All user list-filtered' are matched.

2024-02-26 09:28:22 - [TEST_STEP][PASSED] - click(findTestObject("Create Pop-up Alert Page/Choose recipients modal window/filtered user selection")): Object: 'Object Repository/Create Pop-up Alert Page/Choose recipients modal window/filtered user selection' is clicked on

2024-02-26 09:28:22 - [MESSAGE][PASSED] - Object: 'Object Repository/Create Pop-up Alert Page/Choose recipients modal window/filtered user selection' is clicked on

2024-02-26 09:28:22 - [TEST_STEP][PASSED] - click(findTestObject("Wallpapers/Done")): Object: 'Object Repository/Wallpapers/Done' is clicked on

2024-02-26 09:28:23 - [MESSAGE][PASSED] - Object: 'Object Repository/Wallpapers/Done' is clicked on

2024-02-26 09:28:23 - [MESSAGE][PASSED] - Call Test Case 'Test Cases/Built-in test cases/Choose recipients' successfully

2024-02-26 09:28:23 - [TEST_STEP][PASSED] - setText(findTestObject("Create Pop-up Alert Page/Alert Title field"), "TC-46"): Text 'TC-46' is set on object 'Object Repository/Create Pop-up Alert Page/Alert Title field'

2024-02-26 09:28:24 - [MESSAGE][PASSED] - Text 'TC-46' is set on object 'Object Repository/Create Pop-up Alert Page/Alert Title field'

2024-02-26 09:28:24 - [TEST_STEP][PASSED] - verifyElementPresent(findTestObject("Video Alert/Videoalert upload area"), 2): Object 'Object Repository/Video Alert/Videoalert upload area' is present

2024-02-26 09:28:24 - [MESSAGE][PASSED] - Object 'Object Repository/Video Alert/Videoalert upload area' is present

2024-02-26 09:28:24 - [TEST_STEP][PASSED] - click(findTestObject("Video Alert/Select video from the server")): Object: 'Object Repository/Video Alert/Select video from the server' is clicked on

2024-02-26 09:28:24 - [MESSAGE][PASSED] - Object: 'Object Repository/Video Alert/Select video from the server' is clicked on

2024-02-26 09:28:24 - [TEST_STEP][PASSED] - click(findTestObject("Wallpapers/Select image from server button")): Object: 'Object Repository/Wallpapers/Select image from server button' is clicked on

2024-02-26 09:28:25 - [MESSAGE][PASSED] - Object: 'Object Repository/Wallpapers/Select image from server button' is clicked on

2024-02-26 09:28:25 - [TEST_STEP][PASSED] - click(findTestObject("Video alerts/First video from the server")): Object: 'Object Repository/Video alerts/First video from the server' is clicked on

2024-02-26 09:28:26 - [MESSAGE][PASSED] - Object: 'Object Repository/Video alerts/First video from the server' is clicked on

2024-02-26 09:28:26 - [TEST_STEP][PASSED] - delay(1): Delayed 1 second(s)

2024-02-26 09:28:27 - [MESSAGE][PASSED] - Delayed 1 second(s)

2024-02-26 09:28:27 - [TEST_STEP][NOT_RUN] - getAttribute(findTestObject("Video alerts/uploaded video file"), "src"): NOT_RUN: getAttribute(findTestObject("Video alerts/uploaded video file"), "src")

2024-02-26 09:28:27 - [MESSAGE][NOT_RUN] - NOT_RUN: getAttribute(findTestObject("Video alerts/uploaded video file"), "src")

2024-02-26 09:28:27 - [TEST_STEP][PASSED] - click(findTestObject("Video alerts/Video alert description")): Object: 'Object Repository/Video alerts/Video alert description' is clicked on

2024-02-26 09:28:27 - [MESSAGE][PASSED] - Object: 'Object Repository/Video alerts/Video alert description' is clicked on

2024-02-26 09:28:27 - [TEST_STEP][PASSED] - setText(findTestObject("Video alerts/Video alert description"), "Hello! This is automated video alert from Katalon"): Text 'Hello! This is automated video alert from Katalon' is set on object 'Object Repository/Video alerts/Video alert description'

2024-02-26 09:28:29 - [MESSAGE][PASSED] - Text 'Hello! This is automated video alert from Katalon' is set on object 'Object Repository/Video alerts/Video alert description'

2024-02-26 09:28:29 - [TEST_STEP][PASSED] - click(findTestObject("Wallpapers/Send wallpaper button")): Object: 'Object Repository/Wallpapers/Send wallpaper button' is clicked on

2024-02-26 09:28:29 - [MESSAGE][PASSED] - Object: 'Object Repository/Wallpapers/Send wallpaper button' is clicked on

2024-02-26 09:28:29 - [TEST_STEP][PASSED] - waitForPageLoad(2): Wait for page load successfully

2024-02-26 09:28:29 - [MESSAGE][PASSED] - Wait for page load successfully

2024-02-26 09:28:29 - [TEST_STEP][PASSED] - setText(findTestObject("Pop-up Alerts page/Search by title field"), "TC-46"): Text 'TC-46' is set on object 'Object Repository/Pop-up Alerts page/Search by title field'

2024-02-26 09:28:53 - [MESSAGE][PASSED] - Text 'TC-46' is set on object 'Object Repository/Pop-up Alerts page/Search by title field'

2024-02-26 09:28:53 - [TEST_STEP][PASSED] - verifyElementText(findTestObject("Pop-up Alerts page/Filtered sent alert"), "TC-46"): Actual text and expected text of test object 'Object Repository/Pop-up Alerts page/Filtered sent alert' are matched.

2024-02-26 09:28:53 - [MESSAGE][PASSED] - Actual text and expected text of test object 'Object Repository/Pop-up Alerts page/Filtered sent alert' are matched.]]></system-out>
         <system-err><![CDATA[]]></system-err>
      </testcase>
      <testcase name="Test Cases/Video Alerts/Draft Video Alert (TC-47)" time="33.606" classname="Test Cases/Video Alerts/Draft Video Alert (TC-47)" status="PASSED">
         <system-out><![CDATA[2024-02-26 09:28:55 - [TEST_CASE][PASSED] - Test Cases/Video Alerts/Draft Video Alert (TC-47): Test Cases/Video Alerts/Draft Video Alert (TC-47)

2024-02-26 09:28:55 - [TEST_STEP][PASSED] - click(findTestObject("Dashboard Page/Compose alert button expansion")): Object: 'Object Repository/Dashboard Page/Compose alert button expansion' is clicked on

2024-02-26 09:28:56 - [MESSAGE][PASSED] - Object: 'Object Repository/Dashboard Page/Compose alert button expansion' is clicked on

2024-02-26 09:28:56 - [TEST_STEP][PASSED] - click(findTestObject("Dashboard Page/Video Alerts")): Object: 'Object Repository/Dashboard Page/Video Alerts' is clicked on

2024-02-26 09:28:56 - [MESSAGE][PASSED] - Object: 'Object Repository/Dashboard Page/Video Alerts' is clicked on

2024-02-26 09:28:56 - [TEST_STEP][PASSED] - verifyElementText(findTestObject("Wallpapers/Create Wallpaper Header"), "Create Video Alert"): Actual text and expected text of test object 'Object Repository/Wallpapers/Create Wallpaper Header' are matched.

2024-02-26 09:28:59 - [MESSAGE][PASSED] - Actual text and expected text of test object 'Object Repository/Wallpapers/Create Wallpaper Header' are matched.

2024-02-26 09:28:59 - [TEST_STEP][PASSED] - click(findTestObject("Video Alert/Videoalert more btn")): Object: 'Object Repository/Video Alert/Videoalert more btn' is clicked on

2024-02-26 09:28:59 - [MESSAGE][PASSED] - Object: 'Object Repository/Video Alert/Videoalert more btn' is clicked on

2024-02-26 09:28:59 - [TEST_STEP][PASSED] - callTestCase(findTestCase("Built-in test cases/Choose recipients"), [:], STOP_ON_FAILURE): Call Test Case 'Test Cases/Built-in test cases/Choose recipients' successfully

2024-02-26 09:29:00 - [TEST_CASE][PASSED] - Test Cases/Built-in test cases/Choose recipients: Test Cases/Built-in test cases/Choose recipients

2024-02-26 09:29:00 - [TEST_STEP][PASSED] - click(findTestObject("Create Pop-up Alert Page/Choose recipients modal window/Filter field")): Object: 'Object Repository/Create Pop-up Alert Page/Choose recipients modal window/Filter field' is clicked on

2024-02-26 09:29:00 - [MESSAGE][PASSED] - Object: 'Object Repository/Create Pop-up Alert Page/Choose recipients modal window/Filter field' is clicked on

2024-02-26 09:29:00 - [TEST_STEP][PASSED] - setText(findTestObject("Create Pop-up Alert Page/Choose recipients modal window/Filter field"), "LAPTOP-E6BU4LL9"): Text 'LAPTOP-E6BU4LL9' is set on object 'Object Repository/Create Pop-up Alert Page/Choose recipients modal window/Filter field'

2024-02-26 09:29:01 - [MESSAGE][PASSED] - Text 'LAPTOP-E6BU4LL9' is set on object 'Object Repository/Create Pop-up Alert Page/Choose recipients modal window/Filter field'

2024-02-26 09:29:01 - [TEST_STEP][PASSED] - verifyElementText(findTestObject("Create Pop-up Alert Page/Choose recipients modal window/All user list-filtered"), "LAPTOP-E6BU4LL9 "): Actual text and expected text of test object 'Object Repository/Create Pop-up Alert Page/Choose recipients modal window/All user list-filtered' are matched.

2024-02-26 09:29:03 - [MESSAGE][PASSED] - Actual text and expected text of test object 'Object Repository/Create Pop-up Alert Page/Choose recipients modal window/All user list-filtered' are matched.

2024-02-26 09:29:03 - [TEST_STEP][PASSED] - click(findTestObject("Create Pop-up Alert Page/Choose recipients modal window/filtered user selection")): Object: 'Object Repository/Create Pop-up Alert Page/Choose recipients modal window/filtered user selection' is clicked on

2024-02-26 09:29:03 - [MESSAGE][PASSED] - Object: 'Object Repository/Create Pop-up Alert Page/Choose recipients modal window/filtered user selection' is clicked on

2024-02-26 09:29:03 - [TEST_STEP][PASSED] - click(findTestObject("Create Pop-up Alert Page/Choose recipients modal window/Filter field")): Object: 'Object Repository/Create Pop-up Alert Page/Choose recipients modal window/Filter field' is clicked on

2024-02-26 09:29:04 - [MESSAGE][PASSED] - Object: 'Object Repository/Create Pop-up Alert Page/Choose recipients modal window/Filter field' is clicked on

2024-02-26 09:29:04 - [TEST_STEP][PASSED] - sendKeys(findTestObject("Create Pop-up Alert Page/Choose recipients modal window/Filter field"), Keys.chord(CONTROL, "a", BACK_SPACE)): Keys 'CONTROL + BACK_SPACE + a' sent to object: 'Object Repository/Create Pop-up Alert Page/Choose recipients modal window/Filter field'

2024-02-26 09:29:04 - [MESSAGE][PASSED] - Keys 'CONTROL + BACK_SPACE + a' sent to object: 'Object Repository/Create Pop-up Alert Page/Choose recipients modal window/Filter field'

2024-02-26 09:29:04 - [TEST_STEP][PASSED] - setText(findTestObject("Create Pop-up Alert Page/Choose recipients modal window/Filter field"), "DESKTOP-9UH6GK7"): Text 'DESKTOP-9UH6GK7' is set on object 'Object Repository/Create Pop-up Alert Page/Choose recipients modal window/Filter field'

2024-02-26 09:29:05 - [MESSAGE][PASSED] - Text 'DESKTOP-9UH6GK7' is set on object 'Object Repository/Create Pop-up Alert Page/Choose recipients modal window/Filter field'

2024-02-26 09:29:05 - [TEST_STEP][PASSED] - verifyElementText(findTestObject("Create Pop-up Alert Page/Choose recipients modal window/All user list-filtered"), "DESKTOP-9UH6GK7 "): Actual text and expected text of test object 'Object Repository/Create Pop-up Alert Page/Choose recipients modal window/All user list-filtered' are matched.

2024-02-26 09:29:07 - [MESSAGE][PASSED] - Actual text and expected text of test object 'Object Repository/Create Pop-up Alert Page/Choose recipients modal window/All user list-filtered' are matched.

2024-02-26 09:29:07 - [TEST_STEP][PASSED] - click(findTestObject("Create Pop-up Alert Page/Choose recipients modal window/filtered user selection")): Object: 'Object Repository/Create Pop-up Alert Page/Choose recipients modal window/filtered user selection' is clicked on

2024-02-26 09:29:07 - [MESSAGE][PASSED] - Object: 'Object Repository/Create Pop-up Alert Page/Choose recipients modal window/filtered user selection' is clicked on

2024-02-26 09:29:07 - [TEST_STEP][PASSED] - click(findTestObject("Wallpapers/Done")): Object: 'Object Repository/Wallpapers/Done' is clicked on

2024-02-26 09:29:08 - [MESSAGE][PASSED] - Object: 'Object Repository/Wallpapers/Done' is clicked on

2024-02-26 09:29:08 - [MESSAGE][PASSED] - Call Test Case 'Test Cases/Built-in test cases/Choose recipients' successfully

2024-02-26 09:29:08 - [TEST_STEP][PASSED] - setText(findTestObject("Create Pop-up Alert Page/Alert Title field"), "TC-47"): Text 'TC-47' is set on object 'Object Repository/Create Pop-up Alert Page/Alert Title field'

2024-02-26 09:29:09 - [MESSAGE][PASSED] - Text 'TC-47' is set on object 'Object Repository/Create Pop-up Alert Page/Alert Title field'

2024-02-26 09:29:09 - [TEST_STEP][PASSED] - verifyElementPresent(findTestObject("Video Alert/Videoalert upload area"), 2): Object 'Object Repository/Video Alert/Videoalert upload area' is present

2024-02-26 09:29:09 - [MESSAGE][PASSED] - Object 'Object Repository/Video Alert/Videoalert upload area' is present

2024-02-26 09:29:09 - [TEST_STEP][PASSED] - click(findTestObject("Video Alert/Select video from the server")): Object: 'Object Repository/Video Alert/Select video from the server' is clicked on

2024-02-26 09:29:09 - [MESSAGE][PASSED] - Object: 'Object Repository/Video Alert/Select video from the server' is clicked on

2024-02-26 09:29:09 - [TEST_STEP][PASSED] - click(findTestObject("Wallpapers/Select image from server button")): Object: 'Object Repository/Wallpapers/Select image from server button' is clicked on

2024-02-26 09:29:10 - [MESSAGE][PASSED] - Object: 'Object Repository/Wallpapers/Select image from server button' is clicked on

2024-02-26 09:29:10 - [TEST_STEP][PASSED] - click(findTestObject("Video alerts/First video from the server")): Object: 'Object Repository/Video alerts/First video from the server' is clicked on

2024-02-26 09:29:10 - [MESSAGE][PASSED] - Object: 'Object Repository/Video alerts/First video from the server' is clicked on

2024-02-26 09:29:10 - [TEST_STEP][PASSED] - delay(1): Delayed 1 second(s)

2024-02-26 09:29:11 - [MESSAGE][PASSED] - Delayed 1 second(s)

2024-02-26 09:29:11 - [TEST_STEP][PASSED] - click(findTestObject("Video alerts/Video alert description")): Object: 'Object Repository/Video alerts/Video alert description' is clicked on

2024-02-26 09:29:12 - [MESSAGE][PASSED] - Object: 'Object Repository/Video alerts/Video alert description' is clicked on

2024-02-26 09:29:12 - [TEST_STEP][PASSED] - setText(findTestObject("Video alerts/Video alert description"), "Hello! This is automated Draft video alert from Katalon"): Text 'Hello! This is automated Draft video alert from Katalon' is set on object 'Object Repository/Video alerts/Video alert description'

2024-02-26 09:29:14 - [MESSAGE][PASSED] - Text 'Hello! This is automated Draft video alert from Katalon' is set on object 'Object Repository/Video alerts/Video alert description'

2024-02-26 09:29:14 - [TEST_STEP][PASSED] - click(findTestObject("Wallpapers/Save wallpaper button")): Object: 'Object Repository/Wallpapers/Save wallpaper button' is clicked on

2024-02-26 09:29:14 - [MESSAGE][PASSED] - Object: 'Object Repository/Wallpapers/Save wallpaper button' is clicked on

2024-02-26 09:29:14 - [TEST_STEP][PASSED] - waitForPageLoad(2): Wait for page load successfully

2024-02-26 09:29:14 - [MESSAGE][PASSED] - Wait for page load successfully

2024-02-26 09:29:14 - [TEST_STEP][PASSED] - click(findTestObject("Pop-up Alerts page/Draft tab")): Object: 'Object Repository/Pop-up Alerts page/Draft tab' is clicked on

2024-02-26 09:29:16 - [MESSAGE][PASSED] - Object: 'Object Repository/Pop-up Alerts page/Draft tab' is clicked on

2024-02-26 09:29:16 - [TEST_STEP][PASSED] - setText(findTestObject("Pop-up Alerts page/Search by title field"), "TC-47"): Text 'TC-47' is set on object 'Object Repository/Pop-up Alerts page/Search by title field'

2024-02-26 09:29:17 - [MESSAGE][PASSED] - Text 'TC-47' is set on object 'Object Repository/Pop-up Alerts page/Search by title field'

2024-02-26 09:29:17 - [TEST_STEP][PASSED] - verifyElementText(findTestObject("Pop-up Alerts page/Filtered sent alert"), "TC-47"): Actual text and expected text of test object 'Object Repository/Pop-up Alerts page/Filtered sent alert' are matched.

2024-02-26 09:29:17 - [MESSAGE][PASSED] - Actual text and expected text of test object 'Object Repository/Pop-up Alerts page/Filtered sent alert' are matched.

2024-02-26 09:29:17 - [TEST_STEP][PASSED] - click(findTestObject("Survey/3dots Actions")): Object: 'Object Repository/Survey/3dots Actions' is clicked on

2024-02-26 09:29:18 - [MESSAGE][PASSED] - Object: 'Object Repository/Survey/3dots Actions' is clicked on

2024-02-26 09:29:18 - [TEST_STEP][PASSED] - click(findTestObject("Pop-up Alerts page/Preview Draft alert Actions")): Object: 'Object Repository/Pop-up Alerts page/Preview Draft alert Actions' is clicked on

2024-02-26 09:29:19 - [MESSAGE][PASSED] - Object: 'Object Repository/Pop-up Alerts page/Preview Draft alert Actions' is clicked on

2024-02-26 09:29:19 - [TEST_STEP][PASSED] - switchToFrame(findTestObject("Create Pop-up Alert Page/Preview alert iframe"), 2): null

2024-02-26 09:29:20 - [TEST_STEP][PASSED] - takeFullPageScreenshot([]): Taking screenshot successfully

2024-02-26 09:29:20 - [MESSAGE][INFO] - 0 hidden object(s)

2024-02-26 09:29:21 - [MESSAGE][INFO] - 0 hidden object(s)

2024-02-26 09:29:21 - [MESSAGE][PASSED] - Taking screenshot successfully
[[ATTACHMENT|C:\\Users\\Home\\git\\Katalon\\Reports\\20240226_085815\\Video Alerts\\20240226_085831\\1708928960809.png]]

2024-02-26 09:29:21 - [TEST_STEP][PASSED] - click(findTestObject("Create Pop-up Alert Page/close alert preview")): Object: 'Object Repository/Create Pop-up Alert Page/close alert preview' is clicked on

2024-02-26 09:29:21 - [MESSAGE][PASSED] - Object: 'Object Repository/Create Pop-up Alert Page/close alert preview' is clicked on

2024-02-26 09:29:21 - [TEST_STEP][PASSED] - switchToDefaultContent(): null

2024-02-26 09:29:21 - [TEST_STEP][PASSED] - click(findTestObject("Survey/3dots Actions")): Object: 'Object Repository/Survey/3dots Actions' is clicked on

2024-02-26 09:29:22 - [MESSAGE][PASSED] - Object: 'Object Repository/Survey/3dots Actions' is clicked on

2024-02-26 09:29:22 - [TEST_STEP][PASSED] - click(findTestObject("Pop-up Alerts page/Edit Draft alert Actions")): Object: 'Object Repository/Pop-up Alerts page/Edit Draft alert Actions' is clicked on

2024-02-26 09:29:22 - [MESSAGE][PASSED] - Object: 'Object Repository/Pop-up Alerts page/Edit Draft alert Actions' is clicked on

2024-02-26 09:29:22 - [TEST_STEP][PASSED] - verifyElementText(findTestObject("Wallpapers/Create Wallpaper Header"), "Create Video Alert"): Actual text and expected text of test object 'Object Repository/Wallpapers/Create Wallpaper Header' are matched.

2024-02-26 09:29:25 - [MESSAGE][PASSED] - Actual text and expected text of test object 'Object Repository/Wallpapers/Create Wallpaper Header' are matched.

2024-02-26 09:29:25 - [TEST_STEP][PASSED] - click(findTestObject("Wallpapers/Save wallpaper button")): Object: 'Object Repository/Wallpapers/Save wallpaper button' is clicked on

2024-02-26 09:29:25 - [MESSAGE][PASSED] - Object: 'Object Repository/Wallpapers/Save wallpaper button' is clicked on

2024-02-26 09:29:25 - [TEST_STEP][PASSED] - verifyElementPresent(findTestObject("Pop-up Alerts page/Draft tab"), 2): Object 'Object Repository/Pop-up Alerts page/Draft tab' is present

2024-02-26 09:29:27 - [MESSAGE][PASSED] - Object 'Object Repository/Pop-up Alerts page/Draft tab' is present]]></system-out>
         <system-err><![CDATA[]]></system-err>
      </testcase>
      <testcase name="Test Cases/Video Alerts/Send Video Alert with advanced settings (TC-48)" time="30.057" classname="Test Cases/Video Alerts/Send Video Alert with advanced settings (TC-48)" status="PASSED">
         <system-out><![CDATA[2024-02-26 09:29:29 - [TEST_CASE][PASSED] - Test Cases/Video Alerts/Send Video Alert with advanced settings (TC-48): Test Cases/Video Alerts/Send Video Alert with advanced settings (TC-48)

2024-02-26 09:29:29 - [TEST_STEP][PASSED] - click(findTestObject("Dashboard Page/Compose alert button expansion")): Object: 'Object Repository/Dashboard Page/Compose alert button expansion' is clicked on

2024-02-26 09:29:29 - [MESSAGE][PASSED] - Object: 'Object Repository/Dashboard Page/Compose alert button expansion' is clicked on

2024-02-26 09:29:29 - [TEST_STEP][PASSED] - click(findTestObject("Dashboard Page/Video Alerts")): Object: 'Object Repository/Dashboard Page/Video Alerts' is clicked on

2024-02-26 09:29:30 - [MESSAGE][PASSED] - Object: 'Object Repository/Dashboard Page/Video Alerts' is clicked on

2024-02-26 09:29:30 - [TEST_STEP][PASSED] - verifyElementText(findTestObject("Wallpapers/Create Wallpaper Header"), "Create Video Alert"): Actual text and expected text of test object 'Object Repository/Wallpapers/Create Wallpaper Header' are matched.

2024-02-26 09:29:32 - [MESSAGE][PASSED] - Actual text and expected text of test object 'Object Repository/Wallpapers/Create Wallpaper Header' are matched.

2024-02-26 09:29:32 - [TEST_STEP][PASSED] - click(findTestObject("Video Alert/Videoalert more btn")): Object: 'Object Repository/Video Alert/Videoalert more btn' is clicked on

2024-02-26 09:29:33 - [MESSAGE][PASSED] - Object: 'Object Repository/Video Alert/Videoalert more btn' is clicked on

2024-02-26 09:29:33 - [TEST_STEP][PASSED] - callTestCase(findTestCase("Built-in test cases/Choose recipients"), [:], STOP_ON_FAILURE): Call Test Case 'Test Cases/Built-in test cases/Choose recipients' successfully

2024-02-26 09:29:33 - [TEST_CASE][PASSED] - Test Cases/Built-in test cases/Choose recipients: Test Cases/Built-in test cases/Choose recipients

2024-02-26 09:29:33 - [TEST_STEP][PASSED] - click(findTestObject("Create Pop-up Alert Page/Choose recipients modal window/Filter field")): Object: 'Object Repository/Create Pop-up Alert Page/Choose recipients modal window/Filter field' is clicked on

2024-02-26 09:29:33 - [MESSAGE][PASSED] - Object: 'Object Repository/Create Pop-up Alert Page/Choose recipients modal window/Filter field' is clicked on

2024-02-26 09:29:33 - [TEST_STEP][PASSED] - setText(findTestObject("Create Pop-up Alert Page/Choose recipients modal window/Filter field"), "LAPTOP-E6BU4LL9"): Text 'LAPTOP-E6BU4LL9' is set on object 'Object Repository/Create Pop-up Alert Page/Choose recipients modal window/Filter field'

2024-02-26 09:29:34 - [MESSAGE][PASSED] - Text 'LAPTOP-E6BU4LL9' is set on object 'Object Repository/Create Pop-up Alert Page/Choose recipients modal window/Filter field'

2024-02-26 09:29:34 - [TEST_STEP][PASSED] - verifyElementText(findTestObject("Create Pop-up Alert Page/Choose recipients modal window/All user list-filtered"), "LAPTOP-E6BU4LL9 "): Actual text and expected text of test object 'Object Repository/Create Pop-up Alert Page/Choose recipients modal window/All user list-filtered' are matched.

2024-02-26 09:29:36 - [MESSAGE][PASSED] - Actual text and expected text of test object 'Object Repository/Create Pop-up Alert Page/Choose recipients modal window/All user list-filtered' are matched.

2024-02-26 09:29:36 - [TEST_STEP][PASSED] - click(findTestObject("Create Pop-up Alert Page/Choose recipients modal window/filtered user selection")): Object: 'Object Repository/Create Pop-up Alert Page/Choose recipients modal window/filtered user selection' is clicked on

2024-02-26 09:29:36 - [MESSAGE][PASSED] - Object: 'Object Repository/Create Pop-up Alert Page/Choose recipients modal window/filtered user selection' is clicked on

2024-02-26 09:29:36 - [TEST_STEP][PASSED] - click(findTestObject("Create Pop-up Alert Page/Choose recipients modal window/Filter field")): Object: 'Object Repository/Create Pop-up Alert Page/Choose recipients modal window/Filter field' is clicked on

2024-02-26 09:29:37 - [MESSAGE][PASSED] - Object: 'Object Repository/Create Pop-up Alert Page/Choose recipients modal window/Filter field' is clicked on

2024-02-26 09:29:37 - [TEST_STEP][PASSED] - sendKeys(findTestObject("Create Pop-up Alert Page/Choose recipients modal window/Filter field"), Keys.chord(CONTROL, "a", BACK_SPACE)): Keys 'CONTROL + BACK_SPACE + a' sent to object: 'Object Repository/Create Pop-up Alert Page/Choose recipients modal window/Filter field'

2024-02-26 09:29:37 - [MESSAGE][PASSED] - Keys 'CONTROL + BACK_SPACE + a' sent to object: 'Object Repository/Create Pop-up Alert Page/Choose recipients modal window/Filter field'

2024-02-26 09:29:37 - [TEST_STEP][PASSED] - setText(findTestObject("Create Pop-up Alert Page/Choose recipients modal window/Filter field"), "DESKTOP-9UH6GK7"): Text 'DESKTOP-9UH6GK7' is set on object 'Object Repository/Create Pop-up Alert Page/Choose recipients modal window/Filter field'

2024-02-26 09:29:38 - [MESSAGE][PASSED] - Text 'DESKTOP-9UH6GK7' is set on object 'Object Repository/Create Pop-up Alert Page/Choose recipients modal window/Filter field'

2024-02-26 09:29:38 - [TEST_STEP][PASSED] - verifyElementText(findTestObject("Create Pop-up Alert Page/Choose recipients modal window/All user list-filtered"), "DESKTOP-9UH6GK7 "): Actual text and expected text of test object 'Object Repository/Create Pop-up Alert Page/Choose recipients modal window/All user list-filtered' are matched.

2024-02-26 09:29:40 - [MESSAGE][PASSED] - Actual text and expected text of test object 'Object Repository/Create Pop-up Alert Page/Choose recipients modal window/All user list-filtered' are matched.

2024-02-26 09:29:40 - [TEST_STEP][PASSED] - click(findTestObject("Create Pop-up Alert Page/Choose recipients modal window/filtered user selection")): Object: 'Object Repository/Create Pop-up Alert Page/Choose recipients modal window/filtered user selection' is clicked on

2024-02-26 09:29:40 - [MESSAGE][PASSED] - Object: 'Object Repository/Create Pop-up Alert Page/Choose recipients modal window/filtered user selection' is clicked on

2024-02-26 09:29:40 - [TEST_STEP][PASSED] - click(findTestObject("Wallpapers/Done")): Object: 'Object Repository/Wallpapers/Done' is clicked on

2024-02-26 09:29:41 - [MESSAGE][PASSED] - Object: 'Object Repository/Wallpapers/Done' is clicked on

2024-02-26 09:29:41 - [MESSAGE][PASSED] - Call Test Case 'Test Cases/Built-in test cases/Choose recipients' successfully

2024-02-26 09:29:41 - [TEST_STEP][PASSED] - setText(findTestObject("Create Pop-up Alert Page/Alert Title field"), "TC-48"): Text 'TC-48' is set on object 'Object Repository/Create Pop-up Alert Page/Alert Title field'

2024-02-26 09:29:42 - [MESSAGE][PASSED] - Text 'TC-48' is set on object 'Object Repository/Create Pop-up Alert Page/Alert Title field'

2024-02-26 09:29:42 - [TEST_STEP][PASSED] - verifyElementPresent(findTestObject("Video Alert/Videoalert upload area"), 2): Object 'Object Repository/Video Alert/Videoalert upload area' is present

2024-02-26 09:29:42 - [MESSAGE][PASSED] - Object 'Object Repository/Video Alert/Videoalert upload area' is present

2024-02-26 09:29:42 - [TEST_STEP][PASSED] - click(findTestObject("Video Alert/Select video from the server")): Object: 'Object Repository/Video Alert/Select video from the server' is clicked on

2024-02-26 09:29:42 - [MESSAGE][PASSED] - Object: 'Object Repository/Video Alert/Select video from the server' is clicked on

2024-02-26 09:29:42 - [TEST_STEP][PASSED] - click(findTestObject("Wallpapers/Select image from server button")): Object: 'Object Repository/Wallpapers/Select image from server button' is clicked on

2024-02-26 09:29:43 - [MESSAGE][PASSED] - Object: 'Object Repository/Wallpapers/Select image from server button' is clicked on

2024-02-26 09:29:43 - [TEST_STEP][PASSED] - click(findTestObject("Video alerts/First video from the server")): Object: 'Object Repository/Video alerts/First video from the server' is clicked on

2024-02-26 09:29:43 - [MESSAGE][PASSED] - Object: 'Object Repository/Video alerts/First video from the server' is clicked on

2024-02-26 09:29:43 - [TEST_STEP][PASSED] - delay(1): Delayed 1 second(s)

2024-02-26 09:29:44 - [MESSAGE][PASSED] - Delayed 1 second(s)

2024-02-26 09:29:44 - [TEST_STEP][PASSED] - click(findTestObject("Video alerts/Video alert description")): Object: 'Object Repository/Video alerts/Video alert description' is clicked on

2024-02-26 09:29:45 - [MESSAGE][PASSED] - Object: 'Object Repository/Video alerts/Video alert description' is clicked on

2024-02-26 09:29:45 - [TEST_STEP][PASSED] - setText(findTestObject("Video alerts/Video alert description"), "Hello! This is automated video alert from Katalon"): Text 'Hello! This is automated video alert from Katalon' is set on object 'Object Repository/Video alerts/Video alert description'

2024-02-26 09:29:46 - [MESSAGE][PASSED] - Text 'Hello! This is automated video alert from Katalon' is set on object 'Object Repository/Video alerts/Video alert description'

2024-02-26 09:29:46 - [TEST_STEP][PASSED] - click(findTestObject("Create Pop-up Alert Page/Alerts settings right-hand menu/Skin choice button")): Object: 'Object Repository/Create Pop-up Alert Page/Alerts settings right-hand menu/Skin choice button' is clicked on

2024-02-26 09:29:47 - [MESSAGE][PASSED] - Object: 'Object Repository/Create Pop-up Alert Page/Alerts settings right-hand menu/Skin choice button' is clicked on

2024-02-26 09:29:47 - [TEST_STEP][PASSED] - click(findTestObject("Create Pop-up Alert Page/Alerts settings right-hand menu/Skin with given index")): Object: 'Object Repository/Create Pop-up Alert Page/Alerts settings right-hand menu/Skin with given index' is clicked on

2024-02-26 09:29:48 - [MESSAGE][PASSED] - Object: 'Object Repository/Create Pop-up Alert Page/Alerts settings right-hand menu/Skin with given index' is clicked on

2024-02-26 09:29:48 - [TEST_STEP][PASSED] - sendKeys(findTestObject("Survey/alert width"), Keys.chord(CONTROL, "a", BACK_SPACE)): Keys 'CONTROL + BACK_SPACE + a' sent to object: 'Object Repository/Survey/alert width'

2024-02-26 09:29:49 - [MESSAGE][PASSED] - Keys 'CONTROL + BACK_SPACE + a' sent to object: 'Object Repository/Survey/alert width'

2024-02-26 09:29:49 - [TEST_STEP][PASSED] - setText(findTestObject("Survey/alert width"), "400"): Text '400' is set on object 'Object Repository/Survey/alert width'

2024-02-26 09:29:49 - [MESSAGE][PASSED] - Text '400' is set on object 'Object Repository/Survey/alert width'

2024-02-26 09:29:49 - [TEST_STEP][PASSED] - sendKeys(findTestObject("Survey/alert height"), Keys.chord(CONTROL, "a", BACK_SPACE)): Keys 'CONTROL + BACK_SPACE + a' sent to object: 'Object Repository/Survey/alert height'

2024-02-26 09:29:50 - [MESSAGE][PASSED] - Keys 'CONTROL + BACK_SPACE + a' sent to object: 'Object Repository/Survey/alert height'

2024-02-26 09:29:50 - [TEST_STEP][PASSED] - setText(findTestObject("Survey/alert height"), "500"): Text '500' is set on object 'Object Repository/Survey/alert height'

2024-02-26 09:29:51 - [MESSAGE][PASSED] - Text '500' is set on object 'Object Repository/Survey/alert height'

2024-02-26 09:29:51 - [TEST_STEP][PASSED] - check(findTestObject("Create Pop-up Alert Page/Alerts settings right-hand menu/Acknowledgement checkbox")): Object 'Object Repository/Create Pop-up Alert Page/Alerts settings right-hand menu/Acknowledgement checkbox' is checked

2024-02-26 09:29:51 - [MESSAGE][PASSED] - Object 'Object Repository/Create Pop-up Alert Page/Alerts settings right-hand menu/Acknowledgement checkbox' is checked

2024-02-26 09:29:51 - [TEST_STEP][PASSED] - verifyElementChecked(findTestObject("Create Pop-up Alert Page/Alerts settings right-hand menu/Acknowledgement checkbox"), 2): Object 'Object Repository/Create Pop-up Alert Page/Alerts settings right-hand menu/Acknowledgement checkbox' is checked

2024-02-26 09:29:52 - [MESSAGE][PASSED] - Object 'Object Repository/Create Pop-up Alert Page/Alerts settings right-hand menu/Acknowledgement checkbox' is checked

2024-02-26 09:29:52 - [TEST_STEP][PASSED] - click(findTestObject("Video alerts/Preview video alert btn")): Object: 'Object Repository/Video alerts/Preview video alert btn' is clicked on

2024-02-26 09:29:52 - [MESSAGE][PASSED] - Object: 'Object Repository/Video alerts/Preview video alert btn' is clicked on

2024-02-26 09:29:52 - [TEST_STEP][PASSED] - switchToFrame(findTestObject("Create Pop-up Alert Page/Preview alert iframe"), 2): null

2024-02-26 09:29:53 - [TEST_STEP][PASSED] - takeFullPageScreenshot(): Taking screenshot successfully

2024-02-26 09:29:54 - [MESSAGE][INFO] - 0 hidden object(s)

2024-02-26 09:29:54 - [MESSAGE][PASSED] - Taking screenshot successfully
[[ATTACHMENT|C:\\Users\\Home\\git\\Katalon\\Reports\\20240226_085815\\Video Alerts\\20240226_085831\\1708928993922.png]]

2024-02-26 09:29:54 - [TEST_STEP][PASSED] - switchToDefaultContent(): null

2024-02-26 09:29:54 - [TEST_STEP][PASSED] - waitForPageLoad(2): Wait for page load successfully

2024-02-26 09:29:54 - [MESSAGE][PASSED] - Wait for page load successfully

2024-02-26 09:29:54 - [TEST_STEP][PASSED] - click(findTestObject("Wallpapers/Send wallpaper button")): Object: 'Object Repository/Wallpapers/Send wallpaper button' is clicked on

2024-02-26 09:29:54 - [MESSAGE][PASSED] - Object: 'Object Repository/Wallpapers/Send wallpaper button' is clicked on

2024-02-26 09:29:54 - [TEST_STEP][PASSED] - setText(findTestObject("Pop-up Alerts page/Search by title field"), "TC-48"): Text 'TC-48' is set on object 'Object Repository/Pop-up Alerts page/Search by title field'

2024-02-26 09:29:57 - [MESSAGE][PASSED] - Text 'TC-48' is set on object 'Object Repository/Pop-up Alerts page/Search by title field'

2024-02-26 09:29:57 - [TEST_STEP][PASSED] - verifyElementText(findTestObject("Pop-up Alerts page/Filtered sent alert"), "TC-48"): Actual text and expected text of test object 'Object Repository/Pop-up Alerts page/Filtered sent alert' are matched.

2024-02-26 09:29:57 - [MESSAGE][PASSED] - Actual text and expected text of test object 'Object Repository/Pop-up Alerts page/Filtered sent alert' are matched.]]></system-out>
         <system-err><![CDATA[]]></system-err>
      </testcase>
      <system-out><![CDATA[2024-02-26 09:26:02 - [TEST_SUITE][PASSED] - Video Alerts: Test Cases/Video Alerts/Send Video Alert with advanced settings (TC-48)]]></system-out>
      <system-err><![CDATA[]]></system-err>
   </testsuite>
</testsuites>
