<?xml version="1.0" encoding="UTF-8"?>
<testsuites name="Video Alerts" time="262.147" tests="7" failures="0" errors="0">
   <testsuite name="Video Alerts" tests="7" failures="0" errors="0" time="262.147" skipped="0" timestamp="29-02-2024T12:02:08" hostname="Home - LAPTOP-E6BU4LL9.Dlink" id="Test Suites/Video Alerts">
      <properties>
         <property name="deviceName" value=""/>
         <property name="devicePlatform" value=""/>
         <property name="logFolder" value="C:\\Users\\Home\\git\\Katalon\\Reports\\20240229_120203\\Video Alerts\\20240229_120203"/>
         <property name="logFiles" value="C:\\Users\\Home\\git\\Katalon\\Reports\\20240229_120203\\Video Alerts\\20240229_120203\\execution0.log"/>
         <property name="attachments" value="C:\\Users\\Home\\git\\Katalon\\Reports\\20240229_120203\\Video Alerts\\20240229_120203\\1709197371123.png, C:\\Users\\Home\\git\\Katalon\\Reports\\20240229_120203\\Video Alerts\\20240229_120203\\1709197375514.png, C:\\Users\\Home\\git\\Katalon\\Reports\\20240229_120203\\Video Alerts\\20240229_120203\\1709197548817.png, C:\\Users\\Home\\git\\Katalon\\Reports\\20240229_120203\\Video Alerts\\20240229_120203\\1709197584894.png"/>
         <property name="hostName" value="Home - LAPTOP-E6BU4LL9.Dlink"/>
         <property name="os" value="Windows 11 64bit"/>
         <property name="katalonVersion" value="9.3.1.212"/>
         <property name="browser" value="Chrome 122.0.0.0"/>
         <property name="hostAddress" value="192.168.1.100"/>
         <property name="sessionId" value="203ba5321e39d4886987c6430e5d3950"/>
         <property name="seleniumVersion" value="3.141.59"/>
         <property name="proxyInformation" value="ProxyInformation { proxyOption=NO_PROXY, proxyServerType=HTTP, username=, password=********, proxyServerAddress=, proxyServerPort=0, executionList=&quot;&quot;, isApplyToDesiredCapabilities=true }"/>
         <property name="platform" value="Windows 11"/>
      </properties>
      <testcase name="Test Cases/Login Test Cases/Login with Valid Credentials" time="14.56" classname="Test Cases/Login Test Cases/Login with Valid Credentials" status="PASSED">
         <system-out><![CDATA[29-02-2024T12:02:08 - [TEST_CASE][PASSED] - Test Cases/Login Test Cases/Login with Valid Credentials: Test Cases/Login Test Cases/Login with Valid Credentials

29-02-2024T12:02:09 - [TEST_STEP][PASSED] - openBrowser(""): Browser is opened with url: ''

29-02-2024T12:02:10 - [MESSAGE][INFO] - Starting 'Chrome' driver

29-02-2024T12:02:10 - [MESSAGE][INFO] - Action delay is set to 0 milliseconds

29-02-2024T12:02:12 - [MESSAGE][PASSED] - Browser is opened with url: ''

29-02-2024T12:02:12 - [TEST_STEP][PASSED] - navigateToUrl("https://dadebug.commclouds.com/Demo/admin/auth"): Navigate to 'https://dadebug.commclouds.com/Demo/admin/auth' successfully

29-02-2024T12:02:13 - [MESSAGE][PASSED] - Navigate to 'https://dadebug.commclouds.com/Demo/admin/auth' successfully

29-02-2024T12:02:13 - [TEST_STEP][PASSED] - waitForPageLoad(3): Wait for page load successfully

29-02-2024T12:02:13 - [MESSAGE][PASSED] - Wait for page load successfully

29-02-2024T12:02:13 - [TEST_STEP][PASSED] - maximizeWindow(): Current window maximized

29-02-2024T12:02:13 - [MESSAGE][PASSED] - Current window maximized

29-02-2024T12:02:13 - [TEST_STEP][PASSED] - verifyElementPresent(findTestObject("Login Page/DAlogo"), 2): Object 'Object Repository/Login Page/DAlogo' is present

29-02-2024T12:02:14 - [MESSAGE][PASSED] - Object 'Object Repository/Login Page/DAlogo' is present

29-02-2024T12:02:14 - [TEST_STEP][PASSED] - verifyElementPresent(findTestObject("Login Page/Version number"), 2): Object 'Object Repository/Login Page/Version number' is present

29-02-2024T12:02:15 - [MESSAGE][PASSED] - Object 'Object Repository/Login Page/Version number' is present

29-02-2024T12:02:15 - [TEST_STEP][PASSED] - verifyElementText(findTestObject("Login Page/Version number"), "Version: 11.4.0.1 (stage/11)"): Actual text and expected text of test object 'Object Repository/Login Page/Version number' are matched.

29-02-2024T12:02:15 - [MESSAGE][PASSED] - Actual text and expected text of test object 'Object Repository/Login Page/Version number' are matched.

29-02-2024T12:02:15 - [TEST_STEP][PASSED] - setText(findTestObject("Object Repository/Login Page/Login input field"), "Zoya"): Text 'Zoya' is set on object 'Object Repository/Login Page/Login input field'

29-02-2024T12:02:16 - [MESSAGE][PASSED] - Text 'Zoya' is set on object 'Object Repository/Login Page/Login input field'

29-02-2024T12:02:16 - [TEST_STEP][PASSED] - setEncryptedText(findTestObject("Object Repository/Login Page/Password input field"), "tzH6RvlfSTg="): Text ****** has been set on object 'Object Repository/Login Page/Password input field'

29-02-2024T12:02:16 - [MESSAGE][PASSED] - Text ****** has been set on object 'Object Repository/Login Page/Password input field'

29-02-2024T12:02:16 - [TEST_STEP][PASSED] - click(findTestObject("Object Repository/Login Page/button_Log in")): Object: 'Object Repository/Login Page/button_Log in' is clicked on

29-02-2024T12:02:16 - [MESSAGE][PASSED] - Object: 'Object Repository/Login Page/button_Log in' is clicked on

29-02-2024T12:02:16 - [TEST_STEP][PASSED] - delay(4): Delayed 4 second(s)

29-02-2024T12:02:21 - [MESSAGE][PASSED] - Delayed 4 second(s)

29-02-2024T12:02:21 - [TEST_STEP][PASSED] - verifyElementPresent(findTestObject("Object Repository/Login Page/h1_Dashboard"), 4): Object 'Object Repository/Login Page/h1_Dashboard' is present

29-02-2024T12:02:21 - [MESSAGE][PASSED] - Object 'Object Repository/Login Page/h1_Dashboard' is present]]></system-out>
         <system-err><![CDATA[]]></system-err>
      </testcase>
      <testcase name="Test Cases/Video Alerts/Send Video Alert with MP4 (TC-43)" time="58.878" classname="Test Cases/Video Alerts/Send Video Alert with MP4 (TC-43)" status="PASSED">
         <system-out><![CDATA[29-02-2024T12:02:23 - [TEST_CASE][PASSED] - Test Cases/Video Alerts/Send Video Alert with MP4 (TC-43): Test Cases/Video Alerts/Send Video Alert with MP4 (TC-43)

29-02-2024T12:02:23 - [TEST_STEP][PASSED] - click(findTestObject("Dashboard Page/Compose alert button expansion")): Object: 'Object Repository/Dashboard Page/Compose alert button expansion' is clicked on

29-02-2024T12:02:24 - [MESSAGE][PASSED] - Object: 'Object Repository/Dashboard Page/Compose alert button expansion' is clicked on

29-02-2024T12:02:24 - [TEST_STEP][PASSED] - click(findTestObject("Dashboard Page/Video Alerts")): Object: 'Object Repository/Dashboard Page/Video Alerts' is clicked on

29-02-2024T12:02:24 - [MESSAGE][PASSED] - Object: 'Object Repository/Dashboard Page/Video Alerts' is clicked on

29-02-2024T12:02:24 - [TEST_STEP][PASSED] - verifyElementText(findTestObject("Wallpapers/Create Wallpaper Header"), "Create Video Alert"): Actual text and expected text of test object 'Object Repository/Wallpapers/Create Wallpaper Header' are matched.

29-02-2024T12:02:27 - [MESSAGE][PASSED] - Actual text and expected text of test object 'Object Repository/Wallpapers/Create Wallpaper Header' are matched.

29-02-2024T12:02:27 - [TEST_STEP][PASSED] - click(findTestObject("Video Alert/Videoalert more btn")): Object: 'Object Repository/Video Alert/Videoalert more btn' is clicked on

29-02-2024T12:02:28 - [MESSAGE][PASSED] - Object: 'Object Repository/Video Alert/Videoalert more btn' is clicked on

29-02-2024T12:02:28 - [TEST_STEP][PASSED] - callTestCase(findTestCase("Built-in test cases/Choose recipients"), [:], STOP_ON_FAILURE): Call Test Case 'Test Cases/Built-in test cases/Choose recipients' successfully

29-02-2024T12:02:28 - [TEST_CASE][PASSED] - Test Cases/Built-in test cases/Choose recipients: Test Cases/Built-in test cases/Choose recipients

29-02-2024T12:02:28 - [TEST_STEP][PASSED] - click(findTestObject("Create Pop-up Alert Page/Choose recipients modal window/Filter field")): Object: 'Object Repository/Create Pop-up Alert Page/Choose recipients modal window/Filter field' is clicked on

29-02-2024T12:02:29 - [MESSAGE][PASSED] - Object: 'Object Repository/Create Pop-up Alert Page/Choose recipients modal window/Filter field' is clicked on

29-02-2024T12:02:29 - [TEST_STEP][PASSED] - setText(findTestObject("Create Pop-up Alert Page/Choose recipients modal window/Filter field"), "LAPTOP-E6BU4LL9"): Text 'LAPTOP-E6BU4LL9' is set on object 'Object Repository/Create Pop-up Alert Page/Choose recipients modal window/Filter field'

29-02-2024T12:02:30 - [MESSAGE][PASSED] - Text 'LAPTOP-E6BU4LL9' is set on object 'Object Repository/Create Pop-up Alert Page/Choose recipients modal window/Filter field'

29-02-2024T12:02:30 - [TEST_STEP][PASSED] - verifyElementText(findTestObject("Create Pop-up Alert Page/Choose recipients modal window/All user list-filtered"), "LAPTOP-E6BU4LL9 "): Actual text and expected text of test object 'Object Repository/Create Pop-up Alert Page/Choose recipients modal window/All user list-filtered' are matched.

29-02-2024T12:02:32 - [MESSAGE][PASSED] - Actual text and expected text of test object 'Object Repository/Create Pop-up Alert Page/Choose recipients modal window/All user list-filtered' are matched.

29-02-2024T12:02:32 - [TEST_STEP][PASSED] - click(findTestObject("Create Pop-up Alert Page/Choose recipients modal window/filtered user selection")): Object: 'Object Repository/Create Pop-up Alert Page/Choose recipients modal window/filtered user selection' is clicked on

29-02-2024T12:02:32 - [MESSAGE][PASSED] - Object: 'Object Repository/Create Pop-up Alert Page/Choose recipients modal window/filtered user selection' is clicked on

29-02-2024T12:02:32 - [TEST_STEP][PASSED] - click(findTestObject("Create Pop-up Alert Page/Choose recipients modal window/Filter field")): Object: 'Object Repository/Create Pop-up Alert Page/Choose recipients modal window/Filter field' is clicked on

29-02-2024T12:02:33 - [MESSAGE][PASSED] - Object: 'Object Repository/Create Pop-up Alert Page/Choose recipients modal window/Filter field' is clicked on

29-02-2024T12:02:33 - [TEST_STEP][PASSED] - sendKeys(findTestObject("Create Pop-up Alert Page/Choose recipients modal window/Filter field"), Keys.chord(CONTROL, "a", BACK_SPACE)): Keys 'CONTROL + BACK_SPACE + a' sent to object: 'Object Repository/Create Pop-up Alert Page/Choose recipients modal window/Filter field'

29-02-2024T12:02:33 - [MESSAGE][PASSED] - Keys 'CONTROL + BACK_SPACE + a' sent to object: 'Object Repository/Create Pop-up Alert Page/Choose recipients modal window/Filter field'

29-02-2024T12:02:33 - [TEST_STEP][PASSED] - setText(findTestObject("Create Pop-up Alert Page/Choose recipients modal window/Filter field"), "DESKTOP-9UH6GK7"): Text 'DESKTOP-9UH6GK7' is set on object 'Object Repository/Create Pop-up Alert Page/Choose recipients modal window/Filter field'

29-02-2024T12:02:34 - [MESSAGE][PASSED] - Text 'DESKTOP-9UH6GK7' is set on object 'Object Repository/Create Pop-up Alert Page/Choose recipients modal window/Filter field'

29-02-2024T12:02:34 - [TEST_STEP][PASSED] - verifyElementText(findTestObject("Create Pop-up Alert Page/Choose recipients modal window/All user list-filtered"), "DESKTOP-9UH6GK7 "): Actual text and expected text of test object 'Object Repository/Create Pop-up Alert Page/Choose recipients modal window/All user list-filtered' are matched.

29-02-2024T12:02:36 - [MESSAGE][PASSED] - Actual text and expected text of test object 'Object Repository/Create Pop-up Alert Page/Choose recipients modal window/All user list-filtered' are matched.

29-02-2024T12:02:36 - [TEST_STEP][PASSED] - click(findTestObject("Create Pop-up Alert Page/Choose recipients modal window/filtered user selection")): Object: 'Object Repository/Create Pop-up Alert Page/Choose recipients modal window/filtered user selection' is clicked on

29-02-2024T12:02:36 - [MESSAGE][PASSED] - Object: 'Object Repository/Create Pop-up Alert Page/Choose recipients modal window/filtered user selection' is clicked on

29-02-2024T12:02:36 - [TEST_STEP][PASSED] - click(findTestObject("Wallpapers/Done")): Object: 'Object Repository/Wallpapers/Done' is clicked on

29-02-2024T12:02:37 - [MESSAGE][PASSED] - Object: 'Object Repository/Wallpapers/Done' is clicked on

29-02-2024T12:02:37 - [MESSAGE][PASSED] - Call Test Case 'Test Cases/Built-in test cases/Choose recipients' successfully

29-02-2024T12:02:37 - [TEST_STEP][PASSED] - setText(findTestObject("Create Pop-up Alert Page/Alert Title field"), "TC-43"): Text 'TC-43' is set on object 'Object Repository/Create Pop-up Alert Page/Alert Title field'

29-02-2024T12:02:38 - [MESSAGE][PASSED] - Text 'TC-43' is set on object 'Object Repository/Create Pop-up Alert Page/Alert Title field'

29-02-2024T12:02:38 - [TEST_STEP][PASSED] - verifyElementPresent(findTestObject("Video Alert/Videoalert upload area"), 2): Object 'Object Repository/Video Alert/Videoalert upload area' is present

29-02-2024T12:02:38 - [MESSAGE][PASSED] - Object 'Object Repository/Video Alert/Videoalert upload area' is present

29-02-2024T12:02:38 - [TEST_STEP][PASSED] - uploadFileWithDragAndDrop(findTestObject("Video Alert/Videoalert upload area"), "C:\Users\Home\git\Katalon\video\rabbit.mp4"): null

29-02-2024T12:02:38 - [TEST_STEP][PASSED] - delay(5): Delayed 5 second(s)

29-02-2024T12:02:43 - [MESSAGE][PASSED] - Delayed 5 second(s)

29-02-2024T12:02:43 - [TEST_STEP][PASSED] - getAttribute(findTestObject("Video alerts/uploaded video file"), "src"): Attribute 'src' of object 'Object Repository/Video alerts/uploaded video file' is: 'null'

29-02-2024T12:02:44 - [MESSAGE][PASSED] - Attribute 'src' of object 'Object Repository/Video alerts/uploaded video file' is: 'null'

29-02-2024T12:02:44 - [TEST_STEP][PASSED] - click(findTestObject("Video alerts/Video alert description")): Object: 'Object Repository/Video alerts/Video alert description' is clicked on

29-02-2024T12:02:44 - [MESSAGE][PASSED] - Object: 'Object Repository/Video alerts/Video alert description' is clicked on

29-02-2024T12:02:44 - [TEST_STEP][PASSED] - setText(findTestObject("Video alerts/Video alert description"), "Hello! This is automated MP4 video alert from Katalon"): Text 'Hello! This is automated MP4 video alert from Katalon' is set on object 'Object Repository/Video alerts/Video alert description'

29-02-2024T12:02:46 - [MESSAGE][PASSED] - Text 'Hello! This is automated MP4 video alert from Katalon' is set on object 'Object Repository/Video alerts/Video alert description'

29-02-2024T12:02:46 - [TEST_STEP][PASSED] - click(findTestObject("Wallpapers/Send wallpaper button")): Object: 'Object Repository/Wallpapers/Send wallpaper button' is clicked on

29-02-2024T12:02:46 - [MESSAGE][PASSED] - Object: 'Object Repository/Wallpapers/Send wallpaper button' is clicked on

29-02-2024T12:02:46 - [TEST_STEP][PASSED] - waitForPageLoad(2): Wait for page load successfully

29-02-2024T12:02:46 - [MESSAGE][PASSED] - Wait for page load successfully

29-02-2024T12:02:46 - [TEST_STEP][PASSED] - setText(findTestObject("Pop-up Alerts page/Search by title field"), "TC-43"): Text 'TC-43' is set on object 'Object Repository/Pop-up Alerts page/Search by title field'

29-02-2024T12:02:48 - [MESSAGE][PASSED] - Text 'TC-43' is set on object 'Object Repository/Pop-up Alerts page/Search by title field'

29-02-2024T12:02:48 - [TEST_STEP][PASSED] - verifyElementText(findTestObject("Pop-up Alerts page/Filtered sent alert"), "TC-43"): Actual text and expected text of test object 'Object Repository/Pop-up Alerts page/Filtered sent alert' are matched.

29-02-2024T12:02:49 - [MESSAGE][PASSED] - Actual text and expected text of test object 'Object Repository/Pop-up Alerts page/Filtered sent alert' are matched.

29-02-2024T12:02:49 - [TEST_STEP][NOT_RUN] - click(findTestObject("Survey/3dots Actions")): NOT_RUN: click(findTestObject("Survey/3dots Actions"))

29-02-2024T12:02:49 - [MESSAGE][NOT_RUN] - NOT_RUN: click(findTestObject("Survey/3dots Actions"))

29-02-2024T12:02:49 - [TEST_STEP][NOT_RUN] - mouseOver(findTestObject("Pop-up Alerts page/Stop-Start alert")): NOT_RUN: mouseOver(findTestObject("Pop-up Alerts page/Stop-Start alert"))

29-02-2024T12:02:49 - [MESSAGE][NOT_RUN] - NOT_RUN: mouseOver(findTestObject("Pop-up Alerts page/Stop-Start alert"))

29-02-2024T12:02:49 - [TEST_STEP][NOT_RUN] - click(findTestObject("Pop-up Alerts page/Stop-Start alert")): NOT_RUN: click(findTestObject("Pop-up Alerts page/Stop-Start alert"))

29-02-2024T12:02:49 - [MESSAGE][NOT_RUN] - NOT_RUN: click(findTestObject("Pop-up Alerts page/Stop-Start alert"))

29-02-2024T12:02:49 - [TEST_STEP][NOT_RUN] - verifyElementPresent(findTestObject("Pop-up Alerts page/Stopped status"), 2): NOT_RUN: verifyElementPresent(findTestObject("Pop-up Alerts page/Stopped status"), 2)

29-02-2024T12:02:49 - [MESSAGE][NOT_RUN] - NOT_RUN: verifyElementPresent(findTestObject("Pop-up Alerts page/Stopped status"), 2)

29-02-2024T12:02:49 - [TEST_STEP][PASSED] - click(findTestObject("Survey/3dots Actions")): Object: 'Object Repository/Survey/3dots Actions' is clicked on

29-02-2024T12:02:50 - [MESSAGE][PASSED] - Object: 'Object Repository/Survey/3dots Actions' is clicked on

29-02-2024T12:02:50 - [TEST_STEP][PASSED] - click(findTestObject("Pop-up Alerts page/View graph")): Object: 'Object Repository/Pop-up Alerts page/View graph' is clicked on

29-02-2024T12:02:51 - [MESSAGE][PASSED] - Object: 'Object Repository/Pop-up Alerts page/View graph' is clicked on

29-02-2024T12:02:51 - [TEST_STEP][PASSED] - takeElementScreenshot(findTestObject("Pop-up Alerts page/View graph image")): Taking screenshot successfully

29-02-2024T12:02:51 - [MESSAGE][WARNING] - Timeout '0' is invalid. Using default page load timeout: '30'

29-02-2024T12:02:52 - [MESSAGE][INFO] - 0 hidden object(s)

29-02-2024T12:02:52 - [MESSAGE][PASSED] - Taking screenshot successfully
[[ATTACHMENT|C:\\Users\\Home\\git\\Katalon\\Reports\\20240229_120203\\Video Alerts\\20240229_120203\\1709197371123.png]]

29-02-2024T12:02:52 - [TEST_STEP][PASSED] - click(findTestObject("Pop-up Alerts page/view graph close btn")): Object: 'Object Repository/Pop-up Alerts page/view graph close btn' is clicked on

29-02-2024T12:02:53 - [MESSAGE][PASSED] - Object: 'Object Repository/Pop-up Alerts page/view graph close btn' is clicked on

29-02-2024T12:02:53 - [TEST_STEP][PASSED] - click(findTestObject("Survey/3dots Actions")): Object: 'Object Repository/Survey/3dots Actions' is clicked on

29-02-2024T12:02:53 - [MESSAGE][PASSED] - Object: 'Object Repository/Survey/3dots Actions' is clicked on

29-02-2024T12:02:53 - [TEST_STEP][PASSED] - click(findTestObject("Pop-up Alerts page/Preview in actions menu")): Object: 'Object Repository/Pop-up Alerts page/Preview in actions menu' is clicked on

29-02-2024T12:02:54 - [MESSAGE][PASSED] - Object: 'Object Repository/Pop-up Alerts page/Preview in actions menu' is clicked on

29-02-2024T12:02:54 - [TEST_STEP][PASSED] - switchToFrame(findTestObject("Create Pop-up Alert Page/Preview alert iframe"), 2): null

29-02-2024T12:02:55 - [TEST_STEP][PASSED] - takeFullPageScreenshot([]): Taking screenshot successfully

29-02-2024T12:02:55 - [MESSAGE][INFO] - 0 hidden object(s)

29-02-2024T12:02:56 - [MESSAGE][INFO] - 0 hidden object(s)

29-02-2024T12:02:56 - [MESSAGE][PASSED] - Taking screenshot successfully
[[ATTACHMENT|C:\\Users\\Home\\git\\Katalon\\Reports\\20240229_120203\\Video Alerts\\20240229_120203\\1709197375514.png]]

29-02-2024T12:02:56 - [TEST_STEP][PASSED] - click(findTestObject("Create Pop-up Alert Page/close alert preview")): Object: 'Object Repository/Create Pop-up Alert Page/close alert preview' is clicked on

29-02-2024T12:02:56 - [MESSAGE][PASSED] - Object: 'Object Repository/Create Pop-up Alert Page/close alert preview' is clicked on

29-02-2024T12:02:56 - [TEST_STEP][PASSED] - switchToDefaultContent(): null

29-02-2024T12:02:56 - [TEST_STEP][PASSED] - click(findTestObject("Survey/3dots Actions")): Object: 'Object Repository/Survey/3dots Actions' is clicked on

29-02-2024T12:02:57 - [MESSAGE][PASSED] - Object: 'Object Repository/Survey/3dots Actions' is clicked on

29-02-2024T12:02:57 - [TEST_STEP][PASSED] - click(findTestObject("Pop-up Alerts page/Duplicate alert")): Object: 'Object Repository/Pop-up Alerts page/Duplicate alert' is clicked on

29-02-2024T12:02:57 - [MESSAGE][PASSED] - Object: 'Object Repository/Pop-up Alerts page/Duplicate alert' is clicked on

29-02-2024T12:02:57 - [TEST_STEP][PASSED] - sendKeys(findTestObject("Create Pop-up Alert Page/Alert Title field"), Keys.chord(CONTROL, "a", BACK_SPACE)): Keys 'CONTROL + BACK_SPACE + a' sent to object: 'Object Repository/Create Pop-up Alert Page/Alert Title field'

29-02-2024T12:03:00 - [MESSAGE][PASSED] - Keys 'CONTROL + BACK_SPACE + a' sent to object: 'Object Repository/Create Pop-up Alert Page/Alert Title field'

29-02-2024T12:03:00 - [TEST_STEP][PASSED] - setText(findTestObject("Create Pop-up Alert Page/Alert Title field"), "Duplicate video alert"): Text 'Duplicate video alert' is set on object 'Object Repository/Create Pop-up Alert Page/Alert Title field'

29-02-2024T12:03:02 - [MESSAGE][PASSED] - Text 'Duplicate video alert' is set on object 'Object Repository/Create Pop-up Alert Page/Alert Title field'

29-02-2024T12:03:02 - [TEST_STEP][PASSED] - click(findTestObject("Wallpapers/Send wallpaper button")): Object: 'Object Repository/Wallpapers/Send wallpaper button' is clicked on

29-02-2024T12:03:02 - [MESSAGE][PASSED] - Object: 'Object Repository/Wallpapers/Send wallpaper button' is clicked on

29-02-2024T12:03:02 - [TEST_STEP][PASSED] - waitForPageLoad(2): Wait for page load successfully

29-02-2024T12:03:02 - [MESSAGE][PASSED] - Wait for page load successfully

29-02-2024T12:03:02 - [TEST_STEP][PASSED] - setText(findTestObject("Pop-up Alerts page/Search by title field"), "TC-43"): Text 'TC-43' is set on object 'Object Repository/Pop-up Alerts page/Search by title field'

29-02-2024T12:03:04 - [MESSAGE][PASSED] - Text 'TC-43' is set on object 'Object Repository/Pop-up Alerts page/Search by title field'

29-02-2024T12:03:04 - [TEST_STEP][PASSED] - waitForPageLoad(2): Wait for page load successfully

29-02-2024T12:03:04 - [MESSAGE][PASSED] - Wait for page load successfully

29-02-2024T12:03:04 - [TEST_STEP][PASSED] - waitForElementClickable(findTestObject("Survey/3dots Actions"), 2): Object 'Object Repository/Survey/3dots Actions' is clickable

29-02-2024T12:03:04 - [MESSAGE][PASSED] - Object 'Object Repository/Survey/3dots Actions' is clickable

29-02-2024T12:03:04 - [TEST_STEP][PASSED] - click(findTestObject("Survey/3dots Actions")): Object: 'Object Repository/Survey/3dots Actions' is clicked on

29-02-2024T12:03:05 - [MESSAGE][PASSED] - Object: 'Object Repository/Survey/3dots Actions' is clicked on

29-02-2024T12:03:05 - [TEST_STEP][PASSED] - waitForElementClickable(findTestObject("Pop-up Alerts page/resend alert from actions menu"), 2): Object 'Object Repository/Pop-up Alerts page/resend alert from actions menu' is clickable

29-02-2024T12:03:06 - [MESSAGE][PASSED] - Object 'Object Repository/Pop-up Alerts page/resend alert from actions menu' is clickable

29-02-2024T12:03:06 - [TEST_STEP][PASSED] - click(findTestObject("Pop-up Alerts page/resend alert from actions menu")): Object: 'Object Repository/Pop-up Alerts page/resend alert from actions menu' is clicked on

29-02-2024T12:03:06 - [MESSAGE][PASSED] - Object: 'Object Repository/Pop-up Alerts page/resend alert from actions menu' is clicked on

29-02-2024T12:03:06 - [TEST_STEP][PASSED] - click(findTestObject("Pop-up Alerts page/Resend btn")): Object: 'Object Repository/Pop-up Alerts page/Resend btn' is clicked on

29-02-2024T12:03:07 - [MESSAGE][PASSED] - Object: 'Object Repository/Pop-up Alerts page/Resend btn' is clicked on

29-02-2024T12:03:07 - [TEST_STEP][PASSED] - sendKeys(findTestObject("Pop-up Alerts page/Search by title field"), Keys.chord(CONTROL, "a", BACK_SPACE)): Keys 'CONTROL + BACK_SPACE + a' sent to object: 'Object Repository/Pop-up Alerts page/Search by title field'

29-02-2024T12:03:09 - [MESSAGE][PASSED] - Keys 'CONTROL + BACK_SPACE + a' sent to object: 'Object Repository/Pop-up Alerts page/Search by title field'

29-02-2024T12:03:09 - [TEST_STEP][PASSED] - setText(findTestObject("Pop-up Alerts page/Search by title field"), "TC-43"): Text 'TC-43' is set on object 'Object Repository/Pop-up Alerts page/Search by title field'

29-02-2024T12:03:10 - [MESSAGE][PASSED] - Text 'TC-43' is set on object 'Object Repository/Pop-up Alerts page/Search by title field'

29-02-2024T12:03:10 - [TEST_STEP][PASSED] - verifyElementClickable(findTestObject("Pop-up Alerts page/Select all checkbox")): Object 'Object Repository/Pop-up Alerts page/Select all checkbox' is clickable

29-02-2024T12:03:11 - [MESSAGE][PASSED] - Object 'Object Repository/Pop-up Alerts page/Select all checkbox' is clickable

29-02-2024T12:03:11 - [TEST_STEP][PASSED] - check(findTestObject("Pop-up Alerts page/Select all checkbox")): Object 'Object Repository/Pop-up Alerts page/Select all checkbox' is checked

29-02-2024T12:03:12 - [MESSAGE][PASSED] - Object 'Object Repository/Pop-up Alerts page/Select all checkbox' is checked

29-02-2024T12:03:12 - [TEST_STEP][PASSED] - verifyElementChecked(findTestObject("Pop-up Alerts page/Select all checkbox"), 1): Object 'Object Repository/Pop-up Alerts page/Select all checkbox' is checked

29-02-2024T12:03:12 - [MESSAGE][PASSED] - Object 'Object Repository/Pop-up Alerts page/Select all checkbox' is checked

29-02-2024T12:03:12 - [TEST_STEP][PASSED] - click(findTestObject("Pop-up Alerts page/delete all")): Object: 'Object Repository/Pop-up Alerts page/delete all' is clicked on

29-02-2024T12:03:13 - [MESSAGE][PASSED] - Object: 'Object Repository/Pop-up Alerts page/delete all' is clicked on

29-02-2024T12:03:13 - [TEST_STEP][PASSED] - click(findTestObject("Pop-up Alerts page/Confirm deletion btn")): Object: 'Object Repository/Pop-up Alerts page/Confirm deletion btn' is clicked on

29-02-2024T12:03:14 - [MESSAGE][PASSED] - Object: 'Object Repository/Pop-up Alerts page/Confirm deletion btn' is clicked on

29-02-2024T12:03:14 - [TEST_STEP][PASSED] - sendKeys(findTestObject("Pop-up Alerts page/Search by title field"), Keys.chord(CONTROL, "a", BACK_SPACE)): Keys 'CONTROL + BACK_SPACE + a' sent to object: 'Object Repository/Pop-up Alerts page/Search by title field'

29-02-2024T12:03:15 - [MESSAGE][PASSED] - Keys 'CONTROL + BACK_SPACE + a' sent to object: 'Object Repository/Pop-up Alerts page/Search by title field'

29-02-2024T12:03:15 - [TEST_STEP][PASSED] - setText(findTestObject("Pop-up Alerts page/Search by title field"), "Duplicate video alert"): Text 'Duplicate video alert' is set on object 'Object Repository/Pop-up Alerts page/Search by title field'

29-02-2024T12:03:17 - [MESSAGE][PASSED] - Text 'Duplicate video alert' is set on object 'Object Repository/Pop-up Alerts page/Search by title field'

29-02-2024T12:03:17 - [TEST_STEP][PASSED] - waitForElementClickable(findTestObject("Create Pop-up Alert Page/sent alerts checkbox"), 2): Object 'Object Repository/Create Pop-up Alert Page/sent alerts checkbox' is clickable

29-02-2024T12:03:17 - [MESSAGE][PASSED] - Object 'Object Repository/Create Pop-up Alert Page/sent alerts checkbox' is clickable

29-02-2024T12:03:17 - [TEST_STEP][PASSED] - check(findTestObject("Create Pop-up Alert Page/sent alerts checkbox")): Object 'Object Repository/Create Pop-up Alert Page/sent alerts checkbox' is checked

29-02-2024T12:03:18 - [MESSAGE][PASSED] - Object 'Object Repository/Create Pop-up Alert Page/sent alerts checkbox' is checked

29-02-2024T12:03:18 - [TEST_STEP][PASSED] - verifyElementChecked(findTestObject("Create Pop-up Alert Page/sent alerts checkbox"), 2): Object 'Object Repository/Create Pop-up Alert Page/sent alerts checkbox' is checked

29-02-2024T12:03:19 - [MESSAGE][PASSED] - Object 'Object Repository/Create Pop-up Alert Page/sent alerts checkbox' is checked

29-02-2024T12:03:19 - [TEST_STEP][PASSED] - click(findTestObject("Pop-up Alerts page/delete all")): Object: 'Object Repository/Pop-up Alerts page/delete all' is clicked on

29-02-2024T12:03:19 - [MESSAGE][PASSED] - Object: 'Object Repository/Pop-up Alerts page/delete all' is clicked on

29-02-2024T12:03:19 - [TEST_STEP][PASSED] - click(findTestObject("Pop-up Alerts page/Confirm deletion btn")): Object: 'Object Repository/Pop-up Alerts page/Confirm deletion btn' is clicked on

29-02-2024T12:03:20 - [MESSAGE][PASSED] - Object: 'Object Repository/Pop-up Alerts page/Confirm deletion btn' is clicked on]]></system-out>
         <system-err><![CDATA[]]></system-err>
      </testcase>
      <testcase name="Test Cases/Video Alerts/Send Video Alert with AVI (TC-44)" time="35.501" classname="Test Cases/Video Alerts/Send Video Alert with AVI (TC-44)" status="PASSED">
         <system-out><![CDATA[29-02-2024T12:03:22 - [TEST_CASE][PASSED] - Test Cases/Video Alerts/Send Video Alert with AVI (TC-44): Test Cases/Video Alerts/Send Video Alert with AVI (TC-44)

29-02-2024T12:03:22 - [TEST_STEP][PASSED] - click(findTestObject("Pop-up Alerts page/New alert button")): Object: 'Object Repository/Pop-up Alerts page/New alert button' is clicked on

29-02-2024T12:03:22 - [MESSAGE][PASSED] - Object: 'Object Repository/Pop-up Alerts page/New alert button' is clicked on

29-02-2024T12:03:22 - [TEST_STEP][PASSED] - verifyElementText(findTestObject("Wallpapers/Create Wallpaper Header"), "Create Video Alert"): Actual text and expected text of test object 'Object Repository/Wallpapers/Create Wallpaper Header' are matched.

29-02-2024T12:03:25 - [MESSAGE][PASSED] - Actual text and expected text of test object 'Object Repository/Wallpapers/Create Wallpaper Header' are matched.

29-02-2024T12:03:25 - [TEST_STEP][PASSED] - click(findTestObject("Video Alert/Videoalert more btn")): Object: 'Object Repository/Video Alert/Videoalert more btn' is clicked on

29-02-2024T12:03:26 - [MESSAGE][PASSED] - Object: 'Object Repository/Video Alert/Videoalert more btn' is clicked on

29-02-2024T12:03:26 - [TEST_STEP][PASSED] - callTestCase(findTestCase("Built-in test cases/Choose recipients"), [:], STOP_ON_FAILURE): Call Test Case 'Test Cases/Built-in test cases/Choose recipients' successfully

29-02-2024T12:03:26 - [TEST_CASE][PASSED] - Test Cases/Built-in test cases/Choose recipients: Test Cases/Built-in test cases/Choose recipients

29-02-2024T12:03:26 - [TEST_STEP][PASSED] - click(findTestObject("Create Pop-up Alert Page/Choose recipients modal window/Filter field")): Object: 'Object Repository/Create Pop-up Alert Page/Choose recipients modal window/Filter field' is clicked on

29-02-2024T12:03:27 - [MESSAGE][PASSED] - Object: 'Object Repository/Create Pop-up Alert Page/Choose recipients modal window/Filter field' is clicked on

29-02-2024T12:03:27 - [TEST_STEP][PASSED] - setText(findTestObject("Create Pop-up Alert Page/Choose recipients modal window/Filter field"), "LAPTOP-E6BU4LL9"): Text 'LAPTOP-E6BU4LL9' is set on object 'Object Repository/Create Pop-up Alert Page/Choose recipients modal window/Filter field'

29-02-2024T12:03:28 - [MESSAGE][PASSED] - Text 'LAPTOP-E6BU4LL9' is set on object 'Object Repository/Create Pop-up Alert Page/Choose recipients modal window/Filter field'

29-02-2024T12:03:28 - [TEST_STEP][PASSED] - verifyElementText(findTestObject("Create Pop-up Alert Page/Choose recipients modal window/All user list-filtered"), "LAPTOP-E6BU4LL9 "): Actual text and expected text of test object 'Object Repository/Create Pop-up Alert Page/Choose recipients modal window/All user list-filtered' are matched.

29-02-2024T12:03:30 - [MESSAGE][PASSED] - Actual text and expected text of test object 'Object Repository/Create Pop-up Alert Page/Choose recipients modal window/All user list-filtered' are matched.

29-02-2024T12:03:30 - [TEST_STEP][PASSED] - click(findTestObject("Create Pop-up Alert Page/Choose recipients modal window/filtered user selection")): Object: 'Object Repository/Create Pop-up Alert Page/Choose recipients modal window/filtered user selection' is clicked on

29-02-2024T12:03:30 - [MESSAGE][PASSED] - Object: 'Object Repository/Create Pop-up Alert Page/Choose recipients modal window/filtered user selection' is clicked on

29-02-2024T12:03:30 - [TEST_STEP][PASSED] - click(findTestObject("Create Pop-up Alert Page/Choose recipients modal window/Filter field")): Object: 'Object Repository/Create Pop-up Alert Page/Choose recipients modal window/Filter field' is clicked on

29-02-2024T12:03:31 - [MESSAGE][PASSED] - Object: 'Object Repository/Create Pop-up Alert Page/Choose recipients modal window/Filter field' is clicked on

29-02-2024T12:03:31 - [TEST_STEP][PASSED] - sendKeys(findTestObject("Create Pop-up Alert Page/Choose recipients modal window/Filter field"), Keys.chord(CONTROL, "a", BACK_SPACE)): Keys 'CONTROL + BACK_SPACE + a' sent to object: 'Object Repository/Create Pop-up Alert Page/Choose recipients modal window/Filter field'

29-02-2024T12:03:31 - [MESSAGE][PASSED] - Keys 'CONTROL + BACK_SPACE + a' sent to object: 'Object Repository/Create Pop-up Alert Page/Choose recipients modal window/Filter field'

29-02-2024T12:03:31 - [TEST_STEP][PASSED] - setText(findTestObject("Create Pop-up Alert Page/Choose recipients modal window/Filter field"), "DESKTOP-9UH6GK7"): Text 'DESKTOP-9UH6GK7' is set on object 'Object Repository/Create Pop-up Alert Page/Choose recipients modal window/Filter field'

29-02-2024T12:03:32 - [MESSAGE][PASSED] - Text 'DESKTOP-9UH6GK7' is set on object 'Object Repository/Create Pop-up Alert Page/Choose recipients modal window/Filter field'

29-02-2024T12:03:32 - [TEST_STEP][PASSED] - verifyElementText(findTestObject("Create Pop-up Alert Page/Choose recipients modal window/All user list-filtered"), "DESKTOP-9UH6GK7 "): Actual text and expected text of test object 'Object Repository/Create Pop-up Alert Page/Choose recipients modal window/All user list-filtered' are matched.

29-02-2024T12:03:34 - [MESSAGE][PASSED] - Actual text and expected text of test object 'Object Repository/Create Pop-up Alert Page/Choose recipients modal window/All user list-filtered' are matched.

29-02-2024T12:03:34 - [TEST_STEP][PASSED] - click(findTestObject("Create Pop-up Alert Page/Choose recipients modal window/filtered user selection")): Object: 'Object Repository/Create Pop-up Alert Page/Choose recipients modal window/filtered user selection' is clicked on

29-02-2024T12:03:34 - [MESSAGE][PASSED] - Object: 'Object Repository/Create Pop-up Alert Page/Choose recipients modal window/filtered user selection' is clicked on

29-02-2024T12:03:34 - [TEST_STEP][PASSED] - click(findTestObject("Wallpapers/Done")): Object: 'Object Repository/Wallpapers/Done' is clicked on

29-02-2024T12:03:35 - [MESSAGE][PASSED] - Object: 'Object Repository/Wallpapers/Done' is clicked on

29-02-2024T12:03:35 - [MESSAGE][PASSED] - Call Test Case 'Test Cases/Built-in test cases/Choose recipients' successfully

29-02-2024T12:03:35 - [TEST_STEP][PASSED] - setText(findTestObject("Create Pop-up Alert Page/Alert Title field"), "TC-44"): Text 'TC-44' is set on object 'Object Repository/Create Pop-up Alert Page/Alert Title field'

29-02-2024T12:03:35 - [MESSAGE][PASSED] - Text 'TC-44' is set on object 'Object Repository/Create Pop-up Alert Page/Alert Title field'

29-02-2024T12:03:36 - [TEST_STEP][PASSED] - verifyElementPresent(findTestObject("Video Alert/Videoalert upload area"), 2): Object 'Object Repository/Video Alert/Videoalert upload area' is present

29-02-2024T12:03:36 - [MESSAGE][PASSED] - Object 'Object Repository/Video Alert/Videoalert upload area' is present

29-02-2024T12:03:36 - [TEST_STEP][PASSED] - uploadFileWithDragAndDrop(findTestObject("Video Alert/Videoalert upload area"), "C:\Users\Home\git\Katalon\video\earth.avi"): null

29-02-2024T12:03:36 - [TEST_STEP][PASSED] - delay(5): Delayed 5 second(s)

29-02-2024T12:03:41 - [MESSAGE][PASSED] - Delayed 5 second(s)

29-02-2024T12:03:41 - [TEST_STEP][PASSED] - getAttribute(findTestObject("Video alerts/uploaded video file"), "src"): Attribute 'src' of object 'Object Repository/Video alerts/uploaded video file' is: 'null'

29-02-2024T12:03:50 - [MESSAGE][PASSED] - Attribute 'src' of object 'Object Repository/Video alerts/uploaded video file' is: 'null'

29-02-2024T12:03:50 - [TEST_STEP][PASSED] - click(findTestObject("Video alerts/Video alert description")): Object: 'Object Repository/Video alerts/Video alert description' is clicked on

29-02-2024T12:03:50 - [MESSAGE][PASSED] - Object: 'Object Repository/Video alerts/Video alert description' is clicked on

29-02-2024T12:03:50 - [TEST_STEP][PASSED] - setText(findTestObject("Video alerts/Video alert description"), "Hello! This is automated AVI video alert from Katalon"): Text 'Hello! This is automated AVI video alert from Katalon' is set on object 'Object Repository/Video alerts/Video alert description'

29-02-2024T12:03:52 - [MESSAGE][PASSED] - Text 'Hello! This is automated AVI video alert from Katalon' is set on object 'Object Repository/Video alerts/Video alert description'

29-02-2024T12:03:52 - [TEST_STEP][PASSED] - click(findTestObject("Wallpapers/Send wallpaper button")): Object: 'Object Repository/Wallpapers/Send wallpaper button' is clicked on

29-02-2024T12:03:52 - [MESSAGE][PASSED] - Object: 'Object Repository/Wallpapers/Send wallpaper button' is clicked on

29-02-2024T12:03:52 - [TEST_STEP][PASSED] - waitForPageLoad(2): Wait for page load successfully

29-02-2024T12:03:52 - [MESSAGE][PASSED] - Wait for page load successfully

29-02-2024T12:03:52 - [TEST_STEP][PASSED] - setText(findTestObject("Pop-up Alerts page/Search by title field"), "TC-44"): Text 'TC-44' is set on object 'Object Repository/Pop-up Alerts page/Search by title field'

29-02-2024T12:03:55 - [MESSAGE][PASSED] - Text 'TC-44' is set on object 'Object Repository/Pop-up Alerts page/Search by title field'

29-02-2024T12:03:55 - [TEST_STEP][PASSED] - verifyElementText(findTestObject("Pop-up Alerts page/Filtered sent alert"), "TC-44"): Actual text and expected text of test object 'Object Repository/Pop-up Alerts page/Filtered sent alert' are matched.

29-02-2024T12:03:55 - [MESSAGE][PASSED] - Actual text and expected text of test object 'Object Repository/Pop-up Alerts page/Filtered sent alert' are matched.]]></system-out>
         <system-err><![CDATA[]]></system-err>
      </testcase>
      <testcase name="Test Cases/Video Alerts/Send Video Alert with WMV (TC-45)" time="28.661" classname="Test Cases/Video Alerts/Send Video Alert with WMV (TC-45)" status="PASSED">
         <system-out><![CDATA[29-02-2024T12:03:57 - [TEST_CASE][PASSED] - Test Cases/Video Alerts/Send Video Alert with WMV (TC-45): Test Cases/Video Alerts/Send Video Alert with WMV (TC-45)

29-02-2024T12:03:57 - [TEST_STEP][PASSED] - click(findTestObject("Dashboard Page/Compose alert button expansion")): Object: 'Object Repository/Dashboard Page/Compose alert button expansion' is clicked on

29-02-2024T12:03:58 - [MESSAGE][PASSED] - Object: 'Object Repository/Dashboard Page/Compose alert button expansion' is clicked on

29-02-2024T12:03:58 - [TEST_STEP][PASSED] - click(findTestObject("Dashboard Page/Video Alerts")): Object: 'Object Repository/Dashboard Page/Video Alerts' is clicked on

29-02-2024T12:03:58 - [MESSAGE][PASSED] - Object: 'Object Repository/Dashboard Page/Video Alerts' is clicked on

29-02-2024T12:03:58 - [TEST_STEP][PASSED] - verifyElementText(findTestObject("Wallpapers/Create Wallpaper Header"), "Create Video Alert"): Actual text and expected text of test object 'Object Repository/Wallpapers/Create Wallpaper Header' are matched.

29-02-2024T12:04:01 - [MESSAGE][PASSED] - Actual text and expected text of test object 'Object Repository/Wallpapers/Create Wallpaper Header' are matched.

29-02-2024T12:04:01 - [TEST_STEP][PASSED] - click(findTestObject("Video Alert/Videoalert more btn")): Object: 'Object Repository/Video Alert/Videoalert more btn' is clicked on

29-02-2024T12:04:02 - [MESSAGE][PASSED] - Object: 'Object Repository/Video Alert/Videoalert more btn' is clicked on

29-02-2024T12:04:02 - [TEST_STEP][PASSED] - callTestCase(findTestCase("Built-in test cases/Choose recipients"), [:], STOP_ON_FAILURE): Call Test Case 'Test Cases/Built-in test cases/Choose recipients' successfully

29-02-2024T12:04:02 - [TEST_CASE][PASSED] - Test Cases/Built-in test cases/Choose recipients: Test Cases/Built-in test cases/Choose recipients

29-02-2024T12:04:02 - [TEST_STEP][PASSED] - click(findTestObject("Create Pop-up Alert Page/Choose recipients modal window/Filter field")): Object: 'Object Repository/Create Pop-up Alert Page/Choose recipients modal window/Filter field' is clicked on

29-02-2024T12:04:02 - [MESSAGE][PASSED] - Object: 'Object Repository/Create Pop-up Alert Page/Choose recipients modal window/Filter field' is clicked on

29-02-2024T12:04:02 - [TEST_STEP][PASSED] - setText(findTestObject("Create Pop-up Alert Page/Choose recipients modal window/Filter field"), "LAPTOP-E6BU4LL9"): Text 'LAPTOP-E6BU4LL9' is set on object 'Object Repository/Create Pop-up Alert Page/Choose recipients modal window/Filter field'

29-02-2024T12:04:03 - [MESSAGE][PASSED] - Text 'LAPTOP-E6BU4LL9' is set on object 'Object Repository/Create Pop-up Alert Page/Choose recipients modal window/Filter field'

29-02-2024T12:04:03 - [TEST_STEP][PASSED] - verifyElementText(findTestObject("Create Pop-up Alert Page/Choose recipients modal window/All user list-filtered"), "LAPTOP-E6BU4LL9 "): Actual text and expected text of test object 'Object Repository/Create Pop-up Alert Page/Choose recipients modal window/All user list-filtered' are matched.

29-02-2024T12:04:05 - [MESSAGE][PASSED] - Actual text and expected text of test object 'Object Repository/Create Pop-up Alert Page/Choose recipients modal window/All user list-filtered' are matched.

29-02-2024T12:04:05 - [TEST_STEP][PASSED] - click(findTestObject("Create Pop-up Alert Page/Choose recipients modal window/filtered user selection")): Object: 'Object Repository/Create Pop-up Alert Page/Choose recipients modal window/filtered user selection' is clicked on

29-02-2024T12:04:05 - [MESSAGE][PASSED] - Object: 'Object Repository/Create Pop-up Alert Page/Choose recipients modal window/filtered user selection' is clicked on

29-02-2024T12:04:05 - [TEST_STEP][PASSED] - click(findTestObject("Create Pop-up Alert Page/Choose recipients modal window/Filter field")): Object: 'Object Repository/Create Pop-up Alert Page/Choose recipients modal window/Filter field' is clicked on

29-02-2024T12:04:06 - [MESSAGE][PASSED] - Object: 'Object Repository/Create Pop-up Alert Page/Choose recipients modal window/Filter field' is clicked on

29-02-2024T12:04:06 - [TEST_STEP][PASSED] - sendKeys(findTestObject("Create Pop-up Alert Page/Choose recipients modal window/Filter field"), Keys.chord(CONTROL, "a", BACK_SPACE)): Keys 'CONTROL + BACK_SPACE + a' sent to object: 'Object Repository/Create Pop-up Alert Page/Choose recipients modal window/Filter field'

29-02-2024T12:04:06 - [MESSAGE][PASSED] - Keys 'CONTROL + BACK_SPACE + a' sent to object: 'Object Repository/Create Pop-up Alert Page/Choose recipients modal window/Filter field'

29-02-2024T12:04:06 - [TEST_STEP][PASSED] - setText(findTestObject("Create Pop-up Alert Page/Choose recipients modal window/Filter field"), "DESKTOP-9UH6GK7"): Text 'DESKTOP-9UH6GK7' is set on object 'Object Repository/Create Pop-up Alert Page/Choose recipients modal window/Filter field'

29-02-2024T12:04:07 - [MESSAGE][PASSED] - Text 'DESKTOP-9UH6GK7' is set on object 'Object Repository/Create Pop-up Alert Page/Choose recipients modal window/Filter field'

29-02-2024T12:04:07 - [TEST_STEP][PASSED] - verifyElementText(findTestObject("Create Pop-up Alert Page/Choose recipients modal window/All user list-filtered"), "DESKTOP-9UH6GK7 "): Actual text and expected text of test object 'Object Repository/Create Pop-up Alert Page/Choose recipients modal window/All user list-filtered' are matched.

29-02-2024T12:04:09 - [MESSAGE][PASSED] - Actual text and expected text of test object 'Object Repository/Create Pop-up Alert Page/Choose recipients modal window/All user list-filtered' are matched.

29-02-2024T12:04:09 - [TEST_STEP][PASSED] - click(findTestObject("Create Pop-up Alert Page/Choose recipients modal window/filtered user selection")): Object: 'Object Repository/Create Pop-up Alert Page/Choose recipients modal window/filtered user selection' is clicked on

29-02-2024T12:04:09 - [MESSAGE][PASSED] - Object: 'Object Repository/Create Pop-up Alert Page/Choose recipients modal window/filtered user selection' is clicked on

29-02-2024T12:04:09 - [TEST_STEP][PASSED] - click(findTestObject("Wallpapers/Done")): Object: 'Object Repository/Wallpapers/Done' is clicked on

29-02-2024T12:04:10 - [MESSAGE][PASSED] - Object: 'Object Repository/Wallpapers/Done' is clicked on

29-02-2024T12:04:10 - [MESSAGE][PASSED] - Call Test Case 'Test Cases/Built-in test cases/Choose recipients' successfully

29-02-2024T12:04:10 - [TEST_STEP][PASSED] - setText(findTestObject("Create Pop-up Alert Page/Alert Title field"), "TC-45"): Text 'TC-45' is set on object 'Object Repository/Create Pop-up Alert Page/Alert Title field'

29-02-2024T12:04:11 - [MESSAGE][PASSED] - Text 'TC-45' is set on object 'Object Repository/Create Pop-up Alert Page/Alert Title field'

29-02-2024T12:04:11 - [TEST_STEP][PASSED] - verifyElementPresent(findTestObject("Video Alert/Videoalert upload area"), 2): Object 'Object Repository/Video Alert/Videoalert upload area' is present

29-02-2024T12:04:11 - [MESSAGE][PASSED] - Object 'Object Repository/Video Alert/Videoalert upload area' is present

29-02-2024T12:04:11 - [TEST_STEP][PASSED] - uploadFileWithDragAndDrop(findTestObject("Video Alert/Videoalert upload area"), "C:\Users\Home\git\Katalon\video\seaside.wmv"): null

29-02-2024T12:04:12 - [TEST_STEP][PASSED] - delay(5): Delayed 5 second(s)

29-02-2024T12:04:17 - [MESSAGE][PASSED] - Delayed 5 second(s)

29-02-2024T12:04:17 - [TEST_STEP][PASSED] - getAttribute(findTestObject("Video alerts/uploaded video file"), "src"): Attribute 'src' of object 'Object Repository/Video alerts/uploaded video file' is: 'null'

29-02-2024T12:04:18 - [MESSAGE][PASSED] - Attribute 'src' of object 'Object Repository/Video alerts/uploaded video file' is: 'null'

29-02-2024T12:04:18 - [TEST_STEP][PASSED] - click(findTestObject("Video alerts/Video alert description")): Object: 'Object Repository/Video alerts/Video alert description' is clicked on

29-02-2024T12:04:19 - [MESSAGE][PASSED] - Object: 'Object Repository/Video alerts/Video alert description' is clicked on

29-02-2024T12:04:19 - [TEST_STEP][PASSED] - setText(findTestObject("Video alerts/Video alert description"), "Hello! This is automated WMV video alert from Katalon"): Text 'Hello! This is automated WMV video alert from Katalon' is set on object 'Object Repository/Video alerts/Video alert description'

29-02-2024T12:04:21 - [MESSAGE][PASSED] - Text 'Hello! This is automated WMV video alert from Katalon' is set on object 'Object Repository/Video alerts/Video alert description'

29-02-2024T12:04:21 - [TEST_STEP][PASSED] - click(findTestObject("Wallpapers/Send wallpaper button")): Object: 'Object Repository/Wallpapers/Send wallpaper button' is clicked on

29-02-2024T12:04:22 - [MESSAGE][PASSED] - Object: 'Object Repository/Wallpapers/Send wallpaper button' is clicked on

29-02-2024T12:04:22 - [TEST_STEP][PASSED] - waitForPageLoad(2): Wait for page load successfully

29-02-2024T12:04:22 - [MESSAGE][PASSED] - Wait for page load successfully

29-02-2024T12:04:22 - [TEST_STEP][PASSED] - setText(findTestObject("Pop-up Alerts page/Search by title field"), "TC-45"): Text 'TC-45' is set on object 'Object Repository/Pop-up Alerts page/Search by title field'

29-02-2024T12:04:24 - [MESSAGE][PASSED] - Text 'TC-45' is set on object 'Object Repository/Pop-up Alerts page/Search by title field'

29-02-2024T12:04:24 - [TEST_STEP][PASSED] - verifyElementText(findTestObject("Pop-up Alerts page/Filtered sent alert"), "TC-45"): Actual text and expected text of test object 'Object Repository/Pop-up Alerts page/Filtered sent alert' are matched.

29-02-2024T12:04:24 - [MESSAGE][PASSED] - Actual text and expected text of test object 'Object Repository/Pop-up Alerts page/Filtered sent alert' are matched.]]></system-out>
         <system-err><![CDATA[]]></system-err>
      </testcase>
      <testcase name="Test Cases/Video Alerts/Send Video Alert with video from the server (TC-46)" time="56.954" classname="Test Cases/Video Alerts/Send Video Alert with video from the server (TC-46)" status="PASSED">
         <system-out><![CDATA[29-02-2024T12:04:26 - [TEST_CASE][PASSED] - Test Cases/Video Alerts/Send Video Alert with video from the server (TC-46): Test Cases/Video Alerts/Send Video Alert with video from the server (TC-46)

29-02-2024T12:04:26 - [TEST_STEP][PASSED] - click(findTestObject("Dashboard Page/Compose alert button expansion")): Object: 'Object Repository/Dashboard Page/Compose alert button expansion' is clicked on

29-02-2024T12:04:26 - [MESSAGE][PASSED] - Object: 'Object Repository/Dashboard Page/Compose alert button expansion' is clicked on

29-02-2024T12:04:26 - [TEST_STEP][PASSED] - click(findTestObject("Dashboard Page/Video Alerts")): Object: 'Object Repository/Dashboard Page/Video Alerts' is clicked on

29-02-2024T12:04:27 - [MESSAGE][PASSED] - Object: 'Object Repository/Dashboard Page/Video Alerts' is clicked on

29-02-2024T12:04:27 - [TEST_STEP][PASSED] - verifyElementText(findTestObject("Wallpapers/Create Wallpaper Header"), "Create Video Alert"): Actual text and expected text of test object 'Object Repository/Wallpapers/Create Wallpaper Header' are matched.

29-02-2024T12:04:30 - [MESSAGE][PASSED] - Actual text and expected text of test object 'Object Repository/Wallpapers/Create Wallpaper Header' are matched.

29-02-2024T12:04:30 - [TEST_STEP][PASSED] - click(findTestObject("Video Alert/Videoalert more btn")): Object: 'Object Repository/Video Alert/Videoalert more btn' is clicked on

29-02-2024T12:04:30 - [MESSAGE][PASSED] - Object: 'Object Repository/Video Alert/Videoalert more btn' is clicked on

29-02-2024T12:04:30 - [TEST_STEP][PASSED] - callTestCase(findTestCase("Built-in test cases/Choose recipients"), [:], STOP_ON_FAILURE): Call Test Case 'Test Cases/Built-in test cases/Choose recipients' successfully

29-02-2024T12:04:30 - [TEST_CASE][PASSED] - Test Cases/Built-in test cases/Choose recipients: Test Cases/Built-in test cases/Choose recipients

29-02-2024T12:04:30 - [TEST_STEP][PASSED] - click(findTestObject("Create Pop-up Alert Page/Choose recipients modal window/Filter field")): Object: 'Object Repository/Create Pop-up Alert Page/Choose recipients modal window/Filter field' is clicked on

29-02-2024T12:04:31 - [MESSAGE][PASSED] - Object: 'Object Repository/Create Pop-up Alert Page/Choose recipients modal window/Filter field' is clicked on

29-02-2024T12:04:31 - [TEST_STEP][PASSED] - setText(findTestObject("Create Pop-up Alert Page/Choose recipients modal window/Filter field"), "LAPTOP-E6BU4LL9"): Text 'LAPTOP-E6BU4LL9' is set on object 'Object Repository/Create Pop-up Alert Page/Choose recipients modal window/Filter field'

29-02-2024T12:04:32 - [MESSAGE][PASSED] - Text 'LAPTOP-E6BU4LL9' is set on object 'Object Repository/Create Pop-up Alert Page/Choose recipients modal window/Filter field'

29-02-2024T12:04:32 - [TEST_STEP][PASSED] - verifyElementText(findTestObject("Create Pop-up Alert Page/Choose recipients modal window/All user list-filtered"), "LAPTOP-E6BU4LL9 "): Actual text and expected text of test object 'Object Repository/Create Pop-up Alert Page/Choose recipients modal window/All user list-filtered' are matched.

29-02-2024T12:04:34 - [MESSAGE][PASSED] - Actual text and expected text of test object 'Object Repository/Create Pop-up Alert Page/Choose recipients modal window/All user list-filtered' are matched.

29-02-2024T12:04:34 - [TEST_STEP][PASSED] - click(findTestObject("Create Pop-up Alert Page/Choose recipients modal window/filtered user selection")): Object: 'Object Repository/Create Pop-up Alert Page/Choose recipients modal window/filtered user selection' is clicked on

29-02-2024T12:04:34 - [MESSAGE][PASSED] - Object: 'Object Repository/Create Pop-up Alert Page/Choose recipients modal window/filtered user selection' is clicked on

29-02-2024T12:04:34 - [TEST_STEP][PASSED] - click(findTestObject("Create Pop-up Alert Page/Choose recipients modal window/Filter field")): Object: 'Object Repository/Create Pop-up Alert Page/Choose recipients modal window/Filter field' is clicked on

29-02-2024T12:04:34 - [MESSAGE][PASSED] - Object: 'Object Repository/Create Pop-up Alert Page/Choose recipients modal window/Filter field' is clicked on

29-02-2024T12:04:34 - [TEST_STEP][PASSED] - sendKeys(findTestObject("Create Pop-up Alert Page/Choose recipients modal window/Filter field"), Keys.chord(CONTROL, "a", BACK_SPACE)): Keys 'CONTROL + BACK_SPACE + a' sent to object: 'Object Repository/Create Pop-up Alert Page/Choose recipients modal window/Filter field'

29-02-2024T12:04:35 - [MESSAGE][PASSED] - Keys 'CONTROL + BACK_SPACE + a' sent to object: 'Object Repository/Create Pop-up Alert Page/Choose recipients modal window/Filter field'

29-02-2024T12:04:35 - [TEST_STEP][PASSED] - setText(findTestObject("Create Pop-up Alert Page/Choose recipients modal window/Filter field"), "DESKTOP-9UH6GK7"): Text 'DESKTOP-9UH6GK7' is set on object 'Object Repository/Create Pop-up Alert Page/Choose recipients modal window/Filter field'

29-02-2024T12:04:36 - [MESSAGE][PASSED] - Text 'DESKTOP-9UH6GK7' is set on object 'Object Repository/Create Pop-up Alert Page/Choose recipients modal window/Filter field'

29-02-2024T12:04:36 - [TEST_STEP][PASSED] - verifyElementText(findTestObject("Create Pop-up Alert Page/Choose recipients modal window/All user list-filtered"), "DESKTOP-9UH6GK7 "): Actual text and expected text of test object 'Object Repository/Create Pop-up Alert Page/Choose recipients modal window/All user list-filtered' are matched.

29-02-2024T12:04:37 - [MESSAGE][PASSED] - Actual text and expected text of test object 'Object Repository/Create Pop-up Alert Page/Choose recipients modal window/All user list-filtered' are matched.

29-02-2024T12:04:37 - [TEST_STEP][PASSED] - click(findTestObject("Create Pop-up Alert Page/Choose recipients modal window/filtered user selection")): Object: 'Object Repository/Create Pop-up Alert Page/Choose recipients modal window/filtered user selection' is clicked on

29-02-2024T12:04:38 - [MESSAGE][PASSED] - Object: 'Object Repository/Create Pop-up Alert Page/Choose recipients modal window/filtered user selection' is clicked on

29-02-2024T12:04:38 - [TEST_STEP][PASSED] - click(findTestObject("Wallpapers/Done")): Object: 'Object Repository/Wallpapers/Done' is clicked on

29-02-2024T12:04:38 - [MESSAGE][PASSED] - Object: 'Object Repository/Wallpapers/Done' is clicked on

29-02-2024T12:04:38 - [MESSAGE][PASSED] - Call Test Case 'Test Cases/Built-in test cases/Choose recipients' successfully

29-02-2024T12:04:38 - [TEST_STEP][PASSED] - setText(findTestObject("Create Pop-up Alert Page/Alert Title field"), "TC-46"): Text 'TC-46' is set on object 'Object Repository/Create Pop-up Alert Page/Alert Title field'

29-02-2024T12:04:39 - [MESSAGE][PASSED] - Text 'TC-46' is set on object 'Object Repository/Create Pop-up Alert Page/Alert Title field'

29-02-2024T12:04:39 - [TEST_STEP][PASSED] - verifyElementPresent(findTestObject("Video Alert/Videoalert upload area"), 2): Object 'Object Repository/Video Alert/Videoalert upload area' is present

29-02-2024T12:04:39 - [MESSAGE][PASSED] - Object 'Object Repository/Video Alert/Videoalert upload area' is present

29-02-2024T12:04:39 - [TEST_STEP][PASSED] - click(findTestObject("Video Alert/Select video from the server")): Object: 'Object Repository/Video Alert/Select video from the server' is clicked on

29-02-2024T12:04:40 - [MESSAGE][PASSED] - Object: 'Object Repository/Video Alert/Select video from the server' is clicked on

29-02-2024T12:04:40 - [TEST_STEP][PASSED] - click(findTestObject("Wallpapers/Select image from server button")): Object: 'Object Repository/Wallpapers/Select image from server button' is clicked on

29-02-2024T12:04:40 - [MESSAGE][PASSED] - Object: 'Object Repository/Wallpapers/Select image from server button' is clicked on

29-02-2024T12:04:40 - [TEST_STEP][PASSED] - click(findTestObject("Video alerts/First video from the server")): Object: 'Object Repository/Video alerts/First video from the server' is clicked on

29-02-2024T12:04:41 - [MESSAGE][PASSED] - Object: 'Object Repository/Video alerts/First video from the server' is clicked on

29-02-2024T12:04:41 - [TEST_STEP][PASSED] - delay(1): Delayed 1 second(s)

29-02-2024T12:04:43 - [MESSAGE][PASSED] - Delayed 1 second(s)

29-02-2024T12:04:43 - [TEST_STEP][NOT_RUN] - getAttribute(findTestObject("Video alerts/uploaded video file"), "src"): NOT_RUN: getAttribute(findTestObject("Video alerts/uploaded video file"), "src")

29-02-2024T12:04:43 - [MESSAGE][NOT_RUN] - NOT_RUN: getAttribute(findTestObject("Video alerts/uploaded video file"), "src")

29-02-2024T12:04:43 - [TEST_STEP][PASSED] - click(findTestObject("Video alerts/Video alert description")): Object: 'Object Repository/Video alerts/Video alert description' is clicked on

29-02-2024T12:04:43 - [MESSAGE][PASSED] - Object: 'Object Repository/Video alerts/Video alert description' is clicked on

29-02-2024T12:04:43 - [TEST_STEP][PASSED] - setText(findTestObject("Video alerts/Video alert description"), "Hello! This is automated video alert from Katalon"): Text 'Hello! This is automated video alert from Katalon' is set on object 'Object Repository/Video alerts/Video alert description'

29-02-2024T12:04:45 - [MESSAGE][PASSED] - Text 'Hello! This is automated video alert from Katalon' is set on object 'Object Repository/Video alerts/Video alert description'

29-02-2024T12:04:45 - [TEST_STEP][PASSED] - click(findTestObject("Wallpapers/Send wallpaper button")): Object: 'Object Repository/Wallpapers/Send wallpaper button' is clicked on

29-02-2024T12:04:46 - [MESSAGE][PASSED] - Object: 'Object Repository/Wallpapers/Send wallpaper button' is clicked on

29-02-2024T12:04:46 - [TEST_STEP][PASSED] - waitForPageLoad(2): Wait for page load successfully

29-02-2024T12:04:46 - [MESSAGE][PASSED] - Wait for page load successfully

29-02-2024T12:04:46 - [TEST_STEP][PASSED] - setText(findTestObject("Pop-up Alerts page/Search by title field"), "TC-46"): Text 'TC-46' is set on object 'Object Repository/Pop-up Alerts page/Search by title field'

29-02-2024T12:05:21 - [MESSAGE][PASSED] - Text 'TC-46' is set on object 'Object Repository/Pop-up Alerts page/Search by title field'

29-02-2024T12:05:21 - [TEST_STEP][PASSED] - verifyElementText(findTestObject("Pop-up Alerts page/Filtered sent alert"), "TC-46"): Actual text and expected text of test object 'Object Repository/Pop-up Alerts page/Filtered sent alert' are matched.

29-02-2024T12:05:21 - [MESSAGE][PASSED] - Actual text and expected text of test object 'Object Repository/Pop-up Alerts page/Filtered sent alert' are matched.]]></system-out>
         <system-err><![CDATA[]]></system-err>
      </testcase>
      <testcase name="Test Cases/Video Alerts/Draft Video Alert (TC-47)" time="35.228" classname="Test Cases/Video Alerts/Draft Video Alert (TC-47)" status="PASSED">
         <system-out><![CDATA[29-02-2024T12:05:23 - [TEST_CASE][PASSED] - Test Cases/Video Alerts/Draft Video Alert (TC-47): Test Cases/Video Alerts/Draft Video Alert (TC-47)

29-02-2024T12:05:23 - [TEST_STEP][PASSED] - click(findTestObject("Dashboard Page/Compose alert button expansion")): Object: 'Object Repository/Dashboard Page/Compose alert button expansion' is clicked on

29-02-2024T12:05:23 - [MESSAGE][PASSED] - Object: 'Object Repository/Dashboard Page/Compose alert button expansion' is clicked on

29-02-2024T12:05:23 - [TEST_STEP][PASSED] - click(findTestObject("Dashboard Page/Video Alerts")): Object: 'Object Repository/Dashboard Page/Video Alerts' is clicked on

29-02-2024T12:05:24 - [MESSAGE][PASSED] - Object: 'Object Repository/Dashboard Page/Video Alerts' is clicked on

29-02-2024T12:05:24 - [TEST_STEP][PASSED] - verifyElementText(findTestObject("Wallpapers/Create Wallpaper Header"), "Create Video Alert"): Actual text and expected text of test object 'Object Repository/Wallpapers/Create Wallpaper Header' are matched.

29-02-2024T12:05:27 - [MESSAGE][PASSED] - Actual text and expected text of test object 'Object Repository/Wallpapers/Create Wallpaper Header' are matched.

29-02-2024T12:05:27 - [TEST_STEP][PASSED] - click(findTestObject("Video Alert/Videoalert more btn")): Object: 'Object Repository/Video Alert/Videoalert more btn' is clicked on

29-02-2024T12:05:27 - [MESSAGE][PASSED] - Object: 'Object Repository/Video Alert/Videoalert more btn' is clicked on

29-02-2024T12:05:27 - [TEST_STEP][PASSED] - callTestCase(findTestCase("Built-in test cases/Choose recipients"), [:], STOP_ON_FAILURE): Call Test Case 'Test Cases/Built-in test cases/Choose recipients' successfully

29-02-2024T12:05:27 - [TEST_CASE][PASSED] - Test Cases/Built-in test cases/Choose recipients: Test Cases/Built-in test cases/Choose recipients

29-02-2024T12:05:27 - [TEST_STEP][PASSED] - click(findTestObject("Create Pop-up Alert Page/Choose recipients modal window/Filter field")): Object: 'Object Repository/Create Pop-up Alert Page/Choose recipients modal window/Filter field' is clicked on

29-02-2024T12:05:28 - [MESSAGE][PASSED] - Object: 'Object Repository/Create Pop-up Alert Page/Choose recipients modal window/Filter field' is clicked on

29-02-2024T12:05:28 - [TEST_STEP][PASSED] - setText(findTestObject("Create Pop-up Alert Page/Choose recipients modal window/Filter field"), "LAPTOP-E6BU4LL9"): Text 'LAPTOP-E6BU4LL9' is set on object 'Object Repository/Create Pop-up Alert Page/Choose recipients modal window/Filter field'

29-02-2024T12:05:29 - [MESSAGE][PASSED] - Text 'LAPTOP-E6BU4LL9' is set on object 'Object Repository/Create Pop-up Alert Page/Choose recipients modal window/Filter field'

29-02-2024T12:05:29 - [TEST_STEP][PASSED] - verifyElementText(findTestObject("Create Pop-up Alert Page/Choose recipients modal window/All user list-filtered"), "LAPTOP-E6BU4LL9 "): Actual text and expected text of test object 'Object Repository/Create Pop-up Alert Page/Choose recipients modal window/All user list-filtered' are matched.

29-02-2024T12:05:30 - [MESSAGE][PASSED] - Actual text and expected text of test object 'Object Repository/Create Pop-up Alert Page/Choose recipients modal window/All user list-filtered' are matched.

29-02-2024T12:05:30 - [TEST_STEP][PASSED] - click(findTestObject("Create Pop-up Alert Page/Choose recipients modal window/filtered user selection")): Object: 'Object Repository/Create Pop-up Alert Page/Choose recipients modal window/filtered user selection' is clicked on

29-02-2024T12:05:31 - [MESSAGE][PASSED] - Object: 'Object Repository/Create Pop-up Alert Page/Choose recipients modal window/filtered user selection' is clicked on

29-02-2024T12:05:31 - [TEST_STEP][PASSED] - click(findTestObject("Create Pop-up Alert Page/Choose recipients modal window/Filter field")): Object: 'Object Repository/Create Pop-up Alert Page/Choose recipients modal window/Filter field' is clicked on

29-02-2024T12:05:31 - [MESSAGE][PASSED] - Object: 'Object Repository/Create Pop-up Alert Page/Choose recipients modal window/Filter field' is clicked on

29-02-2024T12:05:31 - [TEST_STEP][PASSED] - sendKeys(findTestObject("Create Pop-up Alert Page/Choose recipients modal window/Filter field"), Keys.chord(CONTROL, "a", BACK_SPACE)): Keys 'CONTROL + BACK_SPACE + a' sent to object: 'Object Repository/Create Pop-up Alert Page/Choose recipients modal window/Filter field'

29-02-2024T12:05:32 - [MESSAGE][PASSED] - Keys 'CONTROL + BACK_SPACE + a' sent to object: 'Object Repository/Create Pop-up Alert Page/Choose recipients modal window/Filter field'

29-02-2024T12:05:32 - [TEST_STEP][PASSED] - setText(findTestObject("Create Pop-up Alert Page/Choose recipients modal window/Filter field"), "DESKTOP-9UH6GK7"): Text 'DESKTOP-9UH6GK7' is set on object 'Object Repository/Create Pop-up Alert Page/Choose recipients modal window/Filter field'

29-02-2024T12:05:33 - [MESSAGE][PASSED] - Text 'DESKTOP-9UH6GK7' is set on object 'Object Repository/Create Pop-up Alert Page/Choose recipients modal window/Filter field'

29-02-2024T12:05:33 - [TEST_STEP][PASSED] - verifyElementText(findTestObject("Create Pop-up Alert Page/Choose recipients modal window/All user list-filtered"), "DESKTOP-9UH6GK7 "): Actual text and expected text of test object 'Object Repository/Create Pop-up Alert Page/Choose recipients modal window/All user list-filtered' are matched.

29-02-2024T12:05:34 - [MESSAGE][PASSED] - Actual text and expected text of test object 'Object Repository/Create Pop-up Alert Page/Choose recipients modal window/All user list-filtered' are matched.

29-02-2024T12:05:34 - [TEST_STEP][PASSED] - click(findTestObject("Create Pop-up Alert Page/Choose recipients modal window/filtered user selection")): Object: 'Object Repository/Create Pop-up Alert Page/Choose recipients modal window/filtered user selection' is clicked on

29-02-2024T12:05:34 - [MESSAGE][PASSED] - Object: 'Object Repository/Create Pop-up Alert Page/Choose recipients modal window/filtered user selection' is clicked on

29-02-2024T12:05:34 - [TEST_STEP][PASSED] - click(findTestObject("Wallpapers/Done")): Object: 'Object Repository/Wallpapers/Done' is clicked on

29-02-2024T12:05:35 - [MESSAGE][PASSED] - Object: 'Object Repository/Wallpapers/Done' is clicked on

29-02-2024T12:05:35 - [MESSAGE][PASSED] - Call Test Case 'Test Cases/Built-in test cases/Choose recipients' successfully

29-02-2024T12:05:35 - [TEST_STEP][PASSED] - setText(findTestObject("Create Pop-up Alert Page/Alert Title field"), "TC-47"): Text 'TC-47' is set on object 'Object Repository/Create Pop-up Alert Page/Alert Title field'

29-02-2024T12:05:36 - [MESSAGE][PASSED] - Text 'TC-47' is set on object 'Object Repository/Create Pop-up Alert Page/Alert Title field'

29-02-2024T12:05:36 - [TEST_STEP][PASSED] - verifyElementPresent(findTestObject("Video Alert/Videoalert upload area"), 2): Object 'Object Repository/Video Alert/Videoalert upload area' is present

29-02-2024T12:05:36 - [MESSAGE][PASSED] - Object 'Object Repository/Video Alert/Videoalert upload area' is present

29-02-2024T12:05:36 - [TEST_STEP][PASSED] - click(findTestObject("Video Alert/Select video from the server")): Object: 'Object Repository/Video Alert/Select video from the server' is clicked on

29-02-2024T12:05:37 - [MESSAGE][PASSED] - Object: 'Object Repository/Video Alert/Select video from the server' is clicked on

29-02-2024T12:05:37 - [TEST_STEP][PASSED] - click(findTestObject("Wallpapers/Select image from server button")): Object: 'Object Repository/Wallpapers/Select image from server button' is clicked on

29-02-2024T12:05:37 - [MESSAGE][PASSED] - Object: 'Object Repository/Wallpapers/Select image from server button' is clicked on

29-02-2024T12:05:37 - [TEST_STEP][PASSED] - click(findTestObject("Video alerts/First video from the server")): Object: 'Object Repository/Video alerts/First video from the server' is clicked on

29-02-2024T12:05:39 - [MESSAGE][PASSED] - Object: 'Object Repository/Video alerts/First video from the server' is clicked on

29-02-2024T12:05:39 - [TEST_STEP][PASSED] - delay(1): Delayed 1 second(s)

29-02-2024T12:05:40 - [MESSAGE][PASSED] - Delayed 1 second(s)

29-02-2024T12:05:40 - [TEST_STEP][PASSED] - click(findTestObject("Video alerts/Video alert description")): Object: 'Object Repository/Video alerts/Video alert description' is clicked on

29-02-2024T12:05:40 - [MESSAGE][PASSED] - Object: 'Object Repository/Video alerts/Video alert description' is clicked on

29-02-2024T12:05:40 - [TEST_STEP][PASSED] - setText(findTestObject("Video alerts/Video alert description"), "Hello! This is automated Draft video alert from Katalon"): Text 'Hello! This is automated Draft video alert from Katalon' is set on object 'Object Repository/Video alerts/Video alert description'

29-02-2024T12:05:42 - [MESSAGE][PASSED] - Text 'Hello! This is automated Draft video alert from Katalon' is set on object 'Object Repository/Video alerts/Video alert description'

29-02-2024T12:05:42 - [TEST_STEP][PASSED] - click(findTestObject("Wallpapers/Save wallpaper button")): Object: 'Object Repository/Wallpapers/Save wallpaper button' is clicked on

29-02-2024T12:05:42 - [MESSAGE][PASSED] - Object: 'Object Repository/Wallpapers/Save wallpaper button' is clicked on

29-02-2024T12:05:42 - [TEST_STEP][PASSED] - waitForPageLoad(2): Wait for page load successfully

29-02-2024T12:05:42 - [MESSAGE][PASSED] - Wait for page load successfully

29-02-2024T12:05:42 - [TEST_STEP][PASSED] - click(findTestObject("Pop-up Alerts page/Draft tab")): Object: 'Object Repository/Pop-up Alerts page/Draft tab' is clicked on

29-02-2024T12:05:44 - [MESSAGE][PASSED] - Object: 'Object Repository/Pop-up Alerts page/Draft tab' is clicked on

29-02-2024T12:05:44 - [TEST_STEP][PASSED] - setText(findTestObject("Pop-up Alerts page/Search by title field"), "TC-47"): Text 'TC-47' is set on object 'Object Repository/Pop-up Alerts page/Search by title field'

29-02-2024T12:05:45 - [MESSAGE][PASSED] - Text 'TC-47' is set on object 'Object Repository/Pop-up Alerts page/Search by title field'

29-02-2024T12:05:45 - [TEST_STEP][PASSED] - verifyElementText(findTestObject("Pop-up Alerts page/Filtered sent alert"), "TC-47"): Actual text and expected text of test object 'Object Repository/Pop-up Alerts page/Filtered sent alert' are matched.

29-02-2024T12:05:45 - [MESSAGE][PASSED] - Actual text and expected text of test object 'Object Repository/Pop-up Alerts page/Filtered sent alert' are matched.

29-02-2024T12:05:45 - [TEST_STEP][PASSED] - click(findTestObject("Survey/3dots Actions")): Object: 'Object Repository/Survey/3dots Actions' is clicked on

29-02-2024T12:05:47 - [MESSAGE][PASSED] - Object: 'Object Repository/Survey/3dots Actions' is clicked on

29-02-2024T12:05:47 - [TEST_STEP][PASSED] - click(findTestObject("Pop-up Alerts page/Preview Draft alert Actions")): Object: 'Object Repository/Pop-up Alerts page/Preview Draft alert Actions' is clicked on

29-02-2024T12:05:47 - [MESSAGE][PASSED] - Object: 'Object Repository/Pop-up Alerts page/Preview Draft alert Actions' is clicked on

29-02-2024T12:05:47 - [TEST_STEP][PASSED] - switchToFrame(findTestObject("Create Pop-up Alert Page/Preview alert iframe"), 2): null

29-02-2024T12:05:48 - [TEST_STEP][PASSED] - takeFullPageScreenshot([]): Taking screenshot successfully

29-02-2024T12:05:48 - [MESSAGE][INFO] - 0 hidden object(s)

29-02-2024T12:05:49 - [MESSAGE][INFO] - 0 hidden object(s)

29-02-2024T12:05:49 - [MESSAGE][PASSED] - Taking screenshot successfully
[[ATTACHMENT|C:\\Users\\Home\\git\\Katalon\\Reports\\20240229_120203\\Video Alerts\\20240229_120203\\1709197548817.png]]

29-02-2024T12:05:49 - [TEST_STEP][PASSED] - click(findTestObject("Create Pop-up Alert Page/close alert preview")): Object: 'Object Repository/Create Pop-up Alert Page/close alert preview' is clicked on

29-02-2024T12:05:49 - [MESSAGE][PASSED] - Object: 'Object Repository/Create Pop-up Alert Page/close alert preview' is clicked on

29-02-2024T12:05:49 - [TEST_STEP][PASSED] - switchToDefaultContent(): null

29-02-2024T12:05:49 - [TEST_STEP][PASSED] - click(findTestObject("Survey/3dots Actions")): Object: 'Object Repository/Survey/3dots Actions' is clicked on

29-02-2024T12:05:50 - [MESSAGE][PASSED] - Object: 'Object Repository/Survey/3dots Actions' is clicked on

29-02-2024T12:05:50 - [TEST_STEP][PASSED] - click(findTestObject("Pop-up Alerts page/Edit Draft alert Actions")): Object: 'Object Repository/Pop-up Alerts page/Edit Draft alert Actions' is clicked on

29-02-2024T12:05:51 - [MESSAGE][PASSED] - Object: 'Object Repository/Pop-up Alerts page/Edit Draft alert Actions' is clicked on

29-02-2024T12:05:51 - [TEST_STEP][PASSED] - verifyElementText(findTestObject("Wallpapers/Create Wallpaper Header"), "Create Video Alert"): Actual text and expected text of test object 'Object Repository/Wallpapers/Create Wallpaper Header' are matched.

29-02-2024T12:05:54 - [MESSAGE][PASSED] - Actual text and expected text of test object 'Object Repository/Wallpapers/Create Wallpaper Header' are matched.

29-02-2024T12:05:54 - [TEST_STEP][PASSED] - click(findTestObject("Wallpapers/Save wallpaper button")): Object: 'Object Repository/Wallpapers/Save wallpaper button' is clicked on

29-02-2024T12:05:54 - [MESSAGE][PASSED] - Object: 'Object Repository/Wallpapers/Save wallpaper button' is clicked on

29-02-2024T12:05:54 - [TEST_STEP][PASSED] - verifyElementPresent(findTestObject("Pop-up Alerts page/Draft tab"), 2): Object 'Object Repository/Pop-up Alerts page/Draft tab' is present

29-02-2024T12:05:56 - [MESSAGE][PASSED] - Object 'Object Repository/Pop-up Alerts page/Draft tab' is present]]></system-out>
         <system-err><![CDATA[]]></system-err>
      </testcase>
      <testcase name="Test Cases/Video Alerts/Send Video Alert with advanced settings (TC-48)" time="32.11" classname="Test Cases/Video Alerts/Send Video Alert with advanced settings (TC-48)" status="PASSED">
         <system-out><![CDATA[29-02-2024T12:05:58 - [TEST_CASE][PASSED] - Test Cases/Video Alerts/Send Video Alert with advanced settings (TC-48): Test Cases/Video Alerts/Send Video Alert with advanced settings (TC-48)

29-02-2024T12:05:58 - [TEST_STEP][PASSED] - click(findTestObject("Dashboard Page/Compose alert button expansion")): Object: 'Object Repository/Dashboard Page/Compose alert button expansion' is clicked on

29-02-2024T12:05:59 - [MESSAGE][PASSED] - Object: 'Object Repository/Dashboard Page/Compose alert button expansion' is clicked on

29-02-2024T12:05:59 - [TEST_STEP][PASSED] - click(findTestObject("Dashboard Page/Video Alerts")): Object: 'Object Repository/Dashboard Page/Video Alerts' is clicked on

29-02-2024T12:05:59 - [MESSAGE][PASSED] - Object: 'Object Repository/Dashboard Page/Video Alerts' is clicked on

29-02-2024T12:05:59 - [TEST_STEP][PASSED] - verifyElementText(findTestObject("Wallpapers/Create Wallpaper Header"), "Create Video Alert"): Actual text and expected text of test object 'Object Repository/Wallpapers/Create Wallpaper Header' are matched.

29-02-2024T12:06:02 - [MESSAGE][PASSED] - Actual text and expected text of test object 'Object Repository/Wallpapers/Create Wallpaper Header' are matched.

29-02-2024T12:06:02 - [TEST_STEP][PASSED] - click(findTestObject("Video Alert/Videoalert more btn")): Object: 'Object Repository/Video Alert/Videoalert more btn' is clicked on

29-02-2024T12:06:03 - [MESSAGE][PASSED] - Object: 'Object Repository/Video Alert/Videoalert more btn' is clicked on

29-02-2024T12:06:03 - [TEST_STEP][PASSED] - callTestCase(findTestCase("Built-in test cases/Choose recipients"), [:], STOP_ON_FAILURE): Call Test Case 'Test Cases/Built-in test cases/Choose recipients' successfully

29-02-2024T12:06:03 - [TEST_CASE][PASSED] - Test Cases/Built-in test cases/Choose recipients: Test Cases/Built-in test cases/Choose recipients

29-02-2024T12:06:03 - [TEST_STEP][PASSED] - click(findTestObject("Create Pop-up Alert Page/Choose recipients modal window/Filter field")): Object: 'Object Repository/Create Pop-up Alert Page/Choose recipients modal window/Filter field' is clicked on

29-02-2024T12:06:03 - [MESSAGE][PASSED] - Object: 'Object Repository/Create Pop-up Alert Page/Choose recipients modal window/Filter field' is clicked on

29-02-2024T12:06:03 - [TEST_STEP][PASSED] - setText(findTestObject("Create Pop-up Alert Page/Choose recipients modal window/Filter field"), "LAPTOP-E6BU4LL9"): Text 'LAPTOP-E6BU4LL9' is set on object 'Object Repository/Create Pop-up Alert Page/Choose recipients modal window/Filter field'

29-02-2024T12:06:04 - [MESSAGE][PASSED] - Text 'LAPTOP-E6BU4LL9' is set on object 'Object Repository/Create Pop-up Alert Page/Choose recipients modal window/Filter field'

29-02-2024T12:06:04 - [TEST_STEP][PASSED] - verifyElementText(findTestObject("Create Pop-up Alert Page/Choose recipients modal window/All user list-filtered"), "LAPTOP-E6BU4LL9 "): Actual text and expected text of test object 'Object Repository/Create Pop-up Alert Page/Choose recipients modal window/All user list-filtered' are matched.

29-02-2024T12:06:06 - [MESSAGE][PASSED] - Actual text and expected text of test object 'Object Repository/Create Pop-up Alert Page/Choose recipients modal window/All user list-filtered' are matched.

29-02-2024T12:06:06 - [TEST_STEP][PASSED] - click(findTestObject("Create Pop-up Alert Page/Choose recipients modal window/filtered user selection")): Object: 'Object Repository/Create Pop-up Alert Page/Choose recipients modal window/filtered user selection' is clicked on

29-02-2024T12:06:06 - [MESSAGE][PASSED] - Object: 'Object Repository/Create Pop-up Alert Page/Choose recipients modal window/filtered user selection' is clicked on

29-02-2024T12:06:06 - [TEST_STEP][PASSED] - click(findTestObject("Create Pop-up Alert Page/Choose recipients modal window/Filter field")): Object: 'Object Repository/Create Pop-up Alert Page/Choose recipients modal window/Filter field' is clicked on

29-02-2024T12:06:07 - [MESSAGE][PASSED] - Object: 'Object Repository/Create Pop-up Alert Page/Choose recipients modal window/Filter field' is clicked on

29-02-2024T12:06:07 - [TEST_STEP][PASSED] - sendKeys(findTestObject("Create Pop-up Alert Page/Choose recipients modal window/Filter field"), Keys.chord(CONTROL, "a", BACK_SPACE)): Keys 'CONTROL + BACK_SPACE + a' sent to object: 'Object Repository/Create Pop-up Alert Page/Choose recipients modal window/Filter field'

29-02-2024T12:06:07 - [MESSAGE][PASSED] - Keys 'CONTROL + BACK_SPACE + a' sent to object: 'Object Repository/Create Pop-up Alert Page/Choose recipients modal window/Filter field'

29-02-2024T12:06:07 - [TEST_STEP][PASSED] - setText(findTestObject("Create Pop-up Alert Page/Choose recipients modal window/Filter field"), "DESKTOP-9UH6GK7"): Text 'DESKTOP-9UH6GK7' is set on object 'Object Repository/Create Pop-up Alert Page/Choose recipients modal window/Filter field'

29-02-2024T12:06:08 - [MESSAGE][PASSED] - Text 'DESKTOP-9UH6GK7' is set on object 'Object Repository/Create Pop-up Alert Page/Choose recipients modal window/Filter field'

29-02-2024T12:06:08 - [TEST_STEP][PASSED] - verifyElementText(findTestObject("Create Pop-up Alert Page/Choose recipients modal window/All user list-filtered"), "DESKTOP-9UH6GK7 "): Actual text and expected text of test object 'Object Repository/Create Pop-up Alert Page/Choose recipients modal window/All user list-filtered' are matched.

29-02-2024T12:06:10 - [MESSAGE][PASSED] - Actual text and expected text of test object 'Object Repository/Create Pop-up Alert Page/Choose recipients modal window/All user list-filtered' are matched.

29-02-2024T12:06:10 - [TEST_STEP][PASSED] - click(findTestObject("Create Pop-up Alert Page/Choose recipients modal window/filtered user selection")): Object: 'Object Repository/Create Pop-up Alert Page/Choose recipients modal window/filtered user selection' is clicked on

29-02-2024T12:06:10 - [MESSAGE][PASSED] - Object: 'Object Repository/Create Pop-up Alert Page/Choose recipients modal window/filtered user selection' is clicked on

29-02-2024T12:06:10 - [TEST_STEP][PASSED] - click(findTestObject("Wallpapers/Done")): Object: 'Object Repository/Wallpapers/Done' is clicked on

29-02-2024T12:06:11 - [MESSAGE][PASSED] - Object: 'Object Repository/Wallpapers/Done' is clicked on

29-02-2024T12:06:11 - [MESSAGE][PASSED] - Call Test Case 'Test Cases/Built-in test cases/Choose recipients' successfully

29-02-2024T12:06:11 - [TEST_STEP][PASSED] - setText(findTestObject("Create Pop-up Alert Page/Alert Title field"), "TC-48"): Text 'TC-48' is set on object 'Object Repository/Create Pop-up Alert Page/Alert Title field'

29-02-2024T12:06:12 - [MESSAGE][PASSED] - Text 'TC-48' is set on object 'Object Repository/Create Pop-up Alert Page/Alert Title field'

29-02-2024T12:06:12 - [TEST_STEP][PASSED] - verifyElementPresent(findTestObject("Video Alert/Videoalert upload area"), 2): Object 'Object Repository/Video Alert/Videoalert upload area' is present

29-02-2024T12:06:12 - [MESSAGE][PASSED] - Object 'Object Repository/Video Alert/Videoalert upload area' is present

29-02-2024T12:06:12 - [TEST_STEP][PASSED] - click(findTestObject("Video Alert/Select video from the server")): Object: 'Object Repository/Video Alert/Select video from the server' is clicked on

29-02-2024T12:06:12 - [MESSAGE][PASSED] - Object: 'Object Repository/Video Alert/Select video from the server' is clicked on

29-02-2024T12:06:12 - [TEST_STEP][PASSED] - click(findTestObject("Wallpapers/Select image from server button")): Object: 'Object Repository/Wallpapers/Select image from server button' is clicked on

29-02-2024T12:06:13 - [MESSAGE][PASSED] - Object: 'Object Repository/Wallpapers/Select image from server button' is clicked on

29-02-2024T12:06:13 - [TEST_STEP][PASSED] - click(findTestObject("Video alerts/First video from the server")): Object: 'Object Repository/Video alerts/First video from the server' is clicked on

29-02-2024T12:06:14 - [MESSAGE][PASSED] - Object: 'Object Repository/Video alerts/First video from the server' is clicked on

29-02-2024T12:06:14 - [TEST_STEP][PASSED] - delay(1): Delayed 1 second(s)

29-02-2024T12:06:15 - [MESSAGE][PASSED] - Delayed 1 second(s)

29-02-2024T12:06:15 - [TEST_STEP][PASSED] - click(findTestObject("Video alerts/Video alert description")): Object: 'Object Repository/Video alerts/Video alert description' is clicked on

29-02-2024T12:06:15 - [MESSAGE][PASSED] - Object: 'Object Repository/Video alerts/Video alert description' is clicked on

29-02-2024T12:06:15 - [TEST_STEP][PASSED] - setText(findTestObject("Video alerts/Video alert description"), "Hello! This is automated video alert from Katalon"): Text 'Hello! This is automated video alert from Katalon' is set on object 'Object Repository/Video alerts/Video alert description'

29-02-2024T12:06:17 - [MESSAGE][PASSED] - Text 'Hello! This is automated video alert from Katalon' is set on object 'Object Repository/Video alerts/Video alert description'

29-02-2024T12:06:17 - [TEST_STEP][PASSED] - click(findTestObject("Create Pop-up Alert Page/Alerts settings right-hand menu/Skin choice button")): Object: 'Object Repository/Create Pop-up Alert Page/Alerts settings right-hand menu/Skin choice button' is clicked on

29-02-2024T12:06:18 - [MESSAGE][PASSED] - Object: 'Object Repository/Create Pop-up Alert Page/Alerts settings right-hand menu/Skin choice button' is clicked on

29-02-2024T12:06:18 - [TEST_STEP][PASSED] - click(findTestObject("Create Pop-up Alert Page/Alerts settings right-hand menu/Skin with given index")): Object: 'Object Repository/Create Pop-up Alert Page/Alerts settings right-hand menu/Skin with given index' is clicked on

29-02-2024T12:06:18 - [MESSAGE][PASSED] - Object: 'Object Repository/Create Pop-up Alert Page/Alerts settings right-hand menu/Skin with given index' is clicked on

29-02-2024T12:06:18 - [TEST_STEP][PASSED] - sendKeys(findTestObject("Survey/alert width"), Keys.chord(CONTROL, "a", BACK_SPACE)): Keys 'CONTROL + BACK_SPACE + a' sent to object: 'Object Repository/Survey/alert width'

29-02-2024T12:06:19 - [MESSAGE][PASSED] - Keys 'CONTROL + BACK_SPACE + a' sent to object: 'Object Repository/Survey/alert width'

29-02-2024T12:06:19 - [TEST_STEP][PASSED] - setText(findTestObject("Survey/alert width"), "400"): Text '400' is set on object 'Object Repository/Survey/alert width'

29-02-2024T12:06:20 - [MESSAGE][PASSED] - Text '400' is set on object 'Object Repository/Survey/alert width'

29-02-2024T12:06:20 - [TEST_STEP][PASSED] - sendKeys(findTestObject("Survey/alert height"), Keys.chord(CONTROL, "a", BACK_SPACE)): Keys 'CONTROL + BACK_SPACE + a' sent to object: 'Object Repository/Survey/alert height'

29-02-2024T12:06:21 - [MESSAGE][PASSED] - Keys 'CONTROL + BACK_SPACE + a' sent to object: 'Object Repository/Survey/alert height'

29-02-2024T12:06:21 - [TEST_STEP][PASSED] - setText(findTestObject("Survey/alert height"), "500"): Text '500' is set on object 'Object Repository/Survey/alert height'

29-02-2024T12:06:22 - [MESSAGE][PASSED] - Text '500' is set on object 'Object Repository/Survey/alert height'

29-02-2024T12:06:22 - [TEST_STEP][PASSED] - check(findTestObject("Create Pop-up Alert Page/Alerts settings right-hand menu/Acknowledgement checkbox")): Object 'Object Repository/Create Pop-up Alert Page/Alerts settings right-hand menu/Acknowledgement checkbox' is checked

29-02-2024T12:06:22 - [MESSAGE][PASSED] - Object 'Object Repository/Create Pop-up Alert Page/Alerts settings right-hand menu/Acknowledgement checkbox' is checked

29-02-2024T12:06:22 - [TEST_STEP][PASSED] - verifyElementChecked(findTestObject("Create Pop-up Alert Page/Alerts settings right-hand menu/Acknowledgement checkbox"), 2): Object 'Object Repository/Create Pop-up Alert Page/Alerts settings right-hand menu/Acknowledgement checkbox' is checked

29-02-2024T12:06:23 - [MESSAGE][PASSED] - Object 'Object Repository/Create Pop-up Alert Page/Alerts settings right-hand menu/Acknowledgement checkbox' is checked

29-02-2024T12:06:23 - [TEST_STEP][PASSED] - click(findTestObject("Video alerts/Preview video alert btn")): Object: 'Object Repository/Video alerts/Preview video alert btn' is clicked on

29-02-2024T12:06:23 - [MESSAGE][PASSED] - Object: 'Object Repository/Video alerts/Preview video alert btn' is clicked on

29-02-2024T12:06:23 - [TEST_STEP][PASSED] - switchToFrame(findTestObject("Create Pop-up Alert Page/Preview alert iframe"), 2): null

29-02-2024T12:06:24 - [TEST_STEP][PASSED] - takeFullPageScreenshot(): Taking screenshot successfully

29-02-2024T12:06:25 - [MESSAGE][INFO] - 0 hidden object(s)

29-02-2024T12:06:25 - [MESSAGE][PASSED] - Taking screenshot successfully
[[ATTACHMENT|C:\\Users\\Home\\git\\Katalon\\Reports\\20240229_120203\\Video Alerts\\20240229_120203\\1709197584894.png]]

29-02-2024T12:06:25 - [TEST_STEP][PASSED] - switchToDefaultContent(): null

29-02-2024T12:06:25 - [TEST_STEP][PASSED] - waitForPageLoad(2): Wait for page load successfully

29-02-2024T12:06:25 - [MESSAGE][PASSED] - Wait for page load successfully

29-02-2024T12:06:25 - [TEST_STEP][PASSED] - click(findTestObject("Wallpapers/Send wallpaper button")): Object: 'Object Repository/Wallpapers/Send wallpaper button' is clicked on

29-02-2024T12:06:25 - [MESSAGE][PASSED] - Object: 'Object Repository/Wallpapers/Send wallpaper button' is clicked on

29-02-2024T12:06:25 - [TEST_STEP][PASSED] - setText(findTestObject("Pop-up Alerts page/Search by title field"), "TC-48"): Text 'TC-48' is set on object 'Object Repository/Pop-up Alerts page/Search by title field'

29-02-2024T12:06:28 - [MESSAGE][PASSED] - Text 'TC-48' is set on object 'Object Repository/Pop-up Alerts page/Search by title field'

29-02-2024T12:06:28 - [TEST_STEP][PASSED] - verifyElementText(findTestObject("Pop-up Alerts page/Filtered sent alert"), "TC-48"): Actual text and expected text of test object 'Object Repository/Pop-up Alerts page/Filtered sent alert' are matched.

29-02-2024T12:06:28 - [MESSAGE][PASSED] - Actual text and expected text of test object 'Object Repository/Pop-up Alerts page/Filtered sent alert' are matched.]]></system-out>
         <system-err><![CDATA[]]></system-err>
      </testcase>
      <system-out><![CDATA[29-02-2024T12:02:08 - [TEST_SUITE][PASSED] - Video Alerts: Test Cases/Video Alerts/Send Video Alert with advanced settings (TC-48)]]></system-out>
      <system-err><![CDATA[]]></system-err>
   </testsuite>
</testsuites>
