<?xml version="1.0" encoding="UTF-8"?>
<testsuites name="Publisher" time="156.213" tests="9" failures="0" errors="0">
   <testsuite name="Publisher" tests="9" failures="0" errors="0" time="156.213" skipped="0" timestamp="18-03-2024T10:23:24" hostname="Home - LAPTOP-E6BU4LL9.Dlink" id="Test Suites/Publisher">
      <properties>
         <property name="deviceName" value=""/>
         <property name="devicePlatform" value=""/>
         <property name="logFolder" value="C:\\Users\\Home\\git\\Katalon\\Reports\\20240318_102316\\Publisher\\20240318_102316"/>
         <property name="logFiles" value="C:\\Users\\Home\\git\\Katalon\\Reports\\20240318_102316\\Publisher\\20240318_102316\\execution0.log"/>
         <property name="attachments" value="C:\\Users\\Home\\git\\Katalon\\Reports\\20240318_102316\\Publisher\\20240318_102316\\1710746671661.png, C:\\Users\\Home\\git\\Katalon\\Reports\\20240318_102316\\Publisher\\20240318_102316\\1710746728646.png"/>
         <property name="hostName" value="Home - LAPTOP-E6BU4LL9.Dlink"/>
         <property name="os" value="Windows 11 64bit"/>
         <property name="katalonVersion" value="9.3.1.212"/>
         <property name="browser" value="Chrome 122.0.0.0"/>
         <property name="hostAddress" value="192.168.1.100"/>
         <property name="sessionId" value="7417c1e57da5ca5bd1e92e43de9dd277"/>
         <property name="seleniumVersion" value="3.141.59"/>
         <property name="proxyInformation" value="ProxyInformation { proxyOption=NO_PROXY, proxyServerType=HTTP, username=, password=********, proxyServerAddress=, proxyServerPort=0, executionList=&quot;&quot;, isApplyToDesiredCapabilities=true }"/>
         <property name="platform" value="Windows 11"/>
      </properties>
      <testcase name="Test Cases/Login Test Cases/Login with Valid Credentials" time="14.641" classname="Test Cases/Login Test Cases/Login with Valid Credentials" status="PASSED">
         <system-out><![CDATA[18-03-2024T10:23:24 - [TEST_CASE][PASSED] - Test Cases/Login Test Cases/Login with Valid Credentials: Test Cases/Login Test Cases/Login with Valid Credentials

18-03-2024T10:23:25 - [TEST_STEP][PASSED] - openBrowser(""): Browser is opened with url: ''

18-03-2024T10:23:25 - [MESSAGE][INFO] - Starting 'Chrome' driver

18-03-2024T10:23:26 - [MESSAGE][INFO] - Action delay is set to 0 milliseconds

18-03-2024T10:23:28 - [MESSAGE][PASSED] - Browser is opened with url: ''

18-03-2024T10:23:28 - [TEST_STEP][PASSED] - navigateToUrl("https://dadebug.commclouds.com/Demo/admin/auth"): Navigate to 'https://dadebug.commclouds.com/Demo/admin/auth' successfully

18-03-2024T10:23:29 - [MESSAGE][PASSED] - Navigate to 'https://dadebug.commclouds.com/Demo/admin/auth' successfully

18-03-2024T10:23:29 - [TEST_STEP][PASSED] - waitForPageLoad(3): Wait for page load successfully

18-03-2024T10:23:29 - [MESSAGE][PASSED] - Wait for page load successfully

18-03-2024T10:23:29 - [TEST_STEP][PASSED] - maximizeWindow(): Current window maximized

18-03-2024T10:23:29 - [MESSAGE][PASSED] - Current window maximized

18-03-2024T10:23:29 - [TEST_STEP][PASSED] - verifyElementPresent(findTestObject("Login Page/DAlogo"), 2): Object 'Object Repository/Login Page/DAlogo' is present

18-03-2024T10:23:30 - [MESSAGE][PASSED] - Object 'Object Repository/Login Page/DAlogo' is present

18-03-2024T10:23:30 - [TEST_STEP][PASSED] - verifyElementPresent(findTestObject("Login Page/Version number"), 2): Object 'Object Repository/Login Page/Version number' is present

18-03-2024T10:23:30 - [MESSAGE][PASSED] - Object 'Object Repository/Login Page/Version number' is present

18-03-2024T10:23:30 - [TEST_STEP][PASSED] - verifyElementText(findTestObject("Login Page/Version number"), "Version: 11.4.0.2 (stage/11)"): Actual text and expected text of test object 'Object Repository/Login Page/Version number' are matched.

18-03-2024T10:23:31 - [MESSAGE][PASSED] - Actual text and expected text of test object 'Object Repository/Login Page/Version number' are matched.

18-03-2024T10:23:31 - [TEST_STEP][PASSED] - setText(findTestObject("Object Repository/Login Page/Login input field"), "Zoya"): Text 'Zoya' is set on object 'Object Repository/Login Page/Login input field'

18-03-2024T10:23:31 - [MESSAGE][PASSED] - Text 'Zoya' is set on object 'Object Repository/Login Page/Login input field'

18-03-2024T10:23:31 - [TEST_STEP][PASSED] - setEncryptedText(findTestObject("Object Repository/Login Page/Password input field"), "tzH6RvlfSTg="): Text ****** has been set on object 'Object Repository/Login Page/Password input field'

18-03-2024T10:23:32 - [MESSAGE][PASSED] - Text ****** has been set on object 'Object Repository/Login Page/Password input field'

18-03-2024T10:23:32 - [TEST_STEP][PASSED] - click(findTestObject("Object Repository/Login Page/button_Log in")): Object: 'Object Repository/Login Page/button_Log in' is clicked on

18-03-2024T10:23:32 - [MESSAGE][PASSED] - Object: 'Object Repository/Login Page/button_Log in' is clicked on

18-03-2024T10:23:32 - [TEST_STEP][PASSED] - delay(4): Delayed 4 second(s)

18-03-2024T10:23:36 - [MESSAGE][PASSED] - Delayed 4 second(s)

18-03-2024T10:23:36 - [TEST_STEP][PASSED] - verifyElementPresent(findTestObject("Object Repository/Login Page/h1_Dashboard"), 4): Object 'Object Repository/Login Page/h1_Dashboard' is present

18-03-2024T10:23:37 - [MESSAGE][PASSED] - Object 'Object Repository/Login Page/h1_Dashboard' is present]]></system-out>
         <system-err><![CDATA[]]></system-err>
      </testcase>
      <testcase name="Test Cases/Publisher/Create Publisher with Admin role (TC-49)" time="21.496" classname="Test Cases/Publisher/Create Publisher with Admin role (TC-49)" status="PASSED">
         <system-out><![CDATA[18-03-2024T10:23:39 - [TEST_CASE][PASSED] - Test Cases/Publisher/Create Publisher with Admin role (TC-49): Test Cases/Publisher/Create Publisher with Admin role (TC-49)

18-03-2024T10:23:39 - [TEST_STEP][PASSED] - click(findTestObject("Publishers/Publishers on the top-menu")): Object: 'Object Repository/Publishers/Publishers on the top-menu' is clicked on

18-03-2024T10:23:39 - [MESSAGE][PASSED] - Object: 'Object Repository/Publishers/Publishers on the top-menu' is clicked on

18-03-2024T10:23:39 - [TEST_STEP][PASSED] - click(findTestObject("Publishers/Add Publisher btn")): Object: 'Object Repository/Publishers/Add Publisher btn' is clicked on

18-03-2024T10:23:41 - [MESSAGE][PASSED] - Object: 'Object Repository/Publishers/Add Publisher btn' is clicked on

18-03-2024T10:23:41 - [TEST_STEP][PASSED] - click(findTestObject("Publishers/Publisher name input field")): Object: 'Object Repository/Publishers/Publisher name input field' is clicked on

18-03-2024T10:23:41 - [MESSAGE][PASSED] - Object: 'Object Repository/Publishers/Publisher name input field' is clicked on

18-03-2024T10:23:41 - [TEST_STEP][PASSED] - setText(findTestObject("Publishers/Publisher name input field"), "KatalonAdmin"): Text 'KatalonAdmin' is set on object 'Object Repository/Publishers/Publisher name input field'

18-03-2024T10:23:42 - [MESSAGE][PASSED] - Text 'KatalonAdmin' is set on object 'Object Repository/Publishers/Publisher name input field'

18-03-2024T10:23:42 - [TEST_STEP][PASSED] - click(findTestObject("Publishers/Publisher Password")): Object: 'Object Repository/Publishers/Publisher Password' is clicked on

18-03-2024T10:23:42 - [MESSAGE][PASSED] - Object: 'Object Repository/Publishers/Publisher Password' is clicked on

18-03-2024T10:23:42 - [TEST_STEP][PASSED] - setText(findTestObject("Publishers/Publisher Password"), "123"): Text '123' is set on object 'Object Repository/Publishers/Publisher Password'

18-03-2024T10:23:43 - [MESSAGE][PASSED] - Text '123' is set on object 'Object Repository/Publishers/Publisher Password'

18-03-2024T10:23:43 - [TEST_STEP][PASSED] - click(findTestObject("Publishers/Publisher type drop-down")): Object: 'Object Repository/Publishers/Publisher type drop-down' is clicked on

18-03-2024T10:23:44 - [MESSAGE][PASSED] - Object: 'Object Repository/Publishers/Publisher type drop-down' is clicked on

18-03-2024T10:23:44 - [TEST_STEP][PASSED] - click(findTestObject("Publishers/Admin type")): Object: 'Object Repository/Publishers/Admin type' is clicked on

18-03-2024T10:23:44 - [MESSAGE][PASSED] - Object: 'Object Repository/Publishers/Admin type' is clicked on

18-03-2024T10:23:44 - [TEST_STEP][PASSED] - click(findTestObject("Publishers/add btn")): Object: 'Object Repository/Publishers/add btn' is clicked on

18-03-2024T10:23:45 - [MESSAGE][PASSED] - Object: 'Object Repository/Publishers/add btn' is clicked on

18-03-2024T10:23:45 - [TEST_STEP][PASSED] - click(findTestObject("Pop-up Alerts page/Search by title field")): Object: 'Object Repository/Pop-up Alerts page/Search by title field' is clicked on

18-03-2024T10:23:46 - [MESSAGE][PASSED] - Object: 'Object Repository/Pop-up Alerts page/Search by title field' is clicked on

18-03-2024T10:23:46 - [TEST_STEP][PASSED] - setText(findTestObject("Pop-up Alerts page/Search by title field"), "KatalonAdmin"): Text 'KatalonAdmin' is set on object 'Object Repository/Pop-up Alerts page/Search by title field'

18-03-2024T10:23:47 - [MESSAGE][PASSED] - Text 'KatalonAdmin' is set on object 'Object Repository/Pop-up Alerts page/Search by title field'

18-03-2024T10:23:47 - [TEST_STEP][PASSED] - delay(5): Delayed 5 second(s)

18-03-2024T10:23:52 - [MESSAGE][PASSED] - Delayed 5 second(s)

18-03-2024T10:23:52 - [TEST_STEP][PASSED] - verifyElementText(findTestObject("Publishers/filtered publisher"), "KatalonAdmin"): Actual text and expected text of test object 'Object Repository/Publishers/filtered publisher' are matched.

18-03-2024T10:23:53 - [MESSAGE][PASSED] - Actual text and expected text of test object 'Object Repository/Publishers/filtered publisher' are matched.

18-03-2024T10:23:53 - [TEST_STEP][PASSED] - verifyElementPresent(findTestObject("Publishers/Enabled status"), 2): Object 'Object Repository/Publishers/Enabled status' is present

18-03-2024T10:23:53 - [MESSAGE][PASSED] - Object 'Object Repository/Publishers/Enabled status' is present

18-03-2024T10:23:53 - [TEST_STEP][PASSED] - check(findTestObject("Create Pop-up Alert Page/sent alerts checkbox")): Object 'Object Repository/Create Pop-up Alert Page/sent alerts checkbox' is checked

18-03-2024T10:23:54 - [MESSAGE][PASSED] - Object 'Object Repository/Create Pop-up Alert Page/sent alerts checkbox' is checked

18-03-2024T10:23:54 - [TEST_STEP][PASSED] - verifyElementChecked(findTestObject("Create Pop-up Alert Page/sent alerts checkbox"), 2): Object 'Object Repository/Create Pop-up Alert Page/sent alerts checkbox' is checked

18-03-2024T10:23:54 - [MESSAGE][PASSED] - Object 'Object Repository/Create Pop-up Alert Page/sent alerts checkbox' is checked

18-03-2024T10:23:54 - [TEST_STEP][PASSED] - click(findTestObject("Publishers/Disable btn")): Object: 'Object Repository/Publishers/Disable btn' is clicked on

18-03-2024T10:23:55 - [MESSAGE][PASSED] - Object: 'Object Repository/Publishers/Disable btn' is clicked on

18-03-2024T10:23:55 - [TEST_STEP][PASSED] - verifyElementPresent(findTestObject("Publishers/Disabled status"), 2): Object 'Object Repository/Publishers/Disabled status' is present

18-03-2024T10:23:56 - [MESSAGE][PASSED] - Object 'Object Repository/Publishers/Disabled status' is present

18-03-2024T10:23:56 - [TEST_STEP][PASSED] - check(findTestObject("Create Pop-up Alert Page/sent alerts checkbox")): Object 'Object Repository/Create Pop-up Alert Page/sent alerts checkbox' is checked

18-03-2024T10:23:56 - [MESSAGE][PASSED] - Object 'Object Repository/Create Pop-up Alert Page/sent alerts checkbox' is checked

18-03-2024T10:23:56 - [TEST_STEP][PASSED] - verifyElementChecked(findTestObject("Create Pop-up Alert Page/sent alerts checkbox"), 2): Object 'Object Repository/Create Pop-up Alert Page/sent alerts checkbox' is checked

18-03-2024T10:23:57 - [MESSAGE][PASSED] - Object 'Object Repository/Create Pop-up Alert Page/sent alerts checkbox' is checked

18-03-2024T10:23:57 - [TEST_STEP][PASSED] - click(findTestObject("Publishers/Enable btn")): Object: 'Object Repository/Publishers/Enable btn' is clicked on

18-03-2024T10:23:57 - [MESSAGE][PASSED] - Object: 'Object Repository/Publishers/Enable btn' is clicked on

18-03-2024T10:23:57 - [TEST_STEP][PASSED] - verifyElementPresent(findTestObject("Publishers/Enabled status"), 2): Object 'Object Repository/Publishers/Enabled status' is present

18-03-2024T10:23:58 - [MESSAGE][PASSED] - Object 'Object Repository/Publishers/Enabled status' is present]]></system-out>
         <system-err><![CDATA[]]></system-err>
      </testcase>
      <testcase name="Test Cases/Publisher/Edit Publisher (TC-50)" time="16.339" classname="Test Cases/Publisher/Edit Publisher (TC-50)" status="PASSED">
         <system-out><![CDATA[18-03-2024T10:24:00 - [TEST_CASE][PASSED] - Test Cases/Publisher/Edit Publisher (TC-50): Test Cases/Publisher/Edit Publisher (TC-50)

18-03-2024T10:24:00 - [TEST_STEP][PASSED] - click(findTestObject("Survey/3dots Actions")): Object: 'Object Repository/Survey/3dots Actions' is clicked on

18-03-2024T10:24:01 - [MESSAGE][PASSED] - Object: 'Object Repository/Survey/3dots Actions' is clicked on

18-03-2024T10:24:01 - [TEST_STEP][PASSED] - click(findTestObject("Publishers/Edit publisher")): Object: 'Object Repository/Publishers/Edit publisher' is clicked on

18-03-2024T10:24:01 - [MESSAGE][PASSED] - Object: 'Object Repository/Publishers/Edit publisher' is clicked on

18-03-2024T10:24:01 - [TEST_STEP][PASSED] - setText(findTestObject("Publishers/Publisher email input field"), "katalon@mail.com"): Text 'katalon@mail.com' is set on object 'Object Repository/Publishers/Publisher email input field'

18-03-2024T10:24:03 - [MESSAGE][PASSED] - Text 'katalon@mail.com' is set on object 'Object Repository/Publishers/Publisher email input field'

18-03-2024T10:24:03 - [TEST_STEP][PASSED] - click(findTestObject("Publishers/Phone code drop-down")): Object: 'Object Repository/Publishers/Phone code drop-down' is clicked on

18-03-2024T10:24:04 - [MESSAGE][PASSED] - Object: 'Object Repository/Publishers/Phone code drop-down' is clicked on

18-03-2024T10:24:04 - [TEST_STEP][PASSED] - scrollToElement(findTestObject("Publishers/US country code"), 2): Scroll to object 'Object Repository/Publishers/US country code' successfully

18-03-2024T10:24:04 - [MESSAGE][PASSED] - Scroll to object 'Object Repository/Publishers/US country code' successfully

18-03-2024T10:24:04 - [TEST_STEP][PASSED] - click(findTestObject("Publishers/US country code")): Object: 'Object Repository/Publishers/US country code' is clicked on

18-03-2024T10:24:05 - [MESSAGE][PASSED] - Object: 'Object Repository/Publishers/US country code' is clicked on

18-03-2024T10:24:05 - [TEST_STEP][PASSED] - click(findTestObject("Publishers/Phone number input field")): Object: 'Object Repository/Publishers/Phone number input field' is clicked on

18-03-2024T10:24:05 - [MESSAGE][PASSED] - Object: 'Object Repository/Publishers/Phone number input field' is clicked on

18-03-2024T10:24:05 - [TEST_STEP][PASSED] - setText(findTestObject("Publishers/Phone number input field"), "2233445566"): Text '2233445566' is set on object 'Object Repository/Publishers/Phone number input field'

18-03-2024T10:24:06 - [MESSAGE][PASSED] - Text '2233445566' is set on object 'Object Repository/Publishers/Phone number input field'

18-03-2024T10:24:06 - [TEST_STEP][PASSED] - click(findTestObject("Publishers/add btn")): Object: 'Object Repository/Publishers/add btn' is clicked on

18-03-2024T10:24:06 - [MESSAGE][PASSED] - Object: 'Object Repository/Publishers/add btn' is clicked on

18-03-2024T10:24:06 - [TEST_STEP][PASSED] - sendKeys(findTestObject("Pop-up Alerts page/Search by title field"), Keys.chord(CONTROL, "a", BACK_SPACE)): Keys 'CONTROL + BACK_SPACE + a' sent to object: 'Object Repository/Pop-up Alerts page/Search by title field'

18-03-2024T10:24:07 - [MESSAGE][PASSED] - Keys 'CONTROL + BACK_SPACE + a' sent to object: 'Object Repository/Pop-up Alerts page/Search by title field'

18-03-2024T10:24:07 - [TEST_STEP][PASSED] - setText(findTestObject("Pop-up Alerts page/Search by title field"), "KatalonAdmin"): Text 'KatalonAdmin' is set on object 'Object Repository/Pop-up Alerts page/Search by title field'

18-03-2024T10:24:09 - [MESSAGE][PASSED] - Text 'KatalonAdmin' is set on object 'Object Repository/Pop-up Alerts page/Search by title field'

18-03-2024T10:24:09 - [TEST_STEP][PASSED] - delay(5): Delayed 5 second(s)

18-03-2024T10:24:14 - [MESSAGE][PASSED] - Delayed 5 second(s)

18-03-2024T10:24:14 - [TEST_STEP][PASSED] - verifyElementText(findTestObject("Publishers/filtered publisher"), "KatalonAdmin"): Actual text and expected text of test object 'Object Repository/Publishers/filtered publisher' are matched.

18-03-2024T10:24:15 - [MESSAGE][PASSED] - Actual text and expected text of test object 'Object Repository/Publishers/filtered publisher' are matched.]]></system-out>
         <system-err><![CDATA[]]></system-err>
      </testcase>
      <testcase name="Test Cases/Publisher/Change Publisher Password (TC-51)" time="4.907" classname="Test Cases/Publisher/Change Publisher Password (TC-51)" status="PASSED">
         <system-out><![CDATA[18-03-2024T10:24:17 - [TEST_CASE][PASSED] - Test Cases/Publisher/Change Publisher Password (TC-51): Test Cases/Publisher/Change Publisher Password (TC-51)

18-03-2024T10:24:17 - [TEST_STEP][PASSED] - click(findTestObject("Survey/3dots Actions")): Object: 'Object Repository/Survey/3dots Actions' is clicked on

18-03-2024T10:24:17 - [MESSAGE][PASSED] - Object: 'Object Repository/Survey/3dots Actions' is clicked on

18-03-2024T10:24:17 - [TEST_STEP][PASSED] - click(findTestObject("Publishers/Publisher change password")): Object: 'Object Repository/Publishers/Publisher change password' is clicked on

18-03-2024T10:24:18 - [MESSAGE][PASSED] - Object: 'Object Repository/Publishers/Publisher change password' is clicked on

18-03-2024T10:24:18 - [TEST_STEP][PASSED] - setText(findTestObject("Publishers/change password input field"), "1234"): Text '1234' is set on object 'Object Repository/Publishers/change password input field'

18-03-2024T10:24:19 - [MESSAGE][PASSED] - Text '1234' is set on object 'Object Repository/Publishers/change password input field'

18-03-2024T10:24:19 - [TEST_STEP][PASSED] - click(findTestObject("Publishers/add btn")): Object: 'Object Repository/Publishers/add btn' is clicked on

18-03-2024T10:24:19 - [MESSAGE][PASSED] - Object: 'Object Repository/Publishers/add btn' is clicked on]]></system-out>
         <system-err><![CDATA[]]></system-err>
      </testcase>
      <testcase name="Test Cases/Publisher/Re-login with created publisher with Admin role (TC-52)" time="16.776" classname="Test Cases/Publisher/Re-login with created publisher with Admin role (TC-52)" status="PASSED">
         <system-out><![CDATA[18-03-2024T10:24:21 - [TEST_CASE][PASSED] - Test Cases/Publisher/Re-login with created publisher with Admin role (TC-52): Test Cases/Publisher/Re-login with created publisher with Admin role (TC-52)

18-03-2024T10:24:22 - [TEST_STEP][PASSED] - waitForElementClickable(findTestObject("Dashboard Page/Profile button"), 2): Object 'Object Repository/Dashboard Page/Profile button' is clickable

18-03-2024T10:24:22 - [MESSAGE][PASSED] - Object 'Object Repository/Dashboard Page/Profile button' is clickable

18-03-2024T10:24:22 - [TEST_STEP][PASSED] - mouseOver(findTestObject("Dashboard Page/Profile button")): Object: 'Object Repository/Dashboard Page/Profile button' is hovered

18-03-2024T10:24:23 - [MESSAGE][PASSED] - Object: 'Object Repository/Dashboard Page/Profile button' is hovered

18-03-2024T10:24:23 - [TEST_STEP][PASSED] - click(findTestObject("Dashboard Page/Profile button")): Object: 'Object Repository/Dashboard Page/Profile button' is clicked on

18-03-2024T10:24:23 - [MESSAGE][PASSED] - Object: 'Object Repository/Dashboard Page/Profile button' is clicked on

18-03-2024T10:24:23 - [TEST_STEP][PASSED] - mouseOver(findTestObject("Dashboard Page/Profile menu-Logout")): Object: 'Object Repository/Dashboard Page/Profile menu-Logout' is hovered

18-03-2024T10:24:23 - [MESSAGE][PASSED] - Object: 'Object Repository/Dashboard Page/Profile menu-Logout' is hovered

18-03-2024T10:24:24 - [TEST_STEP][PASSED] - click(findTestObject("Dashboard Page/Profile menu-Logout")): Object: 'Object Repository/Dashboard Page/Profile menu-Logout' is clicked on

18-03-2024T10:24:24 - [MESSAGE][PASSED] - Object: 'Object Repository/Dashboard Page/Profile menu-Logout' is clicked on

18-03-2024T10:24:24 - [TEST_STEP][PASSED] - verifyElementPresent(findTestObject("Login Page/DAlogo"), 2): Object 'Object Repository/Login Page/DAlogo' is present

18-03-2024T10:24:26 - [MESSAGE][PASSED] - Object 'Object Repository/Login Page/DAlogo' is present

18-03-2024T10:24:26 - [TEST_STEP][PASSED] - setText(findTestObject("Object Repository/Login Page/Login input field"), "KatalonAdmin"): Text 'KatalonAdmin' is set on object 'Object Repository/Login Page/Login input field'

18-03-2024T10:24:26 - [MESSAGE][PASSED] - Text 'KatalonAdmin' is set on object 'Object Repository/Login Page/Login input field'

18-03-2024T10:24:26 - [TEST_STEP][PASSED] - setEncryptedText(findTestObject("Object Repository/Login Page/Password input field"), "4nvbrPglk7k="): Text ****** has been set on object 'Object Repository/Login Page/Password input field'

18-03-2024T10:24:27 - [MESSAGE][PASSED] - Text ****** has been set on object 'Object Repository/Login Page/Password input field'

18-03-2024T10:24:27 - [TEST_STEP][PASSED] - click(findTestObject("Object Repository/Login Page/button_Log in")): Object: 'Object Repository/Login Page/button_Log in' is clicked on

18-03-2024T10:24:27 - [MESSAGE][PASSED] - Object: 'Object Repository/Login Page/button_Log in' is clicked on

18-03-2024T10:24:27 - [TEST_STEP][PASSED] - delay(4): Delayed 4 second(s)

18-03-2024T10:24:31 - [MESSAGE][PASSED] - Delayed 4 second(s)

18-03-2024T10:24:31 - [TEST_STEP][PASSED] - takeFullPageScreenshot(): Taking screenshot successfully

18-03-2024T10:24:32 - [MESSAGE][INFO] - 0 hidden object(s)

18-03-2024T10:24:32 - [MESSAGE][PASSED] - Taking screenshot successfully
[[ATTACHMENT|C:\\Users\\Home\\git\\Katalon\\Reports\\20240318_102316\\Publisher\\20240318_102316\\1710746671661.png]]

18-03-2024T10:24:32 - [TEST_STEP][PASSED] - click(findTestObject("Dashboard Page/Profile button")): Object: 'Object Repository/Dashboard Page/Profile button' is clicked on

18-03-2024T10:24:32 - [MESSAGE][PASSED] - Object: 'Object Repository/Dashboard Page/Profile button' is clicked on

18-03-2024T10:24:32 - [TEST_STEP][PASSED] - mouseOver(findTestObject("Dashboard Page/Profile menu-Logout")): Object: 'Object Repository/Dashboard Page/Profile menu-Logout' is hovered

18-03-2024T10:24:33 - [MESSAGE][PASSED] - Object: 'Object Repository/Dashboard Page/Profile menu-Logout' is hovered

18-03-2024T10:24:33 - [TEST_STEP][PASSED] - click(findTestObject("Dashboard Page/Profile menu-Logout")): Object: 'Object Repository/Dashboard Page/Profile menu-Logout' is clicked on

18-03-2024T10:24:33 - [MESSAGE][PASSED] - Object: 'Object Repository/Dashboard Page/Profile menu-Logout' is clicked on

18-03-2024T10:24:33 - [TEST_STEP][PASSED] - setText(findTestObject("Object Repository/Login Page/Login input field"), "Zoya"): Text 'Zoya' is set on object 'Object Repository/Login Page/Login input field'

18-03-2024T10:24:35 - [MESSAGE][PASSED] - Text 'Zoya' is set on object 'Object Repository/Login Page/Login input field'

18-03-2024T10:24:35 - [TEST_STEP][PASSED] - setEncryptedText(findTestObject("Object Repository/Login Page/Password input field"), "tzH6RvlfSTg="): Text ****** has been set on object 'Object Repository/Login Page/Password input field'

18-03-2024T10:24:36 - [MESSAGE][PASSED] - Text ****** has been set on object 'Object Repository/Login Page/Password input field'

18-03-2024T10:24:36 - [TEST_STEP][PASSED] - click(findTestObject("Object Repository/Login Page/button_Log in")): Object: 'Object Repository/Login Page/button_Log in' is clicked on

18-03-2024T10:24:36 - [MESSAGE][PASSED] - Object: 'Object Repository/Login Page/button_Log in' is clicked on]]></system-out>
         <system-err><![CDATA[]]></system-err>
      </testcase>
      <testcase name="Test Cases/Publisher/Delete Publisher (TC-53)" time="12.322" classname="Test Cases/Publisher/Delete Publisher (TC-53)" status="PASSED">
         <system-out><![CDATA[18-03-2024T10:24:38 - [TEST_CASE][PASSED] - Test Cases/Publisher/Delete Publisher (TC-53): Test Cases/Publisher/Delete Publisher (TC-53)

18-03-2024T10:24:38 - [TEST_STEP][PASSED] - click(findTestObject("Publishers/Publishers on the top-menu")): Object: 'Object Repository/Publishers/Publishers on the top-menu' is clicked on

18-03-2024T10:24:39 - [MESSAGE][PASSED] - Object: 'Object Repository/Publishers/Publishers on the top-menu' is clicked on

18-03-2024T10:24:39 - [TEST_STEP][PASSED] - click(findTestObject("Pop-up Alerts page/Search by title field")): Object: 'Object Repository/Pop-up Alerts page/Search by title field' is clicked on

18-03-2024T10:24:40 - [MESSAGE][PASSED] - Object: 'Object Repository/Pop-up Alerts page/Search by title field' is clicked on

18-03-2024T10:24:40 - [TEST_STEP][PASSED] - setText(findTestObject("Pop-up Alerts page/Search by title field"), "KatalonAdmin"): Text 'KatalonAdmin' is set on object 'Object Repository/Pop-up Alerts page/Search by title field'

18-03-2024T10:24:41 - [MESSAGE][PASSED] - Text 'KatalonAdmin' is set on object 'Object Repository/Pop-up Alerts page/Search by title field'

18-03-2024T10:24:41 - [TEST_STEP][PASSED] - delay(5): Delayed 5 second(s)

18-03-2024T10:24:46 - [MESSAGE][PASSED] - Delayed 5 second(s)

18-03-2024T10:24:46 - [TEST_STEP][PASSED] - verifyElementText(findTestObject("Publishers/filtered publisher"), "KatalonAdmin"): Actual text and expected text of test object 'Object Repository/Publishers/filtered publisher' are matched.

18-03-2024T10:24:46 - [MESSAGE][PASSED] - Actual text and expected text of test object 'Object Repository/Publishers/filtered publisher' are matched.

18-03-2024T10:24:46 - [TEST_STEP][PASSED] - callTestCase(findTestCase("Built-in test cases/Select all and Delete"), [:], STOP_ON_FAILURE): Call Test Case 'Test Cases/Built-in test cases/Select all and Delete' successfully

18-03-2024T10:24:46 - [TEST_CASE][PASSED] - Test Cases/Built-in test cases/Select all and Delete: Test Cases/Built-in test cases/Select all and Delete

18-03-2024T10:24:46 - [TEST_STEP][PASSED] - verifyElementClickable(findTestObject("Pop-up Alerts page/Select all checkbox")): Object 'Object Repository/Pop-up Alerts page/Select all checkbox' is clickable

18-03-2024T10:24:46 - [MESSAGE][PASSED] - Object 'Object Repository/Pop-up Alerts page/Select all checkbox' is clickable

18-03-2024T10:24:46 - [TEST_STEP][PASSED] - check(findTestObject("Pop-up Alerts page/Select all checkbox")): Object 'Object Repository/Pop-up Alerts page/Select all checkbox' is checked

18-03-2024T10:24:47 - [MESSAGE][PASSED] - Object 'Object Repository/Pop-up Alerts page/Select all checkbox' is checked

18-03-2024T10:24:47 - [TEST_STEP][PASSED] - verifyElementChecked(findTestObject("Pop-up Alerts page/Select all checkbox"), 1): Object 'Object Repository/Pop-up Alerts page/Select all checkbox' is checked

18-03-2024T10:24:47 - [MESSAGE][PASSED] - Object 'Object Repository/Pop-up Alerts page/Select all checkbox' is checked

18-03-2024T10:24:47 - [TEST_STEP][PASSED] - click(findTestObject("Pop-up Alerts page/delete all")): Object: 'Object Repository/Pop-up Alerts page/delete all' is clicked on

18-03-2024T10:24:48 - [MESSAGE][PASSED] - Object: 'Object Repository/Pop-up Alerts page/delete all' is clicked on

18-03-2024T10:24:48 - [TEST_STEP][PASSED] - click(findTestObject("Pop-up Alerts page/Confirm deletion btn")): Object: 'Object Repository/Pop-up Alerts page/Confirm deletion btn' is clicked on

18-03-2024T10:24:49 - [MESSAGE][PASSED] - Object: 'Object Repository/Pop-up Alerts page/Confirm deletion btn' is clicked on

18-03-2024T10:24:49 - [MESSAGE][PASSED] - Call Test Case 'Test Cases/Built-in test cases/Select all and Delete' successfully]]></system-out>
         <system-err><![CDATA[]]></system-err>
      </testcase>
      <testcase name="Test Cases/Policies/Create Full access policy (TC-54)" time="9.846" classname="Test Cases/Policies/Create Full access policy (TC-54)" status="PASSED">
         <system-out><![CDATA[18-03-2024T10:24:51 - [TEST_CASE][PASSED] - Test Cases/Policies/Create Full access policy (TC-54): Test Cases/Policies/Create Full access policy (TC-54)

18-03-2024T10:24:51 - [TEST_STEP][PASSED] - click(findTestObject("Publishers/Publishers on the top-menu")): Object: 'Object Repository/Publishers/Publishers on the top-menu' is clicked on

18-03-2024T10:24:51 - [MESSAGE][PASSED] - Object: 'Object Repository/Publishers/Publishers on the top-menu' is clicked on

18-03-2024T10:24:51 - [TEST_STEP][PASSED] - click(findTestObject("Publishers/Policies/Policies (left-hand menu)")): Object: 'Object Repository/Publishers/Policies/Policies (left-hand menu)' is clicked on

18-03-2024T10:24:52 - [MESSAGE][PASSED] - Object: 'Object Repository/Publishers/Policies/Policies (left-hand menu)' is clicked on

18-03-2024T10:24:52 - [TEST_STEP][PASSED] - click(findTestObject("Publishers/Policies/Add Policies btn")): Object: 'Object Repository/Publishers/Policies/Add Policies btn' is clicked on

18-03-2024T10:24:53 - [MESSAGE][PASSED] - Object: 'Object Repository/Publishers/Policies/Add Policies btn' is clicked on

18-03-2024T10:24:53 - [TEST_STEP][PASSED] - check(findTestObject("Publishers/Policies/Grant Full Control Checkbox")): Object 'Object Repository/Publishers/Policies/Grant Full Control Checkbox' is checked

18-03-2024T10:24:56 - [MESSAGE][PASSED] - Object 'Object Repository/Publishers/Policies/Grant Full Control Checkbox' is checked

18-03-2024T10:24:56 - [TEST_STEP][PASSED] - verifyElementChecked(findTestObject("Publishers/Policies/Grant Full Control Checkbox"), 2): Object 'Object Repository/Publishers/Policies/Grant Full Control Checkbox' is checked

18-03-2024T10:24:57 - [MESSAGE][PASSED] - Object 'Object Repository/Publishers/Policies/Grant Full Control Checkbox' is checked

18-03-2024T10:24:57 - [TEST_STEP][PASSED] - setText(findTestObject("Publishers/Policies/Policy name"), "FullAccess"): Text 'FullAccess' is set on object 'Object Repository/Publishers/Policies/Policy name'

18-03-2024T10:24:58 - [MESSAGE][PASSED] - Text 'FullAccess' is set on object 'Object Repository/Publishers/Policies/Policy name'

18-03-2024T10:24:58 - [TEST_STEP][PASSED] - scrollToElement(findTestObject("Publishers/Policies/Policy Save btn"), 2): Scroll to object 'Object Repository/Publishers/Policies/Policy Save btn' successfully

18-03-2024T10:24:58 - [MESSAGE][PASSED] - Scroll to object 'Object Repository/Publishers/Policies/Policy Save btn' successfully

18-03-2024T10:24:58 - [TEST_STEP][PASSED] - click(findTestObject("Publishers/Policies/Policy Save btn")): Object: 'Object Repository/Publishers/Policies/Policy Save btn' is clicked on

18-03-2024T10:24:58 - [MESSAGE][PASSED] - Object: 'Object Repository/Publishers/Policies/Policy Save btn' is clicked on]]></system-out>
         <system-err><![CDATA[]]></system-err>
      </testcase>
      <testcase name="Test Cases/Policies/Create a publisher with Full access Policy (TC-55)" time="18.318" classname="Test Cases/Policies/Create a publisher with Full access Policy (TC-55)" status="PASSED">
         <system-out><![CDATA[18-03-2024T10:25:00 - [TEST_CASE][PASSED] - Test Cases/Policies/Create a publisher with Full access Policy (TC-55): Test Cases/Policies/Create a publisher with Full access Policy (TC-55)

18-03-2024T10:25:01 - [TEST_STEP][PASSED] - click(findTestObject("Publishers/Publishers on the top-menu")): Object: 'Object Repository/Publishers/Publishers on the top-menu' is clicked on

18-03-2024T10:25:01 - [MESSAGE][PASSED] - Object: 'Object Repository/Publishers/Publishers on the top-menu' is clicked on

18-03-2024T10:25:01 - [TEST_STEP][NOT_RUN] - click(findTestObject("Publishers/Publisher list left-hand menu")): NOT_RUN: click(findTestObject("Publishers/Publisher list left-hand menu"))

18-03-2024T10:25:01 - [MESSAGE][NOT_RUN] - NOT_RUN: click(findTestObject("Publishers/Publisher list left-hand menu"))

18-03-2024T10:25:01 - [TEST_STEP][PASSED] - click(findTestObject("Publishers/Add Publisher btn")): Object: 'Object Repository/Publishers/Add Publisher btn' is clicked on

18-03-2024T10:25:02 - [MESSAGE][PASSED] - Object: 'Object Repository/Publishers/Add Publisher btn' is clicked on

18-03-2024T10:25:02 - [TEST_STEP][PASSED] - click(findTestObject("Publishers/Publisher name input field")): Object: 'Object Repository/Publishers/Publisher name input field' is clicked on

18-03-2024T10:25:02 - [MESSAGE][PASSED] - Object: 'Object Repository/Publishers/Publisher name input field' is clicked on

18-03-2024T10:25:02 - [TEST_STEP][PASSED] - setText(findTestObject("Publishers/Publisher name input field"), "KatalonPublisher"): Text 'KatalonPublisher' is set on object 'Object Repository/Publishers/Publisher name input field'

18-03-2024T10:25:03 - [MESSAGE][PASSED] - Text 'KatalonPublisher' is set on object 'Object Repository/Publishers/Publisher name input field'

18-03-2024T10:25:03 - [TEST_STEP][PASSED] - click(findTestObject("Publishers/Publisher Password")): Object: 'Object Repository/Publishers/Publisher Password' is clicked on

18-03-2024T10:25:04 - [MESSAGE][PASSED] - Object: 'Object Repository/Publishers/Publisher Password' is clicked on

18-03-2024T10:25:04 - [TEST_STEP][PASSED] - setText(findTestObject("Publishers/Publisher Password"), "123"): Text '123' is set on object 'Object Repository/Publishers/Publisher Password'

18-03-2024T10:25:04 - [MESSAGE][PASSED] - Text '123' is set on object 'Object Repository/Publishers/Publisher Password'

18-03-2024T10:25:04 - [TEST_STEP][PASSED] - click(findTestObject("Publishers/Publisher type drop-down")): Object: 'Object Repository/Publishers/Publisher type drop-down' is clicked on

18-03-2024T10:25:05 - [MESSAGE][PASSED] - Object: 'Object Repository/Publishers/Publisher type drop-down' is clicked on

18-03-2024T10:25:05 - [TEST_STEP][PASSED] - click(findTestObject("Publishers/Publishers type")): Object: 'Object Repository/Publishers/Publishers type' is clicked on

18-03-2024T10:25:06 - [MESSAGE][PASSED] - Object: 'Object Repository/Publishers/Publishers type' is clicked on

18-03-2024T10:25:06 - [TEST_STEP][PASSED] - click(findTestObject("Publishers/Policies/Policies drop-down")): Object: 'Object Repository/Publishers/Policies/Policies drop-down' is clicked on

18-03-2024T10:25:07 - [MESSAGE][PASSED] - Object: 'Object Repository/Publishers/Policies/Policies drop-down' is clicked on

18-03-2024T10:25:07 - [TEST_STEP][PASSED] - testObj = findTestObject("Object Repository/Publishers/Policies/List of policies from drop-down"): null

18-03-2024T10:25:07 - [TEST_STEP][PASSED] - policies = findWebElements(testObj, 10): Found web elements by test object Object Repository/Publishers/Policies/List of policies from drop-down

18-03-2024T10:25:08 - [MESSAGE][PASSED] - Found web elements by test object Object Repository/Publishers/Policies/List of policies from drop-down

18-03-2024T10:25:08 - [TEST_STEP][PASSED] - println(policies.size()): null

18-03-2024T10:25:08 - [TEST_STEP][PASSED] - for (org.openqa.selenium.WebElement el : policies): null

18-03-2024T10:25:08 - [TEST_STEP][PASSED] - println(el.getText()): null

18-03-2024T10:25:08 - [TEST_STEP][PASSED] - if (getText().equals("FullAccess")): null

18-03-2024T10:25:08 - [TEST_STEP][PASSED] - println(el.getText()): null

18-03-2024T10:25:08 - [TEST_STEP][PASSED] - if (getText().equals("FullAccess")): null

18-03-2024T10:25:08 - [TEST_STEP][PASSED] - println(el.getText()): null

18-03-2024T10:25:08 - [TEST_STEP][PASSED] - if (getText().equals("FullAccess")): null

18-03-2024T10:25:08 - [TEST_STEP][PASSED] - println(el.getText()): null

18-03-2024T10:25:08 - [TEST_STEP][PASSED] - if (getText().equals("FullAccess")): null

18-03-2024T10:25:08 - [TEST_STEP][PASSED] - println(el.getText()): null

18-03-2024T10:25:08 - [TEST_STEP][PASSED] - if (getText().equals("FullAccess")): null

18-03-2024T10:25:08 - [TEST_STEP][PASSED] - println(el.getText()): null

18-03-2024T10:25:08 - [TEST_STEP][PASSED] - if (getText().equals("FullAccess")): null

18-03-2024T10:25:08 - [TEST_STEP][PASSED] - println(el.getText()): null

18-03-2024T10:25:08 - [TEST_STEP][PASSED] - if (getText().equals("FullAccess")): null

18-03-2024T10:25:08 - [TEST_STEP][PASSED] - println(el.getText()): null

18-03-2024T10:25:08 - [TEST_STEP][PASSED] - if (getText().equals("FullAccess")): null

18-03-2024T10:25:08 - [TEST_STEP][PASSED] - println(el.getText()): null

18-03-2024T10:25:08 - [TEST_STEP][PASSED] - if (getText().equals("FullAccess")): null

18-03-2024T10:25:08 - [TEST_STEP][PASSED] - el.click(): null

18-03-2024T10:25:08 - [TEST_STEP][PASSED] - break: null

18-03-2024T10:25:08 - [TEST_STEP][PASSED] - click(findTestObject("Publishers/add btn")): Object: 'Object Repository/Publishers/add btn' is clicked on

18-03-2024T10:25:09 - [MESSAGE][PASSED] - Object: 'Object Repository/Publishers/add btn' is clicked on

18-03-2024T10:25:09 - [TEST_STEP][PASSED] - click(findTestObject("Pop-up Alerts page/Search by title field")): Object: 'Object Repository/Pop-up Alerts page/Search by title field' is clicked on

18-03-2024T10:25:10 - [MESSAGE][PASSED] - Object: 'Object Repository/Pop-up Alerts page/Search by title field' is clicked on

18-03-2024T10:25:10 - [TEST_STEP][PASSED] - setText(findTestObject("Pop-up Alerts page/Search by title field"), "KatalonPublisher"): Text 'KatalonPublisher' is set on object 'Object Repository/Pop-up Alerts page/Search by title field'

18-03-2024T10:25:11 - [MESSAGE][PASSED] - Text 'KatalonPublisher' is set on object 'Object Repository/Pop-up Alerts page/Search by title field'

18-03-2024T10:25:11 - [TEST_STEP][PASSED] - delay(5): Delayed 5 second(s)

18-03-2024T10:25:16 - [MESSAGE][PASSED] - Delayed 5 second(s)

18-03-2024T10:25:16 - [TEST_STEP][PASSED] - verifyElementText(findTestObject("Publishers/filtered publisher"), "KatalonPublisher"): Actual text and expected text of test object 'Object Repository/Publishers/filtered publisher' are matched.

18-03-2024T10:25:16 - [MESSAGE][PASSED] - Actual text and expected text of test object 'Object Repository/Publishers/filtered publisher' are matched.

18-03-2024T10:25:16 - [TEST_STEP][PASSED] - verifyElementPresent(findTestObject("Publishers/Enabled status"), 2): Object 'Object Repository/Publishers/Enabled status' is present

18-03-2024T10:25:17 - [MESSAGE][PASSED] - Object 'Object Repository/Publishers/Enabled status' is present]]></system-out>
         <system-err><![CDATA[]]></system-err>
      </testcase>
      <testcase name="Test Cases/Publisher/Re-login with created publisher with FullAccess policy (TC-56)" time="41.217" classname="Test Cases/Publisher/Re-login with created publisher with FullAccess policy (TC-56)" status="PASSED">
         <system-out><![CDATA[18-03-2024T10:25:19 - [TEST_CASE][PASSED] - Test Cases/Publisher/Re-login with created publisher with FullAccess policy (TC-56): Test Cases/Publisher/Re-login with created publisher with FullAccess policy (TC-56)

18-03-2024T10:25:19 - [TEST_STEP][PASSED] - waitForElementClickable(findTestObject("Dashboard Page/Profile button"), 2): Object 'Object Repository/Dashboard Page/Profile button' is clickable

18-03-2024T10:25:19 - [MESSAGE][PASSED] - Object 'Object Repository/Dashboard Page/Profile button' is clickable

18-03-2024T10:25:19 - [TEST_STEP][PASSED] - mouseOver(findTestObject("Dashboard Page/Profile button")): Object: 'Object Repository/Dashboard Page/Profile button' is hovered

18-03-2024T10:25:20 - [MESSAGE][PASSED] - Object: 'Object Repository/Dashboard Page/Profile button' is hovered

18-03-2024T10:25:20 - [TEST_STEP][PASSED] - click(findTestObject("Dashboard Page/Profile button")): Object: 'Object Repository/Dashboard Page/Profile button' is clicked on

18-03-2024T10:25:20 - [MESSAGE][PASSED] - Object: 'Object Repository/Dashboard Page/Profile button' is clicked on

18-03-2024T10:25:20 - [TEST_STEP][PASSED] - mouseOver(findTestObject("Dashboard Page/Profile menu-Logout")): Object: 'Object Repository/Dashboard Page/Profile menu-Logout' is hovered

18-03-2024T10:25:21 - [MESSAGE][PASSED] - Object: 'Object Repository/Dashboard Page/Profile menu-Logout' is hovered

18-03-2024T10:25:21 - [TEST_STEP][PASSED] - click(findTestObject("Dashboard Page/Profile menu-Logout")): Object: 'Object Repository/Dashboard Page/Profile menu-Logout' is clicked on

18-03-2024T10:25:21 - [MESSAGE][PASSED] - Object: 'Object Repository/Dashboard Page/Profile menu-Logout' is clicked on

18-03-2024T10:25:21 - [TEST_STEP][PASSED] - verifyElementPresent(findTestObject("Login Page/DAlogo"), 2): Object 'Object Repository/Login Page/DAlogo' is present

18-03-2024T10:25:23 - [MESSAGE][PASSED] - Object 'Object Repository/Login Page/DAlogo' is present

18-03-2024T10:25:23 - [TEST_STEP][PASSED] - setText(findTestObject("Object Repository/Login Page/Login input field"), "KatalonPublisher"): Text 'KatalonPublisher' is set on object 'Object Repository/Login Page/Login input field'

18-03-2024T10:25:23 - [MESSAGE][PASSED] - Text 'KatalonPublisher' is set on object 'Object Repository/Login Page/Login input field'

18-03-2024T10:25:23 - [TEST_STEP][PASSED] - setEncryptedText(findTestObject("Object Repository/Login Page/Password input field"), "tzH6RvlfSTg="): Text ****** has been set on object 'Object Repository/Login Page/Password input field'

18-03-2024T10:25:24 - [MESSAGE][PASSED] - Text ****** has been set on object 'Object Repository/Login Page/Password input field'

18-03-2024T10:25:24 - [TEST_STEP][PASSED] - click(findTestObject("Object Repository/Login Page/button_Log in")): Object: 'Object Repository/Login Page/button_Log in' is clicked on

18-03-2024T10:25:24 - [MESSAGE][PASSED] - Object: 'Object Repository/Login Page/button_Log in' is clicked on

18-03-2024T10:25:24 - [TEST_STEP][PASSED] - delay(4): Delayed 4 second(s)

18-03-2024T10:25:28 - [MESSAGE][PASSED] - Delayed 4 second(s)

18-03-2024T10:25:28 - [TEST_STEP][PASSED] - takeFullPageScreenshot(): Taking screenshot successfully

18-03-2024T10:25:29 - [MESSAGE][INFO] - 0 hidden object(s)

18-03-2024T10:25:29 - [MESSAGE][PASSED] - Taking screenshot successfully
[[ATTACHMENT|C:\\Users\\Home\\git\\Katalon\\Reports\\20240318_102316\\Publisher\\20240318_102316\\1710746728646.png]]

18-03-2024T10:25:29 - [TEST_STEP][PASSED] - click(findTestObject("Dashboard Page/Profile button")): Object: 'Object Repository/Dashboard Page/Profile button' is clicked on

18-03-2024T10:25:29 - [MESSAGE][PASSED] - Object: 'Object Repository/Dashboard Page/Profile button' is clicked on

18-03-2024T10:25:29 - [TEST_STEP][PASSED] - mouseOver(findTestObject("Dashboard Page/Profile menu-Logout")): Object: 'Object Repository/Dashboard Page/Profile menu-Logout' is hovered

18-03-2024T10:25:30 - [MESSAGE][PASSED] - Object: 'Object Repository/Dashboard Page/Profile menu-Logout' is hovered

18-03-2024T10:25:30 - [TEST_STEP][PASSED] - click(findTestObject("Dashboard Page/Profile menu-Logout")): Object: 'Object Repository/Dashboard Page/Profile menu-Logout' is clicked on

18-03-2024T10:25:30 - [MESSAGE][PASSED] - Object: 'Object Repository/Dashboard Page/Profile menu-Logout' is clicked on

18-03-2024T10:25:30 - [TEST_STEP][PASSED] - setText(findTestObject("Object Repository/Login Page/Login input field"), "Zoya"): Text 'Zoya' is set on object 'Object Repository/Login Page/Login input field'

18-03-2024T10:25:32 - [MESSAGE][PASSED] - Text 'Zoya' is set on object 'Object Repository/Login Page/Login input field'

18-03-2024T10:25:32 - [TEST_STEP][PASSED] - setEncryptedText(findTestObject("Object Repository/Login Page/Password input field"), "tzH6RvlfSTg="): Text ****** has been set on object 'Object Repository/Login Page/Password input field'

18-03-2024T10:25:33 - [MESSAGE][PASSED] - Text ****** has been set on object 'Object Repository/Login Page/Password input field'

18-03-2024T10:25:33 - [TEST_STEP][PASSED] - click(findTestObject("Object Repository/Login Page/button_Log in")): Object: 'Object Repository/Login Page/button_Log in' is clicked on

18-03-2024T10:25:33 - [MESSAGE][PASSED] - Object: 'Object Repository/Login Page/button_Log in' is clicked on

18-03-2024T10:25:33 - [TEST_STEP][PASSED] - getAllLinksOnCurrentPage(false, []): Found 16 unique links on the page https://dadebug.commclouds.com/Demo/admin/auth

18-03-2024T10:25:34 - [MESSAGE][PASSED] - Found 16 unique links on the page https://dadebug.commclouds.com/Demo/admin/auth

18-03-2024T10:25:34 - [TEST_STEP][PASSED] - verifyAllLinksOnCurrentPageAccessible(false, []): All links on the page 'https://dadebug.commclouds.com/Demo/admin/auth' are accessible

18-03-2024T10:25:37 - [MESSAGE][PASSED] - Found 61 unique links on the page https://dadebug.commclouds.com/Demo/admin/auth

18-03-2024T10:25:38 - [MESSAGE][INFO] - HAR: C:\Users\Home\git\Katalon\Reports\20240318_102316\Publisher\20240318_102316\requests\main\0.har

18-03-2024T10:25:38 - [MESSAGE][PASSED] - Send request successfully

18-03-2024T10:25:39 - [MESSAGE][INFO] - HAR: C:\Users\Home\git\Katalon\Reports\20240318_102316\Publisher\20240318_102316\requests\main\1.har

18-03-2024T10:25:39 - [MESSAGE][PASSED] - Send request successfully

18-03-2024T10:25:39 - [MESSAGE][INFO] - HAR: C:\Users\Home\git\Katalon\Reports\20240318_102316\Publisher\20240318_102316\requests\main\2.har

18-03-2024T10:25:39 - [MESSAGE][PASSED] - Send request successfully

18-03-2024T10:25:39 - [MESSAGE][INFO] - HAR: C:\Users\Home\git\Katalon\Reports\20240318_102316\Publisher\20240318_102316\requests\main\3.har

18-03-2024T10:25:39 - [MESSAGE][PASSED] - Send request successfully

18-03-2024T10:25:40 - [MESSAGE][INFO] - HAR: C:\Users\Home\git\Katalon\Reports\20240318_102316\Publisher\20240318_102316\requests\main\4.har

18-03-2024T10:25:40 - [MESSAGE][PASSED] - Send request successfully

18-03-2024T10:25:40 - [MESSAGE][INFO] - HAR: C:\Users\Home\git\Katalon\Reports\20240318_102316\Publisher\20240318_102316\requests\main\5.har

18-03-2024T10:25:40 - [MESSAGE][PASSED] - Send request successfully

18-03-2024T10:25:41 - [MESSAGE][INFO] - HAR: C:\Users\Home\git\Katalon\Reports\20240318_102316\Publisher\20240318_102316\requests\main\6.har

18-03-2024T10:25:41 - [MESSAGE][PASSED] - Send request successfully

18-03-2024T10:25:41 - [MESSAGE][INFO] - HAR: C:\Users\Home\git\Katalon\Reports\20240318_102316\Publisher\20240318_102316\requests\main\7.har

18-03-2024T10:25:41 - [MESSAGE][PASSED] - Send request successfully

18-03-2024T10:25:43 - [MESSAGE][INFO] - HAR: C:\Users\Home\git\Katalon\Reports\20240318_102316\Publisher\20240318_102316\requests\main\8.har

18-03-2024T10:25:43 - [MESSAGE][PASSED] - Send request successfully

18-03-2024T10:25:43 - [MESSAGE][INFO] - HAR: C:\Users\Home\git\Katalon\Reports\20240318_102316\Publisher\20240318_102316\requests\main\9.har

18-03-2024T10:25:43 - [MESSAGE][PASSED] - Send request successfully

18-03-2024T10:25:43 - [MESSAGE][INFO] - HAR: C:\Users\Home\git\Katalon\Reports\20240318_102316\Publisher\20240318_102316\requests\main\10.har

18-03-2024T10:25:43 - [MESSAGE][PASSED] - Send request successfully

18-03-2024T10:25:43 - [MESSAGE][INFO] - HAR: C:\Users\Home\git\Katalon\Reports\20240318_102316\Publisher\20240318_102316\requests\main\11.har

18-03-2024T10:25:43 - [MESSAGE][PASSED] - Send request successfully

18-03-2024T10:25:44 - [MESSAGE][INFO] - HAR: C:\Users\Home\git\Katalon\Reports\20240318_102316\Publisher\20240318_102316\requests\main\12.har

18-03-2024T10:25:44 - [MESSAGE][PASSED] - Send request successfully

18-03-2024T10:25:44 - [MESSAGE][INFO] - HAR: C:\Users\Home\git\Katalon\Reports\20240318_102316\Publisher\20240318_102316\requests\main\13.har

18-03-2024T10:25:44 - [MESSAGE][PASSED] - Send request successfully

18-03-2024T10:25:45 - [MESSAGE][INFO] - HAR: C:\Users\Home\git\Katalon\Reports\20240318_102316\Publisher\20240318_102316\requests\main\14.har

18-03-2024T10:25:45 - [MESSAGE][PASSED] - Send request successfully

18-03-2024T10:25:45 - [MESSAGE][INFO] - HAR: C:\Users\Home\git\Katalon\Reports\20240318_102316\Publisher\20240318_102316\requests\main\15.har

18-03-2024T10:25:45 - [MESSAGE][PASSED] - Send request successfully

18-03-2024T10:25:45 - [MESSAGE][INFO] - HAR: C:\Users\Home\git\Katalon\Reports\20240318_102316\Publisher\20240318_102316\requests\main\16.har

18-03-2024T10:25:45 - [MESSAGE][PASSED] - Send request successfully

18-03-2024T10:25:46 - [MESSAGE][INFO] - HAR: C:\Users\Home\git\Katalon\Reports\20240318_102316\Publisher\20240318_102316\requests\main\17.har

18-03-2024T10:25:46 - [MESSAGE][PASSED] - Send request successfully

18-03-2024T10:25:46 - [MESSAGE][INFO] - HAR: C:\Users\Home\git\Katalon\Reports\20240318_102316\Publisher\20240318_102316\requests\main\18.har

18-03-2024T10:25:46 - [MESSAGE][PASSED] - Send request successfully

18-03-2024T10:25:46 - [MESSAGE][INFO] - HAR: C:\Users\Home\git\Katalon\Reports\20240318_102316\Publisher\20240318_102316\requests\main\19.har

18-03-2024T10:25:46 - [MESSAGE][PASSED] - Send request successfully

18-03-2024T10:25:46 - [MESSAGE][INFO] - HAR: C:\Users\Home\git\Katalon\Reports\20240318_102316\Publisher\20240318_102316\requests\main\20.har

18-03-2024T10:25:46 - [MESSAGE][PASSED] - Send request successfully

18-03-2024T10:25:47 - [MESSAGE][INFO] - HAR: C:\Users\Home\git\Katalon\Reports\20240318_102316\Publisher\20240318_102316\requests\main\21.har

18-03-2024T10:25:47 - [MESSAGE][PASSED] - Send request successfully

18-03-2024T10:25:47 - [MESSAGE][INFO] - HAR: C:\Users\Home\git\Katalon\Reports\20240318_102316\Publisher\20240318_102316\requests\main\22.har

18-03-2024T10:25:47 - [MESSAGE][PASSED] - Send request successfully

18-03-2024T10:25:47 - [MESSAGE][INFO] - HAR: C:\Users\Home\git\Katalon\Reports\20240318_102316\Publisher\20240318_102316\requests\main\23.har

18-03-2024T10:25:47 - [MESSAGE][PASSED] - Send request successfully

18-03-2024T10:25:48 - [MESSAGE][INFO] - HAR: C:\Users\Home\git\Katalon\Reports\20240318_102316\Publisher\20240318_102316\requests\main\24.har

18-03-2024T10:25:48 - [MESSAGE][PASSED] - Send request successfully

18-03-2024T10:25:48 - [MESSAGE][INFO] - HAR: C:\Users\Home\git\Katalon\Reports\20240318_102316\Publisher\20240318_102316\requests\main\25.har

18-03-2024T10:25:48 - [MESSAGE][PASSED] - Send request successfully

18-03-2024T10:25:48 - [MESSAGE][INFO] - HAR: C:\Users\Home\git\Katalon\Reports\20240318_102316\Publisher\20240318_102316\requests\main\26.har

18-03-2024T10:25:48 - [MESSAGE][PASSED] - Send request successfully

18-03-2024T10:25:48 - [MESSAGE][INFO] - HAR: C:\Users\Home\git\Katalon\Reports\20240318_102316\Publisher\20240318_102316\requests\main\27.har

18-03-2024T10:25:48 - [MESSAGE][PASSED] - Send request successfully

18-03-2024T10:25:49 - [MESSAGE][INFO] - HAR: C:\Users\Home\git\Katalon\Reports\20240318_102316\Publisher\20240318_102316\requests\main\28.har

18-03-2024T10:25:49 - [MESSAGE][PASSED] - Send request successfully

18-03-2024T10:25:49 - [MESSAGE][INFO] - HAR: C:\Users\Home\git\Katalon\Reports\20240318_102316\Publisher\20240318_102316\requests\main\29.har

18-03-2024T10:25:49 - [MESSAGE][PASSED] - Send request successfully

18-03-2024T10:25:49 - [MESSAGE][INFO] - HAR: C:\Users\Home\git\Katalon\Reports\20240318_102316\Publisher\20240318_102316\requests\main\30.har

18-03-2024T10:25:49 - [MESSAGE][PASSED] - Send request successfully

18-03-2024T10:25:49 - [MESSAGE][INFO] - HAR: C:\Users\Home\git\Katalon\Reports\20240318_102316\Publisher\20240318_102316\requests\main\31.har

18-03-2024T10:25:49 - [MESSAGE][PASSED] - Send request successfully

18-03-2024T10:25:50 - [MESSAGE][INFO] - HAR: C:\Users\Home\git\Katalon\Reports\20240318_102316\Publisher\20240318_102316\requests\main\32.har

18-03-2024T10:25:50 - [MESSAGE][PASSED] - Send request successfully

18-03-2024T10:25:50 - [MESSAGE][INFO] - HAR: C:\Users\Home\git\Katalon\Reports\20240318_102316\Publisher\20240318_102316\requests\main\33.har

18-03-2024T10:25:50 - [MESSAGE][PASSED] - Send request successfully

18-03-2024T10:25:50 - [MESSAGE][INFO] - HAR: C:\Users\Home\git\Katalon\Reports\20240318_102316\Publisher\20240318_102316\requests\main\34.har

18-03-2024T10:25:50 - [MESSAGE][PASSED] - Send request successfully

18-03-2024T10:25:51 - [MESSAGE][INFO] - HAR: C:\Users\Home\git\Katalon\Reports\20240318_102316\Publisher\20240318_102316\requests\main\35.har

18-03-2024T10:25:51 - [MESSAGE][PASSED] - Send request successfully

18-03-2024T10:25:51 - [MESSAGE][INFO] - HAR: C:\Users\Home\git\Katalon\Reports\20240318_102316\Publisher\20240318_102316\requests\main\36.har

18-03-2024T10:25:51 - [MESSAGE][PASSED] - Send request successfully

18-03-2024T10:25:51 - [MESSAGE][INFO] - HAR: C:\Users\Home\git\Katalon\Reports\20240318_102316\Publisher\20240318_102316\requests\main\37.har

18-03-2024T10:25:51 - [MESSAGE][PASSED] - Send request successfully

18-03-2024T10:25:51 - [MESSAGE][INFO] - HAR: C:\Users\Home\git\Katalon\Reports\20240318_102316\Publisher\20240318_102316\requests\main\38.har

18-03-2024T10:25:51 - [MESSAGE][PASSED] - Send request successfully

18-03-2024T10:25:52 - [MESSAGE][INFO] - HAR: C:\Users\Home\git\Katalon\Reports\20240318_102316\Publisher\20240318_102316\requests\main\39.har

18-03-2024T10:25:52 - [MESSAGE][PASSED] - Send request successfully

18-03-2024T10:25:52 - [MESSAGE][INFO] - HAR: C:\Users\Home\git\Katalon\Reports\20240318_102316\Publisher\20240318_102316\requests\main\40.har

18-03-2024T10:25:52 - [MESSAGE][PASSED] - Send request successfully

18-03-2024T10:25:52 - [MESSAGE][INFO] - HAR: C:\Users\Home\git\Katalon\Reports\20240318_102316\Publisher\20240318_102316\requests\main\41.har

18-03-2024T10:25:52 - [MESSAGE][PASSED] - Send request successfully

18-03-2024T10:25:53 - [MESSAGE][INFO] - HAR: C:\Users\Home\git\Katalon\Reports\20240318_102316\Publisher\20240318_102316\requests\main\42.har

18-03-2024T10:25:53 - [MESSAGE][PASSED] - Send request successfully

18-03-2024T10:25:53 - [MESSAGE][INFO] - HAR: C:\Users\Home\git\Katalon\Reports\20240318_102316\Publisher\20240318_102316\requests\main\43.har

18-03-2024T10:25:53 - [MESSAGE][PASSED] - Send request successfully

18-03-2024T10:25:53 - [MESSAGE][INFO] - HAR: C:\Users\Home\git\Katalon\Reports\20240318_102316\Publisher\20240318_102316\requests\main\44.har

18-03-2024T10:25:53 - [MESSAGE][PASSED] - Send request successfully

18-03-2024T10:25:53 - [MESSAGE][INFO] - HAR: C:\Users\Home\git\Katalon\Reports\20240318_102316\Publisher\20240318_102316\requests\main\45.har

18-03-2024T10:25:53 - [MESSAGE][PASSED] - Send request successfully

18-03-2024T10:25:54 - [MESSAGE][INFO] - HAR: C:\Users\Home\git\Katalon\Reports\20240318_102316\Publisher\20240318_102316\requests\main\46.har

18-03-2024T10:25:54 - [MESSAGE][PASSED] - Send request successfully

18-03-2024T10:25:54 - [MESSAGE][INFO] - HAR: C:\Users\Home\git\Katalon\Reports\20240318_102316\Publisher\20240318_102316\requests\main\47.har

18-03-2024T10:25:54 - [MESSAGE][PASSED] - Send request successfully

18-03-2024T10:25:54 - [MESSAGE][INFO] - HAR: C:\Users\Home\git\Katalon\Reports\20240318_102316\Publisher\20240318_102316\requests\main\48.har

18-03-2024T10:25:54 - [MESSAGE][PASSED] - Send request successfully

18-03-2024T10:25:55 - [MESSAGE][INFO] - HAR: C:\Users\Home\git\Katalon\Reports\20240318_102316\Publisher\20240318_102316\requests\main\49.har

18-03-2024T10:25:55 - [MESSAGE][PASSED] - Send request successfully

18-03-2024T10:25:55 - [MESSAGE][INFO] - HAR: C:\Users\Home\git\Katalon\Reports\20240318_102316\Publisher\20240318_102316\requests\main\50.har

18-03-2024T10:25:55 - [MESSAGE][PASSED] - Send request successfully

18-03-2024T10:25:55 - [MESSAGE][INFO] - HAR: C:\Users\Home\git\Katalon\Reports\20240318_102316\Publisher\20240318_102316\requests\main\51.har

18-03-2024T10:25:55 - [MESSAGE][PASSED] - Send request successfully

18-03-2024T10:25:56 - [MESSAGE][INFO] - HAR: C:\Users\Home\git\Katalon\Reports\20240318_102316\Publisher\20240318_102316\requests\main\52.har

18-03-2024T10:25:56 - [MESSAGE][PASSED] - Send request successfully

18-03-2024T10:25:56 - [MESSAGE][INFO] - HAR: C:\Users\Home\git\Katalon\Reports\20240318_102316\Publisher\20240318_102316\requests\main\53.har

18-03-2024T10:25:56 - [MESSAGE][PASSED] - Send request successfully

18-03-2024T10:25:56 - [MESSAGE][INFO] - HAR: C:\Users\Home\git\Katalon\Reports\20240318_102316\Publisher\20240318_102316\requests\main\54.har

18-03-2024T10:25:56 - [MESSAGE][PASSED] - Send request successfully

18-03-2024T10:25:57 - [MESSAGE][INFO] - HAR: C:\Users\Home\git\Katalon\Reports\20240318_102316\Publisher\20240318_102316\requests\main\55.har

18-03-2024T10:25:57 - [MESSAGE][PASSED] - Send request successfully

18-03-2024T10:25:57 - [MESSAGE][INFO] - HAR: C:\Users\Home\git\Katalon\Reports\20240318_102316\Publisher\20240318_102316\requests\main\56.har

18-03-2024T10:25:57 - [MESSAGE][PASSED] - Send request successfully

18-03-2024T10:25:57 - [MESSAGE][INFO] - HAR: C:\Users\Home\git\Katalon\Reports\20240318_102316\Publisher\20240318_102316\requests\main\57.har

18-03-2024T10:25:57 - [MESSAGE][PASSED] - Send request successfully

18-03-2024T10:25:57 - [MESSAGE][INFO] - HAR: C:\Users\Home\git\Katalon\Reports\20240318_102316\Publisher\20240318_102316\requests\main\58.har

18-03-2024T10:25:57 - [MESSAGE][PASSED] - Send request successfully

18-03-2024T10:25:58 - [MESSAGE][INFO] - HAR: C:\Users\Home\git\Katalon\Reports\20240318_102316\Publisher\20240318_102316\requests\main\59.har

18-03-2024T10:25:58 - [MESSAGE][PASSED] - Send request successfully

18-03-2024T10:25:58 - [MESSAGE][INFO] - HAR: C:\Users\Home\git\Katalon\Reports\20240318_102316\Publisher\20240318_102316\requests\main\60.har

18-03-2024T10:25:58 - [MESSAGE][PASSED] - Send request successfully

18-03-2024T10:25:58 - [MESSAGE][PASSED] - All links are accessible

18-03-2024T10:25:58 - [MESSAGE][PASSED] - All links on the page 'https://dadebug.commclouds.com/Demo/admin/auth' are accessible]]></system-out>
         <system-err><![CDATA[]]></system-err>
      </testcase>
      <system-out><![CDATA[18-03-2024T10:23:24 - [TEST_SUITE][PASSED] - Publisher: Test Cases/Publisher/Re-login with created publisher with FullAccess policy (TC-56)]]></system-out>
      <system-err><![CDATA[]]></system-err>
   </testsuite>
</testsuites>
