<?xml version="1.0" encoding="UTF-8"?>
<testsuites name="Publisher" time="107.566" tests="8" failures="0" errors="0">
   <testsuite name="Publisher" tests="8" failures="0" errors="0" time="107.566" skipped="0" timestamp="15-03-2024T19:00:45" hostname="Home - LAPTOP-E6BU4LL9.Dlink" id="Test Suites/Publisher">
      <properties>
         <property name="deviceName" value=""/>
         <property name="devicePlatform" value=""/>
         <property name="logFolder" value="C:\\Users\\Home\\git\\Katalon\\Reports\\20240315_190041\\Publisher\\20240315_190041"/>
         <property name="logFiles" value="C:\\Users\\Home\\git\\Katalon\\Reports\\20240315_190041\\Publisher\\20240315_190041\\execution0.log"/>
         <property name="attachments" value="C:\\Users\\Home\\git\\Katalon\\Reports\\20240315_190041\\Publisher\\20240315_190041\\1710518508551.png"/>
         <property name="hostName" value="Home - LAPTOP-E6BU4LL9.Dlink"/>
         <property name="os" value="Windows 11 64bit"/>
         <property name="katalonVersion" value="9.3.1.212"/>
         <property name="browser" value="Chrome 122.0.0.0"/>
         <property name="hostAddress" value="192.168.1.100"/>
         <property name="sessionId" value="3f2eb3a577df1f1e769adf0014ec1c86"/>
         <property name="seleniumVersion" value="3.141.59"/>
         <property name="proxyInformation" value="ProxyInformation { proxyOption=NO_PROXY, proxyServerType=HTTP, username=, password=********, proxyServerAddress=, proxyServerPort=0, executionList=&quot;&quot;, isApplyToDesiredCapabilities=true }"/>
         <property name="platform" value="Windows 11"/>
      </properties>
      <testcase name="Test Cases/Login Test Cases/Login with Valid Credentials" time="12.031" classname="Test Cases/Login Test Cases/Login with Valid Credentials" status="PASSED">
         <system-out><![CDATA[15-03-2024T19:00:45 - [TEST_CASE][PASSED] - Test Cases/Login Test Cases/Login with Valid Credentials: Test Cases/Login Test Cases/Login with Valid Credentials

15-03-2024T19:00:46 - [TEST_STEP][PASSED] - openBrowser(""): Browser is opened with url: ''

15-03-2024T19:00:46 - [MESSAGE][INFO] - Starting 'Chrome' driver

15-03-2024T19:00:46 - [MESSAGE][INFO] - Action delay is set to 0 milliseconds

15-03-2024T19:00:47 - [MESSAGE][PASSED] - Browser is opened with url: ''

15-03-2024T19:00:47 - [TEST_STEP][PASSED] - navigateToUrl("https://dadebug.commclouds.com/Demo/admin/auth"): Navigate to 'https://dadebug.commclouds.com/Demo/admin/auth' successfully

15-03-2024T19:00:48 - [MESSAGE][PASSED] - Navigate to 'https://dadebug.commclouds.com/Demo/admin/auth' successfully

15-03-2024T19:00:48 - [TEST_STEP][PASSED] - waitForPageLoad(3): Wait for page load successfully

15-03-2024T19:00:48 - [MESSAGE][PASSED] - Wait for page load successfully

15-03-2024T19:00:48 - [TEST_STEP][PASSED] - maximizeWindow(): Current window maximized

15-03-2024T19:00:48 - [MESSAGE][PASSED] - Current window maximized

15-03-2024T19:00:48 - [TEST_STEP][PASSED] - verifyElementPresent(findTestObject("Login Page/DAlogo"), 2): Object 'Object Repository/Login Page/DAlogo' is present

15-03-2024T19:00:49 - [MESSAGE][PASSED] - Object 'Object Repository/Login Page/DAlogo' is present

15-03-2024T19:00:49 - [TEST_STEP][PASSED] - verifyElementPresent(findTestObject("Login Page/Version number"), 2): Object 'Object Repository/Login Page/Version number' is present

15-03-2024T19:00:49 - [MESSAGE][PASSED] - Object 'Object Repository/Login Page/Version number' is present

15-03-2024T19:00:49 - [TEST_STEP][PASSED] - verifyElementText(findTestObject("Login Page/Version number"), "Version: 11.4.0.2 (stage/11)"): Actual text and expected text of test object 'Object Repository/Login Page/Version number' are matched.

15-03-2024T19:00:50 - [MESSAGE][PASSED] - Actual text and expected text of test object 'Object Repository/Login Page/Version number' are matched.

15-03-2024T19:00:50 - [TEST_STEP][PASSED] - setText(findTestObject("Object Repository/Login Page/Login input field"), "Zoya"): Text 'Zoya' is set on object 'Object Repository/Login Page/Login input field'

15-03-2024T19:00:50 - [MESSAGE][PASSED] - Text 'Zoya' is set on object 'Object Repository/Login Page/Login input field'

15-03-2024T19:00:50 - [TEST_STEP][PASSED] - setEncryptedText(findTestObject("Object Repository/Login Page/Password input field"), "tzH6RvlfSTg="): Text ****** has been set on object 'Object Repository/Login Page/Password input field'

15-03-2024T19:00:51 - [MESSAGE][PASSED] - Text ****** has been set on object 'Object Repository/Login Page/Password input field'

15-03-2024T19:00:51 - [TEST_STEP][PASSED] - click(findTestObject("Object Repository/Login Page/button_Log in")): Object: 'Object Repository/Login Page/button_Log in' is clicked on

15-03-2024T19:00:51 - [MESSAGE][PASSED] - Object: 'Object Repository/Login Page/button_Log in' is clicked on

15-03-2024T19:00:51 - [TEST_STEP][PASSED] - delay(4): Delayed 4 second(s)

15-03-2024T19:00:55 - [MESSAGE][PASSED] - Delayed 4 second(s)

15-03-2024T19:00:55 - [TEST_STEP][PASSED] - verifyElementPresent(findTestObject("Object Repository/Login Page/h1_Dashboard"), 4): Object 'Object Repository/Login Page/h1_Dashboard' is present

15-03-2024T19:00:55 - [MESSAGE][PASSED] - Object 'Object Repository/Login Page/h1_Dashboard' is present]]></system-out>
         <system-err><![CDATA[]]></system-err>
      </testcase>
      <testcase name="Test Cases/Publisher/Create Publisher with Admin role (TC-49)" time="20.618" classname="Test Cases/Publisher/Create Publisher with Admin role (TC-49)" status="PASSED">
         <system-out><![CDATA[15-03-2024T19:00:57 - [TEST_CASE][PASSED] - Test Cases/Publisher/Create Publisher with Admin role (TC-49): Test Cases/Publisher/Create Publisher with Admin role (TC-49)

15-03-2024T19:00:57 - [TEST_STEP][PASSED] - click(findTestObject("Publishers/Publishers on the top-menu")): Object: 'Object Repository/Publishers/Publishers on the top-menu' is clicked on

15-03-2024T19:00:58 - [MESSAGE][PASSED] - Object: 'Object Repository/Publishers/Publishers on the top-menu' is clicked on

15-03-2024T19:00:58 - [TEST_STEP][PASSED] - click(findTestObject("Publishers/Add Publisher btn")): Object: 'Object Repository/Publishers/Add Publisher btn' is clicked on

15-03-2024T19:00:59 - [MESSAGE][PASSED] - Object: 'Object Repository/Publishers/Add Publisher btn' is clicked on

15-03-2024T19:00:59 - [TEST_STEP][PASSED] - click(findTestObject("Publishers/Publisher name input field")): Object: 'Object Repository/Publishers/Publisher name input field' is clicked on

15-03-2024T19:01:00 - [MESSAGE][PASSED] - Object: 'Object Repository/Publishers/Publisher name input field' is clicked on

15-03-2024T19:01:00 - [TEST_STEP][PASSED] - setText(findTestObject("Publishers/Publisher name input field"), "KatalonAdmin"): Text 'KatalonAdmin' is set on object 'Object Repository/Publishers/Publisher name input field'

15-03-2024T19:01:00 - [MESSAGE][PASSED] - Text 'KatalonAdmin' is set on object 'Object Repository/Publishers/Publisher name input field'

15-03-2024T19:01:00 - [TEST_STEP][PASSED] - click(findTestObject("Publishers/Publisher Password")): Object: 'Object Repository/Publishers/Publisher Password' is clicked on

15-03-2024T19:01:01 - [MESSAGE][PASSED] - Object: 'Object Repository/Publishers/Publisher Password' is clicked on

15-03-2024T19:01:01 - [TEST_STEP][PASSED] - setText(findTestObject("Publishers/Publisher Password"), "123"): Text '123' is set on object 'Object Repository/Publishers/Publisher Password'

15-03-2024T19:01:01 - [MESSAGE][PASSED] - Text '123' is set on object 'Object Repository/Publishers/Publisher Password'

15-03-2024T19:01:01 - [TEST_STEP][PASSED] - click(findTestObject("Publishers/Publisher type drop-down")): Object: 'Object Repository/Publishers/Publisher type drop-down' is clicked on

15-03-2024T19:01:02 - [MESSAGE][PASSED] - Object: 'Object Repository/Publishers/Publisher type drop-down' is clicked on

15-03-2024T19:01:02 - [TEST_STEP][PASSED] - click(findTestObject("Publishers/Admin type")): Object: 'Object Repository/Publishers/Admin type' is clicked on

15-03-2024T19:01:03 - [MESSAGE][PASSED] - Object: 'Object Repository/Publishers/Admin type' is clicked on

15-03-2024T19:01:03 - [TEST_STEP][PASSED] - click(findTestObject("Publishers/add btn")): Object: 'Object Repository/Publishers/add btn' is clicked on

15-03-2024T19:01:03 - [MESSAGE][PASSED] - Object: 'Object Repository/Publishers/add btn' is clicked on

15-03-2024T19:01:03 - [TEST_STEP][PASSED] - click(findTestObject("Pop-up Alerts page/Search by title field")): Object: 'Object Repository/Pop-up Alerts page/Search by title field' is clicked on

15-03-2024T19:01:04 - [MESSAGE][PASSED] - Object: 'Object Repository/Pop-up Alerts page/Search by title field' is clicked on

15-03-2024T19:01:04 - [TEST_STEP][PASSED] - setText(findTestObject("Pop-up Alerts page/Search by title field"), "KatalonAdmin"): Text 'KatalonAdmin' is set on object 'Object Repository/Pop-up Alerts page/Search by title field'

15-03-2024T19:01:05 - [MESSAGE][PASSED] - Text 'KatalonAdmin' is set on object 'Object Repository/Pop-up Alerts page/Search by title field'

15-03-2024T19:01:05 - [TEST_STEP][PASSED] - delay(5): Delayed 5 second(s)

15-03-2024T19:01:10 - [MESSAGE][PASSED] - Delayed 5 second(s)

15-03-2024T19:01:10 - [TEST_STEP][PASSED] - verifyElementText(findTestObject("Publishers/filtered publisher"), "KatalonAdmin"): Actual text and expected text of test object 'Object Repository/Publishers/filtered publisher' are matched.

15-03-2024T19:01:11 - [MESSAGE][PASSED] - Actual text and expected text of test object 'Object Repository/Publishers/filtered publisher' are matched.

15-03-2024T19:01:11 - [TEST_STEP][PASSED] - verifyElementPresent(findTestObject("Publishers/Enabled status"), 2): Object 'Object Repository/Publishers/Enabled status' is present

15-03-2024T19:01:11 - [MESSAGE][PASSED] - Object 'Object Repository/Publishers/Enabled status' is present

15-03-2024T19:01:11 - [TEST_STEP][PASSED] - check(findTestObject("Create Pop-up Alert Page/sent alerts checkbox")): Object 'Object Repository/Create Pop-up Alert Page/sent alerts checkbox' is checked

15-03-2024T19:01:12 - [MESSAGE][PASSED] - Object 'Object Repository/Create Pop-up Alert Page/sent alerts checkbox' is checked

15-03-2024T19:01:12 - [TEST_STEP][PASSED] - verifyElementChecked(findTestObject("Create Pop-up Alert Page/sent alerts checkbox"), 2): Object 'Object Repository/Create Pop-up Alert Page/sent alerts checkbox' is checked

15-03-2024T19:01:12 - [MESSAGE][PASSED] - Object 'Object Repository/Create Pop-up Alert Page/sent alerts checkbox' is checked

15-03-2024T19:01:12 - [TEST_STEP][PASSED] - click(findTestObject("Publishers/Disable btn")): Object: 'Object Repository/Publishers/Disable btn' is clicked on

15-03-2024T19:01:13 - [MESSAGE][PASSED] - Object: 'Object Repository/Publishers/Disable btn' is clicked on

15-03-2024T19:01:13 - [TEST_STEP][PASSED] - verifyElementPresent(findTestObject("Publishers/Disabled status"), 2): Object 'Object Repository/Publishers/Disabled status' is present

15-03-2024T19:01:14 - [MESSAGE][PASSED] - Object 'Object Repository/Publishers/Disabled status' is present

15-03-2024T19:01:14 - [TEST_STEP][PASSED] - check(findTestObject("Create Pop-up Alert Page/sent alerts checkbox")): Object 'Object Repository/Create Pop-up Alert Page/sent alerts checkbox' is checked

15-03-2024T19:01:14 - [MESSAGE][PASSED] - Object 'Object Repository/Create Pop-up Alert Page/sent alerts checkbox' is checked

15-03-2024T19:01:14 - [TEST_STEP][PASSED] - verifyElementChecked(findTestObject("Create Pop-up Alert Page/sent alerts checkbox"), 2): Object 'Object Repository/Create Pop-up Alert Page/sent alerts checkbox' is checked

15-03-2024T19:01:15 - [MESSAGE][PASSED] - Object 'Object Repository/Create Pop-up Alert Page/sent alerts checkbox' is checked

15-03-2024T19:01:15 - [TEST_STEP][PASSED] - click(findTestObject("Publishers/Enable btn")): Object: 'Object Repository/Publishers/Enable btn' is clicked on

15-03-2024T19:01:15 - [MESSAGE][PASSED] - Object: 'Object Repository/Publishers/Enable btn' is clicked on

15-03-2024T19:01:15 - [TEST_STEP][PASSED] - verifyElementPresent(findTestObject("Publishers/Enabled status"), 2): Object 'Object Repository/Publishers/Enabled status' is present

15-03-2024T19:01:16 - [MESSAGE][PASSED] - Object 'Object Repository/Publishers/Enabled status' is present]]></system-out>
         <system-err><![CDATA[]]></system-err>
      </testcase>
      <testcase name="Test Cases/Publisher/Edit Publisher (TC-50)" time="16.13" classname="Test Cases/Publisher/Edit Publisher (TC-50)" status="PASSED">
         <system-out><![CDATA[15-03-2024T19:01:18 - [TEST_CASE][PASSED] - Test Cases/Publisher/Edit Publisher (TC-50): Test Cases/Publisher/Edit Publisher (TC-50)

15-03-2024T19:01:18 - [TEST_STEP][PASSED] - click(findTestObject("Survey/3dots Actions")): Object: 'Object Repository/Survey/3dots Actions' is clicked on

15-03-2024T19:01:18 - [MESSAGE][PASSED] - Object: 'Object Repository/Survey/3dots Actions' is clicked on

15-03-2024T19:01:18 - [TEST_STEP][PASSED] - click(findTestObject("Publishers/Edit publisher")): Object: 'Object Repository/Publishers/Edit publisher' is clicked on

15-03-2024T19:01:20 - [MESSAGE][PASSED] - Object: 'Object Repository/Publishers/Edit publisher' is clicked on

15-03-2024T19:01:20 - [TEST_STEP][PASSED] - setText(findTestObject("Publishers/Publisher email input field"), "katalon@mail.com"): Text 'katalon@mail.com' is set on object 'Object Repository/Publishers/Publisher email input field'

15-03-2024T19:01:21 - [MESSAGE][PASSED] - Text 'katalon@mail.com' is set on object 'Object Repository/Publishers/Publisher email input field'

15-03-2024T19:01:21 - [TEST_STEP][PASSED] - click(findTestObject("Publishers/Phone code drop-down")): Object: 'Object Repository/Publishers/Phone code drop-down' is clicked on

15-03-2024T19:01:22 - [MESSAGE][PASSED] - Object: 'Object Repository/Publishers/Phone code drop-down' is clicked on

15-03-2024T19:01:22 - [TEST_STEP][PASSED] - scrollToElement(findTestObject("Publishers/US country code"), 2): Scroll to object 'Object Repository/Publishers/US country code' successfully

15-03-2024T19:01:22 - [MESSAGE][PASSED] - Scroll to object 'Object Repository/Publishers/US country code' successfully

15-03-2024T19:01:22 - [TEST_STEP][PASSED] - click(findTestObject("Publishers/US country code")): Object: 'Object Repository/Publishers/US country code' is clicked on

15-03-2024T19:01:23 - [MESSAGE][PASSED] - Object: 'Object Repository/Publishers/US country code' is clicked on

15-03-2024T19:01:23 - [TEST_STEP][PASSED] - click(findTestObject("Publishers/Phone number input field")): Object: 'Object Repository/Publishers/Phone number input field' is clicked on

15-03-2024T19:01:23 - [MESSAGE][PASSED] - Object: 'Object Repository/Publishers/Phone number input field' is clicked on

15-03-2024T19:01:23 - [TEST_STEP][PASSED] - setText(findTestObject("Publishers/Phone number input field"), "2233445566"): Text '2233445566' is set on object 'Object Repository/Publishers/Phone number input field'

15-03-2024T19:01:24 - [MESSAGE][PASSED] - Text '2233445566' is set on object 'Object Repository/Publishers/Phone number input field'

15-03-2024T19:01:24 - [TEST_STEP][PASSED] - click(findTestObject("Publishers/add btn")): Object: 'Object Repository/Publishers/add btn' is clicked on

15-03-2024T19:01:24 - [MESSAGE][PASSED] - Object: 'Object Repository/Publishers/add btn' is clicked on

15-03-2024T19:01:24 - [TEST_STEP][PASSED] - sendKeys(findTestObject("Pop-up Alerts page/Search by title field"), Keys.chord(CONTROL, "a", BACK_SPACE)): Keys 'CONTROL + BACK_SPACE + a' sent to object: 'Object Repository/Pop-up Alerts page/Search by title field'

15-03-2024T19:01:25 - [MESSAGE][PASSED] - Keys 'CONTROL + BACK_SPACE + a' sent to object: 'Object Repository/Pop-up Alerts page/Search by title field'

15-03-2024T19:01:25 - [TEST_STEP][PASSED] - setText(findTestObject("Pop-up Alerts page/Search by title field"), "KatalonAdmin"): Text 'KatalonAdmin' is set on object 'Object Repository/Pop-up Alerts page/Search by title field'

15-03-2024T19:01:27 - [MESSAGE][PASSED] - Text 'KatalonAdmin' is set on object 'Object Repository/Pop-up Alerts page/Search by title field'

15-03-2024T19:01:27 - [TEST_STEP][PASSED] - delay(5): Delayed 5 second(s)

15-03-2024T19:01:32 - [MESSAGE][PASSED] - Delayed 5 second(s)

15-03-2024T19:01:32 - [TEST_STEP][PASSED] - verifyElementText(findTestObject("Publishers/filtered publisher"), "KatalonAdmin"): Actual text and expected text of test object 'Object Repository/Publishers/filtered publisher' are matched.

15-03-2024T19:01:32 - [MESSAGE][PASSED] - Actual text and expected text of test object 'Object Repository/Publishers/filtered publisher' are matched.]]></system-out>
         <system-err><![CDATA[]]></system-err>
      </testcase>
      <testcase name="Test Cases/Publisher/Change Publisher Password (TC-51)" time="4.63" classname="Test Cases/Publisher/Change Publisher Password (TC-51)" status="PASSED">
         <system-out><![CDATA[15-03-2024T19:01:34 - [TEST_CASE][PASSED] - Test Cases/Publisher/Change Publisher Password (TC-51): Test Cases/Publisher/Change Publisher Password (TC-51)

15-03-2024T19:01:34 - [TEST_STEP][PASSED] - click(findTestObject("Survey/3dots Actions")): Object: 'Object Repository/Survey/3dots Actions' is clicked on

15-03-2024T19:01:35 - [MESSAGE][PASSED] - Object: 'Object Repository/Survey/3dots Actions' is clicked on

15-03-2024T19:01:35 - [TEST_STEP][PASSED] - click(findTestObject("Publishers/Publisher change password")): Object: 'Object Repository/Publishers/Publisher change password' is clicked on

15-03-2024T19:01:35 - [MESSAGE][PASSED] - Object: 'Object Repository/Publishers/Publisher change password' is clicked on

15-03-2024T19:01:35 - [TEST_STEP][PASSED] - setText(findTestObject("Publishers/change password input field"), "1234"): Text '1234' is set on object 'Object Repository/Publishers/change password input field'

15-03-2024T19:01:36 - [MESSAGE][PASSED] - Text '1234' is set on object 'Object Repository/Publishers/change password input field'

15-03-2024T19:01:36 - [TEST_STEP][PASSED] - click(findTestObject("Publishers/add btn")): Object: 'Object Repository/Publishers/add btn' is clicked on

15-03-2024T19:01:37 - [MESSAGE][PASSED] - Object: 'Object Repository/Publishers/add btn' is clicked on]]></system-out>
         <system-err><![CDATA[]]></system-err>
      </testcase>
      <testcase name="Test Cases/Publisher/Re-login with created publisher (TC-52)" time="15.727" classname="Test Cases/Publisher/Re-login with created publisher (TC-52)" status="PASSED">
         <system-out><![CDATA[15-03-2024T19:01:39 - [TEST_CASE][PASSED] - Test Cases/Publisher/Re-login with created publisher (TC-52): Test Cases/Publisher/Re-login with created publisher (TC-52)

15-03-2024T19:01:39 - [TEST_STEP][PASSED] - waitForElementClickable(findTestObject("Dashboard Page/Profile button"), 2): Object 'Object Repository/Dashboard Page/Profile button' is clickable

15-03-2024T19:01:39 - [MESSAGE][PASSED] - Object 'Object Repository/Dashboard Page/Profile button' is clickable

15-03-2024T19:01:39 - [TEST_STEP][PASSED] - mouseOver(findTestObject("Dashboard Page/Profile button")): Object: 'Object Repository/Dashboard Page/Profile button' is hovered

15-03-2024T19:01:40 - [MESSAGE][PASSED] - Object: 'Object Repository/Dashboard Page/Profile button' is hovered

15-03-2024T19:01:40 - [TEST_STEP][PASSED] - click(findTestObject("Dashboard Page/Profile button")): Object: 'Object Repository/Dashboard Page/Profile button' is clicked on

15-03-2024T19:01:40 - [MESSAGE][PASSED] - Object: 'Object Repository/Dashboard Page/Profile button' is clicked on

15-03-2024T19:01:40 - [TEST_STEP][PASSED] - mouseOver(findTestObject("Dashboard Page/Profile menu-Logout")): Object: 'Object Repository/Dashboard Page/Profile menu-Logout' is hovered

15-03-2024T19:01:41 - [MESSAGE][PASSED] - Object: 'Object Repository/Dashboard Page/Profile menu-Logout' is hovered

15-03-2024T19:01:41 - [TEST_STEP][PASSED] - click(findTestObject("Dashboard Page/Profile menu-Logout")): Object: 'Object Repository/Dashboard Page/Profile menu-Logout' is clicked on

15-03-2024T19:01:41 - [MESSAGE][PASSED] - Object: 'Object Repository/Dashboard Page/Profile menu-Logout' is clicked on

15-03-2024T19:01:41 - [TEST_STEP][PASSED] - verifyElementPresent(findTestObject("Login Page/DAlogo"), 2): Object 'Object Repository/Login Page/DAlogo' is present

15-03-2024T19:01:43 - [MESSAGE][PASSED] - Object 'Object Repository/Login Page/DAlogo' is present

15-03-2024T19:01:43 - [TEST_STEP][PASSED] - setText(findTestObject("Object Repository/Login Page/Login input field"), "KatalonAdmin"): Text 'KatalonAdmin' is set on object 'Object Repository/Login Page/Login input field'

15-03-2024T19:01:43 - [MESSAGE][PASSED] - Text 'KatalonAdmin' is set on object 'Object Repository/Login Page/Login input field'

15-03-2024T19:01:43 - [TEST_STEP][PASSED] - setEncryptedText(findTestObject("Object Repository/Login Page/Password input field"), "4nvbrPglk7k="): Text ****** has been set on object 'Object Repository/Login Page/Password input field'

15-03-2024T19:01:44 - [MESSAGE][PASSED] - Text ****** has been set on object 'Object Repository/Login Page/Password input field'

15-03-2024T19:01:44 - [TEST_STEP][PASSED] - click(findTestObject("Object Repository/Login Page/button_Log in")): Object: 'Object Repository/Login Page/button_Log in' is clicked on

15-03-2024T19:01:44 - [MESSAGE][PASSED] - Object: 'Object Repository/Login Page/button_Log in' is clicked on

15-03-2024T19:01:44 - [TEST_STEP][PASSED] - delay(4): Delayed 4 second(s)

15-03-2024T19:01:48 - [MESSAGE][PASSED] - Delayed 4 second(s)

15-03-2024T19:01:48 - [TEST_STEP][PASSED] - takeFullPageScreenshot(): Taking screenshot successfully

15-03-2024T19:01:48 - [MESSAGE][INFO] - 0 hidden object(s)

15-03-2024T19:01:49 - [MESSAGE][PASSED] - Taking screenshot successfully
[[ATTACHMENT|C:\\Users\\Home\\git\\Katalon\\Reports\\20240315_190041\\Publisher\\20240315_190041\\1710518508551.png]]

15-03-2024T19:01:49 - [TEST_STEP][PASSED] - click(findTestObject("Dashboard Page/Profile button")): Object: 'Object Repository/Dashboard Page/Profile button' is clicked on

15-03-2024T19:01:49 - [MESSAGE][PASSED] - Object: 'Object Repository/Dashboard Page/Profile button' is clicked on

15-03-2024T19:01:49 - [TEST_STEP][PASSED] - mouseOver(findTestObject("Dashboard Page/Profile menu-Logout")): Object: 'Object Repository/Dashboard Page/Profile menu-Logout' is hovered

15-03-2024T19:01:50 - [MESSAGE][PASSED] - Object: 'Object Repository/Dashboard Page/Profile menu-Logout' is hovered

15-03-2024T19:01:50 - [TEST_STEP][PASSED] - click(findTestObject("Dashboard Page/Profile menu-Logout")): Object: 'Object Repository/Dashboard Page/Profile menu-Logout' is clicked on

15-03-2024T19:01:50 - [MESSAGE][PASSED] - Object: 'Object Repository/Dashboard Page/Profile menu-Logout' is clicked on

15-03-2024T19:01:50 - [TEST_STEP][PASSED] - setText(findTestObject("Object Repository/Login Page/Login input field"), "Zoya"): Text 'Zoya' is set on object 'Object Repository/Login Page/Login input field'

15-03-2024T19:01:52 - [MESSAGE][PASSED] - Text 'Zoya' is set on object 'Object Repository/Login Page/Login input field'

15-03-2024T19:01:52 - [TEST_STEP][PASSED] - setEncryptedText(findTestObject("Object Repository/Login Page/Password input field"), "tzH6RvlfSTg="): Text ****** has been set on object 'Object Repository/Login Page/Password input field'

15-03-2024T19:01:52 - [MESSAGE][PASSED] - Text ****** has been set on object 'Object Repository/Login Page/Password input field'

15-03-2024T19:01:52 - [TEST_STEP][PASSED] - click(findTestObject("Object Repository/Login Page/button_Log in")): Object: 'Object Repository/Login Page/button_Log in' is clicked on

15-03-2024T19:01:52 - [MESSAGE][PASSED] - Object: 'Object Repository/Login Page/button_Log in' is clicked on]]></system-out>
         <system-err><![CDATA[]]></system-err>
      </testcase>
      <testcase name="Test Cases/Publisher/Delete Publisher (TC-53)" time="11.849" classname="Test Cases/Publisher/Delete Publisher (TC-53)" status="PASSED">
         <system-out><![CDATA[15-03-2024T19:01:55 - [TEST_CASE][PASSED] - Test Cases/Publisher/Delete Publisher (TC-53): Test Cases/Publisher/Delete Publisher (TC-53)

15-03-2024T19:01:55 - [TEST_STEP][PASSED] - click(findTestObject("Publishers/Publishers on the top-menu")): Object: 'Object Repository/Publishers/Publishers on the top-menu' is clicked on

15-03-2024T19:01:55 - [MESSAGE][PASSED] - Object: 'Object Repository/Publishers/Publishers on the top-menu' is clicked on

15-03-2024T19:01:55 - [TEST_STEP][PASSED] - click(findTestObject("Pop-up Alerts page/Search by title field")): Object: 'Object Repository/Pop-up Alerts page/Search by title field' is clicked on

15-03-2024T19:01:56 - [MESSAGE][PASSED] - Object: 'Object Repository/Pop-up Alerts page/Search by title field' is clicked on

15-03-2024T19:01:56 - [TEST_STEP][PASSED] - setText(findTestObject("Pop-up Alerts page/Search by title field"), "KatalonAdmin"): Text 'KatalonAdmin' is set on object 'Object Repository/Pop-up Alerts page/Search by title field'

15-03-2024T19:01:57 - [MESSAGE][PASSED] - Text 'KatalonAdmin' is set on object 'Object Repository/Pop-up Alerts page/Search by title field'

15-03-2024T19:01:57 - [TEST_STEP][PASSED] - delay(5): Delayed 5 second(s)

15-03-2024T19:02:02 - [MESSAGE][PASSED] - Delayed 5 second(s)

15-03-2024T19:02:02 - [TEST_STEP][PASSED] - verifyElementText(findTestObject("Publishers/filtered publisher"), "KatalonAdmin"): Actual text and expected text of test object 'Object Repository/Publishers/filtered publisher' are matched.

15-03-2024T19:02:02 - [MESSAGE][PASSED] - Actual text and expected text of test object 'Object Repository/Publishers/filtered publisher' are matched.

15-03-2024T19:02:02 - [TEST_STEP][PASSED] - callTestCase(findTestCase("Built-in test cases/Select all and Delete"), [:], STOP_ON_FAILURE): Call Test Case 'Test Cases/Built-in test cases/Select all and Delete' successfully

15-03-2024T19:02:02 - [TEST_CASE][PASSED] - Test Cases/Built-in test cases/Select all and Delete: Test Cases/Built-in test cases/Select all and Delete

15-03-2024T19:02:02 - [TEST_STEP][PASSED] - verifyElementClickable(findTestObject("Pop-up Alerts page/Select all checkbox")): Object 'Object Repository/Pop-up Alerts page/Select all checkbox' is clickable

15-03-2024T19:02:02 - [MESSAGE][PASSED] - Object 'Object Repository/Pop-up Alerts page/Select all checkbox' is clickable

15-03-2024T19:02:02 - [TEST_STEP][PASSED] - check(findTestObject("Pop-up Alerts page/Select all checkbox")): Object 'Object Repository/Pop-up Alerts page/Select all checkbox' is checked

15-03-2024T19:02:03 - [MESSAGE][PASSED] - Object 'Object Repository/Pop-up Alerts page/Select all checkbox' is checked

15-03-2024T19:02:03 - [TEST_STEP][PASSED] - verifyElementChecked(findTestObject("Pop-up Alerts page/Select all checkbox"), 1): Object 'Object Repository/Pop-up Alerts page/Select all checkbox' is checked

15-03-2024T19:02:03 - [MESSAGE][PASSED] - Object 'Object Repository/Pop-up Alerts page/Select all checkbox' is checked

15-03-2024T19:02:03 - [TEST_STEP][PASSED] - click(findTestObject("Pop-up Alerts page/delete all")): Object: 'Object Repository/Pop-up Alerts page/delete all' is clicked on

15-03-2024T19:02:04 - [MESSAGE][PASSED] - Object: 'Object Repository/Pop-up Alerts page/delete all' is clicked on

15-03-2024T19:02:04 - [TEST_STEP][PASSED] - click(findTestObject("Pop-up Alerts page/Confirm deletion btn")): Object: 'Object Repository/Pop-up Alerts page/Confirm deletion btn' is clicked on

15-03-2024T19:02:04 - [MESSAGE][PASSED] - Object: 'Object Repository/Pop-up Alerts page/Confirm deletion btn' is clicked on

15-03-2024T19:02:04 - [MESSAGE][PASSED] - Call Test Case 'Test Cases/Built-in test cases/Select all and Delete' successfully]]></system-out>
         <system-err><![CDATA[]]></system-err>
      </testcase>
      <testcase name="Test Cases/Policies/Create Full access policy (TC-54)" time="9.264" classname="Test Cases/Policies/Create Full access policy (TC-54)" status="PASSED">
         <system-out><![CDATA[15-03-2024T19:02:06 - [TEST_CASE][PASSED] - Test Cases/Policies/Create Full access policy (TC-54): Test Cases/Policies/Create Full access policy (TC-54)

15-03-2024T19:02:06 - [TEST_STEP][PASSED] - click(findTestObject("Publishers/Publishers on the top-menu")): Object: 'Object Repository/Publishers/Publishers on the top-menu' is clicked on

15-03-2024T19:02:07 - [MESSAGE][PASSED] - Object: 'Object Repository/Publishers/Publishers on the top-menu' is clicked on

15-03-2024T19:02:07 - [TEST_STEP][PASSED] - click(findTestObject("Publishers/Policies/Policies (left-hand menu)")): Object: 'Object Repository/Publishers/Policies/Policies (left-hand menu)' is clicked on

15-03-2024T19:02:08 - [MESSAGE][PASSED] - Object: 'Object Repository/Publishers/Policies/Policies (left-hand menu)' is clicked on

15-03-2024T19:02:08 - [TEST_STEP][PASSED] - click(findTestObject("Publishers/Policies/Add Policies btn")): Object: 'Object Repository/Publishers/Policies/Add Policies btn' is clicked on

15-03-2024T19:02:09 - [MESSAGE][PASSED] - Object: 'Object Repository/Publishers/Policies/Add Policies btn' is clicked on

15-03-2024T19:02:09 - [TEST_STEP][PASSED] - check(findTestObject("Publishers/Policies/Grant Full Control Checkbox")): Object 'Object Repository/Publishers/Policies/Grant Full Control Checkbox' is checked

15-03-2024T19:02:11 - [MESSAGE][PASSED] - Object 'Object Repository/Publishers/Policies/Grant Full Control Checkbox' is checked

15-03-2024T19:02:11 - [TEST_STEP][PASSED] - verifyElementChecked(findTestObject("Publishers/Policies/Grant Full Control Checkbox"), 2): Object 'Object Repository/Publishers/Policies/Grant Full Control Checkbox' is checked

15-03-2024T19:02:12 - [MESSAGE][PASSED] - Object 'Object Repository/Publishers/Policies/Grant Full Control Checkbox' is checked

15-03-2024T19:02:12 - [TEST_STEP][PASSED] - setText(findTestObject("Publishers/Policies/Policy name"), "FullAccess"): Text 'FullAccess' is set on object 'Object Repository/Publishers/Policies/Policy name'

15-03-2024T19:02:13 - [MESSAGE][PASSED] - Text 'FullAccess' is set on object 'Object Repository/Publishers/Policies/Policy name'

15-03-2024T19:02:13 - [TEST_STEP][PASSED] - scrollToElement(findTestObject("Publishers/Policies/Policy Save btn"), 2): Scroll to object 'Object Repository/Publishers/Policies/Policy Save btn' successfully

15-03-2024T19:02:13 - [MESSAGE][PASSED] - Scroll to object 'Object Repository/Publishers/Policies/Policy Save btn' successfully

15-03-2024T19:02:13 - [TEST_STEP][PASSED] - click(findTestObject("Publishers/Policies/Policy Save btn")): Object: 'Object Repository/Publishers/Policies/Policy Save btn' is clicked on

15-03-2024T19:02:14 - [MESSAGE][PASSED] - Object: 'Object Repository/Publishers/Policies/Policy Save btn' is clicked on]]></system-out>
         <system-err><![CDATA[]]></system-err>
      </testcase>
      <testcase name="Test Cases/Policies/Create a publisher with Full access Policy (TC-55)" time="17.075" classname="Test Cases/Policies/Create a publisher with Full access Policy (TC-55)" status="PASSED">
         <system-out><![CDATA[15-03-2024T19:02:16 - [TEST_CASE][PASSED] - Test Cases/Policies/Create a publisher with Full access Policy (TC-55): Test Cases/Policies/Create a publisher with Full access Policy (TC-55)

15-03-2024T19:02:16 - [TEST_STEP][PASSED] - click(findTestObject("Publishers/Publishers on the top-menu")): Object: 'Object Repository/Publishers/Publishers on the top-menu' is clicked on

15-03-2024T19:02:16 - [MESSAGE][PASSED] - Object: 'Object Repository/Publishers/Publishers on the top-menu' is clicked on

15-03-2024T19:02:16 - [TEST_STEP][NOT_RUN] - click(findTestObject("Publishers/Publisher list left-hand menu")): NOT_RUN: click(findTestObject("Publishers/Publisher list left-hand menu"))

15-03-2024T19:02:16 - [MESSAGE][NOT_RUN] - NOT_RUN: click(findTestObject("Publishers/Publisher list left-hand menu"))

15-03-2024T19:02:16 - [TEST_STEP][PASSED] - click(findTestObject("Publishers/Add Publisher btn")): Object: 'Object Repository/Publishers/Add Publisher btn' is clicked on

15-03-2024T19:02:17 - [MESSAGE][PASSED] - Object: 'Object Repository/Publishers/Add Publisher btn' is clicked on

15-03-2024T19:02:17 - [TEST_STEP][PASSED] - click(findTestObject("Publishers/Publisher name input field")): Object: 'Object Repository/Publishers/Publisher name input field' is clicked on

15-03-2024T19:02:18 - [MESSAGE][PASSED] - Object: 'Object Repository/Publishers/Publisher name input field' is clicked on

15-03-2024T19:02:18 - [TEST_STEP][PASSED] - setText(findTestObject("Publishers/Publisher name input field"), "KatalonPublisher"): Text 'KatalonPublisher' is set on object 'Object Repository/Publishers/Publisher name input field'

15-03-2024T19:02:18 - [MESSAGE][PASSED] - Text 'KatalonPublisher' is set on object 'Object Repository/Publishers/Publisher name input field'

15-03-2024T19:02:18 - [TEST_STEP][PASSED] - click(findTestObject("Publishers/Publisher Password")): Object: 'Object Repository/Publishers/Publisher Password' is clicked on

15-03-2024T19:02:19 - [MESSAGE][PASSED] - Object: 'Object Repository/Publishers/Publisher Password' is clicked on

15-03-2024T19:02:19 - [TEST_STEP][PASSED] - setText(findTestObject("Publishers/Publisher Password"), "123"): Text '123' is set on object 'Object Repository/Publishers/Publisher Password'

15-03-2024T19:02:19 - [MESSAGE][PASSED] - Text '123' is set on object 'Object Repository/Publishers/Publisher Password'

15-03-2024T19:02:19 - [TEST_STEP][PASSED] - click(findTestObject("Publishers/Publisher type drop-down")): Object: 'Object Repository/Publishers/Publisher type drop-down' is clicked on

15-03-2024T19:02:20 - [MESSAGE][PASSED] - Object: 'Object Repository/Publishers/Publisher type drop-down' is clicked on

15-03-2024T19:02:20 - [TEST_STEP][PASSED] - click(findTestObject("Publishers/Publishers type")): Object: 'Object Repository/Publishers/Publishers type' is clicked on

15-03-2024T19:02:20 - [MESSAGE][PASSED] - Object: 'Object Repository/Publishers/Publishers type' is clicked on

15-03-2024T19:02:20 - [TEST_STEP][PASSED] - click(findTestObject("Publishers/Policies/Policies drop-down")): Object: 'Object Repository/Publishers/Policies/Policies drop-down' is clicked on

15-03-2024T19:02:21 - [MESSAGE][PASSED] - Object: 'Object Repository/Publishers/Policies/Policies drop-down' is clicked on

15-03-2024T19:02:21 - [TEST_STEP][PASSED] - testObj = findTestObject("Object Repository/Publishers/Policies/List of policies from drop-down"): null

15-03-2024T19:02:21 - [TEST_STEP][PASSED] - policies = findWebElements(testObj, 10): Found web elements by test object Object Repository/Publishers/Policies/List of policies from drop-down

15-03-2024T19:02:22 - [MESSAGE][PASSED] - Found web elements by test object Object Repository/Publishers/Policies/List of policies from drop-down

15-03-2024T19:02:22 - [TEST_STEP][PASSED] - println(policies.size()): null

15-03-2024T19:02:22 - [TEST_STEP][PASSED] - for (org.openqa.selenium.WebElement el : policies): null

15-03-2024T19:02:22 - [TEST_STEP][PASSED] - println(el.getText()): null

15-03-2024T19:02:22 - [TEST_STEP][PASSED] - if (getText().equals("FullAccess")): null

15-03-2024T19:02:22 - [TEST_STEP][PASSED] - println(el.getText()): null

15-03-2024T19:02:22 - [TEST_STEP][PASSED] - if (getText().equals("FullAccess")): null

15-03-2024T19:02:22 - [TEST_STEP][PASSED] - println(el.getText()): null

15-03-2024T19:02:22 - [TEST_STEP][PASSED] - if (getText().equals("FullAccess")): null

15-03-2024T19:02:22 - [TEST_STEP][PASSED] - println(el.getText()): null

15-03-2024T19:02:22 - [TEST_STEP][PASSED] - if (getText().equals("FullAccess")): null

15-03-2024T19:02:22 - [TEST_STEP][PASSED] - println(el.getText()): null

15-03-2024T19:02:22 - [TEST_STEP][PASSED] - if (getText().equals("FullAccess")): null

15-03-2024T19:02:22 - [TEST_STEP][PASSED] - println(el.getText()): null

15-03-2024T19:02:22 - [TEST_STEP][PASSED] - if (getText().equals("FullAccess")): null

15-03-2024T19:02:22 - [TEST_STEP][PASSED] - println(el.getText()): null

15-03-2024T19:02:22 - [TEST_STEP][PASSED] - if (getText().equals("FullAccess")): null

15-03-2024T19:02:22 - [TEST_STEP][PASSED] - println(el.getText()): null

15-03-2024T19:02:22 - [TEST_STEP][PASSED] - if (getText().equals("FullAccess")): null

15-03-2024T19:02:22 - [TEST_STEP][PASSED] - println(el.getText()): null

15-03-2024T19:02:22 - [TEST_STEP][PASSED] - if (getText().equals("FullAccess")): null

15-03-2024T19:02:22 - [TEST_STEP][PASSED] - el.click(): null

15-03-2024T19:02:22 - [TEST_STEP][PASSED] - break: null

15-03-2024T19:02:22 - [TEST_STEP][PASSED] - click(findTestObject("Publishers/add btn")): Object: 'Object Repository/Publishers/add btn' is clicked on

15-03-2024T19:02:23 - [MESSAGE][PASSED] - Object: 'Object Repository/Publishers/add btn' is clicked on

15-03-2024T19:02:23 - [TEST_STEP][PASSED] - click(findTestObject("Pop-up Alerts page/Search by title field")): Object: 'Object Repository/Pop-up Alerts page/Search by title field' is clicked on

15-03-2024T19:02:24 - [MESSAGE][PASSED] - Object: 'Object Repository/Pop-up Alerts page/Search by title field' is clicked on

15-03-2024T19:02:24 - [TEST_STEP][PASSED] - setText(findTestObject("Pop-up Alerts page/Search by title field"), "KatalonPublisher"): Text 'KatalonPublisher' is set on object 'Object Repository/Pop-up Alerts page/Search by title field'

15-03-2024T19:02:25 - [MESSAGE][PASSED] - Text 'KatalonPublisher' is set on object 'Object Repository/Pop-up Alerts page/Search by title field'

15-03-2024T19:02:25 - [TEST_STEP][PASSED] - delay(5): Delayed 5 second(s)

15-03-2024T19:02:30 - [MESSAGE][PASSED] - Delayed 5 second(s)

15-03-2024T19:02:30 - [TEST_STEP][PASSED] - verifyElementText(findTestObject("Publishers/filtered publisher"), "KatalonPublisher"): Actual text and expected text of test object 'Object Repository/Publishers/filtered publisher' are matched.

15-03-2024T19:02:30 - [MESSAGE][PASSED] - Actual text and expected text of test object 'Object Repository/Publishers/filtered publisher' are matched.

15-03-2024T19:02:30 - [TEST_STEP][PASSED] - verifyElementPresent(findTestObject("Publishers/Enabled status"), 2): Object 'Object Repository/Publishers/Enabled status' is present

15-03-2024T19:02:31 - [MESSAGE][PASSED] - Object 'Object Repository/Publishers/Enabled status' is present]]></system-out>
         <system-err><![CDATA[]]></system-err>
      </testcase>
      <system-out><![CDATA[15-03-2024T19:00:45 - [TEST_SUITE][PASSED] - Publisher: Test Cases/Policies/Create a publisher with Full access Policy (TC-55)]]></system-out>
      <system-err><![CDATA[]]></system-err>
   </testsuite>
</testsuites>
