<?xml version="1.0" encoding="UTF-8"?>
<testsuites name="RSVP Alert" time="39.693" tests="2" failures="0" errors="0">
   <testsuite name="RSVP Alert" tests="2" failures="0" errors="0" time="39.693" skipped="0" timestamp="2024-01-29 09:33:47" hostname="Home - 169.254.43.143" id="Test Suites/RSVP Alert">
      <properties>
         <property name="deviceName" value=""/>
         <property name="devicePlatform" value=""/>
         <property name="logFolder" value="C:\\Users\\Home\\git\\Katalon\\Reports\\20240129_093343\\RSVP Alert\\20240129_093344"/>
         <property name="logFiles" value="C:\\Users\\Home\\git\\Katalon\\Reports\\20240129_093343\\RSVP Alert\\20240129_093344\\execution0.log"/>
         <property name="attachments" value=""/>
         <property name="hostName" value="Home - 169.254.43.143"/>
         <property name="os" value="Windows 11 64bit"/>
         <property name="katalonVersion" value="9.0.0.212"/>
         <property name="browser" value="Chrome 120.0.0.0"/>
         <property name="hostAddress" value="169.254.43.143"/>
         <property name="sessionId" value="056c21b57fbd4c7ad2241f7c3d0c483d"/>
         <property name="seleniumVersion" value="3.141.59"/>
         <property name="proxyInformation" value="ProxyInformation { proxyOption=NO_PROXY, proxyServerType=HTTP, username=, password=********, proxyServerAddress=, proxyServerPort=0, executionList=&quot;&quot;, isApplyToDesiredCapabilities=true }"/>
         <property name="platform" value="Windows 11"/>
      </properties>
      <testcase name="Test Cases/RSVP/Send RSVP (TC-12)" time="24.99" classname="Test Cases/RSVP/Send RSVP (TC-12)" status="PASSED">
         <system-out><![CDATA[2024-01-29 09:33:48 - [TEST_CASE][PASSED] - Test Cases/RSVP/Send RSVP (TC-12): Test Cases/RSVP/Send RSVP (TC-12)

2024-01-29 09:33:48 - [TEST_STEP][PASSED] - callTestCase(findTestCase("Login Test Cases/Login with Valid Credentials"), [:], STOP_ON_FAILURE): Call Test Case 'Test Cases/Login Test Cases/Login with Valid Credentials' successfully

2024-01-29 09:33:48 - [TEST_CASE][PASSED] - Test Cases/Login Test Cases/Login with Valid Credentials: Test Cases/Login Test Cases/Login with Valid Credentials

2024-01-29 09:33:48 - [TEST_STEP][PASSED] - openBrowser(""): Browser is opened with url: ''

2024-01-29 09:33:48 - [MESSAGE][INFO] - Starting 'Chrome' driver

2024-01-29 09:33:48 - [MESSAGE][INFO] - Action delay is set to 0 milliseconds

2024-01-29 09:33:49 - [MESSAGE][PASSED] - Browser is opened with url: ''

2024-01-29 09:33:49 - [TEST_STEP][PASSED] - navigateToUrl("https://dadebug.commclouds.com/Demo/admin/auth"): Navigate to 'https://dadebug.commclouds.com/Demo/admin/auth' successfully

2024-01-29 09:33:50 - [MESSAGE][PASSED] - Navigate to 'https://dadebug.commclouds.com/Demo/admin/auth' successfully

2024-01-29 09:33:50 - [TEST_STEP][PASSED] - waitForPageLoad(3): Wait for page load successfully

2024-01-29 09:33:50 - [MESSAGE][PASSED] - Wait for page load successfully

2024-01-29 09:33:50 - [TEST_STEP][PASSED] - maximizeWindow(): Current window maximized

2024-01-29 09:33:51 - [MESSAGE][PASSED] - Current window maximized

2024-01-29 09:33:51 - [TEST_STEP][PASSED] - verifyElementPresent(findTestObject("Login Page/DAlogo"), 2): Object 'Object Repository/Login Page/DAlogo' is present

2024-01-29 09:33:52 - [MESSAGE][PASSED] - Object 'Object Repository/Login Page/DAlogo' is present

2024-01-29 09:33:52 - [TEST_STEP][PASSED] - verifyElementPresent(findTestObject("Login Page/Version number"), 2): Object 'Object Repository/Login Page/Version number' is present

2024-01-29 09:33:52 - [MESSAGE][PASSED] - Object 'Object Repository/Login Page/Version number' is present

2024-01-29 09:33:52 - [TEST_STEP][PASSED] - verifyElementText(findTestObject("Login Page/Version number"), "Version: 11.3.0.6"): Actual text and expected text of test object 'Object Repository/Login Page/Version number' are matched.

2024-01-29 09:33:52 - [MESSAGE][PASSED] - Actual text and expected text of test object 'Object Repository/Login Page/Version number' are matched.

2024-01-29 09:33:52 - [TEST_STEP][PASSED] - setText(findTestObject("Object Repository/Login Page/Login input field"), "Zoya"): Text 'Zoya' is set on object 'Object Repository/Login Page/Login input field'

2024-01-29 09:33:53 - [MESSAGE][PASSED] - Text 'Zoya' is set on object 'Object Repository/Login Page/Login input field'

2024-01-29 09:33:53 - [TEST_STEP][PASSED] - setEncryptedText(findTestObject("Object Repository/Login Page/Password input field"), "tzH6RvlfSTg="): Text ****** has been set on object 'Object Repository/Login Page/Password input field'

2024-01-29 09:33:53 - [MESSAGE][PASSED] - Text ****** has been set on object 'Object Repository/Login Page/Password input field'

2024-01-29 09:33:53 - [TEST_STEP][PASSED] - click(findTestObject("Object Repository/Login Page/button_Log in")): Object: 'Object Repository/Login Page/button_Log in' is clicked on

2024-01-29 09:33:53 - [MESSAGE][PASSED] - Object: 'Object Repository/Login Page/button_Log in' is clicked on

2024-01-29 09:33:53 - [TEST_STEP][PASSED] - delay(4): Delayed 4 second(s)

2024-01-29 09:33:57 - [MESSAGE][PASSED] - Delayed 4 second(s)

2024-01-29 09:33:57 - [TEST_STEP][PASSED] - verifyElementPresent(findTestObject("Object Repository/Login Page/h1_Dashboard"), 4): Object 'Object Repository/Login Page/h1_Dashboard' is present

2024-01-29 09:33:58 - [MESSAGE][PASSED] - Object 'Object Repository/Login Page/h1_Dashboard' is present

2024-01-29 09:33:58 - [MESSAGE][PASSED] - Call Test Case 'Test Cases/Login Test Cases/Login with Valid Credentials' successfully

2024-01-29 09:33:58 - [TEST_STEP][PASSED] - click(findTestObject("Dashboard Page/Compose alert button expansion")): Object: 'Object Repository/Dashboard Page/Compose alert button expansion' is clicked on

2024-01-29 09:33:58 - [MESSAGE][PASSED] - Object: 'Object Repository/Dashboard Page/Compose alert button expansion' is clicked on

2024-01-29 09:33:58 - [TEST_STEP][PASSED] - click(findTestObject("Dashboard Page/RSVP")): Object: 'Object Repository/Dashboard Page/RSVP' is clicked on

2024-01-29 09:33:58 - [MESSAGE][PASSED] - Object: 'Object Repository/Dashboard Page/RSVP' is clicked on

2024-01-29 09:33:58 - [TEST_STEP][PASSED] - verifyElementText(findTestObject("Create RSVP/Create RSVP Alert Header"), "Create RSVP Alert"): Actual text and expected text of test object 'Object Repository/Create RSVP/Create RSVP Alert Header' are matched.

2024-01-29 09:34:00 - [MESSAGE][PASSED] - Actual text and expected text of test object 'Object Repository/Create RSVP/Create RSVP Alert Header' are matched.

2024-01-29 09:34:00 - [TEST_STEP][PASSED] - click(findTestObject("Create Pop-up Alert Page/More button")): Object: 'Object Repository/Create Pop-up Alert Page/More button' is clicked on

2024-01-29 09:34:01 - [MESSAGE][PASSED] - Object: 'Object Repository/Create Pop-up Alert Page/More button' is clicked on

2024-01-29 09:34:01 - [TEST_STEP][PASSED] - click(findTestObject("Create Pop-up Alert Page/Choose recipients modal window/Filter field")): Object: 'Object Repository/Create Pop-up Alert Page/Choose recipients modal window/Filter field' is clicked on

2024-01-29 09:34:01 - [MESSAGE][PASSED] - Object: 'Object Repository/Create Pop-up Alert Page/Choose recipients modal window/Filter field' is clicked on

2024-01-29 09:34:01 - [TEST_STEP][PASSED] - setText(findTestObject("Create Pop-up Alert Page/Choose recipients modal window/Filter field"), "LAPTOP-E6BU4LL9"): Text 'LAPTOP-E6BU4LL9' is set on object 'Object Repository/Create Pop-up Alert Page/Choose recipients modal window/Filter field'

2024-01-29 09:34:02 - [MESSAGE][PASSED] - Text 'LAPTOP-E6BU4LL9' is set on object 'Object Repository/Create Pop-up Alert Page/Choose recipients modal window/Filter field'

2024-01-29 09:34:02 - [TEST_STEP][PASSED] - verifyElementText(findTestObject("Create Pop-up Alert Page/Choose recipients modal window/All user list-filtered"), "LAPTOP-E6BU4LL9 "): Actual text and expected text of test object 'Object Repository/Create Pop-up Alert Page/Choose recipients modal window/All user list-filtered' are matched.

2024-01-29 09:34:04 - [MESSAGE][PASSED] - Actual text and expected text of test object 'Object Repository/Create Pop-up Alert Page/Choose recipients modal window/All user list-filtered' are matched.

2024-01-29 09:34:04 - [TEST_STEP][PASSED] - click(findTestObject("Create Pop-up Alert Page/Choose recipients modal window/filtered user selection")): Object: 'Object Repository/Create Pop-up Alert Page/Choose recipients modal window/filtered user selection' is clicked on

2024-01-29 09:34:04 - [MESSAGE][PASSED] - Object: 'Object Repository/Create Pop-up Alert Page/Choose recipients modal window/filtered user selection' is clicked on

2024-01-29 09:34:04 - [TEST_STEP][PASSED] - verifyElementPresent(findTestObject("Create Pop-up Alert Page/Choose recipients modal window/Choosen users filtered"), 2): Object 'Object Repository/Create Pop-up Alert Page/Choose recipients modal window/Choosen users filtered' is present

2024-01-29 09:34:05 - [MESSAGE][PASSED] - Object 'Object Repository/Create Pop-up Alert Page/Choose recipients modal window/Choosen users filtered' is present

2024-01-29 09:34:05 - [TEST_STEP][PASSED] - click(findTestObject("Create Pop-up Alert Page/Choose recipients modal window/Done button")): Object: 'Object Repository/Create Pop-up Alert Page/Choose recipients modal window/Done button' is clicked on

2024-01-29 09:34:05 - [MESSAGE][PASSED] - Object: 'Object Repository/Create Pop-up Alert Page/Choose recipients modal window/Done button' is clicked on

2024-01-29 09:34:05 - [TEST_STEP][PASSED] - setText(findTestObject("Create Pop-up Alert Page/Alert Title field"), "TC-12"): Text 'TC-12' is set on object 'Object Repository/Create Pop-up Alert Page/Alert Title field'

2024-01-29 09:34:06 - [MESSAGE][PASSED] - Text 'TC-12' is set on object 'Object Repository/Create Pop-up Alert Page/Alert Title field'

2024-01-29 09:34:06 - [TEST_STEP][PASSED] - switchToFrame(findTestObject("Create Pop-up Alert Page/Alert body iframe"), 2): null

2024-01-29 09:34:06 - [TEST_STEP][PASSED] - setText(findTestObject("Create Pop-up Alert Page/Alert body"), "Hello! This is automated RSVP alert from Katalon"): Text 'Hello! This is automated RSVP alert from Katalon' is set on object 'Object Repository/Create Pop-up Alert Page/Alert body'

2024-01-29 09:34:07 - [MESSAGE][PASSED] - Text 'Hello! This is automated RSVP alert from Katalon' is set on object 'Object Repository/Create Pop-up Alert Page/Alert body'

2024-01-29 09:34:07 - [TEST_STEP][PASSED] - switchToDefaultContent(): null

2024-01-29 09:34:07 - [TEST_STEP][PASSED] - setText(findTestObject("Create RSVP/Question 1 title input"), "What drink do You prefer?"): Text 'What drink do You prefer?' is set on object 'Object Repository/Create RSVP/Question 1 title input'

2024-01-29 09:34:08 - [MESSAGE][PASSED] - Text 'What drink do You prefer?' is set on object 'Object Repository/Create RSVP/Question 1 title input'

2024-01-29 09:34:08 - [TEST_STEP][PASSED] - setText(findTestObject("Create RSVP/Answer 1 input"), "Tea"): Text 'Tea' is set on object 'Object Repository/Create RSVP/Answer 1 input'

2024-01-29 09:34:08 - [MESSAGE][PASSED] - Text 'Tea' is set on object 'Object Repository/Create RSVP/Answer 1 input'

2024-01-29 09:34:08 - [TEST_STEP][PASSED] - setText(findTestObject("Create RSVP/Answer 2 input"), "Coffee"): Text 'Coffee' is set on object 'Object Repository/Create RSVP/Answer 2 input'

2024-01-29 09:34:09 - [MESSAGE][PASSED] - Text 'Coffee' is set on object 'Object Repository/Create RSVP/Answer 2 input'

2024-01-29 09:34:09 - [TEST_STEP][PASSED] - check(findTestObject("Create RSVP/Question 2 switch")): Object 'Object Repository/Create RSVP/Question 2 switch' is checked

2024-01-29 09:34:09 - [MESSAGE][PASSED] - Object 'Object Repository/Create RSVP/Question 2 switch' is checked

2024-01-29 09:34:09 - [TEST_STEP][PASSED] - verifyElementChecked(findTestObject("Create RSVP/Question 2 switch"), 1): Object 'Object Repository/Create RSVP/Question 2 switch' is checked

2024-01-29 09:34:10 - [MESSAGE][PASSED] - Object 'Object Repository/Create RSVP/Question 2 switch' is checked

2024-01-29 09:34:10 - [TEST_STEP][PASSED] - setText(findTestObject("Create RSVP/Question 2 title input"), "Why?"): Text 'Why?' is set on object 'Object Repository/Create RSVP/Question 2 title input'

2024-01-29 09:34:10 - [MESSAGE][PASSED] - Text 'Why?' is set on object 'Object Repository/Create RSVP/Question 2 title input'

2024-01-29 09:34:10 - [TEST_STEP][PASSED] - click(findTestObject("Create Pop-up Alert Page/Send button")): Object: 'Object Repository/Create Pop-up Alert Page/Send button' is clicked on

2024-01-29 09:34:11 - [MESSAGE][PASSED] - Object: 'Object Repository/Create Pop-up Alert Page/Send button' is clicked on

2024-01-29 09:34:11 - [TEST_STEP][PASSED] - waitForPageLoad(2): Wait for page load successfully

2024-01-29 09:34:11 - [MESSAGE][PASSED] - Wait for page load successfully

2024-01-29 09:34:11 - [TEST_STEP][PASSED] - setText(findTestObject("Pop-up Alerts page/Search by title field"), "TC-12"): Text 'TC-12' is set on object 'Object Repository/Pop-up Alerts page/Search by title field'

2024-01-29 09:34:12 - [MESSAGE][PASSED] - Text 'TC-12' is set on object 'Object Repository/Pop-up Alerts page/Search by title field'

2024-01-29 09:34:12 - [TEST_STEP][PASSED] - verifyElementText(findTestObject("Pop-up Alerts page/Filtered sent alert"), "TC-12"): Actual text and expected text of test object 'Object Repository/Pop-up Alerts page/Filtered sent alert' are matched.

2024-01-29 09:34:13 - [MESSAGE][PASSED] - Actual text and expected text of test object 'Object Repository/Pop-up Alerts page/Filtered sent alert' are matched.]]></system-out>
         <system-err><![CDATA[]]></system-err>
      </testcase>
      <testcase name="Test Cases/RSVP/RSVP template creation (TC-13)" time="14.564" classname="Test Cases/RSVP/RSVP template creation (TC-13)" status="PASSED">
         <system-out><![CDATA[2024-01-29 09:34:13 - [TEST_CASE][PASSED] - Test Cases/RSVP/RSVP template creation (TC-13): Test Cases/RSVP/RSVP template creation (TC-13)

2024-01-29 09:34:13 - [TEST_STEP][PASSED] - click(findTestObject("Dashboard Page/Left-hand menu_RSVP")): Object: 'Object Repository/Dashboard Page/Left-hand menu_RSVP' is clicked on

2024-01-29 09:34:14 - [MESSAGE][PASSED] - Object: 'Object Repository/Dashboard Page/Left-hand menu_RSVP' is clicked on

2024-01-29 09:34:14 - [TEST_STEP][PASSED] - click(findTestObject("Create RSVP/RSVP templates tab")): Object: 'Object Repository/Create RSVP/RSVP templates tab' is clicked on

2024-01-29 09:34:14 - [MESSAGE][PASSED] - Object: 'Object Repository/Create RSVP/RSVP templates tab' is clicked on

2024-01-29 09:34:14 - [TEST_STEP][PASSED] - click(findTestObject("Create RSVP/New Template RSVP")): Object: 'Object Repository/Create RSVP/New Template RSVP' is clicked on

2024-01-29 09:34:15 - [MESSAGE][PASSED] - Object: 'Object Repository/Create RSVP/New Template RSVP' is clicked on

2024-01-29 09:34:15 - [TEST_STEP][PASSED] - setText(findTestObject("Create RSVP/RSVP template title"), "TC-13"): Text 'TC-13' is set on object 'Object Repository/Create RSVP/RSVP template title'

2024-01-29 09:34:17 - [MESSAGE][PASSED] - Text 'TC-13' is set on object 'Object Repository/Create RSVP/RSVP template title'

2024-01-29 09:34:17 - [TEST_STEP][PASSED] - switchToFrame(findTestObject("Create Pop-up Alert Page/Alert body iframe"), 1): null

2024-01-29 09:34:17 - [TEST_STEP][PASSED] - setText(findTestObject("Create Pop-up Alert Page/Alert body"), "Hello! This is automated RSVP template from Katalon"): Text 'Hello! This is automated RSVP template from Katalon' is set on object 'Object Repository/Create Pop-up Alert Page/Alert body'

2024-01-29 09:34:17 - [MESSAGE][PASSED] - Text 'Hello! This is automated RSVP template from Katalon' is set on object 'Object Repository/Create Pop-up Alert Page/Alert body'

2024-01-29 09:34:17 - [TEST_STEP][PASSED] - switchToDefaultContent(): null

2024-01-29 09:34:17 - [TEST_STEP][PASSED] - setText(findTestObject("Create RSVP/Question 1 title input"), "What is your favorite movie?"): Text 'What is your favorite movie?' is set on object 'Object Repository/Create RSVP/Question 1 title input'

2024-01-29 09:34:18 - [MESSAGE][PASSED] - Text 'What is your favorite movie?' is set on object 'Object Repository/Create RSVP/Question 1 title input'

2024-01-29 09:34:18 - [TEST_STEP][PASSED] - setText(findTestObject("Create RSVP/Answer 1 input"), "Harry Potter"): Text 'Harry Potter' is set on object 'Object Repository/Create RSVP/Answer 1 input'

2024-01-29 09:34:19 - [MESSAGE][PASSED] - Text 'Harry Potter' is set on object 'Object Repository/Create RSVP/Answer 1 input'

2024-01-29 09:34:19 - [TEST_STEP][PASSED] - setText(findTestObject("Create RSVP/Answer 2 input"), "Kill Bill"): Text 'Kill Bill' is set on object 'Object Repository/Create RSVP/Answer 2 input'

2024-01-29 09:34:20 - [MESSAGE][PASSED] - Text 'Kill Bill' is set on object 'Object Repository/Create RSVP/Answer 2 input'

2024-01-29 09:34:20 - [TEST_STEP][PASSED] - check(findTestObject("Create RSVP/Question 2 switch")): Object 'Object Repository/Create RSVP/Question 2 switch' is checked

2024-01-29 09:34:21 - [MESSAGE][PASSED] - Object 'Object Repository/Create RSVP/Question 2 switch' is checked

2024-01-29 09:34:21 - [TEST_STEP][PASSED] - verifyElementChecked(findTestObject("Create RSVP/Question 2 switch"), 1): Object 'Object Repository/Create RSVP/Question 2 switch' is checked

2024-01-29 09:34:21 - [MESSAGE][PASSED] - Object 'Object Repository/Create RSVP/Question 2 switch' is checked

2024-01-29 09:34:21 - [TEST_STEP][PASSED] - setText(findTestObject("Create RSVP/Question 2 title input"), "Why?"): Text 'Why?' is set on object 'Object Repository/Create RSVP/Question 2 title input'

2024-01-29 09:34:22 - [MESSAGE][PASSED] - Text 'Why?' is set on object 'Object Repository/Create RSVP/Question 2 title input'

2024-01-29 09:34:22 - [TEST_STEP][PASSED] - click(findTestObject("Create RSVP/RSVP template Save button")): Object: 'Object Repository/Create RSVP/RSVP template Save button' is clicked on

2024-01-29 09:34:23 - [MESSAGE][PASSED] - Object: 'Object Repository/Create RSVP/RSVP template Save button' is clicked on

2024-01-29 09:34:23 - [TEST_STEP][PASSED] - click(findTestObject("Create RSVP/RSVP templates tab")): Object: 'Object Repository/Create RSVP/RSVP templates tab' is clicked on

2024-01-29 09:34:24 - [MESSAGE][PASSED] - Object: 'Object Repository/Create RSVP/RSVP templates tab' is clicked on

2024-01-29 09:34:24 - [TEST_STEP][PASSED] - setText(findTestObject("Pop-up Alerts page/Search by title field"), "TC-13"): Text 'TC-13' is set on object 'Object Repository/Pop-up Alerts page/Search by title field'

2024-01-29 09:34:25 - [MESSAGE][PASSED] - Text 'TC-13' is set on object 'Object Repository/Pop-up Alerts page/Search by title field'

2024-01-29 09:34:25 - [TEST_STEP][PASSED] - delay(2): Delayed 2 second(s)

2024-01-29 09:34:27 - [MESSAGE][PASSED] - Delayed 2 second(s)

2024-01-29 09:34:27 - [TEST_STEP][PASSED] - verifyElementText(findTestObject("Create RSVP/Filtered RSVP template"), "TC-13"): Actual text and expected text of test object 'Object Repository/Create RSVP/Filtered RSVP template' are matched.

2024-01-29 09:34:27 - [MESSAGE][PASSED] - Actual text and expected text of test object 'Object Repository/Create RSVP/Filtered RSVP template' are matched.]]></system-out>
         <system-err><![CDATA[]]></system-err>
      </testcase>
      <system-out><![CDATA[2024-01-29 09:33:47 - [TEST_SUITE][PASSED] - RSVP Alert: Test Cases/RSVP/RSVP template creation (TC-13)]]></system-out>
      <system-err><![CDATA[]]></system-err>
   </testsuite>
</testsuites>
