<?xml version="1.0" encoding="UTF-8"?>
<testsuites name="Wallpapers" time="722.654" tests="6" failures="0" errors="0">
   <testsuite name="Wallpapers" tests="6" failures="0" errors="0" time="722.654" skipped="0" timestamp="2024-02-02 20:57:09" hostname="Home - 169.254.43.143" id="Test Suites/Wallpapers">
      <properties>
         <property name="deviceName" value=""/>
         <property name="devicePlatform" value=""/>
         <property name="logFolder" value="C:\\Users\\Home\\git\\Katalon\\Reports\\20240202_205057\\Wallpapers\\20240202_205104"/>
         <property name="logFiles" value="C:\\Users\\Home\\git\\Katalon\\Reports\\20240202_205057\\Wallpapers\\20240202_205104\\execution0.log"/>
         <property name="attachments" value="C:\\Users\\Home\\git\\Katalon\\Reports\\20240202_205057\\Wallpapers\\20240202_205104\\1706896634747.png, C:\\Users\\Home\\git\\Katalon\\Reports\\20240202_205057\\Wallpapers\\20240202_205104\\1706896634892.png, C:\\Users\\Home\\git\\Katalon\\Reports\\20240202_205057\\Wallpapers\\20240202_205104\\1706897060089.png"/>
         <property name="hostName" value="Home - 169.254.43.143"/>
         <property name="os" value="Windows 11 64bit"/>
         <property name="katalonVersion" value="9.0.0.212"/>
         <property name="browser" value="Chrome 120.0.0.0"/>
         <property name="hostAddress" value="169.254.43.143"/>
         <property name="sessionId" value="5f5470f143273831541dc659682d06f6"/>
         <property name="seleniumVersion" value="3.141.59"/>
         <property name="proxyInformation" value="ProxyInformation { proxyOption=NO_PROXY, proxyServerType=HTTP, username=, password=********, proxyServerAddress=, proxyServerPort=0, executionList=&quot;&quot;, isApplyToDesiredCapabilities=true }"/>
         <property name="platform" value="Windows 11"/>
      </properties>
      <testcase name="Test Cases/Login Test Cases/Login with Valid Credentials" time="11.041" classname="Test Cases/Login Test Cases/Login with Valid Credentials" status="PASSED">
         <system-out><![CDATA[2024-02-02 20:57:17 - [TEST_CASE][PASSED] - Test Cases/Login Test Cases/Login with Valid Credentials: Test Cases/Login Test Cases/Login with Valid Credentials

2024-02-02 20:57:17 - [TEST_STEP][PASSED] - openBrowser(""): Browser is opened with url: ''

2024-02-02 20:57:17 - [MESSAGE][WARNING] - A browser is already opened. Closing browser and opening a new one

2024-02-02 20:57:17 - [MESSAGE][INFO] - Starting 'Chrome' driver

2024-02-02 20:57:17 - [MESSAGE][INFO] - Action delay is set to 0 milliseconds

2024-02-02 20:57:17 - [MESSAGE][PASSED] - Browser is opened with url: ''

2024-02-02 20:57:17 - [TEST_STEP][PASSED] - navigateToUrl("https://dadebug.commclouds.com/Demo/admin/auth"): Navigate to 'https://dadebug.commclouds.com/Demo/admin/auth' successfully

2024-02-02 20:57:18 - [MESSAGE][PASSED] - Navigate to 'https://dadebug.commclouds.com/Demo/admin/auth' successfully

2024-02-02 20:57:18 - [TEST_STEP][PASSED] - waitForPageLoad(3): Wait for page load successfully

2024-02-02 20:57:18 - [MESSAGE][PASSED] - Wait for page load successfully

2024-02-02 20:57:18 - [TEST_STEP][PASSED] - maximizeWindow(): Current window maximized

2024-02-02 20:57:18 - [MESSAGE][PASSED] - Current window maximized

2024-02-02 20:57:18 - [TEST_STEP][PASSED] - verifyElementPresent(findTestObject("Login Page/DAlogo"), 2): Object 'Object Repository/Login Page/DAlogo' is present

2024-02-02 20:57:19 - [MESSAGE][PASSED] - Object 'Object Repository/Login Page/DAlogo' is present

2024-02-02 20:57:19 - [TEST_STEP][PASSED] - verifyElementPresent(findTestObject("Login Page/Version number"), 2): Object 'Object Repository/Login Page/Version number' is present

2024-02-02 20:57:20 - [MESSAGE][PASSED] - Object 'Object Repository/Login Page/Version number' is present

2024-02-02 20:57:20 - [TEST_STEP][PASSED] - verifyElementText(findTestObject("Login Page/Version number"), "Version: 11.3.0.6"): Actual text and expected text of test object 'Object Repository/Login Page/Version number' are matched.

2024-02-02 20:57:20 - [MESSAGE][PASSED] - Actual text and expected text of test object 'Object Repository/Login Page/Version number' are matched.

2024-02-02 20:57:20 - [TEST_STEP][PASSED] - setText(findTestObject("Object Repository/Login Page/Login input field"), "Zoya"): Text 'Zoya' is set on object 'Object Repository/Login Page/Login input field'

2024-02-02 20:57:21 - [MESSAGE][PASSED] - Text 'Zoya' is set on object 'Object Repository/Login Page/Login input field'

2024-02-02 20:57:21 - [TEST_STEP][PASSED] - setEncryptedText(findTestObject("Object Repository/Login Page/Password input field"), "tzH6RvlfSTg="): Text ****** has been set on object 'Object Repository/Login Page/Password input field'

2024-02-02 20:57:21 - [MESSAGE][PASSED] - Text ****** has been set on object 'Object Repository/Login Page/Password input field'

2024-02-02 20:57:21 - [TEST_STEP][PASSED] - click(findTestObject("Object Repository/Login Page/button_Log in")): Object: 'Object Repository/Login Page/button_Log in' is clicked on

2024-02-02 20:57:21 - [MESSAGE][PASSED] - Object: 'Object Repository/Login Page/button_Log in' is clicked on

2024-02-02 20:57:21 - [TEST_STEP][PASSED] - delay(4): Delayed 4 second(s)

2024-02-02 20:57:25 - [MESSAGE][PASSED] - Delayed 4 second(s)

2024-02-02 20:57:25 - [TEST_STEP][PASSED] - verifyElementPresent(findTestObject("Object Repository/Login Page/h1_Dashboard"), 4): Object 'Object Repository/Login Page/h1_Dashboard' is present

2024-02-02 20:57:26 - [MESSAGE][PASSED] - Object 'Object Repository/Login Page/h1_Dashboard' is present]]></system-out>
         <system-err><![CDATA[]]></system-err>
      </testcase>
      <testcase name="Test Cases/Wallpapers/Send Wallpaper JPG (TC-15)" time="102.754" classname="Test Cases/Wallpapers/Send Wallpaper JPG (TC-15)" status="PASSED">
         <system-out><![CDATA[2024-02-02 20:57:28 - [TEST_CASE][PASSED] - Test Cases/Wallpapers/Send Wallpaper JPG (TC-15): Test Cases/Wallpapers/Send Wallpaper JPG (TC-15)

2024-02-02 20:57:28 - [TEST_STEP][PASSED] - click(findTestObject("Dashboard Page/Compose alert button expansion")): Object: 'Object Repository/Dashboard Page/Compose alert button expansion' is clicked on

2024-02-02 20:57:28 - [MESSAGE][PASSED] - Object: 'Object Repository/Dashboard Page/Compose alert button expansion' is clicked on

2024-02-02 20:57:28 - [TEST_STEP][PASSED] - click(findTestObject("Dashboard Page/Wallpapers")): Object: 'Object Repository/Dashboard Page/Wallpapers' is clicked on

2024-02-02 20:57:29 - [MESSAGE][PASSED] - Object: 'Object Repository/Dashboard Page/Wallpapers' is clicked on

2024-02-02 20:57:29 - [TEST_STEP][PASSED] - verifyElementText(findTestObject("Wallpapers/Create Wallpaper Header"), "Create Wallpaper"): Actual text and expected text of test object 'Object Repository/Wallpapers/Create Wallpaper Header' are matched.

2024-02-02 20:57:29 - [MESSAGE][PASSED] - Actual text and expected text of test object 'Object Repository/Wallpapers/Create Wallpaper Header' are matched.

2024-02-02 20:57:29 - [TEST_STEP][PASSED] - refresh(): Refresh successfully

2024-02-02 20:57:29 - [MESSAGE][PASSED] - Refresh successfully

2024-02-02 20:57:29 - [TEST_STEP][PASSED] - click(findTestObject("Wallpapers/more")): Object: 'Object Repository/Wallpapers/more' is clicked on

2024-02-02 20:57:30 - [MESSAGE][PASSED] - Object: 'Object Repository/Wallpapers/more' is clicked on

2024-02-02 20:57:30 - [TEST_STEP][PASSED] - click(findTestObject("Create Pop-up Alert Page/Choose recipients modal window/Filter field")): Object: 'Object Repository/Create Pop-up Alert Page/Choose recipients modal window/Filter field' is clicked on

2024-02-02 20:57:31 - [MESSAGE][PASSED] - Object: 'Object Repository/Create Pop-up Alert Page/Choose recipients modal window/Filter field' is clicked on

2024-02-02 20:57:31 - [TEST_STEP][PASSED] - setText(findTestObject("Create Pop-up Alert Page/Choose recipients modal window/Filter field"), "LAPTOP-E6BU4LL9"): Text 'LAPTOP-E6BU4LL9' is set on object 'Object Repository/Create Pop-up Alert Page/Choose recipients modal window/Filter field'

2024-02-02 20:57:32 - [MESSAGE][PASSED] - Text 'LAPTOP-E6BU4LL9' is set on object 'Object Repository/Create Pop-up Alert Page/Choose recipients modal window/Filter field'

2024-02-02 20:57:32 - [TEST_STEP][PASSED] - verifyElementText(findTestObject("Create Pop-up Alert Page/Choose recipients modal window/All user list-filtered"), "LAPTOP-E6BU4LL9 "): Actual text and expected text of test object 'Object Repository/Create Pop-up Alert Page/Choose recipients modal window/All user list-filtered' are matched.

2024-02-02 20:57:33 - [MESSAGE][PASSED] - Actual text and expected text of test object 'Object Repository/Create Pop-up Alert Page/Choose recipients modal window/All user list-filtered' are matched.

2024-02-02 20:57:33 - [TEST_STEP][PASSED] - click(findTestObject("Create Pop-up Alert Page/Choose recipients modal window/filtered user selection")): Object: 'Object Repository/Create Pop-up Alert Page/Choose recipients modal window/filtered user selection' is clicked on

2024-02-02 20:57:34 - [MESSAGE][PASSED] - Object: 'Object Repository/Create Pop-up Alert Page/Choose recipients modal window/filtered user selection' is clicked on

2024-02-02 20:57:34 - [TEST_STEP][NOT_RUN] - verifyElementPresent(findTestObject("Create Pop-up Alert Page/Choose recipients modal window/Choosen users filtered"), 2): NOT_RUN: verifyElementPresent(findTestObject("Create Pop-up Alert Page/Choose recipients modal window/Choosen users filtered"), 2)

2024-02-02 20:57:34 - [MESSAGE][NOT_RUN] - NOT_RUN: verifyElementPresent(findTestObject("Create Pop-up Alert Page/Choose recipients modal window/Choosen users filtered"), 2)

2024-02-02 20:57:34 - [TEST_STEP][PASSED] - click(findTestObject("Wallpapers/Done")): Object: 'Object Repository/Wallpapers/Done' is clicked on

2024-02-02 20:57:34 - [MESSAGE][PASSED] - Object: 'Object Repository/Wallpapers/Done' is clicked on

2024-02-02 20:57:34 - [TEST_STEP][PASSED] - setText(findTestObject("Create Pop-up Alert Page/Alert Title field"), "TC-15"): Text 'TC-15' is set on object 'Object Repository/Create Pop-up Alert Page/Alert Title field'

2024-02-02 20:57:35 - [MESSAGE][PASSED] - Text 'TC-15' is set on object 'Object Repository/Create Pop-up Alert Page/Alert Title field'

2024-02-02 20:57:35 - [TEST_STEP][PASSED] - verifyElementPresent(findTestObject("Wallpapers/Upload wallpaper area"), 2): Object 'Object Repository/Wallpapers/Upload wallpaper area' is present

2024-02-02 20:57:35 - [MESSAGE][PASSED] - Object 'Object Repository/Wallpapers/Upload wallpaper area' is present

2024-02-02 20:57:35 - [TEST_STEP][PASSED] - uploadFileWithDragAndDrop(findTestObject("Wallpapers/Upload wallpaper area"), "C:\Users\Home\git\Katalon\Imagesfortest\river.jpg"): null

2024-02-02 20:57:36 - [TEST_STEP][PASSED] - delay(90): Delayed 90 second(s)

2024-02-02 20:59:06 - [MESSAGE][PASSED] - Delayed 90 second(s)

2024-02-02 20:59:06 - [TEST_STEP][PASSED] - getAttribute(findTestObject("Wallpapers/uploaded wallpaper file"), "src"): Attribute 'src' of object 'Object Repository/Wallpapers/uploaded wallpaper file' is: 'https://dadebug.commclouds.com/Demo/admin/upload/river-80068.jpg'

2024-02-02 20:59:06 - [MESSAGE][PASSED] - Attribute 'src' of object 'Object Repository/Wallpapers/uploaded wallpaper file' is: 'https://dadebug.commclouds.com/Demo/admin/upload/river-80068.jpg'

2024-02-02 20:59:06 - [TEST_STEP][PASSED] - click(findTestObject("Wallpapers/Send wallpaper button")): Object: 'Object Repository/Wallpapers/Send wallpaper button' is clicked on

2024-02-02 20:59:06 - [MESSAGE][PASSED] - Object: 'Object Repository/Wallpapers/Send wallpaper button' is clicked on

2024-02-02 20:59:06 - [TEST_STEP][PASSED] - waitForPageLoad(2): Wait for page load successfully

2024-02-02 20:59:06 - [MESSAGE][PASSED] - Wait for page load successfully

2024-02-02 20:59:06 - [TEST_STEP][PASSED] - setText(findTestObject("Pop-up Alerts page/Search by title field"), "TC-15"): Text 'TC-15' is set on object 'Object Repository/Pop-up Alerts page/Search by title field'

2024-02-02 20:59:08 - [MESSAGE][PASSED] - Text 'TC-15' is set on object 'Object Repository/Pop-up Alerts page/Search by title field'

2024-02-02 20:59:08 - [TEST_STEP][PASSED] - verifyElementText(findTestObject("Pop-up Alerts page/Filtered sent alert"), "TC-15"): Actual text and expected text of test object 'Object Repository/Pop-up Alerts page/Filtered sent alert' are matched.

2024-02-02 20:59:08 - [MESSAGE][PASSED] - Actual text and expected text of test object 'Object Repository/Pop-up Alerts page/Filtered sent alert' are matched.]]></system-out>
         <system-err><![CDATA[]]></system-err>
      </testcase>
      <testcase name="Test Cases/Wallpapers/Send Wallpaper PNG (TC-16)" time="112.132" classname="Test Cases/Wallpapers/Send Wallpaper PNG (TC-16)" status="PASSED">
         <system-out><![CDATA[2024-02-02 20:59:10 - [TEST_CASE][PASSED] - Test Cases/Wallpapers/Send Wallpaper PNG (TC-16): Test Cases/Wallpapers/Send Wallpaper PNG (TC-16)

2024-02-02 20:59:10 - [TEST_STEP][PASSED] - callTestCase(findTestCase("Login Test Cases/Login with Valid Credentials"), [:], STOP_ON_FAILURE): Call Test Case 'Test Cases/Login Test Cases/Login with Valid Credentials' successfully

2024-02-02 20:59:10 - [TEST_CASE][PASSED] - Test Cases/Login Test Cases/Login with Valid Credentials: Test Cases/Login Test Cases/Login with Valid Credentials

2024-02-02 20:59:10 - [TEST_STEP][PASSED] - openBrowser(""): Browser is opened with url: ''

2024-02-02 20:59:10 - [MESSAGE][WARNING] - A browser is already opened. Closing browser and opening a new one

2024-02-02 20:59:11 - [MESSAGE][INFO] - Starting 'Chrome' driver

2024-02-02 20:59:11 - [MESSAGE][INFO] - Action delay is set to 0 milliseconds

2024-02-02 20:59:11 - [MESSAGE][PASSED] - Browser is opened with url: ''

2024-02-02 20:59:11 - [TEST_STEP][PASSED] - navigateToUrl("https://dadebug.commclouds.com/Demo/admin/auth"): Navigate to 'https://dadebug.commclouds.com/Demo/admin/auth' successfully

2024-02-02 20:59:13 - [MESSAGE][PASSED] - Navigate to 'https://dadebug.commclouds.com/Demo/admin/auth' successfully

2024-02-02 20:59:13 - [TEST_STEP][PASSED] - waitForPageLoad(3): Wait for page load successfully

2024-02-02 20:59:13 - [MESSAGE][PASSED] - Wait for page load successfully

2024-02-02 20:59:13 - [TEST_STEP][PASSED] - maximizeWindow(): Current window maximized

2024-02-02 20:59:13 - [MESSAGE][PASSED] - Current window maximized

2024-02-02 20:59:13 - [TEST_STEP][PASSED] - verifyElementPresent(findTestObject("Login Page/DAlogo"), 2): Object 'Object Repository/Login Page/DAlogo' is present

2024-02-02 20:59:14 - [MESSAGE][PASSED] - Object 'Object Repository/Login Page/DAlogo' is present

2024-02-02 20:59:14 - [TEST_STEP][PASSED] - verifyElementPresent(findTestObject("Login Page/Version number"), 2): Object 'Object Repository/Login Page/Version number' is present

2024-02-02 20:59:14 - [MESSAGE][PASSED] - Object 'Object Repository/Login Page/Version number' is present

2024-02-02 20:59:14 - [TEST_STEP][PASSED] - verifyElementText(findTestObject("Login Page/Version number"), "Version: 11.3.0.6"): Actual text and expected text of test object 'Object Repository/Login Page/Version number' are matched.

2024-02-02 20:59:14 - [MESSAGE][PASSED] - Actual text and expected text of test object 'Object Repository/Login Page/Version number' are matched.

2024-02-02 20:59:14 - [TEST_STEP][PASSED] - setText(findTestObject("Object Repository/Login Page/Login input field"), "Zoya"): Text 'Zoya' is set on object 'Object Repository/Login Page/Login input field'

2024-02-02 20:59:15 - [MESSAGE][PASSED] - Text 'Zoya' is set on object 'Object Repository/Login Page/Login input field'

2024-02-02 20:59:15 - [TEST_STEP][PASSED] - setEncryptedText(findTestObject("Object Repository/Login Page/Password input field"), "tzH6RvlfSTg="): Text ****** has been set on object 'Object Repository/Login Page/Password input field'

2024-02-02 20:59:15 - [MESSAGE][PASSED] - Text ****** has been set on object 'Object Repository/Login Page/Password input field'

2024-02-02 20:59:15 - [TEST_STEP][PASSED] - click(findTestObject("Object Repository/Login Page/button_Log in")): Object: 'Object Repository/Login Page/button_Log in' is clicked on

2024-02-02 20:59:16 - [MESSAGE][PASSED] - Object: 'Object Repository/Login Page/button_Log in' is clicked on

2024-02-02 20:59:16 - [TEST_STEP][PASSED] - delay(4): Delayed 4 second(s)

2024-02-02 20:59:20 - [MESSAGE][PASSED] - Delayed 4 second(s)

2024-02-02 20:59:20 - [TEST_STEP][PASSED] - verifyElementPresent(findTestObject("Object Repository/Login Page/h1_Dashboard"), 4): Object 'Object Repository/Login Page/h1_Dashboard' is present

2024-02-02 20:59:20 - [MESSAGE][PASSED] - Object 'Object Repository/Login Page/h1_Dashboard' is present

2024-02-02 20:59:20 - [MESSAGE][PASSED] - Call Test Case 'Test Cases/Login Test Cases/Login with Valid Credentials' successfully

2024-02-02 20:59:20 - [TEST_STEP][PASSED] - click(findTestObject("Dashboard Page/Compose alert button expansion")): Object: 'Object Repository/Dashboard Page/Compose alert button expansion' is clicked on

2024-02-02 20:59:20 - [MESSAGE][PASSED] - Object: 'Object Repository/Dashboard Page/Compose alert button expansion' is clicked on

2024-02-02 20:59:20 - [TEST_STEP][PASSED] - click(findTestObject("Dashboard Page/Wallpapers")): Object: 'Object Repository/Dashboard Page/Wallpapers' is clicked on

2024-02-02 20:59:21 - [MESSAGE][PASSED] - Object: 'Object Repository/Dashboard Page/Wallpapers' is clicked on

2024-02-02 20:59:21 - [TEST_STEP][PASSED] - verifyElementText(findTestObject("Wallpapers/Create Wallpaper Header"), "Create Wallpaper"): Actual text and expected text of test object 'Object Repository/Wallpapers/Create Wallpaper Header' are matched.

2024-02-02 20:59:21 - [MESSAGE][PASSED] - Actual text and expected text of test object 'Object Repository/Wallpapers/Create Wallpaper Header' are matched.

2024-02-02 20:59:21 - [TEST_STEP][PASSED] - refresh(): Refresh successfully

2024-02-02 20:59:21 - [MESSAGE][PASSED] - Refresh successfully

2024-02-02 20:59:21 - [TEST_STEP][PASSED] - click(findTestObject("Wallpapers/more")): Object: 'Object Repository/Wallpapers/more' is clicked on

2024-02-02 20:59:22 - [MESSAGE][PASSED] - Object: 'Object Repository/Wallpapers/more' is clicked on

2024-02-02 20:59:22 - [TEST_STEP][PASSED] - click(findTestObject("Create Pop-up Alert Page/Choose recipients modal window/Filter field")): Object: 'Object Repository/Create Pop-up Alert Page/Choose recipients modal window/Filter field' is clicked on

2024-02-02 20:59:23 - [MESSAGE][PASSED] - Object: 'Object Repository/Create Pop-up Alert Page/Choose recipients modal window/Filter field' is clicked on

2024-02-02 20:59:23 - [TEST_STEP][PASSED] - setText(findTestObject("Create Pop-up Alert Page/Choose recipients modal window/Filter field"), "LAPTOP-E6BU4LL9"): Text 'LAPTOP-E6BU4LL9' is set on object 'Object Repository/Create Pop-up Alert Page/Choose recipients modal window/Filter field'

2024-02-02 20:59:24 - [MESSAGE][PASSED] - Text 'LAPTOP-E6BU4LL9' is set on object 'Object Repository/Create Pop-up Alert Page/Choose recipients modal window/Filter field'

2024-02-02 20:59:24 - [TEST_STEP][PASSED] - verifyElementText(findTestObject("Create Pop-up Alert Page/Choose recipients modal window/All user list-filtered"), "LAPTOP-E6BU4LL9 "): Actual text and expected text of test object 'Object Repository/Create Pop-up Alert Page/Choose recipients modal window/All user list-filtered' are matched.

2024-02-02 20:59:26 - [MESSAGE][PASSED] - Actual text and expected text of test object 'Object Repository/Create Pop-up Alert Page/Choose recipients modal window/All user list-filtered' are matched.

2024-02-02 20:59:26 - [TEST_STEP][PASSED] - click(findTestObject("Create Pop-up Alert Page/Choose recipients modal window/filtered user selection")): Object: 'Object Repository/Create Pop-up Alert Page/Choose recipients modal window/filtered user selection' is clicked on

2024-02-02 20:59:26 - [MESSAGE][PASSED] - Object: 'Object Repository/Create Pop-up Alert Page/Choose recipients modal window/filtered user selection' is clicked on

2024-02-02 20:59:26 - [TEST_STEP][NOT_RUN] - verifyElementPresent(findTestObject("Create Pop-up Alert Page/Choose recipients modal window/Choosen users filtered"), 2): NOT_RUN: verifyElementPresent(findTestObject("Create Pop-up Alert Page/Choose recipients modal window/Choosen users filtered"), 2)

2024-02-02 20:59:26 - [MESSAGE][NOT_RUN] - NOT_RUN: verifyElementPresent(findTestObject("Create Pop-up Alert Page/Choose recipients modal window/Choosen users filtered"), 2)

2024-02-02 20:59:26 - [TEST_STEP][PASSED] - click(findTestObject("Wallpapers/Done")): Object: 'Object Repository/Wallpapers/Done' is clicked on

2024-02-02 20:59:26 - [MESSAGE][PASSED] - Object: 'Object Repository/Wallpapers/Done' is clicked on

2024-02-02 20:59:26 - [TEST_STEP][PASSED] - setText(findTestObject("Create Pop-up Alert Page/Alert Title field"), "TC-16"): Text 'TC-16' is set on object 'Object Repository/Create Pop-up Alert Page/Alert Title field'

2024-02-02 20:59:27 - [MESSAGE][PASSED] - Text 'TC-16' is set on object 'Object Repository/Create Pop-up Alert Page/Alert Title field'

2024-02-02 20:59:27 - [TEST_STEP][PASSED] - verifyElementPresent(findTestObject("Wallpapers/Upload wallpaper area"), 2): Object 'Object Repository/Wallpapers/Upload wallpaper area' is present

2024-02-02 20:59:28 - [MESSAGE][PASSED] - Object 'Object Repository/Wallpapers/Upload wallpaper area' is present

2024-02-02 20:59:28 - [TEST_STEP][PASSED] - uploadFileWithDragAndDrop(findTestObject("Wallpapers/Upload wallpaper area"), "C:\Users\Home\git\Katalon\Imagesfortest\rocks.png"): null

2024-02-02 20:59:28 - [TEST_STEP][PASSED] - delay(90): Delayed 90 second(s)

2024-02-02 21:00:58 - [MESSAGE][PASSED] - Delayed 90 second(s)

2024-02-02 21:00:58 - [TEST_STEP][PASSED] - getAttribute(findTestObject("Wallpapers/uploaded wallpaper file"), "src"): Attribute 'src' of object 'Object Repository/Wallpapers/uploaded wallpaper file' is: 'https://dadebug.commclouds.com/Demo/admin/upload/rocks-13483.png'

2024-02-02 21:00:58 - [MESSAGE][PASSED] - Attribute 'src' of object 'Object Repository/Wallpapers/uploaded wallpaper file' is: 'https://dadebug.commclouds.com/Demo/admin/upload/rocks-13483.png'

2024-02-02 21:00:58 - [TEST_STEP][PASSED] - click(findTestObject("Wallpapers/Send wallpaper button")): Object: 'Object Repository/Wallpapers/Send wallpaper button' is clicked on

2024-02-02 21:00:58 - [MESSAGE][PASSED] - Object: 'Object Repository/Wallpapers/Send wallpaper button' is clicked on

2024-02-02 21:00:58 - [TEST_STEP][PASSED] - waitForPageLoad(2): Wait for page load successfully

2024-02-02 21:00:58 - [MESSAGE][PASSED] - Wait for page load successfully

2024-02-02 21:00:58 - [TEST_STEP][PASSED] - setText(findTestObject("Pop-up Alerts page/Search by title field"), "TC-16"): Text 'TC-16' is set on object 'Object Repository/Pop-up Alerts page/Search by title field'

2024-02-02 21:01:00 - [MESSAGE][PASSED] - Text 'TC-16' is set on object 'Object Repository/Pop-up Alerts page/Search by title field'

2024-02-02 21:01:00 - [TEST_STEP][PASSED] - verifyElementText(findTestObject("Pop-up Alerts page/Filtered sent alert"), "TC-16"): Actual text and expected text of test object 'Object Repository/Pop-up Alerts page/Filtered sent alert' are matched.

2024-02-02 21:01:00 - [MESSAGE][PASSED] - Actual text and expected text of test object 'Object Repository/Pop-up Alerts page/Filtered sent alert' are matched.]]></system-out>
         <system-err><![CDATA[]]></system-err>
      </testcase>
      <testcase name="Test Cases/Wallpapers/Send Wallpaper BMP (TC-17)" time="171.026" classname="Test Cases/Wallpapers/Send Wallpaper BMP (TC-17)" status="PASSED">
         <system-out><![CDATA[2024-02-02 21:04:22 - [TEST_CASE][PASSED] - Test Cases/Wallpapers/Send Wallpaper BMP (TC-17): Test Cases/Wallpapers/Send Wallpaper BMP (TC-17)

2024-02-02 21:04:22 - [TEST_STEP][PASSED] - callTestCase(findTestCase("Login Test Cases/Login with Valid Credentials"), [:], STOP_ON_FAILURE): Call Test Case 'Test Cases/Login Test Cases/Login with Valid Credentials' successfully

2024-02-02 21:04:22 - [TEST_CASE][PASSED] - Test Cases/Login Test Cases/Login with Valid Credentials: Test Cases/Login Test Cases/Login with Valid Credentials

2024-02-02 21:04:22 - [TEST_STEP][PASSED] - openBrowser(""): Browser is opened with url: ''

2024-02-02 21:04:22 - [MESSAGE][WARNING] - A browser is already opened. Closing browser and opening a new one

2024-02-02 21:04:22 - [MESSAGE][INFO] - Starting 'Chrome' driver

2024-02-02 21:04:22 - [MESSAGE][INFO] - Action delay is set to 0 milliseconds

2024-02-02 21:04:23 - [MESSAGE][PASSED] - Browser is opened with url: ''

2024-02-02 21:04:23 - [TEST_STEP][PASSED] - navigateToUrl("https://dadebug.commclouds.com/Demo/admin/auth"): Navigate to 'https://dadebug.commclouds.com/Demo/admin/auth' successfully

2024-02-02 21:04:24 - [MESSAGE][PASSED] - Navigate to 'https://dadebug.commclouds.com/Demo/admin/auth' successfully

2024-02-02 21:04:24 - [TEST_STEP][PASSED] - waitForPageLoad(3): Wait for page load successfully

2024-02-02 21:04:24 - [MESSAGE][PASSED] - Wait for page load successfully

2024-02-02 21:04:24 - [TEST_STEP][PASSED] - maximizeWindow(): Current window maximized

2024-02-02 21:04:24 - [MESSAGE][PASSED] - Current window maximized

2024-02-02 21:04:24 - [TEST_STEP][PASSED] - verifyElementPresent(findTestObject("Login Page/DAlogo"), 2): Object 'Object Repository/Login Page/DAlogo' is present

2024-02-02 21:04:25 - [MESSAGE][PASSED] - Object 'Object Repository/Login Page/DAlogo' is present

2024-02-02 21:04:25 - [TEST_STEP][PASSED] - verifyElementPresent(findTestObject("Login Page/Version number"), 2): Object 'Object Repository/Login Page/Version number' is present

2024-02-02 21:04:25 - [MESSAGE][PASSED] - Object 'Object Repository/Login Page/Version number' is present

2024-02-02 21:04:25 - [TEST_STEP][PASSED] - verifyElementText(findTestObject("Login Page/Version number"), "Version: 11.3.0.6"): Actual text and expected text of test object 'Object Repository/Login Page/Version number' are matched.

2024-02-02 21:04:25 - [MESSAGE][PASSED] - Actual text and expected text of test object 'Object Repository/Login Page/Version number' are matched.

2024-02-02 21:04:25 - [TEST_STEP][PASSED] - setText(findTestObject("Object Repository/Login Page/Login input field"), "Zoya"): Text 'Zoya' is set on object 'Object Repository/Login Page/Login input field'

2024-02-02 21:04:26 - [MESSAGE][PASSED] - Text 'Zoya' is set on object 'Object Repository/Login Page/Login input field'

2024-02-02 21:04:26 - [TEST_STEP][PASSED] - setEncryptedText(findTestObject("Object Repository/Login Page/Password input field"), "tzH6RvlfSTg="): Text ****** has been set on object 'Object Repository/Login Page/Password input field'

2024-02-02 21:04:26 - [MESSAGE][PASSED] - Text ****** has been set on object 'Object Repository/Login Page/Password input field'

2024-02-02 21:04:26 - [TEST_STEP][PASSED] - click(findTestObject("Object Repository/Login Page/button_Log in")): Object: 'Object Repository/Login Page/button_Log in' is clicked on

2024-02-02 21:04:27 - [MESSAGE][PASSED] - Object: 'Object Repository/Login Page/button_Log in' is clicked on

2024-02-02 21:04:27 - [TEST_STEP][PASSED] - delay(4): Delayed 4 second(s)

2024-02-02 21:04:31 - [MESSAGE][PASSED] - Delayed 4 second(s)

2024-02-02 21:04:31 - [TEST_STEP][PASSED] - verifyElementPresent(findTestObject("Object Repository/Login Page/h1_Dashboard"), 4): Object 'Object Repository/Login Page/h1_Dashboard' is present

2024-02-02 21:04:31 - [MESSAGE][PASSED] - Object 'Object Repository/Login Page/h1_Dashboard' is present

2024-02-02 21:04:31 - [MESSAGE][PASSED] - Call Test Case 'Test Cases/Login Test Cases/Login with Valid Credentials' successfully

2024-02-02 21:04:31 - [TEST_STEP][PASSED] - click(findTestObject("Dashboard Page/Compose alert button expansion")): Object: 'Object Repository/Dashboard Page/Compose alert button expansion' is clicked on

2024-02-02 21:04:31 - [MESSAGE][PASSED] - Object: 'Object Repository/Dashboard Page/Compose alert button expansion' is clicked on

2024-02-02 21:04:31 - [TEST_STEP][PASSED] - click(findTestObject("Dashboard Page/Wallpapers")): Object: 'Object Repository/Dashboard Page/Wallpapers' is clicked on

2024-02-02 21:04:32 - [MESSAGE][PASSED] - Object: 'Object Repository/Dashboard Page/Wallpapers' is clicked on

2024-02-02 21:04:32 - [TEST_STEP][PASSED] - verifyElementText(findTestObject("Wallpapers/Create Wallpaper Header"), "Create Wallpaper"): Actual text and expected text of test object 'Object Repository/Wallpapers/Create Wallpaper Header' are matched.

2024-02-02 21:04:32 - [MESSAGE][PASSED] - Actual text and expected text of test object 'Object Repository/Wallpapers/Create Wallpaper Header' are matched.

2024-02-02 21:04:32 - [TEST_STEP][PASSED] - refresh(): Refresh successfully

2024-02-02 21:04:32 - [MESSAGE][PASSED] - Refresh successfully

2024-02-02 21:04:32 - [TEST_STEP][PASSED] - click(findTestObject("Wallpapers/more")): Object: 'Object Repository/Wallpapers/more' is clicked on

2024-02-02 21:04:33 - [MESSAGE][PASSED] - Object: 'Object Repository/Wallpapers/more' is clicked on

2024-02-02 21:04:33 - [TEST_STEP][PASSED] - click(findTestObject("Create Pop-up Alert Page/Choose recipients modal window/Filter field")): Object: 'Object Repository/Create Pop-up Alert Page/Choose recipients modal window/Filter field' is clicked on

2024-02-02 21:04:34 - [MESSAGE][PASSED] - Object: 'Object Repository/Create Pop-up Alert Page/Choose recipients modal window/Filter field' is clicked on

2024-02-02 21:04:34 - [TEST_STEP][PASSED] - setText(findTestObject("Create Pop-up Alert Page/Choose recipients modal window/Filter field"), "LAPTOP-E6BU4LL9"): Text 'LAPTOP-E6BU4LL9' is set on object 'Object Repository/Create Pop-up Alert Page/Choose recipients modal window/Filter field'

2024-02-02 21:04:35 - [MESSAGE][PASSED] - Text 'LAPTOP-E6BU4LL9' is set on object 'Object Repository/Create Pop-up Alert Page/Choose recipients modal window/Filter field'

2024-02-02 21:04:35 - [TEST_STEP][PASSED] - verifyElementText(findTestObject("Create Pop-up Alert Page/Choose recipients modal window/All user list-filtered"), "LAPTOP-E6BU4LL9 "): Actual text and expected text of test object 'Object Repository/Create Pop-up Alert Page/Choose recipients modal window/All user list-filtered' are matched.

2024-02-02 21:04:37 - [MESSAGE][PASSED] - Actual text and expected text of test object 'Object Repository/Create Pop-up Alert Page/Choose recipients modal window/All user list-filtered' are matched.

2024-02-02 21:04:37 - [TEST_STEP][PASSED] - click(findTestObject("Create Pop-up Alert Page/Choose recipients modal window/filtered user selection")): Object: 'Object Repository/Create Pop-up Alert Page/Choose recipients modal window/filtered user selection' is clicked on

2024-02-02 21:04:37 - [MESSAGE][PASSED] - Object: 'Object Repository/Create Pop-up Alert Page/Choose recipients modal window/filtered user selection' is clicked on

2024-02-02 21:04:37 - [TEST_STEP][NOT_RUN] - verifyElementPresent(findTestObject("Create Pop-up Alert Page/Choose recipients modal window/Choosen users filtered"), 2): NOT_RUN: verifyElementPresent(findTestObject("Create Pop-up Alert Page/Choose recipients modal window/Choosen users filtered"), 2)

2024-02-02 21:04:37 - [MESSAGE][NOT_RUN] - NOT_RUN: verifyElementPresent(findTestObject("Create Pop-up Alert Page/Choose recipients modal window/Choosen users filtered"), 2)

2024-02-02 21:04:37 - [TEST_STEP][PASSED] - click(findTestObject("Wallpapers/Done")): Object: 'Object Repository/Wallpapers/Done' is clicked on

2024-02-02 21:04:37 - [MESSAGE][PASSED] - Object: 'Object Repository/Wallpapers/Done' is clicked on

2024-02-02 21:04:37 - [TEST_STEP][PASSED] - setText(findTestObject("Create Pop-up Alert Page/Alert Title field"), "TC-17"): Text 'TC-17' is set on object 'Object Repository/Create Pop-up Alert Page/Alert Title field'

2024-02-02 21:04:38 - [MESSAGE][PASSED] - Text 'TC-17' is set on object 'Object Repository/Create Pop-up Alert Page/Alert Title field'

2024-02-02 21:04:38 - [TEST_STEP][PASSED] - verifyElementPresent(findTestObject("Wallpapers/Upload wallpaper area"), 2): Object 'Object Repository/Wallpapers/Upload wallpaper area' is present

2024-02-02 21:04:38 - [MESSAGE][PASSED] - Object 'Object Repository/Wallpapers/Upload wallpaper area' is present

2024-02-02 21:04:38 - [TEST_STEP][PASSED] - uploadFileWithDragAndDrop(findTestObject("Wallpapers/Upload wallpaper area"), "C:\Users\Home\git\Katalon\Imagesfortest\future.bmp"): null

2024-02-02 21:04:39 - [TEST_STEP][PASSED] - delay(90): Delayed 90 second(s)

2024-02-02 21:06:09 - [MESSAGE][PASSED] - Delayed 90 second(s)

2024-02-02 21:06:09 - [TEST_STEP][PASSED] - getAttribute(findTestObject("Wallpapers/uploaded wallpaper file"), "src"): Attribute 'src' of object 'Object Repository/Wallpapers/uploaded wallpaper file' is: 'https://dadebug.commclouds.com/Demo/admin/upload/future-13865.bmp'

2024-02-02 21:07:08 - [MESSAGE][PASSED] - Attribute 'src' of object 'Object Repository/Wallpapers/uploaded wallpaper file' is: 'https://dadebug.commclouds.com/Demo/admin/upload/future-13865.bmp'

2024-02-02 21:07:08 - [TEST_STEP][PASSED] - click(findTestObject("Wallpapers/Send wallpaper button")): Object: 'Object Repository/Wallpapers/Send wallpaper button' is clicked on

2024-02-02 21:07:08 - [MESSAGE][PASSED] - Object: 'Object Repository/Wallpapers/Send wallpaper button' is clicked on

2024-02-02 21:07:08 - [TEST_STEP][PASSED] - waitForPageLoad(2): Wait for page load successfully

2024-02-02 21:07:08 - [MESSAGE][PASSED] - Wait for page load successfully

2024-02-02 21:07:08 - [TEST_STEP][PASSED] - setText(findTestObject("Pop-up Alerts page/Search by title field"), "TC-17"): Text 'TC-17' is set on object 'Object Repository/Pop-up Alerts page/Search by title field'

2024-02-02 21:07:10 - [MESSAGE][PASSED] - Text 'TC-17' is set on object 'Object Repository/Pop-up Alerts page/Search by title field'

2024-02-02 21:07:10 - [TEST_STEP][PASSED] - verifyElementText(findTestObject("Pop-up Alerts page/Filtered sent alert"), "TC-17"): Actual text and expected text of test object 'Object Repository/Pop-up Alerts page/Filtered sent alert' are matched.

2024-02-02 21:07:11 - [MESSAGE][PASSED] - Actual text and expected text of test object 'Object Repository/Pop-up Alerts page/Filtered sent alert' are matched.]]></system-out>
         <system-err><![CDATA[]]></system-err>
      </testcase>
      <testcase name="Test Cases/Wallpapers/Send wallpaper with image from server (TC-19)" time="13.875" classname="Test Cases/Wallpapers/Send wallpaper with image from server (TC-19)" status="PASSED">
         <system-out><![CDATA[2024-02-02 21:07:13 - [TEST_CASE][PASSED] - Test Cases/Wallpapers/Send wallpaper with image from server (TC-19): Test Cases/Wallpapers/Send wallpaper with image from server (TC-19)

2024-02-02 21:07:13 - [TEST_STEP][PASSED] - click(findTestObject("Dashboard Page/Compose alert button expansion")): Object: 'Object Repository/Dashboard Page/Compose alert button expansion' is clicked on

2024-02-02 21:07:13 - [MESSAGE][PASSED] - Object: 'Object Repository/Dashboard Page/Compose alert button expansion' is clicked on

2024-02-02 21:07:13 - [TEST_STEP][PASSED] - click(findTestObject("Dashboard Page/Wallpapers")): Object: 'Object Repository/Dashboard Page/Wallpapers' is clicked on

2024-02-02 21:07:14 - [MESSAGE][PASSED] - Object: 'Object Repository/Dashboard Page/Wallpapers' is clicked on

2024-02-02 21:07:14 - [TEST_STEP][PASSED] - verifyElementText(findTestObject("Wallpapers/Create Wallpaper Header"), "Create Wallpaper"): Actual text and expected text of test object 'Object Repository/Wallpapers/Create Wallpaper Header' are matched.

2024-02-02 21:07:14 - [MESSAGE][PASSED] - Actual text and expected text of test object 'Object Repository/Wallpapers/Create Wallpaper Header' are matched.

2024-02-02 21:07:14 - [TEST_STEP][PASSED] - refresh(): Refresh successfully

2024-02-02 21:07:14 - [MESSAGE][PASSED] - Refresh successfully

2024-02-02 21:07:14 - [TEST_STEP][PASSED] - click(findTestObject("Wallpapers/more")): Object: 'Object Repository/Wallpapers/more' is clicked on

2024-02-02 21:07:15 - [MESSAGE][PASSED] - Object: 'Object Repository/Wallpapers/more' is clicked on

2024-02-02 21:07:15 - [TEST_STEP][PASSED] - click(findTestObject("Create Pop-up Alert Page/Choose recipients modal window/Filter field")): Object: 'Object Repository/Create Pop-up Alert Page/Choose recipients modal window/Filter field' is clicked on

2024-02-02 21:07:16 - [MESSAGE][PASSED] - Object: 'Object Repository/Create Pop-up Alert Page/Choose recipients modal window/Filter field' is clicked on

2024-02-02 21:07:16 - [TEST_STEP][PASSED] - setText(findTestObject("Create Pop-up Alert Page/Choose recipients modal window/Filter field"), "LAPTOP-E6BU4LL9"): Text 'LAPTOP-E6BU4LL9' is set on object 'Object Repository/Create Pop-up Alert Page/Choose recipients modal window/Filter field'

2024-02-02 21:07:17 - [MESSAGE][PASSED] - Text 'LAPTOP-E6BU4LL9' is set on object 'Object Repository/Create Pop-up Alert Page/Choose recipients modal window/Filter field'

2024-02-02 21:07:17 - [TEST_STEP][PASSED] - verifyElementText(findTestObject("Create Pop-up Alert Page/Choose recipients modal window/All user list-filtered"), "LAPTOP-E6BU4LL9 "): Actual text and expected text of test object 'Object Repository/Create Pop-up Alert Page/Choose recipients modal window/All user list-filtered' are matched.

2024-02-02 21:07:18 - [MESSAGE][PASSED] - Actual text and expected text of test object 'Object Repository/Create Pop-up Alert Page/Choose recipients modal window/All user list-filtered' are matched.

2024-02-02 21:07:18 - [TEST_STEP][PASSED] - click(findTestObject("Create Pop-up Alert Page/Choose recipients modal window/filtered user selection")): Object: 'Object Repository/Create Pop-up Alert Page/Choose recipients modal window/filtered user selection' is clicked on

2024-02-02 21:07:19 - [MESSAGE][PASSED] - Object: 'Object Repository/Create Pop-up Alert Page/Choose recipients modal window/filtered user selection' is clicked on

2024-02-02 21:07:19 - [TEST_STEP][NOT_RUN] - verifyElementPresent(findTestObject("Create Pop-up Alert Page/Choose recipients modal window/Choosen users filtered"), 2): NOT_RUN: verifyElementPresent(findTestObject("Create Pop-up Alert Page/Choose recipients modal window/Choosen users filtered"), 2)

2024-02-02 21:07:19 - [MESSAGE][NOT_RUN] - NOT_RUN: verifyElementPresent(findTestObject("Create Pop-up Alert Page/Choose recipients modal window/Choosen users filtered"), 2)

2024-02-02 21:07:19 - [TEST_STEP][PASSED] - click(findTestObject("Wallpapers/Done")): Object: 'Object Repository/Wallpapers/Done' is clicked on

2024-02-02 21:07:19 - [MESSAGE][PASSED] - Object: 'Object Repository/Wallpapers/Done' is clicked on

2024-02-02 21:07:19 - [TEST_STEP][PASSED] - setText(findTestObject("Create Pop-up Alert Page/Alert Title field"), "TC-19"): Text 'TC-19' is set on object 'Object Repository/Create Pop-up Alert Page/Alert Title field'

2024-02-02 21:07:20 - [MESSAGE][PASSED] - Text 'TC-19' is set on object 'Object Repository/Create Pop-up Alert Page/Alert Title field'

2024-02-02 21:07:20 - [TEST_STEP][PASSED] - verifyElementPresent(findTestObject("Wallpapers/Upload wallpaper area"), 2): Object 'Object Repository/Wallpapers/Upload wallpaper area' is present

2024-02-02 21:07:20 - [MESSAGE][PASSED] - Object 'Object Repository/Wallpapers/Upload wallpaper area' is present

2024-02-02 21:07:20 - [TEST_STEP][PASSED] - click(findTestObject("Wallpapers/Select image from server button")): Object: 'Object Repository/Wallpapers/Select image from server button' is clicked on

2024-02-02 21:07:21 - [MESSAGE][PASSED] - Object: 'Object Repository/Wallpapers/Select image from server button' is clicked on

2024-02-02 21:07:21 - [TEST_STEP][PASSED] - click(findTestObject("Wallpapers/first image on a server")): Object: 'Object Repository/Wallpapers/first image on a server' is clicked on

2024-02-02 21:07:22 - [MESSAGE][PASSED] - Object: 'Object Repository/Wallpapers/first image on a server' is clicked on

2024-02-02 21:07:22 - [TEST_STEP][NOT_RUN] - delay(90): NOT_RUN: delay(90)

2024-02-02 21:07:22 - [MESSAGE][NOT_RUN] - NOT_RUN: delay(90)

2024-02-02 21:07:22 - [TEST_STEP][PASSED] - verifyElementPresent(findTestObject("Wallpapers/uploaded wallpaper file"), 1): Object 'Object Repository/Wallpapers/uploaded wallpaper file' is present

2024-02-02 21:07:22 - [MESSAGE][PASSED] - Object 'Object Repository/Wallpapers/uploaded wallpaper file' is present

2024-02-02 21:07:22 - [TEST_STEP][PASSED] - getAttribute(findTestObject("Wallpapers/uploaded wallpaper file"), "src"): Attribute 'src' of object 'Object Repository/Wallpapers/uploaded wallpaper file' is: 'https://dadebug.commclouds.com/Demo/admin/upload/124018-multik-smajlik-patrik_star-tekst-spanch_bob_kvadratnye_shta-21295.jpg'

2024-02-02 21:07:23 - [MESSAGE][PASSED] - Attribute 'src' of object 'Object Repository/Wallpapers/uploaded wallpaper file' is: 'https://dadebug.commclouds.com/Demo/admin/upload/124018-multik-smajlik-patrik_star-tekst-spanch_bob_kvadratnye_shta-21295.jpg'

2024-02-02 21:07:23 - [TEST_STEP][PASSED] - click(findTestObject("Wallpapers/Send wallpaper button")): Object: 'Object Repository/Wallpapers/Send wallpaper button' is clicked on

2024-02-02 21:07:23 - [MESSAGE][PASSED] - Object: 'Object Repository/Wallpapers/Send wallpaper button' is clicked on

2024-02-02 21:07:23 - [TEST_STEP][PASSED] - waitForPageLoad(2): Wait for page load successfully

2024-02-02 21:07:23 - [MESSAGE][PASSED] - Wait for page load successfully

2024-02-02 21:07:23 - [TEST_STEP][PASSED] - setText(findTestObject("Pop-up Alerts page/Search by title field"), "TC-19"): Text 'TC-19' is set on object 'Object Repository/Pop-up Alerts page/Search by title field'

2024-02-02 21:07:24 - [MESSAGE][PASSED] - Text 'TC-19' is set on object 'Object Repository/Pop-up Alerts page/Search by title field'

2024-02-02 21:07:24 - [TEST_STEP][PASSED] - verifyElementText(findTestObject("Pop-up Alerts page/Filtered sent alert"), "TC-19"): Actual text and expected text of test object 'Object Repository/Pop-up Alerts page/Filtered sent alert' are matched.

2024-02-02 21:07:25 - [MESSAGE][PASSED] - Actual text and expected text of test object 'Object Repository/Pop-up Alerts page/Filtered sent alert' are matched.]]></system-out>
         <system-err><![CDATA[]]></system-err>
      </testcase>
      <testcase name="Test Cases/Wallpapers/Draft Wallpaper (TC-18)" time="104.397" classname="Test Cases/Wallpapers/Draft Wallpaper (TC-18)" status="PASSED">
         <system-out><![CDATA[2024-02-02 21:07:27 - [TEST_CASE][PASSED] - Test Cases/Wallpapers/Draft Wallpaper (TC-18): Test Cases/Wallpapers/Draft Wallpaper (TC-18)

2024-02-02 21:07:27 - [TEST_STEP][PASSED] - click(findTestObject("Dashboard Page/Compose alert button expansion")): Object: 'Object Repository/Dashboard Page/Compose alert button expansion' is clicked on

2024-02-02 21:07:27 - [MESSAGE][PASSED] - Object: 'Object Repository/Dashboard Page/Compose alert button expansion' is clicked on

2024-02-02 21:07:27 - [TEST_STEP][PASSED] - click(findTestObject("Dashboard Page/Wallpapers")): Object: 'Object Repository/Dashboard Page/Wallpapers' is clicked on

2024-02-02 21:07:28 - [MESSAGE][PASSED] - Object: 'Object Repository/Dashboard Page/Wallpapers' is clicked on

2024-02-02 21:07:28 - [TEST_STEP][PASSED] - verifyElementText(findTestObject("Wallpapers/Create Wallpaper Header"), "Create Wallpaper"): Actual text and expected text of test object 'Object Repository/Wallpapers/Create Wallpaper Header' are matched.

2024-02-02 21:07:28 - [MESSAGE][PASSED] - Actual text and expected text of test object 'Object Repository/Wallpapers/Create Wallpaper Header' are matched.

2024-02-02 21:07:28 - [TEST_STEP][PASSED] - refresh(): Refresh successfully

2024-02-02 21:07:28 - [MESSAGE][PASSED] - Refresh successfully

2024-02-02 21:07:28 - [TEST_STEP][PASSED] - click(findTestObject("Wallpapers/more")): Object: 'Object Repository/Wallpapers/more' is clicked on

2024-02-02 21:07:29 - [MESSAGE][PASSED] - Object: 'Object Repository/Wallpapers/more' is clicked on

2024-02-02 21:07:29 - [TEST_STEP][PASSED] - click(findTestObject("Create Pop-up Alert Page/Choose recipients modal window/Filter field")): Object: 'Object Repository/Create Pop-up Alert Page/Choose recipients modal window/Filter field' is clicked on

2024-02-02 21:07:30 - [MESSAGE][PASSED] - Object: 'Object Repository/Create Pop-up Alert Page/Choose recipients modal window/Filter field' is clicked on

2024-02-02 21:07:30 - [TEST_STEP][PASSED] - setText(findTestObject("Create Pop-up Alert Page/Choose recipients modal window/Filter field"), "LAPTOP-E6BU4LL9"): Text 'LAPTOP-E6BU4LL9' is set on object 'Object Repository/Create Pop-up Alert Page/Choose recipients modal window/Filter field'

2024-02-02 21:07:32 - [MESSAGE][PASSED] - Text 'LAPTOP-E6BU4LL9' is set on object 'Object Repository/Create Pop-up Alert Page/Choose recipients modal window/Filter field'

2024-02-02 21:07:32 - [TEST_STEP][PASSED] - verifyElementText(findTestObject("Create Pop-up Alert Page/Choose recipients modal window/All user list-filtered"), "LAPTOP-E6BU4LL9 "): Actual text and expected text of test object 'Object Repository/Create Pop-up Alert Page/Choose recipients modal window/All user list-filtered' are matched.

2024-02-02 21:07:34 - [MESSAGE][PASSED] - Actual text and expected text of test object 'Object Repository/Create Pop-up Alert Page/Choose recipients modal window/All user list-filtered' are matched.

2024-02-02 21:07:34 - [TEST_STEP][PASSED] - click(findTestObject("Create Pop-up Alert Page/Choose recipients modal window/filtered user selection")): Object: 'Object Repository/Create Pop-up Alert Page/Choose recipients modal window/filtered user selection' is clicked on

2024-02-02 21:07:34 - [MESSAGE][PASSED] - Object: 'Object Repository/Create Pop-up Alert Page/Choose recipients modal window/filtered user selection' is clicked on

2024-02-02 21:07:34 - [TEST_STEP][NOT_RUN] - verifyElementPresent(findTestObject("Create Pop-up Alert Page/Choose recipients modal window/Choosen users filtered"), 2): NOT_RUN: verifyElementPresent(findTestObject("Create Pop-up Alert Page/Choose recipients modal window/Choosen users filtered"), 2)

2024-02-02 21:07:34 - [MESSAGE][NOT_RUN] - NOT_RUN: verifyElementPresent(findTestObject("Create Pop-up Alert Page/Choose recipients modal window/Choosen users filtered"), 2)

2024-02-02 21:07:34 - [TEST_STEP][PASSED] - click(findTestObject("Wallpapers/Done")): Object: 'Object Repository/Wallpapers/Done' is clicked on

2024-02-02 21:07:34 - [MESSAGE][PASSED] - Object: 'Object Repository/Wallpapers/Done' is clicked on

2024-02-02 21:07:34 - [TEST_STEP][PASSED] - setText(findTestObject("Create Pop-up Alert Page/Alert Title field"), "TC-18"): Text 'TC-18' is set on object 'Object Repository/Create Pop-up Alert Page/Alert Title field'

2024-02-02 21:07:35 - [MESSAGE][PASSED] - Text 'TC-18' is set on object 'Object Repository/Create Pop-up Alert Page/Alert Title field'

2024-02-02 21:07:35 - [TEST_STEP][PASSED] - verifyElementPresent(findTestObject("Wallpapers/Upload wallpaper area"), 2): Object 'Object Repository/Wallpapers/Upload wallpaper area' is present

2024-02-02 21:07:36 - [MESSAGE][PASSED] - Object 'Object Repository/Wallpapers/Upload wallpaper area' is present

2024-02-02 21:07:36 - [TEST_STEP][PASSED] - uploadFileWithDragAndDrop(findTestObject("Wallpapers/Upload wallpaper area"), "C:\Users\Home\git\Katalon\Imagesfortest\icecity.jpg"): null

2024-02-02 21:07:36 - [TEST_STEP][PASSED] - delay(90): Delayed 90 second(s)

2024-02-02 21:09:06 - [MESSAGE][PASSED] - Delayed 90 second(s)

2024-02-02 21:09:06 - [TEST_STEP][PASSED] - getAttribute(findTestObject("Wallpapers/uploaded wallpaper file"), "src"): Attribute 'src' of object 'Object Repository/Wallpapers/uploaded wallpaper file' is: 'https://dadebug.commclouds.com/Demo/admin/upload/icecity-70311.jpg'

2024-02-02 21:09:06 - [MESSAGE][PASSED] - Attribute 'src' of object 'Object Repository/Wallpapers/uploaded wallpaper file' is: 'https://dadebug.commclouds.com/Demo/admin/upload/icecity-70311.jpg'

2024-02-02 21:09:06 - [TEST_STEP][PASSED] - click(findTestObject("Wallpapers/Save wallpaper button")): Object: 'Object Repository/Wallpapers/Save wallpaper button' is clicked on

2024-02-02 21:09:06 - [MESSAGE][PASSED] - Object: 'Object Repository/Wallpapers/Save wallpaper button' is clicked on

2024-02-02 21:09:06 - [TEST_STEP][PASSED] - click(findTestObject("Pop-up Alerts page/Draft tab")): Object: 'Object Repository/Pop-up Alerts page/Draft tab' is clicked on

2024-02-02 21:09:08 - [MESSAGE][PASSED] - Object: 'Object Repository/Pop-up Alerts page/Draft tab' is clicked on

2024-02-02 21:09:08 - [TEST_STEP][PASSED] - waitForPageLoad(2): Wait for page load successfully

2024-02-02 21:09:08 - [MESSAGE][PASSED] - Wait for page load successfully

2024-02-02 21:09:08 - [TEST_STEP][PASSED] - setText(findTestObject("Pop-up Alerts page/Search by title field"), "TC-18"): Text 'TC-18' is set on object 'Object Repository/Pop-up Alerts page/Search by title field'

2024-02-02 21:09:09 - [MESSAGE][PASSED] - Text 'TC-18' is set on object 'Object Repository/Pop-up Alerts page/Search by title field'

2024-02-02 21:09:09 - [TEST_STEP][PASSED] - verifyElementText(findTestObject("Pop-up Alerts page/Filtered sent alert"), "TC-18"): Actual text and expected text of test object 'Object Repository/Pop-up Alerts page/Filtered sent alert' are matched.

2024-02-02 21:09:09 - [MESSAGE][PASSED] - Actual text and expected text of test object 'Object Repository/Pop-up Alerts page/Filtered sent alert' are matched.]]></system-out>
         <system-err><![CDATA[]]></system-err>
      </testcase>
      <system-out><![CDATA[2024-02-02 20:57:09 - [TEST_SUITE][FAILED] - Wallpapers: Test Cases/Login Test Cases/Login with Valid Credentials FAILED.
Reason:
com.kms.katalon.core.exception.StepFailedException: Unable to verify object 'Object Repository/Login Page/DAlogo' is present
	at com.kms.katalon.core.webui.keyword.internal.WebUIKeywordMain.stepFailed(WebUIKeywordMain.groovy:64)
	at com.kms.katalon.core.webui.keyword.internal.WebUIKeywordMain.runKeyword(WebUIKeywordMain.groovy:26)
	at com.kms.katalon.core.webui.keyword.builtin.VerifyElementPresentKeyword.verifyElementPresent(VerifyElementPresentKeyword.groovy:92)
	at com.kms.katalon.core.webui.keyword.builtin.VerifyElementPresentKeyword.execute(VerifyElementPresentKeyword.groovy:68)
	at com.kms.katalon.core.keyword.internal.KeywordExecutor.executeKeywordForPlatform(KeywordExecutor.groovy:74)
	at com.kms.katalon.core.webui.keyword.WebUiBuiltInKeywords.verifyElementPresent(WebUiBuiltInKeywords.groovy:1464)
	at Login with Valid Credentials.run(Login with Valid Credentials:28)
	at com.kms.katalon.core.main.ScriptEngine.run(ScriptEngine.java:194)
	at com.kms.katalon.core.main.ScriptEngine.runScriptAsRawText(ScriptEngine.java:119)
	at com.kms.katalon.core.main.TestCaseExecutor.runScript(TestCaseExecutor.java:448)
	at com.kms.katalon.core.main.TestCaseExecutor.doExecute(TestCaseExecutor.java:439)
	at com.kms.katalon.core.main.TestCaseExecutor.processExecutionPhase(TestCaseExecutor.java:418)
	at com.kms.katalon.core.main.TestCaseExecutor.accessMainPhase(TestCaseExecutor.java:410)
	at com.kms.katalon.core.main.TestCaseExecutor.execute(TestCaseExecutor.java:285)
	at com.kms.katalon.core.common.CommonExecutor.accessTestCaseMainPhase(CommonExecutor.java:65)
	at com.kms.katalon.core.main.TestSuiteExecutor.accessTestSuiteMainPhase(TestSuiteExecutor.java:148)
	at com.kms.katalon.core.main.TestSuiteExecutor.execute(TestSuiteExecutor.java:106)
	at com.kms.katalon.core.main.TestCaseMain.startTestSuite(TestCaseMain.java:187)
	at TempTestSuite1706896264695.run(TempTestSuite1706896264695.groovy:36)
	at java.base/jdk.internal.reflect.NativeMethodAccessorImpl.invoke0(Native Method)
	at java.base/jdk.internal.reflect.NativeMethodAccessorImpl.invoke(NativeMethodAccessorImpl.java:77)
	at java.base/jdk.internal.reflect.DelegatingMethodAccessorImpl.invoke(DelegatingMethodAccessorImpl.java:43)
Caused by: com.kms.katalon.core.exception.StepFailedException: com.kms.katalon.core.webui.exception.WebElementNotFoundException: Web element with id: 'Object Repository/Login Page/DAlogo' located by '//img[@src = '/Demo/assets/DALogo-9168ca15.svg' and @alt = 'logo']' not found
	at com.kms.katalon.core.webui.keyword.internal.WebUIKeywordMain.stepFailed(WebUIKeywordMain.groovy:64)
	at com.kms.katalon.core.webui.keyword.builtin.VerifyElementPresentKeyword$_verifyElementPresent_closure1.doCall(VerifyElementPresentKeyword.groovy:85)
	at com.kms.katalon.core.webui.keyword.builtin.VerifyElementPresentKeyword$_verifyElementPresent_closure1.call(VerifyElementPresentKeyword.groovy)
	at com.kms.katalon.core.webui.keyword.internal.WebUIKeywordMain.runKeyword(WebUIKeywordMain.groovy:20)
	... 20 more]]></system-out>
      <system-err><![CDATA[2024-02-02 20:57:09 - [TEST_SUITE][FAILED] - Wallpapers: Test Cases/Login Test Cases/Login with Valid Credentials FAILED.
Reason:
com.kms.katalon.core.exception.StepFailedException: Unable to verify object 'Object Repository/Login Page/DAlogo' is present
	at com.kms.katalon.core.webui.keyword.internal.WebUIKeywordMain.stepFailed(WebUIKeywordMain.groovy:64)
	at com.kms.katalon.core.webui.keyword.internal.WebUIKeywordMain.runKeyword(WebUIKeywordMain.groovy:26)
	at com.kms.katalon.core.webui.keyword.builtin.VerifyElementPresentKeyword.verifyElementPresent(VerifyElementPresentKeyword.groovy:92)
	at com.kms.katalon.core.webui.keyword.builtin.VerifyElementPresentKeyword.execute(VerifyElementPresentKeyword.groovy:68)
	at com.kms.katalon.core.keyword.internal.KeywordExecutor.executeKeywordForPlatform(KeywordExecutor.groovy:74)
	at com.kms.katalon.core.webui.keyword.WebUiBuiltInKeywords.verifyElementPresent(WebUiBuiltInKeywords.groovy:1464)
	at Login with Valid Credentials.run(Login with Valid Credentials:28)
	at com.kms.katalon.core.main.ScriptEngine.run(ScriptEngine.java:194)
	at com.kms.katalon.core.main.ScriptEngine.runScriptAsRawText(ScriptEngine.java:119)
	at com.kms.katalon.core.main.TestCaseExecutor.runScript(TestCaseExecutor.java:448)
	at com.kms.katalon.core.main.TestCaseExecutor.doExecute(TestCaseExecutor.java:439)
	at com.kms.katalon.core.main.TestCaseExecutor.processExecutionPhase(TestCaseExecutor.java:418)
	at com.kms.katalon.core.main.TestCaseExecutor.accessMainPhase(TestCaseExecutor.java:410)
	at com.kms.katalon.core.main.TestCaseExecutor.execute(TestCaseExecutor.java:285)
	at com.kms.katalon.core.common.CommonExecutor.accessTestCaseMainPhase(CommonExecutor.java:65)
	at com.kms.katalon.core.main.TestSuiteExecutor.accessTestSuiteMainPhase(TestSuiteExecutor.java:148)
	at com.kms.katalon.core.main.TestSuiteExecutor.execute(TestSuiteExecutor.java:106)
	at com.kms.katalon.core.main.TestCaseMain.startTestSuite(TestCaseMain.java:187)
	at TempTestSuite1706896264695.run(TempTestSuite1706896264695.groovy:36)
	at java.base/jdk.internal.reflect.NativeMethodAccessorImpl.invoke0(Native Method)
	at java.base/jdk.internal.reflect.NativeMethodAccessorImpl.invoke(NativeMethodAccessorImpl.java:77)
	at java.base/jdk.internal.reflect.DelegatingMethodAccessorImpl.invoke(DelegatingMethodAccessorImpl.java:43)
Caused by: com.kms.katalon.core.exception.StepFailedException: com.kms.katalon.core.webui.exception.WebElementNotFoundException: Web element with id: 'Object Repository/Login Page/DAlogo' located by '//img[@src = '/Demo/assets/DALogo-9168ca15.svg' and @alt = 'logo']' not found
	at com.kms.katalon.core.webui.keyword.internal.WebUIKeywordMain.stepFailed(WebUIKeywordMain.groovy:64)
	at com.kms.katalon.core.webui.keyword.builtin.VerifyElementPresentKeyword$_verifyElementPresent_closure1.doCall(VerifyElementPresentKeyword.groovy:85)
	at com.kms.katalon.core.webui.keyword.builtin.VerifyElementPresentKeyword$_verifyElementPresent_closure1.call(VerifyElementPresentKeyword.groovy)
	at com.kms.katalon.core.webui.keyword.internal.WebUIKeywordMain.runKeyword(WebUIKeywordMain.groovy:20)
	... 20 more]]></system-err>
   </testsuite>
</testsuites>
