<?xml version="1.0" encoding="UTF-8"?>
<testsuites name="Scrolling ticker" time="155.716" tests="6" failures="0" errors="0">
   <testsuite name="Scrolling ticker" tests="6" failures="0" errors="0" time="155.716" skipped="0" timestamp="22-04-2024T12:00:22" hostname="Home - LAPTOP-E6BU4LL9.Dlink" id="Test Suites/Scrolling ticker">
      <properties>
         <property name="deviceName" value=""/>
         <property name="devicePlatform" value=""/>
         <property name="logFolder" value="C:\\Users\\Home\\git\\Katalon\\Reports\\20240422_120017\\Scrolling ticker\\20240422_120017"/>
         <property name="logFiles" value="C:\\Users\\Home\\git\\Katalon\\Reports\\20240422_120017\\Scrolling ticker\\20240422_120017\\execution0.log"/>
         <property name="attachments" value="C:\\Users\\Home\\git\\Katalon\\Reports\\20240422_120017\\Scrolling ticker\\20240422_120017\\1713776455048.png, C:\\Users\\Home\\git\\Katalon\\Reports\\20240422_120017\\Scrolling ticker\\20240422_120017\\1713776458996.png, C:\\Users\\Home\\git\\Katalon\\Reports\\20240422_120017\\Scrolling ticker\\20240422_120017\\1713776495732.png, C:\\Users\\Home\\git\\Katalon\\Reports\\20240422_120017\\Scrolling ticker\\20240422_120017\\1713776513711.png, C:\\Users\\Home\\git\\Katalon\\Reports\\20240422_120017\\Scrolling ticker\\20240422_120017\\1713776572559.png"/>
         <property name="hostName" value="Home - LAPTOP-E6BU4LL9.Dlink"/>
         <property name="os" value="Windows 11 64bit"/>
         <property name="katalonVersion" value="9.3.1.212"/>
         <property name="browser" value="Chrome 123.0.0.0"/>
         <property name="hostAddress" value="192.168.1.101"/>
         <property name="sessionId" value="8c677dc038d0c3b1f0c38293229f8125"/>
         <property name="seleniumVersion" value="3.141.59"/>
         <property name="proxyInformation" value="ProxyInformation { proxyOption=NO_PROXY, proxyServerType=HTTP, username=, password=********, proxyServerAddress=, proxyServerPort=0, executionList=&quot;&quot;, isApplyToDesiredCapabilities=true }"/>
         <property name="platform" value="Windows 11"/>
      </properties>
      <testcase name="Test Cases/Login Test Cases/Login with Valid Credentials" time="11.764" classname="Test Cases/Login Test Cases/Login with Valid Credentials" status="PASSED">
         <system-out><![CDATA[22-04-2024T12:00:22 - [TEST_CASE][PASSED] - Test Cases/Login Test Cases/Login with Valid Credentials: Test Cases/Login Test Cases/Login with Valid Credentials

22-04-2024T12:00:22 - [TEST_STEP][PASSED] - openBrowser(""): Browser is opened with url: ''

22-04-2024T12:00:23 - [MESSAGE][INFO] - Starting 'Chrome' driver

22-04-2024T12:00:23 - [MESSAGE][INFO] - Action delay is set to 0 milliseconds

22-04-2024T12:00:24 - [MESSAGE][PASSED] - Browser is opened with url: ''

22-04-2024T12:00:24 - [TEST_STEP][PASSED] - navigateToUrl("https://dadebug.commclouds.com/Demo"): Navigate to 'https://dadebug.commclouds.com/Demo' successfully

22-04-2024T12:00:25 - [MESSAGE][PASSED] - Navigate to 'https://dadebug.commclouds.com/Demo' successfully

22-04-2024T12:00:25 - [TEST_STEP][PASSED] - waitForPageLoad(3): Wait for page load successfully

22-04-2024T12:00:25 - [MESSAGE][PASSED] - Wait for page load successfully

22-04-2024T12:00:25 - [TEST_STEP][PASSED] - maximizeWindow(): Current window maximized

22-04-2024T12:00:25 - [MESSAGE][PASSED] - Current window maximized

22-04-2024T12:00:25 - [TEST_STEP][PASSED] - verifyElementPresent(findTestObject("Login Page/DAlogo"), 2): Object 'Object Repository/Login Page/DAlogo' is present

22-04-2024T12:00:26 - [MESSAGE][PASSED] - Object 'Object Repository/Login Page/DAlogo' is present

22-04-2024T12:00:26 - [TEST_STEP][PASSED] - verifyElementPresent(findTestObject("Login Page/Version number"), 2): Object 'Object Repository/Login Page/Version number' is present

22-04-2024T12:00:26 - [MESSAGE][PASSED] - Object 'Object Repository/Login Page/Version number' is present

22-04-2024T12:00:26 - [TEST_STEP][NOT_RUN] - verifyElementText(findTestObject("Login Page/Version number"), "Version: 11.4.0.2 (stage/11)"): NOT_RUN: verifyElementText(findTestObject("Login Page/Version number"), "Version: 11.4.0.2 (stage/11)")

22-04-2024T12:00:26 - [MESSAGE][NOT_RUN] - NOT_RUN: verifyElementText(findTestObject("Login Page/Version number"), "Version: 11.4.0.2 (stage/11)")

22-04-2024T12:00:26 - [TEST_STEP][PASSED] - setText(findTestObject("Object Repository/Login Page/Login input field"), "Zoya"): Text 'Zoya' is set on object 'Object Repository/Login Page/Login input field'

22-04-2024T12:00:27 - [MESSAGE][PASSED] - Text 'Zoya' is set on object 'Object Repository/Login Page/Login input field'

22-04-2024T12:00:27 - [TEST_STEP][PASSED] - setEncryptedText(findTestObject("Object Repository/Login Page/Password input field"), "tzH6RvlfSTg="): Text ****** has been set on object 'Object Repository/Login Page/Password input field'

22-04-2024T12:00:27 - [MESSAGE][PASSED] - Text ****** has been set on object 'Object Repository/Login Page/Password input field'

22-04-2024T12:00:27 - [TEST_STEP][PASSED] - click(findTestObject("Object Repository/Login Page/button_Log in")): Object: 'Object Repository/Login Page/button_Log in' is clicked on

22-04-2024T12:00:27 - [MESSAGE][PASSED] - Object: 'Object Repository/Login Page/button_Log in' is clicked on

22-04-2024T12:00:27 - [TEST_STEP][PASSED] - delay(4): Delayed 4 second(s)

22-04-2024T12:00:31 - [MESSAGE][PASSED] - Delayed 4 second(s)

22-04-2024T12:00:31 - [TEST_STEP][PASSED] - verifyElementPresent(findTestObject("Object Repository/Login Page/h1_Dashboard"), 4): Object 'Object Repository/Login Page/h1_Dashboard' is present

22-04-2024T12:00:32 - [MESSAGE][PASSED] - Object 'Object Repository/Login Page/h1_Dashboard' is present]]></system-out>
         <system-err><![CDATA[]]></system-err>
      </testcase>
      <testcase name="Test Cases/Ticker/Send Ticker (TC-7)" time="41.492" classname="Test Cases/Ticker/Send Ticker (TC-7)" status="PASSED">
         <system-out><![CDATA[22-04-2024T12:00:34 - [TEST_CASE][PASSED] - Test Cases/Ticker/Send Ticker (TC-7): Test Cases/Ticker/Send Ticker (TC-7)

22-04-2024T12:00:34 - [TEST_STEP][PASSED] - click(findTestObject("Dashboard Page/Compose alert button expansion")): Object: 'Object Repository/Dashboard Page/Compose alert button expansion' is clicked on

22-04-2024T12:00:34 - [MESSAGE][PASSED] - Object: 'Object Repository/Dashboard Page/Compose alert button expansion' is clicked on

22-04-2024T12:00:34 - [TEST_STEP][PASSED] - click(findTestObject("Dashboard Page/Scrolling tickers")): Object: 'Object Repository/Dashboard Page/Scrolling tickers' is clicked on

22-04-2024T12:00:35 - [MESSAGE][PASSED] - Object: 'Object Repository/Dashboard Page/Scrolling tickers' is clicked on

22-04-2024T12:00:35 - [TEST_STEP][PASSED] - verifyElementText(findTestObject("Create Scrolling ticker/Create Scrolling ticker header"), "Create Scrolling Ticker"): Actual text and expected text of test object 'Object Repository/Create Scrolling ticker/Create Scrolling ticker header' are matched.

22-04-2024T12:00:36 - [MESSAGE][PASSED] - Actual text and expected text of test object 'Object Repository/Create Scrolling ticker/Create Scrolling ticker header' are matched.

22-04-2024T12:00:36 - [TEST_STEP][PASSED] - waitForPageLoad(1): Wait for page load successfully

22-04-2024T12:00:36 - [MESSAGE][PASSED] - Wait for page load successfully

22-04-2024T12:00:36 - [TEST_STEP][PASSED] - click(findTestObject("Create Pop-up Alert Page/More button")): Object: 'Object Repository/Create Pop-up Alert Page/More button' is clicked on

22-04-2024T12:00:36 - [MESSAGE][PASSED] - Object: 'Object Repository/Create Pop-up Alert Page/More button' is clicked on

22-04-2024T12:00:36 - [TEST_STEP][PASSED] - callTestCase(findTestCase("Built-in test cases/Choose recipients"), [:], STOP_ON_FAILURE): Call Test Case 'Test Cases/Built-in test cases/Choose recipients' successfully

22-04-2024T12:00:36 - [TEST_CASE][PASSED] - Test Cases/Built-in test cases/Choose recipients: Test Cases/Built-in test cases/Choose recipients

22-04-2024T12:00:36 - [TEST_STEP][PASSED] - click(findTestObject("Create Pop-up Alert Page/Choose recipients modal window/Filter field")): Object: 'Object Repository/Create Pop-up Alert Page/Choose recipients modal window/Filter field' is clicked on

22-04-2024T12:00:37 - [MESSAGE][PASSED] - Object: 'Object Repository/Create Pop-up Alert Page/Choose recipients modal window/Filter field' is clicked on

22-04-2024T12:00:37 - [TEST_STEP][PASSED] - setText(findTestObject("Create Pop-up Alert Page/Choose recipients modal window/Filter field"), "LAPTOP-E6BU4LL9"): Text 'LAPTOP-E6BU4LL9' is set on object 'Object Repository/Create Pop-up Alert Page/Choose recipients modal window/Filter field'

22-04-2024T12:00:38 - [MESSAGE][PASSED] - Text 'LAPTOP-E6BU4LL9' is set on object 'Object Repository/Create Pop-up Alert Page/Choose recipients modal window/Filter field'

22-04-2024T12:00:38 - [TEST_STEP][PASSED] - verifyElementText(findTestObject("Create Pop-up Alert Page/Choose recipients modal window/All user list-filtered"), "LAPTOP-E6BU4LL9 "): Actual text and expected text of test object 'Object Repository/Create Pop-up Alert Page/Choose recipients modal window/All user list-filtered' are matched.

22-04-2024T12:00:39 - [MESSAGE][PASSED] - Actual text and expected text of test object 'Object Repository/Create Pop-up Alert Page/Choose recipients modal window/All user list-filtered' are matched.

22-04-2024T12:00:39 - [TEST_STEP][PASSED] - click(findTestObject("Create Pop-up Alert Page/Choose recipients modal window/filtered user selection")): Object: 'Object Repository/Create Pop-up Alert Page/Choose recipients modal window/filtered user selection' is clicked on

22-04-2024T12:00:40 - [MESSAGE][PASSED] - Object: 'Object Repository/Create Pop-up Alert Page/Choose recipients modal window/filtered user selection' is clicked on

22-04-2024T12:00:40 - [TEST_STEP][PASSED] - click(findTestObject("Create Pop-up Alert Page/Choose recipients modal window/Filter field")): Object: 'Object Repository/Create Pop-up Alert Page/Choose recipients modal window/Filter field' is clicked on

22-04-2024T12:00:40 - [MESSAGE][PASSED] - Object: 'Object Repository/Create Pop-up Alert Page/Choose recipients modal window/Filter field' is clicked on

22-04-2024T12:00:40 - [TEST_STEP][PASSED] - sendKeys(findTestObject("Create Pop-up Alert Page/Choose recipients modal window/Filter field"), Keys.chord(CONTROL, "a", BACK_SPACE)): Keys 'CONTROL + BACK_SPACE + a' sent to object: 'Object Repository/Create Pop-up Alert Page/Choose recipients modal window/Filter field'

22-04-2024T12:00:41 - [MESSAGE][PASSED] - Keys 'CONTROL + BACK_SPACE + a' sent to object: 'Object Repository/Create Pop-up Alert Page/Choose recipients modal window/Filter field'

22-04-2024T12:00:41 - [TEST_STEP][PASSED] - setText(findTestObject("Create Pop-up Alert Page/Choose recipients modal window/Filter field"), "DESKTOP-9UH6GK7"): Text 'DESKTOP-9UH6GK7' is set on object 'Object Repository/Create Pop-up Alert Page/Choose recipients modal window/Filter field'

22-04-2024T12:00:42 - [MESSAGE][PASSED] - Text 'DESKTOP-9UH6GK7' is set on object 'Object Repository/Create Pop-up Alert Page/Choose recipients modal window/Filter field'

22-04-2024T12:00:42 - [TEST_STEP][PASSED] - verifyElementText(findTestObject("Create Pop-up Alert Page/Choose recipients modal window/All user list-filtered"), "DESKTOP-9UH6GK7 "): Actual text and expected text of test object 'Object Repository/Create Pop-up Alert Page/Choose recipients modal window/All user list-filtered' are matched.

22-04-2024T12:00:43 - [MESSAGE][PASSED] - Actual text and expected text of test object 'Object Repository/Create Pop-up Alert Page/Choose recipients modal window/All user list-filtered' are matched.

22-04-2024T12:00:43 - [TEST_STEP][PASSED] - click(findTestObject("Create Pop-up Alert Page/Choose recipients modal window/filtered user selection")): Object: 'Object Repository/Create Pop-up Alert Page/Choose recipients modal window/filtered user selection' is clicked on

22-04-2024T12:00:43 - [MESSAGE][PASSED] - Object: 'Object Repository/Create Pop-up Alert Page/Choose recipients modal window/filtered user selection' is clicked on

22-04-2024T12:00:43 - [TEST_STEP][PASSED] - click(findTestObject("Wallpapers/Done")): Object: 'Object Repository/Wallpapers/Done' is clicked on

22-04-2024T12:00:44 - [MESSAGE][PASSED] - Object: 'Object Repository/Wallpapers/Done' is clicked on

22-04-2024T12:00:44 - [MESSAGE][PASSED] - Call Test Case 'Test Cases/Built-in test cases/Choose recipients' successfully

22-04-2024T12:00:44 - [TEST_STEP][PASSED] - setText(findTestObject("Create Pop-up Alert Page/Alert Title field"), "TC-7"): Text 'TC-7' is set on object 'Object Repository/Create Pop-up Alert Page/Alert Title field'

22-04-2024T12:00:45 - [MESSAGE][PASSED] - Text 'TC-7' is set on object 'Object Repository/Create Pop-up Alert Page/Alert Title field'

22-04-2024T12:00:45 - [TEST_STEP][PASSED] - switchToFrame(findTestObject("Create Pop-up Alert Page/Alert body iframe"), 2): null

22-04-2024T12:00:45 - [TEST_STEP][PASSED] - setMaskedText(findTestObject("Create Pop-up Alert Page/Alert body"),***********************************************): Text '********************************************' is set on object 'Object Repository/Create Pop-up Alert Page/Alert body'

22-04-2024T12:00:46 - [MESSAGE][PASSED] - Text '********************************************' is set on object 'Object Repository/Create Pop-up Alert Page/Alert body'

22-04-2024T12:00:46 - [TEST_STEP][PASSED] - switchToDefaultContent(): null

22-04-2024T12:00:46 - [TEST_STEP][PASSED] - click(findTestObject("Create Pop-up Alert Page/Send button")): Object: 'Object Repository/Create Pop-up Alert Page/Send button' is clicked on

22-04-2024T12:00:47 - [MESSAGE][PASSED] - Object: 'Object Repository/Create Pop-up Alert Page/Send button' is clicked on

22-04-2024T12:00:47 - [TEST_STEP][PASSED] - waitForPageLoad(2): Wait for page load successfully

22-04-2024T12:00:47 - [MESSAGE][PASSED] - Wait for page load successfully

22-04-2024T12:00:47 - [TEST_STEP][PASSED] - setText(findTestObject("Pop-up Alerts page/Search by title field"), "TC-7"): Text 'TC-7' is set on object 'Object Repository/Pop-up Alerts page/Search by title field'

22-04-2024T12:00:48 - [MESSAGE][PASSED] - Text 'TC-7' is set on object 'Object Repository/Pop-up Alerts page/Search by title field'

22-04-2024T12:00:48 - [TEST_STEP][PASSED] - verifyElementText(findTestObject("Pop-up Alerts page/Filtered sent alert"), "TC-7"): Actual text and expected text of test object 'Object Repository/Pop-up Alerts page/Filtered sent alert' are matched.

22-04-2024T12:00:49 - [MESSAGE][PASSED] - Actual text and expected text of test object 'Object Repository/Pop-up Alerts page/Filtered sent alert' are matched.

22-04-2024T12:00:49 - [TEST_STEP][PASSED] - callTestCase(findTestCase("Built-in test cases/Action menu check ticker"), [:], STOP_ON_FAILURE): Call Test Case 'Test Cases/Built-in test cases/Action menu check ticker' successfully

22-04-2024T12:00:49 - [TEST_CASE][PASSED] - Test Cases/Built-in test cases/Action menu check ticker: Test Cases/Built-in test cases/Action menu check ticker

22-04-2024T12:00:49 - [TEST_STEP][PASSED] - click(findTestObject("Survey/3dots Actions")): Object: 'Object Repository/Survey/3dots Actions' is clicked on

22-04-2024T12:00:50 - [MESSAGE][PASSED] - Object: 'Object Repository/Survey/3dots Actions' is clicked on

22-04-2024T12:00:50 - [TEST_STEP][PASSED] - click(findTestObject("Pop-up Alerts page/Stop-Start alert")): Object: 'Object Repository/Pop-up Alerts page/Stop-Start alert' is clicked on

22-04-2024T12:00:50 - [MESSAGE][PASSED] - Object: 'Object Repository/Pop-up Alerts page/Stop-Start alert' is clicked on

22-04-2024T12:00:50 - [TEST_STEP][PASSED] - verifyElementPresent(findTestObject("Pop-up Alerts page/Stopped status"), 2): Object 'Object Repository/Pop-up Alerts page/Stopped status' is present

22-04-2024T12:00:51 - [MESSAGE][PASSED] - Object 'Object Repository/Pop-up Alerts page/Stopped status' is present

22-04-2024T12:00:51 - [TEST_STEP][PASSED] - click(findTestObject("Survey/3dots Actions")): Object: 'Object Repository/Survey/3dots Actions' is clicked on

22-04-2024T12:00:51 - [MESSAGE][PASSED] - Object: 'Object Repository/Survey/3dots Actions' is clicked on

22-04-2024T12:00:51 - [TEST_STEP][PASSED] - click(findTestObject("Pop-up Alerts page/Stop-Start alert")): Object: 'Object Repository/Pop-up Alerts page/Stop-Start alert' is clicked on

22-04-2024T12:00:52 - [MESSAGE][PASSED] - Object: 'Object Repository/Pop-up Alerts page/Stop-Start alert' is clicked on

22-04-2024T12:00:52 - [TEST_STEP][PASSED] - verifyElementPresent(findTestObject("Pop-up Alerts page/Disributing status"), 2): Object 'Object Repository/Pop-up Alerts page/Disributing status' is present

22-04-2024T12:00:53 - [MESSAGE][PASSED] - Object 'Object Repository/Pop-up Alerts page/Disributing status' is present

22-04-2024T12:00:53 - [TEST_STEP][PASSED] - click(findTestObject("Survey/3dots Actions")): Object: 'Object Repository/Survey/3dots Actions' is clicked on

22-04-2024T12:00:53 - [MESSAGE][PASSED] - Object: 'Object Repository/Survey/3dots Actions' is clicked on

22-04-2024T12:00:53 - [TEST_STEP][PASSED] - click(findTestObject("Pop-up Alerts page/View graph")): Object: 'Object Repository/Pop-up Alerts page/View graph' is clicked on

22-04-2024T12:00:55 - [MESSAGE][PASSED] - Object: 'Object Repository/Pop-up Alerts page/View graph' is clicked on

22-04-2024T12:00:55 - [TEST_STEP][PASSED] - takeElementScreenshot(findTestObject("Pop-up Alerts page/View graph image")): Taking screenshot successfully

22-04-2024T12:00:55 - [MESSAGE][WARNING] - Timeout '0' is invalid. Using default page load timeout: '30'

22-04-2024T12:00:55 - [MESSAGE][INFO] - 0 hidden object(s)

22-04-2024T12:00:55 - [MESSAGE][PASSED] - Taking screenshot successfully
[[ATTACHMENT|C:\\Users\\Home\\git\\Katalon\\Reports\\20240422_120017\\Scrolling ticker\\20240422_120017\\1713776455048.png]]

22-04-2024T12:00:55 - [TEST_STEP][PASSED] - click(findTestObject("Pop-up Alerts page/view graph close btn")): Object: 'Object Repository/Pop-up Alerts page/view graph close btn' is clicked on

22-04-2024T12:00:56 - [MESSAGE][PASSED] - Object: 'Object Repository/Pop-up Alerts page/view graph close btn' is clicked on

22-04-2024T12:00:56 - [TEST_STEP][PASSED] - click(findTestObject("Survey/3dots Actions")): Object: 'Object Repository/Survey/3dots Actions' is clicked on

22-04-2024T12:00:57 - [MESSAGE][PASSED] - Object: 'Object Repository/Survey/3dots Actions' is clicked on

22-04-2024T12:00:57 - [TEST_STEP][PASSED] - click(findTestObject("Pop-up Alerts page/Preview in actions menu")): Object: 'Object Repository/Pop-up Alerts page/Preview in actions menu' is clicked on

22-04-2024T12:00:57 - [MESSAGE][PASSED] - Object: 'Object Repository/Pop-up Alerts page/Preview in actions menu' is clicked on

22-04-2024T12:00:57 - [TEST_STEP][PASSED] - switchToFrame(findTestObject("Create Scrolling ticker/Preview ticker frame"), 2): null

22-04-2024T12:00:58 - [TEST_STEP][PASSED] - takeFullPageScreenshot([]): Taking screenshot successfully

22-04-2024T12:00:58 - [MESSAGE][INFO] - 0 hidden object(s)

22-04-2024T12:00:59 - [MESSAGE][INFO] - 0 hidden object(s)

22-04-2024T12:00:59 - [MESSAGE][PASSED] - Taking screenshot successfully
[[ATTACHMENT|C:\\Users\\Home\\git\\Katalon\\Reports\\20240422_120017\\Scrolling ticker\\20240422_120017\\1713776458996.png]]

22-04-2024T12:00:59 - [TEST_STEP][PASSED] - click(findTestObject("Create Scrolling ticker/Close ticker preview")): Object: 'Object Repository/Create Scrolling ticker/Close ticker preview' is clicked on

22-04-2024T12:01:00 - [MESSAGE][PASSED] - Object: 'Object Repository/Create Scrolling ticker/Close ticker preview' is clicked on

22-04-2024T12:01:00 - [TEST_STEP][PASSED] - switchToDefaultContent(): null

22-04-2024T12:01:00 - [TEST_STEP][PASSED] - click(findTestObject("Survey/3dots Actions")): Object: 'Object Repository/Survey/3dots Actions' is clicked on

22-04-2024T12:01:00 - [MESSAGE][PASSED] - Object: 'Object Repository/Survey/3dots Actions' is clicked on

22-04-2024T12:01:00 - [TEST_STEP][PASSED] - click(findTestObject("Pop-up Alerts page/Duplicate alert")): Object: 'Object Repository/Pop-up Alerts page/Duplicate alert' is clicked on

22-04-2024T12:01:01 - [MESSAGE][PASSED] - Object: 'Object Repository/Pop-up Alerts page/Duplicate alert' is clicked on

22-04-2024T12:01:01 - [MESSAGE][PASSED] - Call Test Case 'Test Cases/Built-in test cases/Action menu check ticker' successfully

22-04-2024T12:01:01 - [TEST_STEP][PASSED] - sendKeys(findTestObject("Create Pop-up Alert Page/Alert Title field"), Keys.chord(CONTROL, "a", BACK_SPACE)): Keys 'CONTROL + BACK_SPACE + a' sent to object: 'Object Repository/Create Pop-up Alert Page/Alert Title field'

22-04-2024T12:01:02 - [MESSAGE][PASSED] - Keys 'CONTROL + BACK_SPACE + a' sent to object: 'Object Repository/Create Pop-up Alert Page/Alert Title field'

22-04-2024T12:01:02 - [TEST_STEP][PASSED] - setText(findTestObject("Create Pop-up Alert Page/Alert Title field"), "Duplicate ticker"): Text 'Duplicate ticker' is set on object 'Object Repository/Create Pop-up Alert Page/Alert Title field'

22-04-2024T12:01:03 - [MESSAGE][PASSED] - Text 'Duplicate ticker' is set on object 'Object Repository/Create Pop-up Alert Page/Alert Title field'

22-04-2024T12:01:03 - [TEST_STEP][PASSED] - click(findTestObject("Create Pop-up Alert Page/Send button")): Object: 'Object Repository/Create Pop-up Alert Page/Send button' is clicked on

22-04-2024T12:01:03 - [MESSAGE][PASSED] - Object: 'Object Repository/Create Pop-up Alert Page/Send button' is clicked on

22-04-2024T12:01:03 - [TEST_STEP][PASSED] - waitForPageLoad(5): Wait for page load successfully

22-04-2024T12:01:03 - [MESSAGE][PASSED] - Wait for page load successfully

22-04-2024T12:01:03 - [TEST_STEP][PASSED] - setText(findTestObject("Pop-up Alerts page/Search by title field"), "TC-7"): Text 'TC-7' is set on object 'Object Repository/Pop-up Alerts page/Search by title field'

22-04-2024T12:01:04 - [MESSAGE][PASSED] - Text 'TC-7' is set on object 'Object Repository/Pop-up Alerts page/Search by title field'

22-04-2024T12:01:04 - [TEST_STEP][PASSED] - waitForPageLoad(5): Wait for page load successfully

22-04-2024T12:01:04 - [MESSAGE][PASSED] - Wait for page load successfully

22-04-2024T12:01:04 - [TEST_STEP][PASSED] - waitForElementClickable(findTestObject("Survey/3dots Actions"), 2): Object 'Object Repository/Survey/3dots Actions' is clickable

22-04-2024T12:01:05 - [MESSAGE][PASSED] - Object 'Object Repository/Survey/3dots Actions' is clickable

22-04-2024T12:01:05 - [TEST_STEP][PASSED] - click(findTestObject("Survey/3dots Actions")): Object: 'Object Repository/Survey/3dots Actions' is clicked on

22-04-2024T12:01:06 - [MESSAGE][PASSED] - Object: 'Object Repository/Survey/3dots Actions' is clicked on

22-04-2024T12:01:06 - [TEST_STEP][PASSED] - waitForElementClickable(findTestObject("Pop-up Alerts page/resend alert from actions menu"), 2): Object 'Object Repository/Pop-up Alerts page/resend alert from actions menu' is clickable

22-04-2024T12:01:06 - [MESSAGE][PASSED] - Object 'Object Repository/Pop-up Alerts page/resend alert from actions menu' is clickable

22-04-2024T12:01:06 - [TEST_STEP][PASSED] - click(findTestObject("Pop-up Alerts page/resend alert from actions menu")): Object: 'Object Repository/Pop-up Alerts page/resend alert from actions menu' is clicked on

22-04-2024T12:01:07 - [MESSAGE][PASSED] - Object: 'Object Repository/Pop-up Alerts page/resend alert from actions menu' is clicked on

22-04-2024T12:01:07 - [TEST_STEP][PASSED] - click(findTestObject("Pop-up Alerts page/Resend btn")): Object: 'Object Repository/Pop-up Alerts page/Resend btn' is clicked on

22-04-2024T12:01:07 - [MESSAGE][PASSED] - Object: 'Object Repository/Pop-up Alerts page/Resend btn' is clicked on

22-04-2024T12:01:07 - [TEST_STEP][PASSED] - sendKeys(findTestObject("Pop-up Alerts page/Search by title field"), Keys.chord(CONTROL, "a", BACK_SPACE)): Keys 'CONTROL + BACK_SPACE + a' sent to object: 'Object Repository/Pop-up Alerts page/Search by title field'

22-04-2024T12:01:08 - [MESSAGE][PASSED] - Keys 'CONTROL + BACK_SPACE + a' sent to object: 'Object Repository/Pop-up Alerts page/Search by title field'

22-04-2024T12:01:08 - [TEST_STEP][PASSED] - setText(findTestObject("Pop-up Alerts page/Search by title field"), "TC-7"): Text 'TC-7' is set on object 'Object Repository/Pop-up Alerts page/Search by title field'

22-04-2024T12:01:10 - [MESSAGE][PASSED] - Text 'TC-7' is set on object 'Object Repository/Pop-up Alerts page/Search by title field'

22-04-2024T12:01:10 - [TEST_STEP][PASSED] - verifyElementClickable(findTestObject("Pop-up Alerts page/Select all checkbox")): Object 'Object Repository/Pop-up Alerts page/Select all checkbox' is clickable

22-04-2024T12:01:11 - [MESSAGE][PASSED] - Object 'Object Repository/Pop-up Alerts page/Select all checkbox' is clickable

22-04-2024T12:01:11 - [TEST_STEP][PASSED] - check(findTestObject("Pop-up Alerts page/Select all checkbox")): Object 'Object Repository/Pop-up Alerts page/Select all checkbox' is checked

22-04-2024T12:01:12 - [MESSAGE][PASSED] - Object 'Object Repository/Pop-up Alerts page/Select all checkbox' is checked

22-04-2024T12:01:12 - [TEST_STEP][PASSED] - verifyElementChecked(findTestObject("Pop-up Alerts page/Select all checkbox"), 1): Object 'Object Repository/Pop-up Alerts page/Select all checkbox' is checked

22-04-2024T12:01:12 - [MESSAGE][PASSED] - Object 'Object Repository/Pop-up Alerts page/Select all checkbox' is checked

22-04-2024T12:01:12 - [TEST_STEP][PASSED] - click(findTestObject("Pop-up Alerts page/delete all")): Object: 'Object Repository/Pop-up Alerts page/delete all' is clicked on

22-04-2024T12:01:13 - [MESSAGE][PASSED] - Object: 'Object Repository/Pop-up Alerts page/delete all' is clicked on

22-04-2024T12:01:13 - [TEST_STEP][PASSED] - click(findTestObject("Pop-up Alerts page/Confirm deletion btn")): Object: 'Object Repository/Pop-up Alerts page/Confirm deletion btn' is clicked on

22-04-2024T12:01:13 - [MESSAGE][PASSED] - Object: 'Object Repository/Pop-up Alerts page/Confirm deletion btn' is clicked on]]></system-out>
         <system-err><![CDATA[]]></system-err>
      </testcase>
      <testcase name="Test Cases/Ticker/Draft ticker (TC-8)" time="25.23" classname="Test Cases/Ticker/Draft ticker (TC-8)" status="PASSED">
         <system-out><![CDATA[22-04-2024T12:01:15 - [TEST_CASE][PASSED] - Test Cases/Ticker/Draft ticker (TC-8): Test Cases/Ticker/Draft ticker (TC-8)

22-04-2024T12:01:15 - [TEST_STEP][PASSED] - click(findTestObject("Pop-up Alerts page/New alert button")): Object: 'Object Repository/Pop-up Alerts page/New alert button' is clicked on

22-04-2024T12:01:16 - [MESSAGE][PASSED] - Object: 'Object Repository/Pop-up Alerts page/New alert button' is clicked on

22-04-2024T12:01:16 - [TEST_STEP][PASSED] - verifyElementText(findTestObject("Create Scrolling ticker/Create Scrolling ticker header"), "Create Scrolling Ticker"): Actual text and expected text of test object 'Object Repository/Create Scrolling ticker/Create Scrolling ticker header' are matched.

22-04-2024T12:01:16 - [MESSAGE][PASSED] - Actual text and expected text of test object 'Object Repository/Create Scrolling ticker/Create Scrolling ticker header' are matched.

22-04-2024T12:01:16 - [TEST_STEP][PASSED] - waitForPageLoad(1): Wait for page load successfully

22-04-2024T12:01:16 - [MESSAGE][PASSED] - Wait for page load successfully

22-04-2024T12:01:16 - [TEST_STEP][PASSED] - click(findTestObject("Create Pop-up Alert Page/More button")): Object: 'Object Repository/Create Pop-up Alert Page/More button' is clicked on

22-04-2024T12:01:17 - [MESSAGE][PASSED] - Object: 'Object Repository/Create Pop-up Alert Page/More button' is clicked on

22-04-2024T12:01:17 - [TEST_STEP][PASSED] - callTestCase(findTestCase("Built-in test cases/Choose recipients"), [:], STOP_ON_FAILURE): Call Test Case 'Test Cases/Built-in test cases/Choose recipients' successfully

22-04-2024T12:01:17 - [TEST_CASE][PASSED] - Test Cases/Built-in test cases/Choose recipients: Test Cases/Built-in test cases/Choose recipients

22-04-2024T12:01:17 - [TEST_STEP][PASSED] - click(findTestObject("Create Pop-up Alert Page/Choose recipients modal window/Filter field")): Object: 'Object Repository/Create Pop-up Alert Page/Choose recipients modal window/Filter field' is clicked on

22-04-2024T12:01:17 - [MESSAGE][PASSED] - Object: 'Object Repository/Create Pop-up Alert Page/Choose recipients modal window/Filter field' is clicked on

22-04-2024T12:01:17 - [TEST_STEP][PASSED] - setText(findTestObject("Create Pop-up Alert Page/Choose recipients modal window/Filter field"), "LAPTOP-E6BU4LL9"): Text 'LAPTOP-E6BU4LL9' is set on object 'Object Repository/Create Pop-up Alert Page/Choose recipients modal window/Filter field'

22-04-2024T12:01:18 - [MESSAGE][PASSED] - Text 'LAPTOP-E6BU4LL9' is set on object 'Object Repository/Create Pop-up Alert Page/Choose recipients modal window/Filter field'

22-04-2024T12:01:19 - [TEST_STEP][PASSED] - verifyElementText(findTestObject("Create Pop-up Alert Page/Choose recipients modal window/All user list-filtered"), "LAPTOP-E6BU4LL9 "): Actual text and expected text of test object 'Object Repository/Create Pop-up Alert Page/Choose recipients modal window/All user list-filtered' are matched.

22-04-2024T12:01:20 - [MESSAGE][PASSED] - Actual text and expected text of test object 'Object Repository/Create Pop-up Alert Page/Choose recipients modal window/All user list-filtered' are matched.

22-04-2024T12:01:20 - [TEST_STEP][PASSED] - click(findTestObject("Create Pop-up Alert Page/Choose recipients modal window/filtered user selection")): Object: 'Object Repository/Create Pop-up Alert Page/Choose recipients modal window/filtered user selection' is clicked on

22-04-2024T12:01:21 - [MESSAGE][PASSED] - Object: 'Object Repository/Create Pop-up Alert Page/Choose recipients modal window/filtered user selection' is clicked on

22-04-2024T12:01:21 - [TEST_STEP][PASSED] - click(findTestObject("Create Pop-up Alert Page/Choose recipients modal window/Filter field")): Object: 'Object Repository/Create Pop-up Alert Page/Choose recipients modal window/Filter field' is clicked on

22-04-2024T12:01:22 - [MESSAGE][PASSED] - Object: 'Object Repository/Create Pop-up Alert Page/Choose recipients modal window/Filter field' is clicked on

22-04-2024T12:01:22 - [TEST_STEP][PASSED] - sendKeys(findTestObject("Create Pop-up Alert Page/Choose recipients modal window/Filter field"), Keys.chord(CONTROL, "a", BACK_SPACE)): Keys 'CONTROL + BACK_SPACE + a' sent to object: 'Object Repository/Create Pop-up Alert Page/Choose recipients modal window/Filter field'

22-04-2024T12:01:22 - [MESSAGE][PASSED] - Keys 'CONTROL + BACK_SPACE + a' sent to object: 'Object Repository/Create Pop-up Alert Page/Choose recipients modal window/Filter field'

22-04-2024T12:01:22 - [TEST_STEP][PASSED] - setText(findTestObject("Create Pop-up Alert Page/Choose recipients modal window/Filter field"), "DESKTOP-9UH6GK7"): Text 'DESKTOP-9UH6GK7' is set on object 'Object Repository/Create Pop-up Alert Page/Choose recipients modal window/Filter field'

22-04-2024T12:01:23 - [MESSAGE][PASSED] - Text 'DESKTOP-9UH6GK7' is set on object 'Object Repository/Create Pop-up Alert Page/Choose recipients modal window/Filter field'

22-04-2024T12:01:23 - [TEST_STEP][PASSED] - verifyElementText(findTestObject("Create Pop-up Alert Page/Choose recipients modal window/All user list-filtered"), "DESKTOP-9UH6GK7 "): Actual text and expected text of test object 'Object Repository/Create Pop-up Alert Page/Choose recipients modal window/All user list-filtered' are matched.

22-04-2024T12:01:24 - [MESSAGE][PASSED] - Actual text and expected text of test object 'Object Repository/Create Pop-up Alert Page/Choose recipients modal window/All user list-filtered' are matched.

22-04-2024T12:01:24 - [TEST_STEP][PASSED] - click(findTestObject("Create Pop-up Alert Page/Choose recipients modal window/filtered user selection")): Object: 'Object Repository/Create Pop-up Alert Page/Choose recipients modal window/filtered user selection' is clicked on

22-04-2024T12:01:25 - [MESSAGE][PASSED] - Object: 'Object Repository/Create Pop-up Alert Page/Choose recipients modal window/filtered user selection' is clicked on

22-04-2024T12:01:25 - [TEST_STEP][PASSED] - click(findTestObject("Wallpapers/Done")): Object: 'Object Repository/Wallpapers/Done' is clicked on

22-04-2024T12:01:25 - [MESSAGE][PASSED] - Object: 'Object Repository/Wallpapers/Done' is clicked on

22-04-2024T12:01:25 - [MESSAGE][PASSED] - Call Test Case 'Test Cases/Built-in test cases/Choose recipients' successfully

22-04-2024T12:01:25 - [TEST_STEP][NOT_RUN] - verifyElementPresent(findTestObject("Create Pop-up Alert Page/Choose recipients modal window/Choosen users filtered"), 2): NOT_RUN: verifyElementPresent(findTestObject("Create Pop-up Alert Page/Choose recipients modal window/Choosen users filtered"), 2)

22-04-2024T12:01:25 - [MESSAGE][NOT_RUN] - NOT_RUN: verifyElementPresent(findTestObject("Create Pop-up Alert Page/Choose recipients modal window/Choosen users filtered"), 2)

22-04-2024T12:01:25 - [TEST_STEP][PASSED] - setText(findTestObject("Create Pop-up Alert Page/Alert Title field"), "TC-8"): Text 'TC-8' is set on object 'Object Repository/Create Pop-up Alert Page/Alert Title field'

22-04-2024T12:01:26 - [MESSAGE][PASSED] - Text 'TC-8' is set on object 'Object Repository/Create Pop-up Alert Page/Alert Title field'

22-04-2024T12:01:26 - [TEST_STEP][PASSED] - switchToFrame(findTestObject("Create Pop-up Alert Page/Alert body iframe"), 2): null

22-04-2024T12:01:26 - [TEST_STEP][PASSED] - setMaskedText(findTestObject("Create Pop-up Alert Page/Alert body"),*****************************************************): Text '**************************************************' is set on object 'Object Repository/Create Pop-up Alert Page/Alert body'

22-04-2024T12:01:28 - [MESSAGE][PASSED] - Text '**************************************************' is set on object 'Object Repository/Create Pop-up Alert Page/Alert body'

22-04-2024T12:01:28 - [TEST_STEP][PASSED] - switchToDefaultContent(): null

22-04-2024T12:01:28 - [TEST_STEP][PASSED] - click(findTestObject("Create Pop-up Alert Page/Save Button")): Object: 'Object Repository/Create Pop-up Alert Page/Save Button' is clicked on

22-04-2024T12:01:28 - [MESSAGE][PASSED] - Object: 'Object Repository/Create Pop-up Alert Page/Save Button' is clicked on

22-04-2024T12:01:28 - [TEST_STEP][PASSED] - waitForPageLoad(2): Wait for page load successfully

22-04-2024T12:01:28 - [MESSAGE][PASSED] - Wait for page load successfully

22-04-2024T12:01:28 - [TEST_STEP][PASSED] - click(findTestObject("Pop-up Alerts page/Draft tab")): Object: 'Object Repository/Pop-up Alerts page/Draft tab' is clicked on

22-04-2024T12:01:29 - [MESSAGE][PASSED] - Object: 'Object Repository/Pop-up Alerts page/Draft tab' is clicked on

22-04-2024T12:01:29 - [TEST_STEP][PASSED] - setText(findTestObject("Pop-up Alerts page/Search by title field"), "TC-8"): Text 'TC-8' is set on object 'Object Repository/Pop-up Alerts page/Search by title field'

22-04-2024T12:01:30 - [MESSAGE][PASSED] - Text 'TC-8' is set on object 'Object Repository/Pop-up Alerts page/Search by title field'

22-04-2024T12:01:30 - [TEST_STEP][PASSED] - verifyElementText(findTestObject("Pop-up Alerts page/Filtered sent alert"), "TC-8"): Actual text and expected text of test object 'Object Repository/Pop-up Alerts page/Filtered sent alert' are matched.

22-04-2024T12:01:31 - [MESSAGE][PASSED] - Actual text and expected text of test object 'Object Repository/Pop-up Alerts page/Filtered sent alert' are matched.

22-04-2024T12:01:31 - [TEST_STEP][PASSED] - click(findTestObject("Survey/3dots Actions")): Object: 'Object Repository/Survey/3dots Actions' is clicked on

22-04-2024T12:01:32 - [MESSAGE][PASSED] - Object: 'Object Repository/Survey/3dots Actions' is clicked on

22-04-2024T12:01:32 - [TEST_STEP][PASSED] - click(findTestObject("Pop-up Alerts page/Preview Draft alert Actions")): Object: 'Object Repository/Pop-up Alerts page/Preview Draft alert Actions' is clicked on

22-04-2024T12:01:32 - [MESSAGE][PASSED] - Object: 'Object Repository/Pop-up Alerts page/Preview Draft alert Actions' is clicked on

22-04-2024T12:01:32 - [TEST_STEP][PASSED] - switchToFrame(findTestObject("Create Scrolling ticker/Preview ticker frame"), 2): null

22-04-2024T12:01:33 - [TEST_STEP][PASSED] - delay(2): Delayed 2 second(s)

22-04-2024T12:01:35 - [MESSAGE][PASSED] - Delayed 2 second(s)

22-04-2024T12:01:35 - [TEST_STEP][PASSED] - takeFullPageScreenshot([]): Taking screenshot successfully

22-04-2024T12:01:35 - [MESSAGE][INFO] - 0 hidden object(s)

22-04-2024T12:01:36 - [MESSAGE][INFO] - 0 hidden object(s)

22-04-2024T12:01:36 - [MESSAGE][PASSED] - Taking screenshot successfully
[[ATTACHMENT|C:\\Users\\Home\\git\\Katalon\\Reports\\20240422_120017\\Scrolling ticker\\20240422_120017\\1713776495732.png]]

22-04-2024T12:01:36 - [TEST_STEP][PASSED] - click(findTestObject("Create Scrolling ticker/Close ticker preview")): Object: 'Object Repository/Create Scrolling ticker/Close ticker preview' is clicked on

22-04-2024T12:01:36 - [MESSAGE][PASSED] - Object: 'Object Repository/Create Scrolling ticker/Close ticker preview' is clicked on

22-04-2024T12:01:36 - [TEST_STEP][PASSED] - switchToDefaultContent(): null

22-04-2024T12:01:36 - [TEST_STEP][PASSED] - click(findTestObject("Survey/3dots Actions")): Object: 'Object Repository/Survey/3dots Actions' is clicked on

22-04-2024T12:01:36 - [MESSAGE][PASSED] - Object: 'Object Repository/Survey/3dots Actions' is clicked on

22-04-2024T12:01:36 - [TEST_STEP][PASSED] - click(findTestObject("Pop-up Alerts page/Edit Draft alert Actions")): Object: 'Object Repository/Pop-up Alerts page/Edit Draft alert Actions' is clicked on

22-04-2024T12:01:37 - [MESSAGE][PASSED] - Object: 'Object Repository/Pop-up Alerts page/Edit Draft alert Actions' is clicked on

22-04-2024T12:01:37 - [TEST_STEP][PASSED] - verifyElementPresent(findTestObject("Create Scrolling ticker/Create Scrolling ticker header"), 2): Object 'Object Repository/Create Scrolling ticker/Create Scrolling ticker header' is present

22-04-2024T12:01:38 - [MESSAGE][PASSED] - Object 'Object Repository/Create Scrolling ticker/Create Scrolling ticker header' is present

22-04-2024T12:01:38 - [TEST_STEP][PASSED] - verifyElementText(findTestObject("Create Pop-up Alert Page/Create Pop-up Alert header"), "Create Scrolling Ticker"): Actual text and expected text of test object 'Object Repository/Create Pop-up Alert Page/Create Pop-up Alert header' are matched.

22-04-2024T12:01:38 - [MESSAGE][PASSED] - Actual text and expected text of test object 'Object Repository/Create Pop-up Alert Page/Create Pop-up Alert header' are matched.

22-04-2024T12:01:38 - [TEST_STEP][PASSED] - click(findTestObject("Create Pop-up Alert Page/Save Button")): Object: 'Object Repository/Create Pop-up Alert Page/Save Button' is clicked on

22-04-2024T12:01:38 - [MESSAGE][PASSED] - Object: 'Object Repository/Create Pop-up Alert Page/Save Button' is clicked on]]></system-out>
         <system-err><![CDATA[]]></system-err>
      </testcase>
      <testcase name="Test Cases/Ticker/Ticker template creation (TC-9)" time="34.09" classname="Test Cases/Ticker/Ticker template creation (TC-9)" status="PASSED">
         <system-out><![CDATA[22-04-2024T12:01:40 - [TEST_CASE][PASSED] - Test Cases/Ticker/Ticker template creation (TC-9): Test Cases/Ticker/Ticker template creation (TC-9)

22-04-2024T12:01:41 - [TEST_STEP][PASSED] - click(findTestObject("Pop-up Alerts page/Templates tab")): Object: 'Object Repository/Pop-up Alerts page/Templates tab' is clicked on

22-04-2024T12:01:41 - [MESSAGE][PASSED] - Object: 'Object Repository/Pop-up Alerts page/Templates tab' is clicked on

22-04-2024T12:01:41 - [TEST_STEP][PASSED] - click(findTestObject("Pop-up Alerts page/New Template button")): Object: 'Object Repository/Pop-up Alerts page/New Template button' is clicked on

22-04-2024T12:01:42 - [MESSAGE][PASSED] - Object: 'Object Repository/Pop-up Alerts page/New Template button' is clicked on

22-04-2024T12:01:42 - [TEST_STEP][PASSED] - setText(findTestObject("Create Template/Template title"), "TC-9"): Text 'TC-9' is set on object 'Object Repository/Create Template/Template title'

22-04-2024T12:01:43 - [MESSAGE][PASSED] - Text 'TC-9' is set on object 'Object Repository/Create Template/Template title'

22-04-2024T12:01:43 - [TEST_STEP][PASSED] - switchToFrame(findTestObject("Create Pop-up Alert Page/Alert body iframe"), 2): null

22-04-2024T12:01:43 - [TEST_STEP][PASSED] - TemplateBody = ""The News Tickers is a handy and easy tool for creating a creeping line(running text, ticker). This is perfect for news broadcasts, updates, and more projects that refer to current events. Use for any formats and themes of video: news, sports, advertising, video blog, and others. Special made for COVID-19 situation in the world. Color controls available. A video tutorial is also included in the download."": null

22-04-2024T12:01:43 - [TEST_STEP][PASSED] - setMaskedText(findTestObject("Create Pop-up Alert Page/Alert body"),*************): Text '************************************************************************************************************************************************************************************************************************************************************************************************************************************************************************************************************************' is set on object 'Object Repository/Create Pop-up Alert Page/Alert body'

22-04-2024T12:01:46 - [MESSAGE][PASSED] - Text '************************************************************************************************************************************************************************************************************************************************************************************************************************************************************************************************************************' is set on object 'Object Repository/Create Pop-up Alert Page/Alert body'

22-04-2024T12:01:46 - [TEST_STEP][PASSED] - switchToDefaultContent(): null

22-04-2024T12:01:46 - [TEST_STEP][PASSED] - click(findTestObject("Create Pop-up Alert Page/Save Button")): Object: 'Object Repository/Create Pop-up Alert Page/Save Button' is clicked on

22-04-2024T12:01:46 - [MESSAGE][PASSED] - Object: 'Object Repository/Create Pop-up Alert Page/Save Button' is clicked on

22-04-2024T12:01:46 - [TEST_STEP][PASSED] - click(findTestObject("Pop-up Alerts page/Templates tab")): Object: 'Object Repository/Pop-up Alerts page/Templates tab' is clicked on

22-04-2024T12:01:48 - [MESSAGE][PASSED] - Object: 'Object Repository/Pop-up Alerts page/Templates tab' is clicked on

22-04-2024T12:01:48 - [TEST_STEP][PASSED] - setText(findTestObject("Pop-up Alerts page/Search by title field"), "TC-9"): Text 'TC-9' is set on object 'Object Repository/Pop-up Alerts page/Search by title field'

22-04-2024T12:01:49 - [MESSAGE][PASSED] - Text 'TC-9' is set on object 'Object Repository/Pop-up Alerts page/Search by title field'

22-04-2024T12:01:49 - [TEST_STEP][PASSED] - delay(2): Delayed 2 second(s)

22-04-2024T12:01:51 - [MESSAGE][PASSED] - Delayed 2 second(s)

22-04-2024T12:01:51 - [TEST_STEP][PASSED] - verifyElementText(findTestObject("Pop-up Alerts page/Filtered Template"), "TC-9"): Actual text and expected text of test object 'Object Repository/Pop-up Alerts page/Filtered Template' are matched.

22-04-2024T12:01:51 - [MESSAGE][PASSED] - Actual text and expected text of test object 'Object Repository/Pop-up Alerts page/Filtered Template' are matched.

22-04-2024T12:01:51 - [TEST_STEP][PASSED] - click(findTestObject("Survey/3dots Actions")): Object: 'Object Repository/Survey/3dots Actions' is clicked on

22-04-2024T12:01:52 - [MESSAGE][PASSED] - Object: 'Object Repository/Survey/3dots Actions' is clicked on

22-04-2024T12:01:52 - [TEST_STEP][PASSED] - click(findTestObject("Templates Action menu/Preview Template Action")): Object: 'Object Repository/Templates Action menu/Preview Template Action' is clicked on

22-04-2024T12:01:52 - [MESSAGE][PASSED] - Object: 'Object Repository/Templates Action menu/Preview Template Action' is clicked on

22-04-2024T12:01:52 - [TEST_STEP][PASSED] - switchToFrame(findTestObject("Create Scrolling ticker/Preview ticker frame"), 2): null

22-04-2024T12:01:53 - [TEST_STEP][PASSED] - takeFullPageScreenshot([]): Taking screenshot successfully

22-04-2024T12:01:53 - [MESSAGE][INFO] - 0 hidden object(s)

22-04-2024T12:01:54 - [MESSAGE][INFO] - 0 hidden object(s)

22-04-2024T12:01:54 - [MESSAGE][PASSED] - Taking screenshot successfully
[[ATTACHMENT|C:\\Users\\Home\\git\\Katalon\\Reports\\20240422_120017\\Scrolling ticker\\20240422_120017\\1713776513711.png]]

22-04-2024T12:01:54 - [TEST_STEP][PASSED] - click(findTestObject("Create Scrolling ticker/Close ticker preview")): Object: 'Object Repository/Create Scrolling ticker/Close ticker preview' is clicked on

22-04-2024T12:01:54 - [MESSAGE][PASSED] - Object: 'Object Repository/Create Scrolling ticker/Close ticker preview' is clicked on

22-04-2024T12:01:54 - [TEST_STEP][PASSED] - switchToDefaultContent(): null

22-04-2024T12:01:54 - [TEST_STEP][PASSED] - click(findTestObject("Survey/3dots Actions")): Object: 'Object Repository/Survey/3dots Actions' is clicked on

22-04-2024T12:01:55 - [MESSAGE][PASSED] - Object: 'Object Repository/Survey/3dots Actions' is clicked on

22-04-2024T12:01:55 - [TEST_STEP][PASSED] - click(findTestObject("Templates Action menu/Edit Template Action")): Object: 'Object Repository/Templates Action menu/Edit Template Action' is clicked on

22-04-2024T12:01:55 - [MESSAGE][PASSED] - Object: 'Object Repository/Templates Action menu/Edit Template Action' is clicked on

22-04-2024T12:01:55 - [TEST_STEP][PASSED] - verifyElementPresent(findTestObject("Create Scrolling ticker/Create Scrolling ticker header"), 2): Object 'Object Repository/Create Scrolling ticker/Create Scrolling ticker header' is present

22-04-2024T12:01:56 - [MESSAGE][PASSED] - Object 'Object Repository/Create Scrolling ticker/Create Scrolling ticker header' is present

22-04-2024T12:01:56 - [TEST_STEP][PASSED] - verifyElementText(findTestObject("Create Pop-up Alert Page/Create Pop-up Alert header"), "Edit Template"): Actual text and expected text of test object 'Object Repository/Create Pop-up Alert Page/Create Pop-up Alert header' are matched.

22-04-2024T12:01:56 - [MESSAGE][PASSED] - Actual text and expected text of test object 'Object Repository/Create Pop-up Alert Page/Create Pop-up Alert header' are matched.

22-04-2024T12:01:56 - [TEST_STEP][PASSED] - click(findTestObject("Create Pop-up Alert Page/Save Button")): Object: 'Object Repository/Create Pop-up Alert Page/Save Button' is clicked on

22-04-2024T12:01:57 - [MESSAGE][PASSED] - Object: 'Object Repository/Create Pop-up Alert Page/Save Button' is clicked on

22-04-2024T12:01:57 - [TEST_STEP][PASSED] - click(findTestObject("Pop-up Alerts page/Templates tab")): Object: 'Object Repository/Pop-up Alerts page/Templates tab' is clicked on

22-04-2024T12:01:58 - [MESSAGE][PASSED] - Object: 'Object Repository/Pop-up Alerts page/Templates tab' is clicked on

22-04-2024T12:01:58 - [TEST_STEP][PASSED] - setText(findTestObject("Pop-up Alerts page/Search by title field"), "TC-9"): Text 'TC-9' is set on object 'Object Repository/Pop-up Alerts page/Search by title field'

22-04-2024T12:01:59 - [MESSAGE][PASSED] - Text 'TC-9' is set on object 'Object Repository/Pop-up Alerts page/Search by title field'

22-04-2024T12:01:59 - [TEST_STEP][PASSED] - delay(2): Delayed 2 second(s)

22-04-2024T12:02:01 - [MESSAGE][PASSED] - Delayed 2 second(s)

22-04-2024T12:02:01 - [TEST_STEP][PASSED] - verifyElementText(findTestObject("Pop-up Alerts page/Filtered Template"), "TC-9"): Actual text and expected text of test object 'Object Repository/Pop-up Alerts page/Filtered Template' are matched.

22-04-2024T12:02:01 - [MESSAGE][PASSED] - Actual text and expected text of test object 'Object Repository/Pop-up Alerts page/Filtered Template' are matched.

22-04-2024T12:02:01 - [TEST_STEP][PASSED] - click(findTestObject("Survey/3dots Actions")): Object: 'Object Repository/Survey/3dots Actions' is clicked on

22-04-2024T12:02:01 - [MESSAGE][PASSED] - Object: 'Object Repository/Survey/3dots Actions' is clicked on

22-04-2024T12:02:01 - [TEST_STEP][PASSED] - click(findTestObject("Templates Action menu/Create alert using this template")): Object: 'Object Repository/Templates Action menu/Create alert using this template' is clicked on

22-04-2024T12:02:02 - [MESSAGE][PASSED] - Object: 'Object Repository/Templates Action menu/Create alert using this template' is clicked on

22-04-2024T12:02:02 - [TEST_STEP][PASSED] - click(findTestObject("Create Pop-up Alert Page/More button")): Object: 'Object Repository/Create Pop-up Alert Page/More button' is clicked on

22-04-2024T12:02:03 - [MESSAGE][PASSED] - Object: 'Object Repository/Create Pop-up Alert Page/More button' is clicked on

22-04-2024T12:02:03 - [TEST_STEP][PASSED] - callTestCase(findTestCase("Built-in test cases/Choose recipients"), [:], STOP_ON_FAILURE): Call Test Case 'Test Cases/Built-in test cases/Choose recipients' successfully

22-04-2024T12:02:03 - [TEST_CASE][PASSED] - Test Cases/Built-in test cases/Choose recipients: Test Cases/Built-in test cases/Choose recipients

22-04-2024T12:02:03 - [TEST_STEP][PASSED] - click(findTestObject("Create Pop-up Alert Page/Choose recipients modal window/Filter field")): Object: 'Object Repository/Create Pop-up Alert Page/Choose recipients modal window/Filter field' is clicked on

22-04-2024T12:02:04 - [MESSAGE][PASSED] - Object: 'Object Repository/Create Pop-up Alert Page/Choose recipients modal window/Filter field' is clicked on

22-04-2024T12:02:04 - [TEST_STEP][PASSED] - setText(findTestObject("Create Pop-up Alert Page/Choose recipients modal window/Filter field"), "LAPTOP-E6BU4LL9"): Text 'LAPTOP-E6BU4LL9' is set on object 'Object Repository/Create Pop-up Alert Page/Choose recipients modal window/Filter field'

22-04-2024T12:02:05 - [MESSAGE][PASSED] - Text 'LAPTOP-E6BU4LL9' is set on object 'Object Repository/Create Pop-up Alert Page/Choose recipients modal window/Filter field'

22-04-2024T12:02:05 - [TEST_STEP][PASSED] - verifyElementText(findTestObject("Create Pop-up Alert Page/Choose recipients modal window/All user list-filtered"), "LAPTOP-E6BU4LL9 "): Actual text and expected text of test object 'Object Repository/Create Pop-up Alert Page/Choose recipients modal window/All user list-filtered' are matched.

22-04-2024T12:02:07 - [MESSAGE][PASSED] - Actual text and expected text of test object 'Object Repository/Create Pop-up Alert Page/Choose recipients modal window/All user list-filtered' are matched.

22-04-2024T12:02:07 - [TEST_STEP][PASSED] - click(findTestObject("Create Pop-up Alert Page/Choose recipients modal window/filtered user selection")): Object: 'Object Repository/Create Pop-up Alert Page/Choose recipients modal window/filtered user selection' is clicked on

22-04-2024T12:02:07 - [MESSAGE][PASSED] - Object: 'Object Repository/Create Pop-up Alert Page/Choose recipients modal window/filtered user selection' is clicked on

22-04-2024T12:02:07 - [TEST_STEP][PASSED] - click(findTestObject("Create Pop-up Alert Page/Choose recipients modal window/Filter field")): Object: 'Object Repository/Create Pop-up Alert Page/Choose recipients modal window/Filter field' is clicked on

22-04-2024T12:02:07 - [MESSAGE][PASSED] - Object: 'Object Repository/Create Pop-up Alert Page/Choose recipients modal window/Filter field' is clicked on

22-04-2024T12:02:07 - [TEST_STEP][PASSED] - sendKeys(findTestObject("Create Pop-up Alert Page/Choose recipients modal window/Filter field"), Keys.chord(CONTROL, "a", BACK_SPACE)): Keys 'CONTROL + BACK_SPACE + a' sent to object: 'Object Repository/Create Pop-up Alert Page/Choose recipients modal window/Filter field'

22-04-2024T12:02:08 - [MESSAGE][PASSED] - Keys 'CONTROL + BACK_SPACE + a' sent to object: 'Object Repository/Create Pop-up Alert Page/Choose recipients modal window/Filter field'

22-04-2024T12:02:08 - [TEST_STEP][PASSED] - setText(findTestObject("Create Pop-up Alert Page/Choose recipients modal window/Filter field"), "DESKTOP-9UH6GK7"): Text 'DESKTOP-9UH6GK7' is set on object 'Object Repository/Create Pop-up Alert Page/Choose recipients modal window/Filter field'

22-04-2024T12:02:09 - [MESSAGE][PASSED] - Text 'DESKTOP-9UH6GK7' is set on object 'Object Repository/Create Pop-up Alert Page/Choose recipients modal window/Filter field'

22-04-2024T12:02:09 - [TEST_STEP][PASSED] - verifyElementText(findTestObject("Create Pop-up Alert Page/Choose recipients modal window/All user list-filtered"), "DESKTOP-9UH6GK7 "): Actual text and expected text of test object 'Object Repository/Create Pop-up Alert Page/Choose recipients modal window/All user list-filtered' are matched.

22-04-2024T12:02:10 - [MESSAGE][PASSED] - Actual text and expected text of test object 'Object Repository/Create Pop-up Alert Page/Choose recipients modal window/All user list-filtered' are matched.

22-04-2024T12:02:10 - [TEST_STEP][PASSED] - click(findTestObject("Create Pop-up Alert Page/Choose recipients modal window/filtered user selection")): Object: 'Object Repository/Create Pop-up Alert Page/Choose recipients modal window/filtered user selection' is clicked on

22-04-2024T12:02:10 - [MESSAGE][PASSED] - Object: 'Object Repository/Create Pop-up Alert Page/Choose recipients modal window/filtered user selection' is clicked on

22-04-2024T12:02:10 - [TEST_STEP][PASSED] - click(findTestObject("Wallpapers/Done")): Object: 'Object Repository/Wallpapers/Done' is clicked on

22-04-2024T12:02:11 - [MESSAGE][PASSED] - Object: 'Object Repository/Wallpapers/Done' is clicked on

22-04-2024T12:02:11 - [MESSAGE][PASSED] - Call Test Case 'Test Cases/Built-in test cases/Choose recipients' successfully

22-04-2024T12:02:11 - [TEST_STEP][PASSED] - setText(findTestObject("Create Template/Template title"), " Template"): Text ' Template' is set on object 'Object Repository/Create Template/Template title'

22-04-2024T12:02:12 - [MESSAGE][PASSED] - Text ' Template' is set on object 'Object Repository/Create Template/Template title'

22-04-2024T12:02:12 - [TEST_STEP][PASSED] - click(findTestObject("Create Pop-up Alert Page/Send button")): Object: 'Object Repository/Create Pop-up Alert Page/Send button' is clicked on

22-04-2024T12:02:12 - [MESSAGE][PASSED] - Object: 'Object Repository/Create Pop-up Alert Page/Send button' is clicked on]]></system-out>
         <system-err><![CDATA[]]></system-err>
      </testcase>
      <testcase name="Test Cases/Ticker/Send ticker with template (TC-10)" time="17.726" classname="Test Cases/Ticker/Send ticker with template (TC-10)" status="PASSED">
         <system-out><![CDATA[22-04-2024T12:02:15 - [TEST_CASE][PASSED] - Test Cases/Ticker/Send ticker with template (TC-10): Test Cases/Ticker/Send ticker with template (TC-10)

22-04-2024T12:02:15 - [TEST_STEP][PASSED] - click(findTestObject("Dashboard Page/Compose alert button expansion")): Object: 'Object Repository/Dashboard Page/Compose alert button expansion' is clicked on

22-04-2024T12:02:15 - [MESSAGE][PASSED] - Object: 'Object Repository/Dashboard Page/Compose alert button expansion' is clicked on

22-04-2024T12:02:15 - [TEST_STEP][PASSED] - click(findTestObject("Dashboard Page/Scrolling tickers")): Object: 'Object Repository/Dashboard Page/Scrolling tickers' is clicked on

22-04-2024T12:02:16 - [MESSAGE][PASSED] - Object: 'Object Repository/Dashboard Page/Scrolling tickers' is clicked on

22-04-2024T12:02:16 - [TEST_STEP][PASSED] - verifyElementText(findTestObject("Create Scrolling ticker/Create Scrolling ticker header"), "Create Scrolling Ticker"): Actual text and expected text of test object 'Object Repository/Create Scrolling ticker/Create Scrolling ticker header' are matched.

22-04-2024T12:02:17 - [MESSAGE][PASSED] - Actual text and expected text of test object 'Object Repository/Create Scrolling ticker/Create Scrolling ticker header' are matched.

22-04-2024T12:02:17 - [TEST_STEP][PASSED] - waitForPageLoad(1): Wait for page load successfully

22-04-2024T12:02:17 - [MESSAGE][PASSED] - Wait for page load successfully

22-04-2024T12:02:17 - [TEST_STEP][PASSED] - click(findTestObject("Create Pop-up Alert Page/More button")): Object: 'Object Repository/Create Pop-up Alert Page/More button' is clicked on

22-04-2024T12:02:17 - [MESSAGE][PASSED] - Object: 'Object Repository/Create Pop-up Alert Page/More button' is clicked on

22-04-2024T12:02:17 - [TEST_STEP][PASSED] - callTestCase(findTestCase("Built-in test cases/Choose recipients"), [:], STOP_ON_FAILURE): Call Test Case 'Test Cases/Built-in test cases/Choose recipients' successfully

22-04-2024T12:02:17 - [TEST_CASE][PASSED] - Test Cases/Built-in test cases/Choose recipients: Test Cases/Built-in test cases/Choose recipients

22-04-2024T12:02:17 - [TEST_STEP][PASSED] - click(findTestObject("Create Pop-up Alert Page/Choose recipients modal window/Filter field")): Object: 'Object Repository/Create Pop-up Alert Page/Choose recipients modal window/Filter field' is clicked on

22-04-2024T12:02:17 - [MESSAGE][PASSED] - Object: 'Object Repository/Create Pop-up Alert Page/Choose recipients modal window/Filter field' is clicked on

22-04-2024T12:02:17 - [TEST_STEP][PASSED] - setText(findTestObject("Create Pop-up Alert Page/Choose recipients modal window/Filter field"), "LAPTOP-E6BU4LL9"): Text 'LAPTOP-E6BU4LL9' is set on object 'Object Repository/Create Pop-up Alert Page/Choose recipients modal window/Filter field'

22-04-2024T12:02:19 - [MESSAGE][PASSED] - Text 'LAPTOP-E6BU4LL9' is set on object 'Object Repository/Create Pop-up Alert Page/Choose recipients modal window/Filter field'

22-04-2024T12:02:19 - [TEST_STEP][PASSED] - verifyElementText(findTestObject("Create Pop-up Alert Page/Choose recipients modal window/All user list-filtered"), "LAPTOP-E6BU4LL9 "): Actual text and expected text of test object 'Object Repository/Create Pop-up Alert Page/Choose recipients modal window/All user list-filtered' are matched.

22-04-2024T12:02:20 - [MESSAGE][PASSED] - Actual text and expected text of test object 'Object Repository/Create Pop-up Alert Page/Choose recipients modal window/All user list-filtered' are matched.

22-04-2024T12:02:20 - [TEST_STEP][PASSED] - click(findTestObject("Create Pop-up Alert Page/Choose recipients modal window/filtered user selection")): Object: 'Object Repository/Create Pop-up Alert Page/Choose recipients modal window/filtered user selection' is clicked on

22-04-2024T12:02:21 - [MESSAGE][PASSED] - Object: 'Object Repository/Create Pop-up Alert Page/Choose recipients modal window/filtered user selection' is clicked on

22-04-2024T12:02:21 - [TEST_STEP][PASSED] - click(findTestObject("Create Pop-up Alert Page/Choose recipients modal window/Filter field")): Object: 'Object Repository/Create Pop-up Alert Page/Choose recipients modal window/Filter field' is clicked on

22-04-2024T12:02:21 - [MESSAGE][PASSED] - Object: 'Object Repository/Create Pop-up Alert Page/Choose recipients modal window/Filter field' is clicked on

22-04-2024T12:02:21 - [TEST_STEP][PASSED] - sendKeys(findTestObject("Create Pop-up Alert Page/Choose recipients modal window/Filter field"), Keys.chord(CONTROL, "a", BACK_SPACE)): Keys 'CONTROL + BACK_SPACE + a' sent to object: 'Object Repository/Create Pop-up Alert Page/Choose recipients modal window/Filter field'

22-04-2024T12:02:22 - [MESSAGE][PASSED] - Keys 'CONTROL + BACK_SPACE + a' sent to object: 'Object Repository/Create Pop-up Alert Page/Choose recipients modal window/Filter field'

22-04-2024T12:02:22 - [TEST_STEP][PASSED] - setText(findTestObject("Create Pop-up Alert Page/Choose recipients modal window/Filter field"), "DESKTOP-9UH6GK7"): Text 'DESKTOP-9UH6GK7' is set on object 'Object Repository/Create Pop-up Alert Page/Choose recipients modal window/Filter field'

22-04-2024T12:02:23 - [MESSAGE][PASSED] - Text 'DESKTOP-9UH6GK7' is set on object 'Object Repository/Create Pop-up Alert Page/Choose recipients modal window/Filter field'

22-04-2024T12:02:23 - [TEST_STEP][PASSED] - verifyElementText(findTestObject("Create Pop-up Alert Page/Choose recipients modal window/All user list-filtered"), "DESKTOP-9UH6GK7 "): Actual text and expected text of test object 'Object Repository/Create Pop-up Alert Page/Choose recipients modal window/All user list-filtered' are matched.

22-04-2024T12:02:24 - [MESSAGE][PASSED] - Actual text and expected text of test object 'Object Repository/Create Pop-up Alert Page/Choose recipients modal window/All user list-filtered' are matched.

22-04-2024T12:02:24 - [TEST_STEP][PASSED] - click(findTestObject("Create Pop-up Alert Page/Choose recipients modal window/filtered user selection")): Object: 'Object Repository/Create Pop-up Alert Page/Choose recipients modal window/filtered user selection' is clicked on

22-04-2024T12:02:24 - [MESSAGE][PASSED] - Object: 'Object Repository/Create Pop-up Alert Page/Choose recipients modal window/filtered user selection' is clicked on

22-04-2024T12:02:24 - [TEST_STEP][PASSED] - click(findTestObject("Wallpapers/Done")): Object: 'Object Repository/Wallpapers/Done' is clicked on

22-04-2024T12:02:25 - [MESSAGE][PASSED] - Object: 'Object Repository/Wallpapers/Done' is clicked on

22-04-2024T12:02:25 - [MESSAGE][PASSED] - Call Test Case 'Test Cases/Built-in test cases/Choose recipients' successfully

22-04-2024T12:02:25 - [TEST_STEP][PASSED] - click(findTestObject("Create Pop-up Alert Page/Template selection button")): Object: 'Object Repository/Create Pop-up Alert Page/Template selection button' is clicked on

22-04-2024T12:02:26 - [MESSAGE][PASSED] - Object: 'Object Repository/Create Pop-up Alert Page/Template selection button' is clicked on

22-04-2024T12:02:26 - [TEST_STEP][PASSED] - click(findTestObject("Create Scrolling ticker/Ticker Template with given name")): Object: 'Object Repository/Create Scrolling ticker/Ticker Template with given name' is clicked on

22-04-2024T12:02:26 - [MESSAGE][PASSED] - Object: 'Object Repository/Create Scrolling ticker/Ticker Template with given name' is clicked on

22-04-2024T12:02:26 - [TEST_STEP][PASSED] - sendKeys(findTestObject("Create Pop-up Alert Page/Alert Title field"), Keys.chord(CONTROL, "a", BACK_SPACE)): Keys 'CONTROL + BACK_SPACE + a' sent to object: 'Object Repository/Create Pop-up Alert Page/Alert Title field'

22-04-2024T12:02:27 - [MESSAGE][PASSED] - Keys 'CONTROL + BACK_SPACE + a' sent to object: 'Object Repository/Create Pop-up Alert Page/Alert Title field'

22-04-2024T12:02:27 - [TEST_STEP][PASSED] - setText(findTestObject("Create Pop-up Alert Page/Alert Title field"), "TC-10"): Text 'TC-10' is set on object 'Object Repository/Create Pop-up Alert Page/Alert Title field'

22-04-2024T12:02:28 - [MESSAGE][PASSED] - Text 'TC-10' is set on object 'Object Repository/Create Pop-up Alert Page/Alert Title field'

22-04-2024T12:02:28 - [TEST_STEP][PASSED] - click(findTestObject("Create Pop-up Alert Page/Send button")): Object: 'Object Repository/Create Pop-up Alert Page/Send button' is clicked on

22-04-2024T12:02:28 - [MESSAGE][PASSED] - Object: 'Object Repository/Create Pop-up Alert Page/Send button' is clicked on

22-04-2024T12:02:28 - [TEST_STEP][PASSED] - waitForPageLoad(2): Wait for page load successfully

22-04-2024T12:02:28 - [MESSAGE][PASSED] - Wait for page load successfully

22-04-2024T12:02:28 - [TEST_STEP][PASSED] - setText(findTestObject("Pop-up Alerts page/Search by title field"), "TC-10"): Text 'TC-10' is set on object 'Object Repository/Pop-up Alerts page/Search by title field'

22-04-2024T12:02:30 - [MESSAGE][PASSED] - Text 'TC-10' is set on object 'Object Repository/Pop-up Alerts page/Search by title field'

22-04-2024T12:02:30 - [TEST_STEP][PASSED] - verifyElementText(findTestObject("Pop-up Alerts page/Filtered sent alert"), "TC-10"): Actual text and expected text of test object 'Object Repository/Pop-up Alerts page/Filtered sent alert' are matched.

22-04-2024T12:02:30 - [MESSAGE][PASSED] - Actual text and expected text of test object 'Object Repository/Pop-up Alerts page/Filtered sent alert' are matched.]]></system-out>
         <system-err><![CDATA[]]></system-err>
      </testcase>
      <testcase name="Test Cases/Ticker/Ticker Preview (TC-11)" time="25.268" classname="Test Cases/Ticker/Ticker Preview (TC-11)" status="PASSED">
         <system-out><![CDATA[22-04-2024T12:02:32 - [TEST_CASE][PASSED] - Test Cases/Ticker/Ticker Preview (TC-11): Test Cases/Ticker/Ticker Preview (TC-11)

22-04-2024T12:02:32 - [TEST_STEP][PASSED] - click(findTestObject("Dashboard Page/Compose alert button expansion")): Object: 'Object Repository/Dashboard Page/Compose alert button expansion' is clicked on

22-04-2024T12:02:33 - [MESSAGE][PASSED] - Object: 'Object Repository/Dashboard Page/Compose alert button expansion' is clicked on

22-04-2024T12:02:33 - [TEST_STEP][PASSED] - click(findTestObject("Dashboard Page/Scrolling tickers")): Object: 'Object Repository/Dashboard Page/Scrolling tickers' is clicked on

22-04-2024T12:02:33 - [MESSAGE][PASSED] - Object: 'Object Repository/Dashboard Page/Scrolling tickers' is clicked on

22-04-2024T12:02:33 - [TEST_STEP][PASSED] - refresh(): Refresh successfully

22-04-2024T12:02:34 - [MESSAGE][PASSED] - Refresh successfully

22-04-2024T12:02:34 - [TEST_STEP][PASSED] - verifyElementText(findTestObject("Create Scrolling ticker/Create Scrolling ticker header"), "Create Scrolling Ticker"): Actual text and expected text of test object 'Object Repository/Create Scrolling ticker/Create Scrolling ticker header' are matched.

22-04-2024T12:02:35 - [MESSAGE][PASSED] - Actual text and expected text of test object 'Object Repository/Create Scrolling ticker/Create Scrolling ticker header' are matched.

22-04-2024T12:02:35 - [TEST_STEP][PASSED] - waitForPageLoad(1): Wait for page load successfully

22-04-2024T12:02:35 - [MESSAGE][PASSED] - Wait for page load successfully

22-04-2024T12:02:35 - [TEST_STEP][PASSED] - click(findTestObject("Create Pop-up Alert Page/More button")): Object: 'Object Repository/Create Pop-up Alert Page/More button' is clicked on

22-04-2024T12:02:36 - [MESSAGE][PASSED] - Object: 'Object Repository/Create Pop-up Alert Page/More button' is clicked on

22-04-2024T12:02:36 - [TEST_STEP][PASSED] - callTestCase(findTestCase("Built-in test cases/Choose recipients"), [:], STOP_ON_FAILURE): Call Test Case 'Test Cases/Built-in test cases/Choose recipients' successfully

22-04-2024T12:02:36 - [TEST_CASE][PASSED] - Test Cases/Built-in test cases/Choose recipients: Test Cases/Built-in test cases/Choose recipients

22-04-2024T12:02:36 - [TEST_STEP][PASSED] - click(findTestObject("Create Pop-up Alert Page/Choose recipients modal window/Filter field")): Object: 'Object Repository/Create Pop-up Alert Page/Choose recipients modal window/Filter field' is clicked on

22-04-2024T12:02:36 - [MESSAGE][PASSED] - Object: 'Object Repository/Create Pop-up Alert Page/Choose recipients modal window/Filter field' is clicked on

22-04-2024T12:02:36 - [TEST_STEP][PASSED] - setText(findTestObject("Create Pop-up Alert Page/Choose recipients modal window/Filter field"), "LAPTOP-E6BU4LL9"): Text 'LAPTOP-E6BU4LL9' is set on object 'Object Repository/Create Pop-up Alert Page/Choose recipients modal window/Filter field'

22-04-2024T12:02:37 - [MESSAGE][PASSED] - Text 'LAPTOP-E6BU4LL9' is set on object 'Object Repository/Create Pop-up Alert Page/Choose recipients modal window/Filter field'

22-04-2024T12:02:37 - [TEST_STEP][PASSED] - verifyElementText(findTestObject("Create Pop-up Alert Page/Choose recipients modal window/All user list-filtered"), "LAPTOP-E6BU4LL9 "): Actual text and expected text of test object 'Object Repository/Create Pop-up Alert Page/Choose recipients modal window/All user list-filtered' are matched.

22-04-2024T12:02:39 - [MESSAGE][PASSED] - Actual text and expected text of test object 'Object Repository/Create Pop-up Alert Page/Choose recipients modal window/All user list-filtered' are matched.

22-04-2024T12:02:39 - [TEST_STEP][PASSED] - click(findTestObject("Create Pop-up Alert Page/Choose recipients modal window/filtered user selection")): Object: 'Object Repository/Create Pop-up Alert Page/Choose recipients modal window/filtered user selection' is clicked on

22-04-2024T12:02:39 - [MESSAGE][PASSED] - Object: 'Object Repository/Create Pop-up Alert Page/Choose recipients modal window/filtered user selection' is clicked on

22-04-2024T12:02:39 - [TEST_STEP][PASSED] - click(findTestObject("Create Pop-up Alert Page/Choose recipients modal window/Filter field")): Object: 'Object Repository/Create Pop-up Alert Page/Choose recipients modal window/Filter field' is clicked on

22-04-2024T12:02:40 - [MESSAGE][PASSED] - Object: 'Object Repository/Create Pop-up Alert Page/Choose recipients modal window/Filter field' is clicked on

22-04-2024T12:02:40 - [TEST_STEP][PASSED] - sendKeys(findTestObject("Create Pop-up Alert Page/Choose recipients modal window/Filter field"), Keys.chord(CONTROL, "a", BACK_SPACE)): Keys 'CONTROL + BACK_SPACE + a' sent to object: 'Object Repository/Create Pop-up Alert Page/Choose recipients modal window/Filter field'

22-04-2024T12:02:40 - [MESSAGE][PASSED] - Keys 'CONTROL + BACK_SPACE + a' sent to object: 'Object Repository/Create Pop-up Alert Page/Choose recipients modal window/Filter field'

22-04-2024T12:02:40 - [TEST_STEP][PASSED] - setText(findTestObject("Create Pop-up Alert Page/Choose recipients modal window/Filter field"), "DESKTOP-9UH6GK7"): Text 'DESKTOP-9UH6GK7' is set on object 'Object Repository/Create Pop-up Alert Page/Choose recipients modal window/Filter field'

22-04-2024T12:02:41 - [MESSAGE][PASSED] - Text 'DESKTOP-9UH6GK7' is set on object 'Object Repository/Create Pop-up Alert Page/Choose recipients modal window/Filter field'

22-04-2024T12:02:41 - [TEST_STEP][PASSED] - verifyElementText(findTestObject("Create Pop-up Alert Page/Choose recipients modal window/All user list-filtered"), "DESKTOP-9UH6GK7 "): Actual text and expected text of test object 'Object Repository/Create Pop-up Alert Page/Choose recipients modal window/All user list-filtered' are matched.

22-04-2024T12:02:42 - [MESSAGE][PASSED] - Actual text and expected text of test object 'Object Repository/Create Pop-up Alert Page/Choose recipients modal window/All user list-filtered' are matched.

22-04-2024T12:02:42 - [TEST_STEP][PASSED] - click(findTestObject("Create Pop-up Alert Page/Choose recipients modal window/filtered user selection")): Object: 'Object Repository/Create Pop-up Alert Page/Choose recipients modal window/filtered user selection' is clicked on

22-04-2024T12:02:43 - [MESSAGE][PASSED] - Object: 'Object Repository/Create Pop-up Alert Page/Choose recipients modal window/filtered user selection' is clicked on

22-04-2024T12:02:43 - [TEST_STEP][PASSED] - click(findTestObject("Wallpapers/Done")): Object: 'Object Repository/Wallpapers/Done' is clicked on

22-04-2024T12:02:43 - [MESSAGE][PASSED] - Object: 'Object Repository/Wallpapers/Done' is clicked on

22-04-2024T12:02:43 - [MESSAGE][PASSED] - Call Test Case 'Test Cases/Built-in test cases/Choose recipients' successfully

22-04-2024T12:02:43 - [TEST_STEP][PASSED] - setText(findTestObject("Create Pop-up Alert Page/Alert Title field"), "TC-11"): Text 'TC-11' is set on object 'Object Repository/Create Pop-up Alert Page/Alert Title field'

22-04-2024T12:02:44 - [MESSAGE][PASSED] - Text 'TC-11' is set on object 'Object Repository/Create Pop-up Alert Page/Alert Title field'

22-04-2024T12:02:44 - [TEST_STEP][PASSED] - switchToFrame(findTestObject("Create Pop-up Alert Page/Alert body iframe"), 2): null

22-04-2024T12:02:45 - [TEST_STEP][PASSED] - setMaskedText(findTestObject("Create Pop-up Alert Page/Alert body"),************************************************************): Text '*********************************************************' is set on object 'Object Repository/Create Pop-up Alert Page/Alert body'

22-04-2024T12:02:46 - [MESSAGE][PASSED] - Text '*********************************************************' is set on object 'Object Repository/Create Pop-up Alert Page/Alert body'

22-04-2024T12:02:46 - [TEST_STEP][PASSED] - switchToDefaultContent(): null

22-04-2024T12:02:46 - [TEST_STEP][PASSED] - click(findTestObject("Create Pop-up Alert Page/Alerts settings right-hand menu/ticker skin choice button")): Object: 'Object Repository/Create Pop-up Alert Page/Alerts settings right-hand menu/ticker skin choice button' is clicked on

22-04-2024T12:02:47 - [MESSAGE][PASSED] - Object: 'Object Repository/Create Pop-up Alert Page/Alerts settings right-hand menu/ticker skin choice button' is clicked on

22-04-2024T12:02:47 - [TEST_STEP][PASSED] - click(findTestObject("Create Pop-up Alert Page/Alerts settings right-hand menu/Ticker skin with given index")): Object: 'Object Repository/Create Pop-up Alert Page/Alerts settings right-hand menu/Ticker skin with given index' is clicked on

22-04-2024T12:02:48 - [MESSAGE][PASSED] - Object: 'Object Repository/Create Pop-up Alert Page/Alerts settings right-hand menu/Ticker skin with given index' is clicked on

22-04-2024T12:02:48 - [TEST_STEP][PASSED] - check(findTestObject("Create Pop-up Alert Page/Alerts settings right-hand menu/Acknowledgement checkbox")): Object 'Object Repository/Create Pop-up Alert Page/Alerts settings right-hand menu/Acknowledgement checkbox' is checked

22-04-2024T12:02:48 - [MESSAGE][PASSED] - Object 'Object Repository/Create Pop-up Alert Page/Alerts settings right-hand menu/Acknowledgement checkbox' is checked

22-04-2024T12:02:48 - [TEST_STEP][PASSED] - verifyElementChecked(findTestObject("Create Pop-up Alert Page/Alerts settings right-hand menu/Acknowledgement checkbox"), 2): Object 'Object Repository/Create Pop-up Alert Page/Alerts settings right-hand menu/Acknowledgement checkbox' is checked

22-04-2024T12:02:49 - [MESSAGE][PASSED] - Object 'Object Repository/Create Pop-up Alert Page/Alerts settings right-hand menu/Acknowledgement checkbox' is checked

22-04-2024T12:02:49 - [TEST_STEP][PASSED] - scrollToElement(findTestObject("Create Pop-up Alert Page/Alerts settings right-hand menu/Enable user feedback checkbox"), 2): Scroll to object 'Object Repository/Create Pop-up Alert Page/Alerts settings right-hand menu/Enable user feedback checkbox' successfully

22-04-2024T12:02:50 - [MESSAGE][PASSED] - Scroll to object 'Object Repository/Create Pop-up Alert Page/Alerts settings right-hand menu/Enable user feedback checkbox' successfully

22-04-2024T12:02:50 - [TEST_STEP][PASSED] - check(findTestObject("Create Pop-up Alert Page/Alerts settings right-hand menu/Enable user feedback checkbox")): Object 'Object Repository/Create Pop-up Alert Page/Alerts settings right-hand menu/Enable user feedback checkbox' is checked

22-04-2024T12:02:50 - [MESSAGE][PASSED] - Object 'Object Repository/Create Pop-up Alert Page/Alerts settings right-hand menu/Enable user feedback checkbox' is checked

22-04-2024T12:02:50 - [TEST_STEP][PASSED] - verifyElementChecked(findTestObject("Create Pop-up Alert Page/Alerts settings right-hand menu/Enable user feedback checkbox"), 2): Object 'Object Repository/Create Pop-up Alert Page/Alerts settings right-hand menu/Enable user feedback checkbox' is checked

22-04-2024T12:02:50 - [MESSAGE][PASSED] - Object 'Object Repository/Create Pop-up Alert Page/Alerts settings right-hand menu/Enable user feedback checkbox' is checked

22-04-2024T12:02:50 - [TEST_STEP][PASSED] - click(findTestObject("Create Pop-up Alert Page/Preview button")): Object: 'Object Repository/Create Pop-up Alert Page/Preview button' is clicked on

22-04-2024T12:02:51 - [MESSAGE][PASSED] - Object: 'Object Repository/Create Pop-up Alert Page/Preview button' is clicked on

22-04-2024T12:02:51 - [TEST_STEP][PASSED] - switchToFrame(findTestObject("Create Scrolling ticker/preview ticker iframe"), 2): null

22-04-2024T12:02:52 - [TEST_STEP][PASSED] - takeFullPageScreenshot(): Taking screenshot successfully

22-04-2024T12:02:52 - [MESSAGE][INFO] - 0 hidden object(s)

22-04-2024T12:02:53 - [MESSAGE][PASSED] - Taking screenshot successfully
[[ATTACHMENT|C:\\Users\\Home\\git\\Katalon\\Reports\\20240422_120017\\Scrolling ticker\\20240422_120017\\1713776572559.png]]

22-04-2024T12:02:53 - [TEST_STEP][PASSED] - verifyElementPresent(findTestObject("Create Scrolling ticker/ticker aknowledgement ok"), 1): Object 'Object Repository/Create Scrolling ticker/ticker aknowledgement ok' is present

22-04-2024T12:02:53 - [MESSAGE][PASSED] - Object 'Object Repository/Create Scrolling ticker/ticker aknowledgement ok' is present

22-04-2024T12:02:53 - [TEST_STEP][PASSED] - verifyElementPresent(findTestObject("Create Scrolling ticker/ticker user feedback"), 1): Object 'Object Repository/Create Scrolling ticker/ticker user feedback' is present

22-04-2024T12:02:53 - [MESSAGE][PASSED] - Object 'Object Repository/Create Scrolling ticker/ticker user feedback' is present

22-04-2024T12:02:53 - [TEST_STEP][PASSED] - verifyElementPresent(findTestObject("Create Scrolling ticker/Notification ticker logo"), 1): Object 'Object Repository/Create Scrolling ticker/Notification ticker logo' is present

22-04-2024T12:02:53 - [MESSAGE][PASSED] - Object 'Object Repository/Create Scrolling ticker/Notification ticker logo' is present

22-04-2024T12:02:53 - [TEST_STEP][PASSED] - verifyElementText(findTestObject("Create Scrolling ticker/ticker title preview"), "TC-11"): Actual text and expected text of test object 'Object Repository/Create Scrolling ticker/ticker title preview' are matched.

22-04-2024T12:02:53 - [MESSAGE][PASSED] - Actual text and expected text of test object 'Object Repository/Create Scrolling ticker/ticker title preview' are matched.

22-04-2024T12:02:53 - [TEST_STEP][PASSED] - switchToDefaultContent(): null

22-04-2024T12:02:53 - [TEST_STEP][PASSED] - click(findTestObject("Create Pop-up Alert Page/Send button")): Object: 'Object Repository/Create Pop-up Alert Page/Send button' is clicked on

22-04-2024T12:02:53 - [MESSAGE][PASSED] - Object: 'Object Repository/Create Pop-up Alert Page/Send button' is clicked on

22-04-2024T12:02:53 - [TEST_STEP][PASSED] - waitForPageLoad(2): Wait for page load successfully

22-04-2024T12:02:53 - [MESSAGE][PASSED] - Wait for page load successfully

22-04-2024T12:02:53 - [TEST_STEP][PASSED] - setText(findTestObject("Pop-up Alerts page/Search by title field"), "TC-11"): Text 'TC-11' is set on object 'Object Repository/Pop-up Alerts page/Search by title field'

22-04-2024T12:02:55 - [MESSAGE][PASSED] - Text 'TC-11' is set on object 'Object Repository/Pop-up Alerts page/Search by title field'

22-04-2024T12:02:55 - [TEST_STEP][PASSED] - verifyElementText(findTestObject("Pop-up Alerts page/Filtered sent alert"), "TC-11"): Actual text and expected text of test object 'Object Repository/Pop-up Alerts page/Filtered sent alert' are matched.

22-04-2024T12:02:56 - [MESSAGE][PASSED] - Actual text and expected text of test object 'Object Repository/Pop-up Alerts page/Filtered sent alert' are matched.]]></system-out>
         <system-err><![CDATA[]]></system-err>
      </testcase>
      <system-out><![CDATA[22-04-2024T12:00:22 - [TEST_SUITE][PASSED] - Scrolling ticker: Test Cases/Ticker/Ticker Preview (TC-11)]]></system-out>
      <system-err><![CDATA[]]></system-err>
   </testsuite>
</testsuites>
