<?xml version="1.0" encoding="UTF-8"?>
<testsuites name="DeskAlerts Core functionality" time="1786.421" tests="32" failures="0" errors="0">
   <testsuite name="Pop-up Alert" tests="7" failures="0" errors="0" time="228.284" skipped="0" timestamp="2024-02-08 11:37:25" hostname="Home - 169.254.43.143" id="Test Suites/Pop-up Alert">
      <properties>
         <property name="deviceName" value=""/>
         <property name="devicePlatform" value=""/>
         <property name="logFolder" value="C:\\Users\\Home\\git\\Katalon\\Reports\\20240208_113710\\Pop-up Alert\\20240208_113711"/>
         <property name="logFiles" value="C:\\Users\\Home\\git\\Katalon\\Reports\\20240208_113710\\Pop-up Alert\\20240208_113711\\execution0.log"/>
         <property name="attachments" value=""/>
         <property name="hostName" value="Home - 169.254.43.143"/>
         <property name="os" value="Windows 11 64bit"/>
         <property name="katalonVersion" value="9.0.0.212"/>
         <property name="browser" value="Chrome 121.0.0.0"/>
         <property name="hostAddress" value="169.254.43.143"/>
         <property name="sessionId" value="148f3aa7c03461a0591a8057e62a8625"/>
         <property name="seleniumVersion" value="3.141.59"/>
         <property name="proxyInformation" value="ProxyInformation { proxyOption=NO_PROXY, proxyServerType=HTTP, username=, password=********, proxyServerAddress=, proxyServerPort=0, executionList=&quot;&quot;, isApplyToDesiredCapabilities=true }"/>
         <property name="platform" value="Windows 11"/>
      </properties>
      <testcase name="Test Cases/Login Test Cases/Login with Valid Credentials" time="17.106" classname="Test Cases/Login Test Cases/Login with Valid Credentials" status="PASSED">
         <system-out><![CDATA[2024-02-08 11:37:25 - [TEST_CASE][PASSED] - Test Cases/Login Test Cases/Login with Valid Credentials: Test Cases/Login Test Cases/Login with Valid Credentials

2024-02-08 11:37:25 - [TEST_STEP][PASSED] - openBrowser(""): Browser is opened with url: ''

2024-02-08 11:37:25 - [MESSAGE][INFO] - Starting 'Chrome' driver

2024-02-08 11:37:25 - [MESSAGE][INFO] - Action delay is set to 0 milliseconds

2024-02-08 11:37:27 - [MESSAGE][PASSED] - Browser is opened with url: ''

2024-02-08 11:37:27 - [TEST_STEP][PASSED] - navigateToUrl("https://dadebug.commclouds.com/Demo/admin/auth"): Navigate to 'https://dadebug.commclouds.com/Demo/admin/auth' successfully

2024-02-08 11:37:31 - [MESSAGE][PASSED] - Navigate to 'https://dadebug.commclouds.com/Demo/admin/auth' successfully

2024-02-08 11:37:31 - [TEST_STEP][PASSED] - waitForPageLoad(3): Wait for page load successfully

2024-02-08 11:37:31 - [MESSAGE][PASSED] - Wait for page load successfully

2024-02-08 11:37:31 - [TEST_STEP][PASSED] - maximizeWindow(): Current window maximized

2024-02-08 11:37:31 - [MESSAGE][PASSED] - Current window maximized

2024-02-08 11:37:31 - [TEST_STEP][PASSED] - verifyElementPresent(findTestObject("Login Page/DAlogo"), 2): Object 'Object Repository/Login Page/DAlogo' is present

2024-02-08 11:37:33 - [MESSAGE][PASSED] - Object 'Object Repository/Login Page/DAlogo' is present

2024-02-08 11:37:33 - [TEST_STEP][PASSED] - verifyElementPresent(findTestObject("Login Page/Version number"), 2): Object 'Object Repository/Login Page/Version number' is present

2024-02-08 11:37:34 - [MESSAGE][PASSED] - Object 'Object Repository/Login Page/Version number' is present

2024-02-08 11:37:34 - [TEST_STEP][PASSED] - verifyElementText(findTestObject("Login Page/Version number"), "Version: 11.4.0.1 (stage/11)"): Actual text and expected text of test object 'Object Repository/Login Page/Version number' are matched.

2024-02-08 11:37:34 - [MESSAGE][PASSED] - Actual text and expected text of test object 'Object Repository/Login Page/Version number' are matched.

2024-02-08 11:37:34 - [TEST_STEP][PASSED] - setText(findTestObject("Object Repository/Login Page/Login input field"), "Zoya"): Text 'Zoya' is set on object 'Object Repository/Login Page/Login input field'

2024-02-08 11:37:35 - [MESSAGE][PASSED] - Text 'Zoya' is set on object 'Object Repository/Login Page/Login input field'

2024-02-08 11:37:35 - [TEST_STEP][PASSED] - setEncryptedText(findTestObject("Object Repository/Login Page/Password input field"), "tzH6RvlfSTg="): Text ****** has been set on object 'Object Repository/Login Page/Password input field'

2024-02-08 11:37:35 - [MESSAGE][PASSED] - Text ****** has been set on object 'Object Repository/Login Page/Password input field'

2024-02-08 11:37:35 - [TEST_STEP][PASSED] - click(findTestObject("Object Repository/Login Page/button_Log in")): Object: 'Object Repository/Login Page/button_Log in' is clicked on

2024-02-08 11:37:35 - [MESSAGE][PASSED] - Object: 'Object Repository/Login Page/button_Log in' is clicked on

2024-02-08 11:37:35 - [TEST_STEP][PASSED] - delay(4): Delayed 4 second(s)

2024-02-08 11:37:39 - [MESSAGE][PASSED] - Delayed 4 second(s)

2024-02-08 11:37:39 - [TEST_STEP][PASSED] - verifyElementPresent(findTestObject("Object Repository/Login Page/h1_Dashboard"), 4): Object 'Object Repository/Login Page/h1_Dashboard' is present

2024-02-08 11:37:40 - [MESSAGE][PASSED] - Object 'Object Repository/Login Page/h1_Dashboard' is present]]></system-out>
         <system-err><![CDATA[]]></system-err>
      </testcase>
      <testcase name="Test Cases/Pop-up alert/Send alert using Compose Alert Button (TC-1)" time="16.521" classname="Test Cases/Pop-up alert/Send alert using Compose Alert Button (TC-1)" status="PASSED">
         <system-out><![CDATA[2024-02-08 11:37:42 - [TEST_CASE][PASSED] - Test Cases/Pop-up alert/Send alert using Compose Alert Button (TC-1): Test Cases/Pop-up alert/Send alert using Compose Alert Button (TC-1)

2024-02-08 11:37:42 - [TEST_STEP][PASSED] - click(findTestObject("Dashboard Page/Compose Alert Button")): Object: 'Object Repository/Dashboard Page/Compose Alert Button' is clicked on

2024-02-08 11:37:42 - [MESSAGE][PASSED] - Object: 'Object Repository/Dashboard Page/Compose Alert Button' is clicked on

2024-02-08 11:37:42 - [TEST_STEP][PASSED] - verifyElementPresent(findTestObject("Create Pop-up Alert Page/Create Pop-up Alert header"), 2): Object 'Object Repository/Create Pop-up Alert Page/Create Pop-up Alert header' is present

2024-02-08 11:37:47 - [MESSAGE][PASSED] - Object 'Object Repository/Create Pop-up Alert Page/Create Pop-up Alert header' is present

2024-02-08 11:37:47 - [TEST_STEP][PASSED] - verifyElementText(findTestObject("Create Pop-up Alert Page/Create Pop-up Alert header"), "Create Pop-up Alert"): Actual text and expected text of test object 'Object Repository/Create Pop-up Alert Page/Create Pop-up Alert header' are matched.

2024-02-08 11:37:47 - [MESSAGE][PASSED] - Actual text and expected text of test object 'Object Repository/Create Pop-up Alert Page/Create Pop-up Alert header' are matched.

2024-02-08 11:37:47 - [TEST_STEP][PASSED] - click(findTestObject("Create Pop-up Alert Page/More button")): Object: 'Object Repository/Create Pop-up Alert Page/More button' is clicked on

2024-02-08 11:37:47 - [MESSAGE][PASSED] - Object: 'Object Repository/Create Pop-up Alert Page/More button' is clicked on

2024-02-08 11:37:47 - [TEST_STEP][PASSED] - click(findTestObject("Create Pop-up Alert Page/Choose recipients modal window/Filter field")): Object: 'Object Repository/Create Pop-up Alert Page/Choose recipients modal window/Filter field' is clicked on

2024-02-08 11:37:48 - [MESSAGE][PASSED] - Object: 'Object Repository/Create Pop-up Alert Page/Choose recipients modal window/Filter field' is clicked on

2024-02-08 11:37:48 - [TEST_STEP][PASSED] - setText(findTestObject("Create Pop-up Alert Page/Choose recipients modal window/Filter field"), "LAPTOP-E6BU4LL9"): Text 'LAPTOP-E6BU4LL9' is set on object 'Object Repository/Create Pop-up Alert Page/Choose recipients modal window/Filter field'

2024-02-08 11:37:49 - [MESSAGE][PASSED] - Text 'LAPTOP-E6BU4LL9' is set on object 'Object Repository/Create Pop-up Alert Page/Choose recipients modal window/Filter field'

2024-02-08 11:37:49 - [TEST_STEP][PASSED] - verifyElementText(findTestObject("Create Pop-up Alert Page/Choose recipients modal window/All user list-filtered"), "LAPTOP-E6BU4LL9 "): Actual text and expected text of test object 'Object Repository/Create Pop-up Alert Page/Choose recipients modal window/All user list-filtered' are matched.

2024-02-08 11:37:51 - [MESSAGE][PASSED] - Actual text and expected text of test object 'Object Repository/Create Pop-up Alert Page/Choose recipients modal window/All user list-filtered' are matched.

2024-02-08 11:37:51 - [TEST_STEP][PASSED] - click(findTestObject("Create Pop-up Alert Page/Choose recipients modal window/filtered user selection")): Object: 'Object Repository/Create Pop-up Alert Page/Choose recipients modal window/filtered user selection' is clicked on

2024-02-08 11:37:51 - [MESSAGE][PASSED] - Object: 'Object Repository/Create Pop-up Alert Page/Choose recipients modal window/filtered user selection' is clicked on

2024-02-08 11:37:51 - [TEST_STEP][PASSED] - verifyElementPresent(findTestObject("Create Pop-up Alert Page/Choose recipients modal window/Choosen users filtered"), 2): Object 'Object Repository/Create Pop-up Alert Page/Choose recipients modal window/Choosen users filtered' is present

2024-02-08 11:37:51 - [MESSAGE][PASSED] - Object 'Object Repository/Create Pop-up Alert Page/Choose recipients modal window/Choosen users filtered' is present

2024-02-08 11:37:51 - [TEST_STEP][PASSED] - click(findTestObject("Create Pop-up Alert Page/Choose recipients modal window/Done button")): Object: 'Object Repository/Create Pop-up Alert Page/Choose recipients modal window/Done button' is clicked on

2024-02-08 11:37:52 - [MESSAGE][PASSED] - Object: 'Object Repository/Create Pop-up Alert Page/Choose recipients modal window/Done button' is clicked on

2024-02-08 11:37:52 - [TEST_STEP][PASSED] - setText(findTestObject("Create Pop-up Alert Page/Alert Title field"), "TC-1"): Text 'TC-1' is set on object 'Object Repository/Create Pop-up Alert Page/Alert Title field'

2024-02-08 11:37:52 - [MESSAGE][PASSED] - Text 'TC-1' is set on object 'Object Repository/Create Pop-up Alert Page/Alert Title field'

2024-02-08 11:37:52 - [TEST_STEP][PASSED] - switchToFrame(findTestObject("Create Pop-up Alert Page/Alert body iframe"), 2): null

2024-02-08 11:37:53 - [TEST_STEP][PASSED] - setText(findTestObject("Create Pop-up Alert Page/Alert body"), "Hello! This is automated alert from Katalon"): Text 'Hello! This is automated alert from Katalon' is set on object 'Object Repository/Create Pop-up Alert Page/Alert body'

2024-02-08 11:37:53 - [MESSAGE][PASSED] - Text 'Hello! This is automated alert from Katalon' is set on object 'Object Repository/Create Pop-up Alert Page/Alert body'

2024-02-08 11:37:53 - [TEST_STEP][PASSED] - switchToDefaultContent(): null

2024-02-08 11:37:53 - [TEST_STEP][PASSED] - click(findTestObject("Create Pop-up Alert Page/Send button")): Object: 'Object Repository/Create Pop-up Alert Page/Send button' is clicked on

2024-02-08 11:37:54 - [MESSAGE][PASSED] - Object: 'Object Repository/Create Pop-up Alert Page/Send button' is clicked on

2024-02-08 11:37:54 - [TEST_STEP][PASSED] - waitForPageLoad(2): Wait for page load successfully

2024-02-08 11:37:54 - [MESSAGE][PASSED] - Wait for page load successfully

2024-02-08 11:37:54 - [TEST_STEP][PASSED] - setText(findTestObject("Pop-up Alerts page/Search by title field"), "TC-1"): Text 'TC-1' is set on object 'Object Repository/Pop-up Alerts page/Search by title field'

2024-02-08 11:37:56 - [MESSAGE][PASSED] - Text 'TC-1' is set on object 'Object Repository/Pop-up Alerts page/Search by title field'

2024-02-08 11:37:56 - [TEST_STEP][PASSED] - verifyElementText(findTestObject("Pop-up Alerts page/Filtered sent alert"), "TC-1"): Actual text and expected text of test object 'Object Repository/Pop-up Alerts page/Filtered sent alert' are matched.

2024-02-08 11:37:56 - [MESSAGE][PASSED] - Actual text and expected text of test object 'Object Repository/Pop-up Alerts page/Filtered sent alert' are matched.]]></system-out>
         <system-err><![CDATA[]]></system-err>
      </testcase>
      <testcase name="Test Cases/Pop-up alert/Send alert with image (TC-2)" time="107.715" classname="Test Cases/Pop-up alert/Send alert with image (TC-2)" status="PASSED">
         <system-out><![CDATA[2024-02-08 11:37:59 - [TEST_CASE][PASSED] - Test Cases/Pop-up alert/Send alert with image (TC-2): Test Cases/Pop-up alert/Send alert with image (TC-2)

2024-02-08 11:37:59 - [TEST_STEP][PASSED] - click(findTestObject("Dashboard Page/Compose Alert Button")): Object: 'Object Repository/Dashboard Page/Compose Alert Button' is clicked on

2024-02-08 11:37:59 - [MESSAGE][PASSED] - Object: 'Object Repository/Dashboard Page/Compose Alert Button' is clicked on

2024-02-08 11:37:59 - [TEST_STEP][PASSED] - refresh(): Refresh successfully

2024-02-08 11:37:59 - [MESSAGE][PASSED] - Refresh successfully

2024-02-08 11:37:59 - [TEST_STEP][PASSED] - verifyElementPresent(findTestObject("Create Pop-up Alert Page/Create Pop-up Alert header"), 2): Object 'Object Repository/Create Pop-up Alert Page/Create Pop-up Alert header' is present

2024-02-08 11:38:02 - [MESSAGE][PASSED] - Object 'Object Repository/Create Pop-up Alert Page/Create Pop-up Alert header' is present

2024-02-08 11:38:02 - [TEST_STEP][PASSED] - verifyElementText(findTestObject("Create Pop-up Alert Page/Create Pop-up Alert header"), "Create Pop-up Alert"): Actual text and expected text of test object 'Object Repository/Create Pop-up Alert Page/Create Pop-up Alert header' are matched.

2024-02-08 11:38:03 - [MESSAGE][PASSED] - Actual text and expected text of test object 'Object Repository/Create Pop-up Alert Page/Create Pop-up Alert header' are matched.

2024-02-08 11:38:03 - [TEST_STEP][PASSED] - click(findTestObject("Create Pop-up Alert Page/More button")): Object: 'Object Repository/Create Pop-up Alert Page/More button' is clicked on

2024-02-08 11:38:03 - [MESSAGE][PASSED] - Object: 'Object Repository/Create Pop-up Alert Page/More button' is clicked on

2024-02-08 11:38:03 - [TEST_STEP][PASSED] - click(findTestObject("Create Pop-up Alert Page/Choose recipients modal window/Filter field")): Object: 'Object Repository/Create Pop-up Alert Page/Choose recipients modal window/Filter field' is clicked on

2024-02-08 11:38:03 - [MESSAGE][PASSED] - Object: 'Object Repository/Create Pop-up Alert Page/Choose recipients modal window/Filter field' is clicked on

2024-02-08 11:38:03 - [TEST_STEP][PASSED] - setText(findTestObject("Create Pop-up Alert Page/Choose recipients modal window/Filter field"), "LAPTOP-E6BU4LL9"): Text 'LAPTOP-E6BU4LL9' is set on object 'Object Repository/Create Pop-up Alert Page/Choose recipients modal window/Filter field'

2024-02-08 11:38:04 - [MESSAGE][PASSED] - Text 'LAPTOP-E6BU4LL9' is set on object 'Object Repository/Create Pop-up Alert Page/Choose recipients modal window/Filter field'

2024-02-08 11:38:04 - [TEST_STEP][PASSED] - verifyElementText(findTestObject("Create Pop-up Alert Page/Choose recipients modal window/All user list-filtered"), "LAPTOP-E6BU4LL9 ", CONTINUE_ON_FAILURE): Actual text and expected text of test object 'Object Repository/Create Pop-up Alert Page/Choose recipients modal window/All user list-filtered' are matched.

2024-02-08 11:38:06 - [MESSAGE][PASSED] - Actual text and expected text of test object 'Object Repository/Create Pop-up Alert Page/Choose recipients modal window/All user list-filtered' are matched.

2024-02-08 11:38:06 - [TEST_STEP][PASSED] - click(findTestObject("Create Pop-up Alert Page/Choose recipients modal window/filtered user selection")): Object: 'Object Repository/Create Pop-up Alert Page/Choose recipients modal window/filtered user selection' is clicked on

2024-02-08 11:38:06 - [MESSAGE][PASSED] - Object: 'Object Repository/Create Pop-up Alert Page/Choose recipients modal window/filtered user selection' is clicked on

2024-02-08 11:38:06 - [TEST_STEP][PASSED] - verifyElementPresent(findTestObject("Create Pop-up Alert Page/Choose recipients modal window/Choosen users filtered"), 2): Object 'Object Repository/Create Pop-up Alert Page/Choose recipients modal window/Choosen users filtered' is present

2024-02-08 11:38:07 - [MESSAGE][PASSED] - Object 'Object Repository/Create Pop-up Alert Page/Choose recipients modal window/Choosen users filtered' is present

2024-02-08 11:38:07 - [TEST_STEP][PASSED] - click(findTestObject("Create Pop-up Alert Page/Choose recipients modal window/Done button")): Object: 'Object Repository/Create Pop-up Alert Page/Choose recipients modal window/Done button' is clicked on

2024-02-08 11:38:07 - [MESSAGE][PASSED] - Object: 'Object Repository/Create Pop-up Alert Page/Choose recipients modal window/Done button' is clicked on

2024-02-08 11:38:07 - [TEST_STEP][PASSED] - setText(findTestObject("Create Pop-up Alert Page/Alert Title field"), "TC-2"): Text 'TC-2' is set on object 'Object Repository/Create Pop-up Alert Page/Alert Title field'

2024-02-08 11:38:08 - [MESSAGE][PASSED] - Text 'TC-2' is set on object 'Object Repository/Create Pop-up Alert Page/Alert Title field'

2024-02-08 11:38:08 - [TEST_STEP][PASSED] - switchToFrame(findTestObject("Create Pop-up Alert Page/Alert body iframe"), 2): null

2024-02-08 11:38:08 - [TEST_STEP][PASSED] - setText(findTestObject("Create Pop-up Alert Page/Alert body"), "Hello! This is automated alert with image from Katalon"): Text 'Hello! This is automated alert with image from Katalon' is set on object 'Object Repository/Create Pop-up Alert Page/Alert body'

2024-02-08 11:38:09 - [MESSAGE][PASSED] - Text 'Hello! This is automated alert with image from Katalon' is set on object 'Object Repository/Create Pop-up Alert Page/Alert body'

2024-02-08 11:38:09 - [TEST_STEP][PASSED] - switchToDefaultContent(): null

2024-02-08 11:38:09 - [TEST_STEP][PASSED] - click(findTestObject("Create Pop-up Alert Page/Upload image window/Upload image button")): Object: 'Object Repository/Create Pop-up Alert Page/Upload image window/Upload image button' is clicked on

2024-02-08 11:38:09 - [MESSAGE][PASSED] - Object: 'Object Repository/Create Pop-up Alert Page/Upload image window/Upload image button' is clicked on

2024-02-08 11:38:09 - [TEST_STEP][PASSED] - verifyElementPresent(findTestObject("Create Pop-up Alert Page/Upload image window/Upload image area"), 2): Object 'Object Repository/Create Pop-up Alert Page/Upload image window/Upload image area' is present

2024-02-08 11:38:10 - [MESSAGE][PASSED] - Object 'Object Repository/Create Pop-up Alert Page/Upload image window/Upload image area' is present

2024-02-08 11:38:10 - [TEST_STEP][PASSED] - uploadFileWithDragAndDrop(findTestObject("Create Pop-up Alert Page/Upload image window/Upload image area"), "C:\Users\Home\Downloads\SampleJPGImage_500kbmb.jpg"): null

2024-02-08 11:38:10 - [TEST_STEP][PASSED] - delay(90): Delayed 90 second(s)

2024-02-08 11:39:40 - [MESSAGE][PASSED] - Delayed 90 second(s)

2024-02-08 11:39:40 - [TEST_STEP][PASSED] - getAttribute(findTestObject("Create Pop-up Alert Page/Upload image window/uploaded file"), "src"): Attribute 'src' of object 'Object Repository/Create Pop-up Alert Page/Upload image window/uploaded file' is: 'https://dadebug.commclouds.com/Demo/admin/upload/SampleJPGImage_500kbmb-97693.jpg'

2024-02-08 11:39:41 - [MESSAGE][PASSED] - Attribute 'src' of object 'Object Repository/Create Pop-up Alert Page/Upload image window/uploaded file' is: 'https://dadebug.commclouds.com/Demo/admin/upload/SampleJPGImage_500kbmb-97693.jpg'

2024-02-08 11:39:41 - [TEST_STEP][PASSED] - click(findTestObject("Create Pop-up Alert Page/Upload image window/Ok button")): Object: 'Object Repository/Create Pop-up Alert Page/Upload image window/Ok button' is clicked on

2024-02-08 11:39:41 - [MESSAGE][PASSED] - Object: 'Object Repository/Create Pop-up Alert Page/Upload image window/Ok button' is clicked on

2024-02-08 11:39:41 - [TEST_STEP][PASSED] - click(findTestObject("Create Pop-up Alert Page/Send button")): Object: 'Object Repository/Create Pop-up Alert Page/Send button' is clicked on

2024-02-08 11:39:41 - [MESSAGE][PASSED] - Object: 'Object Repository/Create Pop-up Alert Page/Send button' is clicked on

2024-02-08 11:39:41 - [TEST_STEP][PASSED] - waitForPageLoad(2): Wait for page load successfully

2024-02-08 11:39:41 - [MESSAGE][PASSED] - Wait for page load successfully

2024-02-08 11:39:41 - [TEST_STEP][PASSED] - setText(findTestObject("Pop-up Alerts page/Search by title field"), "TC-2"): Text 'TC-2' is set on object 'Object Repository/Pop-up Alerts page/Search by title field'

2024-02-08 11:39:44 - [MESSAGE][PASSED] - Text 'TC-2' is set on object 'Object Repository/Pop-up Alerts page/Search by title field'

2024-02-08 11:39:44 - [TEST_STEP][PASSED] - verifyElementText(findTestObject("Pop-up Alerts page/Filtered sent alert"), "TC-2"): Actual text and expected text of test object 'Object Repository/Pop-up Alerts page/Filtered sent alert' are matched.

2024-02-08 11:39:44 - [MESSAGE][PASSED] - Actual text and expected text of test object 'Object Repository/Pop-up Alerts page/Filtered sent alert' are matched.]]></system-out>
         <system-err><![CDATA[]]></system-err>
      </testcase>
      <testcase name="Test Cases/Pop-up alert/Draft alert (TC-3)" time="29.251" classname="Test Cases/Pop-up alert/Draft alert (TC-3)" status="PASSED">
         <system-out><![CDATA[2024-02-08 11:39:46 - [TEST_CASE][PASSED] - Test Cases/Pop-up alert/Draft alert (TC-3): Test Cases/Pop-up alert/Draft alert (TC-3)

2024-02-08 11:39:46 - [TEST_STEP][PASSED] - callTestCase(findTestCase("Login Test Cases/Login with Valid Credentials"), [:], STOP_ON_FAILURE): Call Test Case 'Test Cases/Login Test Cases/Login with Valid Credentials' successfully

2024-02-08 11:39:46 - [TEST_CASE][PASSED] - Test Cases/Login Test Cases/Login with Valid Credentials: Test Cases/Login Test Cases/Login with Valid Credentials

2024-02-08 11:39:46 - [TEST_STEP][PASSED] - openBrowser(""): Browser is opened with url: ''

2024-02-08 11:39:46 - [MESSAGE][WARNING] - A browser is already opened. Closing browser and opening a new one

2024-02-08 11:39:47 - [MESSAGE][INFO] - Starting 'Chrome' driver

2024-02-08 11:39:47 - [MESSAGE][INFO] - Action delay is set to 0 milliseconds

2024-02-08 11:39:47 - [MESSAGE][PASSED] - Browser is opened with url: ''

2024-02-08 11:39:47 - [TEST_STEP][PASSED] - navigateToUrl("https://dadebug.commclouds.com/Demo/admin/auth"): Navigate to 'https://dadebug.commclouds.com/Demo/admin/auth' successfully

2024-02-08 11:39:49 - [MESSAGE][PASSED] - Navigate to 'https://dadebug.commclouds.com/Demo/admin/auth' successfully

2024-02-08 11:39:49 - [TEST_STEP][PASSED] - waitForPageLoad(3): Wait for page load successfully

2024-02-08 11:39:49 - [MESSAGE][PASSED] - Wait for page load successfully

2024-02-08 11:39:49 - [TEST_STEP][PASSED] - maximizeWindow(): Current window maximized

2024-02-08 11:39:49 - [MESSAGE][PASSED] - Current window maximized

2024-02-08 11:39:49 - [TEST_STEP][PASSED] - verifyElementPresent(findTestObject("Login Page/DAlogo"), 2): Object 'Object Repository/Login Page/DAlogo' is present

2024-02-08 11:39:51 - [MESSAGE][PASSED] - Object 'Object Repository/Login Page/DAlogo' is present

2024-02-08 11:39:51 - [TEST_STEP][PASSED] - verifyElementPresent(findTestObject("Login Page/Version number"), 2): Object 'Object Repository/Login Page/Version number' is present

2024-02-08 11:39:51 - [MESSAGE][PASSED] - Object 'Object Repository/Login Page/Version number' is present

2024-02-08 11:39:51 - [TEST_STEP][PASSED] - verifyElementText(findTestObject("Login Page/Version number"), "Version: 11.4.0.1 (stage/11)"): Actual text and expected text of test object 'Object Repository/Login Page/Version number' are matched.

2024-02-08 11:39:51 - [MESSAGE][PASSED] - Actual text and expected text of test object 'Object Repository/Login Page/Version number' are matched.

2024-02-08 11:39:51 - [TEST_STEP][PASSED] - setText(findTestObject("Object Repository/Login Page/Login input field"), "Zoya"): Text 'Zoya' is set on object 'Object Repository/Login Page/Login input field'

2024-02-08 11:39:52 - [MESSAGE][PASSED] - Text 'Zoya' is set on object 'Object Repository/Login Page/Login input field'

2024-02-08 11:39:52 - [TEST_STEP][PASSED] - setEncryptedText(findTestObject("Object Repository/Login Page/Password input field"), "tzH6RvlfSTg="): Text ****** has been set on object 'Object Repository/Login Page/Password input field'

2024-02-08 11:39:52 - [MESSAGE][PASSED] - Text ****** has been set on object 'Object Repository/Login Page/Password input field'

2024-02-08 11:39:52 - [TEST_STEP][PASSED] - click(findTestObject("Object Repository/Login Page/button_Log in")): Object: 'Object Repository/Login Page/button_Log in' is clicked on

2024-02-08 11:39:52 - [MESSAGE][PASSED] - Object: 'Object Repository/Login Page/button_Log in' is clicked on

2024-02-08 11:39:52 - [TEST_STEP][PASSED] - delay(4): Delayed 4 second(s)

2024-02-08 11:39:56 - [MESSAGE][PASSED] - Delayed 4 second(s)

2024-02-08 11:39:56 - [TEST_STEP][PASSED] - verifyElementPresent(findTestObject("Object Repository/Login Page/h1_Dashboard"), 4): Object 'Object Repository/Login Page/h1_Dashboard' is present

2024-02-08 11:39:57 - [MESSAGE][PASSED] - Object 'Object Repository/Login Page/h1_Dashboard' is present

2024-02-08 11:39:57 - [MESSAGE][PASSED] - Call Test Case 'Test Cases/Login Test Cases/Login with Valid Credentials' successfully

2024-02-08 11:39:57 - [TEST_STEP][PASSED] - click(findTestObject("Dashboard Page/Compose Alert Button")): Object: 'Object Repository/Dashboard Page/Compose Alert Button' is clicked on

2024-02-08 11:39:57 - [MESSAGE][PASSED] - Object: 'Object Repository/Dashboard Page/Compose Alert Button' is clicked on

2024-02-08 11:39:57 - [TEST_STEP][PASSED] - refresh(): Refresh successfully

2024-02-08 11:39:57 - [MESSAGE][PASSED] - Refresh successfully

2024-02-08 11:39:57 - [TEST_STEP][PASSED] - verifyElementPresent(findTestObject("Create Pop-up Alert Page/Create Pop-up Alert header"), 2): Object 'Object Repository/Create Pop-up Alert Page/Create Pop-up Alert header' is present

2024-02-08 11:40:01 - [MESSAGE][PASSED] - Object 'Object Repository/Create Pop-up Alert Page/Create Pop-up Alert header' is present

2024-02-08 11:40:01 - [TEST_STEP][PASSED] - verifyElementText(findTestObject("Create Pop-up Alert Page/Create Pop-up Alert header"), "Create Pop-up Alert"): Actual text and expected text of test object 'Object Repository/Create Pop-up Alert Page/Create Pop-up Alert header' are matched.

2024-02-08 11:40:01 - [MESSAGE][PASSED] - Actual text and expected text of test object 'Object Repository/Create Pop-up Alert Page/Create Pop-up Alert header' are matched.

2024-02-08 11:40:01 - [TEST_STEP][PASSED] - click(findTestObject("Create Pop-up Alert Page/More button")): Object: 'Object Repository/Create Pop-up Alert Page/More button' is clicked on

2024-02-08 11:40:01 - [MESSAGE][PASSED] - Object: 'Object Repository/Create Pop-up Alert Page/More button' is clicked on

2024-02-08 11:40:01 - [TEST_STEP][PASSED] - click(findTestObject("Create Pop-up Alert Page/Choose recipients modal window/Filter field")): Object: 'Object Repository/Create Pop-up Alert Page/Choose recipients modal window/Filter field' is clicked on

2024-02-08 11:40:02 - [MESSAGE][PASSED] - Object: 'Object Repository/Create Pop-up Alert Page/Choose recipients modal window/Filter field' is clicked on

2024-02-08 11:40:02 - [TEST_STEP][PASSED] - setText(findTestObject("Create Pop-up Alert Page/Choose recipients modal window/Filter field"), "LAPTOP-E6BU4LL9"): Text 'LAPTOP-E6BU4LL9' is set on object 'Object Repository/Create Pop-up Alert Page/Choose recipients modal window/Filter field'

2024-02-08 11:40:03 - [MESSAGE][PASSED] - Text 'LAPTOP-E6BU4LL9' is set on object 'Object Repository/Create Pop-up Alert Page/Choose recipients modal window/Filter field'

2024-02-08 11:40:03 - [TEST_STEP][PASSED] - verifyElementText(findTestObject("Create Pop-up Alert Page/Choose recipients modal window/All user list-filtered"), "LAPTOP-E6BU4LL9 "): Actual text and expected text of test object 'Object Repository/Create Pop-up Alert Page/Choose recipients modal window/All user list-filtered' are matched.

2024-02-08 11:40:05 - [MESSAGE][PASSED] - Actual text and expected text of test object 'Object Repository/Create Pop-up Alert Page/Choose recipients modal window/All user list-filtered' are matched.

2024-02-08 11:40:05 - [TEST_STEP][PASSED] - click(findTestObject("Create Pop-up Alert Page/Choose recipients modal window/filtered user selection")): Object: 'Object Repository/Create Pop-up Alert Page/Choose recipients modal window/filtered user selection' is clicked on

2024-02-08 11:40:05 - [MESSAGE][PASSED] - Object: 'Object Repository/Create Pop-up Alert Page/Choose recipients modal window/filtered user selection' is clicked on

2024-02-08 11:40:05 - [TEST_STEP][PASSED] - verifyElementPresent(findTestObject("Create Pop-up Alert Page/Choose recipients modal window/Choosen users filtered"), 2): Object 'Object Repository/Create Pop-up Alert Page/Choose recipients modal window/Choosen users filtered' is present

2024-02-08 11:40:06 - [MESSAGE][PASSED] - Object 'Object Repository/Create Pop-up Alert Page/Choose recipients modal window/Choosen users filtered' is present

2024-02-08 11:40:06 - [TEST_STEP][PASSED] - click(findTestObject("Create Pop-up Alert Page/Choose recipients modal window/Done button")): Object: 'Object Repository/Create Pop-up Alert Page/Choose recipients modal window/Done button' is clicked on

2024-02-08 11:40:06 - [MESSAGE][PASSED] - Object: 'Object Repository/Create Pop-up Alert Page/Choose recipients modal window/Done button' is clicked on

2024-02-08 11:40:06 - [TEST_STEP][PASSED] - setText(findTestObject("Create Pop-up Alert Page/Alert Title field"), "TC-3"): Text 'TC-3' is set on object 'Object Repository/Create Pop-up Alert Page/Alert Title field'

2024-02-08 11:40:07 - [MESSAGE][PASSED] - Text 'TC-3' is set on object 'Object Repository/Create Pop-up Alert Page/Alert Title field'

2024-02-08 11:40:07 - [TEST_STEP][PASSED] - switchToFrame(findTestObject("Create Pop-up Alert Page/Alert body iframe"), 2): null

2024-02-08 11:40:07 - [TEST_STEP][PASSED] - setText(findTestObject("Create Pop-up Alert Page/Alert body"), "Hello! This is automated DRAFT alert from Katalon"): Text 'Hello! This is automated DRAFT alert from Katalon' is set on object 'Object Repository/Create Pop-up Alert Page/Alert body'

2024-02-08 11:40:08 - [MESSAGE][PASSED] - Text 'Hello! This is automated DRAFT alert from Katalon' is set on object 'Object Repository/Create Pop-up Alert Page/Alert body'

2024-02-08 11:40:08 - [TEST_STEP][PASSED] - switchToDefaultContent(): null

2024-02-08 11:40:08 - [TEST_STEP][PASSED] - click(findTestObject("Create Pop-up Alert Page/Save Button")): Object: 'Object Repository/Create Pop-up Alert Page/Save Button' is clicked on

2024-02-08 11:40:08 - [MESSAGE][PASSED] - Object: 'Object Repository/Create Pop-up Alert Page/Save Button' is clicked on

2024-02-08 11:40:08 - [TEST_STEP][PASSED] - waitForPageLoad(2): Wait for page load successfully

2024-02-08 11:40:08 - [MESSAGE][PASSED] - Wait for page load successfully

2024-02-08 11:40:08 - [TEST_STEP][PASSED] - click(findTestObject("Pop-up Alerts page/Draft tab")): Object: 'Object Repository/Pop-up Alerts page/Draft tab' is clicked on

2024-02-08 11:40:10 - [MESSAGE][PASSED] - Object: 'Object Repository/Pop-up Alerts page/Draft tab' is clicked on

2024-02-08 11:40:10 - [TEST_STEP][PASSED] - setText(findTestObject("Pop-up Alerts page/Search by title field"), "TC-3"): Text 'TC-3' is set on object 'Object Repository/Pop-up Alerts page/Search by title field'

2024-02-08 11:40:13 - [MESSAGE][PASSED] - Text 'TC-3' is set on object 'Object Repository/Pop-up Alerts page/Search by title field'

2024-02-08 11:40:13 - [TEST_STEP][PASSED] - verifyElementText(findTestObject("Pop-up Alerts page/Filtered sent alert"), "TC-3"): Actual text and expected text of test object 'Object Repository/Pop-up Alerts page/Filtered sent alert' are matched.

2024-02-08 11:40:13 - [MESSAGE][PASSED] - Actual text and expected text of test object 'Object Repository/Pop-up Alerts page/Filtered sent alert' are matched.]]></system-out>
         <system-err><![CDATA[]]></system-err>
      </testcase>
      <testcase name="Test Cases/Pop-up alert/Pop-up alert template creation (TC-4)" time="20.881" classname="Test Cases/Pop-up alert/Pop-up alert template creation (TC-4)" status="PASSED">
         <system-out><![CDATA[2024-02-08 11:40:15 - [TEST_CASE][PASSED] - Test Cases/Pop-up alert/Pop-up alert template creation (TC-4): Test Cases/Pop-up alert/Pop-up alert template creation (TC-4)

2024-02-08 11:40:16 - [TEST_STEP][PASSED] - click(findTestObject("Dashboard Page/Left-hand menu_Pop-up Alerts")): Object: 'Object Repository/Dashboard Page/Left-hand menu_Pop-up Alerts' is clicked on

2024-02-08 11:40:16 - [MESSAGE][PASSED] - Object: 'Object Repository/Dashboard Page/Left-hand menu_Pop-up Alerts' is clicked on

2024-02-08 11:40:16 - [TEST_STEP][PASSED] - refresh(): Refresh successfully

2024-02-08 11:40:16 - [MESSAGE][PASSED] - Refresh successfully

2024-02-08 11:40:16 - [TEST_STEP][PASSED] - verifyElementPresent(findTestObject("Pop-up Alerts page/Pop-up Alerts header"), 2): Object 'Object Repository/Pop-up Alerts page/Pop-up Alerts header' is present

2024-02-08 11:40:19 - [MESSAGE][PASSED] - Object 'Object Repository/Pop-up Alerts page/Pop-up Alerts header' is present

2024-02-08 11:40:19 - [TEST_STEP][PASSED] - verifyElementText(findTestObject("Pop-up Alerts page/Pop-up Alerts header"), "Pop-up Alerts"): Actual text and expected text of test object 'Object Repository/Pop-up Alerts page/Pop-up Alerts header' are matched.

2024-02-08 11:40:19 - [MESSAGE][PASSED] - Actual text and expected text of test object 'Object Repository/Pop-up Alerts page/Pop-up Alerts header' are matched.

2024-02-08 11:40:19 - [TEST_STEP][PASSED] - click(findTestObject("Pop-up Alerts page/Templates tab")): Object: 'Object Repository/Pop-up Alerts page/Templates tab' is clicked on

2024-02-08 11:40:19 - [MESSAGE][PASSED] - Object: 'Object Repository/Pop-up Alerts page/Templates tab' is clicked on

2024-02-08 11:40:19 - [TEST_STEP][PASSED] - click(findTestObject("Pop-up Alerts page/New Template button")): Object: 'Object Repository/Pop-up Alerts page/New Template button' is clicked on

2024-02-08 11:40:21 - [MESSAGE][PASSED] - Object: 'Object Repository/Pop-up Alerts page/New Template button' is clicked on

2024-02-08 11:40:21 - [TEST_STEP][PASSED] - setText(findTestObject("Create Template/Template title"), "TC-4"): Text 'TC-4' is set on object 'Object Repository/Create Template/Template title'

2024-02-08 11:40:26 - [MESSAGE][PASSED] - Text 'TC-4' is set on object 'Object Repository/Create Template/Template title'

2024-02-08 11:40:26 - [TEST_STEP][PASSED] - switchToFrame(findTestObject("Create Pop-up Alert Page/Alert body iframe"), 2): null

2024-02-08 11:40:26 - [TEST_STEP][PASSED] - TemplateBody = ""Lorem ipsum dolor sit amet, consectetur adipiscing elit. Proin congue tempus tempor. Donec pretium viverra eleifend.
Aliquam et condimentum sem. Sed molestie nisl lectus, eget ultrices lorem tincidunt in. Morbi sed hendrerit dolor. Aliquam erat volutpat.
Integer maximus ex tempus auctor elementum. Vivamus vel lacus eu ante maximus consequat. Vestibulum lacus eros, gravida in massa ut, malesuada ultricies quam.
Suspendisse pharetra eros nec auctor posuere. Nunc sit amet dignissim eros. Suspendisse imperdiet tristique massa, id lacinia orci viverra id.
Etiam aliquam eros orci, eu malesuada ipsum commodo quis."": null

2024-02-08 11:40:26 - [TEST_STEP][PASSED] - setText(findTestObject("Create Pop-up Alert Page/Alert body"), TemplateBody): Text '"Lorem ipsum dolor sit amet, consectetur adipiscing elit. Proin congue tempus tempor. Donec pretium viverra eleifend.
Aliquam et condimentum sem. Sed molestie nisl lectus, eget ultrices lorem tincidunt in. Morbi sed hendrerit dolor. Aliquam erat volutpat.
Integer maximus ex tempus auctor elementum. Vivamus vel lacus eu ante maximus consequat. Vestibulum lacus eros, gravida in massa ut, malesuada ultricies quam.
Suspendisse pharetra eros nec auctor posuere. Nunc sit amet dignissim eros. Suspendisse imperdiet tristique massa, id lacinia orci viverra id.
Etiam aliquam eros orci, eu malesuada ipsum commodo quis."' is set on object 'Object Repository/Create Pop-up Alert Page/Alert body'

2024-02-08 11:40:29 - [MESSAGE][PASSED] - Text '"Lorem ipsum dolor sit amet, consectetur adipiscing elit. Proin congue tempus tempor. Donec pretium viverra eleifend.
Aliquam et condimentum sem. Sed molestie nisl lectus, eget ultrices lorem tincidunt in. Morbi sed hendrerit dolor. Aliquam erat volutpat.
Integer maximus ex tempus auctor elementum. Vivamus vel lacus eu ante maximus consequat. Vestibulum lacus eros, gravida in massa ut, malesuada ultricies quam.
Suspendisse pharetra eros nec auctor posuere. Nunc sit amet dignissim eros. Suspendisse imperdiet tristique massa, id lacinia orci viverra id.
Etiam aliquam eros orci, eu malesuada ipsum commodo quis."' is set on object 'Object Repository/Create Pop-up Alert Page/Alert body'

2024-02-08 11:40:29 - [TEST_STEP][PASSED] - switchToDefaultContent(): null

2024-02-08 11:40:29 - [TEST_STEP][PASSED] - click(findTestObject("Create Pop-up Alert Page/Save Button")): Object: 'Object Repository/Create Pop-up Alert Page/Save Button' is clicked on

2024-02-08 11:40:29 - [MESSAGE][PASSED] - Object: 'Object Repository/Create Pop-up Alert Page/Save Button' is clicked on

2024-02-08 11:40:29 - [TEST_STEP][PASSED] - click(findTestObject("Pop-up Alerts page/Templates tab")): Object: 'Object Repository/Pop-up Alerts page/Templates tab' is clicked on

2024-02-08 11:40:31 - [MESSAGE][PASSED] - Object: 'Object Repository/Pop-up Alerts page/Templates tab' is clicked on

2024-02-08 11:40:31 - [TEST_STEP][PASSED] - setText(findTestObject("Pop-up Alerts page/Search by title field"), "TC-4"): Text 'TC-4' is set on object 'Object Repository/Pop-up Alerts page/Search by title field'

2024-02-08 11:40:32 - [MESSAGE][PASSED] - Text 'TC-4' is set on object 'Object Repository/Pop-up Alerts page/Search by title field'

2024-02-08 11:40:32 - [TEST_STEP][PASSED] - delay(2): Delayed 2 second(s)

2024-02-08 11:40:34 - [MESSAGE][PASSED] - Delayed 2 second(s)

2024-02-08 11:40:34 - [TEST_STEP][PASSED] - verifyElementText(findTestObject("Pop-up Alerts page/Filtered Template"), "TC-4"): Actual text and expected text of test object 'Object Repository/Pop-up Alerts page/Filtered Template' are matched.

2024-02-08 11:40:34 - [MESSAGE][PASSED] - Actual text and expected text of test object 'Object Repository/Pop-up Alerts page/Filtered Template' are matched.]]></system-out>
         <system-err><![CDATA[]]></system-err>
      </testcase>
      <testcase name="Test Cases/Pop-up alert/Send Pop-up Alert with Template (TC-5)" time="16.521" classname="Test Cases/Pop-up alert/Send Pop-up Alert with Template (TC-5)" status="PASSED">
         <system-out><![CDATA[2024-02-08 11:40:36 - [TEST_CASE][PASSED] - Test Cases/Pop-up alert/Send Pop-up Alert with Template (TC-5): Test Cases/Pop-up alert/Send Pop-up Alert with Template (TC-5)

2024-02-08 11:40:36 - [TEST_STEP][PASSED] - click(findTestObject("Dashboard Page/Compose Alert Button")): Object: 'Object Repository/Dashboard Page/Compose Alert Button' is clicked on

2024-02-08 11:40:37 - [MESSAGE][PASSED] - Object: 'Object Repository/Dashboard Page/Compose Alert Button' is clicked on

2024-02-08 11:40:37 - [TEST_STEP][PASSED] - refresh(): Refresh successfully

2024-02-08 11:40:37 - [MESSAGE][PASSED] - Refresh successfully

2024-02-08 11:40:37 - [TEST_STEP][PASSED] - verifyElementPresent(findTestObject("Create Pop-up Alert Page/Create Pop-up Alert header"), 2): Object 'Object Repository/Create Pop-up Alert Page/Create Pop-up Alert header' is present

2024-02-08 11:40:40 - [MESSAGE][PASSED] - Object 'Object Repository/Create Pop-up Alert Page/Create Pop-up Alert header' is present

2024-02-08 11:40:40 - [TEST_STEP][PASSED] - verifyElementText(findTestObject("Create Pop-up Alert Page/Create Pop-up Alert header"), "Create Pop-up Alert"): Actual text and expected text of test object 'Object Repository/Create Pop-up Alert Page/Create Pop-up Alert header' are matched.

2024-02-08 11:40:41 - [MESSAGE][PASSED] - Actual text and expected text of test object 'Object Repository/Create Pop-up Alert Page/Create Pop-up Alert header' are matched.

2024-02-08 11:40:41 - [TEST_STEP][PASSED] - click(findTestObject("Create Pop-up Alert Page/More button")): Object: 'Object Repository/Create Pop-up Alert Page/More button' is clicked on

2024-02-08 11:40:41 - [MESSAGE][PASSED] - Object: 'Object Repository/Create Pop-up Alert Page/More button' is clicked on

2024-02-08 11:40:41 - [TEST_STEP][PASSED] - click(findTestObject("Create Pop-up Alert Page/Choose recipients modal window/Filter field")): Object: 'Object Repository/Create Pop-up Alert Page/Choose recipients modal window/Filter field' is clicked on

2024-02-08 11:40:42 - [MESSAGE][PASSED] - Object: 'Object Repository/Create Pop-up Alert Page/Choose recipients modal window/Filter field' is clicked on

2024-02-08 11:40:42 - [TEST_STEP][PASSED] - setText(findTestObject("Create Pop-up Alert Page/Choose recipients modal window/Filter field"), "LAPTOP-E6BU4LL9"): Text 'LAPTOP-E6BU4LL9' is set on object 'Object Repository/Create Pop-up Alert Page/Choose recipients modal window/Filter field'

2024-02-08 11:40:43 - [MESSAGE][PASSED] - Text 'LAPTOP-E6BU4LL9' is set on object 'Object Repository/Create Pop-up Alert Page/Choose recipients modal window/Filter field'

2024-02-08 11:40:43 - [TEST_STEP][PASSED] - verifyElementText(findTestObject("Create Pop-up Alert Page/Choose recipients modal window/All user list-filtered"), "LAPTOP-E6BU4LL9 "): Actual text and expected text of test object 'Object Repository/Create Pop-up Alert Page/Choose recipients modal window/All user list-filtered' are matched.

2024-02-08 11:40:44 - [MESSAGE][PASSED] - Actual text and expected text of test object 'Object Repository/Create Pop-up Alert Page/Choose recipients modal window/All user list-filtered' are matched.

2024-02-08 11:40:44 - [TEST_STEP][PASSED] - click(findTestObject("Create Pop-up Alert Page/Choose recipients modal window/filtered user selection")): Object: 'Object Repository/Create Pop-up Alert Page/Choose recipients modal window/filtered user selection' is clicked on

2024-02-08 11:40:45 - [MESSAGE][PASSED] - Object: 'Object Repository/Create Pop-up Alert Page/Choose recipients modal window/filtered user selection' is clicked on

2024-02-08 11:40:45 - [TEST_STEP][PASSED] - verifyElementPresent(findTestObject("Create Pop-up Alert Page/Choose recipients modal window/Choosen users filtered"), 2): Object 'Object Repository/Create Pop-up Alert Page/Choose recipients modal window/Choosen users filtered' is present

2024-02-08 11:40:45 - [MESSAGE][PASSED] - Object 'Object Repository/Create Pop-up Alert Page/Choose recipients modal window/Choosen users filtered' is present

2024-02-08 11:40:45 - [TEST_STEP][PASSED] - click(findTestObject("Create Pop-up Alert Page/Choose recipients modal window/Done button")): Object: 'Object Repository/Create Pop-up Alert Page/Choose recipients modal window/Done button' is clicked on

2024-02-08 11:40:45 - [MESSAGE][PASSED] - Object: 'Object Repository/Create Pop-up Alert Page/Choose recipients modal window/Done button' is clicked on

2024-02-08 11:40:45 - [TEST_STEP][PASSED] - waitForPageLoad(2): Wait for page load successfully

2024-02-08 11:40:45 - [MESSAGE][PASSED] - Wait for page load successfully

2024-02-08 11:40:45 - [TEST_STEP][PASSED] - click(findTestObject("Create Pop-up Alert Page/Template selection button")): Object: 'Object Repository/Create Pop-up Alert Page/Template selection button' is clicked on

2024-02-08 11:40:46 - [MESSAGE][PASSED] - Object: 'Object Repository/Create Pop-up Alert Page/Template selection button' is clicked on

2024-02-08 11:40:46 - [TEST_STEP][PASSED] - click(findTestObject("Create Pop-up Alert Page/Template with given name")): Object: 'Object Repository/Create Pop-up Alert Page/Template with given name' is clicked on

2024-02-08 11:40:47 - [MESSAGE][PASSED] - Object: 'Object Repository/Create Pop-up Alert Page/Template with given name' is clicked on

2024-02-08 11:40:47 - [TEST_STEP][PASSED] - sendKeys(findTestObject("Create Pop-up Alert Page/Alert Title field"), Keys.chord(CONTROL, "a", BACK_SPACE)): Keys 'CONTROL + BACK_SPACE + a' sent to object: 'Object Repository/Create Pop-up Alert Page/Alert Title field'

2024-02-08 11:40:47 - [MESSAGE][PASSED] - Keys 'CONTROL + BACK_SPACE + a' sent to object: 'Object Repository/Create Pop-up Alert Page/Alert Title field'

2024-02-08 11:40:47 - [TEST_STEP][PASSED] - setText(findTestObject("Create Pop-up Alert Page/Alert Title field"), "TC-5"): Text 'TC-5' is set on object 'Object Repository/Create Pop-up Alert Page/Alert Title field'

2024-02-08 11:40:48 - [MESSAGE][PASSED] - Text 'TC-5' is set on object 'Object Repository/Create Pop-up Alert Page/Alert Title field'

2024-02-08 11:40:48 - [TEST_STEP][PASSED] - click(findTestObject("Create Pop-up Alert Page/Send button")): Object: 'Object Repository/Create Pop-up Alert Page/Send button' is clicked on

2024-02-08 11:40:48 - [MESSAGE][PASSED] - Object: 'Object Repository/Create Pop-up Alert Page/Send button' is clicked on

2024-02-08 11:40:48 - [TEST_STEP][PASSED] - waitForPageLoad(2): Wait for page load successfully

2024-02-08 11:40:48 - [MESSAGE][PASSED] - Wait for page load successfully

2024-02-08 11:40:48 - [TEST_STEP][PASSED] - setText(findTestObject("Pop-up Alerts page/Search by title field"), "TC-5"): Text 'TC-5' is set on object 'Object Repository/Pop-up Alerts page/Search by title field'

2024-02-08 11:40:51 - [MESSAGE][PASSED] - Text 'TC-5' is set on object 'Object Repository/Pop-up Alerts page/Search by title field'

2024-02-08 11:40:51 - [TEST_STEP][PASSED] - verifyElementText(findTestObject("Pop-up Alerts page/Filtered sent alert"), "TC-5"): Actual text and expected text of test object 'Object Repository/Pop-up Alerts page/Filtered sent alert' are matched.

2024-02-08 11:40:51 - [MESSAGE][PASSED] - Actual text and expected text of test object 'Object Repository/Pop-up Alerts page/Filtered sent alert' are matched.]]></system-out>
         <system-err><![CDATA[]]></system-err>
      </testcase>
      <testcase name="Test Cases/Pop-up alert/Pop-up Alert preview (TC-6)" time="20.094" classname="Test Cases/Pop-up alert/Pop-up Alert preview (TC-6)" status="PASSED">
         <system-out><![CDATA[2024-02-08 11:40:53 - [TEST_CASE][PASSED] - Test Cases/Pop-up alert/Pop-up Alert preview (TC-6): Test Cases/Pop-up alert/Pop-up Alert preview (TC-6)

2024-02-08 11:40:53 - [TEST_STEP][PASSED] - click(findTestObject("Dashboard Page/Compose Alert Button")): Object: 'Object Repository/Dashboard Page/Compose Alert Button' is clicked on

2024-02-08 11:40:53 - [MESSAGE][PASSED] - Object: 'Object Repository/Dashboard Page/Compose Alert Button' is clicked on

2024-02-08 11:40:53 - [TEST_STEP][PASSED] - refresh(): Refresh successfully

2024-02-08 11:40:54 - [MESSAGE][PASSED] - Refresh successfully

2024-02-08 11:40:54 - [TEST_STEP][PASSED] - verifyElementPresent(findTestObject("Create Pop-up Alert Page/Create Pop-up Alert header"), 2): Object 'Object Repository/Create Pop-up Alert Page/Create Pop-up Alert header' is present

2024-02-08 11:40:57 - [MESSAGE][PASSED] - Object 'Object Repository/Create Pop-up Alert Page/Create Pop-up Alert header' is present

2024-02-08 11:40:57 - [TEST_STEP][PASSED] - verifyElementText(findTestObject("Create Pop-up Alert Page/Create Pop-up Alert header"), "Create Pop-up Alert"): Actual text and expected text of test object 'Object Repository/Create Pop-up Alert Page/Create Pop-up Alert header' are matched.

2024-02-08 11:40:57 - [MESSAGE][PASSED] - Actual text and expected text of test object 'Object Repository/Create Pop-up Alert Page/Create Pop-up Alert header' are matched.

2024-02-08 11:40:57 - [TEST_STEP][PASSED] - click(findTestObject("Create Pop-up Alert Page/More button")): Object: 'Object Repository/Create Pop-up Alert Page/More button' is clicked on

2024-02-08 11:40:57 - [MESSAGE][PASSED] - Object: 'Object Repository/Create Pop-up Alert Page/More button' is clicked on

2024-02-08 11:40:57 - [TEST_STEP][PASSED] - click(findTestObject("Create Pop-up Alert Page/Choose recipients modal window/Filter field")): Object: 'Object Repository/Create Pop-up Alert Page/Choose recipients modal window/Filter field' is clicked on

2024-02-08 11:40:58 - [MESSAGE][PASSED] - Object: 'Object Repository/Create Pop-up Alert Page/Choose recipients modal window/Filter field' is clicked on

2024-02-08 11:40:58 - [TEST_STEP][PASSED] - setText(findTestObject("Create Pop-up Alert Page/Choose recipients modal window/Filter field"), "LAPTOP-E6BU4LL9"): Text 'LAPTOP-E6BU4LL9' is set on object 'Object Repository/Create Pop-up Alert Page/Choose recipients modal window/Filter field'

2024-02-08 11:40:59 - [MESSAGE][PASSED] - Text 'LAPTOP-E6BU4LL9' is set on object 'Object Repository/Create Pop-up Alert Page/Choose recipients modal window/Filter field'

2024-02-08 11:40:59 - [TEST_STEP][PASSED] - verifyElementText(findTestObject("Create Pop-up Alert Page/Choose recipients modal window/All user list-filtered"), "LAPTOP-E6BU4LL9 "): Actual text and expected text of test object 'Object Repository/Create Pop-up Alert Page/Choose recipients modal window/All user list-filtered' are matched.

2024-02-08 11:41:00 - [MESSAGE][PASSED] - Actual text and expected text of test object 'Object Repository/Create Pop-up Alert Page/Choose recipients modal window/All user list-filtered' are matched.

2024-02-08 11:41:00 - [TEST_STEP][PASSED] - click(findTestObject("Create Pop-up Alert Page/Choose recipients modal window/filtered user selection")): Object: 'Object Repository/Create Pop-up Alert Page/Choose recipients modal window/filtered user selection' is clicked on

2024-02-08 11:41:01 - [MESSAGE][PASSED] - Object: 'Object Repository/Create Pop-up Alert Page/Choose recipients modal window/filtered user selection' is clicked on

2024-02-08 11:41:01 - [TEST_STEP][PASSED] - verifyElementPresent(findTestObject("Create Pop-up Alert Page/Choose recipients modal window/Choosen users filtered"), 2): Object 'Object Repository/Create Pop-up Alert Page/Choose recipients modal window/Choosen users filtered' is present

2024-02-08 11:41:01 - [MESSAGE][PASSED] - Object 'Object Repository/Create Pop-up Alert Page/Choose recipients modal window/Choosen users filtered' is present

2024-02-08 11:41:01 - [TEST_STEP][PASSED] - click(findTestObject("Create Pop-up Alert Page/Choose recipients modal window/Done button")): Object: 'Object Repository/Create Pop-up Alert Page/Choose recipients modal window/Done button' is clicked on

2024-02-08 11:41:02 - [MESSAGE][PASSED] - Object: 'Object Repository/Create Pop-up Alert Page/Choose recipients modal window/Done button' is clicked on

2024-02-08 11:41:02 - [TEST_STEP][PASSED] - setText(findTestObject("Create Pop-up Alert Page/Alert Title field"), "TC-6"): Text 'TC-6' is set on object 'Object Repository/Create Pop-up Alert Page/Alert Title field'

2024-02-08 11:41:02 - [MESSAGE][PASSED] - Text 'TC-6' is set on object 'Object Repository/Create Pop-up Alert Page/Alert Title field'

2024-02-08 11:41:02 - [TEST_STEP][PASSED] - switchToFrame(findTestObject("Create Pop-up Alert Page/Alert body iframe"), 2): null

2024-02-08 11:41:03 - [TEST_STEP][PASSED] - setText(findTestObject("Create Pop-up Alert Page/Alert body"), "Hello! This is automated alert with preview check from Katalon"): Text 'Hello! This is automated alert with preview check from Katalon' is set on object 'Object Repository/Create Pop-up Alert Page/Alert body'

2024-02-08 11:41:04 - [MESSAGE][PASSED] - Text 'Hello! This is automated alert with preview check from Katalon' is set on object 'Object Repository/Create Pop-up Alert Page/Alert body'

2024-02-08 11:41:04 - [TEST_STEP][PASSED] - switchToDefaultContent(): null

2024-02-08 11:41:04 - [TEST_STEP][PASSED] - click(findTestObject("Create Pop-up Alert Page/Alerts settings right-hand menu/Skin choice button")): Object: 'Object Repository/Create Pop-up Alert Page/Alerts settings right-hand menu/Skin choice button' is clicked on

2024-02-08 11:41:04 - [MESSAGE][PASSED] - Object: 'Object Repository/Create Pop-up Alert Page/Alerts settings right-hand menu/Skin choice button' is clicked on

2024-02-08 11:41:04 - [TEST_STEP][PASSED] - click(findTestObject("Create Pop-up Alert Page/Alerts settings right-hand menu/Skin with given index")): Object: 'Object Repository/Create Pop-up Alert Page/Alerts settings right-hand menu/Skin with given index' is clicked on

2024-02-08 11:41:05 - [MESSAGE][PASSED] - Object: 'Object Repository/Create Pop-up Alert Page/Alerts settings right-hand menu/Skin with given index' is clicked on

2024-02-08 11:41:05 - [TEST_STEP][PASSED] - check(findTestObject("Create Pop-up Alert Page/Alerts settings right-hand menu/Acknowledgement checkbox")): Object 'Object Repository/Create Pop-up Alert Page/Alerts settings right-hand menu/Acknowledgement checkbox' is checked

2024-02-08 11:41:06 - [MESSAGE][PASSED] - Object 'Object Repository/Create Pop-up Alert Page/Alerts settings right-hand menu/Acknowledgement checkbox' is checked

2024-02-08 11:41:06 - [TEST_STEP][PASSED] - verifyElementChecked(findTestObject("Create Pop-up Alert Page/Alerts settings right-hand menu/Acknowledgement checkbox"), 2): Object 'Object Repository/Create Pop-up Alert Page/Alerts settings right-hand menu/Acknowledgement checkbox' is checked

2024-02-08 11:41:06 - [MESSAGE][PASSED] - Object 'Object Repository/Create Pop-up Alert Page/Alerts settings right-hand menu/Acknowledgement checkbox' is checked

2024-02-08 11:41:06 - [TEST_STEP][PASSED] - scrollToElement(findTestObject("Create Pop-up Alert Page/Alerts settings right-hand menu/Add print button"), 2): Scroll to object 'Object Repository/Create Pop-up Alert Page/Alerts settings right-hand menu/Add print button' successfully

2024-02-08 11:41:07 - [MESSAGE][PASSED] - Scroll to object 'Object Repository/Create Pop-up Alert Page/Alerts settings right-hand menu/Add print button' successfully

2024-02-08 11:41:07 - [TEST_STEP][PASSED] - check(findTestObject("Create Pop-up Alert Page/Alerts settings right-hand menu/Add print button")): Object 'Object Repository/Create Pop-up Alert Page/Alerts settings right-hand menu/Add print button' is checked

2024-02-08 11:41:07 - [MESSAGE][PASSED] - Object 'Object Repository/Create Pop-up Alert Page/Alerts settings right-hand menu/Add print button' is checked

2024-02-08 11:41:07 - [TEST_STEP][PASSED] - verifyElementChecked(findTestObject("Create Pop-up Alert Page/Alerts settings right-hand menu/Add print button"), 2): Object 'Object Repository/Create Pop-up Alert Page/Alerts settings right-hand menu/Add print button' is checked

2024-02-08 11:41:08 - [MESSAGE][PASSED] - Object 'Object Repository/Create Pop-up Alert Page/Alerts settings right-hand menu/Add print button' is checked

2024-02-08 11:41:08 - [TEST_STEP][PASSED] - scrollToElement(findTestObject("Create Pop-up Alert Page/More button"), 2): Scroll to object 'Object Repository/Create Pop-up Alert Page/More button' successfully

2024-02-08 11:41:08 - [MESSAGE][PASSED] - Scroll to object 'Object Repository/Create Pop-up Alert Page/More button' successfully

2024-02-08 11:41:08 - [TEST_STEP][NOT_RUN] - scrollToElement(findTestObject("Create Pop-up Alert Page/Preview button"), 4): NOT_RUN: scrollToElement(findTestObject("Create Pop-up Alert Page/Preview button"), 4)

2024-02-08 11:41:08 - [MESSAGE][NOT_RUN] - NOT_RUN: scrollToElement(findTestObject("Create Pop-up Alert Page/Preview button"), 4)

2024-02-08 11:41:08 - [TEST_STEP][PASSED] - waitForElementClickable(findTestObject("Create Pop-up Alert Page/Preview button"), 3): Object 'Object Repository/Create Pop-up Alert Page/Preview button' is clickable

2024-02-08 11:41:08 - [MESSAGE][PASSED] - Object 'Object Repository/Create Pop-up Alert Page/Preview button' is clickable

2024-02-08 11:41:08 - [TEST_STEP][PASSED] - click(findTestObject("Create Pop-up Alert Page/Preview button")): Object: 'Object Repository/Create Pop-up Alert Page/Preview button' is clicked on

2024-02-08 11:41:09 - [MESSAGE][PASSED] - Object: 'Object Repository/Create Pop-up Alert Page/Preview button' is clicked on

2024-02-08 11:41:09 - [TEST_STEP][PASSED] - switchToFrame(findTestObject("Create Pop-up Alert Page/Preview alert iframe"), 2): null

2024-02-08 11:41:10 - [TEST_STEP][PASSED] - verifyElementPresent(findTestObject("Create Pop-up Alert Page/Alert Preview/print button"), 1): Object 'Object Repository/Create Pop-up Alert Page/Alert Preview/print button' is present

2024-02-08 11:41:10 - [MESSAGE][PASSED] - Object 'Object Repository/Create Pop-up Alert Page/Alert Preview/print button' is present

2024-02-08 11:41:10 - [TEST_STEP][PASSED] - verifyElementPresent(findTestObject("Create Pop-up Alert Page/Alert Preview/Postpone time selection"), 1): Object 'Object Repository/Create Pop-up Alert Page/Alert Preview/Postpone time selection' is present

2024-02-08 11:41:10 - [MESSAGE][PASSED] - Object 'Object Repository/Create Pop-up Alert Page/Alert Preview/Postpone time selection' is present

2024-02-08 11:41:10 - [TEST_STEP][PASSED] - verifyElementPresent(findTestObject("Create Pop-up Alert Page/Alert Preview/Postpone button"), 1): Object 'Object Repository/Create Pop-up Alert Page/Alert Preview/Postpone button' is present

2024-02-08 11:41:10 - [MESSAGE][PASSED] - Object 'Object Repository/Create Pop-up Alert Page/Alert Preview/Postpone button' is present

2024-02-08 11:41:10 - [TEST_STEP][PASSED] - verifyElementPresent(findTestObject("Create Pop-up Alert Page/Alert Preview/Creation Date"), 1): Object 'Object Repository/Create Pop-up Alert Page/Alert Preview/Creation Date' is present

2024-02-08 11:41:10 - [MESSAGE][PASSED] - Object 'Object Repository/Create Pop-up Alert Page/Alert Preview/Creation Date' is present

2024-02-08 11:41:10 - [TEST_STEP][PASSED] - verifyElementPresent(findTestObject("Create Pop-up Alert Page/Alert Preview/Alert Title Preview"), 1): Object 'Object Repository/Create Pop-up Alert Page/Alert Preview/Alert Title Preview' is present

2024-02-08 11:41:10 - [MESSAGE][PASSED] - Object 'Object Repository/Create Pop-up Alert Page/Alert Preview/Alert Title Preview' is present

2024-02-08 11:41:10 - [TEST_STEP][PASSED] - verifyElementVisible(findTestObject("Create Pop-up Alert Page/Alert Preview/Alert logo Preview")): Object 'Object Repository/Create Pop-up Alert Page/Alert Preview/Alert logo Preview' is visible

2024-02-08 11:41:10 - [MESSAGE][PASSED] - Object 'Object Repository/Create Pop-up Alert Page/Alert Preview/Alert logo Preview' is visible

2024-02-08 11:41:10 - [TEST_STEP][PASSED] - click(findTestObject("Create Pop-up Alert Page/Alert Preview/Acknowledgement OK button")): Object: 'Object Repository/Create Pop-up Alert Page/Alert Preview/Acknowledgement OK button' is clicked on

2024-02-08 11:41:10 - [MESSAGE][PASSED] - Object: 'Object Repository/Create Pop-up Alert Page/Alert Preview/Acknowledgement OK button' is clicked on

2024-02-08 11:41:10 - [TEST_STEP][PASSED] - switchToDefaultContent(): null

2024-02-08 11:41:10 - [TEST_STEP][PASSED] - click(findTestObject("Create Pop-up Alert Page/Save Button")): Object: 'Object Repository/Create Pop-up Alert Page/Save Button' is clicked on

2024-02-08 11:41:11 - [MESSAGE][PASSED] - Object: 'Object Repository/Create Pop-up Alert Page/Save Button' is clicked on]]></system-out>
         <system-err><![CDATA[]]></system-err>
      </testcase>
      <system-out><![CDATA[2024-02-08 11:37:25 - [TEST_SUITE][PASSED] - Pop-up Alert: Test Cases/Pop-up alert/Pop-up Alert preview (TC-6)]]></system-out>
      <system-err><![CDATA[]]></system-err>
   </testsuite>
   <testsuite name="Scrolling ticker" tests="6" failures="0" errors="0" time="103.011" skipped="0" timestamp="2024-02-08 11:41:17" hostname="Home - 169.254.43.143" id="Test Suites/Scrolling ticker">
      <properties>
         <property name="deviceName" value=""/>
         <property name="devicePlatform" value=""/>
         <property name="logFolder" value="C:\\Users\\Home\\git\\Katalon\\Reports\\20240208_113710\\Scrolling ticker\\20240208_113713"/>
         <property name="logFiles" value="C:\\Users\\Home\\git\\Katalon\\Reports\\20240208_113710\\Scrolling ticker\\20240208_113713\\execution0.log"/>
         <property name="attachments" value=""/>
         <property name="hostName" value="Home - 169.254.43.143"/>
         <property name="os" value="Windows 11 64bit"/>
         <property name="katalonVersion" value="9.0.0.212"/>
         <property name="browser" value="Chrome 121.0.0.0"/>
         <property name="hostAddress" value="169.254.43.143"/>
         <property name="sessionId" value="36930a5165a7ecd137e903c6512b6bd1"/>
         <property name="seleniumVersion" value="3.141.59"/>
         <property name="proxyInformation" value="ProxyInformation { proxyOption=NO_PROXY, proxyServerType=HTTP, username=, password=********, proxyServerAddress=, proxyServerPort=0, executionList=&quot;&quot;, isApplyToDesiredCapabilities=true }"/>
         <property name="platform" value="Windows 11"/>
      </properties>
      <testcase name="Test Cases/Login Test Cases/Login with Valid Credentials" time="13.829" classname="Test Cases/Login Test Cases/Login with Valid Credentials" status="PASSED">
         <system-out><![CDATA[2024-02-08 11:41:18 - [TEST_CASE][PASSED] - Test Cases/Login Test Cases/Login with Valid Credentials: Test Cases/Login Test Cases/Login with Valid Credentials

2024-02-08 11:41:18 - [TEST_STEP][PASSED] - openBrowser(""): Browser is opened with url: ''

2024-02-08 11:41:18 - [MESSAGE][INFO] - Starting 'Chrome' driver

2024-02-08 11:41:18 - [MESSAGE][INFO] - Action delay is set to 0 milliseconds

2024-02-08 11:41:20 - [MESSAGE][PASSED] - Browser is opened with url: ''

2024-02-08 11:41:20 - [TEST_STEP][PASSED] - navigateToUrl("https://dadebug.commclouds.com/Demo/admin/auth"): Navigate to 'https://dadebug.commclouds.com/Demo/admin/auth' successfully

2024-02-08 11:41:22 - [MESSAGE][PASSED] - Navigate to 'https://dadebug.commclouds.com/Demo/admin/auth' successfully

2024-02-08 11:41:22 - [TEST_STEP][PASSED] - waitForPageLoad(3): Wait for page load successfully

2024-02-08 11:41:22 - [MESSAGE][PASSED] - Wait for page load successfully

2024-02-08 11:41:22 - [TEST_STEP][PASSED] - maximizeWindow(): Current window maximized

2024-02-08 11:41:22 - [MESSAGE][PASSED] - Current window maximized

2024-02-08 11:41:22 - [TEST_STEP][PASSED] - verifyElementPresent(findTestObject("Login Page/DAlogo"), 2): Object 'Object Repository/Login Page/DAlogo' is present

2024-02-08 11:41:23 - [MESSAGE][PASSED] - Object 'Object Repository/Login Page/DAlogo' is present

2024-02-08 11:41:23 - [TEST_STEP][PASSED] - verifyElementPresent(findTestObject("Login Page/Version number"), 2): Object 'Object Repository/Login Page/Version number' is present

2024-02-08 11:41:23 - [MESSAGE][PASSED] - Object 'Object Repository/Login Page/Version number' is present

2024-02-08 11:41:23 - [TEST_STEP][PASSED] - verifyElementText(findTestObject("Login Page/Version number"), "Version: 11.4.0.1 (stage/11)"): Actual text and expected text of test object 'Object Repository/Login Page/Version number' are matched.

2024-02-08 11:41:24 - [MESSAGE][PASSED] - Actual text and expected text of test object 'Object Repository/Login Page/Version number' are matched.

2024-02-08 11:41:24 - [TEST_STEP][PASSED] - setText(findTestObject("Object Repository/Login Page/Login input field"), "Zoya"): Text 'Zoya' is set on object 'Object Repository/Login Page/Login input field'

2024-02-08 11:41:24 - [MESSAGE][PASSED] - Text 'Zoya' is set on object 'Object Repository/Login Page/Login input field'

2024-02-08 11:41:24 - [TEST_STEP][PASSED] - setEncryptedText(findTestObject("Object Repository/Login Page/Password input field"), "tzH6RvlfSTg="): Text ****** has been set on object 'Object Repository/Login Page/Password input field'

2024-02-08 11:41:25 - [MESSAGE][PASSED] - Text ****** has been set on object 'Object Repository/Login Page/Password input field'

2024-02-08 11:41:25 - [TEST_STEP][PASSED] - click(findTestObject("Object Repository/Login Page/button_Log in")): Object: 'Object Repository/Login Page/button_Log in' is clicked on

2024-02-08 11:41:25 - [MESSAGE][PASSED] - Object: 'Object Repository/Login Page/button_Log in' is clicked on

2024-02-08 11:41:25 - [TEST_STEP][PASSED] - delay(4): Delayed 4 second(s)

2024-02-08 11:41:29 - [MESSAGE][PASSED] - Delayed 4 second(s)

2024-02-08 11:41:29 - [TEST_STEP][PASSED] - verifyElementPresent(findTestObject("Object Repository/Login Page/h1_Dashboard"), 4): Object 'Object Repository/Login Page/h1_Dashboard' is present

2024-02-08 11:41:29 - [MESSAGE][PASSED] - Object 'Object Repository/Login Page/h1_Dashboard' is present]]></system-out>
         <system-err><![CDATA[]]></system-err>
      </testcase>
      <testcase name="Test Cases/Ticker/Send Ticker (TC-7)" time="21.389" classname="Test Cases/Ticker/Send Ticker (TC-7)" status="PASSED">
         <system-out><![CDATA[2024-02-08 11:41:31 - [TEST_CASE][PASSED] - Test Cases/Ticker/Send Ticker (TC-7): Test Cases/Ticker/Send Ticker (TC-7)

2024-02-08 11:41:31 - [TEST_STEP][PASSED] - click(findTestObject("Dashboard Page/Compose alert button expansion")): Object: 'Object Repository/Dashboard Page/Compose alert button expansion' is clicked on

2024-02-08 11:41:32 - [MESSAGE][PASSED] - Object: 'Object Repository/Dashboard Page/Compose alert button expansion' is clicked on

2024-02-08 11:41:32 - [TEST_STEP][PASSED] - click(findTestObject("Dashboard Page/Scrolling tickers")): Object: 'Object Repository/Dashboard Page/Scrolling tickers' is clicked on

2024-02-08 11:41:32 - [MESSAGE][PASSED] - Object: 'Object Repository/Dashboard Page/Scrolling tickers' is clicked on

2024-02-08 11:41:32 - [TEST_STEP][PASSED] - verifyElementText(findTestObject("Create Scrolling ticker/Create Scrolling ticker header"), "Create Scrolling Ticker"): Actual text and expected text of test object 'Object Repository/Create Scrolling ticker/Create Scrolling ticker header' are matched.

2024-02-08 11:41:41 - [MESSAGE][PASSED] - Actual text and expected text of test object 'Object Repository/Create Scrolling ticker/Create Scrolling ticker header' are matched.

2024-02-08 11:41:41 - [TEST_STEP][PASSED] - waitForPageLoad(1): Wait for page load successfully

2024-02-08 11:41:41 - [MESSAGE][PASSED] - Wait for page load successfully

2024-02-08 11:41:41 - [TEST_STEP][PASSED] - click(findTestObject("Create Pop-up Alert Page/More button")): Object: 'Object Repository/Create Pop-up Alert Page/More button' is clicked on

2024-02-08 11:41:42 - [MESSAGE][PASSED] - Object: 'Object Repository/Create Pop-up Alert Page/More button' is clicked on

2024-02-08 11:41:42 - [TEST_STEP][PASSED] - click(findTestObject("Create Pop-up Alert Page/Choose recipients modal window/Filter field")): Object: 'Object Repository/Create Pop-up Alert Page/Choose recipients modal window/Filter field' is clicked on

2024-02-08 11:41:42 - [MESSAGE][PASSED] - Object: 'Object Repository/Create Pop-up Alert Page/Choose recipients modal window/Filter field' is clicked on

2024-02-08 11:41:42 - [TEST_STEP][PASSED] - setText(findTestObject("Create Pop-up Alert Page/Choose recipients modal window/Filter field"), "LAPTOP-E6BU4LL9"): Text 'LAPTOP-E6BU4LL9' is set on object 'Object Repository/Create Pop-up Alert Page/Choose recipients modal window/Filter field'

2024-02-08 11:41:43 - [MESSAGE][PASSED] - Text 'LAPTOP-E6BU4LL9' is set on object 'Object Repository/Create Pop-up Alert Page/Choose recipients modal window/Filter field'

2024-02-08 11:41:43 - [TEST_STEP][PASSED] - verifyElementText(findTestObject("Create Pop-up Alert Page/Choose recipients modal window/All user list-filtered"), "LAPTOP-E6BU4LL9 "): Actual text and expected text of test object 'Object Repository/Create Pop-up Alert Page/Choose recipients modal window/All user list-filtered' are matched.

2024-02-08 11:41:45 - [MESSAGE][PASSED] - Actual text and expected text of test object 'Object Repository/Create Pop-up Alert Page/Choose recipients modal window/All user list-filtered' are matched.

2024-02-08 11:41:45 - [TEST_STEP][PASSED] - click(findTestObject("Create Pop-up Alert Page/Choose recipients modal window/filtered user selection")): Object: 'Object Repository/Create Pop-up Alert Page/Choose recipients modal window/filtered user selection' is clicked on

2024-02-08 11:41:45 - [MESSAGE][PASSED] - Object: 'Object Repository/Create Pop-up Alert Page/Choose recipients modal window/filtered user selection' is clicked on

2024-02-08 11:41:45 - [TEST_STEP][PASSED] - verifyElementPresent(findTestObject("Create Pop-up Alert Page/Choose recipients modal window/Choosen users filtered"), 2): Object 'Object Repository/Create Pop-up Alert Page/Choose recipients modal window/Choosen users filtered' is present

2024-02-08 11:41:46 - [MESSAGE][PASSED] - Object 'Object Repository/Create Pop-up Alert Page/Choose recipients modal window/Choosen users filtered' is present

2024-02-08 11:41:46 - [TEST_STEP][PASSED] - click(findTestObject("Create Pop-up Alert Page/Choose recipients modal window/Done button")): Object: 'Object Repository/Create Pop-up Alert Page/Choose recipients modal window/Done button' is clicked on

2024-02-08 11:41:46 - [MESSAGE][PASSED] - Object: 'Object Repository/Create Pop-up Alert Page/Choose recipients modal window/Done button' is clicked on

2024-02-08 11:41:46 - [TEST_STEP][PASSED] - setText(findTestObject("Create Pop-up Alert Page/Alert Title field"), "TC-7"): Text 'TC-7' is set on object 'Object Repository/Create Pop-up Alert Page/Alert Title field'

2024-02-08 11:41:47 - [MESSAGE][PASSED] - Text 'TC-7' is set on object 'Object Repository/Create Pop-up Alert Page/Alert Title field'

2024-02-08 11:41:47 - [TEST_STEP][PASSED] - switchToFrame(findTestObject("Create Pop-up Alert Page/Alert body iframe"), 2): null

2024-02-08 11:41:47 - [TEST_STEP][PASSED] - setText(findTestObject("Create Pop-up Alert Page/Alert body"), "Hello! This is automated ticker from Katalon"): Text 'Hello! This is automated ticker from Katalon' is set on object 'Object Repository/Create Pop-up Alert Page/Alert body'

2024-02-08 11:41:48 - [MESSAGE][PASSED] - Text 'Hello! This is automated ticker from Katalon' is set on object 'Object Repository/Create Pop-up Alert Page/Alert body'

2024-02-08 11:41:48 - [TEST_STEP][PASSED] - switchToDefaultContent(): null

2024-02-08 11:41:48 - [TEST_STEP][PASSED] - click(findTestObject("Create Pop-up Alert Page/Send button")): Object: 'Object Repository/Create Pop-up Alert Page/Send button' is clicked on

2024-02-08 11:41:48 - [MESSAGE][PASSED] - Object: 'Object Repository/Create Pop-up Alert Page/Send button' is clicked on

2024-02-08 11:41:48 - [TEST_STEP][PASSED] - waitForPageLoad(2): Wait for page load successfully

2024-02-08 11:41:48 - [MESSAGE][PASSED] - Wait for page load successfully

2024-02-08 11:41:48 - [TEST_STEP][PASSED] - setText(findTestObject("Pop-up Alerts page/Search by title field"), "TC-7"): Text 'TC-7' is set on object 'Object Repository/Pop-up Alerts page/Search by title field'

2024-02-08 11:41:50 - [MESSAGE][PASSED] - Text 'TC-7' is set on object 'Object Repository/Pop-up Alerts page/Search by title field'

2024-02-08 11:41:50 - [TEST_STEP][PASSED] - verifyElementText(findTestObject("Pop-up Alerts page/Filtered sent alert"), "TC-7"): Actual text and expected text of test object 'Object Repository/Pop-up Alerts page/Filtered sent alert' are matched.

2024-02-08 11:41:51 - [MESSAGE][PASSED] - Actual text and expected text of test object 'Object Repository/Pop-up Alerts page/Filtered sent alert' are matched.]]></system-out>
         <system-err><![CDATA[]]></system-err>
      </testcase>
      <testcase name="Test Cases/Ticker/Draft ticker (TC-8)" time="17.574" classname="Test Cases/Ticker/Draft ticker (TC-8)" status="PASSED">
         <system-out><![CDATA[2024-02-08 11:41:53 - [TEST_CASE][PASSED] - Test Cases/Ticker/Draft ticker (TC-8): Test Cases/Ticker/Draft ticker (TC-8)

2024-02-08 11:41:53 - [TEST_STEP][PASSED] - click(findTestObject("Dashboard Page/Compose alert button expansion")): Object: 'Object Repository/Dashboard Page/Compose alert button expansion' is clicked on

2024-02-08 11:41:53 - [MESSAGE][PASSED] - Object: 'Object Repository/Dashboard Page/Compose alert button expansion' is clicked on

2024-02-08 11:41:53 - [TEST_STEP][PASSED] - click(findTestObject("Dashboard Page/Scrolling tickers")): Object: 'Object Repository/Dashboard Page/Scrolling tickers' is clicked on

2024-02-08 11:41:54 - [MESSAGE][PASSED] - Object: 'Object Repository/Dashboard Page/Scrolling tickers' is clicked on

2024-02-08 11:41:54 - [TEST_STEP][PASSED] - refresh(): Refresh successfully

2024-02-08 11:41:54 - [MESSAGE][PASSED] - Refresh successfully

2024-02-08 11:41:54 - [TEST_STEP][PASSED] - verifyElementText(findTestObject("Create Scrolling ticker/Create Scrolling ticker header"), "Create Scrolling Ticker"): Actual text and expected text of test object 'Object Repository/Create Scrolling ticker/Create Scrolling ticker header' are matched.

2024-02-08 11:41:56 - [MESSAGE][PASSED] - Actual text and expected text of test object 'Object Repository/Create Scrolling ticker/Create Scrolling ticker header' are matched.

2024-02-08 11:41:56 - [TEST_STEP][PASSED] - waitForPageLoad(1): Wait for page load successfully

2024-02-08 11:41:56 - [MESSAGE][PASSED] - Wait for page load successfully

2024-02-08 11:41:56 - [TEST_STEP][PASSED] - click(findTestObject("Create Pop-up Alert Page/More button")): Object: 'Object Repository/Create Pop-up Alert Page/More button' is clicked on

2024-02-08 11:41:56 - [MESSAGE][PASSED] - Object: 'Object Repository/Create Pop-up Alert Page/More button' is clicked on

2024-02-08 11:41:56 - [TEST_STEP][PASSED] - click(findTestObject("Create Pop-up Alert Page/Choose recipients modal window/Filter field")): Object: 'Object Repository/Create Pop-up Alert Page/Choose recipients modal window/Filter field' is clicked on

2024-02-08 11:41:57 - [MESSAGE][PASSED] - Object: 'Object Repository/Create Pop-up Alert Page/Choose recipients modal window/Filter field' is clicked on

2024-02-08 11:41:57 - [TEST_STEP][PASSED] - setText(findTestObject("Create Pop-up Alert Page/Choose recipients modal window/Filter field"), "LAPTOP-E6BU4LL9"): Text 'LAPTOP-E6BU4LL9' is set on object 'Object Repository/Create Pop-up Alert Page/Choose recipients modal window/Filter field'

2024-02-08 11:41:58 - [MESSAGE][PASSED] - Text 'LAPTOP-E6BU4LL9' is set on object 'Object Repository/Create Pop-up Alert Page/Choose recipients modal window/Filter field'

2024-02-08 11:41:58 - [TEST_STEP][PASSED] - verifyElementText(findTestObject("Create Pop-up Alert Page/Choose recipients modal window/All user list-filtered"), "LAPTOP-E6BU4LL9 "): Actual text and expected text of test object 'Object Repository/Create Pop-up Alert Page/Choose recipients modal window/All user list-filtered' are matched.

2024-02-08 11:42:00 - [MESSAGE][PASSED] - Actual text and expected text of test object 'Object Repository/Create Pop-up Alert Page/Choose recipients modal window/All user list-filtered' are matched.

2024-02-08 11:42:00 - [TEST_STEP][PASSED] - click(findTestObject("Create Pop-up Alert Page/Choose recipients modal window/filtered user selection")): Object: 'Object Repository/Create Pop-up Alert Page/Choose recipients modal window/filtered user selection' is clicked on

2024-02-08 11:42:00 - [MESSAGE][PASSED] - Object: 'Object Repository/Create Pop-up Alert Page/Choose recipients modal window/filtered user selection' is clicked on

2024-02-08 11:42:00 - [TEST_STEP][PASSED] - verifyElementPresent(findTestObject("Create Pop-up Alert Page/Choose recipients modal window/Choosen users filtered"), 2): Object 'Object Repository/Create Pop-up Alert Page/Choose recipients modal window/Choosen users filtered' is present

2024-02-08 11:42:01 - [MESSAGE][PASSED] - Object 'Object Repository/Create Pop-up Alert Page/Choose recipients modal window/Choosen users filtered' is present

2024-02-08 11:42:01 - [TEST_STEP][PASSED] - click(findTestObject("Create Pop-up Alert Page/Choose recipients modal window/Done button")): Object: 'Object Repository/Create Pop-up Alert Page/Choose recipients modal window/Done button' is clicked on

2024-02-08 11:42:01 - [MESSAGE][PASSED] - Object: 'Object Repository/Create Pop-up Alert Page/Choose recipients modal window/Done button' is clicked on

2024-02-08 11:42:01 - [TEST_STEP][PASSED] - setText(findTestObject("Create Pop-up Alert Page/Alert Title field"), "TC-8"): Text 'TC-8' is set on object 'Object Repository/Create Pop-up Alert Page/Alert Title field'

2024-02-08 11:42:02 - [MESSAGE][PASSED] - Text 'TC-8' is set on object 'Object Repository/Create Pop-up Alert Page/Alert Title field'

2024-02-08 11:42:02 - [TEST_STEP][PASSED] - switchToFrame(findTestObject("Create Pop-up Alert Page/Alert body iframe"), 2): null

2024-02-08 11:42:02 - [TEST_STEP][PASSED] - setText(findTestObject("Create Pop-up Alert Page/Alert body"), "Hello! This is automated DRAFT ticker from Katalon"): Text 'Hello! This is automated DRAFT ticker from Katalon' is set on object 'Object Repository/Create Pop-up Alert Page/Alert body'

2024-02-08 11:42:03 - [MESSAGE][PASSED] - Text 'Hello! This is automated DRAFT ticker from Katalon' is set on object 'Object Repository/Create Pop-up Alert Page/Alert body'

2024-02-08 11:42:03 - [TEST_STEP][PASSED] - switchToDefaultContent(): null

2024-02-08 11:42:03 - [TEST_STEP][PASSED] - click(findTestObject("Create Pop-up Alert Page/Save Button")): Object: 'Object Repository/Create Pop-up Alert Page/Save Button' is clicked on

2024-02-08 11:42:04 - [MESSAGE][PASSED] - Object: 'Object Repository/Create Pop-up Alert Page/Save Button' is clicked on

2024-02-08 11:42:04 - [TEST_STEP][PASSED] - waitForPageLoad(2): Wait for page load successfully

2024-02-08 11:42:04 - [MESSAGE][PASSED] - Wait for page load successfully

2024-02-08 11:42:04 - [TEST_STEP][PASSED] - click(findTestObject("Pop-up Alerts page/Draft tab")): Object: 'Object Repository/Pop-up Alerts page/Draft tab' is clicked on

2024-02-08 11:42:06 - [MESSAGE][PASSED] - Object: 'Object Repository/Pop-up Alerts page/Draft tab' is clicked on

2024-02-08 11:42:06 - [TEST_STEP][PASSED] - setText(findTestObject("Pop-up Alerts page/Search by title field"), "TC-8"): Text 'TC-8' is set on object 'Object Repository/Pop-up Alerts page/Search by title field'

2024-02-08 11:42:08 - [MESSAGE][PASSED] - Text 'TC-8' is set on object 'Object Repository/Pop-up Alerts page/Search by title field'

2024-02-08 11:42:08 - [TEST_STEP][PASSED] - verifyElementText(findTestObject("Pop-up Alerts page/Filtered sent alert"), "TC-8"): Actual text and expected text of test object 'Object Repository/Pop-up Alerts page/Filtered sent alert' are matched.

2024-02-08 11:42:08 - [MESSAGE][PASSED] - Actual text and expected text of test object 'Object Repository/Pop-up Alerts page/Filtered sent alert' are matched.]]></system-out>
         <system-err><![CDATA[]]></system-err>
      </testcase>
      <testcase name="Test Cases/Ticker/Ticker template creation (TC-9)" time="13.405" classname="Test Cases/Ticker/Ticker template creation (TC-9)" status="PASSED">
         <system-out><![CDATA[2024-02-08 11:42:10 - [TEST_CASE][PASSED] - Test Cases/Ticker/Ticker template creation (TC-9): Test Cases/Ticker/Ticker template creation (TC-9)

2024-02-08 11:42:10 - [TEST_STEP][PASSED] - click(findTestObject("Dashboard Page/Left-hand menu_Scrolling Tickers")): Object: 'Object Repository/Dashboard Page/Left-hand menu_Scrolling Tickers' is clicked on

2024-02-08 11:42:11 - [MESSAGE][PASSED] - Object: 'Object Repository/Dashboard Page/Left-hand menu_Scrolling Tickers' is clicked on

2024-02-08 11:42:11 - [TEST_STEP][PASSED] - click(findTestObject("Pop-up Alerts page/Templates tab")): Object: 'Object Repository/Pop-up Alerts page/Templates tab' is clicked on

2024-02-08 11:42:11 - [MESSAGE][PASSED] - Object: 'Object Repository/Pop-up Alerts page/Templates tab' is clicked on

2024-02-08 11:42:11 - [TEST_STEP][PASSED] - click(findTestObject("Pop-up Alerts page/New Template button")): Object: 'Object Repository/Pop-up Alerts page/New Template button' is clicked on

2024-02-08 11:42:12 - [MESSAGE][PASSED] - Object: 'Object Repository/Pop-up Alerts page/New Template button' is clicked on

2024-02-08 11:42:12 - [TEST_STEP][PASSED] - setText(findTestObject("Create Template/Template title"), "TC-9"): Text 'TC-9' is set on object 'Object Repository/Create Template/Template title'

2024-02-08 11:42:14 - [MESSAGE][PASSED] - Text 'TC-9' is set on object 'Object Repository/Create Template/Template title'

2024-02-08 11:42:14 - [TEST_STEP][PASSED] - switchToFrame(findTestObject("Create Pop-up Alert Page/Alert body iframe"), 2): null

2024-02-08 11:42:15 - [TEST_STEP][PASSED] - TemplateBody = ""The News Tickers is a handy and easy tool for creating a creeping line(running text, ticker). This is perfect for news broadcasts, updates, and more projects that refer to current events. Use for any formats and themes of video: news, sports, advertising, video blog, and others. Special made for COVID-19 situation in the world. Color controls available. A video tutorial is also included in the download."": null

2024-02-08 11:42:15 - [TEST_STEP][PASSED] - setText(findTestObject("Create Pop-up Alert Page/Alert body"), TemplateBody): Text '"The News Tickers is a handy and easy tool for creating a creeping line(running text, ticker). This is perfect for news broadcasts, updates, and more projects that refer to current events. Use for any formats and themes of video: news, sports, advertising, video blog, and others. Special made for COVID-19 situation in the world. Color controls available. A video tutorial is also included in the download."' is set on object 'Object Repository/Create Pop-up Alert Page/Alert body'

2024-02-08 11:42:17 - [MESSAGE][PASSED] - Text '"The News Tickers is a handy and easy tool for creating a creeping line(running text, ticker). This is perfect for news broadcasts, updates, and more projects that refer to current events. Use for any formats and themes of video: news, sports, advertising, video blog, and others. Special made for COVID-19 situation in the world. Color controls available. A video tutorial is also included in the download."' is set on object 'Object Repository/Create Pop-up Alert Page/Alert body'

2024-02-08 11:42:17 - [TEST_STEP][PASSED] - switchToDefaultContent(): null

2024-02-08 11:42:17 - [TEST_STEP][PASSED] - click(findTestObject("Create Pop-up Alert Page/Save Button")): Object: 'Object Repository/Create Pop-up Alert Page/Save Button' is clicked on

2024-02-08 11:42:17 - [MESSAGE][PASSED] - Object: 'Object Repository/Create Pop-up Alert Page/Save Button' is clicked on

2024-02-08 11:42:17 - [TEST_STEP][PASSED] - click(findTestObject("Pop-up Alerts page/Templates tab")): Object: 'Object Repository/Pop-up Alerts page/Templates tab' is clicked on

2024-02-08 11:42:18 - [MESSAGE][PASSED] - Object: 'Object Repository/Pop-up Alerts page/Templates tab' is clicked on

2024-02-08 11:42:18 - [TEST_STEP][PASSED] - setText(findTestObject("Pop-up Alerts page/Search by title field"), "TC-9"): Text 'TC-9' is set on object 'Object Repository/Pop-up Alerts page/Search by title field'

2024-02-08 11:42:19 - [MESSAGE][PASSED] - Text 'TC-9' is set on object 'Object Repository/Pop-up Alerts page/Search by title field'

2024-02-08 11:42:19 - [TEST_STEP][PASSED] - delay(2): Delayed 2 second(s)

2024-02-08 11:42:21 - [MESSAGE][PASSED] - Delayed 2 second(s)

2024-02-08 11:42:21 - [TEST_STEP][PASSED] - verifyElementText(findTestObject("Pop-up Alerts page/Filtered Template"), "TC-9"): Actual text and expected text of test object 'Object Repository/Pop-up Alerts page/Filtered Template' are matched.

2024-02-08 11:42:22 - [MESSAGE][PASSED] - Actual text and expected text of test object 'Object Repository/Pop-up Alerts page/Filtered Template' are matched.]]></system-out>
         <system-err><![CDATA[]]></system-err>
      </testcase>
      <testcase name="Test Cases/Ticker/Send ticker with template (TC-10)" time="16.054" classname="Test Cases/Ticker/Send ticker with template (TC-10)" status="PASSED">
         <system-out><![CDATA[2024-02-08 11:42:24 - [TEST_CASE][PASSED] - Test Cases/Ticker/Send ticker with template (TC-10): Test Cases/Ticker/Send ticker with template (TC-10)

2024-02-08 11:42:24 - [TEST_STEP][PASSED] - click(findTestObject("Dashboard Page/Compose alert button expansion")): Object: 'Object Repository/Dashboard Page/Compose alert button expansion' is clicked on

2024-02-08 11:42:24 - [MESSAGE][PASSED] - Object: 'Object Repository/Dashboard Page/Compose alert button expansion' is clicked on

2024-02-08 11:42:24 - [TEST_STEP][PASSED] - click(findTestObject("Dashboard Page/Scrolling tickers")): Object: 'Object Repository/Dashboard Page/Scrolling tickers' is clicked on

2024-02-08 11:42:25 - [MESSAGE][PASSED] - Object: 'Object Repository/Dashboard Page/Scrolling tickers' is clicked on

2024-02-08 11:42:25 - [TEST_STEP][PASSED] - refresh(): Refresh successfully

2024-02-08 11:42:25 - [MESSAGE][PASSED] - Refresh successfully

2024-02-08 11:42:25 - [TEST_STEP][PASSED] - verifyElementText(findTestObject("Create Scrolling ticker/Create Scrolling ticker header"), "Create Scrolling Ticker"): Actual text and expected text of test object 'Object Repository/Create Scrolling ticker/Create Scrolling ticker header' are matched.

2024-02-08 11:42:27 - [MESSAGE][PASSED] - Actual text and expected text of test object 'Object Repository/Create Scrolling ticker/Create Scrolling ticker header' are matched.

2024-02-08 11:42:27 - [TEST_STEP][PASSED] - waitForPageLoad(1): Wait for page load successfully

2024-02-08 11:42:27 - [MESSAGE][PASSED] - Wait for page load successfully

2024-02-08 11:42:27 - [TEST_STEP][PASSED] - click(findTestObject("Create Pop-up Alert Page/More button")): Object: 'Object Repository/Create Pop-up Alert Page/More button' is clicked on

2024-02-08 11:42:27 - [MESSAGE][PASSED] - Object: 'Object Repository/Create Pop-up Alert Page/More button' is clicked on

2024-02-08 11:42:27 - [TEST_STEP][PASSED] - click(findTestObject("Create Pop-up Alert Page/Choose recipients modal window/Filter field")): Object: 'Object Repository/Create Pop-up Alert Page/Choose recipients modal window/Filter field' is clicked on

2024-02-08 11:42:28 - [MESSAGE][PASSED] - Object: 'Object Repository/Create Pop-up Alert Page/Choose recipients modal window/Filter field' is clicked on

2024-02-08 11:42:28 - [TEST_STEP][PASSED] - setText(findTestObject("Create Pop-up Alert Page/Choose recipients modal window/Filter field"), "LAPTOP-E6BU4LL9"): Text 'LAPTOP-E6BU4LL9' is set on object 'Object Repository/Create Pop-up Alert Page/Choose recipients modal window/Filter field'

2024-02-08 11:42:29 - [MESSAGE][PASSED] - Text 'LAPTOP-E6BU4LL9' is set on object 'Object Repository/Create Pop-up Alert Page/Choose recipients modal window/Filter field'

2024-02-08 11:42:29 - [TEST_STEP][PASSED] - verifyElementText(findTestObject("Create Pop-up Alert Page/Choose recipients modal window/All user list-filtered"), "LAPTOP-E6BU4LL9 "): Actual text and expected text of test object 'Object Repository/Create Pop-up Alert Page/Choose recipients modal window/All user list-filtered' are matched.

2024-02-08 11:42:30 - [MESSAGE][PASSED] - Actual text and expected text of test object 'Object Repository/Create Pop-up Alert Page/Choose recipients modal window/All user list-filtered' are matched.

2024-02-08 11:42:30 - [TEST_STEP][PASSED] - click(findTestObject("Create Pop-up Alert Page/Choose recipients modal window/filtered user selection")): Object: 'Object Repository/Create Pop-up Alert Page/Choose recipients modal window/filtered user selection' is clicked on

2024-02-08 11:42:31 - [MESSAGE][PASSED] - Object: 'Object Repository/Create Pop-up Alert Page/Choose recipients modal window/filtered user selection' is clicked on

2024-02-08 11:42:31 - [TEST_STEP][PASSED] - verifyElementPresent(findTestObject("Create Pop-up Alert Page/Choose recipients modal window/Choosen users filtered"), 2): Object 'Object Repository/Create Pop-up Alert Page/Choose recipients modal window/Choosen users filtered' is present

2024-02-08 11:42:31 - [MESSAGE][PASSED] - Object 'Object Repository/Create Pop-up Alert Page/Choose recipients modal window/Choosen users filtered' is present

2024-02-08 11:42:31 - [TEST_STEP][PASSED] - click(findTestObject("Create Pop-up Alert Page/Choose recipients modal window/Done button")): Object: 'Object Repository/Create Pop-up Alert Page/Choose recipients modal window/Done button' is clicked on

2024-02-08 11:42:32 - [MESSAGE][PASSED] - Object: 'Object Repository/Create Pop-up Alert Page/Choose recipients modal window/Done button' is clicked on

2024-02-08 11:42:32 - [TEST_STEP][PASSED] - click(findTestObject("Create Pop-up Alert Page/Template selection button")): Object: 'Object Repository/Create Pop-up Alert Page/Template selection button' is clicked on

2024-02-08 11:42:32 - [MESSAGE][PASSED] - Object: 'Object Repository/Create Pop-up Alert Page/Template selection button' is clicked on

2024-02-08 11:42:32 - [TEST_STEP][PASSED] - click(findTestObject("Create Scrolling ticker/Ticker Template with given name")): Object: 'Object Repository/Create Scrolling ticker/Ticker Template with given name' is clicked on

2024-02-08 11:42:33 - [MESSAGE][PASSED] - Object: 'Object Repository/Create Scrolling ticker/Ticker Template with given name' is clicked on

2024-02-08 11:42:33 - [TEST_STEP][PASSED] - sendKeys(findTestObject("Create Pop-up Alert Page/Alert Title field"), Keys.chord(CONTROL, "a", BACK_SPACE)): Keys 'CONTROL + BACK_SPACE + a' sent to object: 'Object Repository/Create Pop-up Alert Page/Alert Title field'

2024-02-08 11:42:33 - [MESSAGE][PASSED] - Keys 'CONTROL + BACK_SPACE + a' sent to object: 'Object Repository/Create Pop-up Alert Page/Alert Title field'

2024-02-08 11:42:33 - [TEST_STEP][PASSED] - setText(findTestObject("Create Pop-up Alert Page/Alert Title field"), "TC-10"): Text 'TC-10' is set on object 'Object Repository/Create Pop-up Alert Page/Alert Title field'

2024-02-08 11:42:34 - [MESSAGE][PASSED] - Text 'TC-10' is set on object 'Object Repository/Create Pop-up Alert Page/Alert Title field'

2024-02-08 11:42:34 - [TEST_STEP][PASSED] - click(findTestObject("Create Pop-up Alert Page/Send button")): Object: 'Object Repository/Create Pop-up Alert Page/Send button' is clicked on

2024-02-08 11:42:35 - [MESSAGE][PASSED] - Object: 'Object Repository/Create Pop-up Alert Page/Send button' is clicked on

2024-02-08 11:42:35 - [TEST_STEP][PASSED] - waitForPageLoad(2): Wait for page load successfully

2024-02-08 11:42:35 - [MESSAGE][PASSED] - Wait for page load successfully

2024-02-08 11:42:35 - [TEST_STEP][PASSED] - setText(findTestObject("Pop-up Alerts page/Search by title field"), "TC-10"): Text 'TC-10' is set on object 'Object Repository/Pop-up Alerts page/Search by title field'

2024-02-08 11:42:37 - [MESSAGE][PASSED] - Text 'TC-10' is set on object 'Object Repository/Pop-up Alerts page/Search by title field'

2024-02-08 11:42:37 - [TEST_STEP][PASSED] - verifyElementText(findTestObject("Pop-up Alerts page/Filtered sent alert"), "TC-10"): Actual text and expected text of test object 'Object Repository/Pop-up Alerts page/Filtered sent alert' are matched.

2024-02-08 11:42:38 - [MESSAGE][PASSED] - Actual text and expected text of test object 'Object Repository/Pop-up Alerts page/Filtered sent alert' are matched.]]></system-out>
         <system-err><![CDATA[]]></system-err>
      </testcase>
      <testcase name="Test Cases/Ticker/Ticker Preview (TC-11)" time="20.555" classname="Test Cases/Ticker/Ticker Preview (TC-11)" status="PASSED">
         <system-out><![CDATA[2024-02-08 11:42:40 - [TEST_CASE][PASSED] - Test Cases/Ticker/Ticker Preview (TC-11): Test Cases/Ticker/Ticker Preview (TC-11)

2024-02-08 11:42:40 - [TEST_STEP][PASSED] - click(findTestObject("Dashboard Page/Compose alert button expansion")): Object: 'Object Repository/Dashboard Page/Compose alert button expansion' is clicked on

2024-02-08 11:42:40 - [MESSAGE][PASSED] - Object: 'Object Repository/Dashboard Page/Compose alert button expansion' is clicked on

2024-02-08 11:42:40 - [TEST_STEP][PASSED] - click(findTestObject("Dashboard Page/Scrolling tickers")): Object: 'Object Repository/Dashboard Page/Scrolling tickers' is clicked on

2024-02-08 11:42:41 - [MESSAGE][PASSED] - Object: 'Object Repository/Dashboard Page/Scrolling tickers' is clicked on

2024-02-08 11:42:41 - [TEST_STEP][PASSED] - refresh(): Refresh successfully

2024-02-08 11:42:41 - [MESSAGE][PASSED] - Refresh successfully

2024-02-08 11:42:41 - [TEST_STEP][PASSED] - verifyElementText(findTestObject("Create Scrolling ticker/Create Scrolling ticker header"), "Create Scrolling Ticker"): Actual text and expected text of test object 'Object Repository/Create Scrolling ticker/Create Scrolling ticker header' are matched.

2024-02-08 11:42:42 - [MESSAGE][PASSED] - Actual text and expected text of test object 'Object Repository/Create Scrolling ticker/Create Scrolling ticker header' are matched.

2024-02-08 11:42:42 - [TEST_STEP][PASSED] - waitForPageLoad(1): Wait for page load successfully

2024-02-08 11:42:42 - [MESSAGE][PASSED] - Wait for page load successfully

2024-02-08 11:42:42 - [TEST_STEP][PASSED] - click(findTestObject("Create Pop-up Alert Page/More button")): Object: 'Object Repository/Create Pop-up Alert Page/More button' is clicked on

2024-02-08 11:42:43 - [MESSAGE][PASSED] - Object: 'Object Repository/Create Pop-up Alert Page/More button' is clicked on

2024-02-08 11:42:43 - [TEST_STEP][PASSED] - click(findTestObject("Create Pop-up Alert Page/Choose recipients modal window/Filter field")): Object: 'Object Repository/Create Pop-up Alert Page/Choose recipients modal window/Filter field' is clicked on

2024-02-08 11:42:43 - [MESSAGE][PASSED] - Object: 'Object Repository/Create Pop-up Alert Page/Choose recipients modal window/Filter field' is clicked on

2024-02-08 11:42:43 - [TEST_STEP][PASSED] - setText(findTestObject("Create Pop-up Alert Page/Choose recipients modal window/Filter field"), "LAPTOP-E6BU4LL9"): Text 'LAPTOP-E6BU4LL9' is set on object 'Object Repository/Create Pop-up Alert Page/Choose recipients modal window/Filter field'

2024-02-08 11:42:45 - [MESSAGE][PASSED] - Text 'LAPTOP-E6BU4LL9' is set on object 'Object Repository/Create Pop-up Alert Page/Choose recipients modal window/Filter field'

2024-02-08 11:42:45 - [TEST_STEP][PASSED] - verifyElementText(findTestObject("Create Pop-up Alert Page/Choose recipients modal window/All user list-filtered"), "LAPTOP-E6BU4LL9 "): Actual text and expected text of test object 'Object Repository/Create Pop-up Alert Page/Choose recipients modal window/All user list-filtered' are matched.

2024-02-08 11:42:46 - [MESSAGE][PASSED] - Actual text and expected text of test object 'Object Repository/Create Pop-up Alert Page/Choose recipients modal window/All user list-filtered' are matched.

2024-02-08 11:42:46 - [TEST_STEP][PASSED] - click(findTestObject("Create Pop-up Alert Page/Choose recipients modal window/filtered user selection")): Object: 'Object Repository/Create Pop-up Alert Page/Choose recipients modal window/filtered user selection' is clicked on

2024-02-08 11:42:46 - [MESSAGE][PASSED] - Object: 'Object Repository/Create Pop-up Alert Page/Choose recipients modal window/filtered user selection' is clicked on

2024-02-08 11:42:46 - [TEST_STEP][PASSED] - verifyElementPresent(findTestObject("Create Pop-up Alert Page/Choose recipients modal window/Choosen users filtered"), 2): Object 'Object Repository/Create Pop-up Alert Page/Choose recipients modal window/Choosen users filtered' is present

2024-02-08 11:42:47 - [MESSAGE][PASSED] - Object 'Object Repository/Create Pop-up Alert Page/Choose recipients modal window/Choosen users filtered' is present

2024-02-08 11:42:47 - [TEST_STEP][PASSED] - click(findTestObject("Create Pop-up Alert Page/Choose recipients modal window/Done button")): Object: 'Object Repository/Create Pop-up Alert Page/Choose recipients modal window/Done button' is clicked on

2024-02-08 11:42:47 - [MESSAGE][PASSED] - Object: 'Object Repository/Create Pop-up Alert Page/Choose recipients modal window/Done button' is clicked on

2024-02-08 11:42:47 - [TEST_STEP][PASSED] - setText(findTestObject("Create Pop-up Alert Page/Alert Title field"), "TC-11"): Text 'TC-11' is set on object 'Object Repository/Create Pop-up Alert Page/Alert Title field'

2024-02-08 11:42:48 - [MESSAGE][PASSED] - Text 'TC-11' is set on object 'Object Repository/Create Pop-up Alert Page/Alert Title field'

2024-02-08 11:42:48 - [TEST_STEP][PASSED] - switchToFrame(findTestObject("Create Pop-up Alert Page/Alert body iframe"), 2): null

2024-02-08 11:42:49 - [TEST_STEP][PASSED] - setText(findTestObject("Create Pop-up Alert Page/Alert body"), "Hello! This is automated ticker with preview from Katalon"): Text 'Hello! This is automated ticker with preview from Katalon' is set on object 'Object Repository/Create Pop-up Alert Page/Alert body'

2024-02-08 11:42:50 - [MESSAGE][PASSED] - Text 'Hello! This is automated ticker with preview from Katalon' is set on object 'Object Repository/Create Pop-up Alert Page/Alert body'

2024-02-08 11:42:50 - [TEST_STEP][PASSED] - switchToDefaultContent(): null

2024-02-08 11:42:50 - [TEST_STEP][PASSED] - click(findTestObject("Create Pop-up Alert Page/Alerts settings right-hand menu/Skin choice button")): Object: 'Object Repository/Create Pop-up Alert Page/Alerts settings right-hand menu/Skin choice button' is clicked on

2024-02-08 11:42:50 - [MESSAGE][PASSED] - Object: 'Object Repository/Create Pop-up Alert Page/Alerts settings right-hand menu/Skin choice button' is clicked on

2024-02-08 11:42:50 - [TEST_STEP][PASSED] - click(findTestObject("Create Scrolling ticker/Ticker skin with given intex")): Object: 'Object Repository/Create Scrolling ticker/Ticker skin with given intex' is clicked on

2024-02-08 11:42:51 - [MESSAGE][PASSED] - Object: 'Object Repository/Create Scrolling ticker/Ticker skin with given intex' is clicked on

2024-02-08 11:42:51 - [TEST_STEP][PASSED] - check(findTestObject("Create Pop-up Alert Page/Alerts settings right-hand menu/Acknowledgement checkbox")): Object 'Object Repository/Create Pop-up Alert Page/Alerts settings right-hand menu/Acknowledgement checkbox' is checked

2024-02-08 11:42:51 - [MESSAGE][PASSED] - Object 'Object Repository/Create Pop-up Alert Page/Alerts settings right-hand menu/Acknowledgement checkbox' is checked

2024-02-08 11:42:51 - [TEST_STEP][PASSED] - verifyElementChecked(findTestObject("Create Pop-up Alert Page/Alerts settings right-hand menu/Acknowledgement checkbox"), 2): Object 'Object Repository/Create Pop-up Alert Page/Alerts settings right-hand menu/Acknowledgement checkbox' is checked

2024-02-08 11:42:52 - [MESSAGE][PASSED] - Object 'Object Repository/Create Pop-up Alert Page/Alerts settings right-hand menu/Acknowledgement checkbox' is checked

2024-02-08 11:42:52 - [TEST_STEP][PASSED] - scrollToElement(findTestObject("Create Pop-up Alert Page/Alerts settings right-hand menu/Enable user feedback checkbox"), 2): Scroll to object 'Object Repository/Create Pop-up Alert Page/Alerts settings right-hand menu/Enable user feedback checkbox' successfully

2024-02-08 11:42:52 - [MESSAGE][PASSED] - Scroll to object 'Object Repository/Create Pop-up Alert Page/Alerts settings right-hand menu/Enable user feedback checkbox' successfully

2024-02-08 11:42:52 - [TEST_STEP][PASSED] - check(findTestObject("Create Pop-up Alert Page/Alerts settings right-hand menu/Enable user feedback checkbox")): Object 'Object Repository/Create Pop-up Alert Page/Alerts settings right-hand menu/Enable user feedback checkbox' is checked

2024-02-08 11:42:53 - [MESSAGE][PASSED] - Object 'Object Repository/Create Pop-up Alert Page/Alerts settings right-hand menu/Enable user feedback checkbox' is checked

2024-02-08 11:42:53 - [TEST_STEP][PASSED] - verifyElementChecked(findTestObject("Create Pop-up Alert Page/Alerts settings right-hand menu/Enable user feedback checkbox"), 2): Object 'Object Repository/Create Pop-up Alert Page/Alerts settings right-hand menu/Enable user feedback checkbox' is checked

2024-02-08 11:42:53 - [MESSAGE][PASSED] - Object 'Object Repository/Create Pop-up Alert Page/Alerts settings right-hand menu/Enable user feedback checkbox' is checked

2024-02-08 11:42:53 - [TEST_STEP][PASSED] - click(findTestObject("Create Pop-up Alert Page/Preview button")): Object: 'Object Repository/Create Pop-up Alert Page/Preview button' is clicked on

2024-02-08 11:42:54 - [MESSAGE][PASSED] - Object: 'Object Repository/Create Pop-up Alert Page/Preview button' is clicked on

2024-02-08 11:42:54 - [TEST_STEP][PASSED] - switchToFrame(findTestObject("Create Scrolling ticker/preview ticker iframe"), 2): null

2024-02-08 11:42:56 - [TEST_STEP][PASSED] - verifyElementPresent(findTestObject("Create Scrolling ticker/ticker aknowledgement ok"), 1): Object 'Object Repository/Create Scrolling ticker/ticker aknowledgement ok' is present

2024-02-08 11:42:56 - [MESSAGE][PASSED] - Object 'Object Repository/Create Scrolling ticker/ticker aknowledgement ok' is present

2024-02-08 11:42:56 - [TEST_STEP][PASSED] - verifyElementPresent(findTestObject("Create Scrolling ticker/ticker user feedback"), 1): Object 'Object Repository/Create Scrolling ticker/ticker user feedback' is present

2024-02-08 11:42:56 - [MESSAGE][PASSED] - Object 'Object Repository/Create Scrolling ticker/ticker user feedback' is present

2024-02-08 11:42:56 - [TEST_STEP][PASSED] - verifyElementPresent(findTestObject("Create Scrolling ticker/Notification ticker logo"), 1): Object 'Object Repository/Create Scrolling ticker/Notification ticker logo' is present

2024-02-08 11:42:56 - [MESSAGE][PASSED] - Object 'Object Repository/Create Scrolling ticker/Notification ticker logo' is present

2024-02-08 11:42:56 - [TEST_STEP][PASSED] - verifyElementText(findTestObject("Create Scrolling ticker/ticker title preview"), "TC-11"): Actual text and expected text of test object 'Object Repository/Create Scrolling ticker/ticker title preview' are matched.

2024-02-08 11:42:56 - [MESSAGE][PASSED] - Actual text and expected text of test object 'Object Repository/Create Scrolling ticker/ticker title preview' are matched.

2024-02-08 11:42:56 - [TEST_STEP][NOT_RUN] - verifyElementText(findTestObject("Create Scrolling ticker/Ticker body preview"), "Hello! This is automated ticker with preview from Katalon"): NOT_RUN: verifyElementText(findTestObject("Create Scrolling ticker/Ticker body preview"), "Hello! This is automated ticker with preview from Katalon")

2024-02-08 11:42:56 - [MESSAGE][NOT_RUN] - NOT_RUN: verifyElementText(findTestObject("Create Scrolling ticker/Ticker body preview"), "Hello! This is automated ticker with preview from Katalon")

2024-02-08 11:42:56 - [TEST_STEP][PASSED] - switchToDefaultContent(): null

2024-02-08 11:42:56 - [TEST_STEP][PASSED] - click(findTestObject("Create Pop-up Alert Page/Send button")): Object: 'Object Repository/Create Pop-up Alert Page/Send button' is clicked on

2024-02-08 11:42:56 - [MESSAGE][PASSED] - Object: 'Object Repository/Create Pop-up Alert Page/Send button' is clicked on

2024-02-08 11:42:56 - [TEST_STEP][PASSED] - waitForPageLoad(2): Wait for page load successfully

2024-02-08 11:42:56 - [MESSAGE][PASSED] - Wait for page load successfully

2024-02-08 11:42:56 - [TEST_STEP][PASSED] - setText(findTestObject("Pop-up Alerts page/Search by title field"), "TC-11"): Text 'TC-11' is set on object 'Object Repository/Pop-up Alerts page/Search by title field'

2024-02-08 11:42:58 - [MESSAGE][PASSED] - Text 'TC-11' is set on object 'Object Repository/Pop-up Alerts page/Search by title field'

2024-02-08 11:42:58 - [TEST_STEP][PASSED] - verifyElementText(findTestObject("Pop-up Alerts page/Filtered sent alert"), "TC-11"): Actual text and expected text of test object 'Object Repository/Pop-up Alerts page/Filtered sent alert' are matched.

2024-02-08 11:42:58 - [MESSAGE][PASSED] - Actual text and expected text of test object 'Object Repository/Pop-up Alerts page/Filtered sent alert' are matched.]]></system-out>
         <system-err><![CDATA[]]></system-err>
      </testcase>
      <system-out><![CDATA[2024-02-08 11:41:17 - [TEST_SUITE][PASSED] - Scrolling ticker: Test Cases/Ticker/Ticker Preview (TC-11)]]></system-out>
      <system-err><![CDATA[]]></system-err>
   </testsuite>
   <testsuite name="RSVP Alert" tests="3" failures="0" errors="0" time="51.821" skipped="0" timestamp="2024-02-08 11:43:05" hostname="Home - 169.254.43.143" id="Test Suites/RSVP Alert">
      <properties>
         <property name="deviceName" value=""/>
         <property name="devicePlatform" value=""/>
         <property name="logFolder" value="C:\\Users\\Home\\git\\Katalon\\Reports\\20240208_113710\\RSVP Alert\\20240208_113715"/>
         <property name="logFiles" value="C:\\Users\\Home\\git\\Katalon\\Reports\\20240208_113710\\RSVP Alert\\20240208_113715\\execution0.log"/>
         <property name="attachments" value=""/>
         <property name="hostName" value="Home - 169.254.43.143"/>
         <property name="os" value="Windows 11 64bit"/>
         <property name="katalonVersion" value="9.0.0.212"/>
         <property name="browser" value="Chrome 121.0.0.0"/>
         <property name="hostAddress" value="169.254.43.143"/>
         <property name="sessionId" value="ce2d4365684c798e3868d5046609e46e"/>
         <property name="seleniumVersion" value="3.141.59"/>
         <property name="proxyInformation" value="ProxyInformation { proxyOption=NO_PROXY, proxyServerType=HTTP, username=, password=********, proxyServerAddress=, proxyServerPort=0, executionList=&quot;&quot;, isApplyToDesiredCapabilities=true }"/>
         <property name="platform" value="Windows 11"/>
      </properties>
      <testcase name="Test Cases/Login Test Cases/Login with Valid Credentials" time="13.054" classname="Test Cases/Login Test Cases/Login with Valid Credentials" status="PASSED">
         <system-out><![CDATA[2024-02-08 11:43:05 - [TEST_CASE][PASSED] - Test Cases/Login Test Cases/Login with Valid Credentials: Test Cases/Login Test Cases/Login with Valid Credentials

2024-02-08 11:43:05 - [TEST_STEP][PASSED] - openBrowser(""): Browser is opened with url: ''

2024-02-08 11:43:06 - [MESSAGE][INFO] - Starting 'Chrome' driver

2024-02-08 11:43:06 - [MESSAGE][INFO] - Action delay is set to 0 milliseconds

2024-02-08 11:43:07 - [MESSAGE][PASSED] - Browser is opened with url: ''

2024-02-08 11:43:07 - [TEST_STEP][PASSED] - navigateToUrl("https://dadebug.commclouds.com/Demo/admin/auth"): Navigate to 'https://dadebug.commclouds.com/Demo/admin/auth' successfully

2024-02-08 11:43:08 - [MESSAGE][PASSED] - Navigate to 'https://dadebug.commclouds.com/Demo/admin/auth' successfully

2024-02-08 11:43:08 - [TEST_STEP][PASSED] - waitForPageLoad(3): Wait for page load successfully

2024-02-08 11:43:09 - [MESSAGE][PASSED] - Wait for page load successfully

2024-02-08 11:43:09 - [TEST_STEP][PASSED] - maximizeWindow(): Current window maximized

2024-02-08 11:43:09 - [MESSAGE][PASSED] - Current window maximized

2024-02-08 11:43:09 - [TEST_STEP][PASSED] - verifyElementPresent(findTestObject("Login Page/DAlogo"), 2): Object 'Object Repository/Login Page/DAlogo' is present

2024-02-08 11:43:10 - [MESSAGE][PASSED] - Object 'Object Repository/Login Page/DAlogo' is present

2024-02-08 11:43:10 - [TEST_STEP][PASSED] - verifyElementPresent(findTestObject("Login Page/Version number"), 2): Object 'Object Repository/Login Page/Version number' is present

2024-02-08 11:43:10 - [MESSAGE][PASSED] - Object 'Object Repository/Login Page/Version number' is present

2024-02-08 11:43:10 - [TEST_STEP][PASSED] - verifyElementText(findTestObject("Login Page/Version number"), "Version: 11.4.0.1 (stage/11)"): Actual text and expected text of test object 'Object Repository/Login Page/Version number' are matched.

2024-02-08 11:43:10 - [MESSAGE][PASSED] - Actual text and expected text of test object 'Object Repository/Login Page/Version number' are matched.

2024-02-08 11:43:10 - [TEST_STEP][PASSED] - setText(findTestObject("Object Repository/Login Page/Login input field"), "Zoya"): Text 'Zoya' is set on object 'Object Repository/Login Page/Login input field'

2024-02-08 11:43:11 - [MESSAGE][PASSED] - Text 'Zoya' is set on object 'Object Repository/Login Page/Login input field'

2024-02-08 11:43:11 - [TEST_STEP][PASSED] - setEncryptedText(findTestObject("Object Repository/Login Page/Password input field"), "tzH6RvlfSTg="): Text ****** has been set on object 'Object Repository/Login Page/Password input field'

2024-02-08 11:43:11 - [MESSAGE][PASSED] - Text ****** has been set on object 'Object Repository/Login Page/Password input field'

2024-02-08 11:43:11 - [TEST_STEP][PASSED] - click(findTestObject("Object Repository/Login Page/button_Log in")): Object: 'Object Repository/Login Page/button_Log in' is clicked on

2024-02-08 11:43:12 - [MESSAGE][PASSED] - Object: 'Object Repository/Login Page/button_Log in' is clicked on

2024-02-08 11:43:12 - [TEST_STEP][PASSED] - delay(4): Delayed 4 second(s)

2024-02-08 11:43:16 - [MESSAGE][PASSED] - Delayed 4 second(s)

2024-02-08 11:43:16 - [TEST_STEP][PASSED] - verifyElementPresent(findTestObject("Object Repository/Login Page/h1_Dashboard"), 4): Object 'Object Repository/Login Page/h1_Dashboard' is present

2024-02-08 11:43:16 - [MESSAGE][PASSED] - Object 'Object Repository/Login Page/h1_Dashboard' is present]]></system-out>
         <system-err><![CDATA[]]></system-err>
      </testcase>
      <testcase name="Test Cases/RSVP/Send RSVP (TC-12)" time="21.62" classname="Test Cases/RSVP/Send RSVP (TC-12)" status="PASSED">
         <system-out><![CDATA[2024-02-08 11:43:18 - [TEST_CASE][PASSED] - Test Cases/RSVP/Send RSVP (TC-12): Test Cases/RSVP/Send RSVP (TC-12)

2024-02-08 11:43:18 - [TEST_STEP][PASSED] - click(findTestObject("Dashboard Page/Compose alert button expansion")): Object: 'Object Repository/Dashboard Page/Compose alert button expansion' is clicked on

2024-02-08 11:43:18 - [MESSAGE][PASSED] - Object: 'Object Repository/Dashboard Page/Compose alert button expansion' is clicked on

2024-02-08 11:43:18 - [TEST_STEP][PASSED] - click(findTestObject("Dashboard Page/RSVP")): Object: 'Object Repository/Dashboard Page/RSVP' is clicked on

2024-02-08 11:43:19 - [MESSAGE][PASSED] - Object: 'Object Repository/Dashboard Page/RSVP' is clicked on

2024-02-08 11:43:19 - [TEST_STEP][PASSED] - verifyElementText(findTestObject("Create RSVP/Create RSVP Alert Header"), "Create RSVP Alert"): Actual text and expected text of test object 'Object Repository/Create RSVP/Create RSVP Alert Header' are matched.

2024-02-08 11:43:23 - [MESSAGE][PASSED] - Actual text and expected text of test object 'Object Repository/Create RSVP/Create RSVP Alert Header' are matched.

2024-02-08 11:43:23 - [TEST_STEP][PASSED] - click(findTestObject("Create Pop-up Alert Page/More button")): Object: 'Object Repository/Create Pop-up Alert Page/More button' is clicked on

2024-02-08 11:43:24 - [MESSAGE][PASSED] - Object: 'Object Repository/Create Pop-up Alert Page/More button' is clicked on

2024-02-08 11:43:24 - [TEST_STEP][PASSED] - click(findTestObject("Create Pop-up Alert Page/Choose recipients modal window/Filter field")): Object: 'Object Repository/Create Pop-up Alert Page/Choose recipients modal window/Filter field' is clicked on

2024-02-08 11:43:24 - [MESSAGE][PASSED] - Object: 'Object Repository/Create Pop-up Alert Page/Choose recipients modal window/Filter field' is clicked on

2024-02-08 11:43:24 - [TEST_STEP][PASSED] - setText(findTestObject("Create Pop-up Alert Page/Choose recipients modal window/Filter field"), "LAPTOP-E6BU4LL9"): Text 'LAPTOP-E6BU4LL9' is set on object 'Object Repository/Create Pop-up Alert Page/Choose recipients modal window/Filter field'

2024-02-08 11:43:26 - [MESSAGE][PASSED] - Text 'LAPTOP-E6BU4LL9' is set on object 'Object Repository/Create Pop-up Alert Page/Choose recipients modal window/Filter field'

2024-02-08 11:43:26 - [TEST_STEP][PASSED] - verifyElementText(findTestObject("Create Pop-up Alert Page/Choose recipients modal window/All user list-filtered"), "LAPTOP-E6BU4LL9 "): Actual text and expected text of test object 'Object Repository/Create Pop-up Alert Page/Choose recipients modal window/All user list-filtered' are matched.

2024-02-08 11:43:27 - [MESSAGE][PASSED] - Actual text and expected text of test object 'Object Repository/Create Pop-up Alert Page/Choose recipients modal window/All user list-filtered' are matched.

2024-02-08 11:43:27 - [TEST_STEP][PASSED] - click(findTestObject("Create Pop-up Alert Page/Choose recipients modal window/filtered user selection")): Object: 'Object Repository/Create Pop-up Alert Page/Choose recipients modal window/filtered user selection' is clicked on

2024-02-08 11:43:28 - [MESSAGE][PASSED] - Object: 'Object Repository/Create Pop-up Alert Page/Choose recipients modal window/filtered user selection' is clicked on

2024-02-08 11:43:28 - [TEST_STEP][PASSED] - verifyElementPresent(findTestObject("Create Pop-up Alert Page/Choose recipients modal window/Choosen users filtered"), 2): Object 'Object Repository/Create Pop-up Alert Page/Choose recipients modal window/Choosen users filtered' is present

2024-02-08 11:43:28 - [MESSAGE][PASSED] - Object 'Object Repository/Create Pop-up Alert Page/Choose recipients modal window/Choosen users filtered' is present

2024-02-08 11:43:28 - [TEST_STEP][PASSED] - click(findTestObject("Create Pop-up Alert Page/Choose recipients modal window/Done button")): Object: 'Object Repository/Create Pop-up Alert Page/Choose recipients modal window/Done button' is clicked on

2024-02-08 11:43:28 - [MESSAGE][PASSED] - Object: 'Object Repository/Create Pop-up Alert Page/Choose recipients modal window/Done button' is clicked on

2024-02-08 11:43:28 - [TEST_STEP][PASSED] - setText(findTestObject("Create Pop-up Alert Page/Alert Title field"), "TC-12"): Text 'TC-12' is set on object 'Object Repository/Create Pop-up Alert Page/Alert Title field'

2024-02-08 11:43:29 - [MESSAGE][PASSED] - Text 'TC-12' is set on object 'Object Repository/Create Pop-up Alert Page/Alert Title field'

2024-02-08 11:43:29 - [TEST_STEP][PASSED] - switchToFrame(findTestObject("Create Pop-up Alert Page/Alert body iframe"), 2): null

2024-02-08 11:43:30 - [TEST_STEP][PASSED] - setText(findTestObject("Create Pop-up Alert Page/Alert body"), "Hello! This is automated RSVP alert from Katalon"): Text 'Hello! This is automated RSVP alert from Katalon' is set on object 'Object Repository/Create Pop-up Alert Page/Alert body'

2024-02-08 11:43:30 - [MESSAGE][PASSED] - Text 'Hello! This is automated RSVP alert from Katalon' is set on object 'Object Repository/Create Pop-up Alert Page/Alert body'

2024-02-08 11:43:30 - [TEST_STEP][PASSED] - switchToDefaultContent(): null

2024-02-08 11:43:30 - [TEST_STEP][PASSED] - setText(findTestObject("Create RSVP/Question 1 title input"), "What drink do You prefer?"): Text 'What drink do You prefer?' is set on object 'Object Repository/Create RSVP/Question 1 title input'

2024-02-08 11:43:31 - [MESSAGE][PASSED] - Text 'What drink do You prefer?' is set on object 'Object Repository/Create RSVP/Question 1 title input'

2024-02-08 11:43:31 - [TEST_STEP][PASSED] - setText(findTestObject("Create RSVP/Answer 1 input"), "Tea"): Text 'Tea' is set on object 'Object Repository/Create RSVP/Answer 1 input'

2024-02-08 11:43:32 - [MESSAGE][PASSED] - Text 'Tea' is set on object 'Object Repository/Create RSVP/Answer 1 input'

2024-02-08 11:43:32 - [TEST_STEP][PASSED] - setText(findTestObject("Create RSVP/Answer 2 input"), "Coffee"): Text 'Coffee' is set on object 'Object Repository/Create RSVP/Answer 2 input'

2024-02-08 11:43:32 - [MESSAGE][PASSED] - Text 'Coffee' is set on object 'Object Repository/Create RSVP/Answer 2 input'

2024-02-08 11:43:32 - [TEST_STEP][PASSED] - check(findTestObject("Create RSVP/Question 2 switch")): Object 'Object Repository/Create RSVP/Question 2 switch' is checked

2024-02-08 11:43:33 - [MESSAGE][PASSED] - Object 'Object Repository/Create RSVP/Question 2 switch' is checked

2024-02-08 11:43:33 - [TEST_STEP][PASSED] - verifyElementChecked(findTestObject("Create RSVP/Question 2 switch"), 1): Object 'Object Repository/Create RSVP/Question 2 switch' is checked

2024-02-08 11:43:33 - [MESSAGE][PASSED] - Object 'Object Repository/Create RSVP/Question 2 switch' is checked

2024-02-08 11:43:33 - [TEST_STEP][PASSED] - setText(findTestObject("Create RSVP/Question 2 title input"), "Why?"): Text 'Why?' is set on object 'Object Repository/Create RSVP/Question 2 title input'

2024-02-08 11:43:34 - [MESSAGE][PASSED] - Text 'Why?' is set on object 'Object Repository/Create RSVP/Question 2 title input'

2024-02-08 11:43:34 - [TEST_STEP][PASSED] - click(findTestObject("Create Pop-up Alert Page/Send button")): Object: 'Object Repository/Create Pop-up Alert Page/Send button' is clicked on

2024-02-08 11:43:34 - [MESSAGE][PASSED] - Object: 'Object Repository/Create Pop-up Alert Page/Send button' is clicked on

2024-02-08 11:43:34 - [TEST_STEP][PASSED] - waitForPageLoad(2): Wait for page load successfully

2024-02-08 11:43:34 - [MESSAGE][PASSED] - Wait for page load successfully

2024-02-08 11:43:34 - [TEST_STEP][PASSED] - setText(findTestObject("Pop-up Alerts page/Search by title field"), "TC-12"): Text 'TC-12' is set on object 'Object Repository/Pop-up Alerts page/Search by title field'

2024-02-08 11:43:37 - [MESSAGE][PASSED] - Text 'TC-12' is set on object 'Object Repository/Pop-up Alerts page/Search by title field'

2024-02-08 11:43:37 - [TEST_STEP][PASSED] - verifyElementText(findTestObject("Pop-up Alerts page/Filtered sent alert"), "TC-12"): Actual text and expected text of test object 'Object Repository/Pop-up Alerts page/Filtered sent alert' are matched.

2024-02-08 11:43:38 - [MESSAGE][PASSED] - Actual text and expected text of test object 'Object Repository/Pop-up Alerts page/Filtered sent alert' are matched.]]></system-out>
         <system-err><![CDATA[]]></system-err>
      </testcase>
      <testcase name="Test Cases/RSVP/RSVP template creation (TC-13)" time="16.993" classname="Test Cases/RSVP/RSVP template creation (TC-13)" status="PASSED">
         <system-out><![CDATA[2024-02-08 11:43:40 - [TEST_CASE][PASSED] - Test Cases/RSVP/RSVP template creation (TC-13): Test Cases/RSVP/RSVP template creation (TC-13)

2024-02-08 11:43:40 - [TEST_STEP][PASSED] - click(findTestObject("Dashboard Page/Left-hand menu_RSVP")): Object: 'Object Repository/Dashboard Page/Left-hand menu_RSVP' is clicked on

2024-02-08 11:43:40 - [MESSAGE][PASSED] - Object: 'Object Repository/Dashboard Page/Left-hand menu_RSVP' is clicked on

2024-02-08 11:43:40 - [TEST_STEP][PASSED] - click(findTestObject("Create RSVP/RSVP templates tab")): Object: 'Object Repository/Create RSVP/RSVP templates tab' is clicked on

2024-02-08 11:43:40 - [MESSAGE][PASSED] - Object: 'Object Repository/Create RSVP/RSVP templates tab' is clicked on

2024-02-08 11:43:40 - [TEST_STEP][PASSED] - click(findTestObject("Create RSVP/New Template RSVP")): Object: 'Object Repository/Create RSVP/New Template RSVP' is clicked on

2024-02-08 11:43:41 - [MESSAGE][PASSED] - Object: 'Object Repository/Create RSVP/New Template RSVP' is clicked on

2024-02-08 11:43:41 - [TEST_STEP][PASSED] - setText(findTestObject("Create RSVP/RSVP template title"), "TC-13"): Text 'TC-13' is set on object 'Object Repository/Create RSVP/RSVP template title'

2024-02-08 11:43:44 - [MESSAGE][PASSED] - Text 'TC-13' is set on object 'Object Repository/Create RSVP/RSVP template title'

2024-02-08 11:43:44 - [TEST_STEP][PASSED] - switchToFrame(findTestObject("Create Pop-up Alert Page/Alert body iframe"), 1): null

2024-02-08 11:43:45 - [TEST_STEP][PASSED] - setText(findTestObject("Create Pop-up Alert Page/Alert body"), "Hello! This is automated RSVP template from Katalon"): Text 'Hello! This is automated RSVP template from Katalon' is set on object 'Object Repository/Create Pop-up Alert Page/Alert body'

2024-02-08 11:43:45 - [MESSAGE][PASSED] - Text 'Hello! This is automated RSVP template from Katalon' is set on object 'Object Repository/Create Pop-up Alert Page/Alert body'

2024-02-08 11:43:45 - [TEST_STEP][PASSED] - switchToDefaultContent(): null

2024-02-08 11:43:45 - [TEST_STEP][PASSED] - setText(findTestObject("Create RSVP/Question 1 title input"), "What is your favorite movie?"): Text 'What is your favorite movie?' is set on object 'Object Repository/Create RSVP/Question 1 title input'

2024-02-08 11:43:46 - [MESSAGE][PASSED] - Text 'What is your favorite movie?' is set on object 'Object Repository/Create RSVP/Question 1 title input'

2024-02-08 11:43:46 - [TEST_STEP][PASSED] - setText(findTestObject("Create RSVP/Answer 1 input"), "Harry Potter"): Text 'Harry Potter' is set on object 'Object Repository/Create RSVP/Answer 1 input'

2024-02-08 11:43:47 - [MESSAGE][PASSED] - Text 'Harry Potter' is set on object 'Object Repository/Create RSVP/Answer 1 input'

2024-02-08 11:43:47 - [TEST_STEP][PASSED] - setText(findTestObject("Create RSVP/Answer 2 input"), "Kill Bill"): Text 'Kill Bill' is set on object 'Object Repository/Create RSVP/Answer 2 input'

2024-02-08 11:43:48 - [MESSAGE][PASSED] - Text 'Kill Bill' is set on object 'Object Repository/Create RSVP/Answer 2 input'

2024-02-08 11:43:48 - [TEST_STEP][PASSED] - check(findTestObject("Create RSVP/Question 2 switch")): Object 'Object Repository/Create RSVP/Question 2 switch' is checked

2024-02-08 11:43:48 - [MESSAGE][PASSED] - Object 'Object Repository/Create RSVP/Question 2 switch' is checked

2024-02-08 11:43:48 - [TEST_STEP][PASSED] - verifyElementChecked(findTestObject("Create RSVP/Question 2 switch"), 1): Object 'Object Repository/Create RSVP/Question 2 switch' is checked

2024-02-08 11:43:49 - [MESSAGE][PASSED] - Object 'Object Repository/Create RSVP/Question 2 switch' is checked

2024-02-08 11:43:49 - [TEST_STEP][PASSED] - setText(findTestObject("Create RSVP/Question 2 title input"), "Why?"): Text 'Why?' is set on object 'Object Repository/Create RSVP/Question 2 title input'

2024-02-08 11:43:49 - [MESSAGE][PASSED] - Text 'Why?' is set on object 'Object Repository/Create RSVP/Question 2 title input'

2024-02-08 11:43:49 - [TEST_STEP][PASSED] - click(findTestObject("Create RSVP/RSVP template Save button")): Object: 'Object Repository/Create RSVP/RSVP template Save button' is clicked on

2024-02-08 11:43:50 - [MESSAGE][PASSED] - Object: 'Object Repository/Create RSVP/RSVP template Save button' is clicked on

2024-02-08 11:43:50 - [TEST_STEP][PASSED] - click(findTestObject("Create RSVP/RSVP templates tab")): Object: 'Object Repository/Create RSVP/RSVP templates tab' is clicked on

2024-02-08 11:43:51 - [MESSAGE][PASSED] - Object: 'Object Repository/Create RSVP/RSVP templates tab' is clicked on

2024-02-08 11:43:51 - [TEST_STEP][PASSED] - setText(findTestObject("Pop-up Alerts page/Search by title field"), "TC-13"): Text 'TC-13' is set on object 'Object Repository/Pop-up Alerts page/Search by title field'

2024-02-08 11:43:52 - [MESSAGE][PASSED] - Text 'TC-13' is set on object 'Object Repository/Pop-up Alerts page/Search by title field'

2024-02-08 11:43:52 - [TEST_STEP][PASSED] - delay(2): Delayed 2 second(s)

2024-02-08 11:43:54 - [MESSAGE][PASSED] - Delayed 2 second(s)

2024-02-08 11:43:54 - [TEST_STEP][PASSED] - verifyElementText(findTestObject("Create RSVP/Filtered RSVP template"), "TC-13"): Actual text and expected text of test object 'Object Repository/Create RSVP/Filtered RSVP template' are matched.

2024-02-08 11:43:55 - [MESSAGE][PASSED] - Actual text and expected text of test object 'Object Repository/Create RSVP/Filtered RSVP template' are matched.]]></system-out>
         <system-err><![CDATA[]]></system-err>
      </testcase>
      <system-out><![CDATA[2024-02-08 11:43:05 - [TEST_SUITE][PASSED] - RSVP Alert: Test Cases/RSVP/RSVP template creation (TC-13)]]></system-out>
      <system-err><![CDATA[]]></system-err>
   </testsuite>
   <testsuite name="Wallpapers" tests="6" failures="0" errors="0" time="783.8" skipped="0" timestamp="2024-02-08 11:44:01" hostname="Home - 169.254.43.143" id="Test Suites/Wallpapers">
      <properties>
         <property name="deviceName" value=""/>
         <property name="devicePlatform" value=""/>
         <property name="logFolder" value="C:\\Users\\Home\\git\\Katalon\\Reports\\20240208_113710\\Wallpapers\\20240208_113717"/>
         <property name="logFiles" value="C:\\Users\\Home\\git\\Katalon\\Reports\\20240208_113710\\Wallpapers\\20240208_113717\\execution0.log"/>
         <property name="attachments" value="C:\\Users\\Home\\git\\Katalon\\Reports\\20240208_113710\\Wallpapers\\20240208_113717\\1707382000323.png, C:\\Users\\Home\\git\\Katalon\\Reports\\20240208_113710\\Wallpapers\\20240208_113717\\1707382026152.png, C:\\Users\\Home\\git\\Katalon\\Reports\\20240208_113710\\Wallpapers\\20240208_113717\\1707382026297.png, C:\\Users\\Home\\git\\Katalon\\Reports\\20240208_113710\\Wallpapers\\20240208_113717\\1707382386480.png"/>
         <property name="hostName" value="Home - 169.254.43.143"/>
         <property name="os" value="Windows 11 64bit"/>
         <property name="katalonVersion" value="9.0.0.212"/>
         <property name="browser" value="Chrome 121.0.0.0"/>
         <property name="hostAddress" value="169.254.43.143"/>
         <property name="sessionId" value="524ca6aff5ae097708a83ee2ce7f47c3"/>
         <property name="seleniumVersion" value="3.141.59"/>
         <property name="proxyInformation" value="ProxyInformation { proxyOption=NO_PROXY, proxyServerType=HTTP, username=, password=********, proxyServerAddress=, proxyServerPort=0, executionList=&quot;&quot;, isApplyToDesiredCapabilities=true }"/>
         <property name="platform" value="Windows 11"/>
      </properties>
      <testcase name="Test Cases/Login Test Cases/Login with Valid Credentials" time="13.066" classname="Test Cases/Login Test Cases/Login with Valid Credentials" status="PASSED">
         <system-out><![CDATA[2024-02-08 11:44:01 - [TEST_CASE][PASSED] - Test Cases/Login Test Cases/Login with Valid Credentials: Test Cases/Login Test Cases/Login with Valid Credentials

2024-02-08 11:44:01 - [TEST_STEP][PASSED] - openBrowser(""): Browser is opened with url: ''

2024-02-08 11:44:02 - [MESSAGE][INFO] - Starting 'Chrome' driver

2024-02-08 11:44:02 - [MESSAGE][INFO] - Action delay is set to 0 milliseconds

2024-02-08 11:44:03 - [MESSAGE][PASSED] - Browser is opened with url: ''

2024-02-08 11:44:03 - [TEST_STEP][PASSED] - navigateToUrl("https://dadebug.commclouds.com/Demo/admin/auth"): Navigate to 'https://dadebug.commclouds.com/Demo/admin/auth' successfully

2024-02-08 11:44:05 - [MESSAGE][PASSED] - Navigate to 'https://dadebug.commclouds.com/Demo/admin/auth' successfully

2024-02-08 11:44:05 - [TEST_STEP][PASSED] - waitForPageLoad(3): Wait for page load successfully

2024-02-08 11:44:05 - [MESSAGE][PASSED] - Wait for page load successfully

2024-02-08 11:44:05 - [TEST_STEP][PASSED] - maximizeWindow(): Current window maximized

2024-02-08 11:44:05 - [MESSAGE][PASSED] - Current window maximized

2024-02-08 11:44:05 - [TEST_STEP][PASSED] - verifyElementPresent(findTestObject("Login Page/DAlogo"), 2): Object 'Object Repository/Login Page/DAlogo' is present

2024-02-08 11:44:06 - [MESSAGE][PASSED] - Object 'Object Repository/Login Page/DAlogo' is present

2024-02-08 11:44:06 - [TEST_STEP][PASSED] - verifyElementPresent(findTestObject("Login Page/Version number"), 2): Object 'Object Repository/Login Page/Version number' is present

2024-02-08 11:44:06 - [MESSAGE][PASSED] - Object 'Object Repository/Login Page/Version number' is present

2024-02-08 11:44:06 - [TEST_STEP][PASSED] - verifyElementText(findTestObject("Login Page/Version number"), "Version: 11.4.0.1 (stage/11)"): Actual text and expected text of test object 'Object Repository/Login Page/Version number' are matched.

2024-02-08 11:44:06 - [MESSAGE][PASSED] - Actual text and expected text of test object 'Object Repository/Login Page/Version number' are matched.

2024-02-08 11:44:06 - [TEST_STEP][PASSED] - setText(findTestObject("Object Repository/Login Page/Login input field"), "Zoya"): Text 'Zoya' is set on object 'Object Repository/Login Page/Login input field'

2024-02-08 11:44:07 - [MESSAGE][PASSED] - Text 'Zoya' is set on object 'Object Repository/Login Page/Login input field'

2024-02-08 11:44:07 - [TEST_STEP][PASSED] - setEncryptedText(findTestObject("Object Repository/Login Page/Password input field"), "tzH6RvlfSTg="): Text ****** has been set on object 'Object Repository/Login Page/Password input field'

2024-02-08 11:44:07 - [MESSAGE][PASSED] - Text ****** has been set on object 'Object Repository/Login Page/Password input field'

2024-02-08 11:44:07 - [TEST_STEP][PASSED] - click(findTestObject("Object Repository/Login Page/button_Log in")): Object: 'Object Repository/Login Page/button_Log in' is clicked on

2024-02-08 11:44:08 - [MESSAGE][PASSED] - Object: 'Object Repository/Login Page/button_Log in' is clicked on

2024-02-08 11:44:08 - [TEST_STEP][PASSED] - delay(4): Delayed 4 second(s)

2024-02-08 11:44:12 - [MESSAGE][PASSED] - Delayed 4 second(s)

2024-02-08 11:44:12 - [TEST_STEP][PASSED] - verifyElementPresent(findTestObject("Object Repository/Login Page/h1_Dashboard"), 4): Object 'Object Repository/Login Page/h1_Dashboard' is present

2024-02-08 11:44:12 - [MESSAGE][PASSED] - Object 'Object Repository/Login Page/h1_Dashboard' is present]]></system-out>
         <system-err><![CDATA[]]></system-err>
      </testcase>
      <testcase name="Test Cases/Wallpapers/Send Wallpaper JPG (TC-15)" time="104.134" classname="Test Cases/Wallpapers/Send Wallpaper JPG (TC-15)" status="PASSED">
         <system-out><![CDATA[2024-02-08 11:44:14 - [TEST_CASE][PASSED] - Test Cases/Wallpapers/Send Wallpaper JPG (TC-15): Test Cases/Wallpapers/Send Wallpaper JPG (TC-15)

2024-02-08 11:44:14 - [TEST_STEP][PASSED] - click(findTestObject("Dashboard Page/Compose alert button expansion")): Object: 'Object Repository/Dashboard Page/Compose alert button expansion' is clicked on

2024-02-08 11:44:14 - [MESSAGE][PASSED] - Object: 'Object Repository/Dashboard Page/Compose alert button expansion' is clicked on

2024-02-08 11:44:14 - [TEST_STEP][PASSED] - click(findTestObject("Dashboard Page/Wallpapers")): Object: 'Object Repository/Dashboard Page/Wallpapers' is clicked on

2024-02-08 11:44:15 - [MESSAGE][PASSED] - Object: 'Object Repository/Dashboard Page/Wallpapers' is clicked on

2024-02-08 11:44:15 - [TEST_STEP][PASSED] - verifyElementText(findTestObject("Wallpapers/Create Wallpaper Header"), "Create Wallpaper"): Actual text and expected text of test object 'Object Repository/Wallpapers/Create Wallpaper Header' are matched.

2024-02-08 11:44:16 - [MESSAGE][PASSED] - Actual text and expected text of test object 'Object Repository/Wallpapers/Create Wallpaper Header' are matched.

2024-02-08 11:44:16 - [TEST_STEP][PASSED] - refresh(): Refresh successfully

2024-02-08 11:44:16 - [MESSAGE][PASSED] - Refresh successfully

2024-02-08 11:44:16 - [TEST_STEP][PASSED] - click(findTestObject("Wallpapers/more")): Object: 'Object Repository/Wallpapers/more' is clicked on

2024-02-08 11:44:17 - [MESSAGE][PASSED] - Object: 'Object Repository/Wallpapers/more' is clicked on

2024-02-08 11:44:17 - [TEST_STEP][PASSED] - click(findTestObject("Create Pop-up Alert Page/Choose recipients modal window/Filter field")): Object: 'Object Repository/Create Pop-up Alert Page/Choose recipients modal window/Filter field' is clicked on

2024-02-08 11:44:18 - [MESSAGE][PASSED] - Object: 'Object Repository/Create Pop-up Alert Page/Choose recipients modal window/Filter field' is clicked on

2024-02-08 11:44:18 - [TEST_STEP][PASSED] - setText(findTestObject("Create Pop-up Alert Page/Choose recipients modal window/Filter field"), "LAPTOP-E6BU4LL9"): Text 'LAPTOP-E6BU4LL9' is set on object 'Object Repository/Create Pop-up Alert Page/Choose recipients modal window/Filter field'

2024-02-08 11:44:19 - [MESSAGE][PASSED] - Text 'LAPTOP-E6BU4LL9' is set on object 'Object Repository/Create Pop-up Alert Page/Choose recipients modal window/Filter field'

2024-02-08 11:44:19 - [TEST_STEP][PASSED] - verifyElementText(findTestObject("Create Pop-up Alert Page/Choose recipients modal window/All user list-filtered"), "LAPTOP-E6BU4LL9 "): Actual text and expected text of test object 'Object Repository/Create Pop-up Alert Page/Choose recipients modal window/All user list-filtered' are matched.

2024-02-08 11:44:21 - [MESSAGE][PASSED] - Actual text and expected text of test object 'Object Repository/Create Pop-up Alert Page/Choose recipients modal window/All user list-filtered' are matched.

2024-02-08 11:44:21 - [TEST_STEP][PASSED] - click(findTestObject("Create Pop-up Alert Page/Choose recipients modal window/filtered user selection")): Object: 'Object Repository/Create Pop-up Alert Page/Choose recipients modal window/filtered user selection' is clicked on

2024-02-08 11:44:21 - [MESSAGE][PASSED] - Object: 'Object Repository/Create Pop-up Alert Page/Choose recipients modal window/filtered user selection' is clicked on

2024-02-08 11:44:21 - [TEST_STEP][NOT_RUN] - verifyElementPresent(findTestObject("Create Pop-up Alert Page/Choose recipients modal window/Choosen users filtered"), 2): NOT_RUN: verifyElementPresent(findTestObject("Create Pop-up Alert Page/Choose recipients modal window/Choosen users filtered"), 2)

2024-02-08 11:44:21 - [MESSAGE][NOT_RUN] - NOT_RUN: verifyElementPresent(findTestObject("Create Pop-up Alert Page/Choose recipients modal window/Choosen users filtered"), 2)

2024-02-08 11:44:21 - [TEST_STEP][PASSED] - click(findTestObject("Wallpapers/Done")): Object: 'Object Repository/Wallpapers/Done' is clicked on

2024-02-08 11:44:22 - [MESSAGE][PASSED] - Object: 'Object Repository/Wallpapers/Done' is clicked on

2024-02-08 11:44:22 - [TEST_STEP][PASSED] - setText(findTestObject("Create Pop-up Alert Page/Alert Title field"), "TC-15"): Text 'TC-15' is set on object 'Object Repository/Create Pop-up Alert Page/Alert Title field'

2024-02-08 11:44:23 - [MESSAGE][PASSED] - Text 'TC-15' is set on object 'Object Repository/Create Pop-up Alert Page/Alert Title field'

2024-02-08 11:44:23 - [TEST_STEP][PASSED] - verifyElementPresent(findTestObject("Wallpapers/Upload wallpaper area"), 2): Object 'Object Repository/Wallpapers/Upload wallpaper area' is present

2024-02-08 11:44:23 - [MESSAGE][PASSED] - Object 'Object Repository/Wallpapers/Upload wallpaper area' is present

2024-02-08 11:44:23 - [TEST_STEP][PASSED] - uploadFileWithDragAndDrop(findTestObject("Wallpapers/Upload wallpaper area"), "C:\Users\Home\git\Katalon\Imagesfortest\river.jpg"): null

2024-02-08 11:44:23 - [TEST_STEP][PASSED] - delay(90): Delayed 90 second(s)

2024-02-08 11:45:53 - [MESSAGE][PASSED] - Delayed 90 second(s)

2024-02-08 11:45:53 - [TEST_STEP][PASSED] - getAttribute(findTestObject("Wallpapers/uploaded wallpaper file"), "src"): Attribute 'src' of object 'Object Repository/Wallpapers/uploaded wallpaper file' is: 'https://dadebug.commclouds.com/Demo/admin/upload/river-25369.jpg'

2024-02-08 11:45:54 - [MESSAGE][PASSED] - Attribute 'src' of object 'Object Repository/Wallpapers/uploaded wallpaper file' is: 'https://dadebug.commclouds.com/Demo/admin/upload/river-25369.jpg'

2024-02-08 11:45:54 - [TEST_STEP][PASSED] - click(findTestObject("Wallpapers/Send wallpaper button")): Object: 'Object Repository/Wallpapers/Send wallpaper button' is clicked on

2024-02-08 11:45:54 - [MESSAGE][PASSED] - Object: 'Object Repository/Wallpapers/Send wallpaper button' is clicked on

2024-02-08 11:45:54 - [TEST_STEP][PASSED] - waitForPageLoad(2): Wait for page load successfully

2024-02-08 11:45:54 - [MESSAGE][PASSED] - Wait for page load successfully

2024-02-08 11:45:54 - [TEST_STEP][PASSED] - setText(findTestObject("Pop-up Alerts page/Search by title field"), "TC-15"): Text 'TC-15' is set on object 'Object Repository/Pop-up Alerts page/Search by title field'

2024-02-08 11:45:56 - [MESSAGE][PASSED] - Text 'TC-15' is set on object 'Object Repository/Pop-up Alerts page/Search by title field'

2024-02-08 11:45:56 - [TEST_STEP][PASSED] - verifyElementText(findTestObject("Pop-up Alerts page/Filtered sent alert"), "TC-15"): Actual text and expected text of test object 'Object Repository/Pop-up Alerts page/Filtered sent alert' are matched.

2024-02-08 11:45:56 - [MESSAGE][PASSED] - Actual text and expected text of test object 'Object Repository/Pop-up Alerts page/Filtered sent alert' are matched.]]></system-out>
         <system-err><![CDATA[]]></system-err>
      </testcase>
      <testcase name="Test Cases/Wallpapers/Send Wallpaper PNG (TC-16)" time="156.355" classname="Test Cases/Wallpapers/Send Wallpaper PNG (TC-16)" status="PASSED">
         <system-out><![CDATA[2024-02-08 11:47:08 - [TEST_CASE][PASSED] - Test Cases/Wallpapers/Send Wallpaper PNG (TC-16): Test Cases/Wallpapers/Send Wallpaper PNG (TC-16)

2024-02-08 11:47:08 - [TEST_STEP][PASSED] - callTestCase(findTestCase("Login Test Cases/Login with Valid Credentials"), [:], STOP_ON_FAILURE): Call Test Case 'Test Cases/Login Test Cases/Login with Valid Credentials' successfully

2024-02-08 11:47:08 - [TEST_CASE][PASSED] - Test Cases/Login Test Cases/Login with Valid Credentials: Test Cases/Login Test Cases/Login with Valid Credentials

2024-02-08 11:47:08 - [TEST_STEP][PASSED] - openBrowser(""): Browser is opened with url: ''

2024-02-08 11:47:08 - [MESSAGE][WARNING] - A browser is already opened. Closing browser and opening a new one

2024-02-08 11:47:08 - [MESSAGE][INFO] - Starting 'Chrome' driver

2024-02-08 11:47:08 - [MESSAGE][INFO] - Action delay is set to 0 milliseconds

2024-02-08 11:47:09 - [MESSAGE][PASSED] - Browser is opened with url: ''

2024-02-08 11:47:09 - [TEST_STEP][PASSED] - navigateToUrl("https://dadebug.commclouds.com/Demo/admin/auth"): Navigate to 'https://dadebug.commclouds.com/Demo/admin/auth' successfully

2024-02-08 11:47:11 - [MESSAGE][PASSED] - Navigate to 'https://dadebug.commclouds.com/Demo/admin/auth' successfully

2024-02-08 11:47:11 - [TEST_STEP][PASSED] - waitForPageLoad(3): Wait for page load successfully

2024-02-08 11:47:11 - [MESSAGE][PASSED] - Wait for page load successfully

2024-02-08 11:47:11 - [TEST_STEP][PASSED] - maximizeWindow(): Current window maximized

2024-02-08 11:47:11 - [MESSAGE][PASSED] - Current window maximized

2024-02-08 11:47:11 - [TEST_STEP][PASSED] - verifyElementPresent(findTestObject("Login Page/DAlogo"), 2): Object 'Object Repository/Login Page/DAlogo' is present

2024-02-08 11:47:12 - [MESSAGE][PASSED] - Object 'Object Repository/Login Page/DAlogo' is present

2024-02-08 11:47:12 - [TEST_STEP][PASSED] - verifyElementPresent(findTestObject("Login Page/Version number"), 2): Object 'Object Repository/Login Page/Version number' is present

2024-02-08 11:47:12 - [MESSAGE][PASSED] - Object 'Object Repository/Login Page/Version number' is present

2024-02-08 11:47:12 - [TEST_STEP][PASSED] - verifyElementText(findTestObject("Login Page/Version number"), "Version: 11.4.0.1 (stage/11)"): Actual text and expected text of test object 'Object Repository/Login Page/Version number' are matched.

2024-02-08 11:47:12 - [MESSAGE][PASSED] - Actual text and expected text of test object 'Object Repository/Login Page/Version number' are matched.

2024-02-08 11:47:12 - [TEST_STEP][PASSED] - setText(findTestObject("Object Repository/Login Page/Login input field"), "Zoya"): Text 'Zoya' is set on object 'Object Repository/Login Page/Login input field'

2024-02-08 11:47:13 - [MESSAGE][PASSED] - Text 'Zoya' is set on object 'Object Repository/Login Page/Login input field'

2024-02-08 11:47:13 - [TEST_STEP][PASSED] - setEncryptedText(findTestObject("Object Repository/Login Page/Password input field"), "tzH6RvlfSTg="): Text ****** has been set on object 'Object Repository/Login Page/Password input field'

2024-02-08 11:47:13 - [MESSAGE][PASSED] - Text ****** has been set on object 'Object Repository/Login Page/Password input field'

2024-02-08 11:47:13 - [TEST_STEP][PASSED] - click(findTestObject("Object Repository/Login Page/button_Log in")): Object: 'Object Repository/Login Page/button_Log in' is clicked on

2024-02-08 11:47:14 - [MESSAGE][PASSED] - Object: 'Object Repository/Login Page/button_Log in' is clicked on

2024-02-08 11:47:14 - [TEST_STEP][PASSED] - delay(4): Delayed 4 second(s)

2024-02-08 11:47:18 - [MESSAGE][PASSED] - Delayed 4 second(s)

2024-02-08 11:47:18 - [TEST_STEP][PASSED] - verifyElementPresent(findTestObject("Object Repository/Login Page/h1_Dashboard"), 4): Object 'Object Repository/Login Page/h1_Dashboard' is present

2024-02-08 11:47:18 - [MESSAGE][PASSED] - Object 'Object Repository/Login Page/h1_Dashboard' is present

2024-02-08 11:47:18 - [MESSAGE][PASSED] - Call Test Case 'Test Cases/Login Test Cases/Login with Valid Credentials' successfully

2024-02-08 11:47:18 - [TEST_STEP][PASSED] - click(findTestObject("Dashboard Page/Compose alert button expansion")): Object: 'Object Repository/Dashboard Page/Compose alert button expansion' is clicked on

2024-02-08 11:47:18 - [MESSAGE][PASSED] - Object: 'Object Repository/Dashboard Page/Compose alert button expansion' is clicked on

2024-02-08 11:47:18 - [TEST_STEP][PASSED] - click(findTestObject("Dashboard Page/Wallpapers")): Object: 'Object Repository/Dashboard Page/Wallpapers' is clicked on

2024-02-08 11:47:19 - [MESSAGE][PASSED] - Object: 'Object Repository/Dashboard Page/Wallpapers' is clicked on

2024-02-08 11:47:19 - [TEST_STEP][PASSED] - verifyElementText(findTestObject("Wallpapers/Create Wallpaper Header"), "Create Wallpaper"): Actual text and expected text of test object 'Object Repository/Wallpapers/Create Wallpaper Header' are matched.

2024-02-08 11:47:19 - [MESSAGE][PASSED] - Actual text and expected text of test object 'Object Repository/Wallpapers/Create Wallpaper Header' are matched.

2024-02-08 11:47:19 - [TEST_STEP][PASSED] - refresh(): Refresh successfully

2024-02-08 11:47:20 - [MESSAGE][PASSED] - Refresh successfully

2024-02-08 11:47:20 - [TEST_STEP][PASSED] - click(findTestObject("Wallpapers/more")): Object: 'Object Repository/Wallpapers/more' is clicked on

2024-02-08 11:47:21 - [MESSAGE][PASSED] - Object: 'Object Repository/Wallpapers/more' is clicked on

2024-02-08 11:47:21 - [TEST_STEP][PASSED] - click(findTestObject("Create Pop-up Alert Page/Choose recipients modal window/Filter field")): Object: 'Object Repository/Create Pop-up Alert Page/Choose recipients modal window/Filter field' is clicked on

2024-02-08 11:47:21 - [MESSAGE][PASSED] - Object: 'Object Repository/Create Pop-up Alert Page/Choose recipients modal window/Filter field' is clicked on

2024-02-08 11:47:21 - [TEST_STEP][PASSED] - setText(findTestObject("Create Pop-up Alert Page/Choose recipients modal window/Filter field"), "LAPTOP-E6BU4LL9"): Text 'LAPTOP-E6BU4LL9' is set on object 'Object Repository/Create Pop-up Alert Page/Choose recipients modal window/Filter field'

2024-02-08 11:47:23 - [MESSAGE][PASSED] - Text 'LAPTOP-E6BU4LL9' is set on object 'Object Repository/Create Pop-up Alert Page/Choose recipients modal window/Filter field'

2024-02-08 11:47:23 - [TEST_STEP][PASSED] - verifyElementText(findTestObject("Create Pop-up Alert Page/Choose recipients modal window/All user list-filtered"), "LAPTOP-E6BU4LL9 "): Actual text and expected text of test object 'Object Repository/Create Pop-up Alert Page/Choose recipients modal window/All user list-filtered' are matched.

2024-02-08 11:47:24 - [MESSAGE][PASSED] - Actual text and expected text of test object 'Object Repository/Create Pop-up Alert Page/Choose recipients modal window/All user list-filtered' are matched.

2024-02-08 11:47:24 - [TEST_STEP][PASSED] - click(findTestObject("Create Pop-up Alert Page/Choose recipients modal window/filtered user selection")): Object: 'Object Repository/Create Pop-up Alert Page/Choose recipients modal window/filtered user selection' is clicked on

2024-02-08 11:47:24 - [MESSAGE][PASSED] - Object: 'Object Repository/Create Pop-up Alert Page/Choose recipients modal window/filtered user selection' is clicked on

2024-02-08 11:47:24 - [TEST_STEP][NOT_RUN] - verifyElementPresent(findTestObject("Create Pop-up Alert Page/Choose recipients modal window/Choosen users filtered"), 2): NOT_RUN: verifyElementPresent(findTestObject("Create Pop-up Alert Page/Choose recipients modal window/Choosen users filtered"), 2)

2024-02-08 11:47:24 - [MESSAGE][NOT_RUN] - NOT_RUN: verifyElementPresent(findTestObject("Create Pop-up Alert Page/Choose recipients modal window/Choosen users filtered"), 2)

2024-02-08 11:47:24 - [TEST_STEP][PASSED] - click(findTestObject("Wallpapers/Done")): Object: 'Object Repository/Wallpapers/Done' is clicked on

2024-02-08 11:47:25 - [MESSAGE][PASSED] - Object: 'Object Repository/Wallpapers/Done' is clicked on

2024-02-08 11:47:25 - [TEST_STEP][PASSED] - setText(findTestObject("Create Pop-up Alert Page/Alert Title field"), "TC-16"): Text 'TC-16' is set on object 'Object Repository/Create Pop-up Alert Page/Alert Title field'

2024-02-08 11:47:26 - [MESSAGE][PASSED] - Text 'TC-16' is set on object 'Object Repository/Create Pop-up Alert Page/Alert Title field'

2024-02-08 11:47:26 - [TEST_STEP][PASSED] - verifyElementPresent(findTestObject("Wallpapers/Upload wallpaper area"), 2): Object 'Object Repository/Wallpapers/Upload wallpaper area' is present

2024-02-08 11:47:26 - [MESSAGE][PASSED] - Object 'Object Repository/Wallpapers/Upload wallpaper area' is present

2024-02-08 11:47:26 - [TEST_STEP][PASSED] - uploadFileWithDragAndDrop(findTestObject("Wallpapers/Upload wallpaper area"), "C:\Users\Home\git\Katalon\Imagesfortest\rocks.png"): null

2024-02-08 11:47:26 - [TEST_STEP][PASSED] - delay(90): Delayed 90 second(s)

2024-02-08 11:48:56 - [MESSAGE][PASSED] - Delayed 90 second(s)

2024-02-08 11:48:56 - [TEST_STEP][PASSED] - getAttribute(findTestObject("Wallpapers/uploaded wallpaper file"), "src"): Attribute 'src' of object 'Object Repository/Wallpapers/uploaded wallpaper file' is: 'https://dadebug.commclouds.com/Demo/admin/upload/rocks-54457.png'

2024-02-08 11:49:28 - [MESSAGE][PASSED] - Attribute 'src' of object 'Object Repository/Wallpapers/uploaded wallpaper file' is: 'https://dadebug.commclouds.com/Demo/admin/upload/rocks-54457.png'

2024-02-08 11:49:28 - [TEST_STEP][PASSED] - click(findTestObject("Wallpapers/Send wallpaper button")): Object: 'Object Repository/Wallpapers/Send wallpaper button' is clicked on

2024-02-08 11:49:29 - [MESSAGE][PASSED] - Object: 'Object Repository/Wallpapers/Send wallpaper button' is clicked on

2024-02-08 11:49:29 - [TEST_STEP][PASSED] - waitForPageLoad(2): Wait for page load successfully

2024-02-08 11:49:29 - [MESSAGE][PASSED] - Wait for page load successfully

2024-02-08 11:49:29 - [TEST_STEP][PASSED] - setText(findTestObject("Pop-up Alerts page/Search by title field"), "TC-16"): Text 'TC-16' is set on object 'Object Repository/Pop-up Alerts page/Search by title field'

2024-02-08 11:49:42 - [MESSAGE][PASSED] - Text 'TC-16' is set on object 'Object Repository/Pop-up Alerts page/Search by title field'

2024-02-08 11:49:42 - [TEST_STEP][PASSED] - verifyElementText(findTestObject("Pop-up Alerts page/Filtered sent alert"), "TC-16"): Actual text and expected text of test object 'Object Repository/Pop-up Alerts page/Filtered sent alert' are matched.

2024-02-08 11:49:42 - [MESSAGE][PASSED] - Actual text and expected text of test object 'Object Repository/Pop-up Alerts page/Filtered sent alert' are matched.]]></system-out>
         <system-err><![CDATA[]]></system-err>
      </testcase>
      <testcase name="Test Cases/Wallpapers/Send Wallpaper BMP (TC-17)" time="114.194" classname="Test Cases/Wallpapers/Send Wallpaper BMP (TC-17)" status="PASSED">
         <system-out><![CDATA[2024-02-08 11:53:08 - [TEST_CASE][PASSED] - Test Cases/Wallpapers/Send Wallpaper BMP (TC-17): Test Cases/Wallpapers/Send Wallpaper BMP (TC-17)

2024-02-08 11:53:08 - [TEST_STEP][PASSED] - callTestCase(findTestCase("Login Test Cases/Login with Valid Credentials"), [:], STOP_ON_FAILURE): Call Test Case 'Test Cases/Login Test Cases/Login with Valid Credentials' successfully

2024-02-08 11:53:08 - [TEST_CASE][PASSED] - Test Cases/Login Test Cases/Login with Valid Credentials: Test Cases/Login Test Cases/Login with Valid Credentials

2024-02-08 11:53:08 - [TEST_STEP][PASSED] - openBrowser(""): Browser is opened with url: ''

2024-02-08 11:53:08 - [MESSAGE][WARNING] - A browser is already opened. Closing browser and opening a new one

2024-02-08 11:53:08 - [MESSAGE][INFO] - Starting 'Chrome' driver

2024-02-08 11:53:08 - [MESSAGE][INFO] - Action delay is set to 0 milliseconds

2024-02-08 11:53:09 - [MESSAGE][PASSED] - Browser is opened with url: ''

2024-02-08 11:53:09 - [TEST_STEP][PASSED] - navigateToUrl("https://dadebug.commclouds.com/Demo/admin/auth"): Navigate to 'https://dadebug.commclouds.com/Demo/admin/auth' successfully

2024-02-08 11:53:11 - [MESSAGE][PASSED] - Navigate to 'https://dadebug.commclouds.com/Demo/admin/auth' successfully

2024-02-08 11:53:11 - [TEST_STEP][PASSED] - waitForPageLoad(3): Wait for page load successfully

2024-02-08 11:53:11 - [MESSAGE][PASSED] - Wait for page load successfully

2024-02-08 11:53:11 - [TEST_STEP][PASSED] - maximizeWindow(): Current window maximized

2024-02-08 11:53:11 - [MESSAGE][PASSED] - Current window maximized

2024-02-08 11:53:11 - [TEST_STEP][PASSED] - verifyElementPresent(findTestObject("Login Page/DAlogo"), 2): Object 'Object Repository/Login Page/DAlogo' is present

2024-02-08 11:53:12 - [MESSAGE][PASSED] - Object 'Object Repository/Login Page/DAlogo' is present

2024-02-08 11:53:12 - [TEST_STEP][PASSED] - verifyElementPresent(findTestObject("Login Page/Version number"), 2): Object 'Object Repository/Login Page/Version number' is present

2024-02-08 11:53:13 - [MESSAGE][PASSED] - Object 'Object Repository/Login Page/Version number' is present

2024-02-08 11:53:13 - [TEST_STEP][PASSED] - verifyElementText(findTestObject("Login Page/Version number"), "Version: 11.4.0.1 (stage/11)"): Actual text and expected text of test object 'Object Repository/Login Page/Version number' are matched.

2024-02-08 11:53:13 - [MESSAGE][PASSED] - Actual text and expected text of test object 'Object Repository/Login Page/Version number' are matched.

2024-02-08 11:53:13 - [TEST_STEP][PASSED] - setText(findTestObject("Object Repository/Login Page/Login input field"), "Zoya"): Text 'Zoya' is set on object 'Object Repository/Login Page/Login input field'

2024-02-08 11:53:14 - [MESSAGE][PASSED] - Text 'Zoya' is set on object 'Object Repository/Login Page/Login input field'

2024-02-08 11:53:14 - [TEST_STEP][PASSED] - setEncryptedText(findTestObject("Object Repository/Login Page/Password input field"), "tzH6RvlfSTg="): Text ****** has been set on object 'Object Repository/Login Page/Password input field'

2024-02-08 11:53:14 - [MESSAGE][PASSED] - Text ****** has been set on object 'Object Repository/Login Page/Password input field'

2024-02-08 11:53:14 - [TEST_STEP][PASSED] - click(findTestObject("Object Repository/Login Page/button_Log in")): Object: 'Object Repository/Login Page/button_Log in' is clicked on

2024-02-08 11:53:14 - [MESSAGE][PASSED] - Object: 'Object Repository/Login Page/button_Log in' is clicked on

2024-02-08 11:53:14 - [TEST_STEP][PASSED] - delay(4): Delayed 4 second(s)

2024-02-08 11:53:18 - [MESSAGE][PASSED] - Delayed 4 second(s)

2024-02-08 11:53:18 - [TEST_STEP][PASSED] - verifyElementPresent(findTestObject("Object Repository/Login Page/h1_Dashboard"), 4): Object 'Object Repository/Login Page/h1_Dashboard' is present

2024-02-08 11:53:18 - [MESSAGE][PASSED] - Object 'Object Repository/Login Page/h1_Dashboard' is present

2024-02-08 11:53:18 - [MESSAGE][PASSED] - Call Test Case 'Test Cases/Login Test Cases/Login with Valid Credentials' successfully

2024-02-08 11:53:18 - [TEST_STEP][PASSED] - click(findTestObject("Dashboard Page/Compose alert button expansion")): Object: 'Object Repository/Dashboard Page/Compose alert button expansion' is clicked on

2024-02-08 11:53:19 - [MESSAGE][PASSED] - Object: 'Object Repository/Dashboard Page/Compose alert button expansion' is clicked on

2024-02-08 11:53:19 - [TEST_STEP][PASSED] - click(findTestObject("Dashboard Page/Wallpapers")): Object: 'Object Repository/Dashboard Page/Wallpapers' is clicked on

2024-02-08 11:53:19 - [MESSAGE][PASSED] - Object: 'Object Repository/Dashboard Page/Wallpapers' is clicked on

2024-02-08 11:53:19 - [TEST_STEP][PASSED] - verifyElementText(findTestObject("Wallpapers/Create Wallpaper Header"), "Create Wallpaper"): Actual text and expected text of test object 'Object Repository/Wallpapers/Create Wallpaper Header' are matched.

2024-02-08 11:53:20 - [MESSAGE][PASSED] - Actual text and expected text of test object 'Object Repository/Wallpapers/Create Wallpaper Header' are matched.

2024-02-08 11:53:20 - [TEST_STEP][PASSED] - refresh(): Refresh successfully

2024-02-08 11:53:20 - [MESSAGE][PASSED] - Refresh successfully

2024-02-08 11:53:20 - [TEST_STEP][PASSED] - click(findTestObject("Wallpapers/more")): Object: 'Object Repository/Wallpapers/more' is clicked on

2024-02-08 11:53:21 - [MESSAGE][PASSED] - Object: 'Object Repository/Wallpapers/more' is clicked on

2024-02-08 11:53:21 - [TEST_STEP][PASSED] - click(findTestObject("Create Pop-up Alert Page/Choose recipients modal window/Filter field")): Object: 'Object Repository/Create Pop-up Alert Page/Choose recipients modal window/Filter field' is clicked on

2024-02-08 11:53:22 - [MESSAGE][PASSED] - Object: 'Object Repository/Create Pop-up Alert Page/Choose recipients modal window/Filter field' is clicked on

2024-02-08 11:53:22 - [TEST_STEP][PASSED] - setText(findTestObject("Create Pop-up Alert Page/Choose recipients modal window/Filter field"), "LAPTOP-E6BU4LL9"): Text 'LAPTOP-E6BU4LL9' is set on object 'Object Repository/Create Pop-up Alert Page/Choose recipients modal window/Filter field'

2024-02-08 11:53:23 - [MESSAGE][PASSED] - Text 'LAPTOP-E6BU4LL9' is set on object 'Object Repository/Create Pop-up Alert Page/Choose recipients modal window/Filter field'

2024-02-08 11:53:23 - [TEST_STEP][PASSED] - verifyElementText(findTestObject("Create Pop-up Alert Page/Choose recipients modal window/All user list-filtered"), "LAPTOP-E6BU4LL9 "): Actual text and expected text of test object 'Object Repository/Create Pop-up Alert Page/Choose recipients modal window/All user list-filtered' are matched.

2024-02-08 11:53:25 - [MESSAGE][PASSED] - Actual text and expected text of test object 'Object Repository/Create Pop-up Alert Page/Choose recipients modal window/All user list-filtered' are matched.

2024-02-08 11:53:25 - [TEST_STEP][PASSED] - click(findTestObject("Create Pop-up Alert Page/Choose recipients modal window/filtered user selection")): Object: 'Object Repository/Create Pop-up Alert Page/Choose recipients modal window/filtered user selection' is clicked on

2024-02-08 11:53:25 - [MESSAGE][PASSED] - Object: 'Object Repository/Create Pop-up Alert Page/Choose recipients modal window/filtered user selection' is clicked on

2024-02-08 11:53:25 - [TEST_STEP][NOT_RUN] - verifyElementPresent(findTestObject("Create Pop-up Alert Page/Choose recipients modal window/Choosen users filtered"), 2): NOT_RUN: verifyElementPresent(findTestObject("Create Pop-up Alert Page/Choose recipients modal window/Choosen users filtered"), 2)

2024-02-08 11:53:25 - [MESSAGE][NOT_RUN] - NOT_RUN: verifyElementPresent(findTestObject("Create Pop-up Alert Page/Choose recipients modal window/Choosen users filtered"), 2)

2024-02-08 11:53:25 - [TEST_STEP][PASSED] - click(findTestObject("Wallpapers/Done")): Object: 'Object Repository/Wallpapers/Done' is clicked on

2024-02-08 11:53:26 - [MESSAGE][PASSED] - Object: 'Object Repository/Wallpapers/Done' is clicked on

2024-02-08 11:53:26 - [TEST_STEP][PASSED] - setText(findTestObject("Create Pop-up Alert Page/Alert Title field"), "TC-17"): Text 'TC-17' is set on object 'Object Repository/Create Pop-up Alert Page/Alert Title field'

2024-02-08 11:53:26 - [MESSAGE][PASSED] - Text 'TC-17' is set on object 'Object Repository/Create Pop-up Alert Page/Alert Title field'

2024-02-08 11:53:26 - [TEST_STEP][PASSED] - verifyElementPresent(findTestObject("Wallpapers/Upload wallpaper area"), 2): Object 'Object Repository/Wallpapers/Upload wallpaper area' is present

2024-02-08 11:53:27 - [MESSAGE][PASSED] - Object 'Object Repository/Wallpapers/Upload wallpaper area' is present

2024-02-08 11:53:27 - [TEST_STEP][PASSED] - uploadFileWithDragAndDrop(findTestObject("Wallpapers/Upload wallpaper area"), "C:\Users\Home\git\Katalon\Imagesfortest\future.bmp"): null

2024-02-08 11:53:27 - [TEST_STEP][PASSED] - delay(90): Delayed 90 second(s)

2024-02-08 11:54:57 - [MESSAGE][PASSED] - Delayed 90 second(s)

2024-02-08 11:54:57 - [TEST_STEP][PASSED] - getAttribute(findTestObject("Wallpapers/uploaded wallpaper file"), "src"): Attribute 'src' of object 'Object Repository/Wallpapers/uploaded wallpaper file' is: 'https://dadebug.commclouds.com/Demo/admin/upload/future-78367.bmp'

2024-02-08 11:54:57 - [MESSAGE][PASSED] - Attribute 'src' of object 'Object Repository/Wallpapers/uploaded wallpaper file' is: 'https://dadebug.commclouds.com/Demo/admin/upload/future-78367.bmp'

2024-02-08 11:54:57 - [TEST_STEP][PASSED] - click(findTestObject("Wallpapers/Send wallpaper button")): Object: 'Object Repository/Wallpapers/Send wallpaper button' is clicked on

2024-02-08 11:54:58 - [MESSAGE][PASSED] - Object: 'Object Repository/Wallpapers/Send wallpaper button' is clicked on

2024-02-08 11:54:58 - [TEST_STEP][PASSED] - waitForPageLoad(2): Wait for page load successfully

2024-02-08 11:54:58 - [MESSAGE][PASSED] - Wait for page load successfully

2024-02-08 11:54:58 - [TEST_STEP][PASSED] - setText(findTestObject("Pop-up Alerts page/Search by title field"), "TC-17"): Text 'TC-17' is set on object 'Object Repository/Pop-up Alerts page/Search by title field'

2024-02-08 11:55:00 - [MESSAGE][PASSED] - Text 'TC-17' is set on object 'Object Repository/Pop-up Alerts page/Search by title field'

2024-02-08 11:55:00 - [TEST_STEP][PASSED] - verifyElementText(findTestObject("Pop-up Alerts page/Filtered sent alert"), "TC-17"): Actual text and expected text of test object 'Object Repository/Pop-up Alerts page/Filtered sent alert' are matched.

2024-02-08 11:55:00 - [MESSAGE][PASSED] - Actual text and expected text of test object 'Object Repository/Pop-up Alerts page/Filtered sent alert' are matched.]]></system-out>
         <system-err><![CDATA[]]></system-err>
      </testcase>
      <testcase name="Test Cases/Wallpapers/Send wallpaper with image from server (TC-19)" time="17.846" classname="Test Cases/Wallpapers/Send wallpaper with image from server (TC-19)" status="PASSED">
         <system-out><![CDATA[2024-02-08 11:55:02 - [TEST_CASE][PASSED] - Test Cases/Wallpapers/Send wallpaper with image from server (TC-19): Test Cases/Wallpapers/Send wallpaper with image from server (TC-19)

2024-02-08 11:55:03 - [TEST_STEP][PASSED] - click(findTestObject("Dashboard Page/Compose alert button expansion")): Object: 'Object Repository/Dashboard Page/Compose alert button expansion' is clicked on

2024-02-08 11:55:03 - [MESSAGE][PASSED] - Object: 'Object Repository/Dashboard Page/Compose alert button expansion' is clicked on

2024-02-08 11:55:03 - [TEST_STEP][PASSED] - click(findTestObject("Dashboard Page/Wallpapers")): Object: 'Object Repository/Dashboard Page/Wallpapers' is clicked on

2024-02-08 11:55:03 - [MESSAGE][PASSED] - Object: 'Object Repository/Dashboard Page/Wallpapers' is clicked on

2024-02-08 11:55:03 - [TEST_STEP][PASSED] - verifyElementText(findTestObject("Wallpapers/Create Wallpaper Header"), "Create Wallpaper"): Actual text and expected text of test object 'Object Repository/Wallpapers/Create Wallpaper Header' are matched.

2024-02-08 11:55:04 - [MESSAGE][PASSED] - Actual text and expected text of test object 'Object Repository/Wallpapers/Create Wallpaper Header' are matched.

2024-02-08 11:55:04 - [TEST_STEP][PASSED] - refresh(): Refresh successfully

2024-02-08 11:55:04 - [MESSAGE][PASSED] - Refresh successfully

2024-02-08 11:55:04 - [TEST_STEP][PASSED] - click(findTestObject("Wallpapers/more")): Object: 'Object Repository/Wallpapers/more' is clicked on

2024-02-08 11:55:05 - [MESSAGE][PASSED] - Object: 'Object Repository/Wallpapers/more' is clicked on

2024-02-08 11:55:05 - [TEST_STEP][PASSED] - click(findTestObject("Create Pop-up Alert Page/Choose recipients modal window/Filter field")): Object: 'Object Repository/Create Pop-up Alert Page/Choose recipients modal window/Filter field' is clicked on

2024-02-08 11:55:06 - [MESSAGE][PASSED] - Object: 'Object Repository/Create Pop-up Alert Page/Choose recipients modal window/Filter field' is clicked on

2024-02-08 11:55:06 - [TEST_STEP][PASSED] - setText(findTestObject("Create Pop-up Alert Page/Choose recipients modal window/Filter field"), "LAPTOP-E6BU4LL9"): Text 'LAPTOP-E6BU4LL9' is set on object 'Object Repository/Create Pop-up Alert Page/Choose recipients modal window/Filter field'

2024-02-08 11:55:07 - [MESSAGE][PASSED] - Text 'LAPTOP-E6BU4LL9' is set on object 'Object Repository/Create Pop-up Alert Page/Choose recipients modal window/Filter field'

2024-02-08 11:55:07 - [TEST_STEP][PASSED] - verifyElementText(findTestObject("Create Pop-up Alert Page/Choose recipients modal window/All user list-filtered"), "LAPTOP-E6BU4LL9 "): Actual text and expected text of test object 'Object Repository/Create Pop-up Alert Page/Choose recipients modal window/All user list-filtered' are matched.

2024-02-08 11:55:08 - [MESSAGE][PASSED] - Actual text and expected text of test object 'Object Repository/Create Pop-up Alert Page/Choose recipients modal window/All user list-filtered' are matched.

2024-02-08 11:55:08 - [TEST_STEP][PASSED] - click(findTestObject("Create Pop-up Alert Page/Choose recipients modal window/filtered user selection")): Object: 'Object Repository/Create Pop-up Alert Page/Choose recipients modal window/filtered user selection' is clicked on

2024-02-08 11:55:09 - [MESSAGE][PASSED] - Object: 'Object Repository/Create Pop-up Alert Page/Choose recipients modal window/filtered user selection' is clicked on

2024-02-08 11:55:09 - [TEST_STEP][NOT_RUN] - verifyElementPresent(findTestObject("Create Pop-up Alert Page/Choose recipients modal window/Choosen users filtered"), 2): NOT_RUN: verifyElementPresent(findTestObject("Create Pop-up Alert Page/Choose recipients modal window/Choosen users filtered"), 2)

2024-02-08 11:55:09 - [MESSAGE][NOT_RUN] - NOT_RUN: verifyElementPresent(findTestObject("Create Pop-up Alert Page/Choose recipients modal window/Choosen users filtered"), 2)

2024-02-08 11:55:09 - [TEST_STEP][PASSED] - click(findTestObject("Wallpapers/Done")): Object: 'Object Repository/Wallpapers/Done' is clicked on

2024-02-08 11:55:09 - [MESSAGE][PASSED] - Object: 'Object Repository/Wallpapers/Done' is clicked on

2024-02-08 11:55:09 - [TEST_STEP][PASSED] - setText(findTestObject("Create Pop-up Alert Page/Alert Title field"), "TC-19"): Text 'TC-19' is set on object 'Object Repository/Create Pop-up Alert Page/Alert Title field'

2024-02-08 11:55:10 - [MESSAGE][PASSED] - Text 'TC-19' is set on object 'Object Repository/Create Pop-up Alert Page/Alert Title field'

2024-02-08 11:55:10 - [TEST_STEP][PASSED] - verifyElementPresent(findTestObject("Wallpapers/Upload wallpaper area"), 2): Object 'Object Repository/Wallpapers/Upload wallpaper area' is present

2024-02-08 11:55:10 - [MESSAGE][PASSED] - Object 'Object Repository/Wallpapers/Upload wallpaper area' is present

2024-02-08 11:55:10 - [TEST_STEP][PASSED] - click(findTestObject("Wallpapers/Select image from server button")): Object: 'Object Repository/Wallpapers/Select image from server button' is clicked on

2024-02-08 11:55:11 - [MESSAGE][PASSED] - Object: 'Object Repository/Wallpapers/Select image from server button' is clicked on

2024-02-08 11:55:11 - [TEST_STEP][PASSED] - click(findTestObject("Wallpapers/first image on a server")): Object: 'Object Repository/Wallpapers/first image on a server' is clicked on

2024-02-08 11:55:12 - [MESSAGE][PASSED] - Object: 'Object Repository/Wallpapers/first image on a server' is clicked on

2024-02-08 11:55:12 - [TEST_STEP][NOT_RUN] - delay(90): NOT_RUN: delay(90)

2024-02-08 11:55:12 - [MESSAGE][NOT_RUN] - NOT_RUN: delay(90)

2024-02-08 11:55:12 - [TEST_STEP][PASSED] - verifyElementPresent(findTestObject("Wallpapers/uploaded wallpaper file"), 1): Object 'Object Repository/Wallpapers/uploaded wallpaper file' is present

2024-02-08 11:55:12 - [MESSAGE][PASSED] - Object 'Object Repository/Wallpapers/uploaded wallpaper file' is present

2024-02-08 11:55:12 - [TEST_STEP][PASSED] - getAttribute(findTestObject("Wallpapers/uploaded wallpaper file"), "src"): Attribute 'src' of object 'Object Repository/Wallpapers/uploaded wallpaper file' is: 'https://dadebug.commclouds.com/Demo/admin/upload/124018-multik-smajlik-patrik_star-tekst-spanch_bob_kvadratnye_shta-21295.jpg'

2024-02-08 11:55:13 - [MESSAGE][PASSED] - Attribute 'src' of object 'Object Repository/Wallpapers/uploaded wallpaper file' is: 'https://dadebug.commclouds.com/Demo/admin/upload/124018-multik-smajlik-patrik_star-tekst-spanch_bob_kvadratnye_shta-21295.jpg'

2024-02-08 11:55:13 - [TEST_STEP][PASSED] - click(findTestObject("Wallpapers/Send wallpaper button")): Object: 'Object Repository/Wallpapers/Send wallpaper button' is clicked on

2024-02-08 11:55:13 - [MESSAGE][PASSED] - Object: 'Object Repository/Wallpapers/Send wallpaper button' is clicked on

2024-02-08 11:55:13 - [TEST_STEP][PASSED] - waitForPageLoad(2): Wait for page load successfully

2024-02-08 11:55:13 - [MESSAGE][PASSED] - Wait for page load successfully

2024-02-08 11:55:13 - [TEST_STEP][PASSED] - setText(findTestObject("Pop-up Alerts page/Search by title field"), "TC-19"): Text 'TC-19' is set on object 'Object Repository/Pop-up Alerts page/Search by title field'

2024-02-08 11:55:18 - [MESSAGE][PASSED] - Text 'TC-19' is set on object 'Object Repository/Pop-up Alerts page/Search by title field'

2024-02-08 11:55:18 - [TEST_STEP][PASSED] - verifyElementText(findTestObject("Pop-up Alerts page/Filtered sent alert"), "TC-19"): Actual text and expected text of test object 'Object Repository/Pop-up Alerts page/Filtered sent alert' are matched.

2024-02-08 11:55:18 - [MESSAGE][PASSED] - Actual text and expected text of test object 'Object Repository/Pop-up Alerts page/Filtered sent alert' are matched.]]></system-out>
         <system-err><![CDATA[]]></system-err>
      </testcase>
      <testcase name="Test Cases/Wallpapers/Draft Wallpaper (TC-18)" time="104.275" classname="Test Cases/Wallpapers/Draft Wallpaper (TC-18)" status="PASSED">
         <system-out><![CDATA[2024-02-08 11:55:20 - [TEST_CASE][PASSED] - Test Cases/Wallpapers/Draft Wallpaper (TC-18): Test Cases/Wallpapers/Draft Wallpaper (TC-18)

2024-02-08 11:55:20 - [TEST_STEP][PASSED] - click(findTestObject("Dashboard Page/Compose alert button expansion")): Object: 'Object Repository/Dashboard Page/Compose alert button expansion' is clicked on

2024-02-08 11:55:21 - [MESSAGE][PASSED] - Object: 'Object Repository/Dashboard Page/Compose alert button expansion' is clicked on

2024-02-08 11:55:21 - [TEST_STEP][PASSED] - click(findTestObject("Dashboard Page/Wallpapers")): Object: 'Object Repository/Dashboard Page/Wallpapers' is clicked on

2024-02-08 11:55:21 - [MESSAGE][PASSED] - Object: 'Object Repository/Dashboard Page/Wallpapers' is clicked on

2024-02-08 11:55:21 - [TEST_STEP][PASSED] - verifyElementText(findTestObject("Wallpapers/Create Wallpaper Header"), "Create Wallpaper"): Actual text and expected text of test object 'Object Repository/Wallpapers/Create Wallpaper Header' are matched.

2024-02-08 11:55:22 - [MESSAGE][PASSED] - Actual text and expected text of test object 'Object Repository/Wallpapers/Create Wallpaper Header' are matched.

2024-02-08 11:55:22 - [TEST_STEP][PASSED] - refresh(): Refresh successfully

2024-02-08 11:55:22 - [MESSAGE][PASSED] - Refresh successfully

2024-02-08 11:55:22 - [TEST_STEP][PASSED] - click(findTestObject("Wallpapers/more")): Object: 'Object Repository/Wallpapers/more' is clicked on

2024-02-08 11:55:23 - [MESSAGE][PASSED] - Object: 'Object Repository/Wallpapers/more' is clicked on

2024-02-08 11:55:23 - [TEST_STEP][PASSED] - click(findTestObject("Create Pop-up Alert Page/Choose recipients modal window/Filter field")): Object: 'Object Repository/Create Pop-up Alert Page/Choose recipients modal window/Filter field' is clicked on

2024-02-08 11:55:23 - [MESSAGE][PASSED] - Object: 'Object Repository/Create Pop-up Alert Page/Choose recipients modal window/Filter field' is clicked on

2024-02-08 11:55:23 - [TEST_STEP][PASSED] - setText(findTestObject("Create Pop-up Alert Page/Choose recipients modal window/Filter field"), "LAPTOP-E6BU4LL9"): Text 'LAPTOP-E6BU4LL9' is set on object 'Object Repository/Create Pop-up Alert Page/Choose recipients modal window/Filter field'

2024-02-08 11:55:25 - [MESSAGE][PASSED] - Text 'LAPTOP-E6BU4LL9' is set on object 'Object Repository/Create Pop-up Alert Page/Choose recipients modal window/Filter field'

2024-02-08 11:55:25 - [TEST_STEP][PASSED] - verifyElementText(findTestObject("Create Pop-up Alert Page/Choose recipients modal window/All user list-filtered"), "LAPTOP-E6BU4LL9 "): Actual text and expected text of test object 'Object Repository/Create Pop-up Alert Page/Choose recipients modal window/All user list-filtered' are matched.

2024-02-08 11:55:26 - [MESSAGE][PASSED] - Actual text and expected text of test object 'Object Repository/Create Pop-up Alert Page/Choose recipients modal window/All user list-filtered' are matched.

2024-02-08 11:55:26 - [TEST_STEP][PASSED] - click(findTestObject("Create Pop-up Alert Page/Choose recipients modal window/filtered user selection")): Object: 'Object Repository/Create Pop-up Alert Page/Choose recipients modal window/filtered user selection' is clicked on

2024-02-08 11:55:27 - [MESSAGE][PASSED] - Object: 'Object Repository/Create Pop-up Alert Page/Choose recipients modal window/filtered user selection' is clicked on

2024-02-08 11:55:27 - [TEST_STEP][NOT_RUN] - verifyElementPresent(findTestObject("Create Pop-up Alert Page/Choose recipients modal window/Choosen users filtered"), 2): NOT_RUN: verifyElementPresent(findTestObject("Create Pop-up Alert Page/Choose recipients modal window/Choosen users filtered"), 2)

2024-02-08 11:55:27 - [MESSAGE][NOT_RUN] - NOT_RUN: verifyElementPresent(findTestObject("Create Pop-up Alert Page/Choose recipients modal window/Choosen users filtered"), 2)

2024-02-08 11:55:27 - [TEST_STEP][PASSED] - click(findTestObject("Wallpapers/Done")): Object: 'Object Repository/Wallpapers/Done' is clicked on

2024-02-08 11:55:27 - [MESSAGE][PASSED] - Object: 'Object Repository/Wallpapers/Done' is clicked on

2024-02-08 11:55:27 - [TEST_STEP][PASSED] - setText(findTestObject("Create Pop-up Alert Page/Alert Title field"), "TC-18"): Text 'TC-18' is set on object 'Object Repository/Create Pop-up Alert Page/Alert Title field'

2024-02-08 11:55:28 - [MESSAGE][PASSED] - Text 'TC-18' is set on object 'Object Repository/Create Pop-up Alert Page/Alert Title field'

2024-02-08 11:55:28 - [TEST_STEP][PASSED] - verifyElementPresent(findTestObject("Wallpapers/Upload wallpaper area"), 2): Object 'Object Repository/Wallpapers/Upload wallpaper area' is present

2024-02-08 11:55:28 - [MESSAGE][PASSED] - Object 'Object Repository/Wallpapers/Upload wallpaper area' is present

2024-02-08 11:55:28 - [TEST_STEP][PASSED] - uploadFileWithDragAndDrop(findTestObject("Wallpapers/Upload wallpaper area"), "C:\Users\Home\git\Katalon\Imagesfortest\icecity.jpg"): null

2024-02-08 11:55:29 - [TEST_STEP][PASSED] - delay(90): Delayed 90 second(s)

2024-02-08 11:56:59 - [MESSAGE][PASSED] - Delayed 90 second(s)

2024-02-08 11:56:59 - [TEST_STEP][PASSED] - getAttribute(findTestObject("Wallpapers/uploaded wallpaper file"), "src"): Attribute 'src' of object 'Object Repository/Wallpapers/uploaded wallpaper file' is: 'https://dadebug.commclouds.com/Demo/admin/upload/icecity-54387.jpg'

2024-02-08 11:56:59 - [MESSAGE][PASSED] - Attribute 'src' of object 'Object Repository/Wallpapers/uploaded wallpaper file' is: 'https://dadebug.commclouds.com/Demo/admin/upload/icecity-54387.jpg'

2024-02-08 11:56:59 - [TEST_STEP][PASSED] - click(findTestObject("Wallpapers/Save wallpaper button")): Object: 'Object Repository/Wallpapers/Save wallpaper button' is clicked on

2024-02-08 11:56:59 - [MESSAGE][PASSED] - Object: 'Object Repository/Wallpapers/Save wallpaper button' is clicked on

2024-02-08 11:56:59 - [TEST_STEP][PASSED] - click(findTestObject("Pop-up Alerts page/Draft tab")): Object: 'Object Repository/Pop-up Alerts page/Draft tab' is clicked on

2024-02-08 11:57:01 - [MESSAGE][PASSED] - Object: 'Object Repository/Pop-up Alerts page/Draft tab' is clicked on

2024-02-08 11:57:01 - [TEST_STEP][PASSED] - waitForPageLoad(2): Wait for page load successfully

2024-02-08 11:57:01 - [MESSAGE][PASSED] - Wait for page load successfully

2024-02-08 11:57:01 - [TEST_STEP][PASSED] - setText(findTestObject("Pop-up Alerts page/Search by title field"), "TC-18"): Text 'TC-18' is set on object 'Object Repository/Pop-up Alerts page/Search by title field'

2024-02-08 11:57:02 - [MESSAGE][PASSED] - Text 'TC-18' is set on object 'Object Repository/Pop-up Alerts page/Search by title field'

2024-02-08 11:57:02 - [TEST_STEP][PASSED] - verifyElementText(findTestObject("Pop-up Alerts page/Filtered sent alert"), "TC-18"): Actual text and expected text of test object 'Object Repository/Pop-up Alerts page/Filtered sent alert' are matched.

2024-02-08 11:57:03 - [MESSAGE][PASSED] - Actual text and expected text of test object 'Object Repository/Pop-up Alerts page/Filtered sent alert' are matched.]]></system-out>
         <system-err><![CDATA[]]></system-err>
      </testcase>
      <system-out><![CDATA[2024-02-08 11:44:01 - [TEST_SUITE][FAILED] - Wallpapers: Test Cases/Wallpapers/Send Wallpaper PNG (TC-16) FAILED.
Reason:
com.kms.katalon.core.exception.StepFailedException: Unable to click on object 'Object Repository/Create Pop-up Alert Page/Choose recipients modal window/filtered user selection'
	at com.kms.katalon.core.webui.keyword.internal.WebUIKeywordMain.stepFailed(WebUIKeywordMain.groovy:64)
	at com.kms.katalon.core.webui.keyword.internal.WebUIKeywordMain.runKeyword(WebUIKeywordMain.groovy:26)
	at com.kms.katalon.core.webui.keyword.builtin.ClickKeyword.click(ClickKeyword.groovy:74)
	at com.kms.katalon.core.webui.keyword.builtin.ClickKeyword.execute(ClickKeyword.groovy:40)
	at com.kms.katalon.core.keyword.internal.KeywordExecutor.executeKeywordForPlatform(KeywordExecutor.groovy:74)
	at com.kms.katalon.core.webui.keyword.WebUiBuiltInKeywords.click(WebUiBuiltInKeywords.groovy:620)
	at Send Wallpaper PNG (TC-16).run(Send Wallpaper PNG (TC-16):39)
	at com.kms.katalon.core.main.ScriptEngine.run(ScriptEngine.java:194)
	at com.kms.katalon.core.main.ScriptEngine.runScriptAsRawText(ScriptEngine.java:119)
	at com.kms.katalon.core.main.TestCaseExecutor.runScript(TestCaseExecutor.java:448)
	at com.kms.katalon.core.main.TestCaseExecutor.doExecute(TestCaseExecutor.java:439)
	at com.kms.katalon.core.main.TestCaseExecutor.processExecutionPhase(TestCaseExecutor.java:418)
	at com.kms.katalon.core.main.TestCaseExecutor.accessMainPhase(TestCaseExecutor.java:410)
	at com.kms.katalon.core.main.TestCaseExecutor.execute(TestCaseExecutor.java:285)
	at com.kms.katalon.core.common.CommonExecutor.accessTestCaseMainPhase(CommonExecutor.java:65)
	at com.kms.katalon.core.main.TestSuiteExecutor.accessTestSuiteMainPhase(TestSuiteExecutor.java:148)
	at com.kms.katalon.core.main.TestSuiteExecutor.execute(TestSuiteExecutor.java:106)
	at com.kms.katalon.core.main.TestCaseMain.startTestSuite(TestCaseMain.java:187)
	at TempTestSuite1707381437543.run(TempTestSuite1707381437543.groovy:36)
	at java.base/jdk.internal.reflect.NativeMethodAccessorImpl.invoke0(Native Method)
	at java.base/jdk.internal.reflect.NativeMethodAccessorImpl.invoke(NativeMethodAccessorImpl.java:77)
	at java.base/jdk.internal.reflect.DelegatingMethodAccessorImpl.invoke(DelegatingMethodAccessorImpl.java:43)
Caused by: org.openqa.selenium.ElementNotInteractableException: element not interactable
  (Session info: chrome=121.0.6167.140)
Build info: version: '3.141.59', revision: 'e82be7d358', time: '2018-11-14T08:25:53'
System info: host: 'LAPTOP-E6BU4LL9', ip: '169.254.43.143', os.name: 'Windows 11', os.arch: 'amd64', os.version: '10.0', java.version: '17.0.7'
Driver info: com.kms.katalon.selenium.driver.CChromeDriver
Capabilities {acceptInsecureCerts: false, browserName: chrome, browserVersion: 121.0.6167.140, chrome: {chromedriverVersion: 120.0.6099.109 (3419140ab66..., userDataDir: C:\Users\Home\AppData\Local...}, fedcm:accounts: true, goog:chromeOptions: {debuggerAddress: localhost:36600}, javascriptEnabled: true, networkConnectionEnabled: false, pageLoadStrategy: normal, platform: WINDOWS, platformName: WINDOWS, proxy: Proxy(), setWindowRect: true, strictFileInteractability: false, timeouts: {implicit: 0, pageLoad: 300000, script: 30000}, unhandledPromptBehavior: dismiss and notify, webauthn:extension:credBlob: true, webauthn:extension:largeBlob: true, webauthn:extension:minPinLength: true, webauthn:extension:prf: true, webauthn:virtualAuthenticators: true}
Session ID: e40e914a37297a199cdc0ee08b968a0e
	at java.base/jdk.internal.reflect.NativeConstructorAccessorImpl.newInstance0(Native Method)
	at java.base/jdk.internal.reflect.NativeConstructorAccessorImpl.newInstance(NativeConstructorAccessorImpl.java:77)
	at java.base/jdk.internal.reflect.DelegatingConstructorAccessorImpl.newInstance(DelegatingConstructorAccessorImpl.java:45)
	at org.openqa.selenium.remote.http.W3CHttpResponseCodec.createException(W3CHttpResponseCodec.java:187)
	at org.openqa.selenium.remote.http.W3CHttpResponseCodec.decode(W3CHttpResponseCodec.java:122)
	at org.openqa.selenium.remote.http.W3CHttpResponseCodec.decode(W3CHttpResponseCodec.java:49)
	at org.openqa.selenium.remote.HttpCommandExecutor.execute(HttpCommandExecutor.java:158)
	at org.openqa.selenium.remote.service.DriverCommandExecutor.execute(DriverCommandExecutor.java:83)
	at org.openqa.selenium.remote.RemoteWebDriver.execute(RemoteWebDriver.java:552)
	at com.kms.katalon.selenium.driver.CChromeDriver.execute(CChromeDriver.java:19)
	at org.openqa.selenium.remote.RemoteWebElement.execute(RemoteWebElement.java:285)
	at org.openqa.selenium.remote.RemoteWebElement.click(RemoteWebElement.java:84)
	at java.base/jdk.internal.reflect.NativeMethodAccessorImpl.invoke0(Native Method)
	at java.base/jdk.internal.reflect.NativeMethodAccessorImpl.invoke(NativeMethodAccessorImpl.java:77)
	at java.base/jdk.internal.reflect.DelegatingMethodAccessorImpl.invoke(DelegatingMethodAccessorImpl.java:43)
	at org.openqa.selenium.support.events.EventFiringWebDriver$EventFiringWebElement.lambda$new$0(EventFiringWebDriver.java:404)
	at jdk.proxy2/jdk.proxy2.$Proxy24.click(Unknown Source)
	at org.openqa.selenium.support.events.EventFiringWebDriver$EventFiringWebElement.click(EventFiringWebDriver.java:417)
	at org.openqa.selenium.WebElement$click.call(Unknown Source)
	at com.kms.katalon.core.webui.keyword.builtin.ClickKeyword.clickUntilSuccessWithTimeout(ClickKeyword.groovy:81)
	at com.kms.katalon.core.webui.keyword.builtin.ClickKeyword.clickUntilSuccessWithTimeout(ClickKeyword.groovy)
	at java.base/jdk.internal.reflect.NativeMethodAccessorImpl.invoke0(Native Method)
	at java.base/jdk.internal.reflect.NativeMethodAccessorImpl.invoke(NativeMethodAccessorImpl.java:77)
	at java.base/jdk.internal.reflect.DelegatingMethodAccessorImpl.invoke(DelegatingMethodAccessorImpl.java:43)
	at com.kms.katalon.core.webui.keyword.builtin.ClickKeyword$_click_closure1.doCall(ClickKeyword.groovy:67)
	at com.kms.katalon.core.webui.keyword.builtin.ClickKeyword$_click_closure1.call(ClickKeyword.groovy)
	at com.kms.katalon.core.webui.keyword.internal.WebUIKeywordMain.runKeyword(WebUIKeywordMain.groovy:20)
	... 20 more]]></system-out>
      <system-err><![CDATA[2024-02-08 11:44:01 - [TEST_SUITE][FAILED] - Wallpapers: Test Cases/Wallpapers/Send Wallpaper PNG (TC-16) FAILED.
Reason:
com.kms.katalon.core.exception.StepFailedException: Unable to click on object 'Object Repository/Create Pop-up Alert Page/Choose recipients modal window/filtered user selection'
	at com.kms.katalon.core.webui.keyword.internal.WebUIKeywordMain.stepFailed(WebUIKeywordMain.groovy:64)
	at com.kms.katalon.core.webui.keyword.internal.WebUIKeywordMain.runKeyword(WebUIKeywordMain.groovy:26)
	at com.kms.katalon.core.webui.keyword.builtin.ClickKeyword.click(ClickKeyword.groovy:74)
	at com.kms.katalon.core.webui.keyword.builtin.ClickKeyword.execute(ClickKeyword.groovy:40)
	at com.kms.katalon.core.keyword.internal.KeywordExecutor.executeKeywordForPlatform(KeywordExecutor.groovy:74)
	at com.kms.katalon.core.webui.keyword.WebUiBuiltInKeywords.click(WebUiBuiltInKeywords.groovy:620)
	at Send Wallpaper PNG (TC-16).run(Send Wallpaper PNG (TC-16):39)
	at com.kms.katalon.core.main.ScriptEngine.run(ScriptEngine.java:194)
	at com.kms.katalon.core.main.ScriptEngine.runScriptAsRawText(ScriptEngine.java:119)
	at com.kms.katalon.core.main.TestCaseExecutor.runScript(TestCaseExecutor.java:448)
	at com.kms.katalon.core.main.TestCaseExecutor.doExecute(TestCaseExecutor.java:439)
	at com.kms.katalon.core.main.TestCaseExecutor.processExecutionPhase(TestCaseExecutor.java:418)
	at com.kms.katalon.core.main.TestCaseExecutor.accessMainPhase(TestCaseExecutor.java:410)
	at com.kms.katalon.core.main.TestCaseExecutor.execute(TestCaseExecutor.java:285)
	at com.kms.katalon.core.common.CommonExecutor.accessTestCaseMainPhase(CommonExecutor.java:65)
	at com.kms.katalon.core.main.TestSuiteExecutor.accessTestSuiteMainPhase(TestSuiteExecutor.java:148)
	at com.kms.katalon.core.main.TestSuiteExecutor.execute(TestSuiteExecutor.java:106)
	at com.kms.katalon.core.main.TestCaseMain.startTestSuite(TestCaseMain.java:187)
	at TempTestSuite1707381437543.run(TempTestSuite1707381437543.groovy:36)
	at java.base/jdk.internal.reflect.NativeMethodAccessorImpl.invoke0(Native Method)
	at java.base/jdk.internal.reflect.NativeMethodAccessorImpl.invoke(NativeMethodAccessorImpl.java:77)
	at java.base/jdk.internal.reflect.DelegatingMethodAccessorImpl.invoke(DelegatingMethodAccessorImpl.java:43)
Caused by: org.openqa.selenium.ElementNotInteractableException: element not interactable
  (Session info: chrome=121.0.6167.140)
Build info: version: '3.141.59', revision: 'e82be7d358', time: '2018-11-14T08:25:53'
System info: host: 'LAPTOP-E6BU4LL9', ip: '169.254.43.143', os.name: 'Windows 11', os.arch: 'amd64', os.version: '10.0', java.version: '17.0.7'
Driver info: com.kms.katalon.selenium.driver.CChromeDriver
Capabilities {acceptInsecureCerts: false, browserName: chrome, browserVersion: 121.0.6167.140, chrome: {chromedriverVersion: 120.0.6099.109 (3419140ab66..., userDataDir: C:\Users\Home\AppData\Local...}, fedcm:accounts: true, goog:chromeOptions: {debuggerAddress: localhost:36600}, javascriptEnabled: true, networkConnectionEnabled: false, pageLoadStrategy: normal, platform: WINDOWS, platformName: WINDOWS, proxy: Proxy(), setWindowRect: true, strictFileInteractability: false, timeouts: {implicit: 0, pageLoad: 300000, script: 30000}, unhandledPromptBehavior: dismiss and notify, webauthn:extension:credBlob: true, webauthn:extension:largeBlob: true, webauthn:extension:minPinLength: true, webauthn:extension:prf: true, webauthn:virtualAuthenticators: true}
Session ID: e40e914a37297a199cdc0ee08b968a0e
	at java.base/jdk.internal.reflect.NativeConstructorAccessorImpl.newInstance0(Native Method)
	at java.base/jdk.internal.reflect.NativeConstructorAccessorImpl.newInstance(NativeConstructorAccessorImpl.java:77)
	at java.base/jdk.internal.reflect.DelegatingConstructorAccessorImpl.newInstance(DelegatingConstructorAccessorImpl.java:45)
	at org.openqa.selenium.remote.http.W3CHttpResponseCodec.createException(W3CHttpResponseCodec.java:187)
	at org.openqa.selenium.remote.http.W3CHttpResponseCodec.decode(W3CHttpResponseCodec.java:122)
	at org.openqa.selenium.remote.http.W3CHttpResponseCodec.decode(W3CHttpResponseCodec.java:49)
	at org.openqa.selenium.remote.HttpCommandExecutor.execute(HttpCommandExecutor.java:158)
	at org.openqa.selenium.remote.service.DriverCommandExecutor.execute(DriverCommandExecutor.java:83)
	at org.openqa.selenium.remote.RemoteWebDriver.execute(RemoteWebDriver.java:552)
	at com.kms.katalon.selenium.driver.CChromeDriver.execute(CChromeDriver.java:19)
	at org.openqa.selenium.remote.RemoteWebElement.execute(RemoteWebElement.java:285)
	at org.openqa.selenium.remote.RemoteWebElement.click(RemoteWebElement.java:84)
	at java.base/jdk.internal.reflect.NativeMethodAccessorImpl.invoke0(Native Method)
	at java.base/jdk.internal.reflect.NativeMethodAccessorImpl.invoke(NativeMethodAccessorImpl.java:77)
	at java.base/jdk.internal.reflect.DelegatingMethodAccessorImpl.invoke(DelegatingMethodAccessorImpl.java:43)
	at org.openqa.selenium.support.events.EventFiringWebDriver$EventFiringWebElement.lambda$new$0(EventFiringWebDriver.java:404)
	at jdk.proxy2/jdk.proxy2.$Proxy24.click(Unknown Source)
	at org.openqa.selenium.support.events.EventFiringWebDriver$EventFiringWebElement.click(EventFiringWebDriver.java:417)
	at org.openqa.selenium.WebElement$click.call(Unknown Source)
	at com.kms.katalon.core.webui.keyword.builtin.ClickKeyword.clickUntilSuccessWithTimeout(ClickKeyword.groovy:81)
	at com.kms.katalon.core.webui.keyword.builtin.ClickKeyword.clickUntilSuccessWithTimeout(ClickKeyword.groovy)
	at java.base/jdk.internal.reflect.NativeMethodAccessorImpl.invoke0(Native Method)
	at java.base/jdk.internal.reflect.NativeMethodAccessorImpl.invoke(NativeMethodAccessorImpl.java:77)
	at java.base/jdk.internal.reflect.DelegatingMethodAccessorImpl.invoke(DelegatingMethodAccessorImpl.java:43)
	at com.kms.katalon.core.webui.keyword.builtin.ClickKeyword$_click_closure1.doCall(ClickKeyword.groovy:67)
	at com.kms.katalon.core.webui.keyword.builtin.ClickKeyword$_click_closure1.call(ClickKeyword.groovy)
	at com.kms.katalon.core.webui.keyword.internal.WebUIKeywordMain.runKeyword(WebUIKeywordMain.groovy:20)
	... 20 more]]></system-err>
   </testsuite>
   <testsuite name="Lockscreens" tests="6" failures="0" errors="0" time="499.392" skipped="0" timestamp="2024-02-08 11:57:09" hostname="Home - 169.254.43.143" id="Test Suites/Lockscreens">
      <properties>
         <property name="deviceName" value=""/>
         <property name="devicePlatform" value=""/>
         <property name="logFolder" value="C:\\Users\\Home\\git\\Katalon\\Reports\\20240208_113710\\Lockscreens\\20240208_113719"/>
         <property name="logFiles" value="C:\\Users\\Home\\git\\Katalon\\Reports\\20240208_113710\\Lockscreens\\20240208_113719\\execution0.log"/>
         <property name="attachments" value=""/>
         <property name="hostName" value="Home - 169.254.43.143"/>
         <property name="os" value="Windows 11 64bit"/>
         <property name="katalonVersion" value="9.0.0.212"/>
         <property name="browser" value="Chrome 121.0.0.0"/>
         <property name="hostAddress" value="169.254.43.143"/>
         <property name="sessionId" value="3b9b400e687799d27943cfa94d383f6c"/>
         <property name="seleniumVersion" value="3.141.59"/>
         <property name="proxyInformation" value="ProxyInformation { proxyOption=NO_PROXY, proxyServerType=HTTP, username=, password=********, proxyServerAddress=, proxyServerPort=0, executionList=&quot;&quot;, isApplyToDesiredCapabilities=true }"/>
         <property name="platform" value="Windows 11"/>
      </properties>
      <testcase name="Test Cases/Login Test Cases/Login with Valid Credentials" time="14.989" classname="Test Cases/Login Test Cases/Login with Valid Credentials" status="PASSED">
         <system-out><![CDATA[2024-02-08 11:57:09 - [TEST_CASE][PASSED] - Test Cases/Login Test Cases/Login with Valid Credentials: Test Cases/Login Test Cases/Login with Valid Credentials

2024-02-08 11:57:10 - [TEST_STEP][PASSED] - openBrowser(""): Browser is opened with url: ''

2024-02-08 11:57:10 - [MESSAGE][INFO] - Starting 'Chrome' driver

2024-02-08 11:57:10 - [MESSAGE][INFO] - Action delay is set to 0 milliseconds

2024-02-08 11:57:11 - [MESSAGE][PASSED] - Browser is opened with url: ''

2024-02-08 11:57:11 - [TEST_STEP][PASSED] - navigateToUrl("https://dadebug.commclouds.com/Demo/admin/auth"): Navigate to 'https://dadebug.commclouds.com/Demo/admin/auth' successfully

2024-02-08 11:57:13 - [MESSAGE][PASSED] - Navigate to 'https://dadebug.commclouds.com/Demo/admin/auth' successfully

2024-02-08 11:57:13 - [TEST_STEP][PASSED] - waitForPageLoad(3): Wait for page load successfully

2024-02-08 11:57:13 - [MESSAGE][PASSED] - Wait for page load successfully

2024-02-08 11:57:13 - [TEST_STEP][PASSED] - maximizeWindow(): Current window maximized

2024-02-08 11:57:13 - [MESSAGE][PASSED] - Current window maximized

2024-02-08 11:57:13 - [TEST_STEP][PASSED] - verifyElementPresent(findTestObject("Login Page/DAlogo"), 2): Object 'Object Repository/Login Page/DAlogo' is present

2024-02-08 11:57:15 - [MESSAGE][PASSED] - Object 'Object Repository/Login Page/DAlogo' is present

2024-02-08 11:57:15 - [TEST_STEP][PASSED] - verifyElementPresent(findTestObject("Login Page/Version number"), 2): Object 'Object Repository/Login Page/Version number' is present

2024-02-08 11:57:16 - [MESSAGE][PASSED] - Object 'Object Repository/Login Page/Version number' is present

2024-02-08 11:57:16 - [TEST_STEP][PASSED] - verifyElementText(findTestObject("Login Page/Version number"), "Version: 11.4.0.1 (stage/11)"): Actual text and expected text of test object 'Object Repository/Login Page/Version number' are matched.

2024-02-08 11:57:16 - [MESSAGE][PASSED] - Actual text and expected text of test object 'Object Repository/Login Page/Version number' are matched.

2024-02-08 11:57:16 - [TEST_STEP][PASSED] - setText(findTestObject("Object Repository/Login Page/Login input field"), "Zoya"): Text 'Zoya' is set on object 'Object Repository/Login Page/Login input field'

2024-02-08 11:57:16 - [MESSAGE][PASSED] - Text 'Zoya' is set on object 'Object Repository/Login Page/Login input field'

2024-02-08 11:57:16 - [TEST_STEP][PASSED] - setEncryptedText(findTestObject("Object Repository/Login Page/Password input field"), "tzH6RvlfSTg="): Text ****** has been set on object 'Object Repository/Login Page/Password input field'

2024-02-08 11:57:17 - [MESSAGE][PASSED] - Text ****** has been set on object 'Object Repository/Login Page/Password input field'

2024-02-08 11:57:17 - [TEST_STEP][PASSED] - click(findTestObject("Object Repository/Login Page/button_Log in")): Object: 'Object Repository/Login Page/button_Log in' is clicked on

2024-02-08 11:57:17 - [MESSAGE][PASSED] - Object: 'Object Repository/Login Page/button_Log in' is clicked on

2024-02-08 11:57:17 - [TEST_STEP][PASSED] - delay(4): Delayed 4 second(s)

2024-02-08 11:57:21 - [MESSAGE][PASSED] - Delayed 4 second(s)

2024-02-08 11:57:21 - [TEST_STEP][PASSED] - verifyElementPresent(findTestObject("Object Repository/Login Page/h1_Dashboard"), 4): Object 'Object Repository/Login Page/h1_Dashboard' is present

2024-02-08 11:57:22 - [MESSAGE][PASSED] - Object 'Object Repository/Login Page/h1_Dashboard' is present]]></system-out>
         <system-err><![CDATA[]]></system-err>
      </testcase>
      <testcase name="Test Cases/Lockscreens/Send Lockscreen JPG (TC-20)" time="103.747" classname="Test Cases/Lockscreens/Send Lockscreen JPG (TC-20)" status="PASSED">
         <system-out><![CDATA[2024-02-08 11:57:24 - [TEST_CASE][PASSED] - Test Cases/Lockscreens/Send Lockscreen JPG (TC-20): Test Cases/Lockscreens/Send Lockscreen JPG (TC-20)

2024-02-08 11:57:24 - [TEST_STEP][PASSED] - click(findTestObject("Dashboard Page/Compose alert button expansion")): Object: 'Object Repository/Dashboard Page/Compose alert button expansion' is clicked on

2024-02-08 11:57:25 - [MESSAGE][PASSED] - Object: 'Object Repository/Dashboard Page/Compose alert button expansion' is clicked on

2024-02-08 11:57:25 - [TEST_STEP][PASSED] - click(findTestObject("Dashboard Page/Lockscreens")): Object: 'Object Repository/Dashboard Page/Lockscreens' is clicked on

2024-02-08 11:57:25 - [MESSAGE][PASSED] - Object: 'Object Repository/Dashboard Page/Lockscreens' is clicked on

2024-02-08 11:57:25 - [TEST_STEP][PASSED] - verifyElementText(findTestObject("Lockscreen/Create Lockscreen header"), "Create Lockscreen"): Actual text and expected text of test object 'Object Repository/Lockscreen/Create Lockscreen header' are matched.

2024-02-08 11:57:26 - [MESSAGE][PASSED] - Actual text and expected text of test object 'Object Repository/Lockscreen/Create Lockscreen header' are matched.

2024-02-08 11:57:26 - [TEST_STEP][PASSED] - click(findTestObject("Wallpapers/more")): Object: 'Object Repository/Wallpapers/more' is clicked on

2024-02-08 11:57:26 - [MESSAGE][PASSED] - Object: 'Object Repository/Wallpapers/more' is clicked on

2024-02-08 11:57:26 - [TEST_STEP][PASSED] - click(findTestObject("Create Pop-up Alert Page/Choose recipients modal window/Filter field")): Object: 'Object Repository/Create Pop-up Alert Page/Choose recipients modal window/Filter field' is clicked on

2024-02-08 11:57:27 - [MESSAGE][PASSED] - Object: 'Object Repository/Create Pop-up Alert Page/Choose recipients modal window/Filter field' is clicked on

2024-02-08 11:57:27 - [TEST_STEP][PASSED] - setText(findTestObject("Create Pop-up Alert Page/Choose recipients modal window/Filter field"), "LAPTOP-E6BU4LL9"): Text 'LAPTOP-E6BU4LL9' is set on object 'Object Repository/Create Pop-up Alert Page/Choose recipients modal window/Filter field'

2024-02-08 11:57:29 - [MESSAGE][PASSED] - Text 'LAPTOP-E6BU4LL9' is set on object 'Object Repository/Create Pop-up Alert Page/Choose recipients modal window/Filter field'

2024-02-08 11:57:29 - [TEST_STEP][PASSED] - verifyElementText(findTestObject("Create Pop-up Alert Page/Choose recipients modal window/All user list-filtered"), "LAPTOP-E6BU4LL9 "): Actual text and expected text of test object 'Object Repository/Create Pop-up Alert Page/Choose recipients modal window/All user list-filtered' are matched.

2024-02-08 11:57:30 - [MESSAGE][PASSED] - Actual text and expected text of test object 'Object Repository/Create Pop-up Alert Page/Choose recipients modal window/All user list-filtered' are matched.

2024-02-08 11:57:30 - [TEST_STEP][PASSED] - click(findTestObject("Create Pop-up Alert Page/Choose recipients modal window/filtered user selection")): Object: 'Object Repository/Create Pop-up Alert Page/Choose recipients modal window/filtered user selection' is clicked on

2024-02-08 11:57:31 - [MESSAGE][PASSED] - Object: 'Object Repository/Create Pop-up Alert Page/Choose recipients modal window/filtered user selection' is clicked on

2024-02-08 11:57:31 - [TEST_STEP][PASSED] - click(findTestObject("Wallpapers/Done")): Object: 'Object Repository/Wallpapers/Done' is clicked on

2024-02-08 11:57:31 - [MESSAGE][PASSED] - Object: 'Object Repository/Wallpapers/Done' is clicked on

2024-02-08 11:57:31 - [TEST_STEP][PASSED] - setText(findTestObject("Create Pop-up Alert Page/Alert Title field"), "TC-20"): Text 'TC-20' is set on object 'Object Repository/Create Pop-up Alert Page/Alert Title field'

2024-02-08 11:57:32 - [MESSAGE][PASSED] - Text 'TC-20' is set on object 'Object Repository/Create Pop-up Alert Page/Alert Title field'

2024-02-08 11:57:32 - [TEST_STEP][PASSED] - verifyElementPresent(findTestObject("Wallpapers/Upload wallpaper area"), 2): Object 'Object Repository/Wallpapers/Upload wallpaper area' is present

2024-02-08 11:57:32 - [MESSAGE][PASSED] - Object 'Object Repository/Wallpapers/Upload wallpaper area' is present

2024-02-08 11:57:32 - [TEST_STEP][PASSED] - uploadFileWithDragAndDrop(findTestObject("Wallpapers/Upload wallpaper area"), "C:\Users\Home\git\Katalon\Imagesfortest\river.jpg"): null

2024-02-08 11:57:33 - [TEST_STEP][PASSED] - delay(90): Delayed 90 second(s)

2024-02-08 11:59:03 - [MESSAGE][PASSED] - Delayed 90 second(s)

2024-02-08 11:59:03 - [TEST_STEP][PASSED] - getAttribute(findTestObject("Wallpapers/uploaded wallpaper file"), "src"): Attribute 'src' of object 'Object Repository/Wallpapers/uploaded wallpaper file' is: 'https://dadebug.commclouds.com/Demo/admin/upload/river-74001.jpg'

2024-02-08 11:59:03 - [MESSAGE][PASSED] - Attribute 'src' of object 'Object Repository/Wallpapers/uploaded wallpaper file' is: 'https://dadebug.commclouds.com/Demo/admin/upload/river-74001.jpg'

2024-02-08 11:59:03 - [TEST_STEP][PASSED] - click(findTestObject("Wallpapers/Send wallpaper button")): Object: 'Object Repository/Wallpapers/Send wallpaper button' is clicked on

2024-02-08 11:59:03 - [MESSAGE][PASSED] - Object: 'Object Repository/Wallpapers/Send wallpaper button' is clicked on

2024-02-08 11:59:03 - [TEST_STEP][PASSED] - waitForPageLoad(2): Wait for page load successfully

2024-02-08 11:59:03 - [MESSAGE][PASSED] - Wait for page load successfully

2024-02-08 11:59:03 - [TEST_STEP][PASSED] - setText(findTestObject("Pop-up Alerts page/Search by title field"), "TC-20"): Text 'TC-20' is set on object 'Object Repository/Pop-up Alerts page/Search by title field'

2024-02-08 11:59:06 - [MESSAGE][PASSED] - Text 'TC-20' is set on object 'Object Repository/Pop-up Alerts page/Search by title field'

2024-02-08 11:59:06 - [TEST_STEP][PASSED] - verifyElementText(findTestObject("Pop-up Alerts page/Filtered sent alert"), "TC-20"): Actual text and expected text of test object 'Object Repository/Pop-up Alerts page/Filtered sent alert' are matched.

2024-02-08 11:59:06 - [MESSAGE][PASSED] - Actual text and expected text of test object 'Object Repository/Pop-up Alerts page/Filtered sent alert' are matched.]]></system-out>
         <system-err><![CDATA[]]></system-err>
      </testcase>
      <testcase name="Test Cases/Lockscreens/Send Lockscreen PNG (TC-21)" time="146.791" classname="Test Cases/Lockscreens/Send Lockscreen PNG (TC-21)" status="PASSED">
         <system-out><![CDATA[2024-02-08 11:59:08 - [TEST_CASE][PASSED] - Test Cases/Lockscreens/Send Lockscreen PNG (TC-21): Test Cases/Lockscreens/Send Lockscreen PNG (TC-21)

2024-02-08 11:59:08 - [TEST_STEP][PASSED] - click(findTestObject("Dashboard Page/Compose alert button expansion")): Object: 'Object Repository/Dashboard Page/Compose alert button expansion' is clicked on

2024-02-08 11:59:08 - [MESSAGE][PASSED] - Object: 'Object Repository/Dashboard Page/Compose alert button expansion' is clicked on

2024-02-08 11:59:08 - [TEST_STEP][PASSED] - click(findTestObject("Dashboard Page/Lockscreens")): Object: 'Object Repository/Dashboard Page/Lockscreens' is clicked on

2024-02-08 11:59:09 - [MESSAGE][PASSED] - Object: 'Object Repository/Dashboard Page/Lockscreens' is clicked on

2024-02-08 11:59:09 - [TEST_STEP][PASSED] - verifyElementText(findTestObject("Lockscreen/Create Lockscreen header"), "Create Lockscreen"): Actual text and expected text of test object 'Object Repository/Lockscreen/Create Lockscreen header' are matched.

2024-02-08 11:59:09 - [MESSAGE][PASSED] - Actual text and expected text of test object 'Object Repository/Lockscreen/Create Lockscreen header' are matched.

2024-02-08 11:59:09 - [TEST_STEP][PASSED] - click(findTestObject("Wallpapers/more")): Object: 'Object Repository/Wallpapers/more' is clicked on

2024-02-08 11:59:10 - [MESSAGE][PASSED] - Object: 'Object Repository/Wallpapers/more' is clicked on

2024-02-08 11:59:10 - [TEST_STEP][PASSED] - click(findTestObject("Create Pop-up Alert Page/Choose recipients modal window/Filter field")): Object: 'Object Repository/Create Pop-up Alert Page/Choose recipients modal window/Filter field' is clicked on

2024-02-08 11:59:12 - [MESSAGE][PASSED] - Object: 'Object Repository/Create Pop-up Alert Page/Choose recipients modal window/Filter field' is clicked on

2024-02-08 11:59:12 - [TEST_STEP][PASSED] - setText(findTestObject("Create Pop-up Alert Page/Choose recipients modal window/Filter field"), "LAPTOP-E6BU4LL9"): Text 'LAPTOP-E6BU4LL9' is set on object 'Object Repository/Create Pop-up Alert Page/Choose recipients modal window/Filter field'

2024-02-08 11:59:12 - [MESSAGE][PASSED] - Text 'LAPTOP-E6BU4LL9' is set on object 'Object Repository/Create Pop-up Alert Page/Choose recipients modal window/Filter field'

2024-02-08 11:59:12 - [TEST_STEP][PASSED] - verifyElementText(findTestObject("Create Pop-up Alert Page/Choose recipients modal window/All user list-filtered"), "LAPTOP-E6BU4LL9 "): Actual text and expected text of test object 'Object Repository/Create Pop-up Alert Page/Choose recipients modal window/All user list-filtered' are matched.

2024-02-08 11:59:14 - [MESSAGE][PASSED] - Actual text and expected text of test object 'Object Repository/Create Pop-up Alert Page/Choose recipients modal window/All user list-filtered' are matched.

2024-02-08 11:59:14 - [TEST_STEP][PASSED] - click(findTestObject("Create Pop-up Alert Page/Choose recipients modal window/filtered user selection")): Object: 'Object Repository/Create Pop-up Alert Page/Choose recipients modal window/filtered user selection' is clicked on

2024-02-08 11:59:14 - [MESSAGE][PASSED] - Object: 'Object Repository/Create Pop-up Alert Page/Choose recipients modal window/filtered user selection' is clicked on

2024-02-08 11:59:14 - [TEST_STEP][PASSED] - click(findTestObject("Wallpapers/Done")): Object: 'Object Repository/Wallpapers/Done' is clicked on

2024-02-08 11:59:15 - [MESSAGE][PASSED] - Object: 'Object Repository/Wallpapers/Done' is clicked on

2024-02-08 11:59:15 - [TEST_STEP][PASSED] - setText(findTestObject("Create Pop-up Alert Page/Alert Title field"), "TC-21"): Text 'TC-21' is set on object 'Object Repository/Create Pop-up Alert Page/Alert Title field'

2024-02-08 11:59:16 - [MESSAGE][PASSED] - Text 'TC-21' is set on object 'Object Repository/Create Pop-up Alert Page/Alert Title field'

2024-02-08 11:59:16 - [TEST_STEP][PASSED] - verifyElementPresent(findTestObject("Wallpapers/Upload wallpaper area"), 2): Object 'Object Repository/Wallpapers/Upload wallpaper area' is present

2024-02-08 11:59:16 - [MESSAGE][PASSED] - Object 'Object Repository/Wallpapers/Upload wallpaper area' is present

2024-02-08 11:59:16 - [TEST_STEP][PASSED] - uploadFileWithDragAndDrop(findTestObject("Wallpapers/Upload wallpaper area"), "C:\Users\Home\git\Katalon\Imagesfortest\rocks.png"): null

2024-02-08 11:59:16 - [TEST_STEP][PASSED] - delay(90): Delayed 90 second(s)

2024-02-08 12:00:46 - [MESSAGE][PASSED] - Delayed 90 second(s)

2024-02-08 12:00:46 - [TEST_STEP][PASSED] - getAttribute(findTestObject("Wallpapers/uploaded wallpaper file"), "src"): Attribute 'src' of object 'Object Repository/Wallpapers/uploaded wallpaper file' is: 'https://dadebug.commclouds.com/Demo/admin/upload/rocks-39623.png'

2024-02-08 12:01:21 - [MESSAGE][PASSED] - Attribute 'src' of object 'Object Repository/Wallpapers/uploaded wallpaper file' is: 'https://dadebug.commclouds.com/Demo/admin/upload/rocks-39623.png'

2024-02-08 12:01:21 - [TEST_STEP][PASSED] - click(findTestObject("Wallpapers/Send wallpaper button")): Object: 'Object Repository/Wallpapers/Send wallpaper button' is clicked on

2024-02-08 12:01:22 - [MESSAGE][PASSED] - Object: 'Object Repository/Wallpapers/Send wallpaper button' is clicked on

2024-02-08 12:01:22 - [TEST_STEP][PASSED] - waitForPageLoad(2): Wait for page load successfully

2024-02-08 12:01:22 - [MESSAGE][PASSED] - Wait for page load successfully

2024-02-08 12:01:22 - [TEST_STEP][PASSED] - setText(findTestObject("Pop-up Alerts page/Search by title field"), "TC-21"): Text 'TC-21' is set on object 'Object Repository/Pop-up Alerts page/Search by title field'

2024-02-08 12:01:32 - [MESSAGE][PASSED] - Text 'TC-21' is set on object 'Object Repository/Pop-up Alerts page/Search by title field'

2024-02-08 12:01:32 - [TEST_STEP][PASSED] - verifyElementText(findTestObject("Pop-up Alerts page/Filtered sent alert"), "TC-21"): Actual text and expected text of test object 'Object Repository/Pop-up Alerts page/Filtered sent alert' are matched.

2024-02-08 12:01:33 - [MESSAGE][PASSED] - Actual text and expected text of test object 'Object Repository/Pop-up Alerts page/Filtered sent alert' are matched.]]></system-out>
         <system-err><![CDATA[]]></system-err>
      </testcase>
      <testcase name="Test Cases/Lockscreens/Send Lockscreen BMP (TC-22)" time="104.781" classname="Test Cases/Lockscreens/Send Lockscreen BMP (TC-22)" status="PASSED">
         <system-out><![CDATA[2024-02-08 12:01:35 - [TEST_CASE][PASSED] - Test Cases/Lockscreens/Send Lockscreen BMP (TC-22): Test Cases/Lockscreens/Send Lockscreen BMP (TC-22)

2024-02-08 12:01:35 - [TEST_STEP][PASSED] - click(findTestObject("Dashboard Page/Compose alert button expansion")): Object: 'Object Repository/Dashboard Page/Compose alert button expansion' is clicked on

2024-02-08 12:01:35 - [MESSAGE][PASSED] - Object: 'Object Repository/Dashboard Page/Compose alert button expansion' is clicked on

2024-02-08 12:01:35 - [TEST_STEP][PASSED] - click(findTestObject("Dashboard Page/Lockscreens")): Object: 'Object Repository/Dashboard Page/Lockscreens' is clicked on

2024-02-08 12:01:36 - [MESSAGE][PASSED] - Object: 'Object Repository/Dashboard Page/Lockscreens' is clicked on

2024-02-08 12:01:36 - [TEST_STEP][PASSED] - verifyElementText(findTestObject("Lockscreen/Create Lockscreen header"), "Create Lockscreen"): Actual text and expected text of test object 'Object Repository/Lockscreen/Create Lockscreen header' are matched.

2024-02-08 12:01:37 - [MESSAGE][PASSED] - Actual text and expected text of test object 'Object Repository/Lockscreen/Create Lockscreen header' are matched.

2024-02-08 12:01:37 - [TEST_STEP][PASSED] - click(findTestObject("Wallpapers/more")): Object: 'Object Repository/Wallpapers/more' is clicked on

2024-02-08 12:01:37 - [MESSAGE][PASSED] - Object: 'Object Repository/Wallpapers/more' is clicked on

2024-02-08 12:01:37 - [TEST_STEP][PASSED] - click(findTestObject("Create Pop-up Alert Page/Choose recipients modal window/Filter field")): Object: 'Object Repository/Create Pop-up Alert Page/Choose recipients modal window/Filter field' is clicked on

2024-02-08 12:01:38 - [MESSAGE][PASSED] - Object: 'Object Repository/Create Pop-up Alert Page/Choose recipients modal window/Filter field' is clicked on

2024-02-08 12:01:38 - [TEST_STEP][PASSED] - setText(findTestObject("Create Pop-up Alert Page/Choose recipients modal window/Filter field"), "LAPTOP-E6BU4LL9"): Text 'LAPTOP-E6BU4LL9' is set on object 'Object Repository/Create Pop-up Alert Page/Choose recipients modal window/Filter field'

2024-02-08 12:01:40 - [MESSAGE][PASSED] - Text 'LAPTOP-E6BU4LL9' is set on object 'Object Repository/Create Pop-up Alert Page/Choose recipients modal window/Filter field'

2024-02-08 12:01:40 - [TEST_STEP][PASSED] - verifyElementText(findTestObject("Create Pop-up Alert Page/Choose recipients modal window/All user list-filtered"), "LAPTOP-E6BU4LL9 "): Actual text and expected text of test object 'Object Repository/Create Pop-up Alert Page/Choose recipients modal window/All user list-filtered' are matched.

2024-02-08 12:01:42 - [MESSAGE][PASSED] - Actual text and expected text of test object 'Object Repository/Create Pop-up Alert Page/Choose recipients modal window/All user list-filtered' are matched.

2024-02-08 12:01:42 - [TEST_STEP][PASSED] - click(findTestObject("Create Pop-up Alert Page/Choose recipients modal window/filtered user selection")): Object: 'Object Repository/Create Pop-up Alert Page/Choose recipients modal window/filtered user selection' is clicked on

2024-02-08 12:01:42 - [MESSAGE][PASSED] - Object: 'Object Repository/Create Pop-up Alert Page/Choose recipients modal window/filtered user selection' is clicked on

2024-02-08 12:01:42 - [TEST_STEP][PASSED] - click(findTestObject("Wallpapers/Done")): Object: 'Object Repository/Wallpapers/Done' is clicked on

2024-02-08 12:01:43 - [MESSAGE][PASSED] - Object: 'Object Repository/Wallpapers/Done' is clicked on

2024-02-08 12:01:43 - [TEST_STEP][PASSED] - setText(findTestObject("Create Pop-up Alert Page/Alert Title field"), "TC-22"): Text 'TC-22' is set on object 'Object Repository/Create Pop-up Alert Page/Alert Title field'

2024-02-08 12:01:43 - [MESSAGE][PASSED] - Text 'TC-22' is set on object 'Object Repository/Create Pop-up Alert Page/Alert Title field'

2024-02-08 12:01:43 - [TEST_STEP][PASSED] - verifyElementPresent(findTestObject("Wallpapers/Upload wallpaper area"), 2): Object 'Object Repository/Wallpapers/Upload wallpaper area' is present

2024-02-08 12:01:44 - [MESSAGE][PASSED] - Object 'Object Repository/Wallpapers/Upload wallpaper area' is present

2024-02-08 12:01:44 - [TEST_STEP][PASSED] - uploadFileWithDragAndDrop(findTestObject("Wallpapers/Upload wallpaper area"), "C:\Users\Home\git\Katalon\Imagesfortest\future.bmp"): null

2024-02-08 12:01:44 - [TEST_STEP][PASSED] - delay(90): Delayed 90 second(s)

2024-02-08 12:03:14 - [MESSAGE][PASSED] - Delayed 90 second(s)

2024-02-08 12:03:14 - [TEST_STEP][PASSED] - getAttribute(findTestObject("Wallpapers/uploaded wallpaper file"), "src"): Attribute 'src' of object 'Object Repository/Wallpapers/uploaded wallpaper file' is: 'https://dadebug.commclouds.com/Demo/admin/upload/future-42473.bmp'

2024-02-08 12:03:14 - [MESSAGE][PASSED] - Attribute 'src' of object 'Object Repository/Wallpapers/uploaded wallpaper file' is: 'https://dadebug.commclouds.com/Demo/admin/upload/future-42473.bmp'

2024-02-08 12:03:14 - [TEST_STEP][PASSED] - click(findTestObject("Wallpapers/Send wallpaper button")): Object: 'Object Repository/Wallpapers/Send wallpaper button' is clicked on

2024-02-08 12:03:15 - [MESSAGE][PASSED] - Object: 'Object Repository/Wallpapers/Send wallpaper button' is clicked on

2024-02-08 12:03:15 - [TEST_STEP][PASSED] - waitForPageLoad(2): Wait for page load successfully

2024-02-08 12:03:15 - [MESSAGE][PASSED] - Wait for page load successfully

2024-02-08 12:03:15 - [TEST_STEP][PASSED] - setText(findTestObject("Pop-up Alerts page/Search by title field"), "TC-22"): Text 'TC-22' is set on object 'Object Repository/Pop-up Alerts page/Search by title field'

2024-02-08 12:03:17 - [MESSAGE][PASSED] - Text 'TC-22' is set on object 'Object Repository/Pop-up Alerts page/Search by title field'

2024-02-08 12:03:17 - [TEST_STEP][PASSED] - verifyElementText(findTestObject("Pop-up Alerts page/Filtered sent alert"), "TC-22"): Actual text and expected text of test object 'Object Repository/Pop-up Alerts page/Filtered sent alert' are matched.

2024-02-08 12:03:17 - [MESSAGE][PASSED] - Actual text and expected text of test object 'Object Repository/Pop-up Alerts page/Filtered sent alert' are matched.]]></system-out>
         <system-err><![CDATA[]]></system-err>
      </testcase>
      <testcase name="Test Cases/Lockscreens/Send Lockscreen with image from the server (TC-24)" time="25.692" classname="Test Cases/Lockscreens/Send Lockscreen with image from the server (TC-24)" status="PASSED">
         <system-out><![CDATA[2024-02-08 12:03:20 - [TEST_CASE][PASSED] - Test Cases/Lockscreens/Send Lockscreen with image from the server (TC-24): Test Cases/Lockscreens/Send Lockscreen with image from the server (TC-24)

2024-02-08 12:03:20 - [TEST_STEP][PASSED] - callTestCase(findTestCase("Login Test Cases/Login with Valid Credentials"), [:], STOP_ON_FAILURE): Call Test Case 'Test Cases/Login Test Cases/Login with Valid Credentials' successfully

2024-02-08 12:03:20 - [TEST_CASE][PASSED] - Test Cases/Login Test Cases/Login with Valid Credentials: Test Cases/Login Test Cases/Login with Valid Credentials

2024-02-08 12:03:20 - [TEST_STEP][PASSED] - openBrowser(""): Browser is opened with url: ''

2024-02-08 12:03:20 - [MESSAGE][WARNING] - A browser is already opened. Closing browser and opening a new one

2024-02-08 12:03:20 - [MESSAGE][INFO] - Starting 'Chrome' driver

2024-02-08 12:03:20 - [MESSAGE][INFO] - Action delay is set to 0 milliseconds

2024-02-08 12:03:20 - [MESSAGE][PASSED] - Browser is opened with url: ''

2024-02-08 12:03:20 - [TEST_STEP][PASSED] - navigateToUrl("https://dadebug.commclouds.com/Demo/admin/auth"): Navigate to 'https://dadebug.commclouds.com/Demo/admin/auth' successfully

2024-02-08 12:03:23 - [MESSAGE][PASSED] - Navigate to 'https://dadebug.commclouds.com/Demo/admin/auth' successfully

2024-02-08 12:03:23 - [TEST_STEP][PASSED] - waitForPageLoad(3): Wait for page load successfully

2024-02-08 12:03:23 - [MESSAGE][PASSED] - Wait for page load successfully

2024-02-08 12:03:23 - [TEST_STEP][PASSED] - maximizeWindow(): Current window maximized

2024-02-08 12:03:23 - [MESSAGE][PASSED] - Current window maximized

2024-02-08 12:03:23 - [TEST_STEP][PASSED] - verifyElementPresent(findTestObject("Login Page/DAlogo"), 2): Object 'Object Repository/Login Page/DAlogo' is present

2024-02-08 12:03:24 - [MESSAGE][PASSED] - Object 'Object Repository/Login Page/DAlogo' is present

2024-02-08 12:03:24 - [TEST_STEP][PASSED] - verifyElementPresent(findTestObject("Login Page/Version number"), 2): Object 'Object Repository/Login Page/Version number' is present

2024-02-08 12:03:24 - [MESSAGE][PASSED] - Object 'Object Repository/Login Page/Version number' is present

2024-02-08 12:03:24 - [TEST_STEP][PASSED] - verifyElementText(findTestObject("Login Page/Version number"), "Version: 11.4.0.1 (stage/11)"): Actual text and expected text of test object 'Object Repository/Login Page/Version number' are matched.

2024-02-08 12:03:24 - [MESSAGE][PASSED] - Actual text and expected text of test object 'Object Repository/Login Page/Version number' are matched.

2024-02-08 12:03:24 - [TEST_STEP][PASSED] - setText(findTestObject("Object Repository/Login Page/Login input field"), "Zoya"): Text 'Zoya' is set on object 'Object Repository/Login Page/Login input field'

2024-02-08 12:03:25 - [MESSAGE][PASSED] - Text 'Zoya' is set on object 'Object Repository/Login Page/Login input field'

2024-02-08 12:03:25 - [TEST_STEP][PASSED] - setEncryptedText(findTestObject("Object Repository/Login Page/Password input field"), "tzH6RvlfSTg="): Text ****** has been set on object 'Object Repository/Login Page/Password input field'

2024-02-08 12:03:25 - [MESSAGE][PASSED] - Text ****** has been set on object 'Object Repository/Login Page/Password input field'

2024-02-08 12:03:25 - [TEST_STEP][PASSED] - click(findTestObject("Object Repository/Login Page/button_Log in")): Object: 'Object Repository/Login Page/button_Log in' is clicked on

2024-02-08 12:03:26 - [MESSAGE][PASSED] - Object: 'Object Repository/Login Page/button_Log in' is clicked on

2024-02-08 12:03:26 - [TEST_STEP][PASSED] - delay(4): Delayed 4 second(s)

2024-02-08 12:03:30 - [MESSAGE][PASSED] - Delayed 4 second(s)

2024-02-08 12:03:30 - [TEST_STEP][PASSED] - verifyElementPresent(findTestObject("Object Repository/Login Page/h1_Dashboard"), 4): Object 'Object Repository/Login Page/h1_Dashboard' is present

2024-02-08 12:03:30 - [MESSAGE][PASSED] - Object 'Object Repository/Login Page/h1_Dashboard' is present

2024-02-08 12:03:30 - [MESSAGE][PASSED] - Call Test Case 'Test Cases/Login Test Cases/Login with Valid Credentials' successfully

2024-02-08 12:03:30 - [TEST_STEP][PASSED] - click(findTestObject("Dashboard Page/Compose alert button expansion")): Object: 'Object Repository/Dashboard Page/Compose alert button expansion' is clicked on

2024-02-08 12:03:30 - [MESSAGE][PASSED] - Object: 'Object Repository/Dashboard Page/Compose alert button expansion' is clicked on

2024-02-08 12:03:30 - [TEST_STEP][PASSED] - click(findTestObject("Dashboard Page/Lockscreens")): Object: 'Object Repository/Dashboard Page/Lockscreens' is clicked on

2024-02-08 12:03:31 - [MESSAGE][PASSED] - Object: 'Object Repository/Dashboard Page/Lockscreens' is clicked on

2024-02-08 12:03:31 - [TEST_STEP][PASSED] - verifyElementText(findTestObject("Lockscreen/Create Lockscreen header"), "Create Lockscreen"): Actual text and expected text of test object 'Object Repository/Lockscreen/Create Lockscreen header' are matched.

2024-02-08 12:03:32 - [MESSAGE][PASSED] - Actual text and expected text of test object 'Object Repository/Lockscreen/Create Lockscreen header' are matched.

2024-02-08 12:03:32 - [TEST_STEP][PASSED] - click(findTestObject("Wallpapers/more")): Object: 'Object Repository/Wallpapers/more' is clicked on

2024-02-08 12:03:32 - [MESSAGE][PASSED] - Object: 'Object Repository/Wallpapers/more' is clicked on

2024-02-08 12:03:32 - [TEST_STEP][PASSED] - click(findTestObject("Create Pop-up Alert Page/Choose recipients modal window/Filter field")): Object: 'Object Repository/Create Pop-up Alert Page/Choose recipients modal window/Filter field' is clicked on

2024-02-08 12:03:33 - [MESSAGE][PASSED] - Object: 'Object Repository/Create Pop-up Alert Page/Choose recipients modal window/Filter field' is clicked on

2024-02-08 12:03:33 - [TEST_STEP][PASSED] - setText(findTestObject("Create Pop-up Alert Page/Choose recipients modal window/Filter field"), "LAPTOP-E6BU4LL9"): Text 'LAPTOP-E6BU4LL9' is set on object 'Object Repository/Create Pop-up Alert Page/Choose recipients modal window/Filter field'

2024-02-08 12:03:34 - [MESSAGE][PASSED] - Text 'LAPTOP-E6BU4LL9' is set on object 'Object Repository/Create Pop-up Alert Page/Choose recipients modal window/Filter field'

2024-02-08 12:03:34 - [TEST_STEP][PASSED] - verifyElementText(findTestObject("Create Pop-up Alert Page/Choose recipients modal window/All user list-filtered"), "LAPTOP-E6BU4LL9 "): Actual text and expected text of test object 'Object Repository/Create Pop-up Alert Page/Choose recipients modal window/All user list-filtered' are matched.

2024-02-08 12:03:36 - [MESSAGE][PASSED] - Actual text and expected text of test object 'Object Repository/Create Pop-up Alert Page/Choose recipients modal window/All user list-filtered' are matched.

2024-02-08 12:03:36 - [TEST_STEP][PASSED] - click(findTestObject("Create Pop-up Alert Page/Choose recipients modal window/filtered user selection")): Object: 'Object Repository/Create Pop-up Alert Page/Choose recipients modal window/filtered user selection' is clicked on

2024-02-08 12:03:36 - [MESSAGE][PASSED] - Object: 'Object Repository/Create Pop-up Alert Page/Choose recipients modal window/filtered user selection' is clicked on

2024-02-08 12:03:36 - [TEST_STEP][PASSED] - click(findTestObject("Wallpapers/Done")): Object: 'Object Repository/Wallpapers/Done' is clicked on

2024-02-08 12:03:37 - [MESSAGE][PASSED] - Object: 'Object Repository/Wallpapers/Done' is clicked on

2024-02-08 12:03:37 - [TEST_STEP][PASSED] - setText(findTestObject("Create Pop-up Alert Page/Alert Title field"), "TC-24"): Text 'TC-24' is set on object 'Object Repository/Create Pop-up Alert Page/Alert Title field'

2024-02-08 12:03:37 - [MESSAGE][PASSED] - Text 'TC-24' is set on object 'Object Repository/Create Pop-up Alert Page/Alert Title field'

2024-02-08 12:03:37 - [TEST_STEP][PASSED] - verifyElementPresent(findTestObject("Wallpapers/Upload wallpaper area"), 2): Object 'Object Repository/Wallpapers/Upload wallpaper area' is present

2024-02-08 12:03:38 - [MESSAGE][PASSED] - Object 'Object Repository/Wallpapers/Upload wallpaper area' is present

2024-02-08 12:03:38 - [TEST_STEP][PASSED] - click(findTestObject("Wallpapers/Select image from server button")): Object: 'Object Repository/Wallpapers/Select image from server button' is clicked on

2024-02-08 12:03:38 - [MESSAGE][PASSED] - Object: 'Object Repository/Wallpapers/Select image from server button' is clicked on

2024-02-08 12:03:38 - [TEST_STEP][PASSED] - click(findTestObject("Wallpapers/first image on a server")): Object: 'Object Repository/Wallpapers/first image on a server' is clicked on

2024-02-08 12:03:39 - [MESSAGE][PASSED] - Object: 'Object Repository/Wallpapers/first image on a server' is clicked on

2024-02-08 12:03:39 - [TEST_STEP][PASSED] - verifyElementPresent(findTestObject("Wallpapers/uploaded wallpaper file"), 1): Object 'Object Repository/Wallpapers/uploaded wallpaper file' is present

2024-02-08 12:03:40 - [MESSAGE][PASSED] - Object 'Object Repository/Wallpapers/uploaded wallpaper file' is present

2024-02-08 12:03:40 - [TEST_STEP][PASSED] - click(findTestObject("Wallpapers/Send wallpaper button")): Object: 'Object Repository/Wallpapers/Send wallpaper button' is clicked on

2024-02-08 12:03:40 - [MESSAGE][PASSED] - Object: 'Object Repository/Wallpapers/Send wallpaper button' is clicked on

2024-02-08 12:03:40 - [TEST_STEP][PASSED] - waitForPageLoad(2): Wait for page load successfully

2024-02-08 12:03:40 - [MESSAGE][PASSED] - Wait for page load successfully

2024-02-08 12:03:40 - [TEST_STEP][PASSED] - setText(findTestObject("Pop-up Alerts page/Search by title field"), "TC-24"): Text 'TC-24' is set on object 'Object Repository/Pop-up Alerts page/Search by title field'

2024-02-08 12:03:43 - [MESSAGE][PASSED] - Text 'TC-24' is set on object 'Object Repository/Pop-up Alerts page/Search by title field'

2024-02-08 12:03:43 - [TEST_STEP][PASSED] - verifyElementText(findTestObject("Pop-up Alerts page/Filtered sent alert"), "TC-24"): Actual text and expected text of test object 'Object Repository/Pop-up Alerts page/Filtered sent alert' are matched.

2024-02-08 12:03:43 - [MESSAGE][PASSED] - Actual text and expected text of test object 'Object Repository/Pop-up Alerts page/Filtered sent alert' are matched.]]></system-out>
         <system-err><![CDATA[]]></system-err>
      </testcase>
      <testcase name="Test Cases/Lockscreens/Draft Lockscreen (TC-23)" time="103.196" classname="Test Cases/Lockscreens/Draft Lockscreen (TC-23)" status="PASSED">
         <system-out><![CDATA[2024-02-08 12:03:45 - [TEST_CASE][PASSED] - Test Cases/Lockscreens/Draft Lockscreen (TC-23): Test Cases/Lockscreens/Draft Lockscreen (TC-23)

2024-02-08 12:03:45 - [TEST_STEP][PASSED] - click(findTestObject("Dashboard Page/Compose alert button expansion")): Object: 'Object Repository/Dashboard Page/Compose alert button expansion' is clicked on

2024-02-08 12:03:46 - [MESSAGE][PASSED] - Object: 'Object Repository/Dashboard Page/Compose alert button expansion' is clicked on

2024-02-08 12:03:46 - [TEST_STEP][PASSED] - click(findTestObject("Dashboard Page/Lockscreens")): Object: 'Object Repository/Dashboard Page/Lockscreens' is clicked on

2024-02-08 12:03:46 - [MESSAGE][PASSED] - Object: 'Object Repository/Dashboard Page/Lockscreens' is clicked on

2024-02-08 12:03:46 - [TEST_STEP][PASSED] - verifyElementText(findTestObject("Lockscreen/Create Lockscreen header"), "Create Lockscreen"): Actual text and expected text of test object 'Object Repository/Lockscreen/Create Lockscreen header' are matched.

2024-02-08 12:03:47 - [MESSAGE][PASSED] - Actual text and expected text of test object 'Object Repository/Lockscreen/Create Lockscreen header' are matched.

2024-02-08 12:03:47 - [TEST_STEP][PASSED] - click(findTestObject("Wallpapers/more")): Object: 'Object Repository/Wallpapers/more' is clicked on

2024-02-08 12:03:47 - [MESSAGE][PASSED] - Object: 'Object Repository/Wallpapers/more' is clicked on

2024-02-08 12:03:47 - [TEST_STEP][PASSED] - click(findTestObject("Create Pop-up Alert Page/Choose recipients modal window/Filter field")): Object: 'Object Repository/Create Pop-up Alert Page/Choose recipients modal window/Filter field' is clicked on

2024-02-08 12:03:48 - [MESSAGE][PASSED] - Object: 'Object Repository/Create Pop-up Alert Page/Choose recipients modal window/Filter field' is clicked on

2024-02-08 12:03:48 - [TEST_STEP][PASSED] - setText(findTestObject("Create Pop-up Alert Page/Choose recipients modal window/Filter field"), "LAPTOP-E6BU4LL9"): Text 'LAPTOP-E6BU4LL9' is set on object 'Object Repository/Create Pop-up Alert Page/Choose recipients modal window/Filter field'

2024-02-08 12:03:49 - [MESSAGE][PASSED] - Text 'LAPTOP-E6BU4LL9' is set on object 'Object Repository/Create Pop-up Alert Page/Choose recipients modal window/Filter field'

2024-02-08 12:03:49 - [TEST_STEP][PASSED] - verifyElementText(findTestObject("Create Pop-up Alert Page/Choose recipients modal window/All user list-filtered"), "LAPTOP-E6BU4LL9 "): Actual text and expected text of test object 'Object Repository/Create Pop-up Alert Page/Choose recipients modal window/All user list-filtered' are matched.

2024-02-08 12:03:51 - [MESSAGE][PASSED] - Actual text and expected text of test object 'Object Repository/Create Pop-up Alert Page/Choose recipients modal window/All user list-filtered' are matched.

2024-02-08 12:03:51 - [TEST_STEP][PASSED] - click(findTestObject("Create Pop-up Alert Page/Choose recipients modal window/filtered user selection")): Object: 'Object Repository/Create Pop-up Alert Page/Choose recipients modal window/filtered user selection' is clicked on

2024-02-08 12:03:51 - [MESSAGE][PASSED] - Object: 'Object Repository/Create Pop-up Alert Page/Choose recipients modal window/filtered user selection' is clicked on

2024-02-08 12:03:51 - [TEST_STEP][PASSED] - click(findTestObject("Wallpapers/Done")): Object: 'Object Repository/Wallpapers/Done' is clicked on

2024-02-08 12:03:51 - [MESSAGE][PASSED] - Object: 'Object Repository/Wallpapers/Done' is clicked on

2024-02-08 12:03:51 - [TEST_STEP][PASSED] - setText(findTestObject("Create Pop-up Alert Page/Alert Title field"), "TC-23"): Text 'TC-23' is set on object 'Object Repository/Create Pop-up Alert Page/Alert Title field'

2024-02-08 12:03:52 - [MESSAGE][PASSED] - Text 'TC-23' is set on object 'Object Repository/Create Pop-up Alert Page/Alert Title field'

2024-02-08 12:03:52 - [TEST_STEP][PASSED] - verifyElementPresent(findTestObject("Wallpapers/Upload wallpaper area"), 2): Object 'Object Repository/Wallpapers/Upload wallpaper area' is present

2024-02-08 12:03:53 - [MESSAGE][PASSED] - Object 'Object Repository/Wallpapers/Upload wallpaper area' is present

2024-02-08 12:03:53 - [TEST_STEP][PASSED] - uploadFileWithDragAndDrop(findTestObject("Wallpapers/Upload wallpaper area"), "C:\Users\Home\git\Katalon\Imagesfortest\icecity.jpg"): null

2024-02-08 12:03:53 - [TEST_STEP][PASSED] - delay(90): Delayed 90 second(s)

2024-02-08 12:05:23 - [MESSAGE][PASSED] - Delayed 90 second(s)

2024-02-08 12:05:23 - [TEST_STEP][PASSED] - getAttribute(findTestObject("Wallpapers/uploaded wallpaper file"), "src"): Attribute 'src' of object 'Object Repository/Wallpapers/uploaded wallpaper file' is: 'https://dadebug.commclouds.com/Demo/admin/upload/icecity-4196.jpg'

2024-02-08 12:05:23 - [MESSAGE][PASSED] - Attribute 'src' of object 'Object Repository/Wallpapers/uploaded wallpaper file' is: 'https://dadebug.commclouds.com/Demo/admin/upload/icecity-4196.jpg'

2024-02-08 12:05:23 - [TEST_STEP][PASSED] - click(findTestObject("Wallpapers/Save wallpaper button")): Object: 'Object Repository/Wallpapers/Save wallpaper button' is clicked on

2024-02-08 12:05:24 - [MESSAGE][PASSED] - Object: 'Object Repository/Wallpapers/Save wallpaper button' is clicked on

2024-02-08 12:05:24 - [TEST_STEP][PASSED] - click(findTestObject("Pop-up Alerts page/Draft tab")): Object: 'Object Repository/Pop-up Alerts page/Draft tab' is clicked on

2024-02-08 12:05:25 - [MESSAGE][PASSED] - Object: 'Object Repository/Pop-up Alerts page/Draft tab' is clicked on

2024-02-08 12:05:25 - [TEST_STEP][PASSED] - waitForPageLoad(2): Wait for page load successfully

2024-02-08 12:05:25 - [MESSAGE][PASSED] - Wait for page load successfully

2024-02-08 12:05:25 - [TEST_STEP][PASSED] - setText(findTestObject("Pop-up Alerts page/Search by title field"), "TC-23"): Text 'TC-23' is set on object 'Object Repository/Pop-up Alerts page/Search by title field'

2024-02-08 12:05:26 - [MESSAGE][PASSED] - Text 'TC-23' is set on object 'Object Repository/Pop-up Alerts page/Search by title field'

2024-02-08 12:05:26 - [TEST_STEP][PASSED] - verifyElementText(findTestObject("Pop-up Alerts page/Filtered sent alert"), "TC-23"): Actual text and expected text of test object 'Object Repository/Pop-up Alerts page/Filtered sent alert' are matched.

2024-02-08 12:05:26 - [MESSAGE][PASSED] - Actual text and expected text of test object 'Object Repository/Pop-up Alerts page/Filtered sent alert' are matched.]]></system-out>
         <system-err><![CDATA[]]></system-err>
      </testcase>
      <system-out><![CDATA[2024-02-08 11:57:09 - [TEST_SUITE][PASSED] - Lockscreens: Test Cases/Lockscreens/Draft Lockscreen (TC-23)]]></system-out>
      <system-err><![CDATA[]]></system-err>
   </testsuite>
   <testsuite name="Surveys" tests="4" failures="0" errors="0" time="94.925" skipped="0" timestamp="2024-02-08 12:05:33" hostname="Home - 169.254.43.143" id="Test Suites/Surveys">
      <properties>
         <property name="deviceName" value=""/>
         <property name="devicePlatform" value=""/>
         <property name="logFolder" value="C:\\Users\\Home\\git\\Katalon\\Reports\\20240208_113710\\Surveys\\20240208_113721"/>
         <property name="logFiles" value="C:\\Users\\Home\\git\\Katalon\\Reports\\20240208_113710\\Surveys\\20240208_113721\\execution0.log"/>
         <property name="attachments" value=""/>
         <property name="hostName" value="Home - 169.254.43.143"/>
         <property name="os" value="Windows 11 64bit"/>
         <property name="katalonVersion" value="9.0.0.212"/>
         <property name="browser" value="Chrome 121.0.0.0"/>
         <property name="hostAddress" value="169.254.43.143"/>
         <property name="sessionId" value="0201a82bfcd5baef6a99594af06c0c17"/>
         <property name="seleniumVersion" value="3.141.59"/>
         <property name="proxyInformation" value="ProxyInformation { proxyOption=NO_PROXY, proxyServerType=HTTP, username=, password=********, proxyServerAddress=, proxyServerPort=0, executionList=&quot;&quot;, isApplyToDesiredCapabilities=true }"/>
         <property name="platform" value="Windows 11"/>
      </properties>
      <testcase name="Test Cases/Login Test Cases/Login with Valid Credentials" time="13.44" classname="Test Cases/Login Test Cases/Login with Valid Credentials" status="PASSED">
         <system-out><![CDATA[2024-02-08 12:05:33 - [TEST_CASE][PASSED] - Test Cases/Login Test Cases/Login with Valid Credentials: Test Cases/Login Test Cases/Login with Valid Credentials

2024-02-08 12:05:33 - [TEST_STEP][PASSED] - openBrowser(""): Browser is opened with url: ''

2024-02-08 12:05:33 - [MESSAGE][INFO] - Starting 'Chrome' driver

2024-02-08 12:05:34 - [MESSAGE][INFO] - Action delay is set to 0 milliseconds

2024-02-08 12:05:35 - [MESSAGE][PASSED] - Browser is opened with url: ''

2024-02-08 12:05:35 - [TEST_STEP][PASSED] - navigateToUrl("https://dadebug.commclouds.com/Demo/admin/auth"): Navigate to 'https://dadebug.commclouds.com/Demo/admin/auth' successfully

2024-02-08 12:05:37 - [MESSAGE][PASSED] - Navigate to 'https://dadebug.commclouds.com/Demo/admin/auth' successfully

2024-02-08 12:05:37 - [TEST_STEP][PASSED] - waitForPageLoad(3): Wait for page load successfully

2024-02-08 12:05:37 - [MESSAGE][PASSED] - Wait for page load successfully

2024-02-08 12:05:37 - [TEST_STEP][PASSED] - maximizeWindow(): Current window maximized

2024-02-08 12:05:37 - [MESSAGE][PASSED] - Current window maximized

2024-02-08 12:05:37 - [TEST_STEP][PASSED] - verifyElementPresent(findTestObject("Login Page/DAlogo"), 2): Object 'Object Repository/Login Page/DAlogo' is present

2024-02-08 12:05:38 - [MESSAGE][PASSED] - Object 'Object Repository/Login Page/DAlogo' is present

2024-02-08 12:05:38 - [TEST_STEP][PASSED] - verifyElementPresent(findTestObject("Login Page/Version number"), 2): Object 'Object Repository/Login Page/Version number' is present

2024-02-08 12:05:38 - [MESSAGE][PASSED] - Object 'Object Repository/Login Page/Version number' is present

2024-02-08 12:05:38 - [TEST_STEP][PASSED] - verifyElementText(findTestObject("Login Page/Version number"), "Version: 11.4.0.1 (stage/11)"): Actual text and expected text of test object 'Object Repository/Login Page/Version number' are matched.

2024-02-08 12:05:39 - [MESSAGE][PASSED] - Actual text and expected text of test object 'Object Repository/Login Page/Version number' are matched.

2024-02-08 12:05:39 - [TEST_STEP][PASSED] - setText(findTestObject("Object Repository/Login Page/Login input field"), "Zoya"): Text 'Zoya' is set on object 'Object Repository/Login Page/Login input field'

2024-02-08 12:05:39 - [MESSAGE][PASSED] - Text 'Zoya' is set on object 'Object Repository/Login Page/Login input field'

2024-02-08 12:05:39 - [TEST_STEP][PASSED] - setEncryptedText(findTestObject("Object Repository/Login Page/Password input field"), "tzH6RvlfSTg="): Text ****** has been set on object 'Object Repository/Login Page/Password input field'

2024-02-08 12:05:39 - [MESSAGE][PASSED] - Text ****** has been set on object 'Object Repository/Login Page/Password input field'

2024-02-08 12:05:39 - [TEST_STEP][PASSED] - click(findTestObject("Object Repository/Login Page/button_Log in")): Object: 'Object Repository/Login Page/button_Log in' is clicked on

2024-02-08 12:05:40 - [MESSAGE][PASSED] - Object: 'Object Repository/Login Page/button_Log in' is clicked on

2024-02-08 12:05:40 - [TEST_STEP][PASSED] - delay(4): Delayed 4 second(s)

2024-02-08 12:05:44 - [MESSAGE][PASSED] - Delayed 4 second(s)

2024-02-08 12:05:44 - [TEST_STEP][PASSED] - verifyElementPresent(findTestObject("Object Repository/Login Page/h1_Dashboard"), 4): Object 'Object Repository/Login Page/h1_Dashboard' is present

2024-02-08 12:05:44 - [MESSAGE][PASSED] - Object 'Object Repository/Login Page/h1_Dashboard' is present]]></system-out>
         <system-err><![CDATA[]]></system-err>
      </testcase>
      <testcase name="Test Cases/Surveys/Send Survey with one question and single choice(TC-25)" time="17.441" classname="Test Cases/Surveys/Send Survey with one question and single choice(TC-25)" status="PASSED">
         <system-out><![CDATA[2024-02-08 12:05:46 - [TEST_CASE][PASSED] - Test Cases/Surveys/Send Survey with one question and single choice(TC-25): Test Cases/Surveys/Send Survey with one question and single choice(TC-25)

2024-02-08 12:05:46 - [TEST_STEP][PASSED] - click(findTestObject("Dashboard Page/Compose alert button expansion")): Object: 'Object Repository/Dashboard Page/Compose alert button expansion' is clicked on

2024-02-08 12:05:47 - [MESSAGE][PASSED] - Object: 'Object Repository/Dashboard Page/Compose alert button expansion' is clicked on

2024-02-08 12:05:47 - [TEST_STEP][PASSED] - click(findTestObject("Dashboard Page/Survey-Quizz-Poll")): Object: 'Object Repository/Dashboard Page/Survey-Quizz-Poll' is clicked on

2024-02-08 12:05:47 - [MESSAGE][PASSED] - Object: 'Object Repository/Dashboard Page/Survey-Quizz-Poll' is clicked on

2024-02-08 12:05:47 - [TEST_STEP][PASSED] - check(findTestObject("Survey/Classic survey radio button")): Object 'Object Repository/Survey/Classic survey radio button' is checked

2024-02-08 12:05:51 - [MESSAGE][PASSED] - Object 'Object Repository/Survey/Classic survey radio button' is checked

2024-02-08 12:05:51 - [TEST_STEP][PASSED] - click(findTestObject("Survey/More btn")): Object: 'Object Repository/Survey/More btn' is clicked on

2024-02-08 12:05:52 - [MESSAGE][PASSED] - Object: 'Object Repository/Survey/More btn' is clicked on

2024-02-08 12:05:52 - [TEST_STEP][PASSED] - click(findTestObject("Create Pop-up Alert Page/Choose recipients modal window/Filter field")): Object: 'Object Repository/Create Pop-up Alert Page/Choose recipients modal window/Filter field' is clicked on

2024-02-08 12:05:52 - [MESSAGE][PASSED] - Object: 'Object Repository/Create Pop-up Alert Page/Choose recipients modal window/Filter field' is clicked on

2024-02-08 12:05:52 - [TEST_STEP][PASSED] - setText(findTestObject("Create Pop-up Alert Page/Choose recipients modal window/Filter field"), "LAPTOP-E6BU4LL9"): Text 'LAPTOP-E6BU4LL9' is set on object 'Object Repository/Create Pop-up Alert Page/Choose recipients modal window/Filter field'

2024-02-08 12:05:53 - [MESSAGE][PASSED] - Text 'LAPTOP-E6BU4LL9' is set on object 'Object Repository/Create Pop-up Alert Page/Choose recipients modal window/Filter field'

2024-02-08 12:05:53 - [TEST_STEP][PASSED] - verifyElementText(findTestObject("Create Pop-up Alert Page/Choose recipients modal window/All user list-filtered"), "LAPTOP-E6BU4LL9 "): Actual text and expected text of test object 'Object Repository/Create Pop-up Alert Page/Choose recipients modal window/All user list-filtered' are matched.

2024-02-08 12:05:55 - [MESSAGE][PASSED] - Actual text and expected text of test object 'Object Repository/Create Pop-up Alert Page/Choose recipients modal window/All user list-filtered' are matched.

2024-02-08 12:05:55 - [TEST_STEP][PASSED] - click(findTestObject("Create Pop-up Alert Page/Choose recipients modal window/filtered user selection")): Object: 'Object Repository/Create Pop-up Alert Page/Choose recipients modal window/filtered user selection' is clicked on

2024-02-08 12:05:55 - [MESSAGE][PASSED] - Object: 'Object Repository/Create Pop-up Alert Page/Choose recipients modal window/filtered user selection' is clicked on

2024-02-08 12:05:55 - [TEST_STEP][NOT_RUN] - verifyElementPresent(findTestObject("Create Pop-up Alert Page/Choose recipients modal window/Choosen users filtered"), 2): NOT_RUN: verifyElementPresent(findTestObject("Create Pop-up Alert Page/Choose recipients modal window/Choosen users filtered"), 2)

2024-02-08 12:05:55 - [MESSAGE][NOT_RUN] - NOT_RUN: verifyElementPresent(findTestObject("Create Pop-up Alert Page/Choose recipients modal window/Choosen users filtered"), 2)

2024-02-08 12:05:55 - [TEST_STEP][PASSED] - click(findTestObject("Wallpapers/Done")): Object: 'Object Repository/Wallpapers/Done' is clicked on

2024-02-08 12:05:56 - [MESSAGE][PASSED] - Object: 'Object Repository/Wallpapers/Done' is clicked on

2024-02-08 12:05:56 - [TEST_STEP][PASSED] - setText(findTestObject("Create Pop-up Alert Page/Alert Title field"), "TC-25"): Text 'TC-25' is set on object 'Object Repository/Create Pop-up Alert Page/Alert Title field'

2024-02-08 12:05:57 - [MESSAGE][PASSED] - Text 'TC-25' is set on object 'Object Repository/Create Pop-up Alert Page/Alert Title field'

2024-02-08 12:05:57 - [TEST_STEP][PASSED] - setText(findTestObject("Survey/Q1 input"), "Are you satisfied with our services?"): Text 'Are you satisfied with our services?' is set on object 'Object Repository/Survey/Q1 input'

2024-02-08 12:05:58 - [MESSAGE][PASSED] - Text 'Are you satisfied with our services?' is set on object 'Object Repository/Survey/Q1 input'

2024-02-08 12:05:58 - [TEST_STEP][PASSED] - setText(findTestObject("Survey/Q1 Answer 1 input field"), "Yes"): Text 'Yes' is set on object 'Object Repository/Survey/Q1 Answer 1 input field'

2024-02-08 12:05:58 - [MESSAGE][PASSED] - Text 'Yes' is set on object 'Object Repository/Survey/Q1 Answer 1 input field'

2024-02-08 12:05:58 - [TEST_STEP][PASSED] - setText(findTestObject("Survey/Q1 answer 2 input field"), "No"): Text 'No' is set on object 'Object Repository/Survey/Q1 answer 2 input field'

2024-02-08 12:05:59 - [MESSAGE][PASSED] - Text 'No' is set on object 'Object Repository/Survey/Q1 answer 2 input field'

2024-02-08 12:05:59 - [TEST_STEP][PASSED] - click(findTestObject("Survey/Send btn Survey")): Object: 'Object Repository/Survey/Send btn Survey' is clicked on

2024-02-08 12:05:59 - [MESSAGE][PASSED] - Object: 'Object Repository/Survey/Send btn Survey' is clicked on

2024-02-08 12:05:59 - [TEST_STEP][PASSED] - setText(findTestObject("Pop-up Alerts page/Search by title field"), "TC-25"): Text 'TC-25' is set on object 'Object Repository/Pop-up Alerts page/Search by title field'

2024-02-08 12:06:01 - [MESSAGE][PASSED] - Text 'TC-25' is set on object 'Object Repository/Pop-up Alerts page/Search by title field'

2024-02-08 12:06:01 - [TEST_STEP][PASSED] - verifyElementText(findTestObject("Pop-up Alerts page/Filtered sent alert"), "TC-25"): Actual text and expected text of test object 'Object Repository/Pop-up Alerts page/Filtered sent alert' are matched.

2024-02-08 12:06:02 - [MESSAGE][PASSED] - Actual text and expected text of test object 'Object Repository/Pop-up Alerts page/Filtered sent alert' are matched.]]></system-out>
         <system-err><![CDATA[]]></system-err>
      </testcase>
      <testcase name="Test Cases/Surveys/Send Survey with 2 questions(single and mutiple choice)(TC-26)" time="22.653" classname="Test Cases/Surveys/Send Survey with 2 questions(single and mutiple choice)(TC-26)" status="PASSED">
         <system-out><![CDATA[2024-02-08 12:06:04 - [TEST_CASE][PASSED] - Test Cases/Surveys/Send Survey with 2 questions(single and mutiple choice)(TC-26): Test Cases/Surveys/Send Survey with 2 questions(single and mutiple choice)(TC-26)

2024-02-08 12:06:04 - [TEST_STEP][PASSED] - click(findTestObject("Dashboard Page/Compose alert button expansion")): Object: 'Object Repository/Dashboard Page/Compose alert button expansion' is clicked on

2024-02-08 12:06:04 - [MESSAGE][PASSED] - Object: 'Object Repository/Dashboard Page/Compose alert button expansion' is clicked on

2024-02-08 12:06:04 - [TEST_STEP][PASSED] - click(findTestObject("Dashboard Page/Survey-Quizz-Poll")): Object: 'Object Repository/Dashboard Page/Survey-Quizz-Poll' is clicked on

2024-02-08 12:06:05 - [MESSAGE][PASSED] - Object: 'Object Repository/Dashboard Page/Survey-Quizz-Poll' is clicked on

2024-02-08 12:06:05 - [TEST_STEP][PASSED] - check(findTestObject("Survey/Classic survey radio button")): Object 'Object Repository/Survey/Classic survey radio button' is checked

2024-02-08 12:06:07 - [MESSAGE][PASSED] - Object 'Object Repository/Survey/Classic survey radio button' is checked

2024-02-08 12:06:07 - [TEST_STEP][PASSED] - click(findTestObject("Survey/More btn")): Object: 'Object Repository/Survey/More btn' is clicked on

2024-02-08 12:06:08 - [MESSAGE][PASSED] - Object: 'Object Repository/Survey/More btn' is clicked on

2024-02-08 12:06:08 - [TEST_STEP][PASSED] - click(findTestObject("Create Pop-up Alert Page/Choose recipients modal window/Filter field")): Object: 'Object Repository/Create Pop-up Alert Page/Choose recipients modal window/Filter field' is clicked on

2024-02-08 12:06:08 - [MESSAGE][PASSED] - Object: 'Object Repository/Create Pop-up Alert Page/Choose recipients modal window/Filter field' is clicked on

2024-02-08 12:06:08 - [TEST_STEP][PASSED] - setText(findTestObject("Create Pop-up Alert Page/Choose recipients modal window/Filter field"), "LAPTOP-E6BU4LL9"): Text 'LAPTOP-E6BU4LL9' is set on object 'Object Repository/Create Pop-up Alert Page/Choose recipients modal window/Filter field'

2024-02-08 12:06:10 - [MESSAGE][PASSED] - Text 'LAPTOP-E6BU4LL9' is set on object 'Object Repository/Create Pop-up Alert Page/Choose recipients modal window/Filter field'

2024-02-08 12:06:10 - [TEST_STEP][PASSED] - verifyElementText(findTestObject("Create Pop-up Alert Page/Choose recipients modal window/All user list-filtered"), "LAPTOP-E6BU4LL9 "): Actual text and expected text of test object 'Object Repository/Create Pop-up Alert Page/Choose recipients modal window/All user list-filtered' are matched.

2024-02-08 12:06:11 - [MESSAGE][PASSED] - Actual text and expected text of test object 'Object Repository/Create Pop-up Alert Page/Choose recipients modal window/All user list-filtered' are matched.

2024-02-08 12:06:11 - [TEST_STEP][PASSED] - click(findTestObject("Create Pop-up Alert Page/Choose recipients modal window/filtered user selection")): Object: 'Object Repository/Create Pop-up Alert Page/Choose recipients modal window/filtered user selection' is clicked on

2024-02-08 12:06:11 - [MESSAGE][PASSED] - Object: 'Object Repository/Create Pop-up Alert Page/Choose recipients modal window/filtered user selection' is clicked on

2024-02-08 12:06:11 - [TEST_STEP][PASSED] - click(findTestObject("Wallpapers/Done")): Object: 'Object Repository/Wallpapers/Done' is clicked on

2024-02-08 12:06:12 - [MESSAGE][PASSED] - Object: 'Object Repository/Wallpapers/Done' is clicked on

2024-02-08 12:06:12 - [TEST_STEP][PASSED] - setText(findTestObject("Create Pop-up Alert Page/Alert Title field"), "TC-26"): Text 'TC-26' is set on object 'Object Repository/Create Pop-up Alert Page/Alert Title field'

2024-02-08 12:06:13 - [MESSAGE][PASSED] - Text 'TC-26' is set on object 'Object Repository/Create Pop-up Alert Page/Alert Title field'

2024-02-08 12:06:13 - [TEST_STEP][PASSED] - setText(findTestObject("Survey/Q1 input"), "Are you satisfied with our services?"): Text 'Are you satisfied with our services?' is set on object 'Object Repository/Survey/Q1 input'

2024-02-08 12:06:14 - [MESSAGE][PASSED] - Text 'Are you satisfied with our services?' is set on object 'Object Repository/Survey/Q1 input'

2024-02-08 12:06:14 - [TEST_STEP][PASSED] - setText(findTestObject("Survey/Q1 Answer 1 input field"), "Yes"): Text 'Yes' is set on object 'Object Repository/Survey/Q1 Answer 1 input field'

2024-02-08 12:06:14 - [MESSAGE][PASSED] - Text 'Yes' is set on object 'Object Repository/Survey/Q1 Answer 1 input field'

2024-02-08 12:06:14 - [TEST_STEP][PASSED] - setText(findTestObject("Survey/Q1 answer 2 input field"), "No"): Text 'No' is set on object 'Object Repository/Survey/Q1 answer 2 input field'

2024-02-08 12:06:15 - [MESSAGE][PASSED] - Text 'No' is set on object 'Object Repository/Survey/Q1 answer 2 input field'

2024-02-08 12:06:15 - [TEST_STEP][PASSED] - click(findTestObject("Survey/Add question btn")): Object: 'Object Repository/Survey/Add question btn' is clicked on

2024-02-08 12:06:15 - [MESSAGE][PASSED] - Object: 'Object Repository/Survey/Add question btn' is clicked on

2024-02-08 12:06:15 - [TEST_STEP][PASSED] - setText(findTestObject("Survey/Q2 input"), "Where do you think we can improve our services?"): Text 'Where do you think we can improve our services?' is set on object 'Object Repository/Survey/Q2 input'

2024-02-08 12:06:17 - [MESSAGE][PASSED] - Text 'Where do you think we can improve our services?' is set on object 'Object Repository/Survey/Q2 input'

2024-02-08 12:06:17 - [TEST_STEP][PASSED] - click(findTestObject("Survey/choice options")): Object: 'Object Repository/Survey/choice options' is clicked on

2024-02-08 12:06:17 - [MESSAGE][PASSED] - Object: 'Object Repository/Survey/choice options' is clicked on

2024-02-08 12:06:17 - [TEST_STEP][PASSED] - click(findTestObject("Survey/Multiple choice")): Object: 'Object Repository/Survey/Multiple choice' is clicked on

2024-02-08 12:06:18 - [MESSAGE][PASSED] - Object: 'Object Repository/Survey/Multiple choice' is clicked on

2024-02-08 12:06:18 - [TEST_STEP][PASSED] - setText(findTestObject("Survey/Q2 answer 1 input field"), "Product Quality"): Text 'Product Quality' is set on object 'Object Repository/Survey/Q2 answer 1 input field'

2024-02-08 12:06:19 - [MESSAGE][PASSED] - Text 'Product Quality' is set on object 'Object Repository/Survey/Q2 answer 1 input field'

2024-02-08 12:06:19 - [TEST_STEP][PASSED] - setText(findTestObject("Survey/Q2 answer 2 input field"), "HotFix Delivery"): Text 'HotFix Delivery' is set on object 'Object Repository/Survey/Q2 answer 2 input field'

2024-02-08 12:06:20 - [MESSAGE][PASSED] - Text 'HotFix Delivery' is set on object 'Object Repository/Survey/Q2 answer 2 input field'

2024-02-08 12:06:20 - [TEST_STEP][PASSED] - click(findTestObject("Survey/Add option")): Object: 'Object Repository/Survey/Add option' is clicked on

2024-02-08 12:06:20 - [MESSAGE][PASSED] - Object: 'Object Repository/Survey/Add option' is clicked on

2024-02-08 12:06:20 - [TEST_STEP][PASSED] - setText(findTestObject("Survey/Q2 answer 3 input field"), "Response Time"): Text 'Response Time' is set on object 'Object Repository/Survey/Q2 answer 3 input field'

2024-02-08 12:06:21 - [MESSAGE][PASSED] - Text 'Response Time' is set on object 'Object Repository/Survey/Q2 answer 3 input field'

2024-02-08 12:06:21 - [TEST_STEP][PASSED] - scrollToElement(findTestObject("Survey/Send btn Survey"), 2): Scroll to object 'Object Repository/Survey/Send btn Survey' successfully

2024-02-08 12:06:21 - [MESSAGE][PASSED] - Scroll to object 'Object Repository/Survey/Send btn Survey' successfully

2024-02-08 12:06:21 - [TEST_STEP][PASSED] - click(findTestObject("Survey/Send btn Survey")): Object: 'Object Repository/Survey/Send btn Survey' is clicked on

2024-02-08 12:06:22 - [MESSAGE][PASSED] - Object: 'Object Repository/Survey/Send btn Survey' is clicked on

2024-02-08 12:06:22 - [TEST_STEP][PASSED] - setText(findTestObject("Pop-up Alerts page/Search by title field"), "TC-26"): Text 'TC-26' is set on object 'Object Repository/Pop-up Alerts page/Search by title field'

2024-02-08 12:06:24 - [MESSAGE][PASSED] - Text 'TC-26' is set on object 'Object Repository/Pop-up Alerts page/Search by title field'

2024-02-08 12:06:24 - [TEST_STEP][PASSED] - verifyElementText(findTestObject("Pop-up Alerts page/Filtered sent alert"), "TC-26"): Actual text and expected text of test object 'Object Repository/Pop-up Alerts page/Filtered sent alert' are matched.

2024-02-08 12:06:24 - [MESSAGE][PASSED] - Actual text and expected text of test object 'Object Repository/Pop-up Alerts page/Filtered sent alert' are matched.]]></system-out>
         <system-err><![CDATA[]]></system-err>
      </testcase>
      <testcase name="Test Cases/Surveys/Send Survey with intermediary step (TC-27)" time="41.216" classname="Test Cases/Surveys/Send Survey with intermediary step (TC-27)" status="PASSED">
         <system-out><![CDATA[2024-02-08 12:06:26 - [TEST_CASE][PASSED] - Test Cases/Surveys/Send Survey with intermediary step (TC-27): Test Cases/Surveys/Send Survey with intermediary step (TC-27)

2024-02-08 12:06:26 - [TEST_STEP][PASSED] - callTestCase(findTestCase("Login Test Cases/Login with Valid Credentials"), [:], STOP_ON_FAILURE): Call Test Case 'Test Cases/Login Test Cases/Login with Valid Credentials' successfully

2024-02-08 12:06:26 - [TEST_CASE][PASSED] - Test Cases/Login Test Cases/Login with Valid Credentials: Test Cases/Login Test Cases/Login with Valid Credentials

2024-02-08 12:06:26 - [TEST_STEP][PASSED] - openBrowser(""): Browser is opened with url: ''

2024-02-08 12:06:26 - [MESSAGE][WARNING] - A browser is already opened. Closing browser and opening a new one

2024-02-08 12:06:27 - [MESSAGE][INFO] - Starting 'Chrome' driver

2024-02-08 12:06:27 - [MESSAGE][INFO] - Action delay is set to 0 milliseconds

2024-02-08 12:06:27 - [MESSAGE][PASSED] - Browser is opened with url: ''

2024-02-08 12:06:27 - [TEST_STEP][PASSED] - navigateToUrl("https://dadebug.commclouds.com/Demo/admin/auth"): Navigate to 'https://dadebug.commclouds.com/Demo/admin/auth' successfully

2024-02-08 12:06:29 - [MESSAGE][PASSED] - Navigate to 'https://dadebug.commclouds.com/Demo/admin/auth' successfully

2024-02-08 12:06:29 - [TEST_STEP][PASSED] - waitForPageLoad(3): Wait for page load successfully

2024-02-08 12:06:29 - [MESSAGE][PASSED] - Wait for page load successfully

2024-02-08 12:06:29 - [TEST_STEP][PASSED] - maximizeWindow(): Current window maximized

2024-02-08 12:06:29 - [MESSAGE][PASSED] - Current window maximized

2024-02-08 12:06:29 - [TEST_STEP][PASSED] - verifyElementPresent(findTestObject("Login Page/DAlogo"), 2): Object 'Object Repository/Login Page/DAlogo' is present

2024-02-08 12:06:30 - [MESSAGE][PASSED] - Object 'Object Repository/Login Page/DAlogo' is present

2024-02-08 12:06:30 - [TEST_STEP][PASSED] - verifyElementPresent(findTestObject("Login Page/Version number"), 2): Object 'Object Repository/Login Page/Version number' is present

2024-02-08 12:06:30 - [MESSAGE][PASSED] - Object 'Object Repository/Login Page/Version number' is present

2024-02-08 12:06:30 - [TEST_STEP][PASSED] - verifyElementText(findTestObject("Login Page/Version number"), "Version: 11.4.0.1 (stage/11)"): Actual text and expected text of test object 'Object Repository/Login Page/Version number' are matched.

2024-02-08 12:06:31 - [MESSAGE][PASSED] - Actual text and expected text of test object 'Object Repository/Login Page/Version number' are matched.

2024-02-08 12:06:31 - [TEST_STEP][PASSED] - setText(findTestObject("Object Repository/Login Page/Login input field"), "Zoya"): Text 'Zoya' is set on object 'Object Repository/Login Page/Login input field'

2024-02-08 12:06:31 - [MESSAGE][PASSED] - Text 'Zoya' is set on object 'Object Repository/Login Page/Login input field'

2024-02-08 12:06:31 - [TEST_STEP][PASSED] - setEncryptedText(findTestObject("Object Repository/Login Page/Password input field"), "tzH6RvlfSTg="): Text ****** has been set on object 'Object Repository/Login Page/Password input field'

2024-02-08 12:06:32 - [MESSAGE][PASSED] - Text ****** has been set on object 'Object Repository/Login Page/Password input field'

2024-02-08 12:06:32 - [TEST_STEP][PASSED] - click(findTestObject("Object Repository/Login Page/button_Log in")): Object: 'Object Repository/Login Page/button_Log in' is clicked on

2024-02-08 12:06:32 - [MESSAGE][PASSED] - Object: 'Object Repository/Login Page/button_Log in' is clicked on

2024-02-08 12:06:32 - [TEST_STEP][PASSED] - delay(4): Delayed 4 second(s)

2024-02-08 12:06:36 - [MESSAGE][PASSED] - Delayed 4 second(s)

2024-02-08 12:06:36 - [TEST_STEP][PASSED] - verifyElementPresent(findTestObject("Object Repository/Login Page/h1_Dashboard"), 4): Object 'Object Repository/Login Page/h1_Dashboard' is present

2024-02-08 12:06:38 - [MESSAGE][PASSED] - Object 'Object Repository/Login Page/h1_Dashboard' is present

2024-02-08 12:06:38 - [MESSAGE][PASSED] - Call Test Case 'Test Cases/Login Test Cases/Login with Valid Credentials' successfully

2024-02-08 12:06:38 - [TEST_STEP][PASSED] - click(findTestObject("Dashboard Page/Compose alert button expansion")): Object: 'Object Repository/Dashboard Page/Compose alert button expansion' is clicked on

2024-02-08 12:06:39 - [MESSAGE][PASSED] - Object: 'Object Repository/Dashboard Page/Compose alert button expansion' is clicked on

2024-02-08 12:06:39 - [TEST_STEP][PASSED] - click(findTestObject("Dashboard Page/Survey-Quizz-Poll")): Object: 'Object Repository/Dashboard Page/Survey-Quizz-Poll' is clicked on

2024-02-08 12:06:39 - [MESSAGE][PASSED] - Object: 'Object Repository/Dashboard Page/Survey-Quizz-Poll' is clicked on

2024-02-08 12:06:39 - [TEST_STEP][PASSED] - check(findTestObject("Survey/Classic survey radio button")): Object 'Object Repository/Survey/Classic survey radio button' is checked

2024-02-08 12:06:43 - [MESSAGE][PASSED] - Object 'Object Repository/Survey/Classic survey radio button' is checked

2024-02-08 12:06:43 - [TEST_STEP][PASSED] - click(findTestObject("Survey/More btn")): Object: 'Object Repository/Survey/More btn' is clicked on

2024-02-08 12:06:44 - [MESSAGE][PASSED] - Object: 'Object Repository/Survey/More btn' is clicked on

2024-02-08 12:06:44 - [TEST_STEP][PASSED] - click(findTestObject("Create Pop-up Alert Page/Choose recipients modal window/Filter field")): Object: 'Object Repository/Create Pop-up Alert Page/Choose recipients modal window/Filter field' is clicked on

2024-02-08 12:06:45 - [MESSAGE][PASSED] - Object: 'Object Repository/Create Pop-up Alert Page/Choose recipients modal window/Filter field' is clicked on

2024-02-08 12:06:45 - [TEST_STEP][PASSED] - setText(findTestObject("Create Pop-up Alert Page/Choose recipients modal window/Filter field"), "LAPTOP-E6BU4LL9"): Text 'LAPTOP-E6BU4LL9' is set on object 'Object Repository/Create Pop-up Alert Page/Choose recipients modal window/Filter field'

2024-02-08 12:06:47 - [MESSAGE][PASSED] - Text 'LAPTOP-E6BU4LL9' is set on object 'Object Repository/Create Pop-up Alert Page/Choose recipients modal window/Filter field'

2024-02-08 12:06:47 - [TEST_STEP][PASSED] - verifyElementText(findTestObject("Create Pop-up Alert Page/Choose recipients modal window/All user list-filtered"), "LAPTOP-E6BU4LL9 "): Actual text and expected text of test object 'Object Repository/Create Pop-up Alert Page/Choose recipients modal window/All user list-filtered' are matched.

2024-02-08 12:06:49 - [MESSAGE][PASSED] - Actual text and expected text of test object 'Object Repository/Create Pop-up Alert Page/Choose recipients modal window/All user list-filtered' are matched.

2024-02-08 12:06:49 - [TEST_STEP][PASSED] - click(findTestObject("Create Pop-up Alert Page/Choose recipients modal window/filtered user selection")): Object: 'Object Repository/Create Pop-up Alert Page/Choose recipients modal window/filtered user selection' is clicked on

2024-02-08 12:06:49 - [MESSAGE][PASSED] - Object: 'Object Repository/Create Pop-up Alert Page/Choose recipients modal window/filtered user selection' is clicked on

2024-02-08 12:06:49 - [TEST_STEP][PASSED] - click(findTestObject("Wallpapers/Done")): Object: 'Object Repository/Wallpapers/Done' is clicked on

2024-02-08 12:06:50 - [MESSAGE][PASSED] - Object: 'Object Repository/Wallpapers/Done' is clicked on

2024-02-08 12:06:50 - [TEST_STEP][PASSED] - setText(findTestObject("Create Pop-up Alert Page/Alert Title field"), "TC-27"): Text 'TC-27' is set on object 'Object Repository/Create Pop-up Alert Page/Alert Title field'

2024-02-08 12:06:51 - [MESSAGE][PASSED] - Text 'TC-27' is set on object 'Object Repository/Create Pop-up Alert Page/Alert Title field'

2024-02-08 12:06:51 - [TEST_STEP][PASSED] - setText(findTestObject("Survey/Q1 input"), "Are you satisfied with our services?"): Text 'Are you satisfied with our services?' is set on object 'Object Repository/Survey/Q1 input'

2024-02-08 12:06:52 - [MESSAGE][PASSED] - Text 'Are you satisfied with our services?' is set on object 'Object Repository/Survey/Q1 input'

2024-02-08 12:06:52 - [TEST_STEP][PASSED] - setText(findTestObject("Survey/Q1 Answer 1 input field"), "Yes"): Text 'Yes' is set on object 'Object Repository/Survey/Q1 Answer 1 input field'

2024-02-08 12:06:52 - [MESSAGE][PASSED] - Text 'Yes' is set on object 'Object Repository/Survey/Q1 Answer 1 input field'

2024-02-08 12:06:52 - [TEST_STEP][PASSED] - setText(findTestObject("Survey/Q1 answer 2 input field"), "No"): Text 'No' is set on object 'Object Repository/Survey/Q1 answer 2 input field'

2024-02-08 12:06:53 - [MESSAGE][PASSED] - Text 'No' is set on object 'Object Repository/Survey/Q1 answer 2 input field'

2024-02-08 12:06:53 - [TEST_STEP][PASSED] - click(findTestObject("Survey/Add question btn")): Object: 'Object Repository/Survey/Add question btn' is clicked on

2024-02-08 12:06:53 - [MESSAGE][PASSED] - Object: 'Object Repository/Survey/Add question btn' is clicked on

2024-02-08 12:06:53 - [TEST_STEP][PASSED] - setText(findTestObject("Survey/Q2 input"), "Where do you think we can improve our services?"): Text 'Where do you think we can improve our services?' is set on object 'Object Repository/Survey/Q2 input'

2024-02-08 12:06:55 - [MESSAGE][PASSED] - Text 'Where do you think we can improve our services?' is set on object 'Object Repository/Survey/Q2 input'

2024-02-08 12:06:55 - [TEST_STEP][PASSED] - click(findTestObject("Survey/choice options")): Object: 'Object Repository/Survey/choice options' is clicked on

2024-02-08 12:06:55 - [MESSAGE][PASSED] - Object: 'Object Repository/Survey/choice options' is clicked on

2024-02-08 12:06:55 - [TEST_STEP][PASSED] - click(findTestObject("Survey/Multiple choice")): Object: 'Object Repository/Survey/Multiple choice' is clicked on

2024-02-08 12:06:56 - [MESSAGE][PASSED] - Object: 'Object Repository/Survey/Multiple choice' is clicked on

2024-02-08 12:06:56 - [TEST_STEP][PASSED] - setText(findTestObject("Survey/Q2 answer 1 input field"), "Product Quality"): Text 'Product Quality' is set on object 'Object Repository/Survey/Q2 answer 1 input field'

2024-02-08 12:06:57 - [MESSAGE][PASSED] - Text 'Product Quality' is set on object 'Object Repository/Survey/Q2 answer 1 input field'

2024-02-08 12:06:57 - [TEST_STEP][PASSED] - setText(findTestObject("Survey/Q2 answer 2 input field"), "HotFix Delivery"): Text 'HotFix Delivery' is set on object 'Object Repository/Survey/Q2 answer 2 input field'

2024-02-08 12:06:58 - [MESSAGE][PASSED] - Text 'HotFix Delivery' is set on object 'Object Repository/Survey/Q2 answer 2 input field'

2024-02-08 12:06:58 - [TEST_STEP][PASSED] - click(findTestObject("Survey/Add option")): Object: 'Object Repository/Survey/Add option' is clicked on

2024-02-08 12:06:58 - [MESSAGE][PASSED] - Object: 'Object Repository/Survey/Add option' is clicked on

2024-02-08 12:06:58 - [TEST_STEP][PASSED] - setText(findTestObject("Survey/Q2 answer 3 input field"), "Response Time"): Text 'Response Time' is set on object 'Object Repository/Survey/Q2 answer 3 input field'

2024-02-08 12:06:59 - [MESSAGE][PASSED] - Text 'Response Time' is set on object 'Object Repository/Survey/Q2 answer 3 input field'

2024-02-08 12:06:59 - [TEST_STEP][PASSED] - click(findTestObject("Survey/Add intermediary step btn")): Object: 'Object Repository/Survey/Add intermediary step btn' is clicked on

2024-02-08 12:06:59 - [MESSAGE][PASSED] - Object: 'Object Repository/Survey/Add intermediary step btn' is clicked on

2024-02-08 12:06:59 - [TEST_STEP][PASSED] - scrollToElement(findTestObject("Survey/Q3 intermediary step input"), 2): Scroll to object 'Object Repository/Survey/Q3 intermediary step input' successfully

2024-02-08 12:07:00 - [MESSAGE][PASSED] - Scroll to object 'Object Repository/Survey/Q3 intermediary step input' successfully

2024-02-08 12:07:00 - [TEST_STEP][PASSED] - setText(findTestObject("Survey/Q3 intermediary step input"), "Improvement"): Text 'Improvement' is set on object 'Object Repository/Survey/Q3 intermediary step input'

2024-02-08 12:07:01 - [MESSAGE][PASSED] - Text 'Improvement' is set on object 'Object Repository/Survey/Q3 intermediary step input'

2024-02-08 12:07:01 - [TEST_STEP][PASSED] - setText(findTestObject("Survey/Q3 intermediary input description"), "Please help us to improve our services"): Text 'Please help us to improve our services' is set on object 'Object Repository/Survey/Q3 intermediary input description'

2024-02-08 12:07:02 - [MESSAGE][PASSED] - Text 'Please help us to improve our services' is set on object 'Object Repository/Survey/Q3 intermediary input description'

2024-02-08 12:07:02 - [TEST_STEP][PASSED] - scrollToElement(findTestObject("Survey/Send btn Survey"), 2): Scroll to object 'Object Repository/Survey/Send btn Survey' successfully

2024-02-08 12:07:02 - [MESSAGE][PASSED] - Scroll to object 'Object Repository/Survey/Send btn Survey' successfully

2024-02-08 12:07:02 - [TEST_STEP][PASSED] - click(findTestObject("Survey/Send btn Survey")): Object: 'Object Repository/Survey/Send btn Survey' is clicked on

2024-02-08 12:07:02 - [MESSAGE][PASSED] - Object: 'Object Repository/Survey/Send btn Survey' is clicked on

2024-02-08 12:07:02 - [TEST_STEP][PASSED] - setText(findTestObject("Pop-up Alerts page/Search by title field"), "TC-27"): Text 'TC-27' is set on object 'Object Repository/Pop-up Alerts page/Search by title field'

2024-02-08 12:07:05 - [MESSAGE][PASSED] - Text 'TC-27' is set on object 'Object Repository/Pop-up Alerts page/Search by title field'

2024-02-08 12:07:05 - [TEST_STEP][PASSED] - verifyElementText(findTestObject("Pop-up Alerts page/Filtered sent alert"), "TC-27"): Actual text and expected text of test object 'Object Repository/Pop-up Alerts page/Filtered sent alert' are matched.

2024-02-08 12:07:05 - [MESSAGE][PASSED] - Actual text and expected text of test object 'Object Repository/Pop-up Alerts page/Filtered sent alert' are matched.]]></system-out>
         <system-err><![CDATA[]]></system-err>
      </testcase>
      <system-out><![CDATA[2024-02-08 12:05:33 - [TEST_SUITE][PASSED] - Surveys: Test Cases/Surveys/Send Survey with intermediary step (TC-27)]]></system-out>
      <system-err><![CDATA[]]></system-err>
   </testsuite>
</testsuites>
