<?xml version="1.0" encoding="UTF-8"?>
<testsuites name="Lockscreens" time="174.603" tests="6" failures="0" errors="0">
   <testsuite name="Lockscreens" tests="6" failures="0" errors="0" time="174.603" skipped="0" timestamp="2024-02-28 09:01:53" hostname="Home - LAPTOP-E6BU4LL9.Dlink" id="Test Suites/Lockscreens">
      <properties>
         <property name="deviceName" value=""/>
         <property name="devicePlatform" value=""/>
         <property name="logFolder" value="C:\\Users\\Home\\git\\Katalon\\Reports\\20240228_084904\\Lockscreens\\20240228_084913"/>
         <property name="logFiles" value="C:\\Users\\Home\\git\\Katalon\\Reports\\20240228_084904\\Lockscreens\\20240228_084913\\execution0.log"/>
         <property name="attachments" value="C:\\Users\\Home\\git\\Katalon\\Reports\\20240228_084904\\Lockscreens\\20240228_084913\\1709100158242.png, C:\\Users\\Home\\git\\Katalon\\Reports\\20240228_084904\\Lockscreens\\20240228_084913\\1709100280668.png"/>
         <property name="hostName" value="Home - LAPTOP-E6BU4LL9.Dlink"/>
         <property name="os" value="Windows 11 64bit"/>
         <property name="katalonVersion" value="9.0.0.212"/>
         <property name="browser" value="Chrome 121.0.0.0"/>
         <property name="hostAddress" value="192.168.1.100"/>
         <property name="sessionId" value="55b5cd8ede3748524ad42e9753d905b5"/>
         <property name="seleniumVersion" value="3.141.59"/>
         <property name="proxyInformation" value="ProxyInformation { proxyOption=NO_PROXY, proxyServerType=HTTP, username=, password=********, proxyServerAddress=, proxyServerPort=0, executionList=&quot;&quot;, isApplyToDesiredCapabilities=true }"/>
         <property name="platform" value="Windows 11"/>
      </properties>
      <testcase name="Test Cases/Login Test Cases/Login with Valid Credentials" time="13.087" classname="Test Cases/Login Test Cases/Login with Valid Credentials" status="PASSED">
         <system-out><![CDATA[2024-02-28 09:01:53 - [TEST_CASE][PASSED] - Test Cases/Login Test Cases/Login with Valid Credentials: Test Cases/Login Test Cases/Login with Valid Credentials

2024-02-28 09:01:53 - [TEST_STEP][PASSED] - openBrowser(""): Browser is opened with url: ''

2024-02-28 09:01:54 - [MESSAGE][INFO] - Starting 'Chrome' driver

2024-02-28 09:01:54 - [MESSAGE][INFO] - Action delay is set to 0 milliseconds

2024-02-28 09:01:55 - [MESSAGE][PASSED] - Browser is opened with url: ''

2024-02-28 09:01:55 - [TEST_STEP][PASSED] - navigateToUrl("https://dadebug.commclouds.com/Demo/admin/auth"): Navigate to 'https://dadebug.commclouds.com/Demo/admin/auth' successfully

2024-02-28 09:01:56 - [MESSAGE][PASSED] - Navigate to 'https://dadebug.commclouds.com/Demo/admin/auth' successfully

2024-02-28 09:01:56 - [TEST_STEP][PASSED] - waitForPageLoad(3): Wait for page load successfully

2024-02-28 09:01:56 - [MESSAGE][PASSED] - Wait for page load successfully

2024-02-28 09:01:56 - [TEST_STEP][PASSED] - maximizeWindow(): Current window maximized

2024-02-28 09:01:57 - [MESSAGE][PASSED] - Current window maximized

2024-02-28 09:01:57 - [TEST_STEP][PASSED] - verifyElementPresent(findTestObject("Login Page/DAlogo"), 2): Object 'Object Repository/Login Page/DAlogo' is present

2024-02-28 09:01:57 - [MESSAGE][PASSED] - Object 'Object Repository/Login Page/DAlogo' is present

2024-02-28 09:01:57 - [TEST_STEP][PASSED] - verifyElementPresent(findTestObject("Login Page/Version number"), 2): Object 'Object Repository/Login Page/Version number' is present

2024-02-28 09:01:58 - [MESSAGE][PASSED] - Object 'Object Repository/Login Page/Version number' is present

2024-02-28 09:01:58 - [TEST_STEP][PASSED] - verifyElementText(findTestObject("Login Page/Version number"), "Version: 11.4.0.1 (stage/11)"): Actual text and expected text of test object 'Object Repository/Login Page/Version number' are matched.

2024-02-28 09:01:58 - [MESSAGE][PASSED] - Actual text and expected text of test object 'Object Repository/Login Page/Version number' are matched.

2024-02-28 09:01:58 - [TEST_STEP][PASSED] - setText(findTestObject("Object Repository/Login Page/Login input field"), "Zoya"): Text 'Zoya' is set on object 'Object Repository/Login Page/Login input field'

2024-02-28 09:01:59 - [MESSAGE][PASSED] - Text 'Zoya' is set on object 'Object Repository/Login Page/Login input field'

2024-02-28 09:01:59 - [TEST_STEP][PASSED] - setEncryptedText(findTestObject("Object Repository/Login Page/Password input field"), "tzH6RvlfSTg="): Text ****** has been set on object 'Object Repository/Login Page/Password input field'

2024-02-28 09:01:59 - [MESSAGE][PASSED] - Text ****** has been set on object 'Object Repository/Login Page/Password input field'

2024-02-28 09:01:59 - [TEST_STEP][PASSED] - click(findTestObject("Object Repository/Login Page/button_Log in")): Object: 'Object Repository/Login Page/button_Log in' is clicked on

2024-02-28 09:01:59 - [MESSAGE][PASSED] - Object: 'Object Repository/Login Page/button_Log in' is clicked on

2024-02-28 09:01:59 - [TEST_STEP][PASSED] - delay(4): Delayed 4 second(s)

2024-02-28 09:02:03 - [MESSAGE][PASSED] - Delayed 4 second(s)

2024-02-28 09:02:03 - [TEST_STEP][PASSED] - verifyElementPresent(findTestObject("Object Repository/Login Page/h1_Dashboard"), 4): Object 'Object Repository/Login Page/h1_Dashboard' is present

2024-02-28 09:02:04 - [MESSAGE][PASSED] - Object 'Object Repository/Login Page/h1_Dashboard' is present]]></system-out>
         <system-err><![CDATA[]]></system-err>
      </testcase>
      <testcase name="Test Cases/Lockscreens/Send Lockscreen JPG (TC-20)" time="48.671" classname="Test Cases/Lockscreens/Send Lockscreen JPG (TC-20)" status="PASSED">
         <system-out><![CDATA[2024-02-28 09:02:06 - [TEST_CASE][PASSED] - Test Cases/Lockscreens/Send Lockscreen JPG (TC-20): Test Cases/Lockscreens/Send Lockscreen JPG (TC-20)

2024-02-28 09:02:06 - [TEST_STEP][PASSED] - click(findTestObject("Dashboard Page/Compose alert button expansion")): Object: 'Object Repository/Dashboard Page/Compose alert button expansion' is clicked on

2024-02-28 09:02:06 - [MESSAGE][PASSED] - Object: 'Object Repository/Dashboard Page/Compose alert button expansion' is clicked on

2024-02-28 09:02:06 - [TEST_STEP][PASSED] - click(findTestObject("Dashboard Page/Lockscreens")): Object: 'Object Repository/Dashboard Page/Lockscreens' is clicked on

2024-02-28 09:02:07 - [MESSAGE][PASSED] - Object: 'Object Repository/Dashboard Page/Lockscreens' is clicked on

2024-02-28 09:02:07 - [TEST_STEP][PASSED] - verifyElementText(findTestObject("Lockscreen/Create Lockscreen header"), "Create Lockscreen"): Actual text and expected text of test object 'Object Repository/Lockscreen/Create Lockscreen header' are matched.

2024-02-28 09:02:08 - [MESSAGE][PASSED] - Actual text and expected text of test object 'Object Repository/Lockscreen/Create Lockscreen header' are matched.

2024-02-28 09:02:08 - [TEST_STEP][PASSED] - click(findTestObject("Wallpapers/more")): Object: 'Object Repository/Wallpapers/more' is clicked on

2024-02-28 09:02:08 - [MESSAGE][PASSED] - Object: 'Object Repository/Wallpapers/more' is clicked on

2024-02-28 09:02:08 - [TEST_STEP][PASSED] - callTestCase(findTestCase("Built-in test cases/Choose recipients"), [:], STOP_ON_FAILURE): Call Test Case 'Test Cases/Built-in test cases/Choose recipients' successfully

2024-02-28 09:02:08 - [TEST_CASE][PASSED] - Test Cases/Built-in test cases/Choose recipients: Test Cases/Built-in test cases/Choose recipients

2024-02-28 09:02:09 - [TEST_STEP][PASSED] - click(findTestObject("Create Pop-up Alert Page/Choose recipients modal window/Filter field")): Object: 'Object Repository/Create Pop-up Alert Page/Choose recipients modal window/Filter field' is clicked on

2024-02-28 09:02:09 - [MESSAGE][PASSED] - Object: 'Object Repository/Create Pop-up Alert Page/Choose recipients modal window/Filter field' is clicked on

2024-02-28 09:02:09 - [TEST_STEP][PASSED] - setText(findTestObject("Create Pop-up Alert Page/Choose recipients modal window/Filter field"), "LAPTOP-E6BU4LL9"): Text 'LAPTOP-E6BU4LL9' is set on object 'Object Repository/Create Pop-up Alert Page/Choose recipients modal window/Filter field'

2024-02-28 09:02:10 - [MESSAGE][PASSED] - Text 'LAPTOP-E6BU4LL9' is set on object 'Object Repository/Create Pop-up Alert Page/Choose recipients modal window/Filter field'

2024-02-28 09:02:10 - [TEST_STEP][PASSED] - verifyElementText(findTestObject("Create Pop-up Alert Page/Choose recipients modal window/All user list-filtered"), "LAPTOP-E6BU4LL9 "): Actual text and expected text of test object 'Object Repository/Create Pop-up Alert Page/Choose recipients modal window/All user list-filtered' are matched.

2024-02-28 09:02:12 - [MESSAGE][PASSED] - Actual text and expected text of test object 'Object Repository/Create Pop-up Alert Page/Choose recipients modal window/All user list-filtered' are matched.

2024-02-28 09:02:12 - [TEST_STEP][PASSED] - click(findTestObject("Create Pop-up Alert Page/Choose recipients modal window/filtered user selection")): Object: 'Object Repository/Create Pop-up Alert Page/Choose recipients modal window/filtered user selection' is clicked on

2024-02-28 09:02:12 - [MESSAGE][PASSED] - Object: 'Object Repository/Create Pop-up Alert Page/Choose recipients modal window/filtered user selection' is clicked on

2024-02-28 09:02:12 - [TEST_STEP][PASSED] - click(findTestObject("Create Pop-up Alert Page/Choose recipients modal window/Filter field")): Object: 'Object Repository/Create Pop-up Alert Page/Choose recipients modal window/Filter field' is clicked on

2024-02-28 09:02:13 - [MESSAGE][PASSED] - Object: 'Object Repository/Create Pop-up Alert Page/Choose recipients modal window/Filter field' is clicked on

2024-02-28 09:02:13 - [TEST_STEP][PASSED] - sendKeys(findTestObject("Create Pop-up Alert Page/Choose recipients modal window/Filter field"), Keys.chord(CONTROL, "a", BACK_SPACE)): Keys 'CONTROL + BACK_SPACE + a' sent to object: 'Object Repository/Create Pop-up Alert Page/Choose recipients modal window/Filter field'

2024-02-28 09:02:13 - [MESSAGE][PASSED] - Keys 'CONTROL + BACK_SPACE + a' sent to object: 'Object Repository/Create Pop-up Alert Page/Choose recipients modal window/Filter field'

2024-02-28 09:02:13 - [TEST_STEP][PASSED] - setText(findTestObject("Create Pop-up Alert Page/Choose recipients modal window/Filter field"), "DESKTOP-9UH6GK7"): Text 'DESKTOP-9UH6GK7' is set on object 'Object Repository/Create Pop-up Alert Page/Choose recipients modal window/Filter field'

2024-02-28 09:02:14 - [MESSAGE][PASSED] - Text 'DESKTOP-9UH6GK7' is set on object 'Object Repository/Create Pop-up Alert Page/Choose recipients modal window/Filter field'

2024-02-28 09:02:14 - [TEST_STEP][PASSED] - verifyElementText(findTestObject("Create Pop-up Alert Page/Choose recipients modal window/All user list-filtered"), "DESKTOP-9UH6GK7 "): Actual text and expected text of test object 'Object Repository/Create Pop-up Alert Page/Choose recipients modal window/All user list-filtered' are matched.

2024-02-28 09:02:15 - [MESSAGE][PASSED] - Actual text and expected text of test object 'Object Repository/Create Pop-up Alert Page/Choose recipients modal window/All user list-filtered' are matched.

2024-02-28 09:02:15 - [TEST_STEP][PASSED] - click(findTestObject("Create Pop-up Alert Page/Choose recipients modal window/filtered user selection")): Object: 'Object Repository/Create Pop-up Alert Page/Choose recipients modal window/filtered user selection' is clicked on

2024-02-28 09:02:16 - [MESSAGE][PASSED] - Object: 'Object Repository/Create Pop-up Alert Page/Choose recipients modal window/filtered user selection' is clicked on

2024-02-28 09:02:16 - [TEST_STEP][PASSED] - click(findTestObject("Wallpapers/Done")): Object: 'Object Repository/Wallpapers/Done' is clicked on

2024-02-28 09:02:16 - [MESSAGE][PASSED] - Object: 'Object Repository/Wallpapers/Done' is clicked on

2024-02-28 09:02:16 - [MESSAGE][PASSED] - Call Test Case 'Test Cases/Built-in test cases/Choose recipients' successfully

2024-02-28 09:02:16 - [TEST_STEP][PASSED] - setText(findTestObject("Create Pop-up Alert Page/Alert Title field"), "TC-20"): Text 'TC-20' is set on object 'Object Repository/Create Pop-up Alert Page/Alert Title field'

2024-02-28 09:02:17 - [MESSAGE][PASSED] - Text 'TC-20' is set on object 'Object Repository/Create Pop-up Alert Page/Alert Title field'

2024-02-28 09:02:17 - [TEST_STEP][PASSED] - verifyElementPresent(findTestObject("Wallpapers/Upload wallpaper area"), 2): Object 'Object Repository/Wallpapers/Upload wallpaper area' is present

2024-02-28 09:02:17 - [MESSAGE][PASSED] - Object 'Object Repository/Wallpapers/Upload wallpaper area' is present

2024-02-28 09:02:17 - [TEST_STEP][PASSED] - uploadFileWithDragAndDrop(findTestObject("Wallpapers/Upload wallpaper area"), "C:\Users\Home\git\Katalon\Imagesfortest\river.jpg"): null

2024-02-28 09:02:18 - [TEST_STEP][PASSED] - delay(10): Delayed 10 second(s)

2024-02-28 09:02:28 - [MESSAGE][PASSED] - Delayed 10 second(s)

2024-02-28 09:02:28 - [TEST_STEP][PASSED] - getAttribute(findTestObject("Wallpapers/uploaded wallpaper file"), "src"): Attribute 'src' of object 'Object Repository/Wallpapers/uploaded wallpaper file' is: 'https://dadebug.commclouds.com/Demo/admin/upload/river-81237.jpg'

2024-02-28 09:02:28 - [MESSAGE][PASSED] - Attribute 'src' of object 'Object Repository/Wallpapers/uploaded wallpaper file' is: 'https://dadebug.commclouds.com/Demo/admin/upload/river-81237.jpg'

2024-02-28 09:02:28 - [TEST_STEP][PASSED] - click(findTestObject("Wallpapers/Send wallpaper button")): Object: 'Object Repository/Wallpapers/Send wallpaper button' is clicked on

2024-02-28 09:02:29 - [MESSAGE][PASSED] - Object: 'Object Repository/Wallpapers/Send wallpaper button' is clicked on

2024-02-28 09:02:29 - [TEST_STEP][PASSED] - waitForPageLoad(2): Wait for page load successfully

2024-02-28 09:02:29 - [MESSAGE][PASSED] - Wait for page load successfully

2024-02-28 09:02:29 - [TEST_STEP][PASSED] - setText(findTestObject("Pop-up Alerts page/Search by title field"), "TC-20"): Text 'TC-20' is set on object 'Object Repository/Pop-up Alerts page/Search by title field'

2024-02-28 09:02:31 - [MESSAGE][PASSED] - Text 'TC-20' is set on object 'Object Repository/Pop-up Alerts page/Search by title field'

2024-02-28 09:02:31 - [TEST_STEP][PASSED] - verifyElementText(findTestObject("Pop-up Alerts page/Filtered sent alert"), "TC-20"): Actual text and expected text of test object 'Object Repository/Pop-up Alerts page/Filtered sent alert' are matched.

2024-02-28 09:02:31 - [MESSAGE][PASSED] - Actual text and expected text of test object 'Object Repository/Pop-up Alerts page/Filtered sent alert' are matched.

2024-02-28 09:02:31 - [TEST_STEP][PASSED] - callTestCase(findTestCase("Built-in test cases/Actions menu Wallpapers-Lockscreens-Screensaver"), [:], STOP_ON_FAILURE): Call Test Case 'Test Cases/Built-in test cases/Actions menu Wallpapers-Lockscreens-Screensaver' successfully

2024-02-28 09:02:31 - [TEST_CASE][PASSED] - Test Cases/Built-in test cases/Actions menu Wallpapers-Lockscreens-Screensaver: Test Cases/Built-in test cases/Actions menu Wallpapers-Lockscreens-Screensaver

2024-02-28 09:02:31 - [TEST_STEP][PASSED] - click(findTestObject("Survey/3dots Actions")): Object: 'Object Repository/Survey/3dots Actions' is clicked on

2024-02-28 09:02:33 - [MESSAGE][PASSED] - Object: 'Object Repository/Survey/3dots Actions' is clicked on

2024-02-28 09:02:33 - [TEST_STEP][PASSED] - click(findTestObject("Wallpaper actions menu/Stop-start wallpaper")): Object: 'Object Repository/Wallpaper actions menu/Stop-start wallpaper' is clicked on

2024-02-28 09:02:33 - [MESSAGE][PASSED] - Object: 'Object Repository/Wallpaper actions menu/Stop-start wallpaper' is clicked on

2024-02-28 09:02:33 - [TEST_STEP][PASSED] - verifyElementPresent(findTestObject("Pop-up Alerts page/Stopped status"), 2): Object 'Object Repository/Pop-up Alerts page/Stopped status' is present

2024-02-28 09:02:34 - [MESSAGE][PASSED] - Object 'Object Repository/Pop-up Alerts page/Stopped status' is present

2024-02-28 09:02:34 - [TEST_STEP][PASSED] - click(findTestObject("Survey/3dots Actions")): Object: 'Object Repository/Survey/3dots Actions' is clicked on

2024-02-28 09:02:35 - [MESSAGE][PASSED] - Object: 'Object Repository/Survey/3dots Actions' is clicked on

2024-02-28 09:02:35 - [TEST_STEP][PASSED] - click(findTestObject("Wallpaper actions menu/Stop-start wallpaper")): Object: 'Object Repository/Wallpaper actions menu/Stop-start wallpaper' is clicked on

2024-02-28 09:02:36 - [MESSAGE][PASSED] - Object: 'Object Repository/Wallpaper actions menu/Stop-start wallpaper' is clicked on

2024-02-28 09:02:36 - [TEST_STEP][PASSED] - verifyElementPresent(findTestObject("Pop-up Alerts page/Disributing status"), 2): Object 'Object Repository/Pop-up Alerts page/Disributing status' is present

2024-02-28 09:02:37 - [MESSAGE][PASSED] - Object 'Object Repository/Pop-up Alerts page/Disributing status' is present

2024-02-28 09:02:37 - [TEST_STEP][PASSED] - click(findTestObject("Survey/3dots Actions")): Object: 'Object Repository/Survey/3dots Actions' is clicked on

2024-02-28 09:02:37 - [MESSAGE][PASSED] - Object: 'Object Repository/Survey/3dots Actions' is clicked on

2024-02-28 09:02:37 - [TEST_STEP][PASSED] - click(findTestObject("Wallpaper actions menu/Preview wallpaper")): Object: 'Object Repository/Wallpaper actions menu/Preview wallpaper' is clicked on

2024-02-28 09:02:37 - [MESSAGE][PASSED] - Object: 'Object Repository/Wallpaper actions menu/Preview wallpaper' is clicked on

2024-02-28 09:02:37 - [TEST_STEP][PASSED] - switchToWindowIndex(1): Switched to window with index: '1'

2024-02-28 09:02:38 - [MESSAGE][PASSED] - Switched to window with index: '1'

2024-02-28 09:02:38 - [TEST_STEP][PASSED] - takeFullPageScreenshot([]): Taking screenshot successfully

2024-02-28 09:02:38 - [MESSAGE][INFO] - 0 hidden object(s)

2024-02-28 09:02:39 - [MESSAGE][INFO] - 0 hidden object(s)

2024-02-28 09:02:39 - [MESSAGE][PASSED] - Taking screenshot successfully
[[ATTACHMENT|C:\\Users\\Home\\git\\Katalon\\Reports\\20240228_084904\\Lockscreens\\20240228_084913\\1709100158242.png]]

2024-02-28 09:02:39 - [TEST_STEP][PASSED] - closeWindowIndex(1): Window with index 1 is closed

2024-02-28 09:02:39 - [MESSAGE][PASSED] - Window with index 1 is closed

2024-02-28 09:02:39 - [TEST_STEP][PASSED] - switchToDefaultContent(): null

2024-02-28 09:02:39 - [TEST_STEP][PASSED] - click(findTestObject("Survey/3dots Actions")): Object: 'Object Repository/Survey/3dots Actions' is clicked on

2024-02-28 09:02:40 - [MESSAGE][PASSED] - Object: 'Object Repository/Survey/3dots Actions' is clicked on

2024-02-28 09:02:40 - [TEST_STEP][PASSED] - click(findTestObject("Wallpaper actions menu/Duplicate wallpaper")): Object: 'Object Repository/Wallpaper actions menu/Duplicate wallpaper' is clicked on

2024-02-28 09:02:41 - [MESSAGE][PASSED] - Object: 'Object Repository/Wallpaper actions menu/Duplicate wallpaper' is clicked on

2024-02-28 09:02:41 - [MESSAGE][PASSED] - Call Test Case 'Test Cases/Built-in test cases/Actions menu Wallpapers-Lockscreens-Screensaver' successfully

2024-02-28 09:02:41 - [TEST_STEP][PASSED] - sendKeys(findTestObject("Create Pop-up Alert Page/Alert Title field"), Keys.chord(CONTROL, "a", BACK_SPACE)): Keys 'CONTROL + BACK_SPACE + a' sent to object: 'Object Repository/Create Pop-up Alert Page/Alert Title field'

2024-02-28 09:02:41 - [MESSAGE][PASSED] - Keys 'CONTROL + BACK_SPACE + a' sent to object: 'Object Repository/Create Pop-up Alert Page/Alert Title field'

2024-02-28 09:02:41 - [TEST_STEP][PASSED] - setText(findTestObject("Create Pop-up Alert Page/Alert Title field"), "Duplicate Lockscreen"): Text 'Duplicate Lockscreen' is set on object 'Object Repository/Create Pop-up Alert Page/Alert Title field'

2024-02-28 09:02:42 - [MESSAGE][PASSED] - Text 'Duplicate Lockscreen' is set on object 'Object Repository/Create Pop-up Alert Page/Alert Title field'

2024-02-28 09:02:42 - [TEST_STEP][PASSED] - click(findTestObject("Wallpapers/Send wallpaper button")): Object: 'Object Repository/Wallpapers/Send wallpaper button' is clicked on

2024-02-28 09:02:43 - [MESSAGE][PASSED] - Object: 'Object Repository/Wallpapers/Send wallpaper button' is clicked on

2024-02-28 09:02:43 - [TEST_STEP][PASSED] - setText(findTestObject("Pop-up Alerts page/Search by title field"), "TC-20"): Text 'TC-20' is set on object 'Object Repository/Pop-up Alerts page/Search by title field'

2024-02-28 09:02:45 - [MESSAGE][PASSED] - Text 'TC-20' is set on object 'Object Repository/Pop-up Alerts page/Search by title field'

2024-02-28 09:02:45 - [TEST_STEP][PASSED] - callTestCase(findTestCase("Built-in test cases/Select all and Delete"), [:], STOP_ON_FAILURE): Call Test Case 'Test Cases/Built-in test cases/Select all and Delete' successfully

2024-02-28 09:02:45 - [TEST_CASE][PASSED] - Test Cases/Built-in test cases/Select all and Delete: Test Cases/Built-in test cases/Select all and Delete

2024-02-28 09:02:45 - [TEST_STEP][PASSED] - verifyElementClickable(findTestObject("Pop-up Alerts page/Select all checkbox")): Object 'Object Repository/Pop-up Alerts page/Select all checkbox' is clickable

2024-02-28 09:02:45 - [MESSAGE][PASSED] - Object 'Object Repository/Pop-up Alerts page/Select all checkbox' is clickable

2024-02-28 09:02:45 - [TEST_STEP][PASSED] - check(findTestObject("Pop-up Alerts page/Select all checkbox")): Object 'Object Repository/Pop-up Alerts page/Select all checkbox' is checked

2024-02-28 09:02:46 - [MESSAGE][PASSED] - Object 'Object Repository/Pop-up Alerts page/Select all checkbox' is checked

2024-02-28 09:02:46 - [TEST_STEP][PASSED] - verifyElementChecked(findTestObject("Pop-up Alerts page/Select all checkbox"), 1): Object 'Object Repository/Pop-up Alerts page/Select all checkbox' is checked

2024-02-28 09:02:46 - [MESSAGE][PASSED] - Object 'Object Repository/Pop-up Alerts page/Select all checkbox' is checked

2024-02-28 09:02:46 - [TEST_STEP][PASSED] - click(findTestObject("Pop-up Alerts page/delete all")): Object: 'Object Repository/Pop-up Alerts page/delete all' is clicked on

2024-02-28 09:02:47 - [MESSAGE][PASSED] - Object: 'Object Repository/Pop-up Alerts page/delete all' is clicked on

2024-02-28 09:02:47 - [TEST_STEP][PASSED] - click(findTestObject("Pop-up Alerts page/Confirm deletion btn")): Object: 'Object Repository/Pop-up Alerts page/Confirm deletion btn' is clicked on

2024-02-28 09:02:48 - [MESSAGE][PASSED] - Object: 'Object Repository/Pop-up Alerts page/Confirm deletion btn' is clicked on

2024-02-28 09:02:48 - [MESSAGE][PASSED] - Call Test Case 'Test Cases/Built-in test cases/Select all and Delete' successfully

2024-02-28 09:02:48 - [TEST_STEP][PASSED] - setText(findTestObject("Pop-up Alerts page/Search by title field"), "Duplicate Lockscreen"): Text 'Duplicate Lockscreen' is set on object 'Object Repository/Pop-up Alerts page/Search by title field'

2024-02-28 09:02:49 - [MESSAGE][PASSED] - Text 'Duplicate Lockscreen' is set on object 'Object Repository/Pop-up Alerts page/Search by title field'

2024-02-28 09:02:49 - [TEST_STEP][PASSED] - waitForElementClickable(findTestObject("Create Pop-up Alert Page/sent alerts checkbox"), 2): Object 'Object Repository/Create Pop-up Alert Page/sent alerts checkbox' is clickable

2024-02-28 09:02:50 - [MESSAGE][PASSED] - Object 'Object Repository/Create Pop-up Alert Page/sent alerts checkbox' is clickable

2024-02-28 09:02:50 - [TEST_STEP][PASSED] - check(findTestObject("Create Pop-up Alert Page/sent alerts checkbox")): Object 'Object Repository/Create Pop-up Alert Page/sent alerts checkbox' is checked

2024-02-28 09:02:51 - [MESSAGE][PASSED] - Object 'Object Repository/Create Pop-up Alert Page/sent alerts checkbox' is checked

2024-02-28 09:02:51 - [TEST_STEP][PASSED] - verifyElementChecked(findTestObject("Create Pop-up Alert Page/sent alerts checkbox"), 2): Object 'Object Repository/Create Pop-up Alert Page/sent alerts checkbox' is checked

2024-02-28 09:02:51 - [MESSAGE][PASSED] - Object 'Object Repository/Create Pop-up Alert Page/sent alerts checkbox' is checked

2024-02-28 09:02:51 - [TEST_STEP][PASSED] - click(findTestObject("Pop-up Alerts page/delete all")): Object: 'Object Repository/Pop-up Alerts page/delete all' is clicked on

2024-02-28 09:02:52 - [MESSAGE][PASSED] - Object: 'Object Repository/Pop-up Alerts page/delete all' is clicked on

2024-02-28 09:02:52 - [TEST_STEP][PASSED] - click(findTestObject("Pop-up Alerts page/Confirm deletion btn")): Object: 'Object Repository/Pop-up Alerts page/Confirm deletion btn' is clicked on

2024-02-28 09:02:52 - [MESSAGE][PASSED] - Object: 'Object Repository/Pop-up Alerts page/Confirm deletion btn' is clicked on]]></system-out>
         <system-err><![CDATA[]]></system-err>
      </testcase>
      <testcase name="Test Cases/Lockscreens/Send Lockscreen PNG (TC-21)" time="26.387" classname="Test Cases/Lockscreens/Send Lockscreen PNG (TC-21)" status="PASSED">
         <system-out><![CDATA[2024-02-28 09:02:55 - [TEST_CASE][PASSED] - Test Cases/Lockscreens/Send Lockscreen PNG (TC-21): Test Cases/Lockscreens/Send Lockscreen PNG (TC-21)

2024-02-28 09:02:55 - [TEST_STEP][PASSED] - click(findTestObject("Dashboard Page/Compose alert button expansion")): Object: 'Object Repository/Dashboard Page/Compose alert button expansion' is clicked on

2024-02-28 09:02:55 - [MESSAGE][PASSED] - Object: 'Object Repository/Dashboard Page/Compose alert button expansion' is clicked on

2024-02-28 09:02:55 - [TEST_STEP][PASSED] - click(findTestObject("Dashboard Page/Lockscreens")): Object: 'Object Repository/Dashboard Page/Lockscreens' is clicked on

2024-02-28 09:02:56 - [MESSAGE][PASSED] - Object: 'Object Repository/Dashboard Page/Lockscreens' is clicked on

2024-02-28 09:02:56 - [TEST_STEP][PASSED] - verifyElementText(findTestObject("Lockscreen/Create Lockscreen header"), "Create Lockscreen"): Actual text and expected text of test object 'Object Repository/Lockscreen/Create Lockscreen header' are matched.

2024-02-28 09:02:56 - [MESSAGE][PASSED] - Actual text and expected text of test object 'Object Repository/Lockscreen/Create Lockscreen header' are matched.

2024-02-28 09:02:56 - [TEST_STEP][PASSED] - click(findTestObject("Wallpapers/more")): Object: 'Object Repository/Wallpapers/more' is clicked on

2024-02-28 09:02:57 - [MESSAGE][PASSED] - Object: 'Object Repository/Wallpapers/more' is clicked on

2024-02-28 09:02:57 - [TEST_STEP][PASSED] - callTestCase(findTestCase("Built-in test cases/Choose recipients"), [:], STOP_ON_FAILURE): Call Test Case 'Test Cases/Built-in test cases/Choose recipients' successfully

2024-02-28 09:02:57 - [TEST_CASE][PASSED] - Test Cases/Built-in test cases/Choose recipients: Test Cases/Built-in test cases/Choose recipients

2024-02-28 09:02:57 - [TEST_STEP][PASSED] - click(findTestObject("Create Pop-up Alert Page/Choose recipients modal window/Filter field")): Object: 'Object Repository/Create Pop-up Alert Page/Choose recipients modal window/Filter field' is clicked on

2024-02-28 09:02:57 - [MESSAGE][PASSED] - Object: 'Object Repository/Create Pop-up Alert Page/Choose recipients modal window/Filter field' is clicked on

2024-02-28 09:02:57 - [TEST_STEP][PASSED] - setText(findTestObject("Create Pop-up Alert Page/Choose recipients modal window/Filter field"), "LAPTOP-E6BU4LL9"): Text 'LAPTOP-E6BU4LL9' is set on object 'Object Repository/Create Pop-up Alert Page/Choose recipients modal window/Filter field'

2024-02-28 09:02:58 - [MESSAGE][PASSED] - Text 'LAPTOP-E6BU4LL9' is set on object 'Object Repository/Create Pop-up Alert Page/Choose recipients modal window/Filter field'

2024-02-28 09:02:58 - [TEST_STEP][PASSED] - verifyElementText(findTestObject("Create Pop-up Alert Page/Choose recipients modal window/All user list-filtered"), "LAPTOP-E6BU4LL9 "): Actual text and expected text of test object 'Object Repository/Create Pop-up Alert Page/Choose recipients modal window/All user list-filtered' are matched.

2024-02-28 09:03:00 - [MESSAGE][PASSED] - Actual text and expected text of test object 'Object Repository/Create Pop-up Alert Page/Choose recipients modal window/All user list-filtered' are matched.

2024-02-28 09:03:00 - [TEST_STEP][PASSED] - click(findTestObject("Create Pop-up Alert Page/Choose recipients modal window/filtered user selection")): Object: 'Object Repository/Create Pop-up Alert Page/Choose recipients modal window/filtered user selection' is clicked on

2024-02-28 09:03:00 - [MESSAGE][PASSED] - Object: 'Object Repository/Create Pop-up Alert Page/Choose recipients modal window/filtered user selection' is clicked on

2024-02-28 09:03:00 - [TEST_STEP][PASSED] - click(findTestObject("Create Pop-up Alert Page/Choose recipients modal window/Filter field")): Object: 'Object Repository/Create Pop-up Alert Page/Choose recipients modal window/Filter field' is clicked on

2024-02-28 09:03:01 - [MESSAGE][PASSED] - Object: 'Object Repository/Create Pop-up Alert Page/Choose recipients modal window/Filter field' is clicked on

2024-02-28 09:03:01 - [TEST_STEP][PASSED] - sendKeys(findTestObject("Create Pop-up Alert Page/Choose recipients modal window/Filter field"), Keys.chord(CONTROL, "a", BACK_SPACE)): Keys 'CONTROL + BACK_SPACE + a' sent to object: 'Object Repository/Create Pop-up Alert Page/Choose recipients modal window/Filter field'

2024-02-28 09:03:01 - [MESSAGE][PASSED] - Keys 'CONTROL + BACK_SPACE + a' sent to object: 'Object Repository/Create Pop-up Alert Page/Choose recipients modal window/Filter field'

2024-02-28 09:03:01 - [TEST_STEP][PASSED] - setText(findTestObject("Create Pop-up Alert Page/Choose recipients modal window/Filter field"), "DESKTOP-9UH6GK7"): Text 'DESKTOP-9UH6GK7' is set on object 'Object Repository/Create Pop-up Alert Page/Choose recipients modal window/Filter field'

2024-02-28 09:03:02 - [MESSAGE][PASSED] - Text 'DESKTOP-9UH6GK7' is set on object 'Object Repository/Create Pop-up Alert Page/Choose recipients modal window/Filter field'

2024-02-28 09:03:02 - [TEST_STEP][PASSED] - verifyElementText(findTestObject("Create Pop-up Alert Page/Choose recipients modal window/All user list-filtered"), "DESKTOP-9UH6GK7 "): Actual text and expected text of test object 'Object Repository/Create Pop-up Alert Page/Choose recipients modal window/All user list-filtered' are matched.

2024-02-28 09:03:04 - [MESSAGE][PASSED] - Actual text and expected text of test object 'Object Repository/Create Pop-up Alert Page/Choose recipients modal window/All user list-filtered' are matched.

2024-02-28 09:03:04 - [TEST_STEP][PASSED] - click(findTestObject("Create Pop-up Alert Page/Choose recipients modal window/filtered user selection")): Object: 'Object Repository/Create Pop-up Alert Page/Choose recipients modal window/filtered user selection' is clicked on

2024-02-28 09:03:04 - [MESSAGE][PASSED] - Object: 'Object Repository/Create Pop-up Alert Page/Choose recipients modal window/filtered user selection' is clicked on

2024-02-28 09:03:04 - [TEST_STEP][PASSED] - click(findTestObject("Wallpapers/Done")): Object: 'Object Repository/Wallpapers/Done' is clicked on

2024-02-28 09:03:05 - [MESSAGE][PASSED] - Object: 'Object Repository/Wallpapers/Done' is clicked on

2024-02-28 09:03:05 - [MESSAGE][PASSED] - Call Test Case 'Test Cases/Built-in test cases/Choose recipients' successfully

2024-02-28 09:03:05 - [TEST_STEP][PASSED] - setText(findTestObject("Create Pop-up Alert Page/Alert Title field"), "TC-21"): Text 'TC-21' is set on object 'Object Repository/Create Pop-up Alert Page/Alert Title field'

2024-02-28 09:03:06 - [MESSAGE][PASSED] - Text 'TC-21' is set on object 'Object Repository/Create Pop-up Alert Page/Alert Title field'

2024-02-28 09:03:06 - [TEST_STEP][PASSED] - verifyElementPresent(findTestObject("Wallpapers/Upload wallpaper area"), 2): Object 'Object Repository/Wallpapers/Upload wallpaper area' is present

2024-02-28 09:03:06 - [MESSAGE][PASSED] - Object 'Object Repository/Wallpapers/Upload wallpaper area' is present

2024-02-28 09:03:06 - [TEST_STEP][PASSED] - uploadFileWithDragAndDrop(findTestObject("Wallpapers/Upload wallpaper area"), "C:\Users\Home\git\Katalon\Imagesfortest\rocks.png"): null

2024-02-28 09:03:06 - [TEST_STEP][PASSED] - delay(10): Delayed 10 second(s)

2024-02-28 09:03:16 - [MESSAGE][PASSED] - Delayed 10 second(s)

2024-02-28 09:03:16 - [TEST_STEP][PASSED] - getAttribute(findTestObject("Wallpapers/uploaded wallpaper file"), "src"): Attribute 'src' of object 'Object Repository/Wallpapers/uploaded wallpaper file' is: 'https://dadebug.commclouds.com/Demo/admin/upload/rocks-97436.png'

2024-02-28 09:03:16 - [MESSAGE][PASSED] - Attribute 'src' of object 'Object Repository/Wallpapers/uploaded wallpaper file' is: 'https://dadebug.commclouds.com/Demo/admin/upload/rocks-97436.png'

2024-02-28 09:03:16 - [TEST_STEP][PASSED] - click(findTestObject("Wallpapers/Send wallpaper button")): Object: 'Object Repository/Wallpapers/Send wallpaper button' is clicked on

2024-02-28 09:03:17 - [MESSAGE][PASSED] - Object: 'Object Repository/Wallpapers/Send wallpaper button' is clicked on

2024-02-28 09:03:17 - [TEST_STEP][PASSED] - waitForPageLoad(2): Wait for page load successfully

2024-02-28 09:03:17 - [MESSAGE][PASSED] - Wait for page load successfully

2024-02-28 09:03:17 - [TEST_STEP][PASSED] - setText(findTestObject("Pop-up Alerts page/Search by title field"), "TC-21"): Text 'TC-21' is set on object 'Object Repository/Pop-up Alerts page/Search by title field'

2024-02-28 09:03:19 - [MESSAGE][PASSED] - Text 'TC-21' is set on object 'Object Repository/Pop-up Alerts page/Search by title field'

2024-02-28 09:03:19 - [TEST_STEP][PASSED] - verifyElementText(findTestObject("Pop-up Alerts page/Filtered sent alert"), "TC-21"): Actual text and expected text of test object 'Object Repository/Pop-up Alerts page/Filtered sent alert' are matched.

2024-02-28 09:03:19 - [MESSAGE][PASSED] - Actual text and expected text of test object 'Object Repository/Pop-up Alerts page/Filtered sent alert' are matched.]]></system-out>
         <system-err><![CDATA[]]></system-err>
      </testcase>
      <testcase name="Test Cases/Lockscreens/Send Lockscreen BMP (TC-22)" time="27.48" classname="Test Cases/Lockscreens/Send Lockscreen BMP (TC-22)" status="PASSED">
         <system-out><![CDATA[2024-02-28 09:03:21 - [TEST_CASE][PASSED] - Test Cases/Lockscreens/Send Lockscreen BMP (TC-22): Test Cases/Lockscreens/Send Lockscreen BMP (TC-22)

2024-02-28 09:03:21 - [TEST_STEP][PASSED] - click(findTestObject("Dashboard Page/Compose alert button expansion")): Object: 'Object Repository/Dashboard Page/Compose alert button expansion' is clicked on

2024-02-28 09:03:21 - [MESSAGE][PASSED] - Object: 'Object Repository/Dashboard Page/Compose alert button expansion' is clicked on

2024-02-28 09:03:21 - [TEST_STEP][PASSED] - click(findTestObject("Dashboard Page/Lockscreens")): Object: 'Object Repository/Dashboard Page/Lockscreens' is clicked on

2024-02-28 09:03:22 - [MESSAGE][PASSED] - Object: 'Object Repository/Dashboard Page/Lockscreens' is clicked on

2024-02-28 09:03:22 - [TEST_STEP][PASSED] - verifyElementText(findTestObject("Lockscreen/Create Lockscreen header"), "Create Lockscreen"): Actual text and expected text of test object 'Object Repository/Lockscreen/Create Lockscreen header' are matched.

2024-02-28 09:03:23 - [MESSAGE][PASSED] - Actual text and expected text of test object 'Object Repository/Lockscreen/Create Lockscreen header' are matched.

2024-02-28 09:03:23 - [TEST_STEP][PASSED] - click(findTestObject("Wallpapers/more")): Object: 'Object Repository/Wallpapers/more' is clicked on

2024-02-28 09:03:24 - [MESSAGE][PASSED] - Object: 'Object Repository/Wallpapers/more' is clicked on

2024-02-28 09:03:24 - [TEST_STEP][PASSED] - callTestCase(findTestCase("Built-in test cases/Choose recipients"), [:], STOP_ON_FAILURE): Call Test Case 'Test Cases/Built-in test cases/Choose recipients' successfully

2024-02-28 09:03:24 - [TEST_CASE][PASSED] - Test Cases/Built-in test cases/Choose recipients: Test Cases/Built-in test cases/Choose recipients

2024-02-28 09:03:24 - [TEST_STEP][PASSED] - click(findTestObject("Create Pop-up Alert Page/Choose recipients modal window/Filter field")): Object: 'Object Repository/Create Pop-up Alert Page/Choose recipients modal window/Filter field' is clicked on

2024-02-28 09:03:25 - [MESSAGE][PASSED] - Object: 'Object Repository/Create Pop-up Alert Page/Choose recipients modal window/Filter field' is clicked on

2024-02-28 09:03:25 - [TEST_STEP][PASSED] - setText(findTestObject("Create Pop-up Alert Page/Choose recipients modal window/Filter field"), "LAPTOP-E6BU4LL9"): Text 'LAPTOP-E6BU4LL9' is set on object 'Object Repository/Create Pop-up Alert Page/Choose recipients modal window/Filter field'

2024-02-28 09:03:26 - [MESSAGE][PASSED] - Text 'LAPTOP-E6BU4LL9' is set on object 'Object Repository/Create Pop-up Alert Page/Choose recipients modal window/Filter field'

2024-02-28 09:03:26 - [TEST_STEP][PASSED] - verifyElementText(findTestObject("Create Pop-up Alert Page/Choose recipients modal window/All user list-filtered"), "LAPTOP-E6BU4LL9 "): Actual text and expected text of test object 'Object Repository/Create Pop-up Alert Page/Choose recipients modal window/All user list-filtered' are matched.

2024-02-28 09:03:28 - [MESSAGE][PASSED] - Actual text and expected text of test object 'Object Repository/Create Pop-up Alert Page/Choose recipients modal window/All user list-filtered' are matched.

2024-02-28 09:03:28 - [TEST_STEP][PASSED] - click(findTestObject("Create Pop-up Alert Page/Choose recipients modal window/filtered user selection")): Object: 'Object Repository/Create Pop-up Alert Page/Choose recipients modal window/filtered user selection' is clicked on

2024-02-28 09:03:28 - [MESSAGE][PASSED] - Object: 'Object Repository/Create Pop-up Alert Page/Choose recipients modal window/filtered user selection' is clicked on

2024-02-28 09:03:28 - [TEST_STEP][PASSED] - click(findTestObject("Create Pop-up Alert Page/Choose recipients modal window/Filter field")): Object: 'Object Repository/Create Pop-up Alert Page/Choose recipients modal window/Filter field' is clicked on

2024-02-28 09:03:28 - [MESSAGE][PASSED] - Object: 'Object Repository/Create Pop-up Alert Page/Choose recipients modal window/Filter field' is clicked on

2024-02-28 09:03:28 - [TEST_STEP][PASSED] - sendKeys(findTestObject("Create Pop-up Alert Page/Choose recipients modal window/Filter field"), Keys.chord(CONTROL, "a", BACK_SPACE)): Keys 'CONTROL + BACK_SPACE + a' sent to object: 'Object Repository/Create Pop-up Alert Page/Choose recipients modal window/Filter field'

2024-02-28 09:03:29 - [MESSAGE][PASSED] - Keys 'CONTROL + BACK_SPACE + a' sent to object: 'Object Repository/Create Pop-up Alert Page/Choose recipients modal window/Filter field'

2024-02-28 09:03:29 - [TEST_STEP][PASSED] - setText(findTestObject("Create Pop-up Alert Page/Choose recipients modal window/Filter field"), "DESKTOP-9UH6GK7"): Text 'DESKTOP-9UH6GK7' is set on object 'Object Repository/Create Pop-up Alert Page/Choose recipients modal window/Filter field'

2024-02-28 09:03:30 - [MESSAGE][PASSED] - Text 'DESKTOP-9UH6GK7' is set on object 'Object Repository/Create Pop-up Alert Page/Choose recipients modal window/Filter field'

2024-02-28 09:03:30 - [TEST_STEP][PASSED] - verifyElementText(findTestObject("Create Pop-up Alert Page/Choose recipients modal window/All user list-filtered"), "DESKTOP-9UH6GK7 "): Actual text and expected text of test object 'Object Repository/Create Pop-up Alert Page/Choose recipients modal window/All user list-filtered' are matched.

2024-02-28 09:03:31 - [MESSAGE][PASSED] - Actual text and expected text of test object 'Object Repository/Create Pop-up Alert Page/Choose recipients modal window/All user list-filtered' are matched.

2024-02-28 09:03:31 - [TEST_STEP][PASSED] - click(findTestObject("Create Pop-up Alert Page/Choose recipients modal window/filtered user selection")): Object: 'Object Repository/Create Pop-up Alert Page/Choose recipients modal window/filtered user selection' is clicked on

2024-02-28 09:03:32 - [MESSAGE][PASSED] - Object: 'Object Repository/Create Pop-up Alert Page/Choose recipients modal window/filtered user selection' is clicked on

2024-02-28 09:03:32 - [TEST_STEP][PASSED] - click(findTestObject("Wallpapers/Done")): Object: 'Object Repository/Wallpapers/Done' is clicked on

2024-02-28 09:03:32 - [MESSAGE][PASSED] - Object: 'Object Repository/Wallpapers/Done' is clicked on

2024-02-28 09:03:32 - [MESSAGE][PASSED] - Call Test Case 'Test Cases/Built-in test cases/Choose recipients' successfully

2024-02-28 09:03:32 - [TEST_STEP][PASSED] - setText(findTestObject("Create Pop-up Alert Page/Alert Title field"), "TC-22"): Text 'TC-22' is set on object 'Object Repository/Create Pop-up Alert Page/Alert Title field'

2024-02-28 09:03:33 - [MESSAGE][PASSED] - Text 'TC-22' is set on object 'Object Repository/Create Pop-up Alert Page/Alert Title field'

2024-02-28 09:03:33 - [TEST_STEP][PASSED] - verifyElementPresent(findTestObject("Wallpapers/Upload wallpaper area"), 2): Object 'Object Repository/Wallpapers/Upload wallpaper area' is present

2024-02-28 09:03:33 - [MESSAGE][PASSED] - Object 'Object Repository/Wallpapers/Upload wallpaper area' is present

2024-02-28 09:03:33 - [TEST_STEP][PASSED] - uploadFileWithDragAndDrop(findTestObject("Wallpapers/Upload wallpaper area"), "C:\Users\Home\git\Katalon\Imagesfortest\future.bmp"): null

2024-02-28 09:03:34 - [TEST_STEP][PASSED] - delay(10): Delayed 10 second(s)

2024-02-28 09:03:44 - [MESSAGE][PASSED] - Delayed 10 second(s)

2024-02-28 09:03:44 - [TEST_STEP][PASSED] - getAttribute(findTestObject("Wallpapers/uploaded wallpaper file"), "src"): Attribute 'src' of object 'Object Repository/Wallpapers/uploaded wallpaper file' is: 'https://dadebug.commclouds.com/Demo/admin/upload/future-80564.bmp'

2024-02-28 09:03:44 - [MESSAGE][PASSED] - Attribute 'src' of object 'Object Repository/Wallpapers/uploaded wallpaper file' is: 'https://dadebug.commclouds.com/Demo/admin/upload/future-80564.bmp'

2024-02-28 09:03:44 - [TEST_STEP][PASSED] - click(findTestObject("Wallpapers/Send wallpaper button")): Object: 'Object Repository/Wallpapers/Send wallpaper button' is clicked on

2024-02-28 09:03:44 - [MESSAGE][PASSED] - Object: 'Object Repository/Wallpapers/Send wallpaper button' is clicked on

2024-02-28 09:03:44 - [TEST_STEP][PASSED] - waitForPageLoad(2): Wait for page load successfully

2024-02-28 09:03:44 - [MESSAGE][PASSED] - Wait for page load successfully

2024-02-28 09:03:44 - [TEST_STEP][PASSED] - setText(findTestObject("Pop-up Alerts page/Search by title field"), "TC-22"): Text 'TC-22' is set on object 'Object Repository/Pop-up Alerts page/Search by title field'

2024-02-28 09:03:46 - [MESSAGE][PASSED] - Text 'TC-22' is set on object 'Object Repository/Pop-up Alerts page/Search by title field'

2024-02-28 09:03:46 - [TEST_STEP][PASSED] - verifyElementText(findTestObject("Pop-up Alerts page/Filtered sent alert"), "TC-22"): Actual text and expected text of test object 'Object Repository/Pop-up Alerts page/Filtered sent alert' are matched.

2024-02-28 09:03:46 - [MESSAGE][PASSED] - Actual text and expected text of test object 'Object Repository/Pop-up Alerts page/Filtered sent alert' are matched.]]></system-out>
         <system-err><![CDATA[]]></system-err>
      </testcase>
      <testcase name="Test Cases/Lockscreens/Send Lockscreen with image from the server (TC-24)" time="23.774" classname="Test Cases/Lockscreens/Send Lockscreen with image from the server (TC-24)" status="PASSED">
         <system-out><![CDATA[2024-02-28 09:03:48 - [TEST_CASE][PASSED] - Test Cases/Lockscreens/Send Lockscreen with image from the server (TC-24): Test Cases/Lockscreens/Send Lockscreen with image from the server (TC-24)

2024-02-28 09:03:48 - [TEST_STEP][PASSED] - callTestCase(findTestCase("Login Test Cases/Login with Valid Credentials"), [:], STOP_ON_FAILURE): Call Test Case 'Test Cases/Login Test Cases/Login with Valid Credentials' successfully

2024-02-28 09:03:49 - [TEST_CASE][PASSED] - Test Cases/Login Test Cases/Login with Valid Credentials: Test Cases/Login Test Cases/Login with Valid Credentials

2024-02-28 09:03:49 - [TEST_STEP][PASSED] - openBrowser(""): Browser is opened with url: ''

2024-02-28 09:03:49 - [MESSAGE][WARNING] - A browser is already opened. Closing browser and opening a new one

2024-02-28 09:03:49 - [MESSAGE][INFO] - Starting 'Chrome' driver

2024-02-28 09:03:49 - [MESSAGE][INFO] - Action delay is set to 0 milliseconds

2024-02-28 09:03:49 - [MESSAGE][PASSED] - Browser is opened with url: ''

2024-02-28 09:03:49 - [TEST_STEP][PASSED] - navigateToUrl("https://dadebug.commclouds.com/Demo/admin/auth"): Navigate to 'https://dadebug.commclouds.com/Demo/admin/auth' successfully

2024-02-28 09:03:50 - [MESSAGE][PASSED] - Navigate to 'https://dadebug.commclouds.com/Demo/admin/auth' successfully

2024-02-28 09:03:50 - [TEST_STEP][PASSED] - waitForPageLoad(3): Wait for page load successfully

2024-02-28 09:03:50 - [MESSAGE][PASSED] - Wait for page load successfully

2024-02-28 09:03:50 - [TEST_STEP][PASSED] - maximizeWindow(): Current window maximized

2024-02-28 09:03:50 - [MESSAGE][PASSED] - Current window maximized

2024-02-28 09:03:50 - [TEST_STEP][PASSED] - verifyElementPresent(findTestObject("Login Page/DAlogo"), 2): Object 'Object Repository/Login Page/DAlogo' is present

2024-02-28 09:03:51 - [MESSAGE][PASSED] - Object 'Object Repository/Login Page/DAlogo' is present

2024-02-28 09:03:51 - [TEST_STEP][PASSED] - verifyElementPresent(findTestObject("Login Page/Version number"), 2): Object 'Object Repository/Login Page/Version number' is present

2024-02-28 09:03:52 - [MESSAGE][PASSED] - Object 'Object Repository/Login Page/Version number' is present

2024-02-28 09:03:52 - [TEST_STEP][PASSED] - verifyElementText(findTestObject("Login Page/Version number"), "Version: 11.4.0.1 (stage/11)"): Actual text and expected text of test object 'Object Repository/Login Page/Version number' are matched.

2024-02-28 09:03:52 - [MESSAGE][PASSED] - Actual text and expected text of test object 'Object Repository/Login Page/Version number' are matched.

2024-02-28 09:03:52 - [TEST_STEP][PASSED] - setText(findTestObject("Object Repository/Login Page/Login input field"), "Zoya"): Text 'Zoya' is set on object 'Object Repository/Login Page/Login input field'

2024-02-28 09:03:53 - [MESSAGE][PASSED] - Text 'Zoya' is set on object 'Object Repository/Login Page/Login input field'

2024-02-28 09:03:53 - [TEST_STEP][PASSED] - setEncryptedText(findTestObject("Object Repository/Login Page/Password input field"), "tzH6RvlfSTg="): Text ****** has been set on object 'Object Repository/Login Page/Password input field'

2024-02-28 09:03:53 - [MESSAGE][PASSED] - Text ****** has been set on object 'Object Repository/Login Page/Password input field'

2024-02-28 09:03:53 - [TEST_STEP][PASSED] - click(findTestObject("Object Repository/Login Page/button_Log in")): Object: 'Object Repository/Login Page/button_Log in' is clicked on

2024-02-28 09:03:53 - [MESSAGE][PASSED] - Object: 'Object Repository/Login Page/button_Log in' is clicked on

2024-02-28 09:03:53 - [TEST_STEP][PASSED] - delay(4): Delayed 4 second(s)

2024-02-28 09:03:57 - [MESSAGE][PASSED] - Delayed 4 second(s)

2024-02-28 09:03:57 - [TEST_STEP][PASSED] - verifyElementPresent(findTestObject("Object Repository/Login Page/h1_Dashboard"), 4): Object 'Object Repository/Login Page/h1_Dashboard' is present

2024-02-28 09:03:58 - [MESSAGE][PASSED] - Object 'Object Repository/Login Page/h1_Dashboard' is present

2024-02-28 09:03:58 - [MESSAGE][PASSED] - Call Test Case 'Test Cases/Login Test Cases/Login with Valid Credentials' successfully

2024-02-28 09:03:58 - [TEST_STEP][PASSED] - click(findTestObject("Dashboard Page/Compose alert button expansion")): Object: 'Object Repository/Dashboard Page/Compose alert button expansion' is clicked on

2024-02-28 09:03:58 - [MESSAGE][PASSED] - Object: 'Object Repository/Dashboard Page/Compose alert button expansion' is clicked on

2024-02-28 09:03:58 - [TEST_STEP][PASSED] - click(findTestObject("Dashboard Page/Lockscreens")): Object: 'Object Repository/Dashboard Page/Lockscreens' is clicked on

2024-02-28 09:03:58 - [MESSAGE][PASSED] - Object: 'Object Repository/Dashboard Page/Lockscreens' is clicked on

2024-02-28 09:03:58 - [TEST_STEP][PASSED] - verifyElementText(findTestObject("Lockscreen/Create Lockscreen header"), "Create Lockscreen"): Actual text and expected text of test object 'Object Repository/Lockscreen/Create Lockscreen header' are matched.

2024-02-28 09:03:59 - [MESSAGE][PASSED] - Actual text and expected text of test object 'Object Repository/Lockscreen/Create Lockscreen header' are matched.

2024-02-28 09:03:59 - [TEST_STEP][PASSED] - click(findTestObject("Wallpapers/more")): Object: 'Object Repository/Wallpapers/more' is clicked on

2024-02-28 09:04:00 - [MESSAGE][PASSED] - Object: 'Object Repository/Wallpapers/more' is clicked on

2024-02-28 09:04:00 - [TEST_STEP][PASSED] - click(findTestObject("Create Pop-up Alert Page/Choose recipients modal window/Filter field")): Object: 'Object Repository/Create Pop-up Alert Page/Choose recipients modal window/Filter field' is clicked on

2024-02-28 09:04:00 - [MESSAGE][PASSED] - Object: 'Object Repository/Create Pop-up Alert Page/Choose recipients modal window/Filter field' is clicked on

2024-02-28 09:04:00 - [TEST_STEP][PASSED] - setText(findTestObject("Create Pop-up Alert Page/Choose recipients modal window/Filter field"), "LAPTOP-E6BU4LL9"): Text 'LAPTOP-E6BU4LL9' is set on object 'Object Repository/Create Pop-up Alert Page/Choose recipients modal window/Filter field'

2024-02-28 09:04:02 - [MESSAGE][PASSED] - Text 'LAPTOP-E6BU4LL9' is set on object 'Object Repository/Create Pop-up Alert Page/Choose recipients modal window/Filter field'

2024-02-28 09:04:02 - [TEST_STEP][PASSED] - verifyElementText(findTestObject("Create Pop-up Alert Page/Choose recipients modal window/All user list-filtered"), "LAPTOP-E6BU4LL9 "): Actual text and expected text of test object 'Object Repository/Create Pop-up Alert Page/Choose recipients modal window/All user list-filtered' are matched.

2024-02-28 09:04:03 - [MESSAGE][PASSED] - Actual text and expected text of test object 'Object Repository/Create Pop-up Alert Page/Choose recipients modal window/All user list-filtered' are matched.

2024-02-28 09:04:03 - [TEST_STEP][PASSED] - click(findTestObject("Create Pop-up Alert Page/Choose recipients modal window/filtered user selection")): Object: 'Object Repository/Create Pop-up Alert Page/Choose recipients modal window/filtered user selection' is clicked on

2024-02-28 09:04:04 - [MESSAGE][PASSED] - Object: 'Object Repository/Create Pop-up Alert Page/Choose recipients modal window/filtered user selection' is clicked on

2024-02-28 09:04:04 - [TEST_STEP][PASSED] - click(findTestObject("Wallpapers/Done")): Object: 'Object Repository/Wallpapers/Done' is clicked on

2024-02-28 09:04:04 - [MESSAGE][PASSED] - Object: 'Object Repository/Wallpapers/Done' is clicked on

2024-02-28 09:04:04 - [TEST_STEP][PASSED] - setText(findTestObject("Create Pop-up Alert Page/Alert Title field"), "TC-24"): Text 'TC-24' is set on object 'Object Repository/Create Pop-up Alert Page/Alert Title field'

2024-02-28 09:04:05 - [MESSAGE][PASSED] - Text 'TC-24' is set on object 'Object Repository/Create Pop-up Alert Page/Alert Title field'

2024-02-28 09:04:05 - [TEST_STEP][PASSED] - verifyElementPresent(findTestObject("Wallpapers/Upload wallpaper area"), 2): Object 'Object Repository/Wallpapers/Upload wallpaper area' is present

2024-02-28 09:04:05 - [MESSAGE][PASSED] - Object 'Object Repository/Wallpapers/Upload wallpaper area' is present

2024-02-28 09:04:05 - [TEST_STEP][PASSED] - click(findTestObject("Wallpapers/Select image from server button")): Object: 'Object Repository/Wallpapers/Select image from server button' is clicked on

2024-02-28 09:04:06 - [MESSAGE][PASSED] - Object: 'Object Repository/Wallpapers/Select image from server button' is clicked on

2024-02-28 09:04:06 - [TEST_STEP][PASSED] - click(findTestObject("Wallpapers/first image on a server")): Object: 'Object Repository/Wallpapers/first image on a server' is clicked on

2024-02-28 09:04:07 - [MESSAGE][PASSED] - Object: 'Object Repository/Wallpapers/first image on a server' is clicked on

2024-02-28 09:04:07 - [TEST_STEP][PASSED] - verifyElementPresent(findTestObject("Wallpapers/uploaded wallpaper file"), 1): Object 'Object Repository/Wallpapers/uploaded wallpaper file' is present

2024-02-28 09:04:07 - [MESSAGE][PASSED] - Object 'Object Repository/Wallpapers/uploaded wallpaper file' is present

2024-02-28 09:04:07 - [TEST_STEP][PASSED] - click(findTestObject("Wallpapers/Send wallpaper button")): Object: 'Object Repository/Wallpapers/Send wallpaper button' is clicked on

2024-02-28 09:04:08 - [MESSAGE][PASSED] - Object: 'Object Repository/Wallpapers/Send wallpaper button' is clicked on

2024-02-28 09:04:08 - [TEST_STEP][PASSED] - waitForPageLoad(2): Wait for page load successfully

2024-02-28 09:04:08 - [MESSAGE][PASSED] - Wait for page load successfully

2024-02-28 09:04:08 - [TEST_STEP][PASSED] - setText(findTestObject("Pop-up Alerts page/Search by title field"), "TC-24"): Text 'TC-24' is set on object 'Object Repository/Pop-up Alerts page/Search by title field'

2024-02-28 09:04:10 - [MESSAGE][PASSED] - Text 'TC-24' is set on object 'Object Repository/Pop-up Alerts page/Search by title field'

2024-02-28 09:04:10 - [TEST_STEP][PASSED] - verifyElementText(findTestObject("Pop-up Alerts page/Filtered sent alert"), "TC-24"): Actual text and expected text of test object 'Object Repository/Pop-up Alerts page/Filtered sent alert' are matched.

2024-02-28 09:04:10 - [MESSAGE][PASSED] - Actual text and expected text of test object 'Object Repository/Pop-up Alerts page/Filtered sent alert' are matched.]]></system-out>
         <system-err><![CDATA[]]></system-err>
      </testcase>
      <testcase name="Test Cases/Lockscreens/Draft Lockscreen (TC-23)" time="34.985" classname="Test Cases/Lockscreens/Draft Lockscreen (TC-23)" status="PASSED">
         <system-out><![CDATA[2024-02-28 09:04:12 - [TEST_CASE][PASSED] - Test Cases/Lockscreens/Draft Lockscreen (TC-23): Test Cases/Lockscreens/Draft Lockscreen (TC-23)

2024-02-28 09:04:12 - [TEST_STEP][PASSED] - click(findTestObject("Dashboard Page/Compose alert button expansion")): Object: 'Object Repository/Dashboard Page/Compose alert button expansion' is clicked on

2024-02-28 09:04:13 - [MESSAGE][PASSED] - Object: 'Object Repository/Dashboard Page/Compose alert button expansion' is clicked on

2024-02-28 09:04:13 - [TEST_STEP][PASSED] - click(findTestObject("Dashboard Page/Lockscreens")): Object: 'Object Repository/Dashboard Page/Lockscreens' is clicked on

2024-02-28 09:04:13 - [MESSAGE][PASSED] - Object: 'Object Repository/Dashboard Page/Lockscreens' is clicked on

2024-02-28 09:04:13 - [TEST_STEP][PASSED] - verifyElementText(findTestObject("Lockscreen/Create Lockscreen header"), "Create Lockscreen"): Actual text and expected text of test object 'Object Repository/Lockscreen/Create Lockscreen header' are matched.

2024-02-28 09:04:15 - [MESSAGE][PASSED] - Actual text and expected text of test object 'Object Repository/Lockscreen/Create Lockscreen header' are matched.

2024-02-28 09:04:15 - [TEST_STEP][PASSED] - click(findTestObject("Wallpapers/more")): Object: 'Object Repository/Wallpapers/more' is clicked on

2024-02-28 09:04:15 - [MESSAGE][PASSED] - Object: 'Object Repository/Wallpapers/more' is clicked on

2024-02-28 09:04:15 - [TEST_STEP][PASSED] - callTestCase(findTestCase("Built-in test cases/Choose recipients"), [:], STOP_ON_FAILURE): Call Test Case 'Test Cases/Built-in test cases/Choose recipients' successfully

2024-02-28 09:04:15 - [TEST_CASE][PASSED] - Test Cases/Built-in test cases/Choose recipients: Test Cases/Built-in test cases/Choose recipients

2024-02-28 09:04:15 - [TEST_STEP][PASSED] - click(findTestObject("Create Pop-up Alert Page/Choose recipients modal window/Filter field")): Object: 'Object Repository/Create Pop-up Alert Page/Choose recipients modal window/Filter field' is clicked on

2024-02-28 09:04:16 - [MESSAGE][PASSED] - Object: 'Object Repository/Create Pop-up Alert Page/Choose recipients modal window/Filter field' is clicked on

2024-02-28 09:04:16 - [TEST_STEP][PASSED] - setText(findTestObject("Create Pop-up Alert Page/Choose recipients modal window/Filter field"), "LAPTOP-E6BU4LL9"): Text 'LAPTOP-E6BU4LL9' is set on object 'Object Repository/Create Pop-up Alert Page/Choose recipients modal window/Filter field'

2024-02-28 09:04:17 - [MESSAGE][PASSED] - Text 'LAPTOP-E6BU4LL9' is set on object 'Object Repository/Create Pop-up Alert Page/Choose recipients modal window/Filter field'

2024-02-28 09:04:17 - [TEST_STEP][PASSED] - verifyElementText(findTestObject("Create Pop-up Alert Page/Choose recipients modal window/All user list-filtered"), "LAPTOP-E6BU4LL9 "): Actual text and expected text of test object 'Object Repository/Create Pop-up Alert Page/Choose recipients modal window/All user list-filtered' are matched.

2024-02-28 09:04:19 - [MESSAGE][PASSED] - Actual text and expected text of test object 'Object Repository/Create Pop-up Alert Page/Choose recipients modal window/All user list-filtered' are matched.

2024-02-28 09:04:19 - [TEST_STEP][PASSED] - click(findTestObject("Create Pop-up Alert Page/Choose recipients modal window/filtered user selection")): Object: 'Object Repository/Create Pop-up Alert Page/Choose recipients modal window/filtered user selection' is clicked on

2024-02-28 09:04:19 - [MESSAGE][PASSED] - Object: 'Object Repository/Create Pop-up Alert Page/Choose recipients modal window/filtered user selection' is clicked on

2024-02-28 09:04:19 - [TEST_STEP][PASSED] - click(findTestObject("Create Pop-up Alert Page/Choose recipients modal window/Filter field")): Object: 'Object Repository/Create Pop-up Alert Page/Choose recipients modal window/Filter field' is clicked on

2024-02-28 09:04:20 - [MESSAGE][PASSED] - Object: 'Object Repository/Create Pop-up Alert Page/Choose recipients modal window/Filter field' is clicked on

2024-02-28 09:04:20 - [TEST_STEP][PASSED] - sendKeys(findTestObject("Create Pop-up Alert Page/Choose recipients modal window/Filter field"), Keys.chord(CONTROL, "a", BACK_SPACE)): Keys 'CONTROL + BACK_SPACE + a' sent to object: 'Object Repository/Create Pop-up Alert Page/Choose recipients modal window/Filter field'

2024-02-28 09:04:20 - [MESSAGE][PASSED] - Keys 'CONTROL + BACK_SPACE + a' sent to object: 'Object Repository/Create Pop-up Alert Page/Choose recipients modal window/Filter field'

2024-02-28 09:04:20 - [TEST_STEP][PASSED] - setText(findTestObject("Create Pop-up Alert Page/Choose recipients modal window/Filter field"), "DESKTOP-9UH6GK7"): Text 'DESKTOP-9UH6GK7' is set on object 'Object Repository/Create Pop-up Alert Page/Choose recipients modal window/Filter field'

2024-02-28 09:04:21 - [MESSAGE][PASSED] - Text 'DESKTOP-9UH6GK7' is set on object 'Object Repository/Create Pop-up Alert Page/Choose recipients modal window/Filter field'

2024-02-28 09:04:21 - [TEST_STEP][PASSED] - verifyElementText(findTestObject("Create Pop-up Alert Page/Choose recipients modal window/All user list-filtered"), "DESKTOP-9UH6GK7 "): Actual text and expected text of test object 'Object Repository/Create Pop-up Alert Page/Choose recipients modal window/All user list-filtered' are matched.

2024-02-28 09:04:22 - [MESSAGE][PASSED] - Actual text and expected text of test object 'Object Repository/Create Pop-up Alert Page/Choose recipients modal window/All user list-filtered' are matched.

2024-02-28 09:04:22 - [TEST_STEP][PASSED] - click(findTestObject("Create Pop-up Alert Page/Choose recipients modal window/filtered user selection")): Object: 'Object Repository/Create Pop-up Alert Page/Choose recipients modal window/filtered user selection' is clicked on

2024-02-28 09:04:23 - [MESSAGE][PASSED] - Object: 'Object Repository/Create Pop-up Alert Page/Choose recipients modal window/filtered user selection' is clicked on

2024-02-28 09:04:23 - [TEST_STEP][PASSED] - click(findTestObject("Wallpapers/Done")): Object: 'Object Repository/Wallpapers/Done' is clicked on

2024-02-28 09:04:23 - [MESSAGE][PASSED] - Object: 'Object Repository/Wallpapers/Done' is clicked on

2024-02-28 09:04:23 - [MESSAGE][PASSED] - Call Test Case 'Test Cases/Built-in test cases/Choose recipients' successfully

2024-02-28 09:04:23 - [TEST_STEP][PASSED] - setText(findTestObject("Create Pop-up Alert Page/Alert Title field"), "TC-23"): Text 'TC-23' is set on object 'Object Repository/Create Pop-up Alert Page/Alert Title field'

2024-02-28 09:04:24 - [MESSAGE][PASSED] - Text 'TC-23' is set on object 'Object Repository/Create Pop-up Alert Page/Alert Title field'

2024-02-28 09:04:24 - [TEST_STEP][PASSED] - verifyElementPresent(findTestObject("Wallpapers/Upload wallpaper area"), 2): Object 'Object Repository/Wallpapers/Upload wallpaper area' is present

2024-02-28 09:04:24 - [MESSAGE][PASSED] - Object 'Object Repository/Wallpapers/Upload wallpaper area' is present

2024-02-28 09:04:24 - [TEST_STEP][PASSED] - uploadFileWithDragAndDrop(findTestObject("Wallpapers/Upload wallpaper area"), "C:\Users\Home\git\Katalon\Imagesfortest\icecity.jpg"): null

2024-02-28 09:04:25 - [TEST_STEP][PASSED] - delay(10): Delayed 10 second(s)

2024-02-28 09:04:35 - [MESSAGE][PASSED] - Delayed 10 second(s)

2024-02-28 09:04:35 - [TEST_STEP][PASSED] - getAttribute(findTestObject("Wallpapers/uploaded wallpaper file"), "src"): Attribute 'src' of object 'Object Repository/Wallpapers/uploaded wallpaper file' is: 'https://dadebug.commclouds.com/Demo/admin/upload/icecity-56465.jpg'

2024-02-28 09:04:35 - [MESSAGE][PASSED] - Attribute 'src' of object 'Object Repository/Wallpapers/uploaded wallpaper file' is: 'https://dadebug.commclouds.com/Demo/admin/upload/icecity-56465.jpg'

2024-02-28 09:04:35 - [TEST_STEP][PASSED] - click(findTestObject("Wallpapers/Save wallpaper button")): Object: 'Object Repository/Wallpapers/Save wallpaper button' is clicked on

2024-02-28 09:04:35 - [MESSAGE][PASSED] - Object: 'Object Repository/Wallpapers/Save wallpaper button' is clicked on

2024-02-28 09:04:35 - [TEST_STEP][PASSED] - click(findTestObject("Pop-up Alerts page/Draft tab")): Object: 'Object Repository/Pop-up Alerts page/Draft tab' is clicked on

2024-02-28 09:04:37 - [MESSAGE][PASSED] - Object: 'Object Repository/Pop-up Alerts page/Draft tab' is clicked on

2024-02-28 09:04:37 - [TEST_STEP][PASSED] - waitForPageLoad(2): Wait for page load successfully

2024-02-28 09:04:37 - [MESSAGE][PASSED] - Wait for page load successfully

2024-02-28 09:04:37 - [TEST_STEP][PASSED] - setText(findTestObject("Pop-up Alerts page/Search by title field"), "TC-23"): Text 'TC-23' is set on object 'Object Repository/Pop-up Alerts page/Search by title field'

2024-02-28 09:04:38 - [MESSAGE][PASSED] - Text 'TC-23' is set on object 'Object Repository/Pop-up Alerts page/Search by title field'

2024-02-28 09:04:38 - [TEST_STEP][PASSED] - verifyElementText(findTestObject("Pop-up Alerts page/Filtered sent alert"), "TC-23"): Actual text and expected text of test object 'Object Repository/Pop-up Alerts page/Filtered sent alert' are matched.

2024-02-28 09:04:38 - [MESSAGE][PASSED] - Actual text and expected text of test object 'Object Repository/Pop-up Alerts page/Filtered sent alert' are matched.

2024-02-28 09:04:38 - [TEST_STEP][PASSED] - click(findTestObject("Survey/3dots Actions")): Object: 'Object Repository/Survey/3dots Actions' is clicked on

2024-02-28 09:04:39 - [MESSAGE][PASSED] - Object: 'Object Repository/Survey/3dots Actions' is clicked on

2024-02-28 09:04:39 - [TEST_STEP][PASSED] - click(findTestObject("Pop-up Alerts page/Preview Draft alert Actions")): Object: 'Object Repository/Pop-up Alerts page/Preview Draft alert Actions' is clicked on

2024-02-28 09:04:40 - [MESSAGE][PASSED] - Object: 'Object Repository/Pop-up Alerts page/Preview Draft alert Actions' is clicked on

2024-02-28 09:04:40 - [TEST_STEP][PASSED] - switchToWindowIndex(1): Switched to window with index: '1'

2024-02-28 09:04:40 - [MESSAGE][PASSED] - Switched to window with index: '1'

2024-02-28 09:04:40 - [TEST_STEP][PASSED] - takeFullPageScreenshot([]): Taking screenshot successfully

2024-02-28 09:04:40 - [MESSAGE][INFO] - 0 hidden object(s)

2024-02-28 09:04:41 - [MESSAGE][INFO] - 0 hidden object(s)

2024-02-28 09:04:42 - [MESSAGE][PASSED] - Taking screenshot successfully
[[ATTACHMENT|C:\\Users\\Home\\git\\Katalon\\Reports\\20240228_084904\\Lockscreens\\20240228_084913\\1709100280668.png]]

2024-02-28 09:04:42 - [TEST_STEP][PASSED] - closeWindowIndex(1): Window with index 1 is closed

2024-02-28 09:04:42 - [MESSAGE][PASSED] - Window with index 1 is closed

2024-02-28 09:04:42 - [TEST_STEP][PASSED] - switchToDefaultContent(): null

2024-02-28 09:04:42 - [TEST_STEP][PASSED] - click(findTestObject("Survey/3dots Actions")): Object: 'Object Repository/Survey/3dots Actions' is clicked on

2024-02-28 09:04:42 - [MESSAGE][PASSED] - Object: 'Object Repository/Survey/3dots Actions' is clicked on

2024-02-28 09:04:42 - [TEST_STEP][PASSED] - click(findTestObject("Pop-up Alerts page/Edit Draft alert Actions")): Object: 'Object Repository/Pop-up Alerts page/Edit Draft alert Actions' is clicked on

2024-02-28 09:04:43 - [MESSAGE][PASSED] - Object: 'Object Repository/Pop-up Alerts page/Edit Draft alert Actions' is clicked on

2024-02-28 09:04:43 - [TEST_STEP][PASSED] - verifyElementText(findTestObject("Lockscreen/Create Lockscreen header"), "Create Lockscreen"): Actual text and expected text of test object 'Object Repository/Lockscreen/Create Lockscreen header' are matched.

2024-02-28 09:04:43 - [MESSAGE][PASSED] - Actual text and expected text of test object 'Object Repository/Lockscreen/Create Lockscreen header' are matched.

2024-02-28 09:04:43 - [TEST_STEP][PASSED] - click(findTestObject("Wallpapers/Save wallpaper button")): Object: 'Object Repository/Wallpapers/Save wallpaper button' is clicked on

2024-02-28 09:04:44 - [MESSAGE][PASSED] - Object: 'Object Repository/Wallpapers/Save wallpaper button' is clicked on

2024-02-28 09:04:44 - [TEST_STEP][PASSED] - verifyElementPresent(findTestObject("Pop-up Alerts page/Draft tab"), 2): Object 'Object Repository/Pop-up Alerts page/Draft tab' is present

2024-02-28 09:04:45 - [MESSAGE][PASSED] - Object 'Object Repository/Pop-up Alerts page/Draft tab' is present]]></system-out>
         <system-err><![CDATA[]]></system-err>
      </testcase>
      <system-out><![CDATA[2024-02-28 09:01:53 - [TEST_SUITE][PASSED] - Lockscreens: Test Cases/Lockscreens/Draft Lockscreen (TC-23)]]></system-out>
      <system-err><![CDATA[]]></system-err>
   </testsuite>
</testsuites>
