<?xml version="1.0" encoding="UTF-8"?>
<testsuites name="RSVP Alert" time="166.627" tests="4" failures="0" errors="0">
   <testsuite name="RSVP Alert" tests="4" failures="0" errors="0" time="166.627" skipped="0" timestamp="29-02-2024T09:03:04" hostname="Home - LAPTOP-E6BU4LL9.Dlink" id="Test Suites/RSVP Alert">
      <properties>
         <property name="deviceName" value=""/>
         <property name="devicePlatform" value=""/>
         <property name="logFolder" value="C:\\Users\\Home\\git\\Katalon\\Reports\\20240229_090258\\RSVP Alert\\20240229_090259"/>
         <property name="logFiles" value="C:\\Users\\Home\\git\\Katalon\\Reports\\20240229_090258\\RSVP Alert\\20240229_090259\\execution0.log"/>
         <property name="attachments" value="C:\\Users\\Home\\git\\Katalon\\Reports\\20240229_090258\\RSVP Alert\\20240229_090259\\1709186656590.png, C:\\Users\\Home\\git\\Katalon\\Reports\\20240229_090258\\RSVP Alert\\20240229_090259\\1709186659439.png, C:\\Users\\Home\\git\\Katalon\\Reports\\20240229_090258\\RSVP Alert\\20240229_090259\\1709186662356.png, C:\\Users\\Home\\git\\Katalon\\Reports\\20240229_090258\\RSVP Alert\\20240229_090259\\1709186705483.png"/>
         <property name="hostName" value="Home - LAPTOP-E6BU4LL9.Dlink"/>
         <property name="os" value="Windows 11 64bit"/>
         <property name="katalonVersion" value="9.3.1.212"/>
         <property name="browser" value="Chrome 122.0.0.0"/>
         <property name="hostAddress" value="192.168.1.100"/>
         <property name="sessionId" value="cc7f3ee03ebefbdd62561ef5bc4373d4"/>
         <property name="seleniumVersion" value="3.141.59"/>
         <property name="proxyInformation" value="ProxyInformation { proxyOption=NO_PROXY, proxyServerType=HTTP, username=, password=********, proxyServerAddress=, proxyServerPort=0, executionList=&quot;&quot;, isApplyToDesiredCapabilities=true }"/>
         <property name="platform" value="Windows 11"/>
      </properties>
      <testcase name="Test Cases/Login Test Cases/Login with Valid Credentials" time="12.319" classname="Test Cases/Login Test Cases/Login with Valid Credentials" status="PASSED">
         <system-out><![CDATA[29-02-2024T09:03:04 - [TEST_CASE][PASSED] - Test Cases/Login Test Cases/Login with Valid Credentials: Test Cases/Login Test Cases/Login with Valid Credentials

29-02-2024T09:03:05 - [TEST_STEP][PASSED] - openBrowser(""): Browser is opened with url: ''

29-02-2024T09:03:05 - [MESSAGE][INFO] - Starting 'Chrome' driver

29-02-2024T09:03:05 - [MESSAGE][INFO] - Action delay is set to 0 milliseconds

29-02-2024T09:03:06 - [MESSAGE][PASSED] - Browser is opened with url: ''

29-02-2024T09:03:06 - [TEST_STEP][PASSED] - navigateToUrl("https://dadebug.commclouds.com/Demo/admin/auth"): Navigate to 'https://dadebug.commclouds.com/Demo/admin/auth' successfully

29-02-2024T09:03:07 - [MESSAGE][PASSED] - Navigate to 'https://dadebug.commclouds.com/Demo/admin/auth' successfully

29-02-2024T09:03:07 - [TEST_STEP][PASSED] - waitForPageLoad(3): Wait for page load successfully

29-02-2024T09:03:08 - [MESSAGE][PASSED] - Wait for page load successfully

29-02-2024T09:03:08 - [TEST_STEP][PASSED] - maximizeWindow(): Current window maximized

29-02-2024T09:03:08 - [MESSAGE][PASSED] - Current window maximized

29-02-2024T09:03:08 - [TEST_STEP][PASSED] - verifyElementPresent(findTestObject("Login Page/DAlogo"), 2): Object 'Object Repository/Login Page/DAlogo' is present

29-02-2024T09:03:09 - [MESSAGE][PASSED] - Object 'Object Repository/Login Page/DAlogo' is present

29-02-2024T09:03:09 - [TEST_STEP][PASSED] - verifyElementPresent(findTestObject("Login Page/Version number"), 2): Object 'Object Repository/Login Page/Version number' is present

29-02-2024T09:03:09 - [MESSAGE][PASSED] - Object 'Object Repository/Login Page/Version number' is present

29-02-2024T09:03:09 - [TEST_STEP][PASSED] - verifyElementText(findTestObject("Login Page/Version number"), "Version: 11.4.0.1 (stage/11)"): Actual text and expected text of test object 'Object Repository/Login Page/Version number' are matched.

29-02-2024T09:03:09 - [MESSAGE][PASSED] - Actual text and expected text of test object 'Object Repository/Login Page/Version number' are matched.

29-02-2024T09:03:09 - [TEST_STEP][PASSED] - setText(findTestObject("Object Repository/Login Page/Login input field"), "Zoya"): Text 'Zoya' is set on object 'Object Repository/Login Page/Login input field'

29-02-2024T09:03:10 - [MESSAGE][PASSED] - Text 'Zoya' is set on object 'Object Repository/Login Page/Login input field'

29-02-2024T09:03:10 - [TEST_STEP][PASSED] - setEncryptedText(findTestObject("Object Repository/Login Page/Password input field"), "tzH6RvlfSTg="): Text ****** has been set on object 'Object Repository/Login Page/Password input field'

29-02-2024T09:03:10 - [MESSAGE][PASSED] - Text ****** has been set on object 'Object Repository/Login Page/Password input field'

29-02-2024T09:03:10 - [TEST_STEP][PASSED] - click(findTestObject("Object Repository/Login Page/button_Log in")): Object: 'Object Repository/Login Page/button_Log in' is clicked on

29-02-2024T09:03:10 - [MESSAGE][PASSED] - Object: 'Object Repository/Login Page/button_Log in' is clicked on

29-02-2024T09:03:10 - [TEST_STEP][PASSED] - delay(4): Delayed 4 second(s)

29-02-2024T09:03:14 - [MESSAGE][PASSED] - Delayed 4 second(s)

29-02-2024T09:03:14 - [TEST_STEP][PASSED] - verifyElementPresent(findTestObject("Object Repository/Login Page/h1_Dashboard"), 4): Object 'Object Repository/Login Page/h1_Dashboard' is present

29-02-2024T09:03:15 - [MESSAGE][PASSED] - Object 'Object Repository/Login Page/h1_Dashboard' is present]]></system-out>
         <system-err><![CDATA[]]></system-err>
      </testcase>
      <testcase name="Test Cases/RSVP/Send RSVP (TC-12)" time="89.979" classname="Test Cases/RSVP/Send RSVP (TC-12)" status="PASSED">
         <system-out><![CDATA[29-02-2024T09:03:17 - [TEST_CASE][PASSED] - Test Cases/RSVP/Send RSVP (TC-12): Test Cases/RSVP/Send RSVP (TC-12)

29-02-2024T09:03:17 - [TEST_STEP][PASSED] - click(findTestObject("Dashboard Page/Compose alert button expansion")): Object: 'Object Repository/Dashboard Page/Compose alert button expansion' is clicked on

29-02-2024T09:03:17 - [MESSAGE][PASSED] - Object: 'Object Repository/Dashboard Page/Compose alert button expansion' is clicked on

29-02-2024T09:03:17 - [TEST_STEP][PASSED] - click(findTestObject("Dashboard Page/RSVP")): Object: 'Object Repository/Dashboard Page/RSVP' is clicked on

29-02-2024T09:03:18 - [MESSAGE][PASSED] - Object: 'Object Repository/Dashboard Page/RSVP' is clicked on

29-02-2024T09:03:18 - [TEST_STEP][PASSED] - verifyElementText(findTestObject("Create RSVP/Create RSVP Alert Header"), "Create RSVP Alert"): Actual text and expected text of test object 'Object Repository/Create RSVP/Create RSVP Alert Header' are matched.

29-02-2024T09:03:21 - [MESSAGE][PASSED] - Actual text and expected text of test object 'Object Repository/Create RSVP/Create RSVP Alert Header' are matched.

29-02-2024T09:03:21 - [TEST_STEP][PASSED] - click(findTestObject("Create Pop-up Alert Page/More button")): Object: 'Object Repository/Create Pop-up Alert Page/More button' is clicked on

29-02-2024T09:03:22 - [MESSAGE][PASSED] - Object: 'Object Repository/Create Pop-up Alert Page/More button' is clicked on

29-02-2024T09:03:22 - [TEST_STEP][PASSED] - callTestCase(findTestCase("Built-in test cases/Choose recipients"), [:], STOP_ON_FAILURE): Call Test Case 'Test Cases/Built-in test cases/Choose recipients' successfully

29-02-2024T09:03:22 - [TEST_CASE][PASSED] - Test Cases/Built-in test cases/Choose recipients: Test Cases/Built-in test cases/Choose recipients

29-02-2024T09:03:22 - [TEST_STEP][PASSED] - click(findTestObject("Create Pop-up Alert Page/Choose recipients modal window/Filter field")): Object: 'Object Repository/Create Pop-up Alert Page/Choose recipients modal window/Filter field' is clicked on

29-02-2024T09:03:22 - [MESSAGE][PASSED] - Object: 'Object Repository/Create Pop-up Alert Page/Choose recipients modal window/Filter field' is clicked on

29-02-2024T09:03:22 - [TEST_STEP][PASSED] - setText(findTestObject("Create Pop-up Alert Page/Choose recipients modal window/Filter field"), "LAPTOP-E6BU4LL9"): Text 'LAPTOP-E6BU4LL9' is set on object 'Object Repository/Create Pop-up Alert Page/Choose recipients modal window/Filter field'

29-02-2024T09:03:23 - [MESSAGE][PASSED] - Text 'LAPTOP-E6BU4LL9' is set on object 'Object Repository/Create Pop-up Alert Page/Choose recipients modal window/Filter field'

29-02-2024T09:03:23 - [TEST_STEP][PASSED] - verifyElementText(findTestObject("Create Pop-up Alert Page/Choose recipients modal window/All user list-filtered"), "LAPTOP-E6BU4LL9 "): Actual text and expected text of test object 'Object Repository/Create Pop-up Alert Page/Choose recipients modal window/All user list-filtered' are matched.

29-02-2024T09:03:25 - [MESSAGE][PASSED] - Actual text and expected text of test object 'Object Repository/Create Pop-up Alert Page/Choose recipients modal window/All user list-filtered' are matched.

29-02-2024T09:03:25 - [TEST_STEP][PASSED] - click(findTestObject("Create Pop-up Alert Page/Choose recipients modal window/filtered user selection")): Object: 'Object Repository/Create Pop-up Alert Page/Choose recipients modal window/filtered user selection' is clicked on

29-02-2024T09:03:25 - [MESSAGE][PASSED] - Object: 'Object Repository/Create Pop-up Alert Page/Choose recipients modal window/filtered user selection' is clicked on

29-02-2024T09:03:25 - [TEST_STEP][PASSED] - click(findTestObject("Create Pop-up Alert Page/Choose recipients modal window/Filter field")): Object: 'Object Repository/Create Pop-up Alert Page/Choose recipients modal window/Filter field' is clicked on

29-02-2024T09:03:26 - [MESSAGE][PASSED] - Object: 'Object Repository/Create Pop-up Alert Page/Choose recipients modal window/Filter field' is clicked on

29-02-2024T09:03:26 - [TEST_STEP][PASSED] - sendKeys(findTestObject("Create Pop-up Alert Page/Choose recipients modal window/Filter field"), Keys.chord(CONTROL, "a", BACK_SPACE)): Keys 'CONTROL + BACK_SPACE + a' sent to object: 'Object Repository/Create Pop-up Alert Page/Choose recipients modal window/Filter field'

29-02-2024T09:03:26 - [MESSAGE][PASSED] - Keys 'CONTROL + BACK_SPACE + a' sent to object: 'Object Repository/Create Pop-up Alert Page/Choose recipients modal window/Filter field'

29-02-2024T09:03:26 - [TEST_STEP][PASSED] - setText(findTestObject("Create Pop-up Alert Page/Choose recipients modal window/Filter field"), "DESKTOP-9UH6GK7"): Text 'DESKTOP-9UH6GK7' is set on object 'Object Repository/Create Pop-up Alert Page/Choose recipients modal window/Filter field'

29-02-2024T09:03:27 - [MESSAGE][PASSED] - Text 'DESKTOP-9UH6GK7' is set on object 'Object Repository/Create Pop-up Alert Page/Choose recipients modal window/Filter field'

29-02-2024T09:03:27 - [TEST_STEP][PASSED] - verifyElementText(findTestObject("Create Pop-up Alert Page/Choose recipients modal window/All user list-filtered"), "DESKTOP-9UH6GK7 "): Actual text and expected text of test object 'Object Repository/Create Pop-up Alert Page/Choose recipients modal window/All user list-filtered' are matched.

29-02-2024T09:03:28 - [MESSAGE][PASSED] - Actual text and expected text of test object 'Object Repository/Create Pop-up Alert Page/Choose recipients modal window/All user list-filtered' are matched.

29-02-2024T09:03:28 - [TEST_STEP][PASSED] - click(findTestObject("Create Pop-up Alert Page/Choose recipients modal window/filtered user selection")): Object: 'Object Repository/Create Pop-up Alert Page/Choose recipients modal window/filtered user selection' is clicked on

29-02-2024T09:03:29 - [MESSAGE][PASSED] - Object: 'Object Repository/Create Pop-up Alert Page/Choose recipients modal window/filtered user selection' is clicked on

29-02-2024T09:03:29 - [TEST_STEP][PASSED] - click(findTestObject("Wallpapers/Done")): Object: 'Object Repository/Wallpapers/Done' is clicked on

29-02-2024T09:03:29 - [MESSAGE][PASSED] - Object: 'Object Repository/Wallpapers/Done' is clicked on

29-02-2024T09:03:29 - [MESSAGE][PASSED] - Call Test Case 'Test Cases/Built-in test cases/Choose recipients' successfully

29-02-2024T09:03:29 - [TEST_STEP][PASSED] - setText(findTestObject("Create Pop-up Alert Page/Alert Title field"), "TC-12"): Text 'TC-12' is set on object 'Object Repository/Create Pop-up Alert Page/Alert Title field'

29-02-2024T09:03:30 - [MESSAGE][PASSED] - Text 'TC-12' is set on object 'Object Repository/Create Pop-up Alert Page/Alert Title field'

29-02-2024T09:03:30 - [TEST_STEP][PASSED] - switchToFrame(findTestObject("Create Pop-up Alert Page/Alert body iframe"), 2): null

29-02-2024T09:03:31 - [TEST_STEP][PASSED] - setText(findTestObject("Create Pop-up Alert Page/Alert body"), "Hello! This is automated RSVP alert from Katalon"): Text 'Hello! This is automated RSVP alert from Katalon' is set on object 'Object Repository/Create Pop-up Alert Page/Alert body'

29-02-2024T09:03:31 - [MESSAGE][PASSED] - Text 'Hello! This is automated RSVP alert from Katalon' is set on object 'Object Repository/Create Pop-up Alert Page/Alert body'

29-02-2024T09:03:31 - [TEST_STEP][PASSED] - switchToDefaultContent(): null

29-02-2024T09:03:31 - [TEST_STEP][PASSED] - setText(findTestObject("Create RSVP/Question 1 title input"), "What drink do You prefer?"): Text 'What drink do You prefer?' is set on object 'Object Repository/Create RSVP/Question 1 title input'

29-02-2024T09:03:32 - [MESSAGE][PASSED] - Text 'What drink do You prefer?' is set on object 'Object Repository/Create RSVP/Question 1 title input'

29-02-2024T09:03:32 - [TEST_STEP][PASSED] - setText(findTestObject("Create RSVP/Answer 1 input"), "Tea"): Text 'Tea' is set on object 'Object Repository/Create RSVP/Answer 1 input'

29-02-2024T09:03:32 - [MESSAGE][PASSED] - Text 'Tea' is set on object 'Object Repository/Create RSVP/Answer 1 input'

29-02-2024T09:03:32 - [TEST_STEP][PASSED] - setText(findTestObject("Create RSVP/Answer 2 input"), "Coffee"): Text 'Coffee' is set on object 'Object Repository/Create RSVP/Answer 2 input'

29-02-2024T09:03:33 - [MESSAGE][PASSED] - Text 'Coffee' is set on object 'Object Repository/Create RSVP/Answer 2 input'

29-02-2024T09:03:33 - [TEST_STEP][PASSED] - check(findTestObject("Create RSVP/Question 2 switch")): Object 'Object Repository/Create RSVP/Question 2 switch' is checked

29-02-2024T09:03:33 - [MESSAGE][PASSED] - Object 'Object Repository/Create RSVP/Question 2 switch' is checked

29-02-2024T09:03:33 - [TEST_STEP][PASSED] - verifyElementChecked(findTestObject("Create RSVP/Question 2 switch"), 1): Object 'Object Repository/Create RSVP/Question 2 switch' is checked

29-02-2024T09:03:34 - [MESSAGE][PASSED] - Object 'Object Repository/Create RSVP/Question 2 switch' is checked

29-02-2024T09:03:34 - [TEST_STEP][PASSED] - setText(findTestObject("Create RSVP/Question 2 title input"), "Why?"): Text 'Why?' is set on object 'Object Repository/Create RSVP/Question 2 title input'

29-02-2024T09:03:35 - [MESSAGE][PASSED] - Text 'Why?' is set on object 'Object Repository/Create RSVP/Question 2 title input'

29-02-2024T09:03:35 - [TEST_STEP][PASSED] - click(findTestObject("Create Pop-up Alert Page/Send button")): Object: 'Object Repository/Create Pop-up Alert Page/Send button' is clicked on

29-02-2024T09:03:35 - [MESSAGE][PASSED] - Object: 'Object Repository/Create Pop-up Alert Page/Send button' is clicked on

29-02-2024T09:03:35 - [TEST_STEP][PASSED] - waitForPageLoad(2): Wait for page load successfully

29-02-2024T09:03:35 - [MESSAGE][PASSED] - Wait for page load successfully

29-02-2024T09:03:35 - [TEST_STEP][PASSED] - setText(findTestObject("Pop-up Alerts page/Search by title field"), "TC-12"): Text 'TC-12' is set on object 'Object Repository/Pop-up Alerts page/Search by title field'

29-02-2024T09:03:37 - [MESSAGE][PASSED] - Text 'TC-12' is set on object 'Object Repository/Pop-up Alerts page/Search by title field'

29-02-2024T09:03:37 - [TEST_STEP][PASSED] - verifyElementText(findTestObject("Pop-up Alerts page/Filtered sent alert"), "TC-12"): Actual text and expected text of test object 'Object Repository/Pop-up Alerts page/Filtered sent alert' are matched.

29-02-2024T09:03:38 - [MESSAGE][PASSED] - Actual text and expected text of test object 'Object Repository/Pop-up Alerts page/Filtered sent alert' are matched.

29-02-2024T09:03:38 - [TEST_STEP][PASSED] - callTestCase(findTestCase("Built-in test cases/Actions menu check RSVP"), [:], STOP_ON_FAILURE): Call Test Case 'Test Cases/Built-in test cases/Actions menu check RSVP' successfully

29-02-2024T09:03:38 - [TEST_CASE][PASSED] - Test Cases/Built-in test cases/Actions menu check RSVP: Test Cases/Built-in test cases/Actions menu check RSVP

29-02-2024T09:03:38 - [TEST_STEP][PASSED] - click(findTestObject("Survey/3dots Actions")): Object: 'Object Repository/Survey/3dots Actions' is clicked on

29-02-2024T09:03:39 - [MESSAGE][PASSED] - Object: 'Object Repository/Survey/3dots Actions' is clicked on

29-02-2024T09:03:39 - [TEST_STEP][PASSED] - click(findTestObject("Pop-up Alerts page/Stop-Start alert")): Object: 'Object Repository/Pop-up Alerts page/Stop-Start alert' is clicked on

29-02-2024T09:03:40 - [MESSAGE][PASSED] - Object: 'Object Repository/Pop-up Alerts page/Stop-Start alert' is clicked on

29-02-2024T09:03:40 - [TEST_STEP][PASSED] - verifyElementPresent(findTestObject("Pop-up Alerts page/Stopped status"), 2): Object 'Object Repository/Pop-up Alerts page/Stopped status' is present

29-02-2024T09:03:41 - [MESSAGE][PASSED] - Object 'Object Repository/Pop-up Alerts page/Stopped status' is present

29-02-2024T09:03:41 - [TEST_STEP][PASSED] - click(findTestObject("Survey/3dots Actions")): Object: 'Object Repository/Survey/3dots Actions' is clicked on

29-02-2024T09:03:41 - [MESSAGE][PASSED] - Object: 'Object Repository/Survey/3dots Actions' is clicked on

29-02-2024T09:03:41 - [TEST_STEP][PASSED] - click(findTestObject("Pop-up Alerts page/Stop-Start alert")): Object: 'Object Repository/Pop-up Alerts page/Stop-Start alert' is clicked on

29-02-2024T09:03:42 - [MESSAGE][PASSED] - Object: 'Object Repository/Pop-up Alerts page/Stop-Start alert' is clicked on

29-02-2024T09:03:42 - [TEST_STEP][PASSED] - verifyElementPresent(findTestObject("Pop-up Alerts page/Disributing status"), 2): Object 'Object Repository/Pop-up Alerts page/Disributing status' is present

29-02-2024T09:03:43 - [MESSAGE][PASSED] - Object 'Object Repository/Pop-up Alerts page/Disributing status' is present

29-02-2024T09:03:43 - [TEST_STEP][PASSED] - delay(30): Delayed 30 second(s)

29-02-2024T09:04:13 - [MESSAGE][PASSED] - Delayed 30 second(s)

29-02-2024T09:04:13 - [TEST_STEP][PASSED] - click(findTestObject("Survey/3dots Actions")): Object: 'Object Repository/Survey/3dots Actions' is clicked on

29-02-2024T09:04:14 - [MESSAGE][PASSED] - Object: 'Object Repository/Survey/3dots Actions' is clicked on

29-02-2024T09:04:14 - [TEST_STEP][PASSED] - click(findTestObject("Pop-up Alerts page/View graph")): Object: 'Object Repository/Pop-up Alerts page/View graph' is clicked on

29-02-2024T09:04:14 - [MESSAGE][PASSED] - Object: 'Object Repository/Pop-up Alerts page/View graph' is clicked on

29-02-2024T09:04:14 - [TEST_STEP][PASSED] - delay(2): Delayed 2 second(s)

29-02-2024T09:04:16 - [MESSAGE][PASSED] - Delayed 2 second(s)

29-02-2024T09:04:16 - [TEST_STEP][PASSED] - takeFullPageScreenshot(): Taking screenshot successfully

29-02-2024T09:04:17 - [MESSAGE][INFO] - 0 hidden object(s)

29-02-2024T09:04:17 - [MESSAGE][PASSED] - Taking screenshot successfully
[[ATTACHMENT|C:\\Users\\Home\\git\\Katalon\\Reports\\20240229_090258\\RSVP Alert\\20240229_090259\\1709186656590.png]]

29-02-2024T09:04:17 - [TEST_STEP][PASSED] - click(findTestObject("Pop-up Alerts page/view graph 2nd page")): Object: 'Object Repository/Pop-up Alerts page/view graph 2nd page' is clicked on

29-02-2024T09:04:17 - [MESSAGE][PASSED] - Object: 'Object Repository/Pop-up Alerts page/view graph 2nd page' is clicked on

29-02-2024T09:04:17 - [TEST_STEP][PASSED] - delay(2): Delayed 2 second(s)

29-02-2024T09:04:19 - [MESSAGE][PASSED] - Delayed 2 second(s)

29-02-2024T09:04:19 - [TEST_STEP][PASSED] - takeFullPageScreenshot(): Taking screenshot successfully

29-02-2024T09:04:19 - [MESSAGE][INFO] - 0 hidden object(s)

29-02-2024T09:04:19 - [MESSAGE][PASSED] - Taking screenshot successfully
[[ATTACHMENT|C:\\Users\\Home\\git\\Katalon\\Reports\\20240229_090258\\RSVP Alert\\20240229_090259\\1709186659439.png]]

29-02-2024T09:04:19 - [TEST_STEP][PASSED] - click(findTestObject("Pop-up Alerts page/view graph close btn")): Object: 'Object Repository/Pop-up Alerts page/view graph close btn' is clicked on

29-02-2024T09:04:20 - [MESSAGE][PASSED] - Object: 'Object Repository/Pop-up Alerts page/view graph close btn' is clicked on

29-02-2024T09:04:20 - [TEST_STEP][PASSED] - click(findTestObject("Survey/3dots Actions")): Object: 'Object Repository/Survey/3dots Actions' is clicked on

29-02-2024T09:04:20 - [MESSAGE][PASSED] - Object: 'Object Repository/Survey/3dots Actions' is clicked on

29-02-2024T09:04:20 - [TEST_STEP][PASSED] - click(findTestObject("Pop-up Alerts page/Preview in actions menu")): Object: 'Object Repository/Pop-up Alerts page/Preview in actions menu' is clicked on

29-02-2024T09:04:21 - [MESSAGE][PASSED] - Object: 'Object Repository/Pop-up Alerts page/Preview in actions menu' is clicked on

29-02-2024T09:04:21 - [TEST_STEP][PASSED] - switchToFrame(findTestObject("Create Pop-up Alert Page/Preview alert iframe"), 2): null

29-02-2024T09:04:22 - [TEST_STEP][PASSED] - takeFullPageScreenshot([]): Taking screenshot successfully

29-02-2024T09:04:22 - [MESSAGE][INFO] - 0 hidden object(s)

29-02-2024T09:04:22 - [MESSAGE][INFO] - 0 hidden object(s)

29-02-2024T09:04:22 - [MESSAGE][PASSED] - Taking screenshot successfully
[[ATTACHMENT|C:\\Users\\Home\\git\\Katalon\\Reports\\20240229_090258\\RSVP Alert\\20240229_090259\\1709186662356.png]]

29-02-2024T09:04:22 - [TEST_STEP][PASSED] - click(findTestObject("Create Pop-up Alert Page/close alert preview")): Object: 'Object Repository/Create Pop-up Alert Page/close alert preview' is clicked on

29-02-2024T09:04:22 - [MESSAGE][PASSED] - Object: 'Object Repository/Create Pop-up Alert Page/close alert preview' is clicked on

29-02-2024T09:04:22 - [TEST_STEP][PASSED] - switchToDefaultContent(): null

29-02-2024T09:04:22 - [TEST_STEP][PASSED] - click(findTestObject("Survey/3dots Actions")): Object: 'Object Repository/Survey/3dots Actions' is clicked on

29-02-2024T09:04:23 - [MESSAGE][PASSED] - Object: 'Object Repository/Survey/3dots Actions' is clicked on

29-02-2024T09:04:23 - [TEST_STEP][PASSED] - click(findTestObject("Pop-up Alerts page/Duplicate alert")): Object: 'Object Repository/Pop-up Alerts page/Duplicate alert' is clicked on

29-02-2024T09:04:24 - [MESSAGE][PASSED] - Object: 'Object Repository/Pop-up Alerts page/Duplicate alert' is clicked on

29-02-2024T09:04:24 - [MESSAGE][PASSED] - Call Test Case 'Test Cases/Built-in test cases/Actions menu check RSVP' successfully

29-02-2024T09:04:24 - [TEST_STEP][PASSED] - sendKeys(findTestObject("Create Pop-up Alert Page/Alert Title field"), Keys.chord(CONTROL, "a", BACK_SPACE)): Keys 'CONTROL + BACK_SPACE + a' sent to object: 'Object Repository/Create Pop-up Alert Page/Alert Title field'

29-02-2024T09:04:26 - [MESSAGE][PASSED] - Keys 'CONTROL + BACK_SPACE + a' sent to object: 'Object Repository/Create Pop-up Alert Page/Alert Title field'

29-02-2024T09:04:26 - [TEST_STEP][PASSED] - setText(findTestObject("Create Pop-up Alert Page/Alert Title field"), "Duplicate RSVP alert"): Text 'Duplicate RSVP alert' is set on object 'Object Repository/Create Pop-up Alert Page/Alert Title field'

29-02-2024T09:04:27 - [MESSAGE][PASSED] - Text 'Duplicate RSVP alert' is set on object 'Object Repository/Create Pop-up Alert Page/Alert Title field'

29-02-2024T09:04:27 - [TEST_STEP][PASSED] - click(findTestObject("Create Pop-up Alert Page/Send button")): Object: 'Object Repository/Create Pop-up Alert Page/Send button' is clicked on

29-02-2024T09:04:27 - [MESSAGE][PASSED] - Object: 'Object Repository/Create Pop-up Alert Page/Send button' is clicked on

29-02-2024T09:04:27 - [TEST_STEP][PASSED] - waitForPageLoad(5): Wait for page load successfully

29-02-2024T09:04:27 - [MESSAGE][PASSED] - Wait for page load successfully

29-02-2024T09:04:27 - [TEST_STEP][PASSED] - setText(findTestObject("Pop-up Alerts page/Search by title field"), "TC-12"): Text 'TC-12' is set on object 'Object Repository/Pop-up Alerts page/Search by title field'

29-02-2024T09:04:29 - [MESSAGE][PASSED] - Text 'TC-12' is set on object 'Object Repository/Pop-up Alerts page/Search by title field'

29-02-2024T09:04:29 - [TEST_STEP][PASSED] - waitForPageLoad(5): Wait for page load successfully

29-02-2024T09:04:29 - [MESSAGE][PASSED] - Wait for page load successfully

29-02-2024T09:04:29 - [TEST_STEP][PASSED] - waitForElementClickable(findTestObject("Survey/3dots Actions"), 2): Object 'Object Repository/Survey/3dots Actions' is clickable

29-02-2024T09:04:29 - [MESSAGE][PASSED] - Object 'Object Repository/Survey/3dots Actions' is clickable

29-02-2024T09:04:29 - [TEST_STEP][PASSED] - callTestCase(findTestCase("Built-in test cases/Resend to all"), [:], STOP_ON_FAILURE): Call Test Case 'Test Cases/Built-in test cases/Resend to all' successfully

29-02-2024T09:04:29 - [TEST_CASE][PASSED] - Test Cases/Built-in test cases/Resend to all: Test Cases/Built-in test cases/Resend to all

29-02-2024T09:04:30 - [TEST_STEP][PASSED] - click(findTestObject("Survey/3dots Actions")): Object: 'Object Repository/Survey/3dots Actions' is clicked on

29-02-2024T09:04:30 - [MESSAGE][PASSED] - Object: 'Object Repository/Survey/3dots Actions' is clicked on

29-02-2024T09:04:30 - [TEST_STEP][PASSED] - waitForElementClickable(findTestObject("Pop-up Alerts page/resend alert from actions menu"), 2): Object 'Object Repository/Pop-up Alerts page/resend alert from actions menu' is clickable

29-02-2024T09:04:31 - [MESSAGE][PASSED] - Object 'Object Repository/Pop-up Alerts page/resend alert from actions menu' is clickable

29-02-2024T09:04:31 - [TEST_STEP][PASSED] - click(findTestObject("Pop-up Alerts page/resend alert from actions menu")): Object: 'Object Repository/Pop-up Alerts page/resend alert from actions menu' is clicked on

29-02-2024T09:04:31 - [MESSAGE][PASSED] - Object: 'Object Repository/Pop-up Alerts page/resend alert from actions menu' is clicked on

29-02-2024T09:04:31 - [TEST_STEP][PASSED] - click(findTestObject("Pop-up Alerts page/Resend btn")): Object: 'Object Repository/Pop-up Alerts page/Resend btn' is clicked on

29-02-2024T09:04:32 - [MESSAGE][PASSED] - Object: 'Object Repository/Pop-up Alerts page/Resend btn' is clicked on

29-02-2024T09:04:32 - [MESSAGE][PASSED] - Call Test Case 'Test Cases/Built-in test cases/Resend to all' successfully

29-02-2024T09:04:32 - [TEST_STEP][PASSED] - sendKeys(findTestObject("Pop-up Alerts page/Search by title field"), Keys.chord(CONTROL, "a", BACK_SPACE)): Keys 'CONTROL + BACK_SPACE + a' sent to object: 'Object Repository/Pop-up Alerts page/Search by title field'

29-02-2024T09:04:33 - [MESSAGE][PASSED] - Keys 'CONTROL + BACK_SPACE + a' sent to object: 'Object Repository/Pop-up Alerts page/Search by title field'

29-02-2024T09:04:33 - [TEST_STEP][PASSED] - setText(findTestObject("Pop-up Alerts page/Search by title field"), "TC-12"): Text 'TC-12' is set on object 'Object Repository/Pop-up Alerts page/Search by title field'

29-02-2024T09:04:35 - [MESSAGE][PASSED] - Text 'TC-12' is set on object 'Object Repository/Pop-up Alerts page/Search by title field'

29-02-2024T09:04:35 - [TEST_STEP][PASSED] - callTestCase(findTestCase("Built-in test cases/Select all and Delete"), [:], STOP_ON_FAILURE): Call Test Case 'Test Cases/Built-in test cases/Select all and Delete' successfully

29-02-2024T09:04:35 - [TEST_CASE][PASSED] - Test Cases/Built-in test cases/Select all and Delete: Test Cases/Built-in test cases/Select all and Delete

29-02-2024T09:04:35 - [TEST_STEP][PASSED] - verifyElementClickable(findTestObject("Pop-up Alerts page/Select all checkbox")): Object 'Object Repository/Pop-up Alerts page/Select all checkbox' is clickable

29-02-2024T09:04:35 - [MESSAGE][PASSED] - Object 'Object Repository/Pop-up Alerts page/Select all checkbox' is clickable

29-02-2024T09:04:35 - [TEST_STEP][PASSED] - check(findTestObject("Pop-up Alerts page/Select all checkbox")): Object 'Object Repository/Pop-up Alerts page/Select all checkbox' is checked

29-02-2024T09:04:36 - [MESSAGE][PASSED] - Object 'Object Repository/Pop-up Alerts page/Select all checkbox' is checked

29-02-2024T09:04:36 - [TEST_STEP][PASSED] - verifyElementChecked(findTestObject("Pop-up Alerts page/Select all checkbox"), 1): Object 'Object Repository/Pop-up Alerts page/Select all checkbox' is checked

29-02-2024T09:04:37 - [MESSAGE][PASSED] - Object 'Object Repository/Pop-up Alerts page/Select all checkbox' is checked

29-02-2024T09:04:37 - [TEST_STEP][PASSED] - click(findTestObject("Pop-up Alerts page/delete all")): Object: 'Object Repository/Pop-up Alerts page/delete all' is clicked on

29-02-2024T09:04:38 - [MESSAGE][PASSED] - Object: 'Object Repository/Pop-up Alerts page/delete all' is clicked on

29-02-2024T09:04:38 - [TEST_STEP][PASSED] - click(findTestObject("Pop-up Alerts page/Confirm deletion btn")): Object: 'Object Repository/Pop-up Alerts page/Confirm deletion btn' is clicked on

29-02-2024T09:04:39 - [MESSAGE][PASSED] - Object: 'Object Repository/Pop-up Alerts page/Confirm deletion btn' is clicked on

29-02-2024T09:04:39 - [MESSAGE][PASSED] - Call Test Case 'Test Cases/Built-in test cases/Select all and Delete' successfully

29-02-2024T09:04:39 - [TEST_STEP][PASSED] - sendKeys(findTestObject("Pop-up Alerts page/Search by title field"), Keys.chord(CONTROL, "a", BACK_SPACE)): Keys 'CONTROL + BACK_SPACE + a' sent to object: 'Object Repository/Pop-up Alerts page/Search by title field'

29-02-2024T09:04:40 - [MESSAGE][PASSED] - Keys 'CONTROL + BACK_SPACE + a' sent to object: 'Object Repository/Pop-up Alerts page/Search by title field'

29-02-2024T09:04:40 - [TEST_STEP][PASSED] - setText(findTestObject("Pop-up Alerts page/Search by title field"), "Duplicate RSVP alert"): Text 'Duplicate RSVP alert' is set on object 'Object Repository/Pop-up Alerts page/Search by title field'

29-02-2024T09:04:41 - [MESSAGE][PASSED] - Text 'Duplicate RSVP alert' is set on object 'Object Repository/Pop-up Alerts page/Search by title field'

29-02-2024T09:04:41 - [TEST_STEP][PASSED] - waitForElementClickable(findTestObject("Create Pop-up Alert Page/sent alerts checkbox"), 2): Object 'Object Repository/Create Pop-up Alert Page/sent alerts checkbox' is clickable

29-02-2024T09:04:42 - [MESSAGE][PASSED] - Object 'Object Repository/Create Pop-up Alert Page/sent alerts checkbox' is clickable

29-02-2024T09:04:42 - [TEST_STEP][PASSED] - check(findTestObject("Create Pop-up Alert Page/sent alerts checkbox")): Object 'Object Repository/Create Pop-up Alert Page/sent alerts checkbox' is checked

29-02-2024T09:04:43 - [MESSAGE][PASSED] - Object 'Object Repository/Create Pop-up Alert Page/sent alerts checkbox' is checked

29-02-2024T09:04:43 - [TEST_STEP][PASSED] - verifyElementChecked(findTestObject("Create Pop-up Alert Page/sent alerts checkbox"), 2): Object 'Object Repository/Create Pop-up Alert Page/sent alerts checkbox' is checked

29-02-2024T09:04:44 - [MESSAGE][PASSED] - Object 'Object Repository/Create Pop-up Alert Page/sent alerts checkbox' is checked

29-02-2024T09:04:44 - [TEST_STEP][PASSED] - click(findTestObject("Pop-up Alerts page/delete all")): Object: 'Object Repository/Pop-up Alerts page/delete all' is clicked on

29-02-2024T09:04:44 - [MESSAGE][PASSED] - Object: 'Object Repository/Pop-up Alerts page/delete all' is clicked on

29-02-2024T09:04:44 - [TEST_STEP][PASSED] - click(findTestObject("Pop-up Alerts page/Confirm deletion btn")): Object: 'Object Repository/Pop-up Alerts page/Confirm deletion btn' is clicked on

29-02-2024T09:04:45 - [MESSAGE][PASSED] - Object: 'Object Repository/Pop-up Alerts page/Confirm deletion btn' is clicked on]]></system-out>
         <system-err><![CDATA[]]></system-err>
      </testcase>
      <testcase name="Test Cases/RSVP/RSVP template creation (TC-13)" time="44.978" classname="Test Cases/RSVP/RSVP template creation (TC-13)" status="PASSED">
         <system-out><![CDATA[29-02-2024T09:04:47 - [TEST_CASE][PASSED] - Test Cases/RSVP/RSVP template creation (TC-13): Test Cases/RSVP/RSVP template creation (TC-13)

29-02-2024T09:04:47 - [TEST_STEP][PASSED] - click(findTestObject("Dashboard Page/Left-hand menu_RSVP")): Object: 'Object Repository/Dashboard Page/Left-hand menu_RSVP' is clicked on

29-02-2024T09:04:47 - [MESSAGE][PASSED] - Object: 'Object Repository/Dashboard Page/Left-hand menu_RSVP' is clicked on

29-02-2024T09:04:47 - [TEST_STEP][PASSED] - click(findTestObject("Create RSVP/RSVP templates tab")): Object: 'Object Repository/Create RSVP/RSVP templates tab' is clicked on

29-02-2024T09:04:48 - [MESSAGE][PASSED] - Object: 'Object Repository/Create RSVP/RSVP templates tab' is clicked on

29-02-2024T09:04:48 - [TEST_STEP][PASSED] - click(findTestObject("Create RSVP/New Template RSVP")): Object: 'Object Repository/Create RSVP/New Template RSVP' is clicked on

29-02-2024T09:04:49 - [MESSAGE][PASSED] - Object: 'Object Repository/Create RSVP/New Template RSVP' is clicked on

29-02-2024T09:04:49 - [TEST_STEP][PASSED] - setText(findTestObject("Create RSVP/RSVP template title"), "TC-13"): Text 'TC-13' is set on object 'Object Repository/Create RSVP/RSVP template title'

29-02-2024T09:04:52 - [MESSAGE][PASSED] - Text 'TC-13' is set on object 'Object Repository/Create RSVP/RSVP template title'

29-02-2024T09:04:52 - [TEST_STEP][PASSED] - switchToFrame(findTestObject("Create Pop-up Alert Page/Alert body iframe"), 1): null

29-02-2024T09:04:52 - [TEST_STEP][PASSED] - setText(findTestObject("Create Pop-up Alert Page/Alert body"), "Hello! This is automated RSVP template from Katalon"): Text 'Hello! This is automated RSVP template from Katalon' is set on object 'Object Repository/Create Pop-up Alert Page/Alert body'

29-02-2024T09:04:53 - [MESSAGE][PASSED] - Text 'Hello! This is automated RSVP template from Katalon' is set on object 'Object Repository/Create Pop-up Alert Page/Alert body'

29-02-2024T09:04:53 - [TEST_STEP][PASSED] - switchToDefaultContent(): null

29-02-2024T09:04:53 - [TEST_STEP][PASSED] - setText(findTestObject("Create RSVP/Question 1 title input"), "What is your favorite movie?"): Text 'What is your favorite movie?' is set on object 'Object Repository/Create RSVP/Question 1 title input'

29-02-2024T09:04:54 - [MESSAGE][PASSED] - Text 'What is your favorite movie?' is set on object 'Object Repository/Create RSVP/Question 1 title input'

29-02-2024T09:04:54 - [TEST_STEP][PASSED] - setText(findTestObject("Create RSVP/Answer 1 input"), "Harry Potter"): Text 'Harry Potter' is set on object 'Object Repository/Create RSVP/Answer 1 input'

29-02-2024T09:04:54 - [MESSAGE][PASSED] - Text 'Harry Potter' is set on object 'Object Repository/Create RSVP/Answer 1 input'

29-02-2024T09:04:54 - [TEST_STEP][PASSED] - setText(findTestObject("Create RSVP/Answer 2 input"), "Kill Bill"): Text 'Kill Bill' is set on object 'Object Repository/Create RSVP/Answer 2 input'

29-02-2024T09:04:55 - [MESSAGE][PASSED] - Text 'Kill Bill' is set on object 'Object Repository/Create RSVP/Answer 2 input'

29-02-2024T09:04:55 - [TEST_STEP][PASSED] - scrollToElement(findTestObject("Create RSVP/Question 2 switch"), 2): Scroll to object 'Object Repository/Create RSVP/Question 2 switch' successfully

29-02-2024T09:04:56 - [MESSAGE][PASSED] - Scroll to object 'Object Repository/Create RSVP/Question 2 switch' successfully

29-02-2024T09:04:56 - [TEST_STEP][PASSED] - waitForElementClickable(findTestObject("Create RSVP/Question 2 switch"), 2): Object 'Object Repository/Create RSVP/Question 2 switch' is clickable

29-02-2024T09:04:56 - [MESSAGE][PASSED] - Object 'Object Repository/Create RSVP/Question 2 switch' is clickable

29-02-2024T09:04:56 - [TEST_STEP][PASSED] - check(findTestObject("Create RSVP/Question 2 switch")): Object 'Object Repository/Create RSVP/Question 2 switch' is checked

29-02-2024T09:04:56 - [MESSAGE][PASSED] - Object 'Object Repository/Create RSVP/Question 2 switch' is checked

29-02-2024T09:04:56 - [TEST_STEP][PASSED] - verifyElementChecked(findTestObject("Create RSVP/Question 2 switch"), 1): Object 'Object Repository/Create RSVP/Question 2 switch' is checked

29-02-2024T09:04:57 - [MESSAGE][PASSED] - Object 'Object Repository/Create RSVP/Question 2 switch' is checked

29-02-2024T09:04:57 - [TEST_STEP][PASSED] - setText(findTestObject("Create RSVP/Question 2 title input"), "Why?"): Text 'Why?' is set on object 'Object Repository/Create RSVP/Question 2 title input'

29-02-2024T09:04:58 - [MESSAGE][PASSED] - Text 'Why?' is set on object 'Object Repository/Create RSVP/Question 2 title input'

29-02-2024T09:04:58 - [TEST_STEP][PASSED] - click(findTestObject("Create RSVP/RSVP template Save button")): Object: 'Object Repository/Create RSVP/RSVP template Save button' is clicked on

29-02-2024T09:04:58 - [MESSAGE][PASSED] - Object: 'Object Repository/Create RSVP/RSVP template Save button' is clicked on

29-02-2024T09:04:58 - [TEST_STEP][PASSED] - click(findTestObject("Create RSVP/RSVP templates tab")): Object: 'Object Repository/Create RSVP/RSVP templates tab' is clicked on

29-02-2024T09:05:00 - [MESSAGE][PASSED] - Object: 'Object Repository/Create RSVP/RSVP templates tab' is clicked on

29-02-2024T09:05:00 - [TEST_STEP][PASSED] - setText(findTestObject("Pop-up Alerts page/Search by title field"), "TC-13"): Text 'TC-13' is set on object 'Object Repository/Pop-up Alerts page/Search by title field'

29-02-2024T09:05:01 - [MESSAGE][PASSED] - Text 'TC-13' is set on object 'Object Repository/Pop-up Alerts page/Search by title field'

29-02-2024T09:05:01 - [TEST_STEP][PASSED] - delay(2): Delayed 2 second(s)

29-02-2024T09:05:03 - [MESSAGE][PASSED] - Delayed 2 second(s)

29-02-2024T09:05:03 - [TEST_STEP][PASSED] - verifyElementText(findTestObject("Create RSVP/Filtered RSVP template"), "TC-13"): Actual text and expected text of test object 'Object Repository/Create RSVP/Filtered RSVP template' are matched.

29-02-2024T09:05:03 - [MESSAGE][PASSED] - Actual text and expected text of test object 'Object Repository/Create RSVP/Filtered RSVP template' are matched.

29-02-2024T09:05:03 - [TEST_STEP][PASSED] - click(findTestObject("Survey/3dots Actions")): Object: 'Object Repository/Survey/3dots Actions' is clicked on

29-02-2024T09:05:03 - [MESSAGE][PASSED] - Object: 'Object Repository/Survey/3dots Actions' is clicked on

29-02-2024T09:05:03 - [TEST_STEP][PASSED] - click(findTestObject("Templates Action menu/Preview Template Action")): Object: 'Object Repository/Templates Action menu/Preview Template Action' is clicked on

29-02-2024T09:05:04 - [MESSAGE][PASSED] - Object: 'Object Repository/Templates Action menu/Preview Template Action' is clicked on

29-02-2024T09:05:04 - [TEST_STEP][PASSED] - switchToFrame(findTestObject("Create Pop-up Alert Page/Preview alert iframe"), 2): null

29-02-2024T09:05:05 - [TEST_STEP][PASSED] - takeFullPageScreenshot([]): Taking screenshot successfully

29-02-2024T09:05:05 - [MESSAGE][INFO] - 0 hidden object(s)

29-02-2024T09:05:06 - [MESSAGE][INFO] - 0 hidden object(s)

29-02-2024T09:05:06 - [MESSAGE][PASSED] - Taking screenshot successfully
[[ATTACHMENT|C:\\Users\\Home\\git\\Katalon\\Reports\\20240229_090258\\RSVP Alert\\20240229_090259\\1709186705483.png]]

29-02-2024T09:05:06 - [TEST_STEP][PASSED] - click(findTestObject("Create Pop-up Alert Page/close alert preview")): Object: 'Object Repository/Create Pop-up Alert Page/close alert preview' is clicked on

29-02-2024T09:05:06 - [MESSAGE][PASSED] - Object: 'Object Repository/Create Pop-up Alert Page/close alert preview' is clicked on

29-02-2024T09:05:06 - [TEST_STEP][PASSED] - switchToDefaultContent(): null

29-02-2024T09:05:06 - [TEST_STEP][PASSED] - click(findTestObject("Survey/3dots Actions")): Object: 'Object Repository/Survey/3dots Actions' is clicked on

29-02-2024T09:05:06 - [MESSAGE][PASSED] - Object: 'Object Repository/Survey/3dots Actions' is clicked on

29-02-2024T09:05:06 - [TEST_STEP][PASSED] - click(findTestObject("Templates Action menu/Edit Template Action")): Object: 'Object Repository/Templates Action menu/Edit Template Action' is clicked on

29-02-2024T09:05:07 - [MESSAGE][PASSED] - Object: 'Object Repository/Templates Action menu/Edit Template Action' is clicked on

29-02-2024T09:05:07 - [TEST_STEP][PASSED] - verifyElementPresent(findTestObject("Create RSVP/Create RSVP Alert Header"), 2): Object 'Object Repository/Create RSVP/Create RSVP Alert Header' is present

29-02-2024T09:05:10 - [MESSAGE][PASSED] - Object 'Object Repository/Create RSVP/Create RSVP Alert Header' is present

29-02-2024T09:05:10 - [TEST_STEP][PASSED] - verifyElementText(findTestObject("Create RSVP/Create RSVP Alert Header"), "Edit RSVP template"): Actual text and expected text of test object 'Object Repository/Create RSVP/Create RSVP Alert Header' are matched.

29-02-2024T09:05:11 - [MESSAGE][PASSED] - Actual text and expected text of test object 'Object Repository/Create RSVP/Create RSVP Alert Header' are matched.

29-02-2024T09:05:11 - [TEST_STEP][PASSED] - scrollToElement(findTestObject("Create RSVP/RSVP template Save button"), 2): Scroll to object 'Object Repository/Create RSVP/RSVP template Save button' successfully

29-02-2024T09:05:11 - [MESSAGE][PASSED] - Scroll to object 'Object Repository/Create RSVP/RSVP template Save button' successfully

29-02-2024T09:05:11 - [TEST_STEP][PASSED] - click(findTestObject("Create RSVP/RSVP template Save button")): Object: 'Object Repository/Create RSVP/RSVP template Save button' is clicked on

29-02-2024T09:05:11 - [MESSAGE][PASSED] - Object: 'Object Repository/Create RSVP/RSVP template Save button' is clicked on

29-02-2024T09:05:11 - [TEST_STEP][PASSED] - click(findTestObject("Create RSVP/RSVP templates tab")): Object: 'Object Repository/Create RSVP/RSVP templates tab' is clicked on

29-02-2024T09:05:13 - [MESSAGE][PASSED] - Object: 'Object Repository/Create RSVP/RSVP templates tab' is clicked on

29-02-2024T09:05:13 - [TEST_STEP][PASSED] - setText(findTestObject("Pop-up Alerts page/Search by title field"), "TC-13"): Text 'TC-13' is set on object 'Object Repository/Pop-up Alerts page/Search by title field'

29-02-2024T09:05:14 - [MESSAGE][PASSED] - Text 'TC-13' is set on object 'Object Repository/Pop-up Alerts page/Search by title field'

29-02-2024T09:05:14 - [TEST_STEP][PASSED] - delay(2): Delayed 2 second(s)

29-02-2024T09:05:16 - [MESSAGE][PASSED] - Delayed 2 second(s)

29-02-2024T09:05:16 - [TEST_STEP][PASSED] - verifyElementText(findTestObject("Create RSVP/Filtered RSVP template"), "TC-13"): Actual text and expected text of test object 'Object Repository/Create RSVP/Filtered RSVP template' are matched.

29-02-2024T09:05:16 - [MESSAGE][PASSED] - Actual text and expected text of test object 'Object Repository/Create RSVP/Filtered RSVP template' are matched.

29-02-2024T09:05:16 - [TEST_STEP][PASSED] - click(findTestObject("Survey/3dots Actions")): Object: 'Object Repository/Survey/3dots Actions' is clicked on

29-02-2024T09:05:17 - [MESSAGE][PASSED] - Object: 'Object Repository/Survey/3dots Actions' is clicked on

29-02-2024T09:05:17 - [TEST_STEP][PASSED] - click(findTestObject("Templates Action menu/Create alert using this template")): Object: 'Object Repository/Templates Action menu/Create alert using this template' is clicked on

29-02-2024T09:05:17 - [MESSAGE][PASSED] - Object: 'Object Repository/Templates Action menu/Create alert using this template' is clicked on

29-02-2024T09:05:17 - [TEST_STEP][PASSED] - click(findTestObject("Create Pop-up Alert Page/More button")): Object: 'Object Repository/Create Pop-up Alert Page/More button' is clicked on

29-02-2024T09:05:20 - [MESSAGE][PASSED] - Object: 'Object Repository/Create Pop-up Alert Page/More button' is clicked on

29-02-2024T09:05:20 - [TEST_STEP][PASSED] - callTestCase(findTestCase("Built-in test cases/Choose recipients"), [:], STOP_ON_FAILURE): Call Test Case 'Test Cases/Built-in test cases/Choose recipients' successfully

29-02-2024T09:05:21 - [TEST_CASE][PASSED] - Test Cases/Built-in test cases/Choose recipients: Test Cases/Built-in test cases/Choose recipients

29-02-2024T09:05:21 - [TEST_STEP][PASSED] - click(findTestObject("Create Pop-up Alert Page/Choose recipients modal window/Filter field")): Object: 'Object Repository/Create Pop-up Alert Page/Choose recipients modal window/Filter field' is clicked on

29-02-2024T09:05:21 - [MESSAGE][PASSED] - Object: 'Object Repository/Create Pop-up Alert Page/Choose recipients modal window/Filter field' is clicked on

29-02-2024T09:05:21 - [TEST_STEP][PASSED] - setText(findTestObject("Create Pop-up Alert Page/Choose recipients modal window/Filter field"), "LAPTOP-E6BU4LL9"): Text 'LAPTOP-E6BU4LL9' is set on object 'Object Repository/Create Pop-up Alert Page/Choose recipients modal window/Filter field'

29-02-2024T09:05:22 - [MESSAGE][PASSED] - Text 'LAPTOP-E6BU4LL9' is set on object 'Object Repository/Create Pop-up Alert Page/Choose recipients modal window/Filter field'

29-02-2024T09:05:22 - [TEST_STEP][PASSED] - verifyElementText(findTestObject("Create Pop-up Alert Page/Choose recipients modal window/All user list-filtered"), "LAPTOP-E6BU4LL9 "): Actual text and expected text of test object 'Object Repository/Create Pop-up Alert Page/Choose recipients modal window/All user list-filtered' are matched.

29-02-2024T09:05:24 - [MESSAGE][PASSED] - Actual text and expected text of test object 'Object Repository/Create Pop-up Alert Page/Choose recipients modal window/All user list-filtered' are matched.

29-02-2024T09:05:24 - [TEST_STEP][PASSED] - click(findTestObject("Create Pop-up Alert Page/Choose recipients modal window/filtered user selection")): Object: 'Object Repository/Create Pop-up Alert Page/Choose recipients modal window/filtered user selection' is clicked on

29-02-2024T09:05:24 - [MESSAGE][PASSED] - Object: 'Object Repository/Create Pop-up Alert Page/Choose recipients modal window/filtered user selection' is clicked on

29-02-2024T09:05:24 - [TEST_STEP][PASSED] - click(findTestObject("Create Pop-up Alert Page/Choose recipients modal window/Filter field")): Object: 'Object Repository/Create Pop-up Alert Page/Choose recipients modal window/Filter field' is clicked on

29-02-2024T09:05:25 - [MESSAGE][PASSED] - Object: 'Object Repository/Create Pop-up Alert Page/Choose recipients modal window/Filter field' is clicked on

29-02-2024T09:05:25 - [TEST_STEP][PASSED] - sendKeys(findTestObject("Create Pop-up Alert Page/Choose recipients modal window/Filter field"), Keys.chord(CONTROL, "a", BACK_SPACE)): Keys 'CONTROL + BACK_SPACE + a' sent to object: 'Object Repository/Create Pop-up Alert Page/Choose recipients modal window/Filter field'

29-02-2024T09:05:25 - [MESSAGE][PASSED] - Keys 'CONTROL + BACK_SPACE + a' sent to object: 'Object Repository/Create Pop-up Alert Page/Choose recipients modal window/Filter field'

29-02-2024T09:05:25 - [TEST_STEP][PASSED] - setText(findTestObject("Create Pop-up Alert Page/Choose recipients modal window/Filter field"), "DESKTOP-9UH6GK7"): Text 'DESKTOP-9UH6GK7' is set on object 'Object Repository/Create Pop-up Alert Page/Choose recipients modal window/Filter field'

29-02-2024T09:05:26 - [MESSAGE][PASSED] - Text 'DESKTOP-9UH6GK7' is set on object 'Object Repository/Create Pop-up Alert Page/Choose recipients modal window/Filter field'

29-02-2024T09:05:26 - [TEST_STEP][PASSED] - verifyElementText(findTestObject("Create Pop-up Alert Page/Choose recipients modal window/All user list-filtered"), "DESKTOP-9UH6GK7 "): Actual text and expected text of test object 'Object Repository/Create Pop-up Alert Page/Choose recipients modal window/All user list-filtered' are matched.

29-02-2024T09:05:27 - [MESSAGE][PASSED] - Actual text and expected text of test object 'Object Repository/Create Pop-up Alert Page/Choose recipients modal window/All user list-filtered' are matched.

29-02-2024T09:05:27 - [TEST_STEP][PASSED] - click(findTestObject("Create Pop-up Alert Page/Choose recipients modal window/filtered user selection")): Object: 'Object Repository/Create Pop-up Alert Page/Choose recipients modal window/filtered user selection' is clicked on

29-02-2024T09:05:28 - [MESSAGE][PASSED] - Object: 'Object Repository/Create Pop-up Alert Page/Choose recipients modal window/filtered user selection' is clicked on

29-02-2024T09:05:28 - [TEST_STEP][PASSED] - click(findTestObject("Wallpapers/Done")): Object: 'Object Repository/Wallpapers/Done' is clicked on

29-02-2024T09:05:28 - [MESSAGE][PASSED] - Object: 'Object Repository/Wallpapers/Done' is clicked on

29-02-2024T09:05:28 - [MESSAGE][PASSED] - Call Test Case 'Test Cases/Built-in test cases/Choose recipients' successfully

29-02-2024T09:05:28 - [TEST_STEP][PASSED] - setText(findTestObject("Create Template/Template title"), " Template"): Text ' Template' is set on object 'Object Repository/Create Template/Template title'

29-02-2024T09:05:29 - [MESSAGE][PASSED] - Text ' Template' is set on object 'Object Repository/Create Template/Template title'

29-02-2024T09:05:29 - [TEST_STEP][PASSED] - click(findTestObject("Create Pop-up Alert Page/Send button")): Object: 'Object Repository/Create Pop-up Alert Page/Send button' is clicked on

29-02-2024T09:05:30 - [MESSAGE][PASSED] - Object: 'Object Repository/Create Pop-up Alert Page/Send button' is clicked on]]></system-out>
         <system-err><![CDATA[]]></system-err>
      </testcase>
      <testcase name="Test Cases/RSVP/Send RSVP with template (TC-14)" time="19.171" classname="Test Cases/RSVP/Send RSVP with template (TC-14)" status="PASSED">
         <system-out><![CDATA[29-02-2024T09:05:32 - [TEST_CASE][PASSED] - Test Cases/RSVP/Send RSVP with template (TC-14): Test Cases/RSVP/Send RSVP with template (TC-14)

29-02-2024T09:05:32 - [TEST_STEP][PASSED] - click(findTestObject("Dashboard Page/Compose alert button expansion")): Object: 'Object Repository/Dashboard Page/Compose alert button expansion' is clicked on

29-02-2024T09:05:32 - [MESSAGE][PASSED] - Object: 'Object Repository/Dashboard Page/Compose alert button expansion' is clicked on

29-02-2024T09:05:32 - [TEST_STEP][PASSED] - click(findTestObject("Dashboard Page/RSVP")): Object: 'Object Repository/Dashboard Page/RSVP' is clicked on

29-02-2024T09:05:33 - [MESSAGE][PASSED] - Object: 'Object Repository/Dashboard Page/RSVP' is clicked on

29-02-2024T09:05:33 - [TEST_STEP][PASSED] - verifyElementText(findTestObject("Create RSVP/Create RSVP Alert Header"), "Create RSVP Alert"): Actual text and expected text of test object 'Object Repository/Create RSVP/Create RSVP Alert Header' are matched.

29-02-2024T09:05:36 - [MESSAGE][PASSED] - Actual text and expected text of test object 'Object Repository/Create RSVP/Create RSVP Alert Header' are matched.

29-02-2024T09:05:36 - [TEST_STEP][PASSED] - click(findTestObject("Create Pop-up Alert Page/More button")): Object: 'Object Repository/Create Pop-up Alert Page/More button' is clicked on

29-02-2024T09:05:36 - [MESSAGE][PASSED] - Object: 'Object Repository/Create Pop-up Alert Page/More button' is clicked on

29-02-2024T09:05:36 - [TEST_STEP][PASSED] - callTestCase(findTestCase("Built-in test cases/Choose recipients"), [:], STOP_ON_FAILURE): Call Test Case 'Test Cases/Built-in test cases/Choose recipients' successfully

29-02-2024T09:05:36 - [TEST_CASE][PASSED] - Test Cases/Built-in test cases/Choose recipients: Test Cases/Built-in test cases/Choose recipients

29-02-2024T09:05:36 - [TEST_STEP][PASSED] - click(findTestObject("Create Pop-up Alert Page/Choose recipients modal window/Filter field")): Object: 'Object Repository/Create Pop-up Alert Page/Choose recipients modal window/Filter field' is clicked on

29-02-2024T09:05:37 - [MESSAGE][PASSED] - Object: 'Object Repository/Create Pop-up Alert Page/Choose recipients modal window/Filter field' is clicked on

29-02-2024T09:05:37 - [TEST_STEP][PASSED] - setText(findTestObject("Create Pop-up Alert Page/Choose recipients modal window/Filter field"), "LAPTOP-E6BU4LL9"): Text 'LAPTOP-E6BU4LL9' is set on object 'Object Repository/Create Pop-up Alert Page/Choose recipients modal window/Filter field'

29-02-2024T09:05:38 - [MESSAGE][PASSED] - Text 'LAPTOP-E6BU4LL9' is set on object 'Object Repository/Create Pop-up Alert Page/Choose recipients modal window/Filter field'

29-02-2024T09:05:38 - [TEST_STEP][PASSED] - verifyElementText(findTestObject("Create Pop-up Alert Page/Choose recipients modal window/All user list-filtered"), "LAPTOP-E6BU4LL9 "): Actual text and expected text of test object 'Object Repository/Create Pop-up Alert Page/Choose recipients modal window/All user list-filtered' are matched.

29-02-2024T09:05:40 - [MESSAGE][PASSED] - Actual text and expected text of test object 'Object Repository/Create Pop-up Alert Page/Choose recipients modal window/All user list-filtered' are matched.

29-02-2024T09:05:40 - [TEST_STEP][PASSED] - click(findTestObject("Create Pop-up Alert Page/Choose recipients modal window/filtered user selection")): Object: 'Object Repository/Create Pop-up Alert Page/Choose recipients modal window/filtered user selection' is clicked on

29-02-2024T09:05:40 - [MESSAGE][PASSED] - Object: 'Object Repository/Create Pop-up Alert Page/Choose recipients modal window/filtered user selection' is clicked on

29-02-2024T09:05:40 - [TEST_STEP][PASSED] - click(findTestObject("Create Pop-up Alert Page/Choose recipients modal window/Filter field")): Object: 'Object Repository/Create Pop-up Alert Page/Choose recipients modal window/Filter field' is clicked on

29-02-2024T09:05:40 - [MESSAGE][PASSED] - Object: 'Object Repository/Create Pop-up Alert Page/Choose recipients modal window/Filter field' is clicked on

29-02-2024T09:05:40 - [TEST_STEP][PASSED] - sendKeys(findTestObject("Create Pop-up Alert Page/Choose recipients modal window/Filter field"), Keys.chord(CONTROL, "a", BACK_SPACE)): Keys 'CONTROL + BACK_SPACE + a' sent to object: 'Object Repository/Create Pop-up Alert Page/Choose recipients modal window/Filter field'

29-02-2024T09:05:41 - [MESSAGE][PASSED] - Keys 'CONTROL + BACK_SPACE + a' sent to object: 'Object Repository/Create Pop-up Alert Page/Choose recipients modal window/Filter field'

29-02-2024T09:05:41 - [TEST_STEP][PASSED] - setText(findTestObject("Create Pop-up Alert Page/Choose recipients modal window/Filter field"), "DESKTOP-9UH6GK7"): Text 'DESKTOP-9UH6GK7' is set on object 'Object Repository/Create Pop-up Alert Page/Choose recipients modal window/Filter field'

29-02-2024T09:05:42 - [MESSAGE][PASSED] - Text 'DESKTOP-9UH6GK7' is set on object 'Object Repository/Create Pop-up Alert Page/Choose recipients modal window/Filter field'

29-02-2024T09:05:42 - [TEST_STEP][PASSED] - verifyElementText(findTestObject("Create Pop-up Alert Page/Choose recipients modal window/All user list-filtered"), "DESKTOP-9UH6GK7 "): Actual text and expected text of test object 'Object Repository/Create Pop-up Alert Page/Choose recipients modal window/All user list-filtered' are matched.

29-02-2024T09:05:43 - [MESSAGE][PASSED] - Actual text and expected text of test object 'Object Repository/Create Pop-up Alert Page/Choose recipients modal window/All user list-filtered' are matched.

29-02-2024T09:05:43 - [TEST_STEP][PASSED] - click(findTestObject("Create Pop-up Alert Page/Choose recipients modal window/filtered user selection")): Object: 'Object Repository/Create Pop-up Alert Page/Choose recipients modal window/filtered user selection' is clicked on

29-02-2024T09:05:43 - [MESSAGE][PASSED] - Object: 'Object Repository/Create Pop-up Alert Page/Choose recipients modal window/filtered user selection' is clicked on

29-02-2024T09:05:43 - [TEST_STEP][PASSED] - click(findTestObject("Wallpapers/Done")): Object: 'Object Repository/Wallpapers/Done' is clicked on

29-02-2024T09:05:44 - [MESSAGE][PASSED] - Object: 'Object Repository/Wallpapers/Done' is clicked on

29-02-2024T09:05:44 - [MESSAGE][PASSED] - Call Test Case 'Test Cases/Built-in test cases/Choose recipients' successfully

29-02-2024T09:05:44 - [TEST_STEP][PASSED] - click(findTestObject("Create Pop-up Alert Page/Template selection button")): Object: 'Object Repository/Create Pop-up Alert Page/Template selection button' is clicked on

29-02-2024T09:05:44 - [MESSAGE][PASSED] - Object: 'Object Repository/Create Pop-up Alert Page/Template selection button' is clicked on

29-02-2024T09:05:44 - [TEST_STEP][PASSED] - click(findTestObject("Create RSVP/RSVP template with given value")): Object: 'Object Repository/Create RSVP/RSVP template with given value' is clicked on

29-02-2024T09:05:45 - [MESSAGE][PASSED] - Object: 'Object Repository/Create RSVP/RSVP template with given value' is clicked on

29-02-2024T09:05:45 - [TEST_STEP][PASSED] - sendKeys(findTestObject("Create Pop-up Alert Page/Alert Title field"), Keys.chord(CONTROL, "a", BACK_SPACE)): Keys 'CONTROL + BACK_SPACE + a' sent to object: 'Object Repository/Create Pop-up Alert Page/Alert Title field'

29-02-2024T09:05:46 - [MESSAGE][PASSED] - Keys 'CONTROL + BACK_SPACE + a' sent to object: 'Object Repository/Create Pop-up Alert Page/Alert Title field'

29-02-2024T09:05:46 - [TEST_STEP][PASSED] - setText(findTestObject("Create Pop-up Alert Page/Alert Title field"), "TC-14"): Text 'TC-14' is set on object 'Object Repository/Create Pop-up Alert Page/Alert Title field'

29-02-2024T09:05:46 - [MESSAGE][PASSED] - Text 'TC-14' is set on object 'Object Repository/Create Pop-up Alert Page/Alert Title field'

29-02-2024T09:05:46 - [TEST_STEP][PASSED] - click(findTestObject("Create Pop-up Alert Page/Send button")): Object: 'Object Repository/Create Pop-up Alert Page/Send button' is clicked on

29-02-2024T09:05:47 - [MESSAGE][PASSED] - Object: 'Object Repository/Create Pop-up Alert Page/Send button' is clicked on

29-02-2024T09:05:47 - [TEST_STEP][PASSED] - waitForPageLoad(2): Wait for page load successfully

29-02-2024T09:05:47 - [MESSAGE][PASSED] - Wait for page load successfully

29-02-2024T09:05:47 - [TEST_STEP][PASSED] - setText(findTestObject("Pop-up Alerts page/Search by title field"), "TC-14"): Text 'TC-14' is set on object 'Object Repository/Pop-up Alerts page/Search by title field'

29-02-2024T09:05:49 - [MESSAGE][PASSED] - Text 'TC-14' is set on object 'Object Repository/Pop-up Alerts page/Search by title field'

29-02-2024T09:05:49 - [TEST_STEP][PASSED] - verifyElementText(findTestObject("Pop-up Alerts page/Filtered sent alert"), "TC-14"): Actual text and expected text of test object 'Object Repository/Pop-up Alerts page/Filtered sent alert' are matched.

29-02-2024T09:05:49 - [MESSAGE][PASSED] - Actual text and expected text of test object 'Object Repository/Pop-up Alerts page/Filtered sent alert' are matched.]]></system-out>
         <system-err><![CDATA[]]></system-err>
      </testcase>
      <system-out><![CDATA[29-02-2024T09:03:04 - [TEST_SUITE][PASSED] - RSVP Alert: Test Cases/RSVP/Send RSVP with template (TC-14)]]></system-out>
      <system-err><![CDATA[]]></system-err>
   </testsuite>
</testsuites>
