<?xml version="1.0" encoding="UTF-8"?>
<testsuites name="Lockscreens" time="450.305" tests="6" failures="0" errors="0">
   <testsuite name="Lockscreens" tests="6" failures="0" errors="0" time="450.305" skipped="0" timestamp="2024-02-05 16:01:31" hostname="Home - 169.254.43.143" id="Test Suites/Lockscreens">
      <properties>
         <property name="deviceName" value=""/>
         <property name="devicePlatform" value=""/>
         <property name="logFolder" value="C:\\Users\\Home\\git\\Katalon\\Reports\\20240205_153926\\Lockscreens\\20240205_153936"/>
         <property name="logFiles" value="C:\\Users\\Home\\git\\Katalon\\Reports\\20240205_153926\\Lockscreens\\20240205_153936\\execution0.log"/>
         <property name="attachments" value=""/>
         <property name="hostName" value="Home - 169.254.43.143"/>
         <property name="os" value="Windows 11 64bit"/>
         <property name="katalonVersion" value="9.0.0.212"/>
         <property name="browser" value="Chrome 120.0.0.0"/>
         <property name="hostAddress" value="169.254.143.118"/>
         <property name="sessionId" value="7c7eaaad3459b036245850007b92c713"/>
         <property name="seleniumVersion" value="3.141.59"/>
         <property name="proxyInformation" value="ProxyInformation { proxyOption=NO_PROXY, proxyServerType=HTTP, username=, password=********, proxyServerAddress=, proxyServerPort=0, executionList=&quot;&quot;, isApplyToDesiredCapabilities=true }"/>
         <property name="platform" value="Windows 11"/>
      </properties>
      <testcase name="Test Cases/Login Test Cases/Login with Valid Credentials" time="12.463" classname="Test Cases/Login Test Cases/Login with Valid Credentials" status="PASSED">
         <system-out><![CDATA[2024-02-05 16:01:31 - [TEST_CASE][PASSED] - Test Cases/Login Test Cases/Login with Valid Credentials: Test Cases/Login Test Cases/Login with Valid Credentials

2024-02-05 16:01:31 - [TEST_STEP][PASSED] - openBrowser(""): Browser is opened with url: ''

2024-02-05 16:01:31 - [MESSAGE][INFO] - Starting 'Chrome' driver

2024-02-05 16:01:31 - [MESSAGE][INFO] - Action delay is set to 0 milliseconds

2024-02-05 16:01:32 - [MESSAGE][PASSED] - Browser is opened with url: ''

2024-02-05 16:01:32 - [TEST_STEP][PASSED] - navigateToUrl("https://dadebug.commclouds.com/Demo/admin/auth"): Navigate to 'https://dadebug.commclouds.com/Demo/admin/auth' successfully

2024-02-05 16:01:33 - [MESSAGE][PASSED] - Navigate to 'https://dadebug.commclouds.com/Demo/admin/auth' successfully

2024-02-05 16:01:33 - [TEST_STEP][PASSED] - waitForPageLoad(3): Wait for page load successfully

2024-02-05 16:01:34 - [MESSAGE][PASSED] - Wait for page load successfully

2024-02-05 16:01:34 - [TEST_STEP][PASSED] - maximizeWindow(): Current window maximized

2024-02-05 16:01:34 - [MESSAGE][PASSED] - Current window maximized

2024-02-05 16:01:34 - [TEST_STEP][PASSED] - verifyElementPresent(findTestObject("Login Page/DAlogo"), 2): Object 'Object Repository/Login Page/DAlogo' is present

2024-02-05 16:01:35 - [MESSAGE][PASSED] - Object 'Object Repository/Login Page/DAlogo' is present

2024-02-05 16:01:35 - [TEST_STEP][PASSED] - verifyElementPresent(findTestObject("Login Page/Version number"), 2): Object 'Object Repository/Login Page/Version number' is present

2024-02-05 16:01:35 - [MESSAGE][PASSED] - Object 'Object Repository/Login Page/Version number' is present

2024-02-05 16:01:35 - [TEST_STEP][PASSED] - verifyElementText(findTestObject("Login Page/Version number"), "Version: 11.3.0.6"): Actual text and expected text of test object 'Object Repository/Login Page/Version number' are matched.

2024-02-05 16:01:35 - [MESSAGE][PASSED] - Actual text and expected text of test object 'Object Repository/Login Page/Version number' are matched.

2024-02-05 16:01:35 - [TEST_STEP][PASSED] - setText(findTestObject("Object Repository/Login Page/Login input field"), "Zoya"): Text 'Zoya' is set on object 'Object Repository/Login Page/Login input field'

2024-02-05 16:01:36 - [MESSAGE][PASSED] - Text 'Zoya' is set on object 'Object Repository/Login Page/Login input field'

2024-02-05 16:01:36 - [TEST_STEP][PASSED] - setEncryptedText(findTestObject("Object Repository/Login Page/Password input field"), "tzH6RvlfSTg="): Text ****** has been set on object 'Object Repository/Login Page/Password input field'

2024-02-05 16:01:36 - [MESSAGE][PASSED] - Text ****** has been set on object 'Object Repository/Login Page/Password input field'

2024-02-05 16:01:36 - [TEST_STEP][PASSED] - click(findTestObject("Object Repository/Login Page/button_Log in")): Object: 'Object Repository/Login Page/button_Log in' is clicked on

2024-02-05 16:01:37 - [MESSAGE][PASSED] - Object: 'Object Repository/Login Page/button_Log in' is clicked on

2024-02-05 16:01:37 - [TEST_STEP][PASSED] - delay(4): Delayed 4 second(s)

2024-02-05 16:01:41 - [MESSAGE][PASSED] - Delayed 4 second(s)

2024-02-05 16:01:41 - [TEST_STEP][PASSED] - verifyElementPresent(findTestObject("Object Repository/Login Page/h1_Dashboard"), 4): Object 'Object Repository/Login Page/h1_Dashboard' is present

2024-02-05 16:01:41 - [MESSAGE][PASSED] - Object 'Object Repository/Login Page/h1_Dashboard' is present]]></system-out>
         <system-err><![CDATA[]]></system-err>
      </testcase>
      <testcase name="Test Cases/Lockscreens/Send Lockscreen JPG (TC-20)" time="102.598" classname="Test Cases/Lockscreens/Send Lockscreen JPG (TC-20)" status="PASSED">
         <system-out><![CDATA[2024-02-05 16:01:43 - [TEST_CASE][PASSED] - Test Cases/Lockscreens/Send Lockscreen JPG (TC-20): Test Cases/Lockscreens/Send Lockscreen JPG (TC-20)

2024-02-05 16:01:43 - [TEST_STEP][PASSED] - click(findTestObject("Dashboard Page/Compose alert button expansion")): Object: 'Object Repository/Dashboard Page/Compose alert button expansion' is clicked on

2024-02-05 16:01:44 - [MESSAGE][PASSED] - Object: 'Object Repository/Dashboard Page/Compose alert button expansion' is clicked on

2024-02-05 16:01:44 - [TEST_STEP][PASSED] - click(findTestObject("Dashboard Page/Lockscreens")): Object: 'Object Repository/Dashboard Page/Lockscreens' is clicked on

2024-02-05 16:01:44 - [MESSAGE][PASSED] - Object: 'Object Repository/Dashboard Page/Lockscreens' is clicked on

2024-02-05 16:01:44 - [TEST_STEP][PASSED] - verifyElementText(findTestObject("Lockscreen/Create Lockscreen header"), "Create Lockscreen"): Actual text and expected text of test object 'Object Repository/Lockscreen/Create Lockscreen header' are matched.

2024-02-05 16:01:45 - [MESSAGE][PASSED] - Actual text and expected text of test object 'Object Repository/Lockscreen/Create Lockscreen header' are matched.

2024-02-05 16:01:45 - [TEST_STEP][PASSED] - click(findTestObject("Wallpapers/more")): Object: 'Object Repository/Wallpapers/more' is clicked on

2024-02-05 16:01:45 - [MESSAGE][PASSED] - Object: 'Object Repository/Wallpapers/more' is clicked on

2024-02-05 16:01:45 - [TEST_STEP][PASSED] - click(findTestObject("Create Pop-up Alert Page/Choose recipients modal window/Filter field")): Object: 'Object Repository/Create Pop-up Alert Page/Choose recipients modal window/Filter field' is clicked on

2024-02-05 16:01:46 - [MESSAGE][PASSED] - Object: 'Object Repository/Create Pop-up Alert Page/Choose recipients modal window/Filter field' is clicked on

2024-02-05 16:01:46 - [TEST_STEP][PASSED] - setText(findTestObject("Create Pop-up Alert Page/Choose recipients modal window/Filter field"), "LAPTOP-E6BU4LL9"): Text 'LAPTOP-E6BU4LL9' is set on object 'Object Repository/Create Pop-up Alert Page/Choose recipients modal window/Filter field'

2024-02-05 16:01:47 - [MESSAGE][PASSED] - Text 'LAPTOP-E6BU4LL9' is set on object 'Object Repository/Create Pop-up Alert Page/Choose recipients modal window/Filter field'

2024-02-05 16:01:47 - [TEST_STEP][PASSED] - verifyElementText(findTestObject("Create Pop-up Alert Page/Choose recipients modal window/All user list-filtered"), "LAPTOP-E6BU4LL9 "): Actual text and expected text of test object 'Object Repository/Create Pop-up Alert Page/Choose recipients modal window/All user list-filtered' are matched.

2024-02-05 16:01:48 - [MESSAGE][PASSED] - Actual text and expected text of test object 'Object Repository/Create Pop-up Alert Page/Choose recipients modal window/All user list-filtered' are matched.

2024-02-05 16:01:48 - [TEST_STEP][PASSED] - click(findTestObject("Create Pop-up Alert Page/Choose recipients modal window/filtered user selection")): Object: 'Object Repository/Create Pop-up Alert Page/Choose recipients modal window/filtered user selection' is clicked on

2024-02-05 16:01:49 - [MESSAGE][PASSED] - Object: 'Object Repository/Create Pop-up Alert Page/Choose recipients modal window/filtered user selection' is clicked on

2024-02-05 16:01:49 - [TEST_STEP][PASSED] - click(findTestObject("Wallpapers/Done")): Object: 'Object Repository/Wallpapers/Done' is clicked on

2024-02-05 16:01:49 - [MESSAGE][PASSED] - Object: 'Object Repository/Wallpapers/Done' is clicked on

2024-02-05 16:01:49 - [TEST_STEP][PASSED] - setText(findTestObject("Create Pop-up Alert Page/Alert Title field"), "TC-20"): Text 'TC-20' is set on object 'Object Repository/Create Pop-up Alert Page/Alert Title field'

2024-02-05 16:01:50 - [MESSAGE][PASSED] - Text 'TC-20' is set on object 'Object Repository/Create Pop-up Alert Page/Alert Title field'

2024-02-05 16:01:50 - [TEST_STEP][PASSED] - verifyElementPresent(findTestObject("Wallpapers/Upload wallpaper area"), 2): Object 'Object Repository/Wallpapers/Upload wallpaper area' is present

2024-02-05 16:01:50 - [MESSAGE][PASSED] - Object 'Object Repository/Wallpapers/Upload wallpaper area' is present

2024-02-05 16:01:50 - [TEST_STEP][PASSED] - uploadFileWithDragAndDrop(findTestObject("Wallpapers/Upload wallpaper area"), "C:\Users\Home\git\Katalon\Imagesfortest\river.jpg"): null

2024-02-05 16:01:51 - [TEST_STEP][PASSED] - delay(90): Delayed 90 second(s)

2024-02-05 16:03:21 - [MESSAGE][PASSED] - Delayed 90 second(s)

2024-02-05 16:03:21 - [TEST_STEP][PASSED] - getAttribute(findTestObject("Wallpapers/uploaded wallpaper file"), "src"): Attribute 'src' of object 'Object Repository/Wallpapers/uploaded wallpaper file' is: 'https://dadebug.commclouds.com/Demo/admin/upload/river-36265.jpg'

2024-02-05 16:03:21 - [MESSAGE][PASSED] - Attribute 'src' of object 'Object Repository/Wallpapers/uploaded wallpaper file' is: 'https://dadebug.commclouds.com/Demo/admin/upload/river-36265.jpg'

2024-02-05 16:03:21 - [TEST_STEP][PASSED] - click(findTestObject("Wallpapers/Send wallpaper button")): Object: 'Object Repository/Wallpapers/Send wallpaper button' is clicked on

2024-02-05 16:03:21 - [MESSAGE][PASSED] - Object: 'Object Repository/Wallpapers/Send wallpaper button' is clicked on

2024-02-05 16:03:21 - [TEST_STEP][PASSED] - waitForPageLoad(2): Wait for page load successfully

2024-02-05 16:03:21 - [MESSAGE][PASSED] - Wait for page load successfully

2024-02-05 16:03:21 - [TEST_STEP][PASSED] - setText(findTestObject("Pop-up Alerts page/Search by title field"), "TC-20"): Text 'TC-20' is set on object 'Object Repository/Pop-up Alerts page/Search by title field'

2024-02-05 16:03:23 - [MESSAGE][PASSED] - Text 'TC-20' is set on object 'Object Repository/Pop-up Alerts page/Search by title field'

2024-02-05 16:03:23 - [TEST_STEP][PASSED] - verifyElementText(findTestObject("Pop-up Alerts page/Filtered sent alert"), "TC-20"): Actual text and expected text of test object 'Object Repository/Pop-up Alerts page/Filtered sent alert' are matched.

2024-02-05 16:03:24 - [MESSAGE][PASSED] - Actual text and expected text of test object 'Object Repository/Pop-up Alerts page/Filtered sent alert' are matched.]]></system-out>
         <system-err><![CDATA[]]></system-err>
      </testcase>
      <testcase name="Test Cases/Lockscreens/Send Lockscreen PNG (TC-21)" time="102.553" classname="Test Cases/Lockscreens/Send Lockscreen PNG (TC-21)" status="PASSED">
         <system-out><![CDATA[2024-02-05 16:03:26 - [TEST_CASE][PASSED] - Test Cases/Lockscreens/Send Lockscreen PNG (TC-21): Test Cases/Lockscreens/Send Lockscreen PNG (TC-21)

2024-02-05 16:03:26 - [TEST_STEP][PASSED] - click(findTestObject("Dashboard Page/Compose alert button expansion")): Object: 'Object Repository/Dashboard Page/Compose alert button expansion' is clicked on

2024-02-05 16:03:26 - [MESSAGE][PASSED] - Object: 'Object Repository/Dashboard Page/Compose alert button expansion' is clicked on

2024-02-05 16:03:26 - [TEST_STEP][PASSED] - click(findTestObject("Dashboard Page/Lockscreens")): Object: 'Object Repository/Dashboard Page/Lockscreens' is clicked on

2024-02-05 16:03:27 - [MESSAGE][PASSED] - Object: 'Object Repository/Dashboard Page/Lockscreens' is clicked on

2024-02-05 16:03:27 - [TEST_STEP][PASSED] - verifyElementText(findTestObject("Lockscreen/Create Lockscreen header"), "Create Lockscreen"): Actual text and expected text of test object 'Object Repository/Lockscreen/Create Lockscreen header' are matched.

2024-02-05 16:03:27 - [MESSAGE][PASSED] - Actual text and expected text of test object 'Object Repository/Lockscreen/Create Lockscreen header' are matched.

2024-02-05 16:03:27 - [TEST_STEP][PASSED] - click(findTestObject("Wallpapers/more")): Object: 'Object Repository/Wallpapers/more' is clicked on

2024-02-05 16:03:28 - [MESSAGE][PASSED] - Object: 'Object Repository/Wallpapers/more' is clicked on

2024-02-05 16:03:28 - [TEST_STEP][PASSED] - click(findTestObject("Create Pop-up Alert Page/Choose recipients modal window/Filter field")): Object: 'Object Repository/Create Pop-up Alert Page/Choose recipients modal window/Filter field' is clicked on

2024-02-05 16:03:28 - [MESSAGE][PASSED] - Object: 'Object Repository/Create Pop-up Alert Page/Choose recipients modal window/Filter field' is clicked on

2024-02-05 16:03:28 - [TEST_STEP][PASSED] - setText(findTestObject("Create Pop-up Alert Page/Choose recipients modal window/Filter field"), "LAPTOP-E6BU4LL9"): Text 'LAPTOP-E6BU4LL9' is set on object 'Object Repository/Create Pop-up Alert Page/Choose recipients modal window/Filter field'

2024-02-05 16:03:30 - [MESSAGE][PASSED] - Text 'LAPTOP-E6BU4LL9' is set on object 'Object Repository/Create Pop-up Alert Page/Choose recipients modal window/Filter field'

2024-02-05 16:03:30 - [TEST_STEP][PASSED] - verifyElementText(findTestObject("Create Pop-up Alert Page/Choose recipients modal window/All user list-filtered"), "LAPTOP-E6BU4LL9 "): Actual text and expected text of test object 'Object Repository/Create Pop-up Alert Page/Choose recipients modal window/All user list-filtered' are matched.

2024-02-05 16:03:31 - [MESSAGE][PASSED] - Actual text and expected text of test object 'Object Repository/Create Pop-up Alert Page/Choose recipients modal window/All user list-filtered' are matched.

2024-02-05 16:03:31 - [TEST_STEP][PASSED] - click(findTestObject("Create Pop-up Alert Page/Choose recipients modal window/filtered user selection")): Object: 'Object Repository/Create Pop-up Alert Page/Choose recipients modal window/filtered user selection' is clicked on

2024-02-05 16:03:31 - [MESSAGE][PASSED] - Object: 'Object Repository/Create Pop-up Alert Page/Choose recipients modal window/filtered user selection' is clicked on

2024-02-05 16:03:32 - [TEST_STEP][PASSED] - click(findTestObject("Wallpapers/Done")): Object: 'Object Repository/Wallpapers/Done' is clicked on

2024-02-05 16:03:32 - [MESSAGE][PASSED] - Object: 'Object Repository/Wallpapers/Done' is clicked on

2024-02-05 16:03:32 - [TEST_STEP][PASSED] - setText(findTestObject("Create Pop-up Alert Page/Alert Title field"), "TC-21"): Text 'TC-21' is set on object 'Object Repository/Create Pop-up Alert Page/Alert Title field'

2024-02-05 16:03:33 - [MESSAGE][PASSED] - Text 'TC-21' is set on object 'Object Repository/Create Pop-up Alert Page/Alert Title field'

2024-02-05 16:03:33 - [TEST_STEP][PASSED] - verifyElementPresent(findTestObject("Wallpapers/Upload wallpaper area"), 2): Object 'Object Repository/Wallpapers/Upload wallpaper area' is present

2024-02-05 16:03:33 - [MESSAGE][PASSED] - Object 'Object Repository/Wallpapers/Upload wallpaper area' is present

2024-02-05 16:03:33 - [TEST_STEP][PASSED] - uploadFileWithDragAndDrop(findTestObject("Wallpapers/Upload wallpaper area"), "C:\Users\Home\git\Katalon\Imagesfortest\rocks.png"): null

2024-02-05 16:03:34 - [TEST_STEP][PASSED] - delay(90): Delayed 90 second(s)

2024-02-05 16:05:04 - [MESSAGE][PASSED] - Delayed 90 second(s)

2024-02-05 16:05:04 - [TEST_STEP][PASSED] - getAttribute(findTestObject("Wallpapers/uploaded wallpaper file"), "src"): Attribute 'src' of object 'Object Repository/Wallpapers/uploaded wallpaper file' is: 'https://dadebug.commclouds.com/Demo/admin/upload/rocks-86058.png'

2024-02-05 16:05:04 - [MESSAGE][PASSED] - Attribute 'src' of object 'Object Repository/Wallpapers/uploaded wallpaper file' is: 'https://dadebug.commclouds.com/Demo/admin/upload/rocks-86058.png'

2024-02-05 16:05:04 - [TEST_STEP][PASSED] - click(findTestObject("Wallpapers/Send wallpaper button")): Object: 'Object Repository/Wallpapers/Send wallpaper button' is clicked on

2024-02-05 16:05:04 - [MESSAGE][PASSED] - Object: 'Object Repository/Wallpapers/Send wallpaper button' is clicked on

2024-02-05 16:05:04 - [TEST_STEP][PASSED] - waitForPageLoad(2): Wait for page load successfully

2024-02-05 16:05:04 - [MESSAGE][PASSED] - Wait for page load successfully

2024-02-05 16:05:04 - [TEST_STEP][PASSED] - setText(findTestObject("Pop-up Alerts page/Search by title field"), "TC-21"): Text 'TC-21' is set on object 'Object Repository/Pop-up Alerts page/Search by title field'

2024-02-05 16:05:06 - [MESSAGE][PASSED] - Text 'TC-21' is set on object 'Object Repository/Pop-up Alerts page/Search by title field'

2024-02-05 16:05:06 - [TEST_STEP][PASSED] - verifyElementText(findTestObject("Pop-up Alerts page/Filtered sent alert"), "TC-21"): Actual text and expected text of test object 'Object Repository/Pop-up Alerts page/Filtered sent alert' are matched.

2024-02-05 16:05:06 - [MESSAGE][PASSED] - Actual text and expected text of test object 'Object Repository/Pop-up Alerts page/Filtered sent alert' are matched.]]></system-out>
         <system-err><![CDATA[]]></system-err>
      </testcase>
      <testcase name="Test Cases/Lockscreens/Send Lockscreen BMP (TC-22)" time="103.597" classname="Test Cases/Lockscreens/Send Lockscreen BMP (TC-22)" status="PASSED">
         <system-out><![CDATA[2024-02-05 16:05:08 - [TEST_CASE][PASSED] - Test Cases/Lockscreens/Send Lockscreen BMP (TC-22): Test Cases/Lockscreens/Send Lockscreen BMP (TC-22)

2024-02-05 16:05:08 - [TEST_STEP][PASSED] - click(findTestObject("Dashboard Page/Compose alert button expansion")): Object: 'Object Repository/Dashboard Page/Compose alert button expansion' is clicked on

2024-02-05 16:05:09 - [MESSAGE][PASSED] - Object: 'Object Repository/Dashboard Page/Compose alert button expansion' is clicked on

2024-02-05 16:05:09 - [TEST_STEP][PASSED] - click(findTestObject("Dashboard Page/Lockscreens")): Object: 'Object Repository/Dashboard Page/Lockscreens' is clicked on

2024-02-05 16:05:09 - [MESSAGE][PASSED] - Object: 'Object Repository/Dashboard Page/Lockscreens' is clicked on

2024-02-05 16:05:09 - [TEST_STEP][PASSED] - verifyElementText(findTestObject("Lockscreen/Create Lockscreen header"), "Create Lockscreen"): Actual text and expected text of test object 'Object Repository/Lockscreen/Create Lockscreen header' are matched.

2024-02-05 16:05:10 - [MESSAGE][PASSED] - Actual text and expected text of test object 'Object Repository/Lockscreen/Create Lockscreen header' are matched.

2024-02-05 16:05:10 - [TEST_STEP][PASSED] - click(findTestObject("Wallpapers/more")): Object: 'Object Repository/Wallpapers/more' is clicked on

2024-02-05 16:05:10 - [MESSAGE][PASSED] - Object: 'Object Repository/Wallpapers/more' is clicked on

2024-02-05 16:05:10 - [TEST_STEP][PASSED] - click(findTestObject("Create Pop-up Alert Page/Choose recipients modal window/Filter field")): Object: 'Object Repository/Create Pop-up Alert Page/Choose recipients modal window/Filter field' is clicked on

2024-02-05 16:05:12 - [MESSAGE][PASSED] - Object: 'Object Repository/Create Pop-up Alert Page/Choose recipients modal window/Filter field' is clicked on

2024-02-05 16:05:12 - [TEST_STEP][PASSED] - setText(findTestObject("Create Pop-up Alert Page/Choose recipients modal window/Filter field"), "LAPTOP-E6BU4LL9"): Text 'LAPTOP-E6BU4LL9' is set on object 'Object Repository/Create Pop-up Alert Page/Choose recipients modal window/Filter field'

2024-02-05 16:05:13 - [MESSAGE][PASSED] - Text 'LAPTOP-E6BU4LL9' is set on object 'Object Repository/Create Pop-up Alert Page/Choose recipients modal window/Filter field'

2024-02-05 16:05:13 - [TEST_STEP][PASSED] - verifyElementText(findTestObject("Create Pop-up Alert Page/Choose recipients modal window/All user list-filtered"), "LAPTOP-E6BU4LL9 "): Actual text and expected text of test object 'Object Repository/Create Pop-up Alert Page/Choose recipients modal window/All user list-filtered' are matched.

2024-02-05 16:05:14 - [MESSAGE][PASSED] - Actual text and expected text of test object 'Object Repository/Create Pop-up Alert Page/Choose recipients modal window/All user list-filtered' are matched.

2024-02-05 16:05:14 - [TEST_STEP][PASSED] - click(findTestObject("Create Pop-up Alert Page/Choose recipients modal window/filtered user selection")): Object: 'Object Repository/Create Pop-up Alert Page/Choose recipients modal window/filtered user selection' is clicked on

2024-02-05 16:05:15 - [MESSAGE][PASSED] - Object: 'Object Repository/Create Pop-up Alert Page/Choose recipients modal window/filtered user selection' is clicked on

2024-02-05 16:05:15 - [TEST_STEP][PASSED] - click(findTestObject("Wallpapers/Done")): Object: 'Object Repository/Wallpapers/Done' is clicked on

2024-02-05 16:05:15 - [MESSAGE][PASSED] - Object: 'Object Repository/Wallpapers/Done' is clicked on

2024-02-05 16:05:15 - [TEST_STEP][PASSED] - setText(findTestObject("Create Pop-up Alert Page/Alert Title field"), "TC-22"): Text 'TC-22' is set on object 'Object Repository/Create Pop-up Alert Page/Alert Title field'

2024-02-05 16:05:16 - [MESSAGE][PASSED] - Text 'TC-22' is set on object 'Object Repository/Create Pop-up Alert Page/Alert Title field'

2024-02-05 16:05:16 - [TEST_STEP][PASSED] - verifyElementPresent(findTestObject("Wallpapers/Upload wallpaper area"), 2): Object 'Object Repository/Wallpapers/Upload wallpaper area' is present

2024-02-05 16:05:16 - [MESSAGE][PASSED] - Object 'Object Repository/Wallpapers/Upload wallpaper area' is present

2024-02-05 16:05:16 - [TEST_STEP][PASSED] - uploadFileWithDragAndDrop(findTestObject("Wallpapers/Upload wallpaper area"), "C:\Users\Home\git\Katalon\Imagesfortest\future.bmp"): null

2024-02-05 16:05:17 - [TEST_STEP][PASSED] - delay(90): Delayed 90 second(s)

2024-02-05 16:06:47 - [MESSAGE][PASSED] - Delayed 90 second(s)

2024-02-05 16:06:47 - [TEST_STEP][PASSED] - getAttribute(findTestObject("Wallpapers/uploaded wallpaper file"), "src"): Attribute 'src' of object 'Object Repository/Wallpapers/uploaded wallpaper file' is: 'https://dadebug.commclouds.com/Demo/admin/upload/future-1759.bmp'

2024-02-05 16:06:47 - [MESSAGE][PASSED] - Attribute 'src' of object 'Object Repository/Wallpapers/uploaded wallpaper file' is: 'https://dadebug.commclouds.com/Demo/admin/upload/future-1759.bmp'

2024-02-05 16:06:47 - [TEST_STEP][PASSED] - click(findTestObject("Wallpapers/Send wallpaper button")): Object: 'Object Repository/Wallpapers/Send wallpaper button' is clicked on

2024-02-05 16:06:47 - [MESSAGE][PASSED] - Object: 'Object Repository/Wallpapers/Send wallpaper button' is clicked on

2024-02-05 16:06:47 - [TEST_STEP][PASSED] - waitForPageLoad(2): Wait for page load successfully

2024-02-05 16:06:47 - [MESSAGE][PASSED] - Wait for page load successfully

2024-02-05 16:06:47 - [TEST_STEP][PASSED] - setText(findTestObject("Pop-up Alerts page/Search by title field"), "TC-22"): Text 'TC-22' is set on object 'Object Repository/Pop-up Alerts page/Search by title field'

2024-02-05 16:06:50 - [MESSAGE][PASSED] - Text 'TC-22' is set on object 'Object Repository/Pop-up Alerts page/Search by title field'

2024-02-05 16:06:50 - [TEST_STEP][PASSED] - verifyElementText(findTestObject("Pop-up Alerts page/Filtered sent alert"), "TC-22"): Actual text and expected text of test object 'Object Repository/Pop-up Alerts page/Filtered sent alert' are matched.

2024-02-05 16:06:50 - [MESSAGE][PASSED] - Actual text and expected text of test object 'Object Repository/Pop-up Alerts page/Filtered sent alert' are matched.]]></system-out>
         <system-err><![CDATA[]]></system-err>
      </testcase>
      <testcase name="Test Cases/Lockscreens/Send Lockscreen with image from the server (TC-24)" time="24.199" classname="Test Cases/Lockscreens/Send Lockscreen with image from the server (TC-24)" status="PASSED">
         <system-out><![CDATA[2024-02-05 16:06:52 - [TEST_CASE][PASSED] - Test Cases/Lockscreens/Send Lockscreen with image from the server (TC-24): Test Cases/Lockscreens/Send Lockscreen with image from the server (TC-24)

2024-02-05 16:06:52 - [TEST_STEP][PASSED] - callTestCase(findTestCase("Login Test Cases/Login with Valid Credentials"), [:], STOP_ON_FAILURE): Call Test Case 'Test Cases/Login Test Cases/Login with Valid Credentials' successfully

2024-02-05 16:06:52 - [TEST_CASE][PASSED] - Test Cases/Login Test Cases/Login with Valid Credentials: Test Cases/Login Test Cases/Login with Valid Credentials

2024-02-05 16:06:52 - [TEST_STEP][PASSED] - openBrowser(""): Browser is opened with url: ''

2024-02-05 16:06:52 - [MESSAGE][WARNING] - A browser is already opened. Closing browser and opening a new one

2024-02-05 16:06:52 - [MESSAGE][INFO] - Starting 'Chrome' driver

2024-02-05 16:06:52 - [MESSAGE][INFO] - Action delay is set to 0 milliseconds

2024-02-05 16:06:53 - [MESSAGE][PASSED] - Browser is opened with url: ''

2024-02-05 16:06:53 - [TEST_STEP][PASSED] - navigateToUrl("https://dadebug.commclouds.com/Demo/admin/auth"): Navigate to 'https://dadebug.commclouds.com/Demo/admin/auth' successfully

2024-02-05 16:06:54 - [MESSAGE][PASSED] - Navigate to 'https://dadebug.commclouds.com/Demo/admin/auth' successfully

2024-02-05 16:06:54 - [TEST_STEP][PASSED] - waitForPageLoad(3): Wait for page load successfully

2024-02-05 16:06:54 - [MESSAGE][PASSED] - Wait for page load successfully

2024-02-05 16:06:54 - [TEST_STEP][PASSED] - maximizeWindow(): Current window maximized

2024-02-05 16:06:54 - [MESSAGE][PASSED] - Current window maximized

2024-02-05 16:06:54 - [TEST_STEP][PASSED] - verifyElementPresent(findTestObject("Login Page/DAlogo"), 2): Object 'Object Repository/Login Page/DAlogo' is present

2024-02-05 16:06:56 - [MESSAGE][PASSED] - Object 'Object Repository/Login Page/DAlogo' is present

2024-02-05 16:06:56 - [TEST_STEP][PASSED] - verifyElementPresent(findTestObject("Login Page/Version number"), 2): Object 'Object Repository/Login Page/Version number' is present

2024-02-05 16:06:56 - [MESSAGE][PASSED] - Object 'Object Repository/Login Page/Version number' is present

2024-02-05 16:06:56 - [TEST_STEP][PASSED] - verifyElementText(findTestObject("Login Page/Version number"), "Version: 11.3.0.6"): Actual text and expected text of test object 'Object Repository/Login Page/Version number' are matched.

2024-02-05 16:06:56 - [MESSAGE][PASSED] - Actual text and expected text of test object 'Object Repository/Login Page/Version number' are matched.

2024-02-05 16:06:56 - [TEST_STEP][PASSED] - setText(findTestObject("Object Repository/Login Page/Login input field"), "Zoya"): Text 'Zoya' is set on object 'Object Repository/Login Page/Login input field'

2024-02-05 16:06:57 - [MESSAGE][PASSED] - Text 'Zoya' is set on object 'Object Repository/Login Page/Login input field'

2024-02-05 16:06:57 - [TEST_STEP][PASSED] - setEncryptedText(findTestObject("Object Repository/Login Page/Password input field"), "tzH6RvlfSTg="): Text ****** has been set on object 'Object Repository/Login Page/Password input field'

2024-02-05 16:06:57 - [MESSAGE][PASSED] - Text ****** has been set on object 'Object Repository/Login Page/Password input field'

2024-02-05 16:06:57 - [TEST_STEP][PASSED] - click(findTestObject("Object Repository/Login Page/button_Log in")): Object: 'Object Repository/Login Page/button_Log in' is clicked on

2024-02-05 16:06:58 - [MESSAGE][PASSED] - Object: 'Object Repository/Login Page/button_Log in' is clicked on

2024-02-05 16:06:58 - [TEST_STEP][PASSED] - delay(4): Delayed 4 second(s)

2024-02-05 16:07:02 - [MESSAGE][PASSED] - Delayed 4 second(s)

2024-02-05 16:07:02 - [TEST_STEP][PASSED] - verifyElementPresent(findTestObject("Object Repository/Login Page/h1_Dashboard"), 4): Object 'Object Repository/Login Page/h1_Dashboard' is present

2024-02-05 16:07:02 - [MESSAGE][PASSED] - Object 'Object Repository/Login Page/h1_Dashboard' is present

2024-02-05 16:07:02 - [MESSAGE][PASSED] - Call Test Case 'Test Cases/Login Test Cases/Login with Valid Credentials' successfully

2024-02-05 16:07:02 - [TEST_STEP][PASSED] - click(findTestObject("Dashboard Page/Compose alert button expansion")): Object: 'Object Repository/Dashboard Page/Compose alert button expansion' is clicked on

2024-02-05 16:07:02 - [MESSAGE][PASSED] - Object: 'Object Repository/Dashboard Page/Compose alert button expansion' is clicked on

2024-02-05 16:07:02 - [TEST_STEP][PASSED] - click(findTestObject("Dashboard Page/Lockscreens")): Object: 'Object Repository/Dashboard Page/Lockscreens' is clicked on

2024-02-05 16:07:03 - [MESSAGE][PASSED] - Object: 'Object Repository/Dashboard Page/Lockscreens' is clicked on

2024-02-05 16:07:03 - [TEST_STEP][PASSED] - verifyElementText(findTestObject("Lockscreen/Create Lockscreen header"), "Create Lockscreen"): Actual text and expected text of test object 'Object Repository/Lockscreen/Create Lockscreen header' are matched.

2024-02-05 16:07:04 - [MESSAGE][PASSED] - Actual text and expected text of test object 'Object Repository/Lockscreen/Create Lockscreen header' are matched.

2024-02-05 16:07:04 - [TEST_STEP][PASSED] - click(findTestObject("Wallpapers/more")): Object: 'Object Repository/Wallpapers/more' is clicked on

2024-02-05 16:07:04 - [MESSAGE][PASSED] - Object: 'Object Repository/Wallpapers/more' is clicked on

2024-02-05 16:07:04 - [TEST_STEP][PASSED] - click(findTestObject("Create Pop-up Alert Page/Choose recipients modal window/Filter field")): Object: 'Object Repository/Create Pop-up Alert Page/Choose recipients modal window/Filter field' is clicked on

2024-02-05 16:07:05 - [MESSAGE][PASSED] - Object: 'Object Repository/Create Pop-up Alert Page/Choose recipients modal window/Filter field' is clicked on

2024-02-05 16:07:05 - [TEST_STEP][PASSED] - setText(findTestObject("Create Pop-up Alert Page/Choose recipients modal window/Filter field"), "LAPTOP-E6BU4LL9"): Text 'LAPTOP-E6BU4LL9' is set on object 'Object Repository/Create Pop-up Alert Page/Choose recipients modal window/Filter field'

2024-02-05 16:07:06 - [MESSAGE][PASSED] - Text 'LAPTOP-E6BU4LL9' is set on object 'Object Repository/Create Pop-up Alert Page/Choose recipients modal window/Filter field'

2024-02-05 16:07:06 - [TEST_STEP][PASSED] - verifyElementText(findTestObject("Create Pop-up Alert Page/Choose recipients modal window/All user list-filtered"), "LAPTOP-E6BU4LL9 "): Actual text and expected text of test object 'Object Repository/Create Pop-up Alert Page/Choose recipients modal window/All user list-filtered' are matched.

2024-02-05 16:07:07 - [MESSAGE][PASSED] - Actual text and expected text of test object 'Object Repository/Create Pop-up Alert Page/Choose recipients modal window/All user list-filtered' are matched.

2024-02-05 16:07:07 - [TEST_STEP][PASSED] - click(findTestObject("Create Pop-up Alert Page/Choose recipients modal window/filtered user selection")): Object: 'Object Repository/Create Pop-up Alert Page/Choose recipients modal window/filtered user selection' is clicked on

2024-02-05 16:07:08 - [MESSAGE][PASSED] - Object: 'Object Repository/Create Pop-up Alert Page/Choose recipients modal window/filtered user selection' is clicked on

2024-02-05 16:07:08 - [TEST_STEP][PASSED] - click(findTestObject("Wallpapers/Done")): Object: 'Object Repository/Wallpapers/Done' is clicked on

2024-02-05 16:07:08 - [MESSAGE][PASSED] - Object: 'Object Repository/Wallpapers/Done' is clicked on

2024-02-05 16:07:08 - [TEST_STEP][PASSED] - setText(findTestObject("Create Pop-up Alert Page/Alert Title field"), "TC-24"): Text 'TC-24' is set on object 'Object Repository/Create Pop-up Alert Page/Alert Title field'

2024-02-05 16:07:09 - [MESSAGE][PASSED] - Text 'TC-24' is set on object 'Object Repository/Create Pop-up Alert Page/Alert Title field'

2024-02-05 16:07:09 - [TEST_STEP][PASSED] - verifyElementPresent(findTestObject("Wallpapers/Upload wallpaper area"), 2): Object 'Object Repository/Wallpapers/Upload wallpaper area' is present

2024-02-05 16:07:09 - [MESSAGE][PASSED] - Object 'Object Repository/Wallpapers/Upload wallpaper area' is present

2024-02-05 16:07:09 - [TEST_STEP][PASSED] - click(findTestObject("Wallpapers/Select image from server button")): Object: 'Object Repository/Wallpapers/Select image from server button' is clicked on

2024-02-05 16:07:10 - [MESSAGE][PASSED] - Object: 'Object Repository/Wallpapers/Select image from server button' is clicked on

2024-02-05 16:07:10 - [TEST_STEP][PASSED] - click(findTestObject("Wallpapers/first image on a server")): Object: 'Object Repository/Wallpapers/first image on a server' is clicked on

2024-02-05 16:07:11 - [MESSAGE][PASSED] - Object: 'Object Repository/Wallpapers/first image on a server' is clicked on

2024-02-05 16:07:11 - [TEST_STEP][PASSED] - verifyElementPresent(findTestObject("Wallpapers/uploaded wallpaper file"), 1): Object 'Object Repository/Wallpapers/uploaded wallpaper file' is present

2024-02-05 16:07:11 - [MESSAGE][PASSED] - Object 'Object Repository/Wallpapers/uploaded wallpaper file' is present

2024-02-05 16:07:11 - [TEST_STEP][PASSED] - click(findTestObject("Wallpapers/Send wallpaper button")): Object: 'Object Repository/Wallpapers/Send wallpaper button' is clicked on

2024-02-05 16:07:12 - [MESSAGE][PASSED] - Object: 'Object Repository/Wallpapers/Send wallpaper button' is clicked on

2024-02-05 16:07:12 - [TEST_STEP][PASSED] - waitForPageLoad(2): Wait for page load successfully

2024-02-05 16:07:12 - [MESSAGE][PASSED] - Wait for page load successfully

2024-02-05 16:07:12 - [TEST_STEP][PASSED] - setText(findTestObject("Pop-up Alerts page/Search by title field"), "TC-24"): Text 'TC-24' is set on object 'Object Repository/Pop-up Alerts page/Search by title field'

2024-02-05 16:07:14 - [MESSAGE][PASSED] - Text 'TC-24' is set on object 'Object Repository/Pop-up Alerts page/Search by title field'

2024-02-05 16:07:14 - [TEST_STEP][PASSED] - verifyElementText(findTestObject("Pop-up Alerts page/Filtered sent alert"), "TC-24"): Actual text and expected text of test object 'Object Repository/Pop-up Alerts page/Filtered sent alert' are matched.

2024-02-05 16:07:14 - [MESSAGE][PASSED] - Actual text and expected text of test object 'Object Repository/Pop-up Alerts page/Filtered sent alert' are matched.]]></system-out>
         <system-err><![CDATA[]]></system-err>
      </testcase>
      <testcase name="Test Cases/Lockscreens/Draft Lockscreen (TC-23)" time="104.721" classname="Test Cases/Lockscreens/Draft Lockscreen (TC-23)" status="PASSED">
         <system-out><![CDATA[2024-02-05 16:07:16 - [TEST_CASE][PASSED] - Test Cases/Lockscreens/Draft Lockscreen (TC-23): Test Cases/Lockscreens/Draft Lockscreen (TC-23)

2024-02-05 16:07:16 - [TEST_STEP][PASSED] - click(findTestObject("Dashboard Page/Compose alert button expansion")): Object: 'Object Repository/Dashboard Page/Compose alert button expansion' is clicked on

2024-02-05 16:07:17 - [MESSAGE][PASSED] - Object: 'Object Repository/Dashboard Page/Compose alert button expansion' is clicked on

2024-02-05 16:07:17 - [TEST_STEP][PASSED] - click(findTestObject("Dashboard Page/Lockscreens")): Object: 'Object Repository/Dashboard Page/Lockscreens' is clicked on

2024-02-05 16:07:17 - [MESSAGE][PASSED] - Object: 'Object Repository/Dashboard Page/Lockscreens' is clicked on

2024-02-05 16:07:17 - [TEST_STEP][PASSED] - verifyElementText(findTestObject("Lockscreen/Create Lockscreen header"), "Create Lockscreen"): Actual text and expected text of test object 'Object Repository/Lockscreen/Create Lockscreen header' are matched.

2024-02-05 16:07:18 - [MESSAGE][PASSED] - Actual text and expected text of test object 'Object Repository/Lockscreen/Create Lockscreen header' are matched.

2024-02-05 16:07:18 - [TEST_STEP][PASSED] - click(findTestObject("Wallpapers/more")): Object: 'Object Repository/Wallpapers/more' is clicked on

2024-02-05 16:07:19 - [MESSAGE][PASSED] - Object: 'Object Repository/Wallpapers/more' is clicked on

2024-02-05 16:07:19 - [TEST_STEP][PASSED] - click(findTestObject("Create Pop-up Alert Page/Choose recipients modal window/Filter field")): Object: 'Object Repository/Create Pop-up Alert Page/Choose recipients modal window/Filter field' is clicked on

2024-02-05 16:07:19 - [MESSAGE][PASSED] - Object: 'Object Repository/Create Pop-up Alert Page/Choose recipients modal window/Filter field' is clicked on

2024-02-05 16:07:19 - [TEST_STEP][PASSED] - setText(findTestObject("Create Pop-up Alert Page/Choose recipients modal window/Filter field"), "LAPTOP-E6BU4LL9"): Text 'LAPTOP-E6BU4LL9' is set on object 'Object Repository/Create Pop-up Alert Page/Choose recipients modal window/Filter field'

2024-02-05 16:07:21 - [MESSAGE][PASSED] - Text 'LAPTOP-E6BU4LL9' is set on object 'Object Repository/Create Pop-up Alert Page/Choose recipients modal window/Filter field'

2024-02-05 16:07:21 - [TEST_STEP][PASSED] - verifyElementText(findTestObject("Create Pop-up Alert Page/Choose recipients modal window/All user list-filtered"), "LAPTOP-E6BU4LL9 "): Actual text and expected text of test object 'Object Repository/Create Pop-up Alert Page/Choose recipients modal window/All user list-filtered' are matched.

2024-02-05 16:07:23 - [MESSAGE][PASSED] - Actual text and expected text of test object 'Object Repository/Create Pop-up Alert Page/Choose recipients modal window/All user list-filtered' are matched.

2024-02-05 16:07:23 - [TEST_STEP][PASSED] - click(findTestObject("Create Pop-up Alert Page/Choose recipients modal window/filtered user selection")): Object: 'Object Repository/Create Pop-up Alert Page/Choose recipients modal window/filtered user selection' is clicked on

2024-02-05 16:07:23 - [MESSAGE][PASSED] - Object: 'Object Repository/Create Pop-up Alert Page/Choose recipients modal window/filtered user selection' is clicked on

2024-02-05 16:07:23 - [TEST_STEP][PASSED] - click(findTestObject("Wallpapers/Done")): Object: 'Object Repository/Wallpapers/Done' is clicked on

2024-02-05 16:07:24 - [MESSAGE][PASSED] - Object: 'Object Repository/Wallpapers/Done' is clicked on

2024-02-05 16:07:24 - [TEST_STEP][PASSED] - setText(findTestObject("Create Pop-up Alert Page/Alert Title field"), "TC-23"): Text 'TC-23' is set on object 'Object Repository/Create Pop-up Alert Page/Alert Title field'

2024-02-05 16:07:25 - [MESSAGE][PASSED] - Text 'TC-23' is set on object 'Object Repository/Create Pop-up Alert Page/Alert Title field'

2024-02-05 16:07:25 - [TEST_STEP][PASSED] - verifyElementPresent(findTestObject("Wallpapers/Upload wallpaper area"), 2): Object 'Object Repository/Wallpapers/Upload wallpaper area' is present

2024-02-05 16:07:25 - [MESSAGE][PASSED] - Object 'Object Repository/Wallpapers/Upload wallpaper area' is present

2024-02-05 16:07:25 - [TEST_STEP][PASSED] - uploadFileWithDragAndDrop(findTestObject("Wallpapers/Upload wallpaper area"), "C:\Users\Home\git\Katalon\Imagesfortest\icecity.jpg"): null

2024-02-05 16:07:26 - [TEST_STEP][PASSED] - delay(90): Delayed 90 second(s)

2024-02-05 16:08:56 - [MESSAGE][PASSED] - Delayed 90 second(s)

2024-02-05 16:08:56 - [TEST_STEP][PASSED] - getAttribute(findTestObject("Wallpapers/uploaded wallpaper file"), "src"): Attribute 'src' of object 'Object Repository/Wallpapers/uploaded wallpaper file' is: 'https://dadebug.commclouds.com/Demo/admin/upload/icecity-44161.jpg'

2024-02-05 16:08:56 - [MESSAGE][PASSED] - Attribute 'src' of object 'Object Repository/Wallpapers/uploaded wallpaper file' is: 'https://dadebug.commclouds.com/Demo/admin/upload/icecity-44161.jpg'

2024-02-05 16:08:56 - [TEST_STEP][PASSED] - click(findTestObject("Wallpapers/Save wallpaper button")): Object: 'Object Repository/Wallpapers/Save wallpaper button' is clicked on

2024-02-05 16:08:56 - [MESSAGE][PASSED] - Object: 'Object Repository/Wallpapers/Save wallpaper button' is clicked on

2024-02-05 16:08:56 - [TEST_STEP][PASSED] - click(findTestObject("Pop-up Alerts page/Draft tab")): Object: 'Object Repository/Pop-up Alerts page/Draft tab' is clicked on

2024-02-05 16:08:57 - [MESSAGE][PASSED] - Object: 'Object Repository/Pop-up Alerts page/Draft tab' is clicked on

2024-02-05 16:08:57 - [TEST_STEP][PASSED] - waitForPageLoad(2): Wait for page load successfully

2024-02-05 16:08:57 - [MESSAGE][PASSED] - Wait for page load successfully

2024-02-05 16:08:57 - [TEST_STEP][PASSED] - setText(findTestObject("Pop-up Alerts page/Search by title field"), "TC-23"): Text 'TC-23' is set on object 'Object Repository/Pop-up Alerts page/Search by title field'

2024-02-05 16:08:59 - [MESSAGE][PASSED] - Text 'TC-23' is set on object 'Object Repository/Pop-up Alerts page/Search by title field'

2024-02-05 16:08:59 - [TEST_STEP][PASSED] - verifyElementText(findTestObject("Pop-up Alerts page/Filtered sent alert"), "TC-23"): Actual text and expected text of test object 'Object Repository/Pop-up Alerts page/Filtered sent alert' are matched.

2024-02-05 16:08:59 - [MESSAGE][PASSED] - Actual text and expected text of test object 'Object Repository/Pop-up Alerts page/Filtered sent alert' are matched.]]></system-out>
         <system-err><![CDATA[]]></system-err>
      </testcase>
      <system-out><![CDATA[2024-02-05 16:01:31 - [TEST_SUITE][PASSED] - Lockscreens: Test Cases/Lockscreens/Draft Lockscreen (TC-23)]]></system-out>
      <system-err><![CDATA[]]></system-err>
   </testsuite>
</testsuites>
