<?xml version="1.0" encoding="UTF-8"?>
<testsuites name="Scrolling ticker" time="153.866" tests="6" failures="0" errors="0">
   <testsuite name="Scrolling ticker" tests="6" failures="0" errors="0" time="153.866" skipped="0" timestamp="29-02-2024T08:59:33" hostname="Home - LAPTOP-E6BU4LL9.Dlink" id="Test Suites/Scrolling ticker">
      <properties>
         <property name="deviceName" value=""/>
         <property name="devicePlatform" value=""/>
         <property name="logFolder" value="C:\\Users\\Home\\git\\Katalon\\Reports\\20240229_085927\\Scrolling ticker\\20240229_085928"/>
         <property name="logFiles" value="C:\\Users\\Home\\git\\Katalon\\Reports\\20240229_085927\\Scrolling ticker\\20240229_085928\\execution0.log"/>
         <property name="attachments" value="C:\\Users\\Home\\git\\Katalon\\Reports\\20240229_085927\\Scrolling ticker\\20240229_085928\\1709186407422.png, C:\\Users\\Home\\git\\Katalon\\Reports\\20240229_085927\\Scrolling ticker\\20240229_085928\\1709186411380.png, C:\\Users\\Home\\git\\Katalon\\Reports\\20240229_085927\\Scrolling ticker\\20240229_085928\\1709186448160.png, C:\\Users\\Home\\git\\Katalon\\Reports\\20240229_085927\\Scrolling ticker\\20240229_085928\\1709186463453.png, C:\\Users\\Home\\git\\Katalon\\Reports\\20240229_085927\\Scrolling ticker\\20240229_085928\\1709186522095.png"/>
         <property name="hostName" value="Home - LAPTOP-E6BU4LL9.Dlink"/>
         <property name="os" value="Windows 11 64bit"/>
         <property name="katalonVersion" value="9.3.1.212"/>
         <property name="browser" value="Chrome 122.0.0.0"/>
         <property name="hostAddress" value="192.168.1.100"/>
         <property name="sessionId" value="96218bf0ededdcfa3180176f5d8a018a"/>
         <property name="seleniumVersion" value="3.141.59"/>
         <property name="proxyInformation" value="ProxyInformation { proxyOption=NO_PROXY, proxyServerType=HTTP, username=, password=********, proxyServerAddress=, proxyServerPort=0, executionList=&quot;&quot;, isApplyToDesiredCapabilities=true }"/>
         <property name="platform" value="Windows 11"/>
      </properties>
      <testcase name="Test Cases/Login Test Cases/Login with Valid Credentials" time="11.675" classname="Test Cases/Login Test Cases/Login with Valid Credentials" status="PASSED">
         <system-out><![CDATA[29-02-2024T08:59:33 - [TEST_CASE][PASSED] - Test Cases/Login Test Cases/Login with Valid Credentials: Test Cases/Login Test Cases/Login with Valid Credentials

29-02-2024T08:59:33 - [TEST_STEP][PASSED] - openBrowser(""): Browser is opened with url: ''

29-02-2024T08:59:34 - [MESSAGE][INFO] - Starting 'Chrome' driver

29-02-2024T08:59:34 - [MESSAGE][INFO] - Action delay is set to 0 milliseconds

29-02-2024T08:59:35 - [MESSAGE][PASSED] - Browser is opened with url: ''

29-02-2024T08:59:35 - [TEST_STEP][PASSED] - navigateToUrl("https://dadebug.commclouds.com/Demo/admin/auth"): Navigate to 'https://dadebug.commclouds.com/Demo/admin/auth' successfully

29-02-2024T08:59:36 - [MESSAGE][PASSED] - Navigate to 'https://dadebug.commclouds.com/Demo/admin/auth' successfully

29-02-2024T08:59:36 - [TEST_STEP][PASSED] - waitForPageLoad(3): Wait for page load successfully

29-02-2024T08:59:36 - [MESSAGE][PASSED] - Wait for page load successfully

29-02-2024T08:59:36 - [TEST_STEP][PASSED] - maximizeWindow(): Current window maximized

29-02-2024T08:59:36 - [MESSAGE][PASSED] - Current window maximized

29-02-2024T08:59:36 - [TEST_STEP][PASSED] - verifyElementPresent(findTestObject("Login Page/DAlogo"), 2): Object 'Object Repository/Login Page/DAlogo' is present

29-02-2024T08:59:37 - [MESSAGE][PASSED] - Object 'Object Repository/Login Page/DAlogo' is present

29-02-2024T08:59:37 - [TEST_STEP][PASSED] - verifyElementPresent(findTestObject("Login Page/Version number"), 2): Object 'Object Repository/Login Page/Version number' is present

29-02-2024T08:59:37 - [MESSAGE][PASSED] - Object 'Object Repository/Login Page/Version number' is present

29-02-2024T08:59:37 - [TEST_STEP][PASSED] - verifyElementText(findTestObject("Login Page/Version number"), "Version: 11.4.0.1 (stage/11)"): Actual text and expected text of test object 'Object Repository/Login Page/Version number' are matched.

29-02-2024T08:59:37 - [MESSAGE][PASSED] - Actual text and expected text of test object 'Object Repository/Login Page/Version number' are matched.

29-02-2024T08:59:37 - [TEST_STEP][PASSED] - setText(findTestObject("Object Repository/Login Page/Login input field"), "Zoya"): Text 'Zoya' is set on object 'Object Repository/Login Page/Login input field'

29-02-2024T08:59:38 - [MESSAGE][PASSED] - Text 'Zoya' is set on object 'Object Repository/Login Page/Login input field'

29-02-2024T08:59:38 - [TEST_STEP][PASSED] - setEncryptedText(findTestObject("Object Repository/Login Page/Password input field"), "tzH6RvlfSTg="): Text ****** has been set on object 'Object Repository/Login Page/Password input field'

29-02-2024T08:59:38 - [MESSAGE][PASSED] - Text ****** has been set on object 'Object Repository/Login Page/Password input field'

29-02-2024T08:59:38 - [TEST_STEP][PASSED] - click(findTestObject("Object Repository/Login Page/button_Log in")): Object: 'Object Repository/Login Page/button_Log in' is clicked on

29-02-2024T08:59:38 - [MESSAGE][PASSED] - Object: 'Object Repository/Login Page/button_Log in' is clicked on

29-02-2024T08:59:38 - [TEST_STEP][PASSED] - delay(4): Delayed 4 second(s)

29-02-2024T08:59:42 - [MESSAGE][PASSED] - Delayed 4 second(s)

29-02-2024T08:59:42 - [TEST_STEP][PASSED] - verifyElementPresent(findTestObject("Object Repository/Login Page/h1_Dashboard"), 4): Object 'Object Repository/Login Page/h1_Dashboard' is present

29-02-2024T08:59:43 - [MESSAGE][PASSED] - Object 'Object Repository/Login Page/h1_Dashboard' is present]]></system-out>
         <system-err><![CDATA[]]></system-err>
      </testcase>
      <testcase name="Test Cases/Ticker/Send Ticker (TC-7)" time="44.246" classname="Test Cases/Ticker/Send Ticker (TC-7)" status="PASSED">
         <system-out><![CDATA[29-02-2024T08:59:45 - [TEST_CASE][PASSED] - Test Cases/Ticker/Send Ticker (TC-7): Test Cases/Ticker/Send Ticker (TC-7)

29-02-2024T08:59:45 - [TEST_STEP][PASSED] - click(findTestObject("Dashboard Page/Compose alert button expansion")): Object: 'Object Repository/Dashboard Page/Compose alert button expansion' is clicked on

29-02-2024T08:59:45 - [MESSAGE][PASSED] - Object: 'Object Repository/Dashboard Page/Compose alert button expansion' is clicked on

29-02-2024T08:59:45 - [TEST_STEP][PASSED] - click(findTestObject("Dashboard Page/Scrolling tickers")): Object: 'Object Repository/Dashboard Page/Scrolling tickers' is clicked on

29-02-2024T08:59:46 - [MESSAGE][PASSED] - Object: 'Object Repository/Dashboard Page/Scrolling tickers' is clicked on

29-02-2024T08:59:46 - [TEST_STEP][PASSED] - verifyElementText(findTestObject("Create Scrolling ticker/Create Scrolling ticker header"), "Create Scrolling Ticker"): Actual text and expected text of test object 'Object Repository/Create Scrolling ticker/Create Scrolling ticker header' are matched.

29-02-2024T08:59:48 - [MESSAGE][PASSED] - Actual text and expected text of test object 'Object Repository/Create Scrolling ticker/Create Scrolling ticker header' are matched.

29-02-2024T08:59:48 - [TEST_STEP][PASSED] - waitForPageLoad(1): Wait for page load successfully

29-02-2024T08:59:48 - [MESSAGE][PASSED] - Wait for page load successfully

29-02-2024T08:59:48 - [TEST_STEP][PASSED] - click(findTestObject("Create Pop-up Alert Page/More button")): Object: 'Object Repository/Create Pop-up Alert Page/More button' is clicked on

29-02-2024T08:59:48 - [MESSAGE][PASSED] - Object: 'Object Repository/Create Pop-up Alert Page/More button' is clicked on

29-02-2024T08:59:48 - [TEST_STEP][PASSED] - callTestCase(findTestCase("Built-in test cases/Choose recipients"), [:], STOP_ON_FAILURE): Call Test Case 'Test Cases/Built-in test cases/Choose recipients' successfully

29-02-2024T08:59:48 - [TEST_CASE][PASSED] - Test Cases/Built-in test cases/Choose recipients: Test Cases/Built-in test cases/Choose recipients

29-02-2024T08:59:49 - [TEST_STEP][PASSED] - click(findTestObject("Create Pop-up Alert Page/Choose recipients modal window/Filter field")): Object: 'Object Repository/Create Pop-up Alert Page/Choose recipients modal window/Filter field' is clicked on

29-02-2024T08:59:49 - [MESSAGE][PASSED] - Object: 'Object Repository/Create Pop-up Alert Page/Choose recipients modal window/Filter field' is clicked on

29-02-2024T08:59:49 - [TEST_STEP][PASSED] - setText(findTestObject("Create Pop-up Alert Page/Choose recipients modal window/Filter field"), "LAPTOP-E6BU4LL9"): Text 'LAPTOP-E6BU4LL9' is set on object 'Object Repository/Create Pop-up Alert Page/Choose recipients modal window/Filter field'

29-02-2024T08:59:50 - [MESSAGE][PASSED] - Text 'LAPTOP-E6BU4LL9' is set on object 'Object Repository/Create Pop-up Alert Page/Choose recipients modal window/Filter field'

29-02-2024T08:59:50 - [TEST_STEP][PASSED] - verifyElementText(findTestObject("Create Pop-up Alert Page/Choose recipients modal window/All user list-filtered"), "LAPTOP-E6BU4LL9 "): Actual text and expected text of test object 'Object Repository/Create Pop-up Alert Page/Choose recipients modal window/All user list-filtered' are matched.

29-02-2024T08:59:52 - [MESSAGE][PASSED] - Actual text and expected text of test object 'Object Repository/Create Pop-up Alert Page/Choose recipients modal window/All user list-filtered' are matched.

29-02-2024T08:59:52 - [TEST_STEP][PASSED] - click(findTestObject("Create Pop-up Alert Page/Choose recipients modal window/filtered user selection")): Object: 'Object Repository/Create Pop-up Alert Page/Choose recipients modal window/filtered user selection' is clicked on

29-02-2024T08:59:52 - [MESSAGE][PASSED] - Object: 'Object Repository/Create Pop-up Alert Page/Choose recipients modal window/filtered user selection' is clicked on

29-02-2024T08:59:52 - [TEST_STEP][PASSED] - click(findTestObject("Create Pop-up Alert Page/Choose recipients modal window/Filter field")): Object: 'Object Repository/Create Pop-up Alert Page/Choose recipients modal window/Filter field' is clicked on

29-02-2024T08:59:53 - [MESSAGE][PASSED] - Object: 'Object Repository/Create Pop-up Alert Page/Choose recipients modal window/Filter field' is clicked on

29-02-2024T08:59:53 - [TEST_STEP][PASSED] - sendKeys(findTestObject("Create Pop-up Alert Page/Choose recipients modal window/Filter field"), Keys.chord(CONTROL, "a", BACK_SPACE)): Keys 'CONTROL + BACK_SPACE + a' sent to object: 'Object Repository/Create Pop-up Alert Page/Choose recipients modal window/Filter field'

29-02-2024T08:59:53 - [MESSAGE][PASSED] - Keys 'CONTROL + BACK_SPACE + a' sent to object: 'Object Repository/Create Pop-up Alert Page/Choose recipients modal window/Filter field'

29-02-2024T08:59:53 - [TEST_STEP][PASSED] - setText(findTestObject("Create Pop-up Alert Page/Choose recipients modal window/Filter field"), "DESKTOP-9UH6GK7"): Text 'DESKTOP-9UH6GK7' is set on object 'Object Repository/Create Pop-up Alert Page/Choose recipients modal window/Filter field'

29-02-2024T08:59:54 - [MESSAGE][PASSED] - Text 'DESKTOP-9UH6GK7' is set on object 'Object Repository/Create Pop-up Alert Page/Choose recipients modal window/Filter field'

29-02-2024T08:59:54 - [TEST_STEP][PASSED] - verifyElementText(findTestObject("Create Pop-up Alert Page/Choose recipients modal window/All user list-filtered"), "DESKTOP-9UH6GK7 "): Actual text and expected text of test object 'Object Repository/Create Pop-up Alert Page/Choose recipients modal window/All user list-filtered' are matched.

29-02-2024T08:59:55 - [MESSAGE][PASSED] - Actual text and expected text of test object 'Object Repository/Create Pop-up Alert Page/Choose recipients modal window/All user list-filtered' are matched.

29-02-2024T08:59:55 - [TEST_STEP][PASSED] - click(findTestObject("Create Pop-up Alert Page/Choose recipients modal window/filtered user selection")): Object: 'Object Repository/Create Pop-up Alert Page/Choose recipients modal window/filtered user selection' is clicked on

29-02-2024T08:59:56 - [MESSAGE][PASSED] - Object: 'Object Repository/Create Pop-up Alert Page/Choose recipients modal window/filtered user selection' is clicked on

29-02-2024T08:59:56 - [TEST_STEP][PASSED] - click(findTestObject("Wallpapers/Done")): Object: 'Object Repository/Wallpapers/Done' is clicked on

29-02-2024T08:59:56 - [MESSAGE][PASSED] - Object: 'Object Repository/Wallpapers/Done' is clicked on

29-02-2024T08:59:56 - [MESSAGE][PASSED] - Call Test Case 'Test Cases/Built-in test cases/Choose recipients' successfully

29-02-2024T08:59:56 - [TEST_STEP][PASSED] - setText(findTestObject("Create Pop-up Alert Page/Alert Title field"), "TC-7"): Text 'TC-7' is set on object 'Object Repository/Create Pop-up Alert Page/Alert Title field'

29-02-2024T08:59:57 - [MESSAGE][PASSED] - Text 'TC-7' is set on object 'Object Repository/Create Pop-up Alert Page/Alert Title field'

29-02-2024T08:59:57 - [TEST_STEP][PASSED] - switchToFrame(findTestObject("Create Pop-up Alert Page/Alert body iframe"), 2): null

29-02-2024T08:59:58 - [TEST_STEP][PASSED] - setText(findTestObject("Create Pop-up Alert Page/Alert body"), "Hello! This is automated ticker from Katalon"): Text 'Hello! This is automated ticker from Katalon' is set on object 'Object Repository/Create Pop-up Alert Page/Alert body'

29-02-2024T08:59:58 - [MESSAGE][PASSED] - Text 'Hello! This is automated ticker from Katalon' is set on object 'Object Repository/Create Pop-up Alert Page/Alert body'

29-02-2024T08:59:58 - [TEST_STEP][PASSED] - switchToDefaultContent(): null

29-02-2024T08:59:58 - [TEST_STEP][PASSED] - click(findTestObject("Create Pop-up Alert Page/Send button")): Object: 'Object Repository/Create Pop-up Alert Page/Send button' is clicked on

29-02-2024T08:59:58 - [MESSAGE][PASSED] - Object: 'Object Repository/Create Pop-up Alert Page/Send button' is clicked on

29-02-2024T08:59:58 - [TEST_STEP][PASSED] - waitForPageLoad(2): Wait for page load successfully

29-02-2024T08:59:58 - [MESSAGE][PASSED] - Wait for page load successfully

29-02-2024T08:59:58 - [TEST_STEP][PASSED] - setText(findTestObject("Pop-up Alerts page/Search by title field"), "TC-7"): Text 'TC-7' is set on object 'Object Repository/Pop-up Alerts page/Search by title field'

29-02-2024T09:00:00 - [MESSAGE][PASSED] - Text 'TC-7' is set on object 'Object Repository/Pop-up Alerts page/Search by title field'

29-02-2024T09:00:00 - [TEST_STEP][PASSED] - verifyElementText(findTestObject("Pop-up Alerts page/Filtered sent alert"), "TC-7"): Actual text and expected text of test object 'Object Repository/Pop-up Alerts page/Filtered sent alert' are matched.

29-02-2024T09:00:01 - [MESSAGE][PASSED] - Actual text and expected text of test object 'Object Repository/Pop-up Alerts page/Filtered sent alert' are matched.

29-02-2024T09:00:01 - [TEST_STEP][PASSED] - callTestCase(findTestCase("Built-in test cases/Action menu check ticker"), [:], STOP_ON_FAILURE): Call Test Case 'Test Cases/Built-in test cases/Action menu check ticker' successfully

29-02-2024T09:00:01 - [TEST_CASE][PASSED] - Test Cases/Built-in test cases/Action menu check ticker: Test Cases/Built-in test cases/Action menu check ticker

29-02-2024T09:00:01 - [TEST_STEP][PASSED] - click(findTestObject("Survey/3dots Actions")): Object: 'Object Repository/Survey/3dots Actions' is clicked on

29-02-2024T09:00:02 - [MESSAGE][PASSED] - Object: 'Object Repository/Survey/3dots Actions' is clicked on

29-02-2024T09:00:02 - [TEST_STEP][PASSED] - click(findTestObject("Pop-up Alerts page/Stop-Start alert")): Object: 'Object Repository/Pop-up Alerts page/Stop-Start alert' is clicked on

29-02-2024T09:00:03 - [MESSAGE][PASSED] - Object: 'Object Repository/Pop-up Alerts page/Stop-Start alert' is clicked on

29-02-2024T09:00:03 - [TEST_STEP][PASSED] - verifyElementPresent(findTestObject("Pop-up Alerts page/Stopped status"), 2): Object 'Object Repository/Pop-up Alerts page/Stopped status' is present

29-02-2024T09:00:04 - [MESSAGE][PASSED] - Object 'Object Repository/Pop-up Alerts page/Stopped status' is present

29-02-2024T09:00:04 - [TEST_STEP][PASSED] - click(findTestObject("Survey/3dots Actions")): Object: 'Object Repository/Survey/3dots Actions' is clicked on

29-02-2024T09:00:04 - [MESSAGE][PASSED] - Object: 'Object Repository/Survey/3dots Actions' is clicked on

29-02-2024T09:00:04 - [TEST_STEP][PASSED] - click(findTestObject("Pop-up Alerts page/Stop-Start alert")): Object: 'Object Repository/Pop-up Alerts page/Stop-Start alert' is clicked on

29-02-2024T09:00:05 - [MESSAGE][PASSED] - Object: 'Object Repository/Pop-up Alerts page/Stop-Start alert' is clicked on

29-02-2024T09:00:05 - [TEST_STEP][PASSED] - verifyElementPresent(findTestObject("Pop-up Alerts page/Disributing status"), 2): Object 'Object Repository/Pop-up Alerts page/Disributing status' is present

29-02-2024T09:00:06 - [MESSAGE][PASSED] - Object 'Object Repository/Pop-up Alerts page/Disributing status' is present

29-02-2024T09:00:06 - [TEST_STEP][PASSED] - click(findTestObject("Survey/3dots Actions")): Object: 'Object Repository/Survey/3dots Actions' is clicked on

29-02-2024T09:00:06 - [MESSAGE][PASSED] - Object: 'Object Repository/Survey/3dots Actions' is clicked on

29-02-2024T09:00:06 - [TEST_STEP][PASSED] - click(findTestObject("Pop-up Alerts page/View graph")): Object: 'Object Repository/Pop-up Alerts page/View graph' is clicked on

29-02-2024T09:00:07 - [MESSAGE][PASSED] - Object: 'Object Repository/Pop-up Alerts page/View graph' is clicked on

29-02-2024T09:00:07 - [TEST_STEP][PASSED] - takeElementScreenshot(findTestObject("Pop-up Alerts page/View graph image")): Taking screenshot successfully

29-02-2024T09:00:07 - [MESSAGE][WARNING] - Timeout '0' is invalid. Using default page load timeout: '30'

29-02-2024T09:00:08 - [MESSAGE][INFO] - 0 hidden object(s)

29-02-2024T09:00:08 - [MESSAGE][PASSED] - Taking screenshot successfully
[[ATTACHMENT|C:\\Users\\Home\\git\\Katalon\\Reports\\20240229_085927\\Scrolling ticker\\20240229_085928\\1709186407422.png]]

29-02-2024T09:00:08 - [TEST_STEP][PASSED] - click(findTestObject("Pop-up Alerts page/view graph close btn")): Object: 'Object Repository/Pop-up Alerts page/view graph close btn' is clicked on

29-02-2024T09:00:09 - [MESSAGE][PASSED] - Object: 'Object Repository/Pop-up Alerts page/view graph close btn' is clicked on

29-02-2024T09:00:09 - [TEST_STEP][PASSED] - click(findTestObject("Survey/3dots Actions")): Object: 'Object Repository/Survey/3dots Actions' is clicked on

29-02-2024T09:00:09 - [MESSAGE][PASSED] - Object: 'Object Repository/Survey/3dots Actions' is clicked on

29-02-2024T09:00:09 - [TEST_STEP][PASSED] - click(findTestObject("Pop-up Alerts page/Preview in actions menu")): Object: 'Object Repository/Pop-up Alerts page/Preview in actions menu' is clicked on

29-02-2024T09:00:10 - [MESSAGE][PASSED] - Object: 'Object Repository/Pop-up Alerts page/Preview in actions menu' is clicked on

29-02-2024T09:00:10 - [TEST_STEP][PASSED] - switchToFrame(findTestObject("Create Scrolling ticker/Preview ticker frame"), 2): null

29-02-2024T09:00:11 - [TEST_STEP][PASSED] - takeFullPageScreenshot([]): Taking screenshot successfully

29-02-2024T09:00:11 - [MESSAGE][INFO] - 0 hidden object(s)

29-02-2024T09:00:11 - [MESSAGE][INFO] - 0 hidden object(s)

29-02-2024T09:00:11 - [MESSAGE][PASSED] - Taking screenshot successfully
[[ATTACHMENT|C:\\Users\\Home\\git\\Katalon\\Reports\\20240229_085927\\Scrolling ticker\\20240229_085928\\1709186411380.png]]

29-02-2024T09:00:11 - [TEST_STEP][PASSED] - click(findTestObject("Create Scrolling ticker/Close ticker preview")): Object: 'Object Repository/Create Scrolling ticker/Close ticker preview' is clicked on

29-02-2024T09:00:11 - [MESSAGE][PASSED] - Object: 'Object Repository/Create Scrolling ticker/Close ticker preview' is clicked on

29-02-2024T09:00:11 - [TEST_STEP][PASSED] - switchToDefaultContent(): null

29-02-2024T09:00:12 - [TEST_STEP][PASSED] - click(findTestObject("Survey/3dots Actions")): Object: 'Object Repository/Survey/3dots Actions' is clicked on

29-02-2024T09:00:12 - [MESSAGE][PASSED] - Object: 'Object Repository/Survey/3dots Actions' is clicked on

29-02-2024T09:00:12 - [TEST_STEP][PASSED] - click(findTestObject("Pop-up Alerts page/Duplicate alert")): Object: 'Object Repository/Pop-up Alerts page/Duplicate alert' is clicked on

29-02-2024T09:00:13 - [MESSAGE][PASSED] - Object: 'Object Repository/Pop-up Alerts page/Duplicate alert' is clicked on

29-02-2024T09:00:13 - [MESSAGE][PASSED] - Call Test Case 'Test Cases/Built-in test cases/Action menu check ticker' successfully

29-02-2024T09:00:13 - [TEST_STEP][PASSED] - sendKeys(findTestObject("Create Pop-up Alert Page/Alert Title field"), Keys.chord(CONTROL, "a", BACK_SPACE)): Keys 'CONTROL + BACK_SPACE + a' sent to object: 'Object Repository/Create Pop-up Alert Page/Alert Title field'

29-02-2024T09:00:14 - [MESSAGE][PASSED] - Keys 'CONTROL + BACK_SPACE + a' sent to object: 'Object Repository/Create Pop-up Alert Page/Alert Title field'

29-02-2024T09:00:14 - [TEST_STEP][PASSED] - setText(findTestObject("Create Pop-up Alert Page/Alert Title field"), "Duplicate ticker"): Text 'Duplicate ticker' is set on object 'Object Repository/Create Pop-up Alert Page/Alert Title field'

29-02-2024T09:00:15 - [MESSAGE][PASSED] - Text 'Duplicate ticker' is set on object 'Object Repository/Create Pop-up Alert Page/Alert Title field'

29-02-2024T09:00:15 - [TEST_STEP][PASSED] - click(findTestObject("Create Pop-up Alert Page/Send button")): Object: 'Object Repository/Create Pop-up Alert Page/Send button' is clicked on

29-02-2024T09:00:15 - [MESSAGE][PASSED] - Object: 'Object Repository/Create Pop-up Alert Page/Send button' is clicked on

29-02-2024T09:00:15 - [TEST_STEP][PASSED] - waitForPageLoad(5): Wait for page load successfully

29-02-2024T09:00:15 - [MESSAGE][PASSED] - Wait for page load successfully

29-02-2024T09:00:15 - [TEST_STEP][PASSED] - setText(findTestObject("Pop-up Alerts page/Search by title field"), "TC-7"): Text 'TC-7' is set on object 'Object Repository/Pop-up Alerts page/Search by title field'

29-02-2024T09:00:17 - [MESSAGE][PASSED] - Text 'TC-7' is set on object 'Object Repository/Pop-up Alerts page/Search by title field'

29-02-2024T09:00:17 - [TEST_STEP][PASSED] - waitForPageLoad(5): Wait for page load successfully

29-02-2024T09:00:17 - [MESSAGE][PASSED] - Wait for page load successfully

29-02-2024T09:00:17 - [TEST_STEP][PASSED] - waitForElementClickable(findTestObject("Survey/3dots Actions"), 2): Object 'Object Repository/Survey/3dots Actions' is clickable

29-02-2024T09:00:17 - [MESSAGE][PASSED] - Object 'Object Repository/Survey/3dots Actions' is clickable

29-02-2024T09:00:17 - [TEST_STEP][PASSED] - click(findTestObject("Survey/3dots Actions")): Object: 'Object Repository/Survey/3dots Actions' is clicked on

29-02-2024T09:00:18 - [MESSAGE][PASSED] - Object: 'Object Repository/Survey/3dots Actions' is clicked on

29-02-2024T09:00:18 - [TEST_STEP][PASSED] - waitForElementClickable(findTestObject("Pop-up Alerts page/resend alert from actions menu"), 2): Object 'Object Repository/Pop-up Alerts page/resend alert from actions menu' is clickable

29-02-2024T09:00:19 - [MESSAGE][PASSED] - Object 'Object Repository/Pop-up Alerts page/resend alert from actions menu' is clickable

29-02-2024T09:00:19 - [TEST_STEP][PASSED] - click(findTestObject("Pop-up Alerts page/resend alert from actions menu")): Object: 'Object Repository/Pop-up Alerts page/resend alert from actions menu' is clicked on

29-02-2024T09:00:19 - [MESSAGE][PASSED] - Object: 'Object Repository/Pop-up Alerts page/resend alert from actions menu' is clicked on

29-02-2024T09:00:19 - [TEST_STEP][PASSED] - click(findTestObject("Pop-up Alerts page/Resend btn")): Object: 'Object Repository/Pop-up Alerts page/Resend btn' is clicked on

29-02-2024T09:00:20 - [MESSAGE][PASSED] - Object: 'Object Repository/Pop-up Alerts page/Resend btn' is clicked on

29-02-2024T09:00:20 - [TEST_STEP][PASSED] - sendKeys(findTestObject("Pop-up Alerts page/Search by title field"), Keys.chord(CONTROL, "a", BACK_SPACE)): Keys 'CONTROL + BACK_SPACE + a' sent to object: 'Object Repository/Pop-up Alerts page/Search by title field'

29-02-2024T09:00:21 - [MESSAGE][PASSED] - Keys 'CONTROL + BACK_SPACE + a' sent to object: 'Object Repository/Pop-up Alerts page/Search by title field'

29-02-2024T09:00:21 - [TEST_STEP][PASSED] - setText(findTestObject("Pop-up Alerts page/Search by title field"), "TC-7"): Text 'TC-7' is set on object 'Object Repository/Pop-up Alerts page/Search by title field'

29-02-2024T09:00:23 - [MESSAGE][PASSED] - Text 'TC-7' is set on object 'Object Repository/Pop-up Alerts page/Search by title field'

29-02-2024T09:00:23 - [TEST_STEP][PASSED] - verifyElementClickable(findTestObject("Pop-up Alerts page/Select all checkbox")): Object 'Object Repository/Pop-up Alerts page/Select all checkbox' is clickable

29-02-2024T09:00:24 - [MESSAGE][PASSED] - Object 'Object Repository/Pop-up Alerts page/Select all checkbox' is clickable

29-02-2024T09:00:24 - [TEST_STEP][PASSED] - check(findTestObject("Pop-up Alerts page/Select all checkbox")): Object 'Object Repository/Pop-up Alerts page/Select all checkbox' is checked

29-02-2024T09:00:25 - [MESSAGE][PASSED] - Object 'Object Repository/Pop-up Alerts page/Select all checkbox' is checked

29-02-2024T09:00:25 - [TEST_STEP][PASSED] - verifyElementChecked(findTestObject("Pop-up Alerts page/Select all checkbox"), 1): Object 'Object Repository/Pop-up Alerts page/Select all checkbox' is checked

29-02-2024T09:00:25 - [MESSAGE][PASSED] - Object 'Object Repository/Pop-up Alerts page/Select all checkbox' is checked

29-02-2024T09:00:25 - [TEST_STEP][PASSED] - click(findTestObject("Pop-up Alerts page/delete all")): Object: 'Object Repository/Pop-up Alerts page/delete all' is clicked on

29-02-2024T09:00:26 - [MESSAGE][PASSED] - Object: 'Object Repository/Pop-up Alerts page/delete all' is clicked on

29-02-2024T09:00:26 - [TEST_STEP][PASSED] - click(findTestObject("Pop-up Alerts page/Confirm deletion btn")): Object: 'Object Repository/Pop-up Alerts page/Confirm deletion btn' is clicked on

29-02-2024T09:00:27 - [MESSAGE][PASSED] - Object: 'Object Repository/Pop-up Alerts page/Confirm deletion btn' is clicked on]]></system-out>
         <system-err><![CDATA[]]></system-err>
      </testcase>
      <testcase name="Test Cases/Ticker/Draft ticker (TC-8)" time="23.909" classname="Test Cases/Ticker/Draft ticker (TC-8)" status="PASSED">
         <system-out><![CDATA[29-02-2024T09:00:29 - [TEST_CASE][PASSED] - Test Cases/Ticker/Draft ticker (TC-8): Test Cases/Ticker/Draft ticker (TC-8)

29-02-2024T09:00:29 - [TEST_STEP][PASSED] - click(findTestObject("Pop-up Alerts page/New alert button")): Object: 'Object Repository/Pop-up Alerts page/New alert button' is clicked on

29-02-2024T09:00:29 - [MESSAGE][PASSED] - Object: 'Object Repository/Pop-up Alerts page/New alert button' is clicked on

29-02-2024T09:00:29 - [TEST_STEP][PASSED] - verifyElementText(findTestObject("Create Scrolling ticker/Create Scrolling ticker header"), "Create Scrolling Ticker"): Actual text and expected text of test object 'Object Repository/Create Scrolling ticker/Create Scrolling ticker header' are matched.

29-02-2024T09:00:30 - [MESSAGE][PASSED] - Actual text and expected text of test object 'Object Repository/Create Scrolling ticker/Create Scrolling ticker header' are matched.

29-02-2024T09:00:30 - [TEST_STEP][PASSED] - waitForPageLoad(1): Wait for page load successfully

29-02-2024T09:00:30 - [MESSAGE][PASSED] - Wait for page load successfully

29-02-2024T09:00:30 - [TEST_STEP][PASSED] - click(findTestObject("Create Pop-up Alert Page/More button")): Object: 'Object Repository/Create Pop-up Alert Page/More button' is clicked on

29-02-2024T09:00:31 - [MESSAGE][PASSED] - Object: 'Object Repository/Create Pop-up Alert Page/More button' is clicked on

29-02-2024T09:00:31 - [TEST_STEP][PASSED] - callTestCase(findTestCase("Built-in test cases/Choose recipients"), [:], STOP_ON_FAILURE): Call Test Case 'Test Cases/Built-in test cases/Choose recipients' successfully

29-02-2024T09:00:31 - [TEST_CASE][PASSED] - Test Cases/Built-in test cases/Choose recipients: Test Cases/Built-in test cases/Choose recipients

29-02-2024T09:00:31 - [TEST_STEP][PASSED] - click(findTestObject("Create Pop-up Alert Page/Choose recipients modal window/Filter field")): Object: 'Object Repository/Create Pop-up Alert Page/Choose recipients modal window/Filter field' is clicked on

29-02-2024T09:00:31 - [MESSAGE][PASSED] - Object: 'Object Repository/Create Pop-up Alert Page/Choose recipients modal window/Filter field' is clicked on

29-02-2024T09:00:31 - [TEST_STEP][PASSED] - setText(findTestObject("Create Pop-up Alert Page/Choose recipients modal window/Filter field"), "LAPTOP-E6BU4LL9"): Text 'LAPTOP-E6BU4LL9' is set on object 'Object Repository/Create Pop-up Alert Page/Choose recipients modal window/Filter field'

29-02-2024T09:00:32 - [MESSAGE][PASSED] - Text 'LAPTOP-E6BU4LL9' is set on object 'Object Repository/Create Pop-up Alert Page/Choose recipients modal window/Filter field'

29-02-2024T09:00:32 - [TEST_STEP][PASSED] - verifyElementText(findTestObject("Create Pop-up Alert Page/Choose recipients modal window/All user list-filtered"), "LAPTOP-E6BU4LL9 "): Actual text and expected text of test object 'Object Repository/Create Pop-up Alert Page/Choose recipients modal window/All user list-filtered' are matched.

29-02-2024T09:00:34 - [MESSAGE][PASSED] - Actual text and expected text of test object 'Object Repository/Create Pop-up Alert Page/Choose recipients modal window/All user list-filtered' are matched.

29-02-2024T09:00:34 - [TEST_STEP][PASSED] - click(findTestObject("Create Pop-up Alert Page/Choose recipients modal window/filtered user selection")): Object: 'Object Repository/Create Pop-up Alert Page/Choose recipients modal window/filtered user selection' is clicked on

29-02-2024T09:00:34 - [MESSAGE][PASSED] - Object: 'Object Repository/Create Pop-up Alert Page/Choose recipients modal window/filtered user selection' is clicked on

29-02-2024T09:00:34 - [TEST_STEP][PASSED] - click(findTestObject("Create Pop-up Alert Page/Choose recipients modal window/Filter field")): Object: 'Object Repository/Create Pop-up Alert Page/Choose recipients modal window/Filter field' is clicked on

29-02-2024T09:00:35 - [MESSAGE][PASSED] - Object: 'Object Repository/Create Pop-up Alert Page/Choose recipients modal window/Filter field' is clicked on

29-02-2024T09:00:35 - [TEST_STEP][PASSED] - sendKeys(findTestObject("Create Pop-up Alert Page/Choose recipients modal window/Filter field"), Keys.chord(CONTROL, "a", BACK_SPACE)): Keys 'CONTROL + BACK_SPACE + a' sent to object: 'Object Repository/Create Pop-up Alert Page/Choose recipients modal window/Filter field'

29-02-2024T09:00:35 - [MESSAGE][PASSED] - Keys 'CONTROL + BACK_SPACE + a' sent to object: 'Object Repository/Create Pop-up Alert Page/Choose recipients modal window/Filter field'

29-02-2024T09:00:35 - [TEST_STEP][PASSED] - setText(findTestObject("Create Pop-up Alert Page/Choose recipients modal window/Filter field"), "DESKTOP-9UH6GK7"): Text 'DESKTOP-9UH6GK7' is set on object 'Object Repository/Create Pop-up Alert Page/Choose recipients modal window/Filter field'

29-02-2024T09:00:36 - [MESSAGE][PASSED] - Text 'DESKTOP-9UH6GK7' is set on object 'Object Repository/Create Pop-up Alert Page/Choose recipients modal window/Filter field'

29-02-2024T09:00:36 - [TEST_STEP][PASSED] - verifyElementText(findTestObject("Create Pop-up Alert Page/Choose recipients modal window/All user list-filtered"), "DESKTOP-9UH6GK7 "): Actual text and expected text of test object 'Object Repository/Create Pop-up Alert Page/Choose recipients modal window/All user list-filtered' are matched.

29-02-2024T09:00:38 - [MESSAGE][PASSED] - Actual text and expected text of test object 'Object Repository/Create Pop-up Alert Page/Choose recipients modal window/All user list-filtered' are matched.

29-02-2024T09:00:38 - [TEST_STEP][PASSED] - click(findTestObject("Create Pop-up Alert Page/Choose recipients modal window/filtered user selection")): Object: 'Object Repository/Create Pop-up Alert Page/Choose recipients modal window/filtered user selection' is clicked on

29-02-2024T09:00:38 - [MESSAGE][PASSED] - Object: 'Object Repository/Create Pop-up Alert Page/Choose recipients modal window/filtered user selection' is clicked on

29-02-2024T09:00:38 - [TEST_STEP][PASSED] - click(findTestObject("Wallpapers/Done")): Object: 'Object Repository/Wallpapers/Done' is clicked on

29-02-2024T09:00:39 - [MESSAGE][PASSED] - Object: 'Object Repository/Wallpapers/Done' is clicked on

29-02-2024T09:00:39 - [MESSAGE][PASSED] - Call Test Case 'Test Cases/Built-in test cases/Choose recipients' successfully

29-02-2024T09:00:39 - [TEST_STEP][NOT_RUN] - verifyElementPresent(findTestObject("Create Pop-up Alert Page/Choose recipients modal window/Choosen users filtered"), 2): NOT_RUN: verifyElementPresent(findTestObject("Create Pop-up Alert Page/Choose recipients modal window/Choosen users filtered"), 2)

29-02-2024T09:00:39 - [MESSAGE][NOT_RUN] - NOT_RUN: verifyElementPresent(findTestObject("Create Pop-up Alert Page/Choose recipients modal window/Choosen users filtered"), 2)

29-02-2024T09:00:39 - [TEST_STEP][PASSED] - setText(findTestObject("Create Pop-up Alert Page/Alert Title field"), "TC-8"): Text 'TC-8' is set on object 'Object Repository/Create Pop-up Alert Page/Alert Title field'

29-02-2024T09:00:39 - [MESSAGE][PASSED] - Text 'TC-8' is set on object 'Object Repository/Create Pop-up Alert Page/Alert Title field'

29-02-2024T09:00:39 - [TEST_STEP][PASSED] - switchToFrame(findTestObject("Create Pop-up Alert Page/Alert body iframe"), 2): null

29-02-2024T09:00:40 - [TEST_STEP][PASSED] - setText(findTestObject("Create Pop-up Alert Page/Alert body"), "Hello! This is automated DRAFT ticker from Katalon"): Text 'Hello! This is automated DRAFT ticker from Katalon' is set on object 'Object Repository/Create Pop-up Alert Page/Alert body'

29-02-2024T09:00:40 - [MESSAGE][PASSED] - Text 'Hello! This is automated DRAFT ticker from Katalon' is set on object 'Object Repository/Create Pop-up Alert Page/Alert body'

29-02-2024T09:00:40 - [TEST_STEP][PASSED] - switchToDefaultContent(): null

29-02-2024T09:00:40 - [TEST_STEP][PASSED] - click(findTestObject("Create Pop-up Alert Page/Save Button")): Object: 'Object Repository/Create Pop-up Alert Page/Save Button' is clicked on

29-02-2024T09:00:40 - [MESSAGE][PASSED] - Object: 'Object Repository/Create Pop-up Alert Page/Save Button' is clicked on

29-02-2024T09:00:40 - [TEST_STEP][PASSED] - waitForPageLoad(2): Wait for page load successfully

29-02-2024T09:00:40 - [MESSAGE][PASSED] - Wait for page load successfully

29-02-2024T09:00:40 - [TEST_STEP][PASSED] - click(findTestObject("Pop-up Alerts page/Draft tab")): Object: 'Object Repository/Pop-up Alerts page/Draft tab' is clicked on

29-02-2024T09:00:42 - [MESSAGE][PASSED] - Object: 'Object Repository/Pop-up Alerts page/Draft tab' is clicked on

29-02-2024T09:00:42 - [TEST_STEP][PASSED] - setText(findTestObject("Pop-up Alerts page/Search by title field"), "TC-8"): Text 'TC-8' is set on object 'Object Repository/Pop-up Alerts page/Search by title field'

29-02-2024T09:00:43 - [MESSAGE][PASSED] - Text 'TC-8' is set on object 'Object Repository/Pop-up Alerts page/Search by title field'

29-02-2024T09:00:43 - [TEST_STEP][PASSED] - verifyElementText(findTestObject("Pop-up Alerts page/Filtered sent alert"), "TC-8"): Actual text and expected text of test object 'Object Repository/Pop-up Alerts page/Filtered sent alert' are matched.

29-02-2024T09:00:43 - [MESSAGE][PASSED] - Actual text and expected text of test object 'Object Repository/Pop-up Alerts page/Filtered sent alert' are matched.

29-02-2024T09:00:43 - [TEST_STEP][PASSED] - click(findTestObject("Survey/3dots Actions")): Object: 'Object Repository/Survey/3dots Actions' is clicked on

29-02-2024T09:00:44 - [MESSAGE][PASSED] - Object: 'Object Repository/Survey/3dots Actions' is clicked on

29-02-2024T09:00:44 - [TEST_STEP][PASSED] - click(findTestObject("Pop-up Alerts page/Preview Draft alert Actions")): Object: 'Object Repository/Pop-up Alerts page/Preview Draft alert Actions' is clicked on

29-02-2024T09:00:45 - [MESSAGE][PASSED] - Object: 'Object Repository/Pop-up Alerts page/Preview Draft alert Actions' is clicked on

29-02-2024T09:00:45 - [TEST_STEP][PASSED] - switchToFrame(findTestObject("Create Scrolling ticker/Preview ticker frame"), 2): null

29-02-2024T09:00:46 - [TEST_STEP][PASSED] - delay(2): Delayed 2 second(s)

29-02-2024T09:00:48 - [MESSAGE][PASSED] - Delayed 2 second(s)

29-02-2024T09:00:48 - [TEST_STEP][PASSED] - takeFullPageScreenshot([]): Taking screenshot successfully

29-02-2024T09:00:48 - [MESSAGE][INFO] - 0 hidden object(s)

29-02-2024T09:00:48 - [MESSAGE][INFO] - 0 hidden object(s)

29-02-2024T09:00:48 - [MESSAGE][PASSED] - Taking screenshot successfully
[[ATTACHMENT|C:\\Users\\Home\\git\\Katalon\\Reports\\20240229_085927\\Scrolling ticker\\20240229_085928\\1709186448160.png]]

29-02-2024T09:00:48 - [TEST_STEP][PASSED] - click(findTestObject("Create Scrolling ticker/Close ticker preview")): Object: 'Object Repository/Create Scrolling ticker/Close ticker preview' is clicked on

29-02-2024T09:00:48 - [MESSAGE][PASSED] - Object: 'Object Repository/Create Scrolling ticker/Close ticker preview' is clicked on

29-02-2024T09:00:48 - [TEST_STEP][PASSED] - switchToDefaultContent(): null

29-02-2024T09:00:48 - [TEST_STEP][PASSED] - click(findTestObject("Survey/3dots Actions")): Object: 'Object Repository/Survey/3dots Actions' is clicked on

29-02-2024T09:00:49 - [MESSAGE][PASSED] - Object: 'Object Repository/Survey/3dots Actions' is clicked on

29-02-2024T09:00:49 - [TEST_STEP][PASSED] - click(findTestObject("Pop-up Alerts page/Edit Draft alert Actions")): Object: 'Object Repository/Pop-up Alerts page/Edit Draft alert Actions' is clicked on

29-02-2024T09:00:49 - [MESSAGE][PASSED] - Object: 'Object Repository/Pop-up Alerts page/Edit Draft alert Actions' is clicked on

29-02-2024T09:00:49 - [TEST_STEP][PASSED] - verifyElementPresent(findTestObject("Create Scrolling ticker/Create Scrolling ticker header"), 2): Object 'Object Repository/Create Scrolling ticker/Create Scrolling ticker header' is present

29-02-2024T09:00:50 - [MESSAGE][PASSED] - Object 'Object Repository/Create Scrolling ticker/Create Scrolling ticker header' is present

29-02-2024T09:00:50 - [TEST_STEP][PASSED] - verifyElementText(findTestObject("Create Pop-up Alert Page/Create Pop-up Alert header"), "Create Scrolling Ticker"): Actual text and expected text of test object 'Object Repository/Create Pop-up Alert Page/Create Pop-up Alert header' are matched.

29-02-2024T09:00:51 - [MESSAGE][PASSED] - Actual text and expected text of test object 'Object Repository/Create Pop-up Alert Page/Create Pop-up Alert header' are matched.

29-02-2024T09:00:51 - [TEST_STEP][PASSED] - click(findTestObject("Create Pop-up Alert Page/Save Button")): Object: 'Object Repository/Create Pop-up Alert Page/Save Button' is clicked on

29-02-2024T09:00:51 - [MESSAGE][PASSED] - Object: 'Object Repository/Create Pop-up Alert Page/Save Button' is clicked on]]></system-out>
         <system-err><![CDATA[]]></system-err>
      </testcase>
      <testcase name="Test Cases/Ticker/Ticker template creation (TC-9)" time="33.514" classname="Test Cases/Ticker/Ticker template creation (TC-9)" status="PASSED">
         <system-out><![CDATA[29-02-2024T09:00:53 - [TEST_CASE][PASSED] - Test Cases/Ticker/Ticker template creation (TC-9): Test Cases/Ticker/Ticker template creation (TC-9)

29-02-2024T09:00:53 - [TEST_STEP][PASSED] - click(findTestObject("Pop-up Alerts page/Templates tab")): Object: 'Object Repository/Pop-up Alerts page/Templates tab' is clicked on

29-02-2024T09:00:53 - [MESSAGE][PASSED] - Object: 'Object Repository/Pop-up Alerts page/Templates tab' is clicked on

29-02-2024T09:00:53 - [TEST_STEP][PASSED] - click(findTestObject("Pop-up Alerts page/New Template button")): Object: 'Object Repository/Pop-up Alerts page/New Template button' is clicked on

29-02-2024T09:00:54 - [MESSAGE][PASSED] - Object: 'Object Repository/Pop-up Alerts page/New Template button' is clicked on

29-02-2024T09:00:54 - [TEST_STEP][PASSED] - setText(findTestObject("Create Template/Template title"), "TC-9"): Text 'TC-9' is set on object 'Object Repository/Create Template/Template title'

29-02-2024T09:00:55 - [MESSAGE][PASSED] - Text 'TC-9' is set on object 'Object Repository/Create Template/Template title'

29-02-2024T09:00:55 - [TEST_STEP][PASSED] - switchToFrame(findTestObject("Create Pop-up Alert Page/Alert body iframe"), 2): null

29-02-2024T09:00:56 - [TEST_STEP][PASSED] - TemplateBody = ""The News Tickers is a handy and easy tool for creating a creeping line(running text, ticker). This is perfect for news broadcasts, updates, and more projects that refer to current events. Use for any formats and themes of video: news, sports, advertising, video blog, and others. Special made for COVID-19 situation in the world. Color controls available. A video tutorial is also included in the download."": null

29-02-2024T09:00:56 - [TEST_STEP][PASSED] - setText(findTestObject("Create Pop-up Alert Page/Alert body"), TemplateBody): Text '"The News Tickers is a handy and easy tool for creating a creeping line(running text, ticker). This is perfect for news broadcasts, updates, and more projects that refer to current events. Use for any formats and themes of video: news, sports, advertising, video blog, and others. Special made for COVID-19 situation in the world. Color controls available. A video tutorial is also included in the download."' is set on object 'Object Repository/Create Pop-up Alert Page/Alert body'

29-02-2024T09:00:56 - [MESSAGE][PASSED] - Text '"The News Tickers is a handy and easy tool for creating a creeping line(running text, ticker). This is perfect for news broadcasts, updates, and more projects that refer to current events. Use for any formats and themes of video: news, sports, advertising, video blog, and others. Special made for COVID-19 situation in the world. Color controls available. A video tutorial is also included in the download."' is set on object 'Object Repository/Create Pop-up Alert Page/Alert body'

29-02-2024T09:00:56 - [TEST_STEP][PASSED] - switchToDefaultContent(): null

29-02-2024T09:00:56 - [TEST_STEP][PASSED] - click(findTestObject("Create Pop-up Alert Page/Save Button")): Object: 'Object Repository/Create Pop-up Alert Page/Save Button' is clicked on

29-02-2024T09:00:56 - [MESSAGE][PASSED] - Object: 'Object Repository/Create Pop-up Alert Page/Save Button' is clicked on

29-02-2024T09:00:56 - [TEST_STEP][PASSED] - click(findTestObject("Pop-up Alerts page/Templates tab")): Object: 'Object Repository/Pop-up Alerts page/Templates tab' is clicked on

29-02-2024T09:00:58 - [MESSAGE][PASSED] - Object: 'Object Repository/Pop-up Alerts page/Templates tab' is clicked on

29-02-2024T09:00:58 - [TEST_STEP][PASSED] - setText(findTestObject("Pop-up Alerts page/Search by title field"), "TC-9"): Text 'TC-9' is set on object 'Object Repository/Pop-up Alerts page/Search by title field'

29-02-2024T09:00:59 - [MESSAGE][PASSED] - Text 'TC-9' is set on object 'Object Repository/Pop-up Alerts page/Search by title field'

29-02-2024T09:00:59 - [TEST_STEP][PASSED] - delay(2): Delayed 2 second(s)

29-02-2024T09:01:01 - [MESSAGE][PASSED] - Delayed 2 second(s)

29-02-2024T09:01:01 - [TEST_STEP][PASSED] - verifyElementText(findTestObject("Pop-up Alerts page/Filtered Template"), "TC-9"): Actual text and expected text of test object 'Object Repository/Pop-up Alerts page/Filtered Template' are matched.

29-02-2024T09:01:01 - [MESSAGE][PASSED] - Actual text and expected text of test object 'Object Repository/Pop-up Alerts page/Filtered Template' are matched.

29-02-2024T09:01:01 - [TEST_STEP][PASSED] - click(findTestObject("Survey/3dots Actions")): Object: 'Object Repository/Survey/3dots Actions' is clicked on

29-02-2024T09:01:01 - [MESSAGE][PASSED] - Object: 'Object Repository/Survey/3dots Actions' is clicked on

29-02-2024T09:01:01 - [TEST_STEP][PASSED] - click(findTestObject("Templates Action menu/Preview Template Action")): Object: 'Object Repository/Templates Action menu/Preview Template Action' is clicked on

29-02-2024T09:01:02 - [MESSAGE][PASSED] - Object: 'Object Repository/Templates Action menu/Preview Template Action' is clicked on

29-02-2024T09:01:02 - [TEST_STEP][PASSED] - switchToFrame(findTestObject("Create Scrolling ticker/Preview ticker frame"), 2): null

29-02-2024T09:01:03 - [TEST_STEP][PASSED] - takeFullPageScreenshot([]): Taking screenshot successfully

29-02-2024T09:01:03 - [MESSAGE][INFO] - 0 hidden object(s)

29-02-2024T09:01:03 - [MESSAGE][INFO] - 0 hidden object(s)

29-02-2024T09:01:04 - [MESSAGE][PASSED] - Taking screenshot successfully
[[ATTACHMENT|C:\\Users\\Home\\git\\Katalon\\Reports\\20240229_085927\\Scrolling ticker\\20240229_085928\\1709186463453.png]]

29-02-2024T09:01:04 - [TEST_STEP][PASSED] - click(findTestObject("Create Scrolling ticker/Close ticker preview")): Object: 'Object Repository/Create Scrolling ticker/Close ticker preview' is clicked on

29-02-2024T09:01:04 - [MESSAGE][PASSED] - Object: 'Object Repository/Create Scrolling ticker/Close ticker preview' is clicked on

29-02-2024T09:01:04 - [TEST_STEP][PASSED] - switchToDefaultContent(): null

29-02-2024T09:01:04 - [TEST_STEP][PASSED] - click(findTestObject("Survey/3dots Actions")): Object: 'Object Repository/Survey/3dots Actions' is clicked on

29-02-2024T09:01:04 - [MESSAGE][PASSED] - Object: 'Object Repository/Survey/3dots Actions' is clicked on

29-02-2024T09:01:04 - [TEST_STEP][PASSED] - click(findTestObject("Templates Action menu/Edit Template Action")): Object: 'Object Repository/Templates Action menu/Edit Template Action' is clicked on

29-02-2024T09:01:05 - [MESSAGE][PASSED] - Object: 'Object Repository/Templates Action menu/Edit Template Action' is clicked on

29-02-2024T09:01:05 - [TEST_STEP][PASSED] - verifyElementPresent(findTestObject("Create Scrolling ticker/Create Scrolling ticker header"), 2): Object 'Object Repository/Create Scrolling ticker/Create Scrolling ticker header' is present

29-02-2024T09:01:07 - [MESSAGE][PASSED] - Object 'Object Repository/Create Scrolling ticker/Create Scrolling ticker header' is present

29-02-2024T09:01:07 - [TEST_STEP][PASSED] - verifyElementText(findTestObject("Create Pop-up Alert Page/Create Pop-up Alert header"), "Edit Template"): Actual text and expected text of test object 'Object Repository/Create Pop-up Alert Page/Create Pop-up Alert header' are matched.

29-02-2024T09:01:08 - [MESSAGE][PASSED] - Actual text and expected text of test object 'Object Repository/Create Pop-up Alert Page/Create Pop-up Alert header' are matched.

29-02-2024T09:01:08 - [TEST_STEP][PASSED] - click(findTestObject("Create Pop-up Alert Page/Save Button")): Object: 'Object Repository/Create Pop-up Alert Page/Save Button' is clicked on

29-02-2024T09:01:08 - [MESSAGE][PASSED] - Object: 'Object Repository/Create Pop-up Alert Page/Save Button' is clicked on

29-02-2024T09:01:08 - [TEST_STEP][PASSED] - click(findTestObject("Pop-up Alerts page/Templates tab")): Object: 'Object Repository/Pop-up Alerts page/Templates tab' is clicked on

29-02-2024T09:01:09 - [MESSAGE][PASSED] - Object: 'Object Repository/Pop-up Alerts page/Templates tab' is clicked on

29-02-2024T09:01:09 - [TEST_STEP][PASSED] - setText(findTestObject("Pop-up Alerts page/Search by title field"), "TC-9"): Text 'TC-9' is set on object 'Object Repository/Pop-up Alerts page/Search by title field'

29-02-2024T09:01:10 - [MESSAGE][PASSED] - Text 'TC-9' is set on object 'Object Repository/Pop-up Alerts page/Search by title field'

29-02-2024T09:01:10 - [TEST_STEP][PASSED] - delay(2): Delayed 2 second(s)

29-02-2024T09:01:12 - [MESSAGE][PASSED] - Delayed 2 second(s)

29-02-2024T09:01:12 - [TEST_STEP][PASSED] - verifyElementText(findTestObject("Pop-up Alerts page/Filtered Template"), "TC-9"): Actual text and expected text of test object 'Object Repository/Pop-up Alerts page/Filtered Template' are matched.

29-02-2024T09:01:13 - [MESSAGE][PASSED] - Actual text and expected text of test object 'Object Repository/Pop-up Alerts page/Filtered Template' are matched.

29-02-2024T09:01:13 - [TEST_STEP][PASSED] - click(findTestObject("Survey/3dots Actions")): Object: 'Object Repository/Survey/3dots Actions' is clicked on

29-02-2024T09:01:13 - [MESSAGE][PASSED] - Object: 'Object Repository/Survey/3dots Actions' is clicked on

29-02-2024T09:01:13 - [TEST_STEP][PASSED] - click(findTestObject("Templates Action menu/Create alert using this template")): Object: 'Object Repository/Templates Action menu/Create alert using this template' is clicked on

29-02-2024T09:01:14 - [MESSAGE][PASSED] - Object: 'Object Repository/Templates Action menu/Create alert using this template' is clicked on

29-02-2024T09:01:14 - [TEST_STEP][PASSED] - click(findTestObject("Create Pop-up Alert Page/More button")): Object: 'Object Repository/Create Pop-up Alert Page/More button' is clicked on

29-02-2024T09:01:15 - [MESSAGE][PASSED] - Object: 'Object Repository/Create Pop-up Alert Page/More button' is clicked on

29-02-2024T09:01:15 - [TEST_STEP][PASSED] - callTestCase(findTestCase("Built-in test cases/Choose recipients"), [:], STOP_ON_FAILURE): Call Test Case 'Test Cases/Built-in test cases/Choose recipients' successfully

29-02-2024T09:01:15 - [TEST_CASE][PASSED] - Test Cases/Built-in test cases/Choose recipients: Test Cases/Built-in test cases/Choose recipients

29-02-2024T09:01:15 - [TEST_STEP][PASSED] - click(findTestObject("Create Pop-up Alert Page/Choose recipients modal window/Filter field")): Object: 'Object Repository/Create Pop-up Alert Page/Choose recipients modal window/Filter field' is clicked on

29-02-2024T09:01:16 - [MESSAGE][PASSED] - Object: 'Object Repository/Create Pop-up Alert Page/Choose recipients modal window/Filter field' is clicked on

29-02-2024T09:01:16 - [TEST_STEP][PASSED] - setText(findTestObject("Create Pop-up Alert Page/Choose recipients modal window/Filter field"), "LAPTOP-E6BU4LL9"): Text 'LAPTOP-E6BU4LL9' is set on object 'Object Repository/Create Pop-up Alert Page/Choose recipients modal window/Filter field'

29-02-2024T09:01:17 - [MESSAGE][PASSED] - Text 'LAPTOP-E6BU4LL9' is set on object 'Object Repository/Create Pop-up Alert Page/Choose recipients modal window/Filter field'

29-02-2024T09:01:17 - [TEST_STEP][PASSED] - verifyElementText(findTestObject("Create Pop-up Alert Page/Choose recipients modal window/All user list-filtered"), "LAPTOP-E6BU4LL9 "): Actual text and expected text of test object 'Object Repository/Create Pop-up Alert Page/Choose recipients modal window/All user list-filtered' are matched.

29-02-2024T09:01:19 - [MESSAGE][PASSED] - Actual text and expected text of test object 'Object Repository/Create Pop-up Alert Page/Choose recipients modal window/All user list-filtered' are matched.

29-02-2024T09:01:19 - [TEST_STEP][PASSED] - click(findTestObject("Create Pop-up Alert Page/Choose recipients modal window/filtered user selection")): Object: 'Object Repository/Create Pop-up Alert Page/Choose recipients modal window/filtered user selection' is clicked on

29-02-2024T09:01:19 - [MESSAGE][PASSED] - Object: 'Object Repository/Create Pop-up Alert Page/Choose recipients modal window/filtered user selection' is clicked on

29-02-2024T09:01:19 - [TEST_STEP][PASSED] - click(findTestObject("Create Pop-up Alert Page/Choose recipients modal window/Filter field")): Object: 'Object Repository/Create Pop-up Alert Page/Choose recipients modal window/Filter field' is clicked on

29-02-2024T09:01:19 - [MESSAGE][PASSED] - Object: 'Object Repository/Create Pop-up Alert Page/Choose recipients modal window/Filter field' is clicked on

29-02-2024T09:01:19 - [TEST_STEP][PASSED] - sendKeys(findTestObject("Create Pop-up Alert Page/Choose recipients modal window/Filter field"), Keys.chord(CONTROL, "a", BACK_SPACE)): Keys 'CONTROL + BACK_SPACE + a' sent to object: 'Object Repository/Create Pop-up Alert Page/Choose recipients modal window/Filter field'

29-02-2024T09:01:20 - [MESSAGE][PASSED] - Keys 'CONTROL + BACK_SPACE + a' sent to object: 'Object Repository/Create Pop-up Alert Page/Choose recipients modal window/Filter field'

29-02-2024T09:01:20 - [TEST_STEP][PASSED] - setText(findTestObject("Create Pop-up Alert Page/Choose recipients modal window/Filter field"), "DESKTOP-9UH6GK7"): Text 'DESKTOP-9UH6GK7' is set on object 'Object Repository/Create Pop-up Alert Page/Choose recipients modal window/Filter field'

29-02-2024T09:01:21 - [MESSAGE][PASSED] - Text 'DESKTOP-9UH6GK7' is set on object 'Object Repository/Create Pop-up Alert Page/Choose recipients modal window/Filter field'

29-02-2024T09:01:21 - [TEST_STEP][PASSED] - verifyElementText(findTestObject("Create Pop-up Alert Page/Choose recipients modal window/All user list-filtered"), "DESKTOP-9UH6GK7 "): Actual text and expected text of test object 'Object Repository/Create Pop-up Alert Page/Choose recipients modal window/All user list-filtered' are matched.

29-02-2024T09:01:22 - [MESSAGE][PASSED] - Actual text and expected text of test object 'Object Repository/Create Pop-up Alert Page/Choose recipients modal window/All user list-filtered' are matched.

29-02-2024T09:01:22 - [TEST_STEP][PASSED] - click(findTestObject("Create Pop-up Alert Page/Choose recipients modal window/filtered user selection")): Object: 'Object Repository/Create Pop-up Alert Page/Choose recipients modal window/filtered user selection' is clicked on

29-02-2024T09:01:22 - [MESSAGE][PASSED] - Object: 'Object Repository/Create Pop-up Alert Page/Choose recipients modal window/filtered user selection' is clicked on

29-02-2024T09:01:22 - [TEST_STEP][PASSED] - click(findTestObject("Wallpapers/Done")): Object: 'Object Repository/Wallpapers/Done' is clicked on

29-02-2024T09:01:23 - [MESSAGE][PASSED] - Object: 'Object Repository/Wallpapers/Done' is clicked on

29-02-2024T09:01:23 - [MESSAGE][PASSED] - Call Test Case 'Test Cases/Built-in test cases/Choose recipients' successfully

29-02-2024T09:01:23 - [TEST_STEP][PASSED] - setText(findTestObject("Create Template/Template title"), " Template"): Text ' Template' is set on object 'Object Repository/Create Template/Template title'

29-02-2024T09:01:24 - [MESSAGE][PASSED] - Text ' Template' is set on object 'Object Repository/Create Template/Template title'

29-02-2024T09:01:24 - [TEST_STEP][PASSED] - click(findTestObject("Create Pop-up Alert Page/Send button")): Object: 'Object Repository/Create Pop-up Alert Page/Send button' is clicked on

29-02-2024T09:01:24 - [MESSAGE][PASSED] - Object: 'Object Repository/Create Pop-up Alert Page/Send button' is clicked on]]></system-out>
         <system-err><![CDATA[]]></system-err>
      </testcase>
      <testcase name="Test Cases/Ticker/Send ticker with template (TC-10)" time="17.311" classname="Test Cases/Ticker/Send ticker with template (TC-10)" status="PASSED">
         <system-out><![CDATA[29-02-2024T09:01:26 - [TEST_CASE][PASSED] - Test Cases/Ticker/Send ticker with template (TC-10): Test Cases/Ticker/Send ticker with template (TC-10)

29-02-2024T09:01:27 - [TEST_STEP][PASSED] - click(findTestObject("Dashboard Page/Compose alert button expansion")): Object: 'Object Repository/Dashboard Page/Compose alert button expansion' is clicked on

29-02-2024T09:01:27 - [MESSAGE][PASSED] - Object: 'Object Repository/Dashboard Page/Compose alert button expansion' is clicked on

29-02-2024T09:01:27 - [TEST_STEP][PASSED] - click(findTestObject("Dashboard Page/Scrolling tickers")): Object: 'Object Repository/Dashboard Page/Scrolling tickers' is clicked on

29-02-2024T09:01:27 - [MESSAGE][PASSED] - Object: 'Object Repository/Dashboard Page/Scrolling tickers' is clicked on

29-02-2024T09:01:27 - [TEST_STEP][PASSED] - verifyElementText(findTestObject("Create Scrolling ticker/Create Scrolling ticker header"), "Create Scrolling Ticker"): Actual text and expected text of test object 'Object Repository/Create Scrolling ticker/Create Scrolling ticker header' are matched.

29-02-2024T09:01:28 - [MESSAGE][PASSED] - Actual text and expected text of test object 'Object Repository/Create Scrolling ticker/Create Scrolling ticker header' are matched.

29-02-2024T09:01:28 - [TEST_STEP][PASSED] - waitForPageLoad(1): Wait for page load successfully

29-02-2024T09:01:28 - [MESSAGE][PASSED] - Wait for page load successfully

29-02-2024T09:01:28 - [TEST_STEP][PASSED] - click(findTestObject("Create Pop-up Alert Page/More button")): Object: 'Object Repository/Create Pop-up Alert Page/More button' is clicked on

29-02-2024T09:01:29 - [MESSAGE][PASSED] - Object: 'Object Repository/Create Pop-up Alert Page/More button' is clicked on

29-02-2024T09:01:29 - [TEST_STEP][PASSED] - callTestCase(findTestCase("Built-in test cases/Choose recipients"), [:], STOP_ON_FAILURE): Call Test Case 'Test Cases/Built-in test cases/Choose recipients' successfully

29-02-2024T09:01:29 - [TEST_CASE][PASSED] - Test Cases/Built-in test cases/Choose recipients: Test Cases/Built-in test cases/Choose recipients

29-02-2024T09:01:29 - [TEST_STEP][PASSED] - click(findTestObject("Create Pop-up Alert Page/Choose recipients modal window/Filter field")): Object: 'Object Repository/Create Pop-up Alert Page/Choose recipients modal window/Filter field' is clicked on

29-02-2024T09:01:29 - [MESSAGE][PASSED] - Object: 'Object Repository/Create Pop-up Alert Page/Choose recipients modal window/Filter field' is clicked on

29-02-2024T09:01:29 - [TEST_STEP][PASSED] - setText(findTestObject("Create Pop-up Alert Page/Choose recipients modal window/Filter field"), "LAPTOP-E6BU4LL9"): Text 'LAPTOP-E6BU4LL9' is set on object 'Object Repository/Create Pop-up Alert Page/Choose recipients modal window/Filter field'

29-02-2024T09:01:30 - [MESSAGE][PASSED] - Text 'LAPTOP-E6BU4LL9' is set on object 'Object Repository/Create Pop-up Alert Page/Choose recipients modal window/Filter field'

29-02-2024T09:01:30 - [TEST_STEP][PASSED] - verifyElementText(findTestObject("Create Pop-up Alert Page/Choose recipients modal window/All user list-filtered"), "LAPTOP-E6BU4LL9 "): Actual text and expected text of test object 'Object Repository/Create Pop-up Alert Page/Choose recipients modal window/All user list-filtered' are matched.

29-02-2024T09:01:32 - [MESSAGE][PASSED] - Actual text and expected text of test object 'Object Repository/Create Pop-up Alert Page/Choose recipients modal window/All user list-filtered' are matched.

29-02-2024T09:01:32 - [TEST_STEP][PASSED] - click(findTestObject("Create Pop-up Alert Page/Choose recipients modal window/filtered user selection")): Object: 'Object Repository/Create Pop-up Alert Page/Choose recipients modal window/filtered user selection' is clicked on

29-02-2024T09:01:32 - [MESSAGE][PASSED] - Object: 'Object Repository/Create Pop-up Alert Page/Choose recipients modal window/filtered user selection' is clicked on

29-02-2024T09:01:32 - [TEST_STEP][PASSED] - click(findTestObject("Create Pop-up Alert Page/Choose recipients modal window/Filter field")): Object: 'Object Repository/Create Pop-up Alert Page/Choose recipients modal window/Filter field' is clicked on

29-02-2024T09:01:33 - [MESSAGE][PASSED] - Object: 'Object Repository/Create Pop-up Alert Page/Choose recipients modal window/Filter field' is clicked on

29-02-2024T09:01:33 - [TEST_STEP][PASSED] - sendKeys(findTestObject("Create Pop-up Alert Page/Choose recipients modal window/Filter field"), Keys.chord(CONTROL, "a", BACK_SPACE)): Keys 'CONTROL + BACK_SPACE + a' sent to object: 'Object Repository/Create Pop-up Alert Page/Choose recipients modal window/Filter field'

29-02-2024T09:01:34 - [MESSAGE][PASSED] - Keys 'CONTROL + BACK_SPACE + a' sent to object: 'Object Repository/Create Pop-up Alert Page/Choose recipients modal window/Filter field'

29-02-2024T09:01:34 - [TEST_STEP][PASSED] - setText(findTestObject("Create Pop-up Alert Page/Choose recipients modal window/Filter field"), "DESKTOP-9UH6GK7"): Text 'DESKTOP-9UH6GK7' is set on object 'Object Repository/Create Pop-up Alert Page/Choose recipients modal window/Filter field'

29-02-2024T09:01:34 - [MESSAGE][PASSED] - Text 'DESKTOP-9UH6GK7' is set on object 'Object Repository/Create Pop-up Alert Page/Choose recipients modal window/Filter field'

29-02-2024T09:01:34 - [TEST_STEP][PASSED] - verifyElementText(findTestObject("Create Pop-up Alert Page/Choose recipients modal window/All user list-filtered"), "DESKTOP-9UH6GK7 "): Actual text and expected text of test object 'Object Repository/Create Pop-up Alert Page/Choose recipients modal window/All user list-filtered' are matched.

29-02-2024T09:01:36 - [MESSAGE][PASSED] - Actual text and expected text of test object 'Object Repository/Create Pop-up Alert Page/Choose recipients modal window/All user list-filtered' are matched.

29-02-2024T09:01:36 - [TEST_STEP][PASSED] - click(findTestObject("Create Pop-up Alert Page/Choose recipients modal window/filtered user selection")): Object: 'Object Repository/Create Pop-up Alert Page/Choose recipients modal window/filtered user selection' is clicked on

29-02-2024T09:01:36 - [MESSAGE][PASSED] - Object: 'Object Repository/Create Pop-up Alert Page/Choose recipients modal window/filtered user selection' is clicked on

29-02-2024T09:01:36 - [TEST_STEP][PASSED] - click(findTestObject("Wallpapers/Done")): Object: 'Object Repository/Wallpapers/Done' is clicked on

29-02-2024T09:01:37 - [MESSAGE][PASSED] - Object: 'Object Repository/Wallpapers/Done' is clicked on

29-02-2024T09:01:37 - [MESSAGE][PASSED] - Call Test Case 'Test Cases/Built-in test cases/Choose recipients' successfully

29-02-2024T09:01:37 - [TEST_STEP][PASSED] - click(findTestObject("Create Pop-up Alert Page/Template selection button")): Object: 'Object Repository/Create Pop-up Alert Page/Template selection button' is clicked on

29-02-2024T09:01:37 - [MESSAGE][PASSED] - Object: 'Object Repository/Create Pop-up Alert Page/Template selection button' is clicked on

29-02-2024T09:01:37 - [TEST_STEP][PASSED] - click(findTestObject("Create Scrolling ticker/Ticker Template with given name")): Object: 'Object Repository/Create Scrolling ticker/Ticker Template with given name' is clicked on

29-02-2024T09:01:38 - [MESSAGE][PASSED] - Object: 'Object Repository/Create Scrolling ticker/Ticker Template with given name' is clicked on

29-02-2024T09:01:38 - [TEST_STEP][PASSED] - sendKeys(findTestObject("Create Pop-up Alert Page/Alert Title field"), Keys.chord(CONTROL, "a", BACK_SPACE)): Keys 'CONTROL + BACK_SPACE + a' sent to object: 'Object Repository/Create Pop-up Alert Page/Alert Title field'

29-02-2024T09:01:39 - [MESSAGE][PASSED] - Keys 'CONTROL + BACK_SPACE + a' sent to object: 'Object Repository/Create Pop-up Alert Page/Alert Title field'

29-02-2024T09:01:39 - [TEST_STEP][PASSED] - setText(findTestObject("Create Pop-up Alert Page/Alert Title field"), "TC-10"): Text 'TC-10' is set on object 'Object Repository/Create Pop-up Alert Page/Alert Title field'

29-02-2024T09:01:39 - [MESSAGE][PASSED] - Text 'TC-10' is set on object 'Object Repository/Create Pop-up Alert Page/Alert Title field'

29-02-2024T09:01:39 - [TEST_STEP][PASSED] - click(findTestObject("Create Pop-up Alert Page/Send button")): Object: 'Object Repository/Create Pop-up Alert Page/Send button' is clicked on

29-02-2024T09:01:40 - [MESSAGE][PASSED] - Object: 'Object Repository/Create Pop-up Alert Page/Send button' is clicked on

29-02-2024T09:01:40 - [TEST_STEP][PASSED] - waitForPageLoad(2): Wait for page load successfully

29-02-2024T09:01:40 - [MESSAGE][PASSED] - Wait for page load successfully

29-02-2024T09:01:40 - [TEST_STEP][PASSED] - setText(findTestObject("Pop-up Alerts page/Search by title field"), "TC-10"): Text 'TC-10' is set on object 'Object Repository/Pop-up Alerts page/Search by title field'

29-02-2024T09:01:41 - [MESSAGE][PASSED] - Text 'TC-10' is set on object 'Object Repository/Pop-up Alerts page/Search by title field'

29-02-2024T09:01:41 - [TEST_STEP][PASSED] - verifyElementText(findTestObject("Pop-up Alerts page/Filtered sent alert"), "TC-10"): Actual text and expected text of test object 'Object Repository/Pop-up Alerts page/Filtered sent alert' are matched.

29-02-2024T09:01:42 - [MESSAGE][PASSED] - Actual text and expected text of test object 'Object Repository/Pop-up Alerts page/Filtered sent alert' are matched.]]></system-out>
         <system-err><![CDATA[]]></system-err>
      </testcase>
      <testcase name="Test Cases/Ticker/Ticker Preview (TC-11)" time="23.066" classname="Test Cases/Ticker/Ticker Preview (TC-11)" status="PASSED">
         <system-out><![CDATA[29-02-2024T09:01:44 - [TEST_CASE][PASSED] - Test Cases/Ticker/Ticker Preview (TC-11): Test Cases/Ticker/Ticker Preview (TC-11)

29-02-2024T09:01:44 - [TEST_STEP][PASSED] - click(findTestObject("Dashboard Page/Compose alert button expansion")): Object: 'Object Repository/Dashboard Page/Compose alert button expansion' is clicked on

29-02-2024T09:01:44 - [MESSAGE][PASSED] - Object: 'Object Repository/Dashboard Page/Compose alert button expansion' is clicked on

29-02-2024T09:01:44 - [TEST_STEP][PASSED] - click(findTestObject("Dashboard Page/Scrolling tickers")): Object: 'Object Repository/Dashboard Page/Scrolling tickers' is clicked on

29-02-2024T09:01:45 - [MESSAGE][PASSED] - Object: 'Object Repository/Dashboard Page/Scrolling tickers' is clicked on

29-02-2024T09:01:45 - [TEST_STEP][PASSED] - refresh(): Refresh successfully

29-02-2024T09:01:45 - [MESSAGE][PASSED] - Refresh successfully

29-02-2024T09:01:45 - [TEST_STEP][PASSED] - verifyElementText(findTestObject("Create Scrolling ticker/Create Scrolling ticker header"), "Create Scrolling Ticker"): Actual text and expected text of test object 'Object Repository/Create Scrolling ticker/Create Scrolling ticker header' are matched.

29-02-2024T09:01:47 - [MESSAGE][PASSED] - Actual text and expected text of test object 'Object Repository/Create Scrolling ticker/Create Scrolling ticker header' are matched.

29-02-2024T09:01:47 - [TEST_STEP][PASSED] - waitForPageLoad(1): Wait for page load successfully

29-02-2024T09:01:47 - [MESSAGE][PASSED] - Wait for page load successfully

29-02-2024T09:01:47 - [TEST_STEP][PASSED] - click(findTestObject("Create Pop-up Alert Page/More button")): Object: 'Object Repository/Create Pop-up Alert Page/More button' is clicked on

29-02-2024T09:01:47 - [MESSAGE][PASSED] - Object: 'Object Repository/Create Pop-up Alert Page/More button' is clicked on

29-02-2024T09:01:47 - [TEST_STEP][PASSED] - callTestCase(findTestCase("Built-in test cases/Choose recipients"), [:], STOP_ON_FAILURE): Call Test Case 'Test Cases/Built-in test cases/Choose recipients' successfully

29-02-2024T09:01:47 - [TEST_CASE][PASSED] - Test Cases/Built-in test cases/Choose recipients: Test Cases/Built-in test cases/Choose recipients

29-02-2024T09:01:47 - [TEST_STEP][PASSED] - click(findTestObject("Create Pop-up Alert Page/Choose recipients modal window/Filter field")): Object: 'Object Repository/Create Pop-up Alert Page/Choose recipients modal window/Filter field' is clicked on

29-02-2024T09:01:48 - [MESSAGE][PASSED] - Object: 'Object Repository/Create Pop-up Alert Page/Choose recipients modal window/Filter field' is clicked on

29-02-2024T09:01:48 - [TEST_STEP][PASSED] - setText(findTestObject("Create Pop-up Alert Page/Choose recipients modal window/Filter field"), "LAPTOP-E6BU4LL9"): Text 'LAPTOP-E6BU4LL9' is set on object 'Object Repository/Create Pop-up Alert Page/Choose recipients modal window/Filter field'

29-02-2024T09:01:49 - [MESSAGE][PASSED] - Text 'LAPTOP-E6BU4LL9' is set on object 'Object Repository/Create Pop-up Alert Page/Choose recipients modal window/Filter field'

29-02-2024T09:01:49 - [TEST_STEP][PASSED] - verifyElementText(findTestObject("Create Pop-up Alert Page/Choose recipients modal window/All user list-filtered"), "LAPTOP-E6BU4LL9 "): Actual text and expected text of test object 'Object Repository/Create Pop-up Alert Page/Choose recipients modal window/All user list-filtered' are matched.

29-02-2024T09:01:50 - [MESSAGE][PASSED] - Actual text and expected text of test object 'Object Repository/Create Pop-up Alert Page/Choose recipients modal window/All user list-filtered' are matched.

29-02-2024T09:01:50 - [TEST_STEP][PASSED] - click(findTestObject("Create Pop-up Alert Page/Choose recipients modal window/filtered user selection")): Object: 'Object Repository/Create Pop-up Alert Page/Choose recipients modal window/filtered user selection' is clicked on

29-02-2024T09:01:51 - [MESSAGE][PASSED] - Object: 'Object Repository/Create Pop-up Alert Page/Choose recipients modal window/filtered user selection' is clicked on

29-02-2024T09:01:51 - [TEST_STEP][PASSED] - click(findTestObject("Create Pop-up Alert Page/Choose recipients modal window/Filter field")): Object: 'Object Repository/Create Pop-up Alert Page/Choose recipients modal window/Filter field' is clicked on

29-02-2024T09:01:51 - [MESSAGE][PASSED] - Object: 'Object Repository/Create Pop-up Alert Page/Choose recipients modal window/Filter field' is clicked on

29-02-2024T09:01:51 - [TEST_STEP][PASSED] - sendKeys(findTestObject("Create Pop-up Alert Page/Choose recipients modal window/Filter field"), Keys.chord(CONTROL, "a", BACK_SPACE)): Keys 'CONTROL + BACK_SPACE + a' sent to object: 'Object Repository/Create Pop-up Alert Page/Choose recipients modal window/Filter field'

29-02-2024T09:01:52 - [MESSAGE][PASSED] - Keys 'CONTROL + BACK_SPACE + a' sent to object: 'Object Repository/Create Pop-up Alert Page/Choose recipients modal window/Filter field'

29-02-2024T09:01:52 - [TEST_STEP][PASSED] - setText(findTestObject("Create Pop-up Alert Page/Choose recipients modal window/Filter field"), "DESKTOP-9UH6GK7"): Text 'DESKTOP-9UH6GK7' is set on object 'Object Repository/Create Pop-up Alert Page/Choose recipients modal window/Filter field'

29-02-2024T09:01:53 - [MESSAGE][PASSED] - Text 'DESKTOP-9UH6GK7' is set on object 'Object Repository/Create Pop-up Alert Page/Choose recipients modal window/Filter field'

29-02-2024T09:01:53 - [TEST_STEP][PASSED] - verifyElementText(findTestObject("Create Pop-up Alert Page/Choose recipients modal window/All user list-filtered"), "DESKTOP-9UH6GK7 "): Actual text and expected text of test object 'Object Repository/Create Pop-up Alert Page/Choose recipients modal window/All user list-filtered' are matched.

29-02-2024T09:01:54 - [MESSAGE][PASSED] - Actual text and expected text of test object 'Object Repository/Create Pop-up Alert Page/Choose recipients modal window/All user list-filtered' are matched.

29-02-2024T09:01:54 - [TEST_STEP][PASSED] - click(findTestObject("Create Pop-up Alert Page/Choose recipients modal window/filtered user selection")): Object: 'Object Repository/Create Pop-up Alert Page/Choose recipients modal window/filtered user selection' is clicked on

29-02-2024T09:01:54 - [MESSAGE][PASSED] - Object: 'Object Repository/Create Pop-up Alert Page/Choose recipients modal window/filtered user selection' is clicked on

29-02-2024T09:01:54 - [TEST_STEP][PASSED] - click(findTestObject("Wallpapers/Done")): Object: 'Object Repository/Wallpapers/Done' is clicked on

29-02-2024T09:01:55 - [MESSAGE][PASSED] - Object: 'Object Repository/Wallpapers/Done' is clicked on

29-02-2024T09:01:55 - [MESSAGE][PASSED] - Call Test Case 'Test Cases/Built-in test cases/Choose recipients' successfully

29-02-2024T09:01:55 - [TEST_STEP][PASSED] - setText(findTestObject("Create Pop-up Alert Page/Alert Title field"), "TC-11"): Text 'TC-11' is set on object 'Object Repository/Create Pop-up Alert Page/Alert Title field'

29-02-2024T09:01:56 - [MESSAGE][PASSED] - Text 'TC-11' is set on object 'Object Repository/Create Pop-up Alert Page/Alert Title field'

29-02-2024T09:01:56 - [TEST_STEP][PASSED] - switchToFrame(findTestObject("Create Pop-up Alert Page/Alert body iframe"), 2): null

29-02-2024T09:01:56 - [TEST_STEP][PASSED] - setText(findTestObject("Create Pop-up Alert Page/Alert body"), "Hello! This is automated ticker with preview from Katalon"): Text 'Hello! This is automated ticker with preview from Katalon' is set on object 'Object Repository/Create Pop-up Alert Page/Alert body'

29-02-2024T09:01:56 - [MESSAGE][PASSED] - Text 'Hello! This is automated ticker with preview from Katalon' is set on object 'Object Repository/Create Pop-up Alert Page/Alert body'

29-02-2024T09:01:56 - [TEST_STEP][PASSED] - switchToDefaultContent(): null

29-02-2024T09:01:56 - [TEST_STEP][PASSED] - click(findTestObject("Create Pop-up Alert Page/Alerts settings right-hand menu/Skin choice button")): Object: 'Object Repository/Create Pop-up Alert Page/Alerts settings right-hand menu/Skin choice button' is clicked on

29-02-2024T09:01:57 - [MESSAGE][PASSED] - Object: 'Object Repository/Create Pop-up Alert Page/Alerts settings right-hand menu/Skin choice button' is clicked on

29-02-2024T09:01:57 - [TEST_STEP][PASSED] - click(findTestObject("Create Scrolling ticker/Ticker skin with given intex")): Object: 'Object Repository/Create Scrolling ticker/Ticker skin with given intex' is clicked on

29-02-2024T09:01:57 - [MESSAGE][PASSED] - Object: 'Object Repository/Create Scrolling ticker/Ticker skin with given intex' is clicked on

29-02-2024T09:01:57 - [TEST_STEP][PASSED] - check(findTestObject("Create Pop-up Alert Page/Alerts settings right-hand menu/Acknowledgement checkbox")): Object 'Object Repository/Create Pop-up Alert Page/Alerts settings right-hand menu/Acknowledgement checkbox' is checked

29-02-2024T09:01:58 - [MESSAGE][PASSED] - Object 'Object Repository/Create Pop-up Alert Page/Alerts settings right-hand menu/Acknowledgement checkbox' is checked

29-02-2024T09:01:58 - [TEST_STEP][PASSED] - verifyElementChecked(findTestObject("Create Pop-up Alert Page/Alerts settings right-hand menu/Acknowledgement checkbox"), 2): Object 'Object Repository/Create Pop-up Alert Page/Alerts settings right-hand menu/Acknowledgement checkbox' is checked

29-02-2024T09:01:59 - [MESSAGE][PASSED] - Object 'Object Repository/Create Pop-up Alert Page/Alerts settings right-hand menu/Acknowledgement checkbox' is checked

29-02-2024T09:01:59 - [TEST_STEP][PASSED] - scrollToElement(findTestObject("Create Pop-up Alert Page/Alerts settings right-hand menu/Enable user feedback checkbox"), 2): Scroll to object 'Object Repository/Create Pop-up Alert Page/Alerts settings right-hand menu/Enable user feedback checkbox' successfully

29-02-2024T09:01:59 - [MESSAGE][PASSED] - Scroll to object 'Object Repository/Create Pop-up Alert Page/Alerts settings right-hand menu/Enable user feedback checkbox' successfully

29-02-2024T09:01:59 - [TEST_STEP][PASSED] - check(findTestObject("Create Pop-up Alert Page/Alerts settings right-hand menu/Enable user feedback checkbox")): Object 'Object Repository/Create Pop-up Alert Page/Alerts settings right-hand menu/Enable user feedback checkbox' is checked

29-02-2024T09:01:59 - [MESSAGE][PASSED] - Object 'Object Repository/Create Pop-up Alert Page/Alerts settings right-hand menu/Enable user feedback checkbox' is checked

29-02-2024T09:01:59 - [TEST_STEP][PASSED] - verifyElementChecked(findTestObject("Create Pop-up Alert Page/Alerts settings right-hand menu/Enable user feedback checkbox"), 2): Object 'Object Repository/Create Pop-up Alert Page/Alerts settings right-hand menu/Enable user feedback checkbox' is checked

29-02-2024T09:02:00 - [MESSAGE][PASSED] - Object 'Object Repository/Create Pop-up Alert Page/Alerts settings right-hand menu/Enable user feedback checkbox' is checked

29-02-2024T09:02:00 - [TEST_STEP][PASSED] - click(findTestObject("Create Pop-up Alert Page/Preview button")): Object: 'Object Repository/Create Pop-up Alert Page/Preview button' is clicked on

29-02-2024T09:02:01 - [MESSAGE][PASSED] - Object: 'Object Repository/Create Pop-up Alert Page/Preview button' is clicked on

29-02-2024T09:02:01 - [TEST_STEP][PASSED] - switchToFrame(findTestObject("Create Scrolling ticker/preview ticker iframe"), 2): null

29-02-2024T09:02:02 - [TEST_STEP][PASSED] - takeFullPageScreenshot(): Taking screenshot successfully

29-02-2024T09:02:02 - [MESSAGE][INFO] - 0 hidden object(s)

29-02-2024T09:02:02 - [MESSAGE][PASSED] - Taking screenshot successfully
[[ATTACHMENT|C:\\Users\\Home\\git\\Katalon\\Reports\\20240229_085927\\Scrolling ticker\\20240229_085928\\1709186522095.png]]

29-02-2024T09:02:02 - [TEST_STEP][PASSED] - verifyElementPresent(findTestObject("Create Scrolling ticker/ticker aknowledgement ok"), 1): Object 'Object Repository/Create Scrolling ticker/ticker aknowledgement ok' is present

29-02-2024T09:02:02 - [MESSAGE][PASSED] - Object 'Object Repository/Create Scrolling ticker/ticker aknowledgement ok' is present

29-02-2024T09:02:02 - [TEST_STEP][PASSED] - verifyElementPresent(findTestObject("Create Scrolling ticker/ticker user feedback"), 1): Object 'Object Repository/Create Scrolling ticker/ticker user feedback' is present

29-02-2024T09:02:02 - [MESSAGE][PASSED] - Object 'Object Repository/Create Scrolling ticker/ticker user feedback' is present

29-02-2024T09:02:02 - [TEST_STEP][PASSED] - verifyElementPresent(findTestObject("Create Scrolling ticker/Notification ticker logo"), 1): Object 'Object Repository/Create Scrolling ticker/Notification ticker logo' is present

29-02-2024T09:02:02 - [MESSAGE][PASSED] - Object 'Object Repository/Create Scrolling ticker/Notification ticker logo' is present

29-02-2024T09:02:02 - [TEST_STEP][PASSED] - verifyElementText(findTestObject("Create Scrolling ticker/ticker title preview"), "TC-11"): Actual text and expected text of test object 'Object Repository/Create Scrolling ticker/ticker title preview' are matched.

29-02-2024T09:02:02 - [MESSAGE][PASSED] - Actual text and expected text of test object 'Object Repository/Create Scrolling ticker/ticker title preview' are matched.

29-02-2024T09:02:02 - [TEST_STEP][PASSED] - switchToDefaultContent(): null

29-02-2024T09:02:02 - [TEST_STEP][PASSED] - click(findTestObject("Create Pop-up Alert Page/Send button")): Object: 'Object Repository/Create Pop-up Alert Page/Send button' is clicked on

29-02-2024T09:02:03 - [MESSAGE][PASSED] - Object: 'Object Repository/Create Pop-up Alert Page/Send button' is clicked on

29-02-2024T09:02:03 - [TEST_STEP][PASSED] - waitForPageLoad(2): Wait for page load successfully

29-02-2024T09:02:03 - [MESSAGE][PASSED] - Wait for page load successfully

29-02-2024T09:02:03 - [TEST_STEP][PASSED] - setText(findTestObject("Pop-up Alerts page/Search by title field"), "TC-11"): Text 'TC-11' is set on object 'Object Repository/Pop-up Alerts page/Search by title field'

29-02-2024T09:02:05 - [MESSAGE][PASSED] - Text 'TC-11' is set on object 'Object Repository/Pop-up Alerts page/Search by title field'

29-02-2024T09:02:05 - [TEST_STEP][PASSED] - verifyElementText(findTestObject("Pop-up Alerts page/Filtered sent alert"), "TC-11"): Actual text and expected text of test object 'Object Repository/Pop-up Alerts page/Filtered sent alert' are matched.

29-02-2024T09:02:05 - [MESSAGE][PASSED] - Actual text and expected text of test object 'Object Repository/Pop-up Alerts page/Filtered sent alert' are matched.]]></system-out>
         <system-err><![CDATA[]]></system-err>
      </testcase>
      <system-out><![CDATA[29-02-2024T08:59:33 - [TEST_SUITE][PASSED] - Scrolling ticker: Test Cases/Ticker/Ticker Preview (TC-11)]]></system-out>
      <system-err><![CDATA[]]></system-err>
   </testsuite>
</testsuites>
