<?xml version="1.0" encoding="UTF-8"?>
<testsuites name="Video Alerts" time="252.849" tests="7" failures="0" errors="0">
   <testsuite name="Video Alerts" tests="7" failures="0" errors="0" time="252.849" skipped="0" timestamp="2024-02-28 09:17:39" hostname="Home - LAPTOP-E6BU4LL9.Dlink" id="Test Suites/Video Alerts">
      <properties>
         <property name="deviceName" value=""/>
         <property name="devicePlatform" value=""/>
         <property name="logFolder" value="C:\\Users\\Home\\git\\Katalon\\Reports\\20240228_084904\\Video Alerts\\20240228_084919"/>
         <property name="logFiles" value="C:\\Users\\Home\\git\\Katalon\\Reports\\20240228_084904\\Video Alerts\\20240228_084919\\execution0.log"/>
         <property name="attachments" value="C:\\Users\\Home\\git\\Katalon\\Reports\\20240228_084904\\Video Alerts\\20240228_084919\\1709101099978.png, C:\\Users\\Home\\git\\Katalon\\Reports\\20240228_084904\\Video Alerts\\20240228_084919\\1709101104138.png, C:\\Users\\Home\\git\\Katalon\\Reports\\20240228_084904\\Video Alerts\\20240228_084919\\1709101271313.png, C:\\Users\\Home\\git\\Katalon\\Reports\\20240228_084904\\Video Alerts\\20240228_084919\\1709101306537.png"/>
         <property name="hostName" value="Home - LAPTOP-E6BU4LL9.Dlink"/>
         <property name="os" value="Windows 11 64bit"/>
         <property name="katalonVersion" value="9.0.0.212"/>
         <property name="browser" value="Chrome 121.0.0.0"/>
         <property name="hostAddress" value="192.168.1.100"/>
         <property name="sessionId" value="1108d9eac95792c6aa62da1f26dbb395"/>
         <property name="seleniumVersion" value="3.141.59"/>
         <property name="proxyInformation" value="ProxyInformation { proxyOption=NO_PROXY, proxyServerType=HTTP, username=, password=********, proxyServerAddress=, proxyServerPort=0, executionList=&quot;&quot;, isApplyToDesiredCapabilities=true }"/>
         <property name="platform" value="Windows 11"/>
      </properties>
      <testcase name="Test Cases/Login Test Cases/Login with Valid Credentials" time="13.089" classname="Test Cases/Login Test Cases/Login with Valid Credentials" status="PASSED">
         <system-out><![CDATA[2024-02-28 09:17:39 - [TEST_CASE][PASSED] - Test Cases/Login Test Cases/Login with Valid Credentials: Test Cases/Login Test Cases/Login with Valid Credentials

2024-02-28 09:17:39 - [TEST_STEP][PASSED] - openBrowser(""): Browser is opened with url: ''

2024-02-28 09:17:40 - [MESSAGE][INFO] - Starting 'Chrome' driver

2024-02-28 09:17:40 - [MESSAGE][INFO] - Action delay is set to 0 milliseconds

2024-02-28 09:17:41 - [MESSAGE][PASSED] - Browser is opened with url: ''

2024-02-28 09:17:41 - [TEST_STEP][PASSED] - navigateToUrl("https://dadebug.commclouds.com/Demo/admin/auth"): Navigate to 'https://dadebug.commclouds.com/Demo/admin/auth' successfully

2024-02-28 09:17:42 - [MESSAGE][PASSED] - Navigate to 'https://dadebug.commclouds.com/Demo/admin/auth' successfully

2024-02-28 09:17:42 - [TEST_STEP][PASSED] - waitForPageLoad(3): Wait for page load successfully

2024-02-28 09:17:42 - [MESSAGE][PASSED] - Wait for page load successfully

2024-02-28 09:17:42 - [TEST_STEP][PASSED] - maximizeWindow(): Current window maximized

2024-02-28 09:17:42 - [MESSAGE][PASSED] - Current window maximized

2024-02-28 09:17:42 - [TEST_STEP][PASSED] - verifyElementPresent(findTestObject("Login Page/DAlogo"), 2): Object 'Object Repository/Login Page/DAlogo' is present

2024-02-28 09:17:43 - [MESSAGE][PASSED] - Object 'Object Repository/Login Page/DAlogo' is present

2024-02-28 09:17:43 - [TEST_STEP][PASSED] - verifyElementPresent(findTestObject("Login Page/Version number"), 2): Object 'Object Repository/Login Page/Version number' is present

2024-02-28 09:17:44 - [MESSAGE][PASSED] - Object 'Object Repository/Login Page/Version number' is present

2024-02-28 09:17:44 - [TEST_STEP][PASSED] - verifyElementText(findTestObject("Login Page/Version number"), "Version: 11.4.0.1 (stage/11)"): Actual text and expected text of test object 'Object Repository/Login Page/Version number' are matched.

2024-02-28 09:17:44 - [MESSAGE][PASSED] - Actual text and expected text of test object 'Object Repository/Login Page/Version number' are matched.

2024-02-28 09:17:44 - [TEST_STEP][PASSED] - setText(findTestObject("Object Repository/Login Page/Login input field"), "Zoya"): Text 'Zoya' is set on object 'Object Repository/Login Page/Login input field'

2024-02-28 09:17:45 - [MESSAGE][PASSED] - Text 'Zoya' is set on object 'Object Repository/Login Page/Login input field'

2024-02-28 09:17:45 - [TEST_STEP][PASSED] - setEncryptedText(findTestObject("Object Repository/Login Page/Password input field"), "tzH6RvlfSTg="): Text ****** has been set on object 'Object Repository/Login Page/Password input field'

2024-02-28 09:17:45 - [MESSAGE][PASSED] - Text ****** has been set on object 'Object Repository/Login Page/Password input field'

2024-02-28 09:17:45 - [TEST_STEP][PASSED] - click(findTestObject("Object Repository/Login Page/button_Log in")): Object: 'Object Repository/Login Page/button_Log in' is clicked on

2024-02-28 09:17:45 - [MESSAGE][PASSED] - Object: 'Object Repository/Login Page/button_Log in' is clicked on

2024-02-28 09:17:45 - [TEST_STEP][PASSED] - delay(4): Delayed 4 second(s)

2024-02-28 09:17:49 - [MESSAGE][PASSED] - Delayed 4 second(s)

2024-02-28 09:17:49 - [TEST_STEP][PASSED] - verifyElementPresent(findTestObject("Object Repository/Login Page/h1_Dashboard"), 4): Object 'Object Repository/Login Page/h1_Dashboard' is present

2024-02-28 09:17:50 - [MESSAGE][PASSED] - Object 'Object Repository/Login Page/h1_Dashboard' is present]]></system-out>
         <system-err><![CDATA[]]></system-err>
      </testcase>
      <testcase name="Test Cases/Video Alerts/Send Video Alert with MP4 (TC-43)" time="58.193" classname="Test Cases/Video Alerts/Send Video Alert with MP4 (TC-43)" status="PASSED">
         <system-out><![CDATA[2024-02-28 09:17:52 - [TEST_CASE][PASSED] - Test Cases/Video Alerts/Send Video Alert with MP4 (TC-43): Test Cases/Video Alerts/Send Video Alert with MP4 (TC-43)

2024-02-28 09:17:52 - [TEST_STEP][PASSED] - click(findTestObject("Dashboard Page/Compose alert button expansion")): Object: 'Object Repository/Dashboard Page/Compose alert button expansion' is clicked on

2024-02-28 09:17:52 - [MESSAGE][PASSED] - Object: 'Object Repository/Dashboard Page/Compose alert button expansion' is clicked on

2024-02-28 09:17:52 - [TEST_STEP][PASSED] - click(findTestObject("Dashboard Page/Video Alerts")): Object: 'Object Repository/Dashboard Page/Video Alerts' is clicked on

2024-02-28 09:17:53 - [MESSAGE][PASSED] - Object: 'Object Repository/Dashboard Page/Video Alerts' is clicked on

2024-02-28 09:17:53 - [TEST_STEP][PASSED] - verifyElementText(findTestObject("Wallpapers/Create Wallpaper Header"), "Create Video Alert"): Actual text and expected text of test object 'Object Repository/Wallpapers/Create Wallpaper Header' are matched.

2024-02-28 09:17:56 - [MESSAGE][PASSED] - Actual text and expected text of test object 'Object Repository/Wallpapers/Create Wallpaper Header' are matched.

2024-02-28 09:17:56 - [TEST_STEP][PASSED] - click(findTestObject("Video Alert/Videoalert more btn")): Object: 'Object Repository/Video Alert/Videoalert more btn' is clicked on

2024-02-28 09:17:57 - [MESSAGE][PASSED] - Object: 'Object Repository/Video Alert/Videoalert more btn' is clicked on

2024-02-28 09:17:57 - [TEST_STEP][PASSED] - callTestCase(findTestCase("Built-in test cases/Choose recipients"), [:], STOP_ON_FAILURE): Call Test Case 'Test Cases/Built-in test cases/Choose recipients' successfully

2024-02-28 09:17:57 - [TEST_CASE][PASSED] - Test Cases/Built-in test cases/Choose recipients: Test Cases/Built-in test cases/Choose recipients

2024-02-28 09:17:57 - [TEST_STEP][PASSED] - click(findTestObject("Create Pop-up Alert Page/Choose recipients modal window/Filter field")): Object: 'Object Repository/Create Pop-up Alert Page/Choose recipients modal window/Filter field' is clicked on

2024-02-28 09:17:58 - [MESSAGE][PASSED] - Object: 'Object Repository/Create Pop-up Alert Page/Choose recipients modal window/Filter field' is clicked on

2024-02-28 09:17:58 - [TEST_STEP][PASSED] - setText(findTestObject("Create Pop-up Alert Page/Choose recipients modal window/Filter field"), "LAPTOP-E6BU4LL9"): Text 'LAPTOP-E6BU4LL9' is set on object 'Object Repository/Create Pop-up Alert Page/Choose recipients modal window/Filter field'

2024-02-28 09:17:59 - [MESSAGE][PASSED] - Text 'LAPTOP-E6BU4LL9' is set on object 'Object Repository/Create Pop-up Alert Page/Choose recipients modal window/Filter field'

2024-02-28 09:17:59 - [TEST_STEP][PASSED] - verifyElementText(findTestObject("Create Pop-up Alert Page/Choose recipients modal window/All user list-filtered"), "LAPTOP-E6BU4LL9 "): Actual text and expected text of test object 'Object Repository/Create Pop-up Alert Page/Choose recipients modal window/All user list-filtered' are matched.

2024-02-28 09:18:00 - [MESSAGE][PASSED] - Actual text and expected text of test object 'Object Repository/Create Pop-up Alert Page/Choose recipients modal window/All user list-filtered' are matched.

2024-02-28 09:18:00 - [TEST_STEP][PASSED] - click(findTestObject("Create Pop-up Alert Page/Choose recipients modal window/filtered user selection")): Object: 'Object Repository/Create Pop-up Alert Page/Choose recipients modal window/filtered user selection' is clicked on

2024-02-28 09:18:01 - [MESSAGE][PASSED] - Object: 'Object Repository/Create Pop-up Alert Page/Choose recipients modal window/filtered user selection' is clicked on

2024-02-28 09:18:01 - [TEST_STEP][PASSED] - click(findTestObject("Create Pop-up Alert Page/Choose recipients modal window/Filter field")): Object: 'Object Repository/Create Pop-up Alert Page/Choose recipients modal window/Filter field' is clicked on

2024-02-28 09:18:01 - [MESSAGE][PASSED] - Object: 'Object Repository/Create Pop-up Alert Page/Choose recipients modal window/Filter field' is clicked on

2024-02-28 09:18:01 - [TEST_STEP][PASSED] - sendKeys(findTestObject("Create Pop-up Alert Page/Choose recipients modal window/Filter field"), Keys.chord(CONTROL, "a", BACK_SPACE)): Keys 'CONTROL + BACK_SPACE + a' sent to object: 'Object Repository/Create Pop-up Alert Page/Choose recipients modal window/Filter field'

2024-02-28 09:18:01 - [MESSAGE][PASSED] - Keys 'CONTROL + BACK_SPACE + a' sent to object: 'Object Repository/Create Pop-up Alert Page/Choose recipients modal window/Filter field'

2024-02-28 09:18:01 - [TEST_STEP][PASSED] - setText(findTestObject("Create Pop-up Alert Page/Choose recipients modal window/Filter field"), "DESKTOP-9UH6GK7"): Text 'DESKTOP-9UH6GK7' is set on object 'Object Repository/Create Pop-up Alert Page/Choose recipients modal window/Filter field'

2024-02-28 09:18:02 - [MESSAGE][PASSED] - Text 'DESKTOP-9UH6GK7' is set on object 'Object Repository/Create Pop-up Alert Page/Choose recipients modal window/Filter field'

2024-02-28 09:18:02 - [TEST_STEP][PASSED] - verifyElementText(findTestObject("Create Pop-up Alert Page/Choose recipients modal window/All user list-filtered"), "DESKTOP-9UH6GK7 "): Actual text and expected text of test object 'Object Repository/Create Pop-up Alert Page/Choose recipients modal window/All user list-filtered' are matched.

2024-02-28 09:18:04 - [MESSAGE][PASSED] - Actual text and expected text of test object 'Object Repository/Create Pop-up Alert Page/Choose recipients modal window/All user list-filtered' are matched.

2024-02-28 09:18:04 - [TEST_STEP][PASSED] - click(findTestObject("Create Pop-up Alert Page/Choose recipients modal window/filtered user selection")): Object: 'Object Repository/Create Pop-up Alert Page/Choose recipients modal window/filtered user selection' is clicked on

2024-02-28 09:18:04 - [MESSAGE][PASSED] - Object: 'Object Repository/Create Pop-up Alert Page/Choose recipients modal window/filtered user selection' is clicked on

2024-02-28 09:18:04 - [TEST_STEP][PASSED] - click(findTestObject("Wallpapers/Done")): Object: 'Object Repository/Wallpapers/Done' is clicked on

2024-02-28 09:18:05 - [MESSAGE][PASSED] - Object: 'Object Repository/Wallpapers/Done' is clicked on

2024-02-28 09:18:05 - [MESSAGE][PASSED] - Call Test Case 'Test Cases/Built-in test cases/Choose recipients' successfully

2024-02-28 09:18:05 - [TEST_STEP][PASSED] - setText(findTestObject("Create Pop-up Alert Page/Alert Title field"), "TC-43"): Text 'TC-43' is set on object 'Object Repository/Create Pop-up Alert Page/Alert Title field'

2024-02-28 09:18:06 - [MESSAGE][PASSED] - Text 'TC-43' is set on object 'Object Repository/Create Pop-up Alert Page/Alert Title field'

2024-02-28 09:18:06 - [TEST_STEP][PASSED] - verifyElementPresent(findTestObject("Video Alert/Videoalert upload area"), 2): Object 'Object Repository/Video Alert/Videoalert upload area' is present

2024-02-28 09:18:06 - [MESSAGE][PASSED] - Object 'Object Repository/Video Alert/Videoalert upload area' is present

2024-02-28 09:18:06 - [TEST_STEP][PASSED] - uploadFileWithDragAndDrop(findTestObject("Video Alert/Videoalert upload area"), "C:\Users\Home\git\Katalon\video\rabbit.mp4"): null

2024-02-28 09:18:07 - [TEST_STEP][PASSED] - delay(5): Delayed 5 second(s)

2024-02-28 09:18:12 - [MESSAGE][PASSED] - Delayed 5 second(s)

2024-02-28 09:18:12 - [TEST_STEP][PASSED] - getAttribute(findTestObject("Video alerts/uploaded video file"), "src"): Attribute 'src' of object 'Object Repository/Video alerts/uploaded video file' is: 'null'

2024-02-28 09:18:12 - [MESSAGE][PASSED] - Attribute 'src' of object 'Object Repository/Video alerts/uploaded video file' is: 'null'

2024-02-28 09:18:12 - [TEST_STEP][PASSED] - click(findTestObject("Video alerts/Video alert description")): Object: 'Object Repository/Video alerts/Video alert description' is clicked on

2024-02-28 09:18:12 - [MESSAGE][PASSED] - Object: 'Object Repository/Video alerts/Video alert description' is clicked on

2024-02-28 09:18:12 - [TEST_STEP][PASSED] - setText(findTestObject("Video alerts/Video alert description"), "Hello! This is automated MP4 video alert from Katalon"): Text 'Hello! This is automated MP4 video alert from Katalon' is set on object 'Object Repository/Video alerts/Video alert description'

2024-02-28 09:18:14 - [MESSAGE][PASSED] - Text 'Hello! This is automated MP4 video alert from Katalon' is set on object 'Object Repository/Video alerts/Video alert description'

2024-02-28 09:18:14 - [TEST_STEP][PASSED] - click(findTestObject("Wallpapers/Send wallpaper button")): Object: 'Object Repository/Wallpapers/Send wallpaper button' is clicked on

2024-02-28 09:18:15 - [MESSAGE][PASSED] - Object: 'Object Repository/Wallpapers/Send wallpaper button' is clicked on

2024-02-28 09:18:15 - [TEST_STEP][PASSED] - waitForPageLoad(2): Wait for page load successfully

2024-02-28 09:18:15 - [MESSAGE][PASSED] - Wait for page load successfully

2024-02-28 09:18:15 - [TEST_STEP][PASSED] - setText(findTestObject("Pop-up Alerts page/Search by title field"), "TC-43"): Text 'TC-43' is set on object 'Object Repository/Pop-up Alerts page/Search by title field'

2024-02-28 09:18:17 - [MESSAGE][PASSED] - Text 'TC-43' is set on object 'Object Repository/Pop-up Alerts page/Search by title field'

2024-02-28 09:18:17 - [TEST_STEP][PASSED] - verifyElementText(findTestObject("Pop-up Alerts page/Filtered sent alert"), "TC-43"): Actual text and expected text of test object 'Object Repository/Pop-up Alerts page/Filtered sent alert' are matched.

2024-02-28 09:18:17 - [MESSAGE][PASSED] - Actual text and expected text of test object 'Object Repository/Pop-up Alerts page/Filtered sent alert' are matched.

2024-02-28 09:18:17 - [TEST_STEP][NOT_RUN] - click(findTestObject("Survey/3dots Actions")): NOT_RUN: click(findTestObject("Survey/3dots Actions"))

2024-02-28 09:18:17 - [MESSAGE][NOT_RUN] - NOT_RUN: click(findTestObject("Survey/3dots Actions"))

2024-02-28 09:18:17 - [TEST_STEP][NOT_RUN] - mouseOver(findTestObject("Pop-up Alerts page/Stop-Start alert")): NOT_RUN: mouseOver(findTestObject("Pop-up Alerts page/Stop-Start alert"))

2024-02-28 09:18:17 - [MESSAGE][NOT_RUN] - NOT_RUN: mouseOver(findTestObject("Pop-up Alerts page/Stop-Start alert"))

2024-02-28 09:18:17 - [TEST_STEP][NOT_RUN] - click(findTestObject("Pop-up Alerts page/Stop-Start alert")): NOT_RUN: click(findTestObject("Pop-up Alerts page/Stop-Start alert"))

2024-02-28 09:18:17 - [MESSAGE][NOT_RUN] - NOT_RUN: click(findTestObject("Pop-up Alerts page/Stop-Start alert"))

2024-02-28 09:18:17 - [TEST_STEP][NOT_RUN] - verifyElementPresent(findTestObject("Pop-up Alerts page/Stopped status"), 2): NOT_RUN: verifyElementPresent(findTestObject("Pop-up Alerts page/Stopped status"), 2)

2024-02-28 09:18:17 - [MESSAGE][NOT_RUN] - NOT_RUN: verifyElementPresent(findTestObject("Pop-up Alerts page/Stopped status"), 2)

2024-02-28 09:18:17 - [TEST_STEP][PASSED] - click(findTestObject("Survey/3dots Actions")): Object: 'Object Repository/Survey/3dots Actions' is clicked on

2024-02-28 09:18:19 - [MESSAGE][PASSED] - Object: 'Object Repository/Survey/3dots Actions' is clicked on

2024-02-28 09:18:19 - [TEST_STEP][PASSED] - click(findTestObject("Pop-up Alerts page/View graph")): Object: 'Object Repository/Pop-up Alerts page/View graph' is clicked on

2024-02-28 09:18:19 - [MESSAGE][PASSED] - Object: 'Object Repository/Pop-up Alerts page/View graph' is clicked on

2024-02-28 09:18:19 - [TEST_STEP][PASSED] - takeElementScreenshot(findTestObject("Pop-up Alerts page/View graph image")): Taking screenshot successfully

2024-02-28 09:18:19 - [MESSAGE][WARNING] - Timeout '0' is invalid. Using default page load timeout: '30'

2024-02-28 09:18:21 - [MESSAGE][INFO] - 0 hidden object(s)

2024-02-28 09:18:21 - [MESSAGE][PASSED] - Taking screenshot successfully
[[ATTACHMENT|C:\\Users\\Home\\git\\Katalon\\Reports\\20240228_084904\\Video Alerts\\20240228_084919\\1709101099978.png]]

2024-02-28 09:18:21 - [TEST_STEP][PASSED] - click(findTestObject("Pop-up Alerts page/view graph close btn")): Object: 'Object Repository/Pop-up Alerts page/view graph close btn' is clicked on

2024-02-28 09:18:21 - [MESSAGE][PASSED] - Object: 'Object Repository/Pop-up Alerts page/view graph close btn' is clicked on

2024-02-28 09:18:21 - [TEST_STEP][PASSED] - click(findTestObject("Survey/3dots Actions")): Object: 'Object Repository/Survey/3dots Actions' is clicked on

2024-02-28 09:18:22 - [MESSAGE][PASSED] - Object: 'Object Repository/Survey/3dots Actions' is clicked on

2024-02-28 09:18:22 - [TEST_STEP][PASSED] - click(findTestObject("Pop-up Alerts page/Preview in actions menu")): Object: 'Object Repository/Pop-up Alerts page/Preview in actions menu' is clicked on

2024-02-28 09:18:22 - [MESSAGE][PASSED] - Object: 'Object Repository/Pop-up Alerts page/Preview in actions menu' is clicked on

2024-02-28 09:18:23 - [TEST_STEP][PASSED] - switchToFrame(findTestObject("Create Pop-up Alert Page/Preview alert iframe"), 2): null

2024-02-28 09:18:24 - [TEST_STEP][PASSED] - takeFullPageScreenshot([]): Taking screenshot successfully

2024-02-28 09:18:24 - [MESSAGE][INFO] - 0 hidden object(s)

2024-02-28 09:18:24 - [MESSAGE][INFO] - 0 hidden object(s)

2024-02-28 09:18:24 - [MESSAGE][PASSED] - Taking screenshot successfully
[[ATTACHMENT|C:\\Users\\Home\\git\\Katalon\\Reports\\20240228_084904\\Video Alerts\\20240228_084919\\1709101104138.png]]

2024-02-28 09:18:24 - [TEST_STEP][PASSED] - click(findTestObject("Create Pop-up Alert Page/close alert preview")): Object: 'Object Repository/Create Pop-up Alert Page/close alert preview' is clicked on

2024-02-28 09:18:25 - [MESSAGE][PASSED] - Object: 'Object Repository/Create Pop-up Alert Page/close alert preview' is clicked on

2024-02-28 09:18:25 - [TEST_STEP][PASSED] - switchToDefaultContent(): null

2024-02-28 09:18:25 - [TEST_STEP][PASSED] - click(findTestObject("Survey/3dots Actions")): Object: 'Object Repository/Survey/3dots Actions' is clicked on

2024-02-28 09:18:25 - [MESSAGE][PASSED] - Object: 'Object Repository/Survey/3dots Actions' is clicked on

2024-02-28 09:18:25 - [TEST_STEP][PASSED] - click(findTestObject("Pop-up Alerts page/Duplicate alert")): Object: 'Object Repository/Pop-up Alerts page/Duplicate alert' is clicked on

2024-02-28 09:18:26 - [MESSAGE][PASSED] - Object: 'Object Repository/Pop-up Alerts page/Duplicate alert' is clicked on

2024-02-28 09:18:26 - [TEST_STEP][PASSED] - sendKeys(findTestObject("Create Pop-up Alert Page/Alert Title field"), Keys.chord(CONTROL, "a", BACK_SPACE)): Keys 'CONTROL + BACK_SPACE + a' sent to object: 'Object Repository/Create Pop-up Alert Page/Alert Title field'

2024-02-28 09:18:28 - [MESSAGE][PASSED] - Keys 'CONTROL + BACK_SPACE + a' sent to object: 'Object Repository/Create Pop-up Alert Page/Alert Title field'

2024-02-28 09:18:28 - [TEST_STEP][PASSED] - setText(findTestObject("Create Pop-up Alert Page/Alert Title field"), "Duplicate video alert"): Text 'Duplicate video alert' is set on object 'Object Repository/Create Pop-up Alert Page/Alert Title field'

2024-02-28 09:18:30 - [MESSAGE][PASSED] - Text 'Duplicate video alert' is set on object 'Object Repository/Create Pop-up Alert Page/Alert Title field'

2024-02-28 09:18:30 - [TEST_STEP][PASSED] - click(findTestObject("Wallpapers/Send wallpaper button")): Object: 'Object Repository/Wallpapers/Send wallpaper button' is clicked on

2024-02-28 09:18:30 - [MESSAGE][PASSED] - Object: 'Object Repository/Wallpapers/Send wallpaper button' is clicked on

2024-02-28 09:18:30 - [TEST_STEP][PASSED] - waitForPageLoad(2): Wait for page load successfully

2024-02-28 09:18:30 - [MESSAGE][PASSED] - Wait for page load successfully

2024-02-28 09:18:30 - [TEST_STEP][PASSED] - setText(findTestObject("Pop-up Alerts page/Search by title field"), "TC-43"): Text 'TC-43' is set on object 'Object Repository/Pop-up Alerts page/Search by title field'

2024-02-28 09:18:32 - [MESSAGE][PASSED] - Text 'TC-43' is set on object 'Object Repository/Pop-up Alerts page/Search by title field'

2024-02-28 09:18:32 - [TEST_STEP][PASSED] - waitForPageLoad(2): Wait for page load successfully

2024-02-28 09:18:32 - [MESSAGE][PASSED] - Wait for page load successfully

2024-02-28 09:18:32 - [TEST_STEP][PASSED] - waitForElementClickable(findTestObject("Survey/3dots Actions"), 2): Object 'Object Repository/Survey/3dots Actions' is clickable

2024-02-28 09:18:32 - [MESSAGE][PASSED] - Object 'Object Repository/Survey/3dots Actions' is clickable

2024-02-28 09:18:32 - [TEST_STEP][PASSED] - click(findTestObject("Survey/3dots Actions")): Object: 'Object Repository/Survey/3dots Actions' is clicked on

2024-02-28 09:18:33 - [MESSAGE][PASSED] - Object: 'Object Repository/Survey/3dots Actions' is clicked on

2024-02-28 09:18:33 - [TEST_STEP][PASSED] - waitForElementClickable(findTestObject("Pop-up Alerts page/resend alert from actions menu"), 2): Object 'Object Repository/Pop-up Alerts page/resend alert from actions menu' is clickable

2024-02-28 09:18:34 - [MESSAGE][PASSED] - Object 'Object Repository/Pop-up Alerts page/resend alert from actions menu' is clickable

2024-02-28 09:18:34 - [TEST_STEP][PASSED] - click(findTestObject("Pop-up Alerts page/resend alert from actions menu")): Object: 'Object Repository/Pop-up Alerts page/resend alert from actions menu' is clicked on

2024-02-28 09:18:34 - [MESSAGE][PASSED] - Object: 'Object Repository/Pop-up Alerts page/resend alert from actions menu' is clicked on

2024-02-28 09:18:34 - [TEST_STEP][PASSED] - click(findTestObject("Pop-up Alerts page/Resend btn")): Object: 'Object Repository/Pop-up Alerts page/Resend btn' is clicked on

2024-02-28 09:18:35 - [MESSAGE][PASSED] - Object: 'Object Repository/Pop-up Alerts page/Resend btn' is clicked on

2024-02-28 09:18:35 - [TEST_STEP][PASSED] - sendKeys(findTestObject("Pop-up Alerts page/Search by title field"), Keys.chord(CONTROL, "a", BACK_SPACE)): Keys 'CONTROL + BACK_SPACE + a' sent to object: 'Object Repository/Pop-up Alerts page/Search by title field'

2024-02-28 09:18:36 - [MESSAGE][PASSED] - Keys 'CONTROL + BACK_SPACE + a' sent to object: 'Object Repository/Pop-up Alerts page/Search by title field'

2024-02-28 09:18:36 - [TEST_STEP][PASSED] - setText(findTestObject("Pop-up Alerts page/Search by title field"), "TC-43"): Text 'TC-43' is set on object 'Object Repository/Pop-up Alerts page/Search by title field'

2024-02-28 09:18:38 - [MESSAGE][PASSED] - Text 'TC-43' is set on object 'Object Repository/Pop-up Alerts page/Search by title field'

2024-02-28 09:18:38 - [TEST_STEP][PASSED] - verifyElementClickable(findTestObject("Pop-up Alerts page/Select all checkbox")): Object 'Object Repository/Pop-up Alerts page/Select all checkbox' is clickable

2024-02-28 09:18:38 - [MESSAGE][PASSED] - Object 'Object Repository/Pop-up Alerts page/Select all checkbox' is clickable

2024-02-28 09:18:38 - [TEST_STEP][PASSED] - check(findTestObject("Pop-up Alerts page/Select all checkbox")): Object 'Object Repository/Pop-up Alerts page/Select all checkbox' is checked

2024-02-28 09:18:40 - [MESSAGE][PASSED] - Object 'Object Repository/Pop-up Alerts page/Select all checkbox' is checked

2024-02-28 09:18:40 - [TEST_STEP][PASSED] - verifyElementChecked(findTestObject("Pop-up Alerts page/Select all checkbox"), 1): Object 'Object Repository/Pop-up Alerts page/Select all checkbox' is checked

2024-02-28 09:18:40 - [MESSAGE][PASSED] - Object 'Object Repository/Pop-up Alerts page/Select all checkbox' is checked

2024-02-28 09:18:40 - [TEST_STEP][PASSED] - click(findTestObject("Pop-up Alerts page/delete all")): Object: 'Object Repository/Pop-up Alerts page/delete all' is clicked on

2024-02-28 09:18:41 - [MESSAGE][PASSED] - Object: 'Object Repository/Pop-up Alerts page/delete all' is clicked on

2024-02-28 09:18:41 - [TEST_STEP][PASSED] - click(findTestObject("Pop-up Alerts page/Confirm deletion btn")): Object: 'Object Repository/Pop-up Alerts page/Confirm deletion btn' is clicked on

2024-02-28 09:18:42 - [MESSAGE][PASSED] - Object: 'Object Repository/Pop-up Alerts page/Confirm deletion btn' is clicked on

2024-02-28 09:18:42 - [TEST_STEP][PASSED] - sendKeys(findTestObject("Pop-up Alerts page/Search by title field"), Keys.chord(CONTROL, "a", BACK_SPACE)): Keys 'CONTROL + BACK_SPACE + a' sent to object: 'Object Repository/Pop-up Alerts page/Search by title field'

2024-02-28 09:18:43 - [MESSAGE][PASSED] - Keys 'CONTROL + BACK_SPACE + a' sent to object: 'Object Repository/Pop-up Alerts page/Search by title field'

2024-02-28 09:18:43 - [TEST_STEP][PASSED] - setText(findTestObject("Pop-up Alerts page/Search by title field"), "Duplicate video alert"): Text 'Duplicate video alert' is set on object 'Object Repository/Pop-up Alerts page/Search by title field'

2024-02-28 09:18:45 - [MESSAGE][PASSED] - Text 'Duplicate video alert' is set on object 'Object Repository/Pop-up Alerts page/Search by title field'

2024-02-28 09:18:45 - [TEST_STEP][PASSED] - waitForElementClickable(findTestObject("Create Pop-up Alert Page/sent alerts checkbox"), 2): Object 'Object Repository/Create Pop-up Alert Page/sent alerts checkbox' is clickable

2024-02-28 09:18:45 - [MESSAGE][PASSED] - Object 'Object Repository/Create Pop-up Alert Page/sent alerts checkbox' is clickable

2024-02-28 09:18:45 - [TEST_STEP][PASSED] - check(findTestObject("Create Pop-up Alert Page/sent alerts checkbox")): Object 'Object Repository/Create Pop-up Alert Page/sent alerts checkbox' is checked

2024-02-28 09:18:46 - [MESSAGE][PASSED] - Object 'Object Repository/Create Pop-up Alert Page/sent alerts checkbox' is checked

2024-02-28 09:18:46 - [TEST_STEP][PASSED] - verifyElementChecked(findTestObject("Create Pop-up Alert Page/sent alerts checkbox"), 2): Object 'Object Repository/Create Pop-up Alert Page/sent alerts checkbox' is checked

2024-02-28 09:18:47 - [MESSAGE][PASSED] - Object 'Object Repository/Create Pop-up Alert Page/sent alerts checkbox' is checked

2024-02-28 09:18:47 - [TEST_STEP][PASSED] - click(findTestObject("Pop-up Alerts page/delete all")): Object: 'Object Repository/Pop-up Alerts page/delete all' is clicked on

2024-02-28 09:18:47 - [MESSAGE][PASSED] - Object: 'Object Repository/Pop-up Alerts page/delete all' is clicked on

2024-02-28 09:18:47 - [TEST_STEP][PASSED] - click(findTestObject("Pop-up Alerts page/Confirm deletion btn")): Object: 'Object Repository/Pop-up Alerts page/Confirm deletion btn' is clicked on

2024-02-28 09:18:48 - [MESSAGE][PASSED] - Object: 'Object Repository/Pop-up Alerts page/Confirm deletion btn' is clicked on]]></system-out>
         <system-err><![CDATA[]]></system-err>
      </testcase>
      <testcase name="Test Cases/Video Alerts/Send Video Alert with AVI (TC-44)" time="38.982" classname="Test Cases/Video Alerts/Send Video Alert with AVI (TC-44)" status="PASSED">
         <system-out><![CDATA[2024-02-28 09:18:50 - [TEST_CASE][PASSED] - Test Cases/Video Alerts/Send Video Alert with AVI (TC-44): Test Cases/Video Alerts/Send Video Alert with AVI (TC-44)

2024-02-28 09:18:50 - [TEST_STEP][PASSED] - click(findTestObject("Pop-up Alerts page/New alert button")): Object: 'Object Repository/Pop-up Alerts page/New alert button' is clicked on

2024-02-28 09:18:51 - [MESSAGE][PASSED] - Object: 'Object Repository/Pop-up Alerts page/New alert button' is clicked on

2024-02-28 09:18:51 - [TEST_STEP][PASSED] - verifyElementText(findTestObject("Wallpapers/Create Wallpaper Header"), "Create Video Alert"): Actual text and expected text of test object 'Object Repository/Wallpapers/Create Wallpaper Header' are matched.

2024-02-28 09:18:53 - [MESSAGE][PASSED] - Actual text and expected text of test object 'Object Repository/Wallpapers/Create Wallpaper Header' are matched.

2024-02-28 09:18:53 - [TEST_STEP][PASSED] - click(findTestObject("Video Alert/Videoalert more btn")): Object: 'Object Repository/Video Alert/Videoalert more btn' is clicked on

2024-02-28 09:18:54 - [MESSAGE][PASSED] - Object: 'Object Repository/Video Alert/Videoalert more btn' is clicked on

2024-02-28 09:18:54 - [TEST_STEP][PASSED] - callTestCase(findTestCase("Built-in test cases/Choose recipients"), [:], STOP_ON_FAILURE): Call Test Case 'Test Cases/Built-in test cases/Choose recipients' successfully

2024-02-28 09:18:54 - [TEST_CASE][PASSED] - Test Cases/Built-in test cases/Choose recipients: Test Cases/Built-in test cases/Choose recipients

2024-02-28 09:18:54 - [TEST_STEP][PASSED] - click(findTestObject("Create Pop-up Alert Page/Choose recipients modal window/Filter field")): Object: 'Object Repository/Create Pop-up Alert Page/Choose recipients modal window/Filter field' is clicked on

2024-02-28 09:18:54 - [MESSAGE][PASSED] - Object: 'Object Repository/Create Pop-up Alert Page/Choose recipients modal window/Filter field' is clicked on

2024-02-28 09:18:54 - [TEST_STEP][PASSED] - setText(findTestObject("Create Pop-up Alert Page/Choose recipients modal window/Filter field"), "LAPTOP-E6BU4LL9"): Text 'LAPTOP-E6BU4LL9' is set on object 'Object Repository/Create Pop-up Alert Page/Choose recipients modal window/Filter field'

2024-02-28 09:18:56 - [MESSAGE][PASSED] - Text 'LAPTOP-E6BU4LL9' is set on object 'Object Repository/Create Pop-up Alert Page/Choose recipients modal window/Filter field'

2024-02-28 09:18:56 - [TEST_STEP][PASSED] - verifyElementText(findTestObject("Create Pop-up Alert Page/Choose recipients modal window/All user list-filtered"), "LAPTOP-E6BU4LL9 "): Actual text and expected text of test object 'Object Repository/Create Pop-up Alert Page/Choose recipients modal window/All user list-filtered' are matched.

2024-02-28 09:18:57 - [MESSAGE][PASSED] - Actual text and expected text of test object 'Object Repository/Create Pop-up Alert Page/Choose recipients modal window/All user list-filtered' are matched.

2024-02-28 09:18:57 - [TEST_STEP][PASSED] - click(findTestObject("Create Pop-up Alert Page/Choose recipients modal window/filtered user selection")): Object: 'Object Repository/Create Pop-up Alert Page/Choose recipients modal window/filtered user selection' is clicked on

2024-02-28 09:18:58 - [MESSAGE][PASSED] - Object: 'Object Repository/Create Pop-up Alert Page/Choose recipients modal window/filtered user selection' is clicked on

2024-02-28 09:18:58 - [TEST_STEP][PASSED] - click(findTestObject("Create Pop-up Alert Page/Choose recipients modal window/Filter field")): Object: 'Object Repository/Create Pop-up Alert Page/Choose recipients modal window/Filter field' is clicked on

2024-02-28 09:18:58 - [MESSAGE][PASSED] - Object: 'Object Repository/Create Pop-up Alert Page/Choose recipients modal window/Filter field' is clicked on

2024-02-28 09:18:58 - [TEST_STEP][PASSED] - sendKeys(findTestObject("Create Pop-up Alert Page/Choose recipients modal window/Filter field"), Keys.chord(CONTROL, "a", BACK_SPACE)): Keys 'CONTROL + BACK_SPACE + a' sent to object: 'Object Repository/Create Pop-up Alert Page/Choose recipients modal window/Filter field'

2024-02-28 09:18:59 - [MESSAGE][PASSED] - Keys 'CONTROL + BACK_SPACE + a' sent to object: 'Object Repository/Create Pop-up Alert Page/Choose recipients modal window/Filter field'

2024-02-28 09:18:59 - [TEST_STEP][PASSED] - setText(findTestObject("Create Pop-up Alert Page/Choose recipients modal window/Filter field"), "DESKTOP-9UH6GK7"): Text 'DESKTOP-9UH6GK7' is set on object 'Object Repository/Create Pop-up Alert Page/Choose recipients modal window/Filter field'

2024-02-28 09:19:00 - [MESSAGE][PASSED] - Text 'DESKTOP-9UH6GK7' is set on object 'Object Repository/Create Pop-up Alert Page/Choose recipients modal window/Filter field'

2024-02-28 09:19:00 - [TEST_STEP][PASSED] - verifyElementText(findTestObject("Create Pop-up Alert Page/Choose recipients modal window/All user list-filtered"), "DESKTOP-9UH6GK7 "): Actual text and expected text of test object 'Object Repository/Create Pop-up Alert Page/Choose recipients modal window/All user list-filtered' are matched.

2024-02-28 09:19:01 - [MESSAGE][PASSED] - Actual text and expected text of test object 'Object Repository/Create Pop-up Alert Page/Choose recipients modal window/All user list-filtered' are matched.

2024-02-28 09:19:01 - [TEST_STEP][PASSED] - click(findTestObject("Create Pop-up Alert Page/Choose recipients modal window/filtered user selection")): Object: 'Object Repository/Create Pop-up Alert Page/Choose recipients modal window/filtered user selection' is clicked on

2024-02-28 09:19:02 - [MESSAGE][PASSED] - Object: 'Object Repository/Create Pop-up Alert Page/Choose recipients modal window/filtered user selection' is clicked on

2024-02-28 09:19:02 - [TEST_STEP][PASSED] - click(findTestObject("Wallpapers/Done")): Object: 'Object Repository/Wallpapers/Done' is clicked on

2024-02-28 09:19:02 - [MESSAGE][PASSED] - Object: 'Object Repository/Wallpapers/Done' is clicked on

2024-02-28 09:19:02 - [MESSAGE][PASSED] - Call Test Case 'Test Cases/Built-in test cases/Choose recipients' successfully

2024-02-28 09:19:02 - [TEST_STEP][PASSED] - setText(findTestObject("Create Pop-up Alert Page/Alert Title field"), "TC-44"): Text 'TC-44' is set on object 'Object Repository/Create Pop-up Alert Page/Alert Title field'

2024-02-28 09:19:03 - [MESSAGE][PASSED] - Text 'TC-44' is set on object 'Object Repository/Create Pop-up Alert Page/Alert Title field'

2024-02-28 09:19:03 - [TEST_STEP][PASSED] - verifyElementPresent(findTestObject("Video Alert/Videoalert upload area"), 2): Object 'Object Repository/Video Alert/Videoalert upload area' is present

2024-02-28 09:19:04 - [MESSAGE][PASSED] - Object 'Object Repository/Video Alert/Videoalert upload area' is present

2024-02-28 09:19:04 - [TEST_STEP][PASSED] - uploadFileWithDragAndDrop(findTestObject("Video Alert/Videoalert upload area"), "C:\Users\Home\git\Katalon\video\earth.avi"): null

2024-02-28 09:19:04 - [TEST_STEP][PASSED] - delay(5): Delayed 5 second(s)

2024-02-28 09:19:09 - [MESSAGE][PASSED] - Delayed 5 second(s)

2024-02-28 09:19:09 - [TEST_STEP][PASSED] - getAttribute(findTestObject("Video alerts/uploaded video file"), "src"): Attribute 'src' of object 'Object Repository/Video alerts/uploaded video file' is: 'null'

2024-02-28 09:19:22 - [MESSAGE][PASSED] - Attribute 'src' of object 'Object Repository/Video alerts/uploaded video file' is: 'null'

2024-02-28 09:19:22 - [TEST_STEP][PASSED] - click(findTestObject("Video alerts/Video alert description")): Object: 'Object Repository/Video alerts/Video alert description' is clicked on

2024-02-28 09:19:22 - [MESSAGE][PASSED] - Object: 'Object Repository/Video alerts/Video alert description' is clicked on

2024-02-28 09:19:22 - [TEST_STEP][PASSED] - setText(findTestObject("Video alerts/Video alert description"), "Hello! This is automated AVI video alert from Katalon"): Text 'Hello! This is automated AVI video alert from Katalon' is set on object 'Object Repository/Video alerts/Video alert description'

2024-02-28 09:19:24 - [MESSAGE][PASSED] - Text 'Hello! This is automated AVI video alert from Katalon' is set on object 'Object Repository/Video alerts/Video alert description'

2024-02-28 09:19:24 - [TEST_STEP][PASSED] - click(findTestObject("Wallpapers/Send wallpaper button")): Object: 'Object Repository/Wallpapers/Send wallpaper button' is clicked on

2024-02-28 09:19:25 - [MESSAGE][PASSED] - Object: 'Object Repository/Wallpapers/Send wallpaper button' is clicked on

2024-02-28 09:19:25 - [TEST_STEP][PASSED] - waitForPageLoad(2): Wait for page load successfully

2024-02-28 09:19:25 - [MESSAGE][PASSED] - Wait for page load successfully

2024-02-28 09:19:25 - [TEST_STEP][PASSED] - setText(findTestObject("Pop-up Alerts page/Search by title field"), "TC-44"): Text 'TC-44' is set on object 'Object Repository/Pop-up Alerts page/Search by title field'

2024-02-28 09:19:27 - [MESSAGE][PASSED] - Text 'TC-44' is set on object 'Object Repository/Pop-up Alerts page/Search by title field'

2024-02-28 09:19:27 - [TEST_STEP][PASSED] - verifyElementText(findTestObject("Pop-up Alerts page/Filtered sent alert"), "TC-44"): Actual text and expected text of test object 'Object Repository/Pop-up Alerts page/Filtered sent alert' are matched.

2024-02-28 09:19:27 - [MESSAGE][PASSED] - Actual text and expected text of test object 'Object Repository/Pop-up Alerts page/Filtered sent alert' are matched.]]></system-out>
         <system-err><![CDATA[]]></system-err>
      </testcase>
      <testcase name="Test Cases/Video Alerts/Send Video Alert with WMV (TC-45)" time="26.985" classname="Test Cases/Video Alerts/Send Video Alert with WMV (TC-45)" status="PASSED">
         <system-out><![CDATA[2024-02-28 09:19:29 - [TEST_CASE][PASSED] - Test Cases/Video Alerts/Send Video Alert with WMV (TC-45): Test Cases/Video Alerts/Send Video Alert with WMV (TC-45)

2024-02-28 09:19:29 - [TEST_STEP][PASSED] - click(findTestObject("Dashboard Page/Compose alert button expansion")): Object: 'Object Repository/Dashboard Page/Compose alert button expansion' is clicked on

2024-02-28 09:19:29 - [MESSAGE][PASSED] - Object: 'Object Repository/Dashboard Page/Compose alert button expansion' is clicked on

2024-02-28 09:19:29 - [TEST_STEP][PASSED] - click(findTestObject("Dashboard Page/Video Alerts")): Object: 'Object Repository/Dashboard Page/Video Alerts' is clicked on

2024-02-28 09:19:30 - [MESSAGE][PASSED] - Object: 'Object Repository/Dashboard Page/Video Alerts' is clicked on

2024-02-28 09:19:30 - [TEST_STEP][PASSED] - verifyElementText(findTestObject("Wallpapers/Create Wallpaper Header"), "Create Video Alert"): Actual text and expected text of test object 'Object Repository/Wallpapers/Create Wallpaper Header' are matched.

2024-02-28 09:19:33 - [MESSAGE][PASSED] - Actual text and expected text of test object 'Object Repository/Wallpapers/Create Wallpaper Header' are matched.

2024-02-28 09:19:33 - [TEST_STEP][PASSED] - click(findTestObject("Video Alert/Videoalert more btn")): Object: 'Object Repository/Video Alert/Videoalert more btn' is clicked on

2024-02-28 09:19:33 - [MESSAGE][PASSED] - Object: 'Object Repository/Video Alert/Videoalert more btn' is clicked on

2024-02-28 09:19:33 - [TEST_STEP][PASSED] - callTestCase(findTestCase("Built-in test cases/Choose recipients"), [:], STOP_ON_FAILURE): Call Test Case 'Test Cases/Built-in test cases/Choose recipients' successfully

2024-02-28 09:19:33 - [TEST_CASE][PASSED] - Test Cases/Built-in test cases/Choose recipients: Test Cases/Built-in test cases/Choose recipients

2024-02-28 09:19:33 - [TEST_STEP][PASSED] - click(findTestObject("Create Pop-up Alert Page/Choose recipients modal window/Filter field")): Object: 'Object Repository/Create Pop-up Alert Page/Choose recipients modal window/Filter field' is clicked on

2024-02-28 09:19:34 - [MESSAGE][PASSED] - Object: 'Object Repository/Create Pop-up Alert Page/Choose recipients modal window/Filter field' is clicked on

2024-02-28 09:19:34 - [TEST_STEP][PASSED] - setText(findTestObject("Create Pop-up Alert Page/Choose recipients modal window/Filter field"), "LAPTOP-E6BU4LL9"): Text 'LAPTOP-E6BU4LL9' is set on object 'Object Repository/Create Pop-up Alert Page/Choose recipients modal window/Filter field'

2024-02-28 09:19:35 - [MESSAGE][PASSED] - Text 'LAPTOP-E6BU4LL9' is set on object 'Object Repository/Create Pop-up Alert Page/Choose recipients modal window/Filter field'

2024-02-28 09:19:35 - [TEST_STEP][PASSED] - verifyElementText(findTestObject("Create Pop-up Alert Page/Choose recipients modal window/All user list-filtered"), "LAPTOP-E6BU4LL9 "): Actual text and expected text of test object 'Object Repository/Create Pop-up Alert Page/Choose recipients modal window/All user list-filtered' are matched.

2024-02-28 09:19:37 - [MESSAGE][PASSED] - Actual text and expected text of test object 'Object Repository/Create Pop-up Alert Page/Choose recipients modal window/All user list-filtered' are matched.

2024-02-28 09:19:37 - [TEST_STEP][PASSED] - click(findTestObject("Create Pop-up Alert Page/Choose recipients modal window/filtered user selection")): Object: 'Object Repository/Create Pop-up Alert Page/Choose recipients modal window/filtered user selection' is clicked on

2024-02-28 09:19:37 - [MESSAGE][PASSED] - Object: 'Object Repository/Create Pop-up Alert Page/Choose recipients modal window/filtered user selection' is clicked on

2024-02-28 09:19:37 - [TEST_STEP][PASSED] - click(findTestObject("Create Pop-up Alert Page/Choose recipients modal window/Filter field")): Object: 'Object Repository/Create Pop-up Alert Page/Choose recipients modal window/Filter field' is clicked on

2024-02-28 09:19:38 - [MESSAGE][PASSED] - Object: 'Object Repository/Create Pop-up Alert Page/Choose recipients modal window/Filter field' is clicked on

2024-02-28 09:19:38 - [TEST_STEP][PASSED] - sendKeys(findTestObject("Create Pop-up Alert Page/Choose recipients modal window/Filter field"), Keys.chord(CONTROL, "a", BACK_SPACE)): Keys 'CONTROL + BACK_SPACE + a' sent to object: 'Object Repository/Create Pop-up Alert Page/Choose recipients modal window/Filter field'

2024-02-28 09:19:38 - [MESSAGE][PASSED] - Keys 'CONTROL + BACK_SPACE + a' sent to object: 'Object Repository/Create Pop-up Alert Page/Choose recipients modal window/Filter field'

2024-02-28 09:19:38 - [TEST_STEP][PASSED] - setText(findTestObject("Create Pop-up Alert Page/Choose recipients modal window/Filter field"), "DESKTOP-9UH6GK7"): Text 'DESKTOP-9UH6GK7' is set on object 'Object Repository/Create Pop-up Alert Page/Choose recipients modal window/Filter field'

2024-02-28 09:19:39 - [MESSAGE][PASSED] - Text 'DESKTOP-9UH6GK7' is set on object 'Object Repository/Create Pop-up Alert Page/Choose recipients modal window/Filter field'

2024-02-28 09:19:39 - [TEST_STEP][PASSED] - verifyElementText(findTestObject("Create Pop-up Alert Page/Choose recipients modal window/All user list-filtered"), "DESKTOP-9UH6GK7 "): Actual text and expected text of test object 'Object Repository/Create Pop-up Alert Page/Choose recipients modal window/All user list-filtered' are matched.

2024-02-28 09:19:40 - [MESSAGE][PASSED] - Actual text and expected text of test object 'Object Repository/Create Pop-up Alert Page/Choose recipients modal window/All user list-filtered' are matched.

2024-02-28 09:19:40 - [TEST_STEP][PASSED] - click(findTestObject("Create Pop-up Alert Page/Choose recipients modal window/filtered user selection")): Object: 'Object Repository/Create Pop-up Alert Page/Choose recipients modal window/filtered user selection' is clicked on

2024-02-28 09:19:41 - [MESSAGE][PASSED] - Object: 'Object Repository/Create Pop-up Alert Page/Choose recipients modal window/filtered user selection' is clicked on

2024-02-28 09:19:41 - [TEST_STEP][PASSED] - click(findTestObject("Wallpapers/Done")): Object: 'Object Repository/Wallpapers/Done' is clicked on

2024-02-28 09:19:41 - [MESSAGE][PASSED] - Object: 'Object Repository/Wallpapers/Done' is clicked on

2024-02-28 09:19:41 - [MESSAGE][PASSED] - Call Test Case 'Test Cases/Built-in test cases/Choose recipients' successfully

2024-02-28 09:19:41 - [TEST_STEP][PASSED] - setText(findTestObject("Create Pop-up Alert Page/Alert Title field"), "TC-45"): Text 'TC-45' is set on object 'Object Repository/Create Pop-up Alert Page/Alert Title field'

2024-02-28 09:19:42 - [MESSAGE][PASSED] - Text 'TC-45' is set on object 'Object Repository/Create Pop-up Alert Page/Alert Title field'

2024-02-28 09:19:42 - [TEST_STEP][PASSED] - verifyElementPresent(findTestObject("Video Alert/Videoalert upload area"), 2): Object 'Object Repository/Video Alert/Videoalert upload area' is present

2024-02-28 09:19:43 - [MESSAGE][PASSED] - Object 'Object Repository/Video Alert/Videoalert upload area' is present

2024-02-28 09:19:43 - [TEST_STEP][PASSED] - uploadFileWithDragAndDrop(findTestObject("Video Alert/Videoalert upload area"), "C:\Users\Home\git\Katalon\video\seaside.wmv"): null

2024-02-28 09:19:43 - [TEST_STEP][PASSED] - delay(5): Delayed 5 second(s)

2024-02-28 09:19:48 - [MESSAGE][PASSED] - Delayed 5 second(s)

2024-02-28 09:19:48 - [TEST_STEP][PASSED] - getAttribute(findTestObject("Video alerts/uploaded video file"), "src"): Attribute 'src' of object 'Object Repository/Video alerts/uploaded video file' is: 'null'

2024-02-28 09:19:49 - [MESSAGE][PASSED] - Attribute 'src' of object 'Object Repository/Video alerts/uploaded video file' is: 'null'

2024-02-28 09:19:49 - [TEST_STEP][PASSED] - click(findTestObject("Video alerts/Video alert description")): Object: 'Object Repository/Video alerts/Video alert description' is clicked on

2024-02-28 09:19:49 - [MESSAGE][PASSED] - Object: 'Object Repository/Video alerts/Video alert description' is clicked on

2024-02-28 09:19:49 - [TEST_STEP][PASSED] - setText(findTestObject("Video alerts/Video alert description"), "Hello! This is automated WMV video alert from Katalon"): Text 'Hello! This is automated WMV video alert from Katalon' is set on object 'Object Repository/Video alerts/Video alert description'

2024-02-28 09:19:51 - [MESSAGE][PASSED] - Text 'Hello! This is automated WMV video alert from Katalon' is set on object 'Object Repository/Video alerts/Video alert description'

2024-02-28 09:19:51 - [TEST_STEP][PASSED] - click(findTestObject("Wallpapers/Send wallpaper button")): Object: 'Object Repository/Wallpapers/Send wallpaper button' is clicked on

2024-02-28 09:19:52 - [MESSAGE][PASSED] - Object: 'Object Repository/Wallpapers/Send wallpaper button' is clicked on

2024-02-28 09:19:52 - [TEST_STEP][PASSED] - waitForPageLoad(2): Wait for page load successfully

2024-02-28 09:19:52 - [MESSAGE][PASSED] - Wait for page load successfully

2024-02-28 09:19:52 - [TEST_STEP][PASSED] - setText(findTestObject("Pop-up Alerts page/Search by title field"), "TC-45"): Text 'TC-45' is set on object 'Object Repository/Pop-up Alerts page/Search by title field'

2024-02-28 09:19:54 - [MESSAGE][PASSED] - Text 'TC-45' is set on object 'Object Repository/Pop-up Alerts page/Search by title field'

2024-02-28 09:19:54 - [TEST_STEP][PASSED] - verifyElementText(findTestObject("Pop-up Alerts page/Filtered sent alert"), "TC-45"): Actual text and expected text of test object 'Object Repository/Pop-up Alerts page/Filtered sent alert' are matched.

2024-02-28 09:19:54 - [MESSAGE][PASSED] - Actual text and expected text of test object 'Object Repository/Pop-up Alerts page/Filtered sent alert' are matched.]]></system-out>
         <system-err><![CDATA[]]></system-err>
      </testcase>
      <testcase name="Test Cases/Video Alerts/Send Video Alert with video from the server (TC-46)" time="49.713" classname="Test Cases/Video Alerts/Send Video Alert with video from the server (TC-46)" status="PASSED">
         <system-out><![CDATA[2024-02-28 09:19:56 - [TEST_CASE][PASSED] - Test Cases/Video Alerts/Send Video Alert with video from the server (TC-46): Test Cases/Video Alerts/Send Video Alert with video from the server (TC-46)

2024-02-28 09:19:56 - [TEST_STEP][PASSED] - click(findTestObject("Dashboard Page/Compose alert button expansion")): Object: 'Object Repository/Dashboard Page/Compose alert button expansion' is clicked on

2024-02-28 09:19:56 - [MESSAGE][PASSED] - Object: 'Object Repository/Dashboard Page/Compose alert button expansion' is clicked on

2024-02-28 09:19:56 - [TEST_STEP][PASSED] - click(findTestObject("Dashboard Page/Video Alerts")): Object: 'Object Repository/Dashboard Page/Video Alerts' is clicked on

2024-02-28 09:19:57 - [MESSAGE][PASSED] - Object: 'Object Repository/Dashboard Page/Video Alerts' is clicked on

2024-02-28 09:19:57 - [TEST_STEP][PASSED] - verifyElementText(findTestObject("Wallpapers/Create Wallpaper Header"), "Create Video Alert"): Actual text and expected text of test object 'Object Repository/Wallpapers/Create Wallpaper Header' are matched.

2024-02-28 09:20:00 - [MESSAGE][PASSED] - Actual text and expected text of test object 'Object Repository/Wallpapers/Create Wallpaper Header' are matched.

2024-02-28 09:20:00 - [TEST_STEP][PASSED] - click(findTestObject("Video Alert/Videoalert more btn")): Object: 'Object Repository/Video Alert/Videoalert more btn' is clicked on

2024-02-28 09:20:00 - [MESSAGE][PASSED] - Object: 'Object Repository/Video Alert/Videoalert more btn' is clicked on

2024-02-28 09:20:00 - [TEST_STEP][PASSED] - callTestCase(findTestCase("Built-in test cases/Choose recipients"), [:], STOP_ON_FAILURE): Call Test Case 'Test Cases/Built-in test cases/Choose recipients' successfully

2024-02-28 09:20:00 - [TEST_CASE][PASSED] - Test Cases/Built-in test cases/Choose recipients: Test Cases/Built-in test cases/Choose recipients

2024-02-28 09:20:00 - [TEST_STEP][PASSED] - click(findTestObject("Create Pop-up Alert Page/Choose recipients modal window/Filter field")): Object: 'Object Repository/Create Pop-up Alert Page/Choose recipients modal window/Filter field' is clicked on

2024-02-28 09:20:01 - [MESSAGE][PASSED] - Object: 'Object Repository/Create Pop-up Alert Page/Choose recipients modal window/Filter field' is clicked on

2024-02-28 09:20:01 - [TEST_STEP][PASSED] - setText(findTestObject("Create Pop-up Alert Page/Choose recipients modal window/Filter field"), "LAPTOP-E6BU4LL9"): Text 'LAPTOP-E6BU4LL9' is set on object 'Object Repository/Create Pop-up Alert Page/Choose recipients modal window/Filter field'

2024-02-28 09:20:02 - [MESSAGE][PASSED] - Text 'LAPTOP-E6BU4LL9' is set on object 'Object Repository/Create Pop-up Alert Page/Choose recipients modal window/Filter field'

2024-02-28 09:20:02 - [TEST_STEP][PASSED] - verifyElementText(findTestObject("Create Pop-up Alert Page/Choose recipients modal window/All user list-filtered"), "LAPTOP-E6BU4LL9 "): Actual text and expected text of test object 'Object Repository/Create Pop-up Alert Page/Choose recipients modal window/All user list-filtered' are matched.

2024-02-28 09:20:03 - [MESSAGE][PASSED] - Actual text and expected text of test object 'Object Repository/Create Pop-up Alert Page/Choose recipients modal window/All user list-filtered' are matched.

2024-02-28 09:20:03 - [TEST_STEP][PASSED] - click(findTestObject("Create Pop-up Alert Page/Choose recipients modal window/filtered user selection")): Object: 'Object Repository/Create Pop-up Alert Page/Choose recipients modal window/filtered user selection' is clicked on

2024-02-28 09:20:04 - [MESSAGE][PASSED] - Object: 'Object Repository/Create Pop-up Alert Page/Choose recipients modal window/filtered user selection' is clicked on

2024-02-28 09:20:04 - [TEST_STEP][PASSED] - click(findTestObject("Create Pop-up Alert Page/Choose recipients modal window/Filter field")): Object: 'Object Repository/Create Pop-up Alert Page/Choose recipients modal window/Filter field' is clicked on

2024-02-28 09:20:04 - [MESSAGE][PASSED] - Object: 'Object Repository/Create Pop-up Alert Page/Choose recipients modal window/Filter field' is clicked on

2024-02-28 09:20:04 - [TEST_STEP][PASSED] - sendKeys(findTestObject("Create Pop-up Alert Page/Choose recipients modal window/Filter field"), Keys.chord(CONTROL, "a", BACK_SPACE)): Keys 'CONTROL + BACK_SPACE + a' sent to object: 'Object Repository/Create Pop-up Alert Page/Choose recipients modal window/Filter field'

2024-02-28 09:20:05 - [MESSAGE][PASSED] - Keys 'CONTROL + BACK_SPACE + a' sent to object: 'Object Repository/Create Pop-up Alert Page/Choose recipients modal window/Filter field'

2024-02-28 09:20:05 - [TEST_STEP][PASSED] - setText(findTestObject("Create Pop-up Alert Page/Choose recipients modal window/Filter field"), "DESKTOP-9UH6GK7"): Text 'DESKTOP-9UH6GK7' is set on object 'Object Repository/Create Pop-up Alert Page/Choose recipients modal window/Filter field'

2024-02-28 09:20:06 - [MESSAGE][PASSED] - Text 'DESKTOP-9UH6GK7' is set on object 'Object Repository/Create Pop-up Alert Page/Choose recipients modal window/Filter field'

2024-02-28 09:20:06 - [TEST_STEP][PASSED] - verifyElementText(findTestObject("Create Pop-up Alert Page/Choose recipients modal window/All user list-filtered"), "DESKTOP-9UH6GK7 "): Actual text and expected text of test object 'Object Repository/Create Pop-up Alert Page/Choose recipients modal window/All user list-filtered' are matched.

2024-02-28 09:20:07 - [MESSAGE][PASSED] - Actual text and expected text of test object 'Object Repository/Create Pop-up Alert Page/Choose recipients modal window/All user list-filtered' are matched.

2024-02-28 09:20:07 - [TEST_STEP][PASSED] - click(findTestObject("Create Pop-up Alert Page/Choose recipients modal window/filtered user selection")): Object: 'Object Repository/Create Pop-up Alert Page/Choose recipients modal window/filtered user selection' is clicked on

2024-02-28 09:20:07 - [MESSAGE][PASSED] - Object: 'Object Repository/Create Pop-up Alert Page/Choose recipients modal window/filtered user selection' is clicked on

2024-02-28 09:20:07 - [TEST_STEP][PASSED] - click(findTestObject("Wallpapers/Done")): Object: 'Object Repository/Wallpapers/Done' is clicked on

2024-02-28 09:20:08 - [MESSAGE][PASSED] - Object: 'Object Repository/Wallpapers/Done' is clicked on

2024-02-28 09:20:08 - [MESSAGE][PASSED] - Call Test Case 'Test Cases/Built-in test cases/Choose recipients' successfully

2024-02-28 09:20:08 - [TEST_STEP][PASSED] - setText(findTestObject("Create Pop-up Alert Page/Alert Title field"), "TC-46"): Text 'TC-46' is set on object 'Object Repository/Create Pop-up Alert Page/Alert Title field'

2024-02-28 09:20:09 - [MESSAGE][PASSED] - Text 'TC-46' is set on object 'Object Repository/Create Pop-up Alert Page/Alert Title field'

2024-02-28 09:20:09 - [TEST_STEP][PASSED] - verifyElementPresent(findTestObject("Video Alert/Videoalert upload area"), 2): Object 'Object Repository/Video Alert/Videoalert upload area' is present

2024-02-28 09:20:09 - [MESSAGE][PASSED] - Object 'Object Repository/Video Alert/Videoalert upload area' is present

2024-02-28 09:20:09 - [TEST_STEP][PASSED] - click(findTestObject("Video Alert/Select video from the server")): Object: 'Object Repository/Video Alert/Select video from the server' is clicked on

2024-02-28 09:20:10 - [MESSAGE][PASSED] - Object: 'Object Repository/Video Alert/Select video from the server' is clicked on

2024-02-28 09:20:10 - [TEST_STEP][PASSED] - click(findTestObject("Wallpapers/Select image from server button")): Object: 'Object Repository/Wallpapers/Select image from server button' is clicked on

2024-02-28 09:20:10 - [MESSAGE][PASSED] - Object: 'Object Repository/Wallpapers/Select image from server button' is clicked on

2024-02-28 09:20:10 - [TEST_STEP][PASSED] - click(findTestObject("Video alerts/First video from the server")): Object: 'Object Repository/Video alerts/First video from the server' is clicked on

2024-02-28 09:20:11 - [MESSAGE][PASSED] - Object: 'Object Repository/Video alerts/First video from the server' is clicked on

2024-02-28 09:20:11 - [TEST_STEP][PASSED] - delay(1): Delayed 1 second(s)

2024-02-28 09:20:12 - [MESSAGE][PASSED] - Delayed 1 second(s)

2024-02-28 09:20:12 - [TEST_STEP][NOT_RUN] - getAttribute(findTestObject("Video alerts/uploaded video file"), "src"): NOT_RUN: getAttribute(findTestObject("Video alerts/uploaded video file"), "src")

2024-02-28 09:20:12 - [MESSAGE][NOT_RUN] - NOT_RUN: getAttribute(findTestObject("Video alerts/uploaded video file"), "src")

2024-02-28 09:20:12 - [TEST_STEP][PASSED] - click(findTestObject("Video alerts/Video alert description")): Object: 'Object Repository/Video alerts/Video alert description' is clicked on

2024-02-28 09:20:13 - [MESSAGE][PASSED] - Object: 'Object Repository/Video alerts/Video alert description' is clicked on

2024-02-28 09:20:13 - [TEST_STEP][PASSED] - setText(findTestObject("Video alerts/Video alert description"), "Hello! This is automated video alert from Katalon"): Text 'Hello! This is automated video alert from Katalon' is set on object 'Object Repository/Video alerts/Video alert description'

2024-02-28 09:20:14 - [MESSAGE][PASSED] - Text 'Hello! This is automated video alert from Katalon' is set on object 'Object Repository/Video alerts/Video alert description'

2024-02-28 09:20:14 - [TEST_STEP][PASSED] - click(findTestObject("Wallpapers/Send wallpaper button")): Object: 'Object Repository/Wallpapers/Send wallpaper button' is clicked on

2024-02-28 09:20:15 - [MESSAGE][PASSED] - Object: 'Object Repository/Wallpapers/Send wallpaper button' is clicked on

2024-02-28 09:20:15 - [TEST_STEP][PASSED] - waitForPageLoad(2): Wait for page load successfully

2024-02-28 09:20:15 - [MESSAGE][PASSED] - Wait for page load successfully

2024-02-28 09:20:15 - [TEST_STEP][PASSED] - setText(findTestObject("Pop-up Alerts page/Search by title field"), "TC-46"): Text 'TC-46' is set on object 'Object Repository/Pop-up Alerts page/Search by title field'

2024-02-28 09:20:43 - [MESSAGE][PASSED] - Text 'TC-46' is set on object 'Object Repository/Pop-up Alerts page/Search by title field'

2024-02-28 09:20:43 - [TEST_STEP][PASSED] - verifyElementText(findTestObject("Pop-up Alerts page/Filtered sent alert"), "TC-46"): Actual text and expected text of test object 'Object Repository/Pop-up Alerts page/Filtered sent alert' are matched.

2024-02-28 09:20:44 - [MESSAGE][PASSED] - Actual text and expected text of test object 'Object Repository/Pop-up Alerts page/Filtered sent alert' are matched.]]></system-out>
         <system-err><![CDATA[]]></system-err>
      </testcase>
      <testcase name="Test Cases/Video Alerts/Draft Video Alert (TC-47)" time="34.001" classname="Test Cases/Video Alerts/Draft Video Alert (TC-47)" status="PASSED">
         <system-out><![CDATA[2024-02-28 09:20:46 - [TEST_CASE][PASSED] - Test Cases/Video Alerts/Draft Video Alert (TC-47): Test Cases/Video Alerts/Draft Video Alert (TC-47)

2024-02-28 09:20:46 - [TEST_STEP][PASSED] - click(findTestObject("Dashboard Page/Compose alert button expansion")): Object: 'Object Repository/Dashboard Page/Compose alert button expansion' is clicked on

2024-02-28 09:20:46 - [MESSAGE][PASSED] - Object: 'Object Repository/Dashboard Page/Compose alert button expansion' is clicked on

2024-02-28 09:20:46 - [TEST_STEP][PASSED] - click(findTestObject("Dashboard Page/Video Alerts")): Object: 'Object Repository/Dashboard Page/Video Alerts' is clicked on

2024-02-28 09:20:47 - [MESSAGE][PASSED] - Object: 'Object Repository/Dashboard Page/Video Alerts' is clicked on

2024-02-28 09:20:47 - [TEST_STEP][PASSED] - verifyElementText(findTestObject("Wallpapers/Create Wallpaper Header"), "Create Video Alert"): Actual text and expected text of test object 'Object Repository/Wallpapers/Create Wallpaper Header' are matched.

2024-02-28 09:20:50 - [MESSAGE][PASSED] - Actual text and expected text of test object 'Object Repository/Wallpapers/Create Wallpaper Header' are matched.

2024-02-28 09:20:50 - [TEST_STEP][PASSED] - click(findTestObject("Video Alert/Videoalert more btn")): Object: 'Object Repository/Video Alert/Videoalert more btn' is clicked on

2024-02-28 09:20:50 - [MESSAGE][PASSED] - Object: 'Object Repository/Video Alert/Videoalert more btn' is clicked on

2024-02-28 09:20:50 - [TEST_STEP][PASSED] - callTestCase(findTestCase("Built-in test cases/Choose recipients"), [:], STOP_ON_FAILURE): Call Test Case 'Test Cases/Built-in test cases/Choose recipients' successfully

2024-02-28 09:20:50 - [TEST_CASE][PASSED] - Test Cases/Built-in test cases/Choose recipients: Test Cases/Built-in test cases/Choose recipients

2024-02-28 09:20:50 - [TEST_STEP][PASSED] - click(findTestObject("Create Pop-up Alert Page/Choose recipients modal window/Filter field")): Object: 'Object Repository/Create Pop-up Alert Page/Choose recipients modal window/Filter field' is clicked on

2024-02-28 09:20:50 - [MESSAGE][PASSED] - Object: 'Object Repository/Create Pop-up Alert Page/Choose recipients modal window/Filter field' is clicked on

2024-02-28 09:20:50 - [TEST_STEP][PASSED] - setText(findTestObject("Create Pop-up Alert Page/Choose recipients modal window/Filter field"), "LAPTOP-E6BU4LL9"): Text 'LAPTOP-E6BU4LL9' is set on object 'Object Repository/Create Pop-up Alert Page/Choose recipients modal window/Filter field'

2024-02-28 09:20:52 - [MESSAGE][PASSED] - Text 'LAPTOP-E6BU4LL9' is set on object 'Object Repository/Create Pop-up Alert Page/Choose recipients modal window/Filter field'

2024-02-28 09:20:52 - [TEST_STEP][PASSED] - verifyElementText(findTestObject("Create Pop-up Alert Page/Choose recipients modal window/All user list-filtered"), "LAPTOP-E6BU4LL9 "): Actual text and expected text of test object 'Object Repository/Create Pop-up Alert Page/Choose recipients modal window/All user list-filtered' are matched.

2024-02-28 09:20:53 - [MESSAGE][PASSED] - Actual text and expected text of test object 'Object Repository/Create Pop-up Alert Page/Choose recipients modal window/All user list-filtered' are matched.

2024-02-28 09:20:53 - [TEST_STEP][PASSED] - click(findTestObject("Create Pop-up Alert Page/Choose recipients modal window/filtered user selection")): Object: 'Object Repository/Create Pop-up Alert Page/Choose recipients modal window/filtered user selection' is clicked on

2024-02-28 09:20:54 - [MESSAGE][PASSED] - Object: 'Object Repository/Create Pop-up Alert Page/Choose recipients modal window/filtered user selection' is clicked on

2024-02-28 09:20:54 - [TEST_STEP][PASSED] - click(findTestObject("Create Pop-up Alert Page/Choose recipients modal window/Filter field")): Object: 'Object Repository/Create Pop-up Alert Page/Choose recipients modal window/Filter field' is clicked on

2024-02-28 09:20:54 - [MESSAGE][PASSED] - Object: 'Object Repository/Create Pop-up Alert Page/Choose recipients modal window/Filter field' is clicked on

2024-02-28 09:20:54 - [TEST_STEP][PASSED] - sendKeys(findTestObject("Create Pop-up Alert Page/Choose recipients modal window/Filter field"), Keys.chord(CONTROL, "a", BACK_SPACE)): Keys 'CONTROL + BACK_SPACE + a' sent to object: 'Object Repository/Create Pop-up Alert Page/Choose recipients modal window/Filter field'

2024-02-28 09:20:54 - [MESSAGE][PASSED] - Keys 'CONTROL + BACK_SPACE + a' sent to object: 'Object Repository/Create Pop-up Alert Page/Choose recipients modal window/Filter field'

2024-02-28 09:20:54 - [TEST_STEP][PASSED] - setText(findTestObject("Create Pop-up Alert Page/Choose recipients modal window/Filter field"), "DESKTOP-9UH6GK7"): Text 'DESKTOP-9UH6GK7' is set on object 'Object Repository/Create Pop-up Alert Page/Choose recipients modal window/Filter field'

2024-02-28 09:20:55 - [MESSAGE][PASSED] - Text 'DESKTOP-9UH6GK7' is set on object 'Object Repository/Create Pop-up Alert Page/Choose recipients modal window/Filter field'

2024-02-28 09:20:55 - [TEST_STEP][PASSED] - verifyElementText(findTestObject("Create Pop-up Alert Page/Choose recipients modal window/All user list-filtered"), "DESKTOP-9UH6GK7 "): Actual text and expected text of test object 'Object Repository/Create Pop-up Alert Page/Choose recipients modal window/All user list-filtered' are matched.

2024-02-28 09:20:57 - [MESSAGE][PASSED] - Actual text and expected text of test object 'Object Repository/Create Pop-up Alert Page/Choose recipients modal window/All user list-filtered' are matched.

2024-02-28 09:20:57 - [TEST_STEP][PASSED] - click(findTestObject("Create Pop-up Alert Page/Choose recipients modal window/filtered user selection")): Object: 'Object Repository/Create Pop-up Alert Page/Choose recipients modal window/filtered user selection' is clicked on

2024-02-28 09:20:57 - [MESSAGE][PASSED] - Object: 'Object Repository/Create Pop-up Alert Page/Choose recipients modal window/filtered user selection' is clicked on

2024-02-28 09:20:57 - [TEST_STEP][PASSED] - click(findTestObject("Wallpapers/Done")): Object: 'Object Repository/Wallpapers/Done' is clicked on

2024-02-28 09:20:58 - [MESSAGE][PASSED] - Object: 'Object Repository/Wallpapers/Done' is clicked on

2024-02-28 09:20:58 - [MESSAGE][PASSED] - Call Test Case 'Test Cases/Built-in test cases/Choose recipients' successfully

2024-02-28 09:20:58 - [TEST_STEP][PASSED] - setText(findTestObject("Create Pop-up Alert Page/Alert Title field"), "TC-47"): Text 'TC-47' is set on object 'Object Repository/Create Pop-up Alert Page/Alert Title field'

2024-02-28 09:20:59 - [MESSAGE][PASSED] - Text 'TC-47' is set on object 'Object Repository/Create Pop-up Alert Page/Alert Title field'

2024-02-28 09:20:59 - [TEST_STEP][PASSED] - verifyElementPresent(findTestObject("Video Alert/Videoalert upload area"), 2): Object 'Object Repository/Video Alert/Videoalert upload area' is present

2024-02-28 09:20:59 - [MESSAGE][PASSED] - Object 'Object Repository/Video Alert/Videoalert upload area' is present

2024-02-28 09:20:59 - [TEST_STEP][PASSED] - click(findTestObject("Video Alert/Select video from the server")): Object: 'Object Repository/Video Alert/Select video from the server' is clicked on

2024-02-28 09:21:00 - [MESSAGE][PASSED] - Object: 'Object Repository/Video Alert/Select video from the server' is clicked on

2024-02-28 09:21:00 - [TEST_STEP][PASSED] - click(findTestObject("Wallpapers/Select image from server button")): Object: 'Object Repository/Wallpapers/Select image from server button' is clicked on

2024-02-28 09:21:00 - [MESSAGE][PASSED] - Object: 'Object Repository/Wallpapers/Select image from server button' is clicked on

2024-02-28 09:21:00 - [TEST_STEP][PASSED] - click(findTestObject("Video alerts/First video from the server")): Object: 'Object Repository/Video alerts/First video from the server' is clicked on

2024-02-28 09:21:01 - [MESSAGE][PASSED] - Object: 'Object Repository/Video alerts/First video from the server' is clicked on

2024-02-28 09:21:01 - [TEST_STEP][PASSED] - delay(1): Delayed 1 second(s)

2024-02-28 09:21:02 - [MESSAGE][PASSED] - Delayed 1 second(s)

2024-02-28 09:21:02 - [TEST_STEP][PASSED] - click(findTestObject("Video alerts/Video alert description")): Object: 'Object Repository/Video alerts/Video alert description' is clicked on

2024-02-28 09:21:02 - [MESSAGE][PASSED] - Object: 'Object Repository/Video alerts/Video alert description' is clicked on

2024-02-28 09:21:02 - [TEST_STEP][PASSED] - setText(findTestObject("Video alerts/Video alert description"), "Hello! This is automated Draft video alert from Katalon"): Text 'Hello! This is automated Draft video alert from Katalon' is set on object 'Object Repository/Video alerts/Video alert description'

2024-02-28 09:21:04 - [MESSAGE][PASSED] - Text 'Hello! This is automated Draft video alert from Katalon' is set on object 'Object Repository/Video alerts/Video alert description'

2024-02-28 09:21:04 - [TEST_STEP][PASSED] - click(findTestObject("Wallpapers/Save wallpaper button")): Object: 'Object Repository/Wallpapers/Save wallpaper button' is clicked on

2024-02-28 09:21:05 - [MESSAGE][PASSED] - Object: 'Object Repository/Wallpapers/Save wallpaper button' is clicked on

2024-02-28 09:21:05 - [TEST_STEP][PASSED] - waitForPageLoad(2): Wait for page load successfully

2024-02-28 09:21:05 - [MESSAGE][PASSED] - Wait for page load successfully

2024-02-28 09:21:05 - [TEST_STEP][PASSED] - click(findTestObject("Pop-up Alerts page/Draft tab")): Object: 'Object Repository/Pop-up Alerts page/Draft tab' is clicked on

2024-02-28 09:21:07 - [MESSAGE][PASSED] - Object: 'Object Repository/Pop-up Alerts page/Draft tab' is clicked on

2024-02-28 09:21:07 - [TEST_STEP][PASSED] - setText(findTestObject("Pop-up Alerts page/Search by title field"), "TC-47"): Text 'TC-47' is set on object 'Object Repository/Pop-up Alerts page/Search by title field'

2024-02-28 09:21:08 - [MESSAGE][PASSED] - Text 'TC-47' is set on object 'Object Repository/Pop-up Alerts page/Search by title field'

2024-02-28 09:21:08 - [TEST_STEP][PASSED] - verifyElementText(findTestObject("Pop-up Alerts page/Filtered sent alert"), "TC-47"): Actual text and expected text of test object 'Object Repository/Pop-up Alerts page/Filtered sent alert' are matched.

2024-02-28 09:21:08 - [MESSAGE][PASSED] - Actual text and expected text of test object 'Object Repository/Pop-up Alerts page/Filtered sent alert' are matched.

2024-02-28 09:21:08 - [TEST_STEP][PASSED] - click(findTestObject("Survey/3dots Actions")): Object: 'Object Repository/Survey/3dots Actions' is clicked on

2024-02-28 09:21:09 - [MESSAGE][PASSED] - Object: 'Object Repository/Survey/3dots Actions' is clicked on

2024-02-28 09:21:09 - [TEST_STEP][PASSED] - click(findTestObject("Pop-up Alerts page/Preview Draft alert Actions")): Object: 'Object Repository/Pop-up Alerts page/Preview Draft alert Actions' is clicked on

2024-02-28 09:21:10 - [MESSAGE][PASSED] - Object: 'Object Repository/Pop-up Alerts page/Preview Draft alert Actions' is clicked on

2024-02-28 09:21:10 - [TEST_STEP][PASSED] - switchToFrame(findTestObject("Create Pop-up Alert Page/Preview alert iframe"), 2): null

2024-02-28 09:21:11 - [TEST_STEP][PASSED] - takeFullPageScreenshot([]): Taking screenshot successfully

2024-02-28 09:21:11 - [MESSAGE][INFO] - 0 hidden object(s)

2024-02-28 09:21:11 - [MESSAGE][INFO] - 0 hidden object(s)

2024-02-28 09:21:11 - [MESSAGE][PASSED] - Taking screenshot successfully
[[ATTACHMENT|C:\\Users\\Home\\git\\Katalon\\Reports\\20240228_084904\\Video Alerts\\20240228_084919\\1709101271313.png]]

2024-02-28 09:21:11 - [TEST_STEP][PASSED] - click(findTestObject("Create Pop-up Alert Page/close alert preview")): Object: 'Object Repository/Create Pop-up Alert Page/close alert preview' is clicked on

2024-02-28 09:21:12 - [MESSAGE][PASSED] - Object: 'Object Repository/Create Pop-up Alert Page/close alert preview' is clicked on

2024-02-28 09:21:12 - [TEST_STEP][PASSED] - switchToDefaultContent(): null

2024-02-28 09:21:12 - [TEST_STEP][PASSED] - click(findTestObject("Survey/3dots Actions")): Object: 'Object Repository/Survey/3dots Actions' is clicked on

2024-02-28 09:21:12 - [MESSAGE][PASSED] - Object: 'Object Repository/Survey/3dots Actions' is clicked on

2024-02-28 09:21:12 - [TEST_STEP][PASSED] - click(findTestObject("Pop-up Alerts page/Edit Draft alert Actions")): Object: 'Object Repository/Pop-up Alerts page/Edit Draft alert Actions' is clicked on

2024-02-28 09:21:13 - [MESSAGE][PASSED] - Object: 'Object Repository/Pop-up Alerts page/Edit Draft alert Actions' is clicked on

2024-02-28 09:21:13 - [TEST_STEP][PASSED] - verifyElementText(findTestObject("Wallpapers/Create Wallpaper Header"), "Create Video Alert"): Actual text and expected text of test object 'Object Repository/Wallpapers/Create Wallpaper Header' are matched.

2024-02-28 09:21:16 - [MESSAGE][PASSED] - Actual text and expected text of test object 'Object Repository/Wallpapers/Create Wallpaper Header' are matched.

2024-02-28 09:21:16 - [TEST_STEP][PASSED] - click(findTestObject("Wallpapers/Save wallpaper button")): Object: 'Object Repository/Wallpapers/Save wallpaper button' is clicked on

2024-02-28 09:21:16 - [MESSAGE][PASSED] - Object: 'Object Repository/Wallpapers/Save wallpaper button' is clicked on

2024-02-28 09:21:16 - [TEST_STEP][PASSED] - verifyElementPresent(findTestObject("Pop-up Alerts page/Draft tab"), 2): Object 'Object Repository/Pop-up Alerts page/Draft tab' is present

2024-02-28 09:21:18 - [MESSAGE][PASSED] - Object 'Object Repository/Pop-up Alerts page/Draft tab' is present]]></system-out>
         <system-err><![CDATA[]]></system-err>
      </testcase>
      <testcase name="Test Cases/Video Alerts/Send Video Alert with advanced settings (TC-48)" time="31.631" classname="Test Cases/Video Alerts/Send Video Alert with advanced settings (TC-48)" status="PASSED">
         <system-out><![CDATA[2024-02-28 09:21:20 - [TEST_CASE][PASSED] - Test Cases/Video Alerts/Send Video Alert with advanced settings (TC-48): Test Cases/Video Alerts/Send Video Alert with advanced settings (TC-48)

2024-02-28 09:21:20 - [TEST_STEP][PASSED] - click(findTestObject("Dashboard Page/Compose alert button expansion")): Object: 'Object Repository/Dashboard Page/Compose alert button expansion' is clicked on

2024-02-28 09:21:20 - [MESSAGE][PASSED] - Object: 'Object Repository/Dashboard Page/Compose alert button expansion' is clicked on

2024-02-28 09:21:20 - [TEST_STEP][PASSED] - click(findTestObject("Dashboard Page/Video Alerts")): Object: 'Object Repository/Dashboard Page/Video Alerts' is clicked on

2024-02-28 09:21:21 - [MESSAGE][PASSED] - Object: 'Object Repository/Dashboard Page/Video Alerts' is clicked on

2024-02-28 09:21:21 - [TEST_STEP][PASSED] - verifyElementText(findTestObject("Wallpapers/Create Wallpaper Header"), "Create Video Alert"): Actual text and expected text of test object 'Object Repository/Wallpapers/Create Wallpaper Header' are matched.

2024-02-28 09:21:24 - [MESSAGE][PASSED] - Actual text and expected text of test object 'Object Repository/Wallpapers/Create Wallpaper Header' are matched.

2024-02-28 09:21:24 - [TEST_STEP][PASSED] - click(findTestObject("Video Alert/Videoalert more btn")): Object: 'Object Repository/Video Alert/Videoalert more btn' is clicked on

2024-02-28 09:21:24 - [MESSAGE][PASSED] - Object: 'Object Repository/Video Alert/Videoalert more btn' is clicked on

2024-02-28 09:21:24 - [TEST_STEP][PASSED] - callTestCase(findTestCase("Built-in test cases/Choose recipients"), [:], STOP_ON_FAILURE): Call Test Case 'Test Cases/Built-in test cases/Choose recipients' successfully

2024-02-28 09:21:24 - [TEST_CASE][PASSED] - Test Cases/Built-in test cases/Choose recipients: Test Cases/Built-in test cases/Choose recipients

2024-02-28 09:21:24 - [TEST_STEP][PASSED] - click(findTestObject("Create Pop-up Alert Page/Choose recipients modal window/Filter field")): Object: 'Object Repository/Create Pop-up Alert Page/Choose recipients modal window/Filter field' is clicked on

2024-02-28 09:21:25 - [MESSAGE][PASSED] - Object: 'Object Repository/Create Pop-up Alert Page/Choose recipients modal window/Filter field' is clicked on

2024-02-28 09:21:25 - [TEST_STEP][PASSED] - setText(findTestObject("Create Pop-up Alert Page/Choose recipients modal window/Filter field"), "LAPTOP-E6BU4LL9"): Text 'LAPTOP-E6BU4LL9' is set on object 'Object Repository/Create Pop-up Alert Page/Choose recipients modal window/Filter field'

2024-02-28 09:21:26 - [MESSAGE][PASSED] - Text 'LAPTOP-E6BU4LL9' is set on object 'Object Repository/Create Pop-up Alert Page/Choose recipients modal window/Filter field'

2024-02-28 09:21:26 - [TEST_STEP][PASSED] - verifyElementText(findTestObject("Create Pop-up Alert Page/Choose recipients modal window/All user list-filtered"), "LAPTOP-E6BU4LL9 "): Actual text and expected text of test object 'Object Repository/Create Pop-up Alert Page/Choose recipients modal window/All user list-filtered' are matched.

2024-02-28 09:21:28 - [MESSAGE][PASSED] - Actual text and expected text of test object 'Object Repository/Create Pop-up Alert Page/Choose recipients modal window/All user list-filtered' are matched.

2024-02-28 09:21:28 - [TEST_STEP][PASSED] - click(findTestObject("Create Pop-up Alert Page/Choose recipients modal window/filtered user selection")): Object: 'Object Repository/Create Pop-up Alert Page/Choose recipients modal window/filtered user selection' is clicked on

2024-02-28 09:21:28 - [MESSAGE][PASSED] - Object: 'Object Repository/Create Pop-up Alert Page/Choose recipients modal window/filtered user selection' is clicked on

2024-02-28 09:21:28 - [TEST_STEP][PASSED] - click(findTestObject("Create Pop-up Alert Page/Choose recipients modal window/Filter field")): Object: 'Object Repository/Create Pop-up Alert Page/Choose recipients modal window/Filter field' is clicked on

2024-02-28 09:21:29 - [MESSAGE][PASSED] - Object: 'Object Repository/Create Pop-up Alert Page/Choose recipients modal window/Filter field' is clicked on

2024-02-28 09:21:29 - [TEST_STEP][PASSED] - sendKeys(findTestObject("Create Pop-up Alert Page/Choose recipients modal window/Filter field"), Keys.chord(CONTROL, "a", BACK_SPACE)): Keys 'CONTROL + BACK_SPACE + a' sent to object: 'Object Repository/Create Pop-up Alert Page/Choose recipients modal window/Filter field'

2024-02-28 09:21:29 - [MESSAGE][PASSED] - Keys 'CONTROL + BACK_SPACE + a' sent to object: 'Object Repository/Create Pop-up Alert Page/Choose recipients modal window/Filter field'

2024-02-28 09:21:29 - [TEST_STEP][PASSED] - setText(findTestObject("Create Pop-up Alert Page/Choose recipients modal window/Filter field"), "DESKTOP-9UH6GK7"): Text 'DESKTOP-9UH6GK7' is set on object 'Object Repository/Create Pop-up Alert Page/Choose recipients modal window/Filter field'

2024-02-28 09:21:30 - [MESSAGE][PASSED] - Text 'DESKTOP-9UH6GK7' is set on object 'Object Repository/Create Pop-up Alert Page/Choose recipients modal window/Filter field'

2024-02-28 09:21:30 - [TEST_STEP][PASSED] - verifyElementText(findTestObject("Create Pop-up Alert Page/Choose recipients modal window/All user list-filtered"), "DESKTOP-9UH6GK7 "): Actual text and expected text of test object 'Object Repository/Create Pop-up Alert Page/Choose recipients modal window/All user list-filtered' are matched.

2024-02-28 09:21:32 - [MESSAGE][PASSED] - Actual text and expected text of test object 'Object Repository/Create Pop-up Alert Page/Choose recipients modal window/All user list-filtered' are matched.

2024-02-28 09:21:32 - [TEST_STEP][PASSED] - click(findTestObject("Create Pop-up Alert Page/Choose recipients modal window/filtered user selection")): Object: 'Object Repository/Create Pop-up Alert Page/Choose recipients modal window/filtered user selection' is clicked on

2024-02-28 09:21:32 - [MESSAGE][PASSED] - Object: 'Object Repository/Create Pop-up Alert Page/Choose recipients modal window/filtered user selection' is clicked on

2024-02-28 09:21:32 - [TEST_STEP][PASSED] - click(findTestObject("Wallpapers/Done")): Object: 'Object Repository/Wallpapers/Done' is clicked on

2024-02-28 09:21:33 - [MESSAGE][PASSED] - Object: 'Object Repository/Wallpapers/Done' is clicked on

2024-02-28 09:21:33 - [MESSAGE][PASSED] - Call Test Case 'Test Cases/Built-in test cases/Choose recipients' successfully

2024-02-28 09:21:33 - [TEST_STEP][PASSED] - setText(findTestObject("Create Pop-up Alert Page/Alert Title field"), "TC-48"): Text 'TC-48' is set on object 'Object Repository/Create Pop-up Alert Page/Alert Title field'

2024-02-28 09:21:34 - [MESSAGE][PASSED] - Text 'TC-48' is set on object 'Object Repository/Create Pop-up Alert Page/Alert Title field'

2024-02-28 09:21:34 - [TEST_STEP][PASSED] - verifyElementPresent(findTestObject("Video Alert/Videoalert upload area"), 2): Object 'Object Repository/Video Alert/Videoalert upload area' is present

2024-02-28 09:21:34 - [MESSAGE][PASSED] - Object 'Object Repository/Video Alert/Videoalert upload area' is present

2024-02-28 09:21:34 - [TEST_STEP][PASSED] - click(findTestObject("Video Alert/Select video from the server")): Object: 'Object Repository/Video Alert/Select video from the server' is clicked on

2024-02-28 09:21:34 - [MESSAGE][PASSED] - Object: 'Object Repository/Video Alert/Select video from the server' is clicked on

2024-02-28 09:21:34 - [TEST_STEP][PASSED] - click(findTestObject("Wallpapers/Select image from server button")): Object: 'Object Repository/Wallpapers/Select image from server button' is clicked on

2024-02-28 09:21:35 - [MESSAGE][PASSED] - Object: 'Object Repository/Wallpapers/Select image from server button' is clicked on

2024-02-28 09:21:35 - [TEST_STEP][PASSED] - click(findTestObject("Video alerts/First video from the server")): Object: 'Object Repository/Video alerts/First video from the server' is clicked on

2024-02-28 09:21:35 - [MESSAGE][PASSED] - Object: 'Object Repository/Video alerts/First video from the server' is clicked on

2024-02-28 09:21:35 - [TEST_STEP][PASSED] - delay(1): Delayed 1 second(s)

2024-02-28 09:21:36 - [MESSAGE][PASSED] - Delayed 1 second(s)

2024-02-28 09:21:36 - [TEST_STEP][PASSED] - click(findTestObject("Video alerts/Video alert description")): Object: 'Object Repository/Video alerts/Video alert description' is clicked on

2024-02-28 09:21:37 - [MESSAGE][PASSED] - Object: 'Object Repository/Video alerts/Video alert description' is clicked on

2024-02-28 09:21:37 - [TEST_STEP][PASSED] - setText(findTestObject("Video alerts/Video alert description"), "Hello! This is automated video alert from Katalon"): Text 'Hello! This is automated video alert from Katalon' is set on object 'Object Repository/Video alerts/Video alert description'

2024-02-28 09:21:39 - [MESSAGE][PASSED] - Text 'Hello! This is automated video alert from Katalon' is set on object 'Object Repository/Video alerts/Video alert description'

2024-02-28 09:21:39 - [TEST_STEP][PASSED] - click(findTestObject("Create Pop-up Alert Page/Alerts settings right-hand menu/Skin choice button")): Object: 'Object Repository/Create Pop-up Alert Page/Alerts settings right-hand menu/Skin choice button' is clicked on

2024-02-28 09:21:39 - [MESSAGE][PASSED] - Object: 'Object Repository/Create Pop-up Alert Page/Alerts settings right-hand menu/Skin choice button' is clicked on

2024-02-28 09:21:39 - [TEST_STEP][PASSED] - click(findTestObject("Create Pop-up Alert Page/Alerts settings right-hand menu/Skin with given index")): Object: 'Object Repository/Create Pop-up Alert Page/Alerts settings right-hand menu/Skin with given index' is clicked on

2024-02-28 09:21:40 - [MESSAGE][PASSED] - Object: 'Object Repository/Create Pop-up Alert Page/Alerts settings right-hand menu/Skin with given index' is clicked on

2024-02-28 09:21:40 - [TEST_STEP][PASSED] - sendKeys(findTestObject("Survey/alert width"), Keys.chord(CONTROL, "a", BACK_SPACE)): Keys 'CONTROL + BACK_SPACE + a' sent to object: 'Object Repository/Survey/alert width'

2024-02-28 09:21:41 - [MESSAGE][PASSED] - Keys 'CONTROL + BACK_SPACE + a' sent to object: 'Object Repository/Survey/alert width'

2024-02-28 09:21:41 - [TEST_STEP][PASSED] - setText(findTestObject("Survey/alert width"), "400"): Text '400' is set on object 'Object Repository/Survey/alert width'

2024-02-28 09:21:42 - [MESSAGE][PASSED] - Text '400' is set on object 'Object Repository/Survey/alert width'

2024-02-28 09:21:42 - [TEST_STEP][PASSED] - sendKeys(findTestObject("Survey/alert height"), Keys.chord(CONTROL, "a", BACK_SPACE)): Keys 'CONTROL + BACK_SPACE + a' sent to object: 'Object Repository/Survey/alert height'

2024-02-28 09:21:42 - [MESSAGE][PASSED] - Keys 'CONTROL + BACK_SPACE + a' sent to object: 'Object Repository/Survey/alert height'

2024-02-28 09:21:42 - [TEST_STEP][PASSED] - setText(findTestObject("Survey/alert height"), "500"): Text '500' is set on object 'Object Repository/Survey/alert height'

2024-02-28 09:21:43 - [MESSAGE][PASSED] - Text '500' is set on object 'Object Repository/Survey/alert height'

2024-02-28 09:21:43 - [TEST_STEP][PASSED] - check(findTestObject("Create Pop-up Alert Page/Alerts settings right-hand menu/Acknowledgement checkbox")): Object 'Object Repository/Create Pop-up Alert Page/Alerts settings right-hand menu/Acknowledgement checkbox' is checked

2024-02-28 09:21:44 - [MESSAGE][PASSED] - Object 'Object Repository/Create Pop-up Alert Page/Alerts settings right-hand menu/Acknowledgement checkbox' is checked

2024-02-28 09:21:44 - [TEST_STEP][PASSED] - verifyElementChecked(findTestObject("Create Pop-up Alert Page/Alerts settings right-hand menu/Acknowledgement checkbox"), 2): Object 'Object Repository/Create Pop-up Alert Page/Alerts settings right-hand menu/Acknowledgement checkbox' is checked

2024-02-28 09:21:44 - [MESSAGE][PASSED] - Object 'Object Repository/Create Pop-up Alert Page/Alerts settings right-hand menu/Acknowledgement checkbox' is checked

2024-02-28 09:21:44 - [TEST_STEP][PASSED] - click(findTestObject("Video alerts/Preview video alert btn")): Object: 'Object Repository/Video alerts/Preview video alert btn' is clicked on

2024-02-28 09:21:45 - [MESSAGE][PASSED] - Object: 'Object Repository/Video alerts/Preview video alert btn' is clicked on

2024-02-28 09:21:45 - [TEST_STEP][PASSED] - switchToFrame(findTestObject("Create Pop-up Alert Page/Preview alert iframe"), 2): null

2024-02-28 09:21:46 - [TEST_STEP][PASSED] - takeFullPageScreenshot(): Taking screenshot successfully

2024-02-28 09:21:47 - [MESSAGE][INFO] - 0 hidden object(s)

2024-02-28 09:21:47 - [MESSAGE][PASSED] - Taking screenshot successfully
[[ATTACHMENT|C:\\Users\\Home\\git\\Katalon\\Reports\\20240228_084904\\Video Alerts\\20240228_084919\\1709101306537.png]]

2024-02-28 09:21:47 - [TEST_STEP][PASSED] - switchToDefaultContent(): null

2024-02-28 09:21:47 - [TEST_STEP][PASSED] - waitForPageLoad(2): Wait for page load successfully

2024-02-28 09:21:47 - [MESSAGE][PASSED] - Wait for page load successfully

2024-02-28 09:21:47 - [TEST_STEP][PASSED] - click(findTestObject("Wallpapers/Send wallpaper button")): Object: 'Object Repository/Wallpapers/Send wallpaper button' is clicked on

2024-02-28 09:21:47 - [MESSAGE][PASSED] - Object: 'Object Repository/Wallpapers/Send wallpaper button' is clicked on

2024-02-28 09:21:47 - [TEST_STEP][PASSED] - setText(findTestObject("Pop-up Alerts page/Search by title field"), "TC-48"): Text 'TC-48' is set on object 'Object Repository/Pop-up Alerts page/Search by title field'

2024-02-28 09:21:49 - [MESSAGE][PASSED] - Text 'TC-48' is set on object 'Object Repository/Pop-up Alerts page/Search by title field'

2024-02-28 09:21:49 - [TEST_STEP][PASSED] - verifyElementText(findTestObject("Pop-up Alerts page/Filtered sent alert"), "TC-48"): Actual text and expected text of test object 'Object Repository/Pop-up Alerts page/Filtered sent alert' are matched.

2024-02-28 09:21:49 - [MESSAGE][PASSED] - Actual text and expected text of test object 'Object Repository/Pop-up Alerts page/Filtered sent alert' are matched.]]></system-out>
         <system-err><![CDATA[]]></system-err>
      </testcase>
      <system-out><![CDATA[2024-02-28 09:17:39 - [TEST_SUITE][PASSED] - Video Alerts: Test Cases/Video Alerts/Send Video Alert with advanced settings (TC-48)]]></system-out>
      <system-err><![CDATA[]]></system-err>
   </testsuite>
</testsuites>
