<?xml version="1.0" encoding="UTF-8"?>
<testsuites name="Pop-up Alert" time="201.532" tests="7" failures="0" errors="0">
   <testsuite name="Pop-up Alert" tests="7" failures="0" errors="0" time="201.532" skipped="0" timestamp="29-02-2024T08:07:49" hostname="Home - LAPTOP-E6BU4LL9.Dlink" id="Test Suites/Pop-up Alert">
      <properties>
         <property name="deviceName" value=""/>
         <property name="devicePlatform" value=""/>
         <property name="logFolder" value="C:\\Users\\Home\\git\\Katalon\\Reports\\20240229_080744\\Pop-up Alert\\20240229_080744"/>
         <property name="logFiles" value="C:\\Users\\Home\\git\\Katalon\\Reports\\20240229_080744\\Pop-up Alert\\20240229_080744\\execution0.log"/>
         <property name="attachments" value="C:\\Users\\Home\\git\\Katalon\\Reports\\20240229_080744\\Pop-up Alert\\20240229_080744\\1709183311762.png, C:\\Users\\Home\\git\\Katalon\\Reports\\20240229_080744\\Pop-up Alert\\20240229_080744\\1709183315817.png, C:\\Users\\Home\\git\\Katalon\\Reports\\20240229_080744\\Pop-up Alert\\20240229_080744\\1709183382281.png, C:\\Users\\Home\\git\\Katalon\\Reports\\20240229_080744\\Pop-up Alert\\20240229_080744\\1709183403968.png, C:\\Users\\Home\\git\\Katalon\\Reports\\20240229_080744\\Pop-up Alert\\20240229_080744\\1709183467811.png"/>
         <property name="hostName" value="Home - LAPTOP-E6BU4LL9.Dlink"/>
         <property name="os" value="Windows 11 64bit"/>
         <property name="katalonVersion" value="9.3.1.212"/>
         <property name="browser" value="Chrome 122.0.0.0"/>
         <property name="hostAddress" value="192.168.1.100"/>
         <property name="sessionId" value="6ee15a8c6bece493742e37d399df4cc9"/>
         <property name="seleniumVersion" value="3.141.59"/>
         <property name="proxyInformation" value="ProxyInformation { proxyOption=NO_PROXY, proxyServerType=HTTP, username=, password=********, proxyServerAddress=, proxyServerPort=0, executionList=&quot;&quot;, isApplyToDesiredCapabilities=true }"/>
         <property name="platform" value="Windows 11"/>
      </properties>
      <testcase name="Test Cases/Login Test Cases/Login with Valid Credentials" time="12.17" classname="Test Cases/Login Test Cases/Login with Valid Credentials" status="PASSED">
         <system-out><![CDATA[29-02-2024T08:07:49 - [TEST_CASE][PASSED] - Test Cases/Login Test Cases/Login with Valid Credentials: Test Cases/Login Test Cases/Login with Valid Credentials

29-02-2024T08:07:50 - [TEST_STEP][PASSED] - openBrowser(""): Browser is opened with url: ''

29-02-2024T08:07:50 - [MESSAGE][INFO] - Starting 'Chrome' driver

29-02-2024T08:07:50 - [MESSAGE][INFO] - Action delay is set to 0 milliseconds

29-02-2024T08:07:51 - [MESSAGE][PASSED] - Browser is opened with url: ''

29-02-2024T08:07:51 - [TEST_STEP][PASSED] - navigateToUrl("https://dadebug.commclouds.com/Demo/admin/auth"): Navigate to 'https://dadebug.commclouds.com/Demo/admin/auth' successfully

29-02-2024T08:07:52 - [MESSAGE][PASSED] - Navigate to 'https://dadebug.commclouds.com/Demo/admin/auth' successfully

29-02-2024T08:07:52 - [TEST_STEP][PASSED] - waitForPageLoad(3): Wait for page load successfully

29-02-2024T08:07:52 - [MESSAGE][PASSED] - Wait for page load successfully

29-02-2024T08:07:52 - [TEST_STEP][PASSED] - maximizeWindow(): Current window maximized

29-02-2024T08:07:52 - [MESSAGE][PASSED] - Current window maximized

29-02-2024T08:07:52 - [TEST_STEP][PASSED] - verifyElementPresent(findTestObject("Login Page/DAlogo"), 2): Object 'Object Repository/Login Page/DAlogo' is present

29-02-2024T08:07:53 - [MESSAGE][PASSED] - Object 'Object Repository/Login Page/DAlogo' is present

29-02-2024T08:07:53 - [TEST_STEP][PASSED] - verifyElementPresent(findTestObject("Login Page/Version number"), 2): Object 'Object Repository/Login Page/Version number' is present

29-02-2024T08:07:54 - [MESSAGE][PASSED] - Object 'Object Repository/Login Page/Version number' is present

29-02-2024T08:07:54 - [TEST_STEP][PASSED] - verifyElementText(findTestObject("Login Page/Version number"), "Version: 11.4.0.1 (stage/11)"): Actual text and expected text of test object 'Object Repository/Login Page/Version number' are matched.

29-02-2024T08:07:54 - [MESSAGE][PASSED] - Actual text and expected text of test object 'Object Repository/Login Page/Version number' are matched.

29-02-2024T08:07:54 - [TEST_STEP][PASSED] - setText(findTestObject("Object Repository/Login Page/Login input field"), "Zoya"): Text 'Zoya' is set on object 'Object Repository/Login Page/Login input field'

29-02-2024T08:07:54 - [MESSAGE][PASSED] - Text 'Zoya' is set on object 'Object Repository/Login Page/Login input field'

29-02-2024T08:07:54 - [TEST_STEP][PASSED] - setEncryptedText(findTestObject("Object Repository/Login Page/Password input field"), "tzH6RvlfSTg="): Text ****** has been set on object 'Object Repository/Login Page/Password input field'

29-02-2024T08:07:55 - [MESSAGE][PASSED] - Text ****** has been set on object 'Object Repository/Login Page/Password input field'

29-02-2024T08:07:55 - [TEST_STEP][PASSED] - click(findTestObject("Object Repository/Login Page/button_Log in")): Object: 'Object Repository/Login Page/button_Log in' is clicked on

29-02-2024T08:07:55 - [MESSAGE][PASSED] - Object: 'Object Repository/Login Page/button_Log in' is clicked on

29-02-2024T08:07:55 - [TEST_STEP][PASSED] - delay(4): Delayed 4 second(s)

29-02-2024T08:07:59 - [MESSAGE][PASSED] - Delayed 4 second(s)

29-02-2024T08:07:59 - [TEST_STEP][PASSED] - verifyElementPresent(findTestObject("Object Repository/Login Page/h1_Dashboard"), 4): Object 'Object Repository/Login Page/h1_Dashboard' is present

29-02-2024T08:07:59 - [MESSAGE][PASSED] - Object 'Object Repository/Login Page/h1_Dashboard' is present]]></system-out>
         <system-err><![CDATA[]]></system-err>
      </testcase>
      <testcase name="Test Cases/Pop-up alert/Send alert using Compose Alert Button (TC-1)" time="59.384" classname="Test Cases/Pop-up alert/Send alert using Compose Alert Button (TC-1)" status="PASSED">
         <system-out><![CDATA[29-02-2024T08:08:01 - [TEST_CASE][PASSED] - Test Cases/Pop-up alert/Send alert using Compose Alert Button (TC-1): Test Cases/Pop-up alert/Send alert using Compose Alert Button (TC-1)

29-02-2024T08:08:02 - [TEST_STEP][PASSED] - click(findTestObject("Dashboard Page/Compose Alert Button")): Object: 'Object Repository/Dashboard Page/Compose Alert Button' is clicked on

29-02-2024T08:08:02 - [MESSAGE][PASSED] - Object: 'Object Repository/Dashboard Page/Compose Alert Button' is clicked on

29-02-2024T08:08:02 - [TEST_STEP][PASSED] - verifyElementPresent(findTestObject("Create Pop-up Alert Page/Create Pop-up Alert header"), 2): Object 'Object Repository/Create Pop-up Alert Page/Create Pop-up Alert header' is present

29-02-2024T08:08:06 - [MESSAGE][PASSED] - Object 'Object Repository/Create Pop-up Alert Page/Create Pop-up Alert header' is present

29-02-2024T08:08:06 - [TEST_STEP][PASSED] - verifyElementText(findTestObject("Create Pop-up Alert Page/Create Pop-up Alert header"), "Create Pop-up Alert"): Actual text and expected text of test object 'Object Repository/Create Pop-up Alert Page/Create Pop-up Alert header' are matched.

29-02-2024T08:08:06 - [MESSAGE][PASSED] - Actual text and expected text of test object 'Object Repository/Create Pop-up Alert Page/Create Pop-up Alert header' are matched.

29-02-2024T08:08:06 - [TEST_STEP][PASSED] - click(findTestObject("Create Pop-up Alert Page/More button")): Object: 'Object Repository/Create Pop-up Alert Page/More button' is clicked on

29-02-2024T08:08:06 - [MESSAGE][PASSED] - Object: 'Object Repository/Create Pop-up Alert Page/More button' is clicked on

29-02-2024T08:08:06 - [TEST_STEP][PASSED] - callTestCase(findTestCase("Built-in test cases/Choose recipients"), [:], STOP_ON_FAILURE): Call Test Case 'Test Cases/Built-in test cases/Choose recipients' successfully

29-02-2024T08:08:06 - [TEST_CASE][PASSED] - Test Cases/Built-in test cases/Choose recipients: Test Cases/Built-in test cases/Choose recipients

29-02-2024T08:08:06 - [TEST_STEP][PASSED] - click(findTestObject("Create Pop-up Alert Page/Choose recipients modal window/Filter field")): Object: 'Object Repository/Create Pop-up Alert Page/Choose recipients modal window/Filter field' is clicked on

29-02-2024T08:08:07 - [MESSAGE][PASSED] - Object: 'Object Repository/Create Pop-up Alert Page/Choose recipients modal window/Filter field' is clicked on

29-02-2024T08:08:07 - [TEST_STEP][PASSED] - setText(findTestObject("Create Pop-up Alert Page/Choose recipients modal window/Filter field"), "LAPTOP-E6BU4LL9"): Text 'LAPTOP-E6BU4LL9' is set on object 'Object Repository/Create Pop-up Alert Page/Choose recipients modal window/Filter field'

29-02-2024T08:08:08 - [MESSAGE][PASSED] - Text 'LAPTOP-E6BU4LL9' is set on object 'Object Repository/Create Pop-up Alert Page/Choose recipients modal window/Filter field'

29-02-2024T08:08:08 - [TEST_STEP][PASSED] - verifyElementText(findTestObject("Create Pop-up Alert Page/Choose recipients modal window/All user list-filtered"), "LAPTOP-E6BU4LL9 "): Actual text and expected text of test object 'Object Repository/Create Pop-up Alert Page/Choose recipients modal window/All user list-filtered' are matched.

29-02-2024T08:08:09 - [MESSAGE][PASSED] - Actual text and expected text of test object 'Object Repository/Create Pop-up Alert Page/Choose recipients modal window/All user list-filtered' are matched.

29-02-2024T08:08:10 - [TEST_STEP][PASSED] - click(findTestObject("Create Pop-up Alert Page/Choose recipients modal window/filtered user selection")): Object: 'Object Repository/Create Pop-up Alert Page/Choose recipients modal window/filtered user selection' is clicked on

29-02-2024T08:08:10 - [MESSAGE][PASSED] - Object: 'Object Repository/Create Pop-up Alert Page/Choose recipients modal window/filtered user selection' is clicked on

29-02-2024T08:08:10 - [TEST_STEP][PASSED] - click(findTestObject("Create Pop-up Alert Page/Choose recipients modal window/Filter field")): Object: 'Object Repository/Create Pop-up Alert Page/Choose recipients modal window/Filter field' is clicked on

29-02-2024T08:08:10 - [MESSAGE][PASSED] - Object: 'Object Repository/Create Pop-up Alert Page/Choose recipients modal window/Filter field' is clicked on

29-02-2024T08:08:10 - [TEST_STEP][PASSED] - sendKeys(findTestObject("Create Pop-up Alert Page/Choose recipients modal window/Filter field"), Keys.chord(CONTROL, "a", BACK_SPACE)): Keys 'CONTROL + BACK_SPACE + a' sent to object: 'Object Repository/Create Pop-up Alert Page/Choose recipients modal window/Filter field'

29-02-2024T08:08:11 - [MESSAGE][PASSED] - Keys 'CONTROL + BACK_SPACE + a' sent to object: 'Object Repository/Create Pop-up Alert Page/Choose recipients modal window/Filter field'

29-02-2024T08:08:11 - [TEST_STEP][PASSED] - setText(findTestObject("Create Pop-up Alert Page/Choose recipients modal window/Filter field"), "DESKTOP-9UH6GK7"): Text 'DESKTOP-9UH6GK7' is set on object 'Object Repository/Create Pop-up Alert Page/Choose recipients modal window/Filter field'

29-02-2024T08:08:12 - [MESSAGE][PASSED] - Text 'DESKTOP-9UH6GK7' is set on object 'Object Repository/Create Pop-up Alert Page/Choose recipients modal window/Filter field'

29-02-2024T08:08:12 - [TEST_STEP][PASSED] - verifyElementText(findTestObject("Create Pop-up Alert Page/Choose recipients modal window/All user list-filtered"), "DESKTOP-9UH6GK7 "): Actual text and expected text of test object 'Object Repository/Create Pop-up Alert Page/Choose recipients modal window/All user list-filtered' are matched.

29-02-2024T08:08:13 - [MESSAGE][PASSED] - Actual text and expected text of test object 'Object Repository/Create Pop-up Alert Page/Choose recipients modal window/All user list-filtered' are matched.

29-02-2024T08:08:13 - [TEST_STEP][PASSED] - click(findTestObject("Create Pop-up Alert Page/Choose recipients modal window/filtered user selection")): Object: 'Object Repository/Create Pop-up Alert Page/Choose recipients modal window/filtered user selection' is clicked on

29-02-2024T08:08:13 - [MESSAGE][PASSED] - Object: 'Object Repository/Create Pop-up Alert Page/Choose recipients modal window/filtered user selection' is clicked on

29-02-2024T08:08:13 - [TEST_STEP][PASSED] - click(findTestObject("Wallpapers/Done")): Object: 'Object Repository/Wallpapers/Done' is clicked on

29-02-2024T08:08:14 - [MESSAGE][PASSED] - Object: 'Object Repository/Wallpapers/Done' is clicked on

29-02-2024T08:08:14 - [MESSAGE][PASSED] - Call Test Case 'Test Cases/Built-in test cases/Choose recipients' successfully

29-02-2024T08:08:14 - [TEST_STEP][PASSED] - setText(findTestObject("Create Pop-up Alert Page/Alert Title field"), "TC-1"): Text 'TC-1' is set on object 'Object Repository/Create Pop-up Alert Page/Alert Title field'

29-02-2024T08:08:15 - [MESSAGE][PASSED] - Text 'TC-1' is set on object 'Object Repository/Create Pop-up Alert Page/Alert Title field'

29-02-2024T08:08:15 - [TEST_STEP][PASSED] - switchToFrame(findTestObject("Create Pop-up Alert Page/Alert body iframe"), 2): null

29-02-2024T08:08:15 - [TEST_STEP][PASSED] - setText(findTestObject("Create Pop-up Alert Page/Alert body"), "Hello! This is automated alert from Katalon"): Text 'Hello! This is automated alert from Katalon' is set on object 'Object Repository/Create Pop-up Alert Page/Alert body'

29-02-2024T08:08:15 - [MESSAGE][PASSED] - Text 'Hello! This is automated alert from Katalon' is set on object 'Object Repository/Create Pop-up Alert Page/Alert body'

29-02-2024T08:08:15 - [TEST_STEP][PASSED] - switchToDefaultContent(): null

29-02-2024T08:08:15 - [TEST_STEP][PASSED] - click(findTestObject("Create Pop-up Alert Page/Send button")): Object: 'Object Repository/Create Pop-up Alert Page/Send button' is clicked on

29-02-2024T08:08:16 - [MESSAGE][PASSED] - Object: 'Object Repository/Create Pop-up Alert Page/Send button' is clicked on

29-02-2024T08:08:16 - [TEST_STEP][PASSED] - waitForPageLoad(2): Wait for page load successfully

29-02-2024T08:08:16 - [MESSAGE][PASSED] - Wait for page load successfully

29-02-2024T08:08:16 - [TEST_STEP][PASSED] - setText(findTestObject("Pop-up Alerts page/Search by title field"), "TC-1"): Text 'TC-1' is set on object 'Object Repository/Pop-up Alerts page/Search by title field'

29-02-2024T08:08:21 - [MESSAGE][PASSED] - Text 'TC-1' is set on object 'Object Repository/Pop-up Alerts page/Search by title field'

29-02-2024T08:08:21 - [TEST_STEP][PASSED] - verifyElementText(findTestObject("Pop-up Alerts page/Filtered sent alert"), "TC-1"): Actual text and expected text of test object 'Object Repository/Pop-up Alerts page/Filtered sent alert' are matched.

29-02-2024T08:08:21 - [MESSAGE][PASSED] - Actual text and expected text of test object 'Object Repository/Pop-up Alerts page/Filtered sent alert' are matched.

29-02-2024T08:08:21 - [TEST_STEP][PASSED] - delay(5): Delayed 5 second(s)

29-02-2024T08:08:26 - [MESSAGE][PASSED] - Delayed 5 second(s)

29-02-2024T08:08:26 - [TEST_STEP][PASSED] - click(findTestObject("Survey/3dots Actions")): Object: 'Object Repository/Survey/3dots Actions' is clicked on

29-02-2024T08:08:27 - [MESSAGE][PASSED] - Object: 'Object Repository/Survey/3dots Actions' is clicked on

29-02-2024T08:08:27 - [TEST_STEP][PASSED] - click(findTestObject("Pop-up Alerts page/Stop-Start alert")): Object: 'Object Repository/Pop-up Alerts page/Stop-Start alert' is clicked on

29-02-2024T08:08:27 - [MESSAGE][PASSED] - Object: 'Object Repository/Pop-up Alerts page/Stop-Start alert' is clicked on

29-02-2024T08:08:27 - [TEST_STEP][PASSED] - verifyElementPresent(findTestObject("Pop-up Alerts page/Stopped status"), 2): Object 'Object Repository/Pop-up Alerts page/Stopped status' is present

29-02-2024T08:08:29 - [MESSAGE][PASSED] - Object 'Object Repository/Pop-up Alerts page/Stopped status' is present

29-02-2024T08:08:29 - [TEST_STEP][PASSED] - click(findTestObject("Survey/3dots Actions")): Object: 'Object Repository/Survey/3dots Actions' is clicked on

29-02-2024T08:08:29 - [MESSAGE][PASSED] - Object: 'Object Repository/Survey/3dots Actions' is clicked on

29-02-2024T08:08:29 - [TEST_STEP][PASSED] - click(findTestObject("Pop-up Alerts page/Stop-Start alert")): Object: 'Object Repository/Pop-up Alerts page/Stop-Start alert' is clicked on

29-02-2024T08:08:29 - [MESSAGE][PASSED] - Object: 'Object Repository/Pop-up Alerts page/Stop-Start alert' is clicked on

29-02-2024T08:08:29 - [TEST_STEP][PASSED] - verifyElementPresent(findTestObject("Pop-up Alerts page/Disributing status"), 2): Object 'Object Repository/Pop-up Alerts page/Disributing status' is present

29-02-2024T08:08:30 - [MESSAGE][PASSED] - Object 'Object Repository/Pop-up Alerts page/Disributing status' is present

29-02-2024T08:08:30 - [TEST_STEP][PASSED] - click(findTestObject("Survey/3dots Actions")): Object: 'Object Repository/Survey/3dots Actions' is clicked on

29-02-2024T08:08:31 - [MESSAGE][PASSED] - Object: 'Object Repository/Survey/3dots Actions' is clicked on

29-02-2024T08:08:31 - [TEST_STEP][PASSED] - click(findTestObject("Pop-up Alerts page/View graph")): Object: 'Object Repository/Pop-up Alerts page/View graph' is clicked on

29-02-2024T08:08:31 - [MESSAGE][PASSED] - Object: 'Object Repository/Pop-up Alerts page/View graph' is clicked on

29-02-2024T08:08:31 - [TEST_STEP][PASSED] - takeElementScreenshot(findTestObject("Pop-up Alerts page/View graph image")): Taking screenshot successfully

29-02-2024T08:08:31 - [MESSAGE][WARNING] - Timeout '0' is invalid. Using default page load timeout: '30'

29-02-2024T08:08:33 - [MESSAGE][INFO] - 0 hidden object(s)

29-02-2024T08:08:33 - [MESSAGE][PASSED] - Taking screenshot successfully
[[ATTACHMENT|C:\\Users\\Home\\git\\Katalon\\Reports\\20240229_080744\\Pop-up Alert\\20240229_080744\\1709183311762.png]]

29-02-2024T08:08:33 - [TEST_STEP][PASSED] - click(findTestObject("Pop-up Alerts page/view graph close btn")): Object: 'Object Repository/Pop-up Alerts page/view graph close btn' is clicked on

29-02-2024T08:08:33 - [MESSAGE][PASSED] - Object: 'Object Repository/Pop-up Alerts page/view graph close btn' is clicked on

29-02-2024T08:08:33 - [TEST_STEP][PASSED] - click(findTestObject("Survey/3dots Actions")): Object: 'Object Repository/Survey/3dots Actions' is clicked on

29-02-2024T08:08:33 - [MESSAGE][PASSED] - Object: 'Object Repository/Survey/3dots Actions' is clicked on

29-02-2024T08:08:33 - [TEST_STEP][PASSED] - click(findTestObject("Pop-up Alerts page/Preview in actions menu")): Object: 'Object Repository/Pop-up Alerts page/Preview in actions menu' is clicked on

29-02-2024T08:08:34 - [MESSAGE][PASSED] - Object: 'Object Repository/Pop-up Alerts page/Preview in actions menu' is clicked on

29-02-2024T08:08:34 - [TEST_STEP][PASSED] - switchToFrame(findTestObject("Create Pop-up Alert Page/Preview alert iframe"), 2): null

29-02-2024T08:08:35 - [TEST_STEP][PASSED] - takeFullPageScreenshot([]): Taking screenshot successfully

29-02-2024T08:08:35 - [MESSAGE][INFO] - 0 hidden object(s)

29-02-2024T08:08:36 - [MESSAGE][INFO] - 0 hidden object(s)

29-02-2024T08:08:36 - [MESSAGE][PASSED] - Taking screenshot successfully
[[ATTACHMENT|C:\\Users\\Home\\git\\Katalon\\Reports\\20240229_080744\\Pop-up Alert\\20240229_080744\\1709183315817.png]]

29-02-2024T08:08:36 - [TEST_STEP][PASSED] - click(findTestObject("Create Pop-up Alert Page/close alert preview")): Object: 'Object Repository/Create Pop-up Alert Page/close alert preview' is clicked on

29-02-2024T08:08:36 - [MESSAGE][PASSED] - Object: 'Object Repository/Create Pop-up Alert Page/close alert preview' is clicked on

29-02-2024T08:08:36 - [TEST_STEP][PASSED] - switchToDefaultContent(): null

29-02-2024T08:08:36 - [TEST_STEP][PASSED] - click(findTestObject("Survey/3dots Actions")): Object: 'Object Repository/Survey/3dots Actions' is clicked on

29-02-2024T08:08:37 - [MESSAGE][PASSED] - Object: 'Object Repository/Survey/3dots Actions' is clicked on

29-02-2024T08:08:37 - [TEST_STEP][PASSED] - click(findTestObject("Pop-up Alerts page/Duplicate alert")): Object: 'Object Repository/Pop-up Alerts page/Duplicate alert' is clicked on

29-02-2024T08:08:37 - [MESSAGE][PASSED] - Object: 'Object Repository/Pop-up Alerts page/Duplicate alert' is clicked on

29-02-2024T08:08:37 - [TEST_STEP][PASSED] - sendKeys(findTestObject("Create Pop-up Alert Page/Alert Title field"), Keys.chord(CONTROL, "a", BACK_SPACE)): Keys 'CONTROL + BACK_SPACE + a' sent to object: 'Object Repository/Create Pop-up Alert Page/Alert Title field'

29-02-2024T08:08:41 - [MESSAGE][PASSED] - Keys 'CONTROL + BACK_SPACE + a' sent to object: 'Object Repository/Create Pop-up Alert Page/Alert Title field'

29-02-2024T08:08:41 - [TEST_STEP][PASSED] - setText(findTestObject("Create Pop-up Alert Page/Alert Title field"), "Duplicate pop-up alert"): Text 'Duplicate pop-up alert' is set on object 'Object Repository/Create Pop-up Alert Page/Alert Title field'

29-02-2024T08:08:41 - [MESSAGE][PASSED] - Text 'Duplicate pop-up alert' is set on object 'Object Repository/Create Pop-up Alert Page/Alert Title field'

29-02-2024T08:08:41 - [TEST_STEP][PASSED] - click(findTestObject("Create Pop-up Alert Page/Send button")): Object: 'Object Repository/Create Pop-up Alert Page/Send button' is clicked on

29-02-2024T08:08:42 - [MESSAGE][PASSED] - Object: 'Object Repository/Create Pop-up Alert Page/Send button' is clicked on

29-02-2024T08:08:42 - [TEST_STEP][PASSED] - waitForPageLoad(5): Wait for page load successfully

29-02-2024T08:08:42 - [MESSAGE][PASSED] - Wait for page load successfully

29-02-2024T08:08:42 - [TEST_STEP][PASSED] - setText(findTestObject("Pop-up Alerts page/Search by title field"), "TC-1"): Text 'TC-1' is set on object 'Object Repository/Pop-up Alerts page/Search by title field'

29-02-2024T08:08:43 - [MESSAGE][PASSED] - Text 'TC-1' is set on object 'Object Repository/Pop-up Alerts page/Search by title field'

29-02-2024T08:08:43 - [TEST_STEP][PASSED] - waitForPageLoad(5): Wait for page load successfully

29-02-2024T08:08:43 - [MESSAGE][PASSED] - Wait for page load successfully

29-02-2024T08:08:43 - [TEST_STEP][PASSED] - waitForElementClickable(findTestObject("Survey/3dots Actions"), 2): Object 'Object Repository/Survey/3dots Actions' is clickable

29-02-2024T08:08:44 - [MESSAGE][PASSED] - Object 'Object Repository/Survey/3dots Actions' is clickable

29-02-2024T08:08:44 - [TEST_STEP][PASSED] - click(findTestObject("Survey/3dots Actions")): Object: 'Object Repository/Survey/3dots Actions' is clicked on

29-02-2024T08:08:45 - [MESSAGE][PASSED] - Object: 'Object Repository/Survey/3dots Actions' is clicked on

29-02-2024T08:08:45 - [TEST_STEP][PASSED] - waitForElementClickable(findTestObject("Pop-up Alerts page/resend alert from actions menu"), 2): Object 'Object Repository/Pop-up Alerts page/resend alert from actions menu' is clickable

29-02-2024T08:08:45 - [MESSAGE][PASSED] - Object 'Object Repository/Pop-up Alerts page/resend alert from actions menu' is clickable

29-02-2024T08:08:45 - [TEST_STEP][PASSED] - click(findTestObject("Pop-up Alerts page/resend alert from actions menu")): Object: 'Object Repository/Pop-up Alerts page/resend alert from actions menu' is clicked on

29-02-2024T08:08:46 - [MESSAGE][PASSED] - Object: 'Object Repository/Pop-up Alerts page/resend alert from actions menu' is clicked on

29-02-2024T08:08:46 - [TEST_STEP][PASSED] - click(findTestObject("Pop-up Alerts page/Resend btn")): Object: 'Object Repository/Pop-up Alerts page/Resend btn' is clicked on

29-02-2024T08:08:46 - [MESSAGE][PASSED] - Object: 'Object Repository/Pop-up Alerts page/Resend btn' is clicked on

29-02-2024T08:08:46 - [TEST_STEP][PASSED] - sendKeys(findTestObject("Pop-up Alerts page/Search by title field"), Keys.chord(CONTROL, "a", BACK_SPACE)): Keys 'CONTROL + BACK_SPACE + a' sent to object: 'Object Repository/Pop-up Alerts page/Search by title field'

29-02-2024T08:08:48 - [MESSAGE][PASSED] - Keys 'CONTROL + BACK_SPACE + a' sent to object: 'Object Repository/Pop-up Alerts page/Search by title field'

29-02-2024T08:08:48 - [TEST_STEP][PASSED] - setText(findTestObject("Pop-up Alerts page/Search by title field"), "TC-1"): Text 'TC-1' is set on object 'Object Repository/Pop-up Alerts page/Search by title field'

29-02-2024T08:08:50 - [MESSAGE][PASSED] - Text 'TC-1' is set on object 'Object Repository/Pop-up Alerts page/Search by title field'

29-02-2024T08:08:50 - [TEST_STEP][PASSED] - verifyElementClickable(findTestObject("Pop-up Alerts page/Select all checkbox")): Object 'Object Repository/Pop-up Alerts page/Select all checkbox' is clickable

29-02-2024T08:08:50 - [MESSAGE][PASSED] - Object 'Object Repository/Pop-up Alerts page/Select all checkbox' is clickable

29-02-2024T08:08:50 - [TEST_STEP][PASSED] - check(findTestObject("Pop-up Alerts page/Select all checkbox")): Object 'Object Repository/Pop-up Alerts page/Select all checkbox' is checked

29-02-2024T08:08:51 - [MESSAGE][PASSED] - Object 'Object Repository/Pop-up Alerts page/Select all checkbox' is checked

29-02-2024T08:08:51 - [TEST_STEP][PASSED] - verifyElementChecked(findTestObject("Pop-up Alerts page/Select all checkbox"), 1): Object 'Object Repository/Pop-up Alerts page/Select all checkbox' is checked

29-02-2024T08:08:52 - [MESSAGE][PASSED] - Object 'Object Repository/Pop-up Alerts page/Select all checkbox' is checked

29-02-2024T08:08:52 - [TEST_STEP][PASSED] - click(findTestObject("Pop-up Alerts page/delete all")): Object: 'Object Repository/Pop-up Alerts page/delete all' is clicked on

29-02-2024T08:08:52 - [MESSAGE][PASSED] - Object: 'Object Repository/Pop-up Alerts page/delete all' is clicked on

29-02-2024T08:08:52 - [TEST_STEP][PASSED] - click(findTestObject("Pop-up Alerts page/Confirm deletion btn")): Object: 'Object Repository/Pop-up Alerts page/Confirm deletion btn' is clicked on

29-02-2024T08:08:53 - [MESSAGE][PASSED] - Object: 'Object Repository/Pop-up Alerts page/Confirm deletion btn' is clicked on

29-02-2024T08:08:53 - [TEST_STEP][PASSED] - sendKeys(findTestObject("Pop-up Alerts page/Search by title field"), Keys.chord(CONTROL, "a", BACK_SPACE)): Keys 'CONTROL + BACK_SPACE + a' sent to object: 'Object Repository/Pop-up Alerts page/Search by title field'

29-02-2024T08:08:55 - [MESSAGE][PASSED] - Keys 'CONTROL + BACK_SPACE + a' sent to object: 'Object Repository/Pop-up Alerts page/Search by title field'

29-02-2024T08:08:55 - [TEST_STEP][PASSED] - setText(findTestObject("Pop-up Alerts page/Search by title field"), "Duplicate pop-up alert"): Text 'Duplicate pop-up alert' is set on object 'Object Repository/Pop-up Alerts page/Search by title field'

29-02-2024T08:08:55 - [MESSAGE][PASSED] - Text 'Duplicate pop-up alert' is set on object 'Object Repository/Pop-up Alerts page/Search by title field'

29-02-2024T08:08:55 - [TEST_STEP][PASSED] - waitForElementClickable(findTestObject("Create Pop-up Alert Page/sent alerts checkbox"), 2): Object 'Object Repository/Create Pop-up Alert Page/sent alerts checkbox' is clickable

29-02-2024T08:08:57 - [MESSAGE][PASSED] - Object 'Object Repository/Create Pop-up Alert Page/sent alerts checkbox' is clickable

29-02-2024T08:08:57 - [TEST_STEP][PASSED] - check(findTestObject("Create Pop-up Alert Page/sent alerts checkbox")): Object 'Object Repository/Create Pop-up Alert Page/sent alerts checkbox' is checked

29-02-2024T08:08:57 - [MESSAGE][PASSED] - Object 'Object Repository/Create Pop-up Alert Page/sent alerts checkbox' is checked

29-02-2024T08:08:57 - [TEST_STEP][PASSED] - verifyElementChecked(findTestObject("Create Pop-up Alert Page/sent alerts checkbox"), 2): Object 'Object Repository/Create Pop-up Alert Page/sent alerts checkbox' is checked

29-02-2024T08:08:58 - [MESSAGE][PASSED] - Object 'Object Repository/Create Pop-up Alert Page/sent alerts checkbox' is checked

29-02-2024T08:08:58 - [TEST_STEP][PASSED] - click(findTestObject("Pop-up Alerts page/delete all")): Object: 'Object Repository/Pop-up Alerts page/delete all' is clicked on

29-02-2024T08:08:58 - [MESSAGE][PASSED] - Object: 'Object Repository/Pop-up Alerts page/delete all' is clicked on

29-02-2024T08:08:58 - [TEST_STEP][PASSED] - click(findTestObject("Pop-up Alerts page/Confirm deletion btn")): Object: 'Object Repository/Pop-up Alerts page/Confirm deletion btn' is clicked on

29-02-2024T08:08:59 - [MESSAGE][PASSED] - Object: 'Object Repository/Pop-up Alerts page/Confirm deletion btn' is clicked on]]></system-out>
         <system-err><![CDATA[]]></system-err>
      </testcase>
      <testcase name="Test Cases/Pop-up alert/Send alert with image (TC-2)" time="22.003" classname="Test Cases/Pop-up alert/Send alert with image (TC-2)" status="PASSED">
         <system-out><![CDATA[29-02-2024T08:09:01 - [TEST_CASE][PASSED] - Test Cases/Pop-up alert/Send alert with image (TC-2): Test Cases/Pop-up alert/Send alert with image (TC-2)

29-02-2024T08:09:01 - [TEST_STEP][PASSED] - click(findTestObject("Pop-up Alerts page/New alert button")): Object: 'Object Repository/Pop-up Alerts page/New alert button' is clicked on

29-02-2024T08:09:01 - [MESSAGE][PASSED] - Object: 'Object Repository/Pop-up Alerts page/New alert button' is clicked on

29-02-2024T08:09:01 - [TEST_STEP][PASSED] - verifyElementPresent(findTestObject("Create Pop-up Alert Page/Create Pop-up Alert header"), 2): Object 'Object Repository/Create Pop-up Alert Page/Create Pop-up Alert header' is present

29-02-2024T08:09:04 - [MESSAGE][PASSED] - Object 'Object Repository/Create Pop-up Alert Page/Create Pop-up Alert header' is present

29-02-2024T08:09:04 - [TEST_STEP][PASSED] - verifyElementText(findTestObject("Create Pop-up Alert Page/Create Pop-up Alert header"), "Create Pop-up Alert"): Actual text and expected text of test object 'Object Repository/Create Pop-up Alert Page/Create Pop-up Alert header' are matched.

29-02-2024T08:09:04 - [MESSAGE][PASSED] - Actual text and expected text of test object 'Object Repository/Create Pop-up Alert Page/Create Pop-up Alert header' are matched.

29-02-2024T08:09:04 - [TEST_STEP][PASSED] - click(findTestObject("Create Pop-up Alert Page/More button")): Object: 'Object Repository/Create Pop-up Alert Page/More button' is clicked on

29-02-2024T08:09:05 - [MESSAGE][PASSED] - Object: 'Object Repository/Create Pop-up Alert Page/More button' is clicked on

29-02-2024T08:09:05 - [TEST_STEP][PASSED] - callTestCase(findTestCase("Built-in test cases/Choose recipients"), [:], STOP_ON_FAILURE): Call Test Case 'Test Cases/Built-in test cases/Choose recipients' successfully

29-02-2024T08:09:05 - [TEST_CASE][PASSED] - Test Cases/Built-in test cases/Choose recipients: Test Cases/Built-in test cases/Choose recipients

29-02-2024T08:09:05 - [TEST_STEP][PASSED] - click(findTestObject("Create Pop-up Alert Page/Choose recipients modal window/Filter field")): Object: 'Object Repository/Create Pop-up Alert Page/Choose recipients modal window/Filter field' is clicked on

29-02-2024T08:09:05 - [MESSAGE][PASSED] - Object: 'Object Repository/Create Pop-up Alert Page/Choose recipients modal window/Filter field' is clicked on

29-02-2024T08:09:05 - [TEST_STEP][PASSED] - setText(findTestObject("Create Pop-up Alert Page/Choose recipients modal window/Filter field"), "LAPTOP-E6BU4LL9"): Text 'LAPTOP-E6BU4LL9' is set on object 'Object Repository/Create Pop-up Alert Page/Choose recipients modal window/Filter field'

29-02-2024T08:09:07 - [MESSAGE][PASSED] - Text 'LAPTOP-E6BU4LL9' is set on object 'Object Repository/Create Pop-up Alert Page/Choose recipients modal window/Filter field'

29-02-2024T08:09:07 - [TEST_STEP][PASSED] - verifyElementText(findTestObject("Create Pop-up Alert Page/Choose recipients modal window/All user list-filtered"), "LAPTOP-E6BU4LL9 "): Actual text and expected text of test object 'Object Repository/Create Pop-up Alert Page/Choose recipients modal window/All user list-filtered' are matched.

29-02-2024T08:09:09 - [MESSAGE][PASSED] - Actual text and expected text of test object 'Object Repository/Create Pop-up Alert Page/Choose recipients modal window/All user list-filtered' are matched.

29-02-2024T08:09:09 - [TEST_STEP][PASSED] - click(findTestObject("Create Pop-up Alert Page/Choose recipients modal window/filtered user selection")): Object: 'Object Repository/Create Pop-up Alert Page/Choose recipients modal window/filtered user selection' is clicked on

29-02-2024T08:09:09 - [MESSAGE][PASSED] - Object: 'Object Repository/Create Pop-up Alert Page/Choose recipients modal window/filtered user selection' is clicked on

29-02-2024T08:09:09 - [TEST_STEP][PASSED] - click(findTestObject("Create Pop-up Alert Page/Choose recipients modal window/Filter field")): Object: 'Object Repository/Create Pop-up Alert Page/Choose recipients modal window/Filter field' is clicked on

29-02-2024T08:09:09 - [MESSAGE][PASSED] - Object: 'Object Repository/Create Pop-up Alert Page/Choose recipients modal window/Filter field' is clicked on

29-02-2024T08:09:09 - [TEST_STEP][PASSED] - sendKeys(findTestObject("Create Pop-up Alert Page/Choose recipients modal window/Filter field"), Keys.chord(CONTROL, "a", BACK_SPACE)): Keys 'CONTROL + BACK_SPACE + a' sent to object: 'Object Repository/Create Pop-up Alert Page/Choose recipients modal window/Filter field'

29-02-2024T08:09:10 - [MESSAGE][PASSED] - Keys 'CONTROL + BACK_SPACE + a' sent to object: 'Object Repository/Create Pop-up Alert Page/Choose recipients modal window/Filter field'

29-02-2024T08:09:10 - [TEST_STEP][PASSED] - setText(findTestObject("Create Pop-up Alert Page/Choose recipients modal window/Filter field"), "DESKTOP-9UH6GK7"): Text 'DESKTOP-9UH6GK7' is set on object 'Object Repository/Create Pop-up Alert Page/Choose recipients modal window/Filter field'

29-02-2024T08:09:11 - [MESSAGE][PASSED] - Text 'DESKTOP-9UH6GK7' is set on object 'Object Repository/Create Pop-up Alert Page/Choose recipients modal window/Filter field'

29-02-2024T08:09:11 - [TEST_STEP][PASSED] - verifyElementText(findTestObject("Create Pop-up Alert Page/Choose recipients modal window/All user list-filtered"), "DESKTOP-9UH6GK7 "): Actual text and expected text of test object 'Object Repository/Create Pop-up Alert Page/Choose recipients modal window/All user list-filtered' are matched.

29-02-2024T08:09:12 - [MESSAGE][PASSED] - Actual text and expected text of test object 'Object Repository/Create Pop-up Alert Page/Choose recipients modal window/All user list-filtered' are matched.

29-02-2024T08:09:12 - [TEST_STEP][PASSED] - click(findTestObject("Create Pop-up Alert Page/Choose recipients modal window/filtered user selection")): Object: 'Object Repository/Create Pop-up Alert Page/Choose recipients modal window/filtered user selection' is clicked on

29-02-2024T08:09:12 - [MESSAGE][PASSED] - Object: 'Object Repository/Create Pop-up Alert Page/Choose recipients modal window/filtered user selection' is clicked on

29-02-2024T08:09:12 - [TEST_STEP][PASSED] - click(findTestObject("Wallpapers/Done")): Object: 'Object Repository/Wallpapers/Done' is clicked on

29-02-2024T08:09:13 - [MESSAGE][PASSED] - Object: 'Object Repository/Wallpapers/Done' is clicked on

29-02-2024T08:09:13 - [MESSAGE][PASSED] - Call Test Case 'Test Cases/Built-in test cases/Choose recipients' successfully

29-02-2024T08:09:13 - [TEST_STEP][PASSED] - setText(findTestObject("Create Pop-up Alert Page/Alert Title field"), "TC-2"): Text 'TC-2' is set on object 'Object Repository/Create Pop-up Alert Page/Alert Title field'

29-02-2024T08:09:14 - [MESSAGE][PASSED] - Text 'TC-2' is set on object 'Object Repository/Create Pop-up Alert Page/Alert Title field'

29-02-2024T08:09:14 - [TEST_STEP][PASSED] - switchToFrame(findTestObject("Create Pop-up Alert Page/Alert body iframe"), 2): null

29-02-2024T08:09:14 - [TEST_STEP][PASSED] - setText(findTestObject("Create Pop-up Alert Page/Alert body"), "Hello! This is automated alert with image from Katalon"): Text 'Hello! This is automated alert with image from Katalon' is set on object 'Object Repository/Create Pop-up Alert Page/Alert body'

29-02-2024T08:09:14 - [MESSAGE][PASSED] - Text 'Hello! This is automated alert with image from Katalon' is set on object 'Object Repository/Create Pop-up Alert Page/Alert body'

29-02-2024T08:09:14 - [TEST_STEP][PASSED] - switchToDefaultContent(): null

29-02-2024T08:09:14 - [TEST_STEP][PASSED] - click(findTestObject("Create Pop-up Alert Page/Upload image window/Upload image button")): Object: 'Object Repository/Create Pop-up Alert Page/Upload image window/Upload image button' is clicked on

29-02-2024T08:09:15 - [MESSAGE][PASSED] - Object: 'Object Repository/Create Pop-up Alert Page/Upload image window/Upload image button' is clicked on

29-02-2024T08:09:15 - [TEST_STEP][PASSED] - verifyElementPresent(findTestObject("Create Pop-up Alert Page/Upload image window/Upload image area"), 2): Object 'Object Repository/Create Pop-up Alert Page/Upload image window/Upload image area' is present

29-02-2024T08:09:15 - [MESSAGE][PASSED] - Object 'Object Repository/Create Pop-up Alert Page/Upload image window/Upload image area' is present

29-02-2024T08:09:15 - [TEST_STEP][PASSED] - uploadFileWithDragAndDrop(findTestObject("Create Pop-up Alert Page/Upload image window/Upload image area"), "C:\Users\Home\Downloads\SampleJPGImage_500kbmb.jpg"): null

29-02-2024T08:09:16 - [TEST_STEP][PASSED] - delay(2): Delayed 2 second(s)

29-02-2024T08:09:18 - [MESSAGE][PASSED] - Delayed 2 second(s)

29-02-2024T08:09:18 - [TEST_STEP][PASSED] - getAttribute(findTestObject("Create Pop-up Alert Page/Upload image window/uploaded file"), "src"): Attribute 'src' of object 'Object Repository/Create Pop-up Alert Page/Upload image window/uploaded file' is: 'https://dadebug.commclouds.com/Demo/admin/upload/SampleJPGImage_500kbmb-67519.jpg'

29-02-2024T08:09:18 - [MESSAGE][PASSED] - Attribute 'src' of object 'Object Repository/Create Pop-up Alert Page/Upload image window/uploaded file' is: 'https://dadebug.commclouds.com/Demo/admin/upload/SampleJPGImage_500kbmb-67519.jpg'

29-02-2024T08:09:18 - [TEST_STEP][PASSED] - click(findTestObject("Create Pop-up Alert Page/Upload image window/Ok button")): Object: 'Object Repository/Create Pop-up Alert Page/Upload image window/Ok button' is clicked on

29-02-2024T08:09:18 - [MESSAGE][PASSED] - Object: 'Object Repository/Create Pop-up Alert Page/Upload image window/Ok button' is clicked on

29-02-2024T08:09:18 - [TEST_STEP][PASSED] - click(findTestObject("Create Pop-up Alert Page/Send button")): Object: 'Object Repository/Create Pop-up Alert Page/Send button' is clicked on

29-02-2024T08:09:19 - [MESSAGE][PASSED] - Object: 'Object Repository/Create Pop-up Alert Page/Send button' is clicked on

29-02-2024T08:09:19 - [TEST_STEP][PASSED] - waitForPageLoad(2): Wait for page load successfully

29-02-2024T08:09:19 - [MESSAGE][PASSED] - Wait for page load successfully

29-02-2024T08:09:19 - [TEST_STEP][PASSED] - setText(findTestObject("Pop-up Alerts page/Search by title field"), "TC-2"): Text 'TC-2' is set on object 'Object Repository/Pop-up Alerts page/Search by title field'

29-02-2024T08:09:20 - [MESSAGE][PASSED] - Text 'TC-2' is set on object 'Object Repository/Pop-up Alerts page/Search by title field'

29-02-2024T08:09:20 - [TEST_STEP][PASSED] - verifyElementText(findTestObject("Pop-up Alerts page/Filtered sent alert"), "TC-2"): Actual text and expected text of test object 'Object Repository/Pop-up Alerts page/Filtered sent alert' are matched.

29-02-2024T08:09:21 - [MESSAGE][PASSED] - Actual text and expected text of test object 'Object Repository/Pop-up Alerts page/Filtered sent alert' are matched.]]></system-out>
         <system-err><![CDATA[]]></system-err>
      </testcase>
      <testcase name="Test Cases/Pop-up alert/Draft alert (TC-3)" time="26.748" classname="Test Cases/Pop-up alert/Draft alert (TC-3)" status="PASSED">
         <system-out><![CDATA[29-02-2024T08:09:23 - [TEST_CASE][PASSED] - Test Cases/Pop-up alert/Draft alert (TC-3): Test Cases/Pop-up alert/Draft alert (TC-3)

29-02-2024T08:09:23 - [TEST_STEP][PASSED] - click(findTestObject("Dashboard Page/Compose Alert Button")): Object: 'Object Repository/Dashboard Page/Compose Alert Button' is clicked on

29-02-2024T08:09:23 - [MESSAGE][PASSED] - Object: 'Object Repository/Dashboard Page/Compose Alert Button' is clicked on

29-02-2024T08:09:23 - [TEST_STEP][PASSED] - verifyElementPresent(findTestObject("Create Pop-up Alert Page/Create Pop-up Alert header"), 2): Object 'Object Repository/Create Pop-up Alert Page/Create Pop-up Alert header' is present

29-02-2024T08:09:26 - [MESSAGE][PASSED] - Object 'Object Repository/Create Pop-up Alert Page/Create Pop-up Alert header' is present

29-02-2024T08:09:26 - [TEST_STEP][PASSED] - verifyElementText(findTestObject("Create Pop-up Alert Page/Create Pop-up Alert header"), "Create Pop-up Alert"): Actual text and expected text of test object 'Object Repository/Create Pop-up Alert Page/Create Pop-up Alert header' are matched.

29-02-2024T08:09:26 - [MESSAGE][PASSED] - Actual text and expected text of test object 'Object Repository/Create Pop-up Alert Page/Create Pop-up Alert header' are matched.

29-02-2024T08:09:26 - [TEST_STEP][PASSED] - click(findTestObject("Create Pop-up Alert Page/More button")): Object: 'Object Repository/Create Pop-up Alert Page/More button' is clicked on

29-02-2024T08:09:26 - [MESSAGE][PASSED] - Object: 'Object Repository/Create Pop-up Alert Page/More button' is clicked on

29-02-2024T08:09:26 - [TEST_STEP][PASSED] - callTestCase(findTestCase("Built-in test cases/Choose recipients"), [:], STOP_ON_FAILURE): Call Test Case 'Test Cases/Built-in test cases/Choose recipients' successfully

29-02-2024T08:09:26 - [TEST_CASE][PASSED] - Test Cases/Built-in test cases/Choose recipients: Test Cases/Built-in test cases/Choose recipients

29-02-2024T08:09:26 - [TEST_STEP][PASSED] - click(findTestObject("Create Pop-up Alert Page/Choose recipients modal window/Filter field")): Object: 'Object Repository/Create Pop-up Alert Page/Choose recipients modal window/Filter field' is clicked on

29-02-2024T08:09:27 - [MESSAGE][PASSED] - Object: 'Object Repository/Create Pop-up Alert Page/Choose recipients modal window/Filter field' is clicked on

29-02-2024T08:09:27 - [TEST_STEP][PASSED] - setText(findTestObject("Create Pop-up Alert Page/Choose recipients modal window/Filter field"), "LAPTOP-E6BU4LL9"): Text 'LAPTOP-E6BU4LL9' is set on object 'Object Repository/Create Pop-up Alert Page/Choose recipients modal window/Filter field'

29-02-2024T08:09:28 - [MESSAGE][PASSED] - Text 'LAPTOP-E6BU4LL9' is set on object 'Object Repository/Create Pop-up Alert Page/Choose recipients modal window/Filter field'

29-02-2024T08:09:28 - [TEST_STEP][PASSED] - verifyElementText(findTestObject("Create Pop-up Alert Page/Choose recipients modal window/All user list-filtered"), "LAPTOP-E6BU4LL9 "): Actual text and expected text of test object 'Object Repository/Create Pop-up Alert Page/Choose recipients modal window/All user list-filtered' are matched.

29-02-2024T08:09:30 - [MESSAGE][PASSED] - Actual text and expected text of test object 'Object Repository/Create Pop-up Alert Page/Choose recipients modal window/All user list-filtered' are matched.

29-02-2024T08:09:30 - [TEST_STEP][PASSED] - click(findTestObject("Create Pop-up Alert Page/Choose recipients modal window/filtered user selection")): Object: 'Object Repository/Create Pop-up Alert Page/Choose recipients modal window/filtered user selection' is clicked on

29-02-2024T08:09:30 - [MESSAGE][PASSED] - Object: 'Object Repository/Create Pop-up Alert Page/Choose recipients modal window/filtered user selection' is clicked on

29-02-2024T08:09:30 - [TEST_STEP][PASSED] - click(findTestObject("Create Pop-up Alert Page/Choose recipients modal window/Filter field")): Object: 'Object Repository/Create Pop-up Alert Page/Choose recipients modal window/Filter field' is clicked on

29-02-2024T08:09:31 - [MESSAGE][PASSED] - Object: 'Object Repository/Create Pop-up Alert Page/Choose recipients modal window/Filter field' is clicked on

29-02-2024T08:09:31 - [TEST_STEP][PASSED] - sendKeys(findTestObject("Create Pop-up Alert Page/Choose recipients modal window/Filter field"), Keys.chord(CONTROL, "a", BACK_SPACE)): Keys 'CONTROL + BACK_SPACE + a' sent to object: 'Object Repository/Create Pop-up Alert Page/Choose recipients modal window/Filter field'

29-02-2024T08:09:31 - [MESSAGE][PASSED] - Keys 'CONTROL + BACK_SPACE + a' sent to object: 'Object Repository/Create Pop-up Alert Page/Choose recipients modal window/Filter field'

29-02-2024T08:09:31 - [TEST_STEP][PASSED] - setText(findTestObject("Create Pop-up Alert Page/Choose recipients modal window/Filter field"), "DESKTOP-9UH6GK7"): Text 'DESKTOP-9UH6GK7' is set on object 'Object Repository/Create Pop-up Alert Page/Choose recipients modal window/Filter field'

29-02-2024T08:09:32 - [MESSAGE][PASSED] - Text 'DESKTOP-9UH6GK7' is set on object 'Object Repository/Create Pop-up Alert Page/Choose recipients modal window/Filter field'

29-02-2024T08:09:32 - [TEST_STEP][PASSED] - verifyElementText(findTestObject("Create Pop-up Alert Page/Choose recipients modal window/All user list-filtered"), "DESKTOP-9UH6GK7 "): Actual text and expected text of test object 'Object Repository/Create Pop-up Alert Page/Choose recipients modal window/All user list-filtered' are matched.

29-02-2024T08:09:34 - [MESSAGE][PASSED] - Actual text and expected text of test object 'Object Repository/Create Pop-up Alert Page/Choose recipients modal window/All user list-filtered' are matched.

29-02-2024T08:09:34 - [TEST_STEP][PASSED] - click(findTestObject("Create Pop-up Alert Page/Choose recipients modal window/filtered user selection")): Object: 'Object Repository/Create Pop-up Alert Page/Choose recipients modal window/filtered user selection' is clicked on

29-02-2024T08:09:34 - [MESSAGE][PASSED] - Object: 'Object Repository/Create Pop-up Alert Page/Choose recipients modal window/filtered user selection' is clicked on

29-02-2024T08:09:34 - [TEST_STEP][PASSED] - click(findTestObject("Wallpapers/Done")): Object: 'Object Repository/Wallpapers/Done' is clicked on

29-02-2024T08:09:35 - [MESSAGE][PASSED] - Object: 'Object Repository/Wallpapers/Done' is clicked on

29-02-2024T08:09:35 - [MESSAGE][PASSED] - Call Test Case 'Test Cases/Built-in test cases/Choose recipients' successfully

29-02-2024T08:09:35 - [TEST_STEP][PASSED] - setText(findTestObject("Create Pop-up Alert Page/Alert Title field"), "TC-3"): Text 'TC-3' is set on object 'Object Repository/Create Pop-up Alert Page/Alert Title field'

29-02-2024T08:09:35 - [MESSAGE][PASSED] - Text 'TC-3' is set on object 'Object Repository/Create Pop-up Alert Page/Alert Title field'

29-02-2024T08:09:35 - [TEST_STEP][PASSED] - switchToFrame(findTestObject("Create Pop-up Alert Page/Alert body iframe"), 2): null

29-02-2024T08:09:36 - [TEST_STEP][PASSED] - setText(findTestObject("Create Pop-up Alert Page/Alert body"), "Hello! This is automated DRAFT alert from Katalon"): Text 'Hello! This is automated DRAFT alert from Katalon' is set on object 'Object Repository/Create Pop-up Alert Page/Alert body'

29-02-2024T08:09:36 - [MESSAGE][PASSED] - Text 'Hello! This is automated DRAFT alert from Katalon' is set on object 'Object Repository/Create Pop-up Alert Page/Alert body'

29-02-2024T08:09:36 - [TEST_STEP][PASSED] - switchToDefaultContent(): null

29-02-2024T08:09:36 - [TEST_STEP][PASSED] - click(findTestObject("Create Pop-up Alert Page/Save Button")): Object: 'Object Repository/Create Pop-up Alert Page/Save Button' is clicked on

29-02-2024T08:09:36 - [MESSAGE][PASSED] - Object: 'Object Repository/Create Pop-up Alert Page/Save Button' is clicked on

29-02-2024T08:09:36 - [TEST_STEP][PASSED] - waitForPageLoad(2): Wait for page load successfully

29-02-2024T08:09:36 - [MESSAGE][PASSED] - Wait for page load successfully

29-02-2024T08:09:36 - [TEST_STEP][PASSED] - click(findTestObject("Pop-up Alerts page/Draft tab")): Object: 'Object Repository/Pop-up Alerts page/Draft tab' is clicked on

29-02-2024T08:09:38 - [MESSAGE][PASSED] - Object: 'Object Repository/Pop-up Alerts page/Draft tab' is clicked on

29-02-2024T08:09:38 - [TEST_STEP][PASSED] - setText(findTestObject("Pop-up Alerts page/Search by title field"), "TC-3"): Text 'TC-3' is set on object 'Object Repository/Pop-up Alerts page/Search by title field'

29-02-2024T08:09:39 - [MESSAGE][PASSED] - Text 'TC-3' is set on object 'Object Repository/Pop-up Alerts page/Search by title field'

29-02-2024T08:09:39 - [TEST_STEP][PASSED] - verifyElementText(findTestObject("Pop-up Alerts page/Filtered sent alert"), "TC-3"): Actual text and expected text of test object 'Object Repository/Pop-up Alerts page/Filtered sent alert' are matched.

29-02-2024T08:09:39 - [MESSAGE][PASSED] - Actual text and expected text of test object 'Object Repository/Pop-up Alerts page/Filtered sent alert' are matched.

29-02-2024T08:09:39 - [TEST_STEP][PASSED] - click(findTestObject("Survey/3dots Actions")): Object: 'Object Repository/Survey/3dots Actions' is clicked on

29-02-2024T08:09:40 - [MESSAGE][PASSED] - Object: 'Object Repository/Survey/3dots Actions' is clicked on

29-02-2024T08:09:40 - [TEST_STEP][PASSED] - click(findTestObject("Pop-up Alerts page/Preview Draft alert Actions")): Object: 'Object Repository/Pop-up Alerts page/Preview Draft alert Actions' is clicked on

29-02-2024T08:09:41 - [MESSAGE][PASSED] - Object: 'Object Repository/Pop-up Alerts page/Preview Draft alert Actions' is clicked on

29-02-2024T08:09:41 - [TEST_STEP][PASSED] - switchToFrame(findTestObject("Create Pop-up Alert Page/Preview alert iframe"), 2): null

29-02-2024T08:09:42 - [TEST_STEP][PASSED] - takeFullPageScreenshot([]): Taking screenshot successfully

29-02-2024T08:09:42 - [MESSAGE][INFO] - 0 hidden object(s)

29-02-2024T08:09:42 - [MESSAGE][INFO] - 0 hidden object(s)

29-02-2024T08:09:42 - [MESSAGE][PASSED] - Taking screenshot successfully
[[ATTACHMENT|C:\\Users\\Home\\git\\Katalon\\Reports\\20240229_080744\\Pop-up Alert\\20240229_080744\\1709183382281.png]]

29-02-2024T08:09:42 - [TEST_STEP][PASSED] - click(findTestObject("Create Pop-up Alert Page/close alert preview")): Object: 'Object Repository/Create Pop-up Alert Page/close alert preview' is clicked on

29-02-2024T08:09:42 - [MESSAGE][PASSED] - Object: 'Object Repository/Create Pop-up Alert Page/close alert preview' is clicked on

29-02-2024T08:09:42 - [TEST_STEP][PASSED] - switchToDefaultContent(): null

29-02-2024T08:09:42 - [TEST_STEP][PASSED] - click(findTestObject("Survey/3dots Actions")): Object: 'Object Repository/Survey/3dots Actions' is clicked on

29-02-2024T08:09:43 - [MESSAGE][PASSED] - Object: 'Object Repository/Survey/3dots Actions' is clicked on

29-02-2024T08:09:43 - [TEST_STEP][PASSED] - click(findTestObject("Pop-up Alerts page/Edit Draft alert Actions")): Object: 'Object Repository/Pop-up Alerts page/Edit Draft alert Actions' is clicked on

29-02-2024T08:09:44 - [MESSAGE][PASSED] - Object: 'Object Repository/Pop-up Alerts page/Edit Draft alert Actions' is clicked on

29-02-2024T08:09:44 - [TEST_STEP][PASSED] - verifyElementPresent(findTestObject("Create Pop-up Alert Page/Create Pop-up Alert header"), 2): Object 'Object Repository/Create Pop-up Alert Page/Create Pop-up Alert header' is present

29-02-2024T08:09:47 - [MESSAGE][PASSED] - Object 'Object Repository/Create Pop-up Alert Page/Create Pop-up Alert header' is present

29-02-2024T08:09:47 - [TEST_STEP][PASSED] - verifyElementText(findTestObject("Create Pop-up Alert Page/Create Pop-up Alert header"), "Create Pop-up Alert"): Actual text and expected text of test object 'Object Repository/Create Pop-up Alert Page/Create Pop-up Alert header' are matched.

29-02-2024T08:09:47 - [MESSAGE][PASSED] - Actual text and expected text of test object 'Object Repository/Create Pop-up Alert Page/Create Pop-up Alert header' are matched.

29-02-2024T08:09:47 - [TEST_STEP][PASSED] - click(findTestObject("Create Pop-up Alert Page/Save Button")): Object: 'Object Repository/Create Pop-up Alert Page/Save Button' is clicked on

29-02-2024T08:09:48 - [MESSAGE][PASSED] - Object: 'Object Repository/Create Pop-up Alert Page/Save Button' is clicked on]]></system-out>
         <system-err><![CDATA[]]></system-err>
      </testcase>
      <testcase name="Test Cases/Pop-up alert/Pop-up alert template creation (TC-4)" time="39.306" classname="Test Cases/Pop-up alert/Pop-up alert template creation (TC-4)" status="PASSED">
         <system-out><![CDATA[29-02-2024T08:09:50 - [TEST_CASE][PASSED] - Test Cases/Pop-up alert/Pop-up alert template creation (TC-4): Test Cases/Pop-up alert/Pop-up alert template creation (TC-4)

29-02-2024T08:09:50 - [TEST_STEP][PASSED] - click(findTestObject("Dashboard Page/Left-hand menu_Pop-up Alerts")): Object: 'Object Repository/Dashboard Page/Left-hand menu_Pop-up Alerts' is clicked on

29-02-2024T08:09:50 - [MESSAGE][PASSED] - Object: 'Object Repository/Dashboard Page/Left-hand menu_Pop-up Alerts' is clicked on

29-02-2024T08:09:50 - [TEST_STEP][PASSED] - verifyElementPresent(findTestObject("Pop-up Alerts page/Pop-up Alerts header"), 2): Object 'Object Repository/Pop-up Alerts page/Pop-up Alerts header' is present

29-02-2024T08:09:50 - [MESSAGE][PASSED] - Object 'Object Repository/Pop-up Alerts page/Pop-up Alerts header' is present

29-02-2024T08:09:50 - [TEST_STEP][PASSED] - verifyElementText(findTestObject("Pop-up Alerts page/Pop-up Alerts header"), "Pop-up Alerts"): Actual text and expected text of test object 'Object Repository/Pop-up Alerts page/Pop-up Alerts header' are matched.

29-02-2024T08:09:51 - [MESSAGE][PASSED] - Actual text and expected text of test object 'Object Repository/Pop-up Alerts page/Pop-up Alerts header' are matched.

29-02-2024T08:09:51 - [TEST_STEP][PASSED] - click(findTestObject("Pop-up Alerts page/Templates tab")): Object: 'Object Repository/Pop-up Alerts page/Templates tab' is clicked on

29-02-2024T08:09:51 - [MESSAGE][PASSED] - Object: 'Object Repository/Pop-up Alerts page/Templates tab' is clicked on

29-02-2024T08:09:51 - [TEST_STEP][PASSED] - click(findTestObject("Pop-up Alerts page/New Template button")): Object: 'Object Repository/Pop-up Alerts page/New Template button' is clicked on

29-02-2024T08:09:52 - [MESSAGE][PASSED] - Object: 'Object Repository/Pop-up Alerts page/New Template button' is clicked on

29-02-2024T08:09:52 - [TEST_STEP][PASSED] - setText(findTestObject("Create Template/Template title"), "TC-4"): Text 'TC-4' is set on object 'Object Repository/Create Template/Template title'

29-02-2024T08:09:55 - [MESSAGE][PASSED] - Text 'TC-4' is set on object 'Object Repository/Create Template/Template title'

29-02-2024T08:09:55 - [TEST_STEP][PASSED] - switchToFrame(findTestObject("Create Pop-up Alert Page/Alert body iframe"), 2): null

29-02-2024T08:09:55 - [TEST_STEP][PASSED] - TemplateBody = ""Lorem ipsum dolor sit amet, consectetur adipiscing elit. Proin congue tempus tempor. Donec pretium viverra eleifend.
Aliquam et condimentum sem. Sed molestie nisl lectus, eget ultrices lorem tincidunt in. Morbi sed hendrerit dolor. Aliquam erat volutpat.
Integer maximus ex tempus auctor elementum. Vivamus vel lacus eu ante maximus consequat. Vestibulum lacus eros, gravida in massa ut, malesuada ultricies quam.
Suspendisse pharetra eros nec auctor posuere. Nunc sit amet dignissim eros. Suspendisse imperdiet tristique massa, id lacinia orci viverra id.
Etiam aliquam eros orci, eu malesuada ipsum commodo quis."": null

29-02-2024T08:09:55 - [TEST_STEP][PASSED] - setText(findTestObject("Create Pop-up Alert Page/Alert body"), TemplateBody): Text '"Lorem ipsum dolor sit amet, consectetur adipiscing elit. Proin congue tempus tempor. Donec pretium viverra eleifend.
Aliquam et condimentum sem. Sed molestie nisl lectus, eget ultrices lorem tincidunt in. Morbi sed hendrerit dolor. Aliquam erat volutpat.
Integer maximus ex tempus auctor elementum. Vivamus vel lacus eu ante maximus consequat. Vestibulum lacus eros, gravida in massa ut, malesuada ultricies quam.
Suspendisse pharetra eros nec auctor posuere. Nunc sit amet dignissim eros. Suspendisse imperdiet tristique massa, id lacinia orci viverra id.
Etiam aliquam eros orci, eu malesuada ipsum commodo quis."' is set on object 'Object Repository/Create Pop-up Alert Page/Alert body'

29-02-2024T08:09:55 - [MESSAGE][PASSED] - Text '"Lorem ipsum dolor sit amet, consectetur adipiscing elit. Proin congue tempus tempor. Donec pretium viverra eleifend.
Aliquam et condimentum sem. Sed molestie nisl lectus, eget ultrices lorem tincidunt in. Morbi sed hendrerit dolor. Aliquam erat volutpat.
Integer maximus ex tempus auctor elementum. Vivamus vel lacus eu ante maximus consequat. Vestibulum lacus eros, gravida in massa ut, malesuada ultricies quam.
Suspendisse pharetra eros nec auctor posuere. Nunc sit amet dignissim eros. Suspendisse imperdiet tristique massa, id lacinia orci viverra id.
Etiam aliquam eros orci, eu malesuada ipsum commodo quis."' is set on object 'Object Repository/Create Pop-up Alert Page/Alert body'

29-02-2024T08:09:55 - [TEST_STEP][PASSED] - switchToDefaultContent(): null

29-02-2024T08:09:55 - [TEST_STEP][PASSED] - click(findTestObject("Create Pop-up Alert Page/Save Button")): Object: 'Object Repository/Create Pop-up Alert Page/Save Button' is clicked on

29-02-2024T08:09:56 - [MESSAGE][PASSED] - Object: 'Object Repository/Create Pop-up Alert Page/Save Button' is clicked on

29-02-2024T08:09:56 - [TEST_STEP][PASSED] - click(findTestObject("Pop-up Alerts page/Templates tab")): Object: 'Object Repository/Pop-up Alerts page/Templates tab' is clicked on

29-02-2024T08:09:57 - [MESSAGE][PASSED] - Object: 'Object Repository/Pop-up Alerts page/Templates tab' is clicked on

29-02-2024T08:09:57 - [TEST_STEP][PASSED] - setText(findTestObject("Pop-up Alerts page/Search by title field"), "TC-4"): Text 'TC-4' is set on object 'Object Repository/Pop-up Alerts page/Search by title field'

29-02-2024T08:09:59 - [MESSAGE][PASSED] - Text 'TC-4' is set on object 'Object Repository/Pop-up Alerts page/Search by title field'

29-02-2024T08:09:59 - [TEST_STEP][PASSED] - delay(2): Delayed 2 second(s)

29-02-2024T08:10:01 - [MESSAGE][PASSED] - Delayed 2 second(s)

29-02-2024T08:10:01 - [TEST_STEP][PASSED] - verifyElementText(findTestObject("Pop-up Alerts page/Filtered Template"), "TC-4"): Actual text and expected text of test object 'Object Repository/Pop-up Alerts page/Filtered Template' are matched.

29-02-2024T08:10:01 - [MESSAGE][PASSED] - Actual text and expected text of test object 'Object Repository/Pop-up Alerts page/Filtered Template' are matched.

29-02-2024T08:10:01 - [TEST_STEP][PASSED] - click(findTestObject("Survey/3dots Actions")): Object: 'Object Repository/Survey/3dots Actions' is clicked on

29-02-2024T08:10:01 - [MESSAGE][PASSED] - Object: 'Object Repository/Survey/3dots Actions' is clicked on

29-02-2024T08:10:01 - [TEST_STEP][PASSED] - click(findTestObject("Templates Action menu/Preview Template Action")): Object: 'Object Repository/Templates Action menu/Preview Template Action' is clicked on

29-02-2024T08:10:02 - [MESSAGE][PASSED] - Object: 'Object Repository/Templates Action menu/Preview Template Action' is clicked on

29-02-2024T08:10:02 - [TEST_STEP][PASSED] - switchToFrame(findTestObject("Create Pop-up Alert Page/Preview alert iframe"), 2): null

29-02-2024T08:10:03 - [TEST_STEP][PASSED] - takeFullPageScreenshot([]): Taking screenshot successfully

29-02-2024T08:10:03 - [MESSAGE][INFO] - 0 hidden object(s)

29-02-2024T08:10:04 - [MESSAGE][INFO] - 0 hidden object(s)

29-02-2024T08:10:04 - [MESSAGE][PASSED] - Taking screenshot successfully
[[ATTACHMENT|C:\\Users\\Home\\git\\Katalon\\Reports\\20240229_080744\\Pop-up Alert\\20240229_080744\\1709183403968.png]]

29-02-2024T08:10:04 - [TEST_STEP][PASSED] - click(findTestObject("Create Pop-up Alert Page/close alert preview")): Object: 'Object Repository/Create Pop-up Alert Page/close alert preview' is clicked on

29-02-2024T08:10:04 - [MESSAGE][PASSED] - Object: 'Object Repository/Create Pop-up Alert Page/close alert preview' is clicked on

29-02-2024T08:10:04 - [TEST_STEP][PASSED] - switchToDefaultContent(): null

29-02-2024T08:10:04 - [TEST_STEP][PASSED] - click(findTestObject("Survey/3dots Actions")): Object: 'Object Repository/Survey/3dots Actions' is clicked on

29-02-2024T08:10:05 - [MESSAGE][PASSED] - Object: 'Object Repository/Survey/3dots Actions' is clicked on

29-02-2024T08:10:05 - [TEST_STEP][PASSED] - click(findTestObject("Templates Action menu/Edit Template Action")): Object: 'Object Repository/Templates Action menu/Edit Template Action' is clicked on

29-02-2024T08:10:05 - [MESSAGE][PASSED] - Object: 'Object Repository/Templates Action menu/Edit Template Action' is clicked on

29-02-2024T08:10:05 - [TEST_STEP][PASSED] - verifyElementPresent(findTestObject("Create Pop-up Alert Page/Create Pop-up Alert header"), 2): Object 'Object Repository/Create Pop-up Alert Page/Create Pop-up Alert header' is present

29-02-2024T08:10:08 - [MESSAGE][PASSED] - Object 'Object Repository/Create Pop-up Alert Page/Create Pop-up Alert header' is present

29-02-2024T08:10:08 - [TEST_STEP][PASSED] - verifyElementText(findTestObject("Create Pop-up Alert Page/Create Pop-up Alert header"), "Edit Template"): Actual text and expected text of test object 'Object Repository/Create Pop-up Alert Page/Create Pop-up Alert header' are matched.

29-02-2024T08:10:08 - [MESSAGE][PASSED] - Actual text and expected text of test object 'Object Repository/Create Pop-up Alert Page/Create Pop-up Alert header' are matched.

29-02-2024T08:10:08 - [TEST_STEP][PASSED] - click(findTestObject("Create Pop-up Alert Page/Save Button")): Object: 'Object Repository/Create Pop-up Alert Page/Save Button' is clicked on

29-02-2024T08:10:08 - [MESSAGE][PASSED] - Object: 'Object Repository/Create Pop-up Alert Page/Save Button' is clicked on

29-02-2024T08:10:08 - [TEST_STEP][PASSED] - click(findTestObject("Pop-up Alerts page/Templates tab")): Object: 'Object Repository/Pop-up Alerts page/Templates tab' is clicked on

29-02-2024T08:10:10 - [MESSAGE][PASSED] - Object: 'Object Repository/Pop-up Alerts page/Templates tab' is clicked on

29-02-2024T08:10:10 - [TEST_STEP][PASSED] - setText(findTestObject("Pop-up Alerts page/Search by title field"), "TC-4"): Text 'TC-4' is set on object 'Object Repository/Pop-up Alerts page/Search by title field'

29-02-2024T08:10:11 - [MESSAGE][PASSED] - Text 'TC-4' is set on object 'Object Repository/Pop-up Alerts page/Search by title field'

29-02-2024T08:10:11 - [TEST_STEP][PASSED] - delay(2): Delayed 2 second(s)

29-02-2024T08:10:13 - [MESSAGE][PASSED] - Delayed 2 second(s)

29-02-2024T08:10:13 - [TEST_STEP][PASSED] - verifyElementText(findTestObject("Pop-up Alerts page/Filtered Template"), "TC-4"): Actual text and expected text of test object 'Object Repository/Pop-up Alerts page/Filtered Template' are matched.

29-02-2024T08:10:13 - [MESSAGE][PASSED] - Actual text and expected text of test object 'Object Repository/Pop-up Alerts page/Filtered Template' are matched.

29-02-2024T08:10:13 - [TEST_STEP][PASSED] - click(findTestObject("Survey/3dots Actions")): Object: 'Object Repository/Survey/3dots Actions' is clicked on

29-02-2024T08:10:13 - [MESSAGE][PASSED] - Object: 'Object Repository/Survey/3dots Actions' is clicked on

29-02-2024T08:10:13 - [TEST_STEP][PASSED] - click(findTestObject("Templates Action menu/Create alert using this template")): Object: 'Object Repository/Templates Action menu/Create alert using this template' is clicked on

29-02-2024T08:10:14 - [MESSAGE][PASSED] - Object: 'Object Repository/Templates Action menu/Create alert using this template' is clicked on

29-02-2024T08:10:14 - [TEST_STEP][PASSED] - click(findTestObject("Create Pop-up Alert Page/More button")): Object: 'Object Repository/Create Pop-up Alert Page/More button' is clicked on

29-02-2024T08:10:17 - [MESSAGE][PASSED] - Object: 'Object Repository/Create Pop-up Alert Page/More button' is clicked on

29-02-2024T08:10:17 - [TEST_STEP][PASSED] - callTestCase(findTestCase("Built-in test cases/Choose recipients"), [:], STOP_ON_FAILURE): Call Test Case 'Test Cases/Built-in test cases/Choose recipients' successfully

29-02-2024T08:10:17 - [TEST_CASE][PASSED] - Test Cases/Built-in test cases/Choose recipients: Test Cases/Built-in test cases/Choose recipients

29-02-2024T08:10:17 - [TEST_STEP][PASSED] - click(findTestObject("Create Pop-up Alert Page/Choose recipients modal window/Filter field")): Object: 'Object Repository/Create Pop-up Alert Page/Choose recipients modal window/Filter field' is clicked on

29-02-2024T08:10:19 - [MESSAGE][PASSED] - Object: 'Object Repository/Create Pop-up Alert Page/Choose recipients modal window/Filter field' is clicked on

29-02-2024T08:10:19 - [TEST_STEP][PASSED] - setText(findTestObject("Create Pop-up Alert Page/Choose recipients modal window/Filter field"), "LAPTOP-E6BU4LL9"): Text 'LAPTOP-E6BU4LL9' is set on object 'Object Repository/Create Pop-up Alert Page/Choose recipients modal window/Filter field'

29-02-2024T08:10:20 - [MESSAGE][PASSED] - Text 'LAPTOP-E6BU4LL9' is set on object 'Object Repository/Create Pop-up Alert Page/Choose recipients modal window/Filter field'

29-02-2024T08:10:20 - [TEST_STEP][PASSED] - verifyElementText(findTestObject("Create Pop-up Alert Page/Choose recipients modal window/All user list-filtered"), "LAPTOP-E6BU4LL9 "): Actual text and expected text of test object 'Object Repository/Create Pop-up Alert Page/Choose recipients modal window/All user list-filtered' are matched.

29-02-2024T08:10:21 - [MESSAGE][PASSED] - Actual text and expected text of test object 'Object Repository/Create Pop-up Alert Page/Choose recipients modal window/All user list-filtered' are matched.

29-02-2024T08:10:21 - [TEST_STEP][PASSED] - click(findTestObject("Create Pop-up Alert Page/Choose recipients modal window/filtered user selection")): Object: 'Object Repository/Create Pop-up Alert Page/Choose recipients modal window/filtered user selection' is clicked on

29-02-2024T08:10:21 - [MESSAGE][PASSED] - Object: 'Object Repository/Create Pop-up Alert Page/Choose recipients modal window/filtered user selection' is clicked on

29-02-2024T08:10:21 - [TEST_STEP][PASSED] - click(findTestObject("Create Pop-up Alert Page/Choose recipients modal window/Filter field")): Object: 'Object Repository/Create Pop-up Alert Page/Choose recipients modal window/Filter field' is clicked on

29-02-2024T08:10:22 - [MESSAGE][PASSED] - Object: 'Object Repository/Create Pop-up Alert Page/Choose recipients modal window/Filter field' is clicked on

29-02-2024T08:10:22 - [TEST_STEP][PASSED] - sendKeys(findTestObject("Create Pop-up Alert Page/Choose recipients modal window/Filter field"), Keys.chord(CONTROL, "a", BACK_SPACE)): Keys 'CONTROL + BACK_SPACE + a' sent to object: 'Object Repository/Create Pop-up Alert Page/Choose recipients modal window/Filter field'

29-02-2024T08:10:22 - [MESSAGE][PASSED] - Keys 'CONTROL + BACK_SPACE + a' sent to object: 'Object Repository/Create Pop-up Alert Page/Choose recipients modal window/Filter field'

29-02-2024T08:10:22 - [TEST_STEP][PASSED] - setText(findTestObject("Create Pop-up Alert Page/Choose recipients modal window/Filter field"), "DESKTOP-9UH6GK7"): Text 'DESKTOP-9UH6GK7' is set on object 'Object Repository/Create Pop-up Alert Page/Choose recipients modal window/Filter field'

29-02-2024T08:10:23 - [MESSAGE][PASSED] - Text 'DESKTOP-9UH6GK7' is set on object 'Object Repository/Create Pop-up Alert Page/Choose recipients modal window/Filter field'

29-02-2024T08:10:23 - [TEST_STEP][PASSED] - verifyElementText(findTestObject("Create Pop-up Alert Page/Choose recipients modal window/All user list-filtered"), "DESKTOP-9UH6GK7 "): Actual text and expected text of test object 'Object Repository/Create Pop-up Alert Page/Choose recipients modal window/All user list-filtered' are matched.

29-02-2024T08:10:25 - [MESSAGE][PASSED] - Actual text and expected text of test object 'Object Repository/Create Pop-up Alert Page/Choose recipients modal window/All user list-filtered' are matched.

29-02-2024T08:10:25 - [TEST_STEP][PASSED] - click(findTestObject("Create Pop-up Alert Page/Choose recipients modal window/filtered user selection")): Object: 'Object Repository/Create Pop-up Alert Page/Choose recipients modal window/filtered user selection' is clicked on

29-02-2024T08:10:25 - [MESSAGE][PASSED] - Object: 'Object Repository/Create Pop-up Alert Page/Choose recipients modal window/filtered user selection' is clicked on

29-02-2024T08:10:25 - [TEST_STEP][PASSED] - click(findTestObject("Wallpapers/Done")): Object: 'Object Repository/Wallpapers/Done' is clicked on

29-02-2024T08:10:26 - [MESSAGE][PASSED] - Object: 'Object Repository/Wallpapers/Done' is clicked on

29-02-2024T08:10:26 - [MESSAGE][PASSED] - Call Test Case 'Test Cases/Built-in test cases/Choose recipients' successfully

29-02-2024T08:10:26 - [TEST_STEP][PASSED] - setText(findTestObject("Create Template/Template title"), " Template"): Text ' Template' is set on object 'Object Repository/Create Template/Template title'

29-02-2024T08:10:26 - [MESSAGE][PASSED] - Text ' Template' is set on object 'Object Repository/Create Template/Template title'

29-02-2024T08:10:26 - [TEST_STEP][PASSED] - click(findTestObject("Create Pop-up Alert Page/Send button")): Object: 'Object Repository/Create Pop-up Alert Page/Send button' is clicked on

29-02-2024T08:10:27 - [MESSAGE][PASSED] - Object: 'Object Repository/Create Pop-up Alert Page/Send button' is clicked on]]></system-out>
         <system-err><![CDATA[]]></system-err>
      </testcase>
      <testcase name="Test Cases/Pop-up alert/Send Pop-up Alert with Template (TC-5)" time="19.356" classname="Test Cases/Pop-up alert/Send Pop-up Alert with Template (TC-5)" status="PASSED">
         <system-out><![CDATA[29-02-2024T08:10:29 - [TEST_CASE][PASSED] - Test Cases/Pop-up alert/Send Pop-up Alert with Template (TC-5): Test Cases/Pop-up alert/Send Pop-up Alert with Template (TC-5)

29-02-2024T08:10:29 - [TEST_STEP][PASSED] - click(findTestObject("Dashboard Page/Compose Alert Button")): Object: 'Object Repository/Dashboard Page/Compose Alert Button' is clicked on

29-02-2024T08:10:29 - [MESSAGE][PASSED] - Object: 'Object Repository/Dashboard Page/Compose Alert Button' is clicked on

29-02-2024T08:10:29 - [TEST_STEP][PASSED] - verifyElementPresent(findTestObject("Create Pop-up Alert Page/Create Pop-up Alert header"), 2): Object 'Object Repository/Create Pop-up Alert Page/Create Pop-up Alert header' is present

29-02-2024T08:10:32 - [MESSAGE][PASSED] - Object 'Object Repository/Create Pop-up Alert Page/Create Pop-up Alert header' is present

29-02-2024T08:10:32 - [TEST_STEP][PASSED] - verifyElementText(findTestObject("Create Pop-up Alert Page/Create Pop-up Alert header"), "Create Pop-up Alert"): Actual text and expected text of test object 'Object Repository/Create Pop-up Alert Page/Create Pop-up Alert header' are matched.

29-02-2024T08:10:32 - [MESSAGE][PASSED] - Actual text and expected text of test object 'Object Repository/Create Pop-up Alert Page/Create Pop-up Alert header' are matched.

29-02-2024T08:10:32 - [TEST_STEP][PASSED] - click(findTestObject("Create Pop-up Alert Page/More button")): Object: 'Object Repository/Create Pop-up Alert Page/More button' is clicked on

29-02-2024T08:10:33 - [MESSAGE][PASSED] - Object: 'Object Repository/Create Pop-up Alert Page/More button' is clicked on

29-02-2024T08:10:33 - [TEST_STEP][PASSED] - callTestCase(findTestCase("Built-in test cases/Choose recipients"), [:], STOP_ON_FAILURE): Call Test Case 'Test Cases/Built-in test cases/Choose recipients' successfully

29-02-2024T08:10:33 - [TEST_CASE][PASSED] - Test Cases/Built-in test cases/Choose recipients: Test Cases/Built-in test cases/Choose recipients

29-02-2024T08:10:33 - [TEST_STEP][PASSED] - click(findTestObject("Create Pop-up Alert Page/Choose recipients modal window/Filter field")): Object: 'Object Repository/Create Pop-up Alert Page/Choose recipients modal window/Filter field' is clicked on

29-02-2024T08:10:33 - [MESSAGE][PASSED] - Object: 'Object Repository/Create Pop-up Alert Page/Choose recipients modal window/Filter field' is clicked on

29-02-2024T08:10:33 - [TEST_STEP][PASSED] - setText(findTestObject("Create Pop-up Alert Page/Choose recipients modal window/Filter field"), "LAPTOP-E6BU4LL9"): Text 'LAPTOP-E6BU4LL9' is set on object 'Object Repository/Create Pop-up Alert Page/Choose recipients modal window/Filter field'

29-02-2024T08:10:35 - [MESSAGE][PASSED] - Text 'LAPTOP-E6BU4LL9' is set on object 'Object Repository/Create Pop-up Alert Page/Choose recipients modal window/Filter field'

29-02-2024T08:10:35 - [TEST_STEP][PASSED] - verifyElementText(findTestObject("Create Pop-up Alert Page/Choose recipients modal window/All user list-filtered"), "LAPTOP-E6BU4LL9 "): Actual text and expected text of test object 'Object Repository/Create Pop-up Alert Page/Choose recipients modal window/All user list-filtered' are matched.

29-02-2024T08:10:37 - [MESSAGE][PASSED] - Actual text and expected text of test object 'Object Repository/Create Pop-up Alert Page/Choose recipients modal window/All user list-filtered' are matched.

29-02-2024T08:10:37 - [TEST_STEP][PASSED] - click(findTestObject("Create Pop-up Alert Page/Choose recipients modal window/filtered user selection")): Object: 'Object Repository/Create Pop-up Alert Page/Choose recipients modal window/filtered user selection' is clicked on

29-02-2024T08:10:37 - [MESSAGE][PASSED] - Object: 'Object Repository/Create Pop-up Alert Page/Choose recipients modal window/filtered user selection' is clicked on

29-02-2024T08:10:37 - [TEST_STEP][PASSED] - click(findTestObject("Create Pop-up Alert Page/Choose recipients modal window/Filter field")): Object: 'Object Repository/Create Pop-up Alert Page/Choose recipients modal window/Filter field' is clicked on

29-02-2024T08:10:38 - [MESSAGE][PASSED] - Object: 'Object Repository/Create Pop-up Alert Page/Choose recipients modal window/Filter field' is clicked on

29-02-2024T08:10:38 - [TEST_STEP][PASSED] - sendKeys(findTestObject("Create Pop-up Alert Page/Choose recipients modal window/Filter field"), Keys.chord(CONTROL, "a", BACK_SPACE)): Keys 'CONTROL + BACK_SPACE + a' sent to object: 'Object Repository/Create Pop-up Alert Page/Choose recipients modal window/Filter field'

29-02-2024T08:10:38 - [MESSAGE][PASSED] - Keys 'CONTROL + BACK_SPACE + a' sent to object: 'Object Repository/Create Pop-up Alert Page/Choose recipients modal window/Filter field'

29-02-2024T08:10:38 - [TEST_STEP][PASSED] - setText(findTestObject("Create Pop-up Alert Page/Choose recipients modal window/Filter field"), "DESKTOP-9UH6GK7"): Text 'DESKTOP-9UH6GK7' is set on object 'Object Repository/Create Pop-up Alert Page/Choose recipients modal window/Filter field'

29-02-2024T08:10:39 - [MESSAGE][PASSED] - Text 'DESKTOP-9UH6GK7' is set on object 'Object Repository/Create Pop-up Alert Page/Choose recipients modal window/Filter field'

29-02-2024T08:10:39 - [TEST_STEP][PASSED] - verifyElementText(findTestObject("Create Pop-up Alert Page/Choose recipients modal window/All user list-filtered"), "DESKTOP-9UH6GK7 "): Actual text and expected text of test object 'Object Repository/Create Pop-up Alert Page/Choose recipients modal window/All user list-filtered' are matched.

29-02-2024T08:10:40 - [MESSAGE][PASSED] - Actual text and expected text of test object 'Object Repository/Create Pop-up Alert Page/Choose recipients modal window/All user list-filtered' are matched.

29-02-2024T08:10:40 - [TEST_STEP][PASSED] - click(findTestObject("Create Pop-up Alert Page/Choose recipients modal window/filtered user selection")): Object: 'Object Repository/Create Pop-up Alert Page/Choose recipients modal window/filtered user selection' is clicked on

29-02-2024T08:10:41 - [MESSAGE][PASSED] - Object: 'Object Repository/Create Pop-up Alert Page/Choose recipients modal window/filtered user selection' is clicked on

29-02-2024T08:10:41 - [TEST_STEP][PASSED] - click(findTestObject("Wallpapers/Done")): Object: 'Object Repository/Wallpapers/Done' is clicked on

29-02-2024T08:10:41 - [MESSAGE][PASSED] - Object: 'Object Repository/Wallpapers/Done' is clicked on

29-02-2024T08:10:41 - [MESSAGE][PASSED] - Call Test Case 'Test Cases/Built-in test cases/Choose recipients' successfully

29-02-2024T08:10:41 - [TEST_STEP][PASSED] - waitForPageLoad(2): Wait for page load successfully

29-02-2024T08:10:41 - [MESSAGE][PASSED] - Wait for page load successfully

29-02-2024T08:10:41 - [TEST_STEP][PASSED] - click(findTestObject("Create Pop-up Alert Page/Template selection button")): Object: 'Object Repository/Create Pop-up Alert Page/Template selection button' is clicked on

29-02-2024T08:10:42 - [MESSAGE][PASSED] - Object: 'Object Repository/Create Pop-up Alert Page/Template selection button' is clicked on

29-02-2024T08:10:42 - [TEST_STEP][PASSED] - click(findTestObject("Create Pop-up Alert Page/Template with given name")): Object: 'Object Repository/Create Pop-up Alert Page/Template with given name' is clicked on

29-02-2024T08:10:42 - [MESSAGE][PASSED] - Object: 'Object Repository/Create Pop-up Alert Page/Template with given name' is clicked on

29-02-2024T08:10:42 - [TEST_STEP][PASSED] - click(findTestObject("Create Pop-up Alert Page/Alert Title field")): Object: 'Object Repository/Create Pop-up Alert Page/Alert Title field' is clicked on

29-02-2024T08:10:43 - [MESSAGE][PASSED] - Object: 'Object Repository/Create Pop-up Alert Page/Alert Title field' is clicked on

29-02-2024T08:10:43 - [TEST_STEP][PASSED] - sendKeys(findTestObject("Create Pop-up Alert Page/Alert Title field"), Keys.chord(CONTROL, "a", BACK_SPACE)): Keys 'CONTROL + BACK_SPACE + a' sent to object: 'Object Repository/Create Pop-up Alert Page/Alert Title field'

29-02-2024T08:10:43 - [MESSAGE][PASSED] - Keys 'CONTROL + BACK_SPACE + a' sent to object: 'Object Repository/Create Pop-up Alert Page/Alert Title field'

29-02-2024T08:10:43 - [TEST_STEP][PASSED] - setText(findTestObject("Create Pop-up Alert Page/Alert Title field"), "TC-5"): Text 'TC-5' is set on object 'Object Repository/Create Pop-up Alert Page/Alert Title field'

29-02-2024T08:10:44 - [MESSAGE][PASSED] - Text 'TC-5' is set on object 'Object Repository/Create Pop-up Alert Page/Alert Title field'

29-02-2024T08:10:44 - [TEST_STEP][PASSED] - click(findTestObject("Create Pop-up Alert Page/Send button")): Object: 'Object Repository/Create Pop-up Alert Page/Send button' is clicked on

29-02-2024T08:10:44 - [MESSAGE][PASSED] - Object: 'Object Repository/Create Pop-up Alert Page/Send button' is clicked on

29-02-2024T08:10:44 - [TEST_STEP][PASSED] - waitForPageLoad(2): Wait for page load successfully

29-02-2024T08:10:44 - [MESSAGE][PASSED] - Wait for page load successfully

29-02-2024T08:10:44 - [TEST_STEP][PASSED] - setText(findTestObject("Pop-up Alerts page/Search by title field"), "TC-5"): Text 'TC-5' is set on object 'Object Repository/Pop-up Alerts page/Search by title field'

29-02-2024T08:10:46 - [MESSAGE][PASSED] - Text 'TC-5' is set on object 'Object Repository/Pop-up Alerts page/Search by title field'

29-02-2024T08:10:46 - [TEST_STEP][PASSED] - verifyElementText(findTestObject("Pop-up Alerts page/Filtered sent alert"), "TC-5"): Actual text and expected text of test object 'Object Repository/Pop-up Alerts page/Filtered sent alert' are matched.

29-02-2024T08:10:46 - [MESSAGE][PASSED] - Actual text and expected text of test object 'Object Repository/Pop-up Alerts page/Filtered sent alert' are matched.]]></system-out>
         <system-err><![CDATA[]]></system-err>
      </testcase>
      <testcase name="Test Cases/Pop-up alert/Pop-up Alert preview (TC-6)" time="22.415" classname="Test Cases/Pop-up alert/Pop-up Alert preview (TC-6)" status="PASSED">
         <system-out><![CDATA[29-02-2024T08:10:48 - [TEST_CASE][PASSED] - Test Cases/Pop-up alert/Pop-up Alert preview (TC-6): Test Cases/Pop-up alert/Pop-up Alert preview (TC-6)

29-02-2024T08:10:48 - [TEST_STEP][PASSED] - click(findTestObject("Dashboard Page/Compose Alert Button")): Object: 'Object Repository/Dashboard Page/Compose Alert Button' is clicked on

29-02-2024T08:10:49 - [MESSAGE][PASSED] - Object: 'Object Repository/Dashboard Page/Compose Alert Button' is clicked on

29-02-2024T08:10:49 - [TEST_STEP][PASSED] - verifyElementPresent(findTestObject("Create Pop-up Alert Page/Create Pop-up Alert header"), 2): Object 'Object Repository/Create Pop-up Alert Page/Create Pop-up Alert header' is present

29-02-2024T08:10:52 - [MESSAGE][PASSED] - Object 'Object Repository/Create Pop-up Alert Page/Create Pop-up Alert header' is present

29-02-2024T08:10:52 - [TEST_STEP][PASSED] - verifyElementText(findTestObject("Create Pop-up Alert Page/Create Pop-up Alert header"), "Create Pop-up Alert"): Actual text and expected text of test object 'Object Repository/Create Pop-up Alert Page/Create Pop-up Alert header' are matched.

29-02-2024T08:10:52 - [MESSAGE][PASSED] - Actual text and expected text of test object 'Object Repository/Create Pop-up Alert Page/Create Pop-up Alert header' are matched.

29-02-2024T08:10:52 - [TEST_STEP][PASSED] - click(findTestObject("Create Pop-up Alert Page/More button")): Object: 'Object Repository/Create Pop-up Alert Page/More button' is clicked on

29-02-2024T08:10:52 - [MESSAGE][PASSED] - Object: 'Object Repository/Create Pop-up Alert Page/More button' is clicked on

29-02-2024T08:10:52 - [TEST_STEP][PASSED] - callTestCase(findTestCase("Built-in test cases/Choose recipients"), [:], STOP_ON_FAILURE): Call Test Case 'Test Cases/Built-in test cases/Choose recipients' successfully

29-02-2024T08:10:52 - [TEST_CASE][PASSED] - Test Cases/Built-in test cases/Choose recipients: Test Cases/Built-in test cases/Choose recipients

29-02-2024T08:10:52 - [TEST_STEP][PASSED] - click(findTestObject("Create Pop-up Alert Page/Choose recipients modal window/Filter field")): Object: 'Object Repository/Create Pop-up Alert Page/Choose recipients modal window/Filter field' is clicked on

29-02-2024T08:10:53 - [MESSAGE][PASSED] - Object: 'Object Repository/Create Pop-up Alert Page/Choose recipients modal window/Filter field' is clicked on

29-02-2024T08:10:53 - [TEST_STEP][PASSED] - setText(findTestObject("Create Pop-up Alert Page/Choose recipients modal window/Filter field"), "LAPTOP-E6BU4LL9"): Text 'LAPTOP-E6BU4LL9' is set on object 'Object Repository/Create Pop-up Alert Page/Choose recipients modal window/Filter field'

29-02-2024T08:10:54 - [MESSAGE][PASSED] - Text 'LAPTOP-E6BU4LL9' is set on object 'Object Repository/Create Pop-up Alert Page/Choose recipients modal window/Filter field'

29-02-2024T08:10:54 - [TEST_STEP][PASSED] - verifyElementText(findTestObject("Create Pop-up Alert Page/Choose recipients modal window/All user list-filtered"), "LAPTOP-E6BU4LL9 "): Actual text and expected text of test object 'Object Repository/Create Pop-up Alert Page/Choose recipients modal window/All user list-filtered' are matched.

29-02-2024T08:10:56 - [MESSAGE][PASSED] - Actual text and expected text of test object 'Object Repository/Create Pop-up Alert Page/Choose recipients modal window/All user list-filtered' are matched.

29-02-2024T08:10:56 - [TEST_STEP][PASSED] - click(findTestObject("Create Pop-up Alert Page/Choose recipients modal window/filtered user selection")): Object: 'Object Repository/Create Pop-up Alert Page/Choose recipients modal window/filtered user selection' is clicked on

29-02-2024T08:10:56 - [MESSAGE][PASSED] - Object: 'Object Repository/Create Pop-up Alert Page/Choose recipients modal window/filtered user selection' is clicked on

29-02-2024T08:10:56 - [TEST_STEP][PASSED] - click(findTestObject("Create Pop-up Alert Page/Choose recipients modal window/Filter field")): Object: 'Object Repository/Create Pop-up Alert Page/Choose recipients modal window/Filter field' is clicked on

29-02-2024T08:10:57 - [MESSAGE][PASSED] - Object: 'Object Repository/Create Pop-up Alert Page/Choose recipients modal window/Filter field' is clicked on

29-02-2024T08:10:57 - [TEST_STEP][PASSED] - sendKeys(findTestObject("Create Pop-up Alert Page/Choose recipients modal window/Filter field"), Keys.chord(CONTROL, "a", BACK_SPACE)): Keys 'CONTROL + BACK_SPACE + a' sent to object: 'Object Repository/Create Pop-up Alert Page/Choose recipients modal window/Filter field'

29-02-2024T08:10:57 - [MESSAGE][PASSED] - Keys 'CONTROL + BACK_SPACE + a' sent to object: 'Object Repository/Create Pop-up Alert Page/Choose recipients modal window/Filter field'

29-02-2024T08:10:57 - [TEST_STEP][PASSED] - setText(findTestObject("Create Pop-up Alert Page/Choose recipients modal window/Filter field"), "DESKTOP-9UH6GK7"): Text 'DESKTOP-9UH6GK7' is set on object 'Object Repository/Create Pop-up Alert Page/Choose recipients modal window/Filter field'

29-02-2024T08:10:58 - [MESSAGE][PASSED] - Text 'DESKTOP-9UH6GK7' is set on object 'Object Repository/Create Pop-up Alert Page/Choose recipients modal window/Filter field'

29-02-2024T08:10:58 - [TEST_STEP][PASSED] - verifyElementText(findTestObject("Create Pop-up Alert Page/Choose recipients modal window/All user list-filtered"), "DESKTOP-9UH6GK7 "): Actual text and expected text of test object 'Object Repository/Create Pop-up Alert Page/Choose recipients modal window/All user list-filtered' are matched.

29-02-2024T08:10:59 - [MESSAGE][PASSED] - Actual text and expected text of test object 'Object Repository/Create Pop-up Alert Page/Choose recipients modal window/All user list-filtered' are matched.

29-02-2024T08:10:59 - [TEST_STEP][PASSED] - click(findTestObject("Create Pop-up Alert Page/Choose recipients modal window/filtered user selection")): Object: 'Object Repository/Create Pop-up Alert Page/Choose recipients modal window/filtered user selection' is clicked on

29-02-2024T08:11:00 - [MESSAGE][PASSED] - Object: 'Object Repository/Create Pop-up Alert Page/Choose recipients modal window/filtered user selection' is clicked on

29-02-2024T08:11:00 - [TEST_STEP][PASSED] - click(findTestObject("Wallpapers/Done")): Object: 'Object Repository/Wallpapers/Done' is clicked on

29-02-2024T08:11:00 - [MESSAGE][PASSED] - Object: 'Object Repository/Wallpapers/Done' is clicked on

29-02-2024T08:11:00 - [MESSAGE][PASSED] - Call Test Case 'Test Cases/Built-in test cases/Choose recipients' successfully

29-02-2024T08:11:00 - [TEST_STEP][PASSED] - setText(findTestObject("Create Pop-up Alert Page/Alert Title field"), "TC-6"): Text 'TC-6' is set on object 'Object Repository/Create Pop-up Alert Page/Alert Title field'

29-02-2024T08:11:01 - [MESSAGE][PASSED] - Text 'TC-6' is set on object 'Object Repository/Create Pop-up Alert Page/Alert Title field'

29-02-2024T08:11:01 - [TEST_STEP][PASSED] - switchToFrame(findTestObject("Create Pop-up Alert Page/Alert body iframe"), 2): null

29-02-2024T08:11:01 - [TEST_STEP][PASSED] - setText(findTestObject("Create Pop-up Alert Page/Alert body"), "Hello! This is automated alert with preview check from Katalon"): Text 'Hello! This is automated alert with preview check from Katalon' is set on object 'Object Repository/Create Pop-up Alert Page/Alert body'

29-02-2024T08:11:01 - [MESSAGE][PASSED] - Text 'Hello! This is automated alert with preview check from Katalon' is set on object 'Object Repository/Create Pop-up Alert Page/Alert body'

29-02-2024T08:11:01 - [TEST_STEP][PASSED] - switchToDefaultContent(): null

29-02-2024T08:11:01 - [TEST_STEP][PASSED] - click(findTestObject("Create Pop-up Alert Page/Alerts settings right-hand menu/Skin choice button")): Object: 'Object Repository/Create Pop-up Alert Page/Alerts settings right-hand menu/Skin choice button' is clicked on

29-02-2024T08:11:02 - [MESSAGE][PASSED] - Object: 'Object Repository/Create Pop-up Alert Page/Alerts settings right-hand menu/Skin choice button' is clicked on

29-02-2024T08:11:02 - [TEST_STEP][PASSED] - click(findTestObject("Create Pop-up Alert Page/Alerts settings right-hand menu/Skin with given index")): Object: 'Object Repository/Create Pop-up Alert Page/Alerts settings right-hand menu/Skin with given index' is clicked on

29-02-2024T08:11:02 - [MESSAGE][PASSED] - Object: 'Object Repository/Create Pop-up Alert Page/Alerts settings right-hand menu/Skin with given index' is clicked on

29-02-2024T08:11:02 - [TEST_STEP][PASSED] - check(findTestObject("Create Pop-up Alert Page/Alerts settings right-hand menu/Acknowledgement checkbox")): Object 'Object Repository/Create Pop-up Alert Page/Alerts settings right-hand menu/Acknowledgement checkbox' is checked

29-02-2024T08:11:03 - [MESSAGE][PASSED] - Object 'Object Repository/Create Pop-up Alert Page/Alerts settings right-hand menu/Acknowledgement checkbox' is checked

29-02-2024T08:11:03 - [TEST_STEP][PASSED] - verifyElementChecked(findTestObject("Create Pop-up Alert Page/Alerts settings right-hand menu/Acknowledgement checkbox"), 2): Object 'Object Repository/Create Pop-up Alert Page/Alerts settings right-hand menu/Acknowledgement checkbox' is checked

29-02-2024T08:11:04 - [MESSAGE][PASSED] - Object 'Object Repository/Create Pop-up Alert Page/Alerts settings right-hand menu/Acknowledgement checkbox' is checked

29-02-2024T08:11:04 - [TEST_STEP][PASSED] - scrollToElement(findTestObject("Create Pop-up Alert Page/Alerts settings right-hand menu/Add print button"), 2): Scroll to object 'Object Repository/Create Pop-up Alert Page/Alerts settings right-hand menu/Add print button' successfully

29-02-2024T08:11:04 - [MESSAGE][PASSED] - Scroll to object 'Object Repository/Create Pop-up Alert Page/Alerts settings right-hand menu/Add print button' successfully

29-02-2024T08:11:04 - [TEST_STEP][PASSED] - check(findTestObject("Create Pop-up Alert Page/Alerts settings right-hand menu/Add print button")): Object 'Object Repository/Create Pop-up Alert Page/Alerts settings right-hand menu/Add print button' is checked

29-02-2024T08:11:05 - [MESSAGE][PASSED] - Object 'Object Repository/Create Pop-up Alert Page/Alerts settings right-hand menu/Add print button' is checked

29-02-2024T08:11:05 - [TEST_STEP][PASSED] - verifyElementChecked(findTestObject("Create Pop-up Alert Page/Alerts settings right-hand menu/Add print button"), 2): Object 'Object Repository/Create Pop-up Alert Page/Alerts settings right-hand menu/Add print button' is checked

29-02-2024T08:11:05 - [MESSAGE][PASSED] - Object 'Object Repository/Create Pop-up Alert Page/Alerts settings right-hand menu/Add print button' is checked

29-02-2024T08:11:05 - [TEST_STEP][PASSED] - scrollToElement(findTestObject("Create Pop-up Alert Page/More button"), 2): Scroll to object 'Object Repository/Create Pop-up Alert Page/More button' successfully

29-02-2024T08:11:06 - [MESSAGE][PASSED] - Scroll to object 'Object Repository/Create Pop-up Alert Page/More button' successfully

29-02-2024T08:11:06 - [TEST_STEP][NOT_RUN] - scrollToElement(findTestObject("Create Pop-up Alert Page/Preview button"), 4): NOT_RUN: scrollToElement(findTestObject("Create Pop-up Alert Page/Preview button"), 4)

29-02-2024T08:11:06 - [MESSAGE][NOT_RUN] - NOT_RUN: scrollToElement(findTestObject("Create Pop-up Alert Page/Preview button"), 4)

29-02-2024T08:11:06 - [TEST_STEP][PASSED] - waitForElementClickable(findTestObject("Create Pop-up Alert Page/Preview button"), 3): Object 'Object Repository/Create Pop-up Alert Page/Preview button' is clickable

29-02-2024T08:11:06 - [MESSAGE][PASSED] - Object 'Object Repository/Create Pop-up Alert Page/Preview button' is clickable

29-02-2024T08:11:06 - [TEST_STEP][PASSED] - click(findTestObject("Create Pop-up Alert Page/Preview button")): Object: 'Object Repository/Create Pop-up Alert Page/Preview button' is clicked on

29-02-2024T08:11:06 - [MESSAGE][PASSED] - Object: 'Object Repository/Create Pop-up Alert Page/Preview button' is clicked on

29-02-2024T08:11:06 - [TEST_STEP][PASSED] - switchToFrame(findTestObject("Create Pop-up Alert Page/Preview alert iframe"), 2): null

29-02-2024T08:11:07 - [TEST_STEP][PASSED] - takeFullPageScreenshot(): Taking screenshot successfully

29-02-2024T08:11:08 - [MESSAGE][INFO] - 0 hidden object(s)

29-02-2024T08:11:08 - [MESSAGE][PASSED] - Taking screenshot successfully
[[ATTACHMENT|C:\\Users\\Home\\git\\Katalon\\Reports\\20240229_080744\\Pop-up Alert\\20240229_080744\\1709183467811.png]]

29-02-2024T08:11:08 - [TEST_STEP][PASSED] - verifyElementPresent(findTestObject("Create Pop-up Alert Page/Alert Preview/print button"), 1): Object 'Object Repository/Create Pop-up Alert Page/Alert Preview/print button' is present

29-02-2024T08:11:08 - [MESSAGE][PASSED] - Object 'Object Repository/Create Pop-up Alert Page/Alert Preview/print button' is present

29-02-2024T08:11:08 - [TEST_STEP][PASSED] - verifyElementPresent(findTestObject("Create Pop-up Alert Page/Alert Preview/Postpone time selection"), 1): Object 'Object Repository/Create Pop-up Alert Page/Alert Preview/Postpone time selection' is present

29-02-2024T08:11:08 - [MESSAGE][PASSED] - Object 'Object Repository/Create Pop-up Alert Page/Alert Preview/Postpone time selection' is present

29-02-2024T08:11:08 - [TEST_STEP][PASSED] - verifyElementPresent(findTestObject("Create Pop-up Alert Page/Alert Preview/Postpone button"), 1): Object 'Object Repository/Create Pop-up Alert Page/Alert Preview/Postpone button' is present

29-02-2024T08:11:08 - [MESSAGE][PASSED] - Object 'Object Repository/Create Pop-up Alert Page/Alert Preview/Postpone button' is present

29-02-2024T08:11:08 - [TEST_STEP][PASSED] - verifyElementPresent(findTestObject("Create Pop-up Alert Page/Alert Preview/Creation Date"), 1): Object 'Object Repository/Create Pop-up Alert Page/Alert Preview/Creation Date' is present

29-02-2024T08:11:08 - [MESSAGE][PASSED] - Object 'Object Repository/Create Pop-up Alert Page/Alert Preview/Creation Date' is present

29-02-2024T08:11:08 - [TEST_STEP][PASSED] - verifyElementPresent(findTestObject("Create Pop-up Alert Page/Alert Preview/Alert Title Preview"), 1): Object 'Object Repository/Create Pop-up Alert Page/Alert Preview/Alert Title Preview' is present

29-02-2024T08:11:08 - [MESSAGE][PASSED] - Object 'Object Repository/Create Pop-up Alert Page/Alert Preview/Alert Title Preview' is present

29-02-2024T08:11:08 - [TEST_STEP][PASSED] - verifyElementVisible(findTestObject("Create Pop-up Alert Page/Alert Preview/Alert logo Preview")): Object 'Object Repository/Create Pop-up Alert Page/Alert Preview/Alert logo Preview' is visible

29-02-2024T08:11:08 - [MESSAGE][PASSED] - Object 'Object Repository/Create Pop-up Alert Page/Alert Preview/Alert logo Preview' is visible

29-02-2024T08:11:08 - [TEST_STEP][PASSED] - click(findTestObject("Create Pop-up Alert Page/Alert Preview/Acknowledgement OK button")): Object: 'Object Repository/Create Pop-up Alert Page/Alert Preview/Acknowledgement OK button' is clicked on

29-02-2024T08:11:08 - [MESSAGE][PASSED] - Object: 'Object Repository/Create Pop-up Alert Page/Alert Preview/Acknowledgement OK button' is clicked on

29-02-2024T08:11:08 - [TEST_STEP][PASSED] - switchToDefaultContent(): null

29-02-2024T08:11:08 - [TEST_STEP][PASSED] - click(findTestObject("Create Pop-up Alert Page/Send button")): Object: 'Object Repository/Create Pop-up Alert Page/Send button' is clicked on

29-02-2024T08:11:09 - [MESSAGE][PASSED] - Object: 'Object Repository/Create Pop-up Alert Page/Send button' is clicked on]]></system-out>
         <system-err><![CDATA[]]></system-err>
      </testcase>
      <system-out><![CDATA[29-02-2024T08:07:49 - [TEST_SUITE][PASSED] - Pop-up Alert: Test Cases/Pop-up alert/Pop-up Alert preview (TC-6)]]></system-out>
      <system-err><![CDATA[]]></system-err>
   </testsuite>
</testsuites>
