<?xml version="1.0" encoding="UTF-8"?>
<testsuites name="Surveys" time="516.429" tests="13" failures="0" errors="0">
   <testsuite name="Surveys" tests="13" failures="0" errors="0" time="516.429" skipped="0" timestamp="2024-02-27 16:30:06" hostname="Home - LAPTOP-E6BU4LL9.Dlink" id="Test Suites/Surveys">
      <properties>
         <property name="deviceName" value=""/>
         <property name="devicePlatform" value=""/>
         <property name="logFolder" value="C:\\Users\\Home\\git\\Katalon\\Reports\\20240227_161115\\Surveys\\20240227_161128"/>
         <property name="logFiles" value="C:\\Users\\Home\\git\\Katalon\\Reports\\20240227_161115\\Surveys\\20240227_161128\\execution0.log"/>
         <property name="attachments" value="C:\\Users\\Home\\git\\Katalon\\Reports\\20240227_161115\\Surveys\\20240227_161128\\1709040642643.png, C:\\Users\\Home\\git\\Katalon\\Reports\\20240227_161115\\Surveys\\20240227_161128\\1709040653560.png, C:\\Users\\Home\\git\\Katalon\\Reports\\20240227_161115\\Surveys\\20240227_161128\\1709040658108.png, C:\\Users\\Home\\git\\Katalon\\Reports\\20240227_161115\\Surveys\\20240227_161128\\1709040724239.png, C:\\Users\\Home\\git\\Katalon\\Reports\\20240227_161115\\Surveys\\20240227_161128\\1709040727025.png, C:\\Users\\Home\\git\\Katalon\\Reports\\20240227_161115\\Surveys\\20240227_161128\\1709040782841.png, C:\\Users\\Home\\git\\Katalon\\Reports\\20240227_161115\\Surveys\\20240227_161128\\1709040793337.png, C:\\Users\\Home\\git\\Katalon\\Reports\\20240227_161115\\Surveys\\20240227_161128\\1709040797160.png, C:\\Users\\Home\\git\\Katalon\\Reports\\20240227_161115\\Surveys\\20240227_161128\\1709040866068.png, C:\\Users\\Home\\git\\Katalon\\Reports\\20240227_161115\\Surveys\\20240227_161128\\1709040868880.png, C:\\Users\\Home\\git\\Katalon\\Reports\\20240227_161115\\Surveys\\20240227_161128\\1709040983408.png, C:\\Users\\Home\\git\\Katalon\\Reports\\20240227_161115\\Surveys\\20240227_161128\\1709041007413.png, C:\\Users\\Home\\git\\Katalon\\Reports\\20240227_161115\\Surveys\\20240227_161128\\1709041101606.png"/>
         <property name="hostName" value="Home - LAPTOP-E6BU4LL9.Dlink"/>
         <property name="os" value="Windows 11 64bit"/>
         <property name="katalonVersion" value="9.0.0.212"/>
         <property name="browser" value="Chrome 121.0.0.0"/>
         <property name="hostAddress" value="192.168.1.100"/>
         <property name="sessionId" value="9a1bf164ad8abbaa102768b054380a61"/>
         <property name="seleniumVersion" value="3.141.59"/>
         <property name="proxyInformation" value="ProxyInformation { proxyOption=NO_PROXY, proxyServerType=HTTP, username=, password=********, proxyServerAddress=, proxyServerPort=0, executionList=&quot;&quot;, isApplyToDesiredCapabilities=true }"/>
         <property name="platform" value="Windows 11"/>
      </properties>
      <testcase name="Test Cases/Login Test Cases/Login with Valid Credentials" time="12.383" classname="Test Cases/Login Test Cases/Login with Valid Credentials" status="PASSED">
         <system-out><![CDATA[2024-02-27 16:30:06 - [TEST_CASE][PASSED] - Test Cases/Login Test Cases/Login with Valid Credentials: Test Cases/Login Test Cases/Login with Valid Credentials

2024-02-27 16:30:07 - [TEST_STEP][PASSED] - openBrowser(""): Browser is opened with url: ''

2024-02-27 16:30:07 - [MESSAGE][INFO] - Starting 'Chrome' driver

2024-02-27 16:30:07 - [MESSAGE][INFO] - Action delay is set to 0 milliseconds

2024-02-27 16:30:08 - [MESSAGE][PASSED] - Browser is opened with url: ''

2024-02-27 16:30:08 - [TEST_STEP][PASSED] - navigateToUrl("https://dadebug.commclouds.com/Demo/admin/auth"): Navigate to 'https://dadebug.commclouds.com/Demo/admin/auth' successfully

2024-02-27 16:30:09 - [MESSAGE][PASSED] - Navigate to 'https://dadebug.commclouds.com/Demo/admin/auth' successfully

2024-02-27 16:30:09 - [TEST_STEP][PASSED] - waitForPageLoad(3): Wait for page load successfully

2024-02-27 16:30:09 - [MESSAGE][PASSED] - Wait for page load successfully

2024-02-27 16:30:09 - [TEST_STEP][PASSED] - maximizeWindow(): Current window maximized

2024-02-27 16:30:10 - [MESSAGE][PASSED] - Current window maximized

2024-02-27 16:30:10 - [TEST_STEP][PASSED] - verifyElementPresent(findTestObject("Login Page/DAlogo"), 2): Object 'Object Repository/Login Page/DAlogo' is present

2024-02-27 16:30:11 - [MESSAGE][PASSED] - Object 'Object Repository/Login Page/DAlogo' is present

2024-02-27 16:30:11 - [TEST_STEP][PASSED] - verifyElementPresent(findTestObject("Login Page/Version number"), 2): Object 'Object Repository/Login Page/Version number' is present

2024-02-27 16:30:11 - [MESSAGE][PASSED] - Object 'Object Repository/Login Page/Version number' is present

2024-02-27 16:30:11 - [TEST_STEP][PASSED] - verifyElementText(findTestObject("Login Page/Version number"), "Version: 11.4.0.1 (stage/11)"): Actual text and expected text of test object 'Object Repository/Login Page/Version number' are matched.

2024-02-27 16:30:11 - [MESSAGE][PASSED] - Actual text and expected text of test object 'Object Repository/Login Page/Version number' are matched.

2024-02-27 16:30:11 - [TEST_STEP][PASSED] - setText(findTestObject("Object Repository/Login Page/Login input field"), "Zoya"): Text 'Zoya' is set on object 'Object Repository/Login Page/Login input field'

2024-02-27 16:30:12 - [MESSAGE][PASSED] - Text 'Zoya' is set on object 'Object Repository/Login Page/Login input field'

2024-02-27 16:30:12 - [TEST_STEP][PASSED] - setEncryptedText(findTestObject("Object Repository/Login Page/Password input field"), "tzH6RvlfSTg="): Text ****** has been set on object 'Object Repository/Login Page/Password input field'

2024-02-27 16:30:12 - [MESSAGE][PASSED] - Text ****** has been set on object 'Object Repository/Login Page/Password input field'

2024-02-27 16:30:12 - [TEST_STEP][PASSED] - click(findTestObject("Object Repository/Login Page/button_Log in")): Object: 'Object Repository/Login Page/button_Log in' is clicked on

2024-02-27 16:30:12 - [MESSAGE][PASSED] - Object: 'Object Repository/Login Page/button_Log in' is clicked on

2024-02-27 16:30:12 - [TEST_STEP][PASSED] - delay(4): Delayed 4 second(s)

2024-02-27 16:30:16 - [MESSAGE][PASSED] - Delayed 4 second(s)

2024-02-27 16:30:16 - [TEST_STEP][PASSED] - verifyElementPresent(findTestObject("Object Repository/Login Page/h1_Dashboard"), 4): Object 'Object Repository/Login Page/h1_Dashboard' is present

2024-02-27 16:30:17 - [MESSAGE][PASSED] - Object 'Object Repository/Login Page/h1_Dashboard' is present]]></system-out>
         <system-err><![CDATA[]]></system-err>
      </testcase>
      <testcase name="Test Cases/Surveys-Quizz-Poll/Send Survey with one question and single choice(TC-25)" time="56.755" classname="Test Cases/Surveys-Quizz-Poll/Send Survey with one question and single choice(TC-25)" status="PASSED">
         <system-out><![CDATA[2024-02-27 16:30:19 - [TEST_CASE][PASSED] - Test Cases/Surveys-Quizz-Poll/Send Survey with one question and single choice(TC-25): Test Cases/Surveys-Quizz-Poll/Send Survey with one question and single choice(TC-25)

2024-02-27 16:30:19 - [TEST_STEP][PASSED] - click(findTestObject("Dashboard Page/Compose alert button expansion")): Object: 'Object Repository/Dashboard Page/Compose alert button expansion' is clicked on

2024-02-27 16:30:19 - [MESSAGE][PASSED] - Object: 'Object Repository/Dashboard Page/Compose alert button expansion' is clicked on

2024-02-27 16:30:19 - [TEST_STEP][PASSED] - click(findTestObject("Dashboard Page/Survey-Quizz-Poll")): Object: 'Object Repository/Dashboard Page/Survey-Quizz-Poll' is clicked on

2024-02-27 16:30:20 - [MESSAGE][PASSED] - Object: 'Object Repository/Dashboard Page/Survey-Quizz-Poll' is clicked on

2024-02-27 16:30:20 - [TEST_STEP][PASSED] - check(findTestObject("Survey/Classic survey radio button")): Object 'Object Repository/Survey/Classic survey radio button' is checked

2024-02-27 16:30:23 - [MESSAGE][PASSED] - Object 'Object Repository/Survey/Classic survey radio button' is checked

2024-02-27 16:30:23 - [TEST_STEP][PASSED] - click(findTestObject("Survey/More btn")): Object: 'Object Repository/Survey/More btn' is clicked on

2024-02-27 16:30:24 - [MESSAGE][PASSED] - Object: 'Object Repository/Survey/More btn' is clicked on

2024-02-27 16:30:24 - [TEST_STEP][PASSED] - callTestCase(findTestCase("Built-in test cases/Choose recipients"), [:], STOP_ON_FAILURE): Call Test Case 'Test Cases/Built-in test cases/Choose recipients' successfully

2024-02-27 16:30:24 - [TEST_CASE][PASSED] - Test Cases/Built-in test cases/Choose recipients: Test Cases/Built-in test cases/Choose recipients

2024-02-27 16:30:24 - [TEST_STEP][PASSED] - click(findTestObject("Create Pop-up Alert Page/Choose recipients modal window/Filter field")): Object: 'Object Repository/Create Pop-up Alert Page/Choose recipients modal window/Filter field' is clicked on

2024-02-27 16:30:24 - [MESSAGE][PASSED] - Object: 'Object Repository/Create Pop-up Alert Page/Choose recipients modal window/Filter field' is clicked on

2024-02-27 16:30:24 - [TEST_STEP][PASSED] - setText(findTestObject("Create Pop-up Alert Page/Choose recipients modal window/Filter field"), "LAPTOP-E6BU4LL9"): Text 'LAPTOP-E6BU4LL9' is set on object 'Object Repository/Create Pop-up Alert Page/Choose recipients modal window/Filter field'

2024-02-27 16:30:26 - [MESSAGE][PASSED] - Text 'LAPTOP-E6BU4LL9' is set on object 'Object Repository/Create Pop-up Alert Page/Choose recipients modal window/Filter field'

2024-02-27 16:30:26 - [TEST_STEP][PASSED] - verifyElementText(findTestObject("Create Pop-up Alert Page/Choose recipients modal window/All user list-filtered"), "LAPTOP-E6BU4LL9 "): Actual text and expected text of test object 'Object Repository/Create Pop-up Alert Page/Choose recipients modal window/All user list-filtered' are matched.

2024-02-27 16:30:27 - [MESSAGE][PASSED] - Actual text and expected text of test object 'Object Repository/Create Pop-up Alert Page/Choose recipients modal window/All user list-filtered' are matched.

2024-02-27 16:30:27 - [TEST_STEP][PASSED] - click(findTestObject("Create Pop-up Alert Page/Choose recipients modal window/filtered user selection")): Object: 'Object Repository/Create Pop-up Alert Page/Choose recipients modal window/filtered user selection' is clicked on

2024-02-27 16:30:27 - [MESSAGE][PASSED] - Object: 'Object Repository/Create Pop-up Alert Page/Choose recipients modal window/filtered user selection' is clicked on

2024-02-27 16:30:27 - [TEST_STEP][PASSED] - click(findTestObject("Create Pop-up Alert Page/Choose recipients modal window/Filter field")): Object: 'Object Repository/Create Pop-up Alert Page/Choose recipients modal window/Filter field' is clicked on

2024-02-27 16:30:28 - [MESSAGE][PASSED] - Object: 'Object Repository/Create Pop-up Alert Page/Choose recipients modal window/Filter field' is clicked on

2024-02-27 16:30:28 - [TEST_STEP][PASSED] - sendKeys(findTestObject("Create Pop-up Alert Page/Choose recipients modal window/Filter field"), Keys.chord(CONTROL, "a", BACK_SPACE)): Keys 'CONTROL + BACK_SPACE + a' sent to object: 'Object Repository/Create Pop-up Alert Page/Choose recipients modal window/Filter field'

2024-02-27 16:30:28 - [MESSAGE][PASSED] - Keys 'CONTROL + BACK_SPACE + a' sent to object: 'Object Repository/Create Pop-up Alert Page/Choose recipients modal window/Filter field'

2024-02-27 16:30:28 - [TEST_STEP][PASSED] - setText(findTestObject("Create Pop-up Alert Page/Choose recipients modal window/Filter field"), "DESKTOP-9UH6GK7"): Text 'DESKTOP-9UH6GK7' is set on object 'Object Repository/Create Pop-up Alert Page/Choose recipients modal window/Filter field'

2024-02-27 16:30:29 - [MESSAGE][PASSED] - Text 'DESKTOP-9UH6GK7' is set on object 'Object Repository/Create Pop-up Alert Page/Choose recipients modal window/Filter field'

2024-02-27 16:30:29 - [TEST_STEP][PASSED] - verifyElementText(findTestObject("Create Pop-up Alert Page/Choose recipients modal window/All user list-filtered"), "DESKTOP-9UH6GK7 "): Actual text and expected text of test object 'Object Repository/Create Pop-up Alert Page/Choose recipients modal window/All user list-filtered' are matched.

2024-02-27 16:30:31 - [MESSAGE][PASSED] - Actual text and expected text of test object 'Object Repository/Create Pop-up Alert Page/Choose recipients modal window/All user list-filtered' are matched.

2024-02-27 16:30:31 - [TEST_STEP][PASSED] - click(findTestObject("Create Pop-up Alert Page/Choose recipients modal window/filtered user selection")): Object: 'Object Repository/Create Pop-up Alert Page/Choose recipients modal window/filtered user selection' is clicked on

2024-02-27 16:30:31 - [MESSAGE][PASSED] - Object: 'Object Repository/Create Pop-up Alert Page/Choose recipients modal window/filtered user selection' is clicked on

2024-02-27 16:30:31 - [TEST_STEP][PASSED] - click(findTestObject("Wallpapers/Done")): Object: 'Object Repository/Wallpapers/Done' is clicked on

2024-02-27 16:30:32 - [MESSAGE][PASSED] - Object: 'Object Repository/Wallpapers/Done' is clicked on

2024-02-27 16:30:32 - [MESSAGE][PASSED] - Call Test Case 'Test Cases/Built-in test cases/Choose recipients' successfully

2024-02-27 16:30:32 - [TEST_STEP][PASSED] - setText(findTestObject("Create Pop-up Alert Page/Alert Title field"), "TC-25"): Text 'TC-25' is set on object 'Object Repository/Create Pop-up Alert Page/Alert Title field'

2024-02-27 16:30:33 - [MESSAGE][PASSED] - Text 'TC-25' is set on object 'Object Repository/Create Pop-up Alert Page/Alert Title field'

2024-02-27 16:30:33 - [TEST_STEP][PASSED] - setText(findTestObject("Survey/Q1 input"), "Are you satisfied with our services?"): Text 'Are you satisfied with our services?' is set on object 'Object Repository/Survey/Q1 input'

2024-02-27 16:30:34 - [MESSAGE][PASSED] - Text 'Are you satisfied with our services?' is set on object 'Object Repository/Survey/Q1 input'

2024-02-27 16:30:34 - [TEST_STEP][PASSED] - setText(findTestObject("Survey/Q1 Answer 1 input field"), "Yes"): Text 'Yes' is set on object 'Object Repository/Survey/Q1 Answer 1 input field'

2024-02-27 16:30:35 - [MESSAGE][PASSED] - Text 'Yes' is set on object 'Object Repository/Survey/Q1 Answer 1 input field'

2024-02-27 16:30:35 - [TEST_STEP][PASSED] - setText(findTestObject("Survey/Q1 answer 2 input field"), "No"): Text 'No' is set on object 'Object Repository/Survey/Q1 answer 2 input field'

2024-02-27 16:30:35 - [MESSAGE][PASSED] - Text 'No' is set on object 'Object Repository/Survey/Q1 answer 2 input field'

2024-02-27 16:30:35 - [TEST_STEP][PASSED] - click(findTestObject("Survey/Add question btn")): Object: 'Object Repository/Survey/Add question btn' is clicked on

2024-02-27 16:30:36 - [MESSAGE][PASSED] - Object: 'Object Repository/Survey/Add question btn' is clicked on

2024-02-27 16:30:36 - [TEST_STEP][PASSED] - click(findTestObject("Survey/Q2 delete btn")): Object: 'Object Repository/Survey/Q2 delete btn' is clicked on

2024-02-27 16:30:36 - [MESSAGE][PASSED] - Object: 'Object Repository/Survey/Q2 delete btn' is clicked on

2024-02-27 16:30:36 - [TEST_STEP][PASSED] - verifyElementNotPresent(findTestObject("Survey/Q2 delete btn"), 2): Web element with id: 'Object Repository/Survey/Q2 delete btn' located by 'By.cssSelector: .create-survey__content__left__questions > div:nth-child(2) .create-survey__content__left__questions__item__questions .create-survey__content__left__questions__item__questions__actions svg:nth-child(2)' is not present after '2' second(s)

2024-02-27 16:30:37 - [MESSAGE][PASSED] - Web element with id: 'Object Repository/Survey/Q2 delete btn' located by 'By.cssSelector: .create-survey__content__left__questions > div:nth-child(2) .create-survey__content__left__questions__item__questions .create-survey__content__left__questions__item__questions__actions svg:nth-child(2)' is not present after '2' second(s)

2024-02-27 16:30:37 - [TEST_STEP][PASSED] - click(findTestObject("Create Pop-up Alert Page/Alerts settings right-hand menu/Skin choice button")): Object: 'Object Repository/Create Pop-up Alert Page/Alerts settings right-hand menu/Skin choice button' is clicked on

2024-02-27 16:30:37 - [MESSAGE][PASSED] - Object: 'Object Repository/Create Pop-up Alert Page/Alerts settings right-hand menu/Skin choice button' is clicked on

2024-02-27 16:30:37 - [TEST_STEP][PASSED] - click(findTestObject("Create Pop-up Alert Page/Alerts settings right-hand menu/Skin with given index")): Object: 'Object Repository/Create Pop-up Alert Page/Alerts settings right-hand menu/Skin with given index' is clicked on

2024-02-27 16:30:38 - [MESSAGE][PASSED] - Object: 'Object Repository/Create Pop-up Alert Page/Alerts settings right-hand menu/Skin with given index' is clicked on

2024-02-27 16:30:38 - [TEST_STEP][PASSED] - sendKeys(findTestObject("Survey/alert width"), Keys.chord(CONTROL, "a", BACK_SPACE)): Keys 'CONTROL + BACK_SPACE + a' sent to object: 'Object Repository/Survey/alert width'

2024-02-27 16:30:38 - [MESSAGE][PASSED] - Keys 'CONTROL + BACK_SPACE + a' sent to object: 'Object Repository/Survey/alert width'

2024-02-27 16:30:38 - [TEST_STEP][PASSED] - setText(findTestObject("Survey/alert width"), "400"): Text '400' is set on object 'Object Repository/Survey/alert width'

2024-02-27 16:30:39 - [MESSAGE][PASSED] - Text '400' is set on object 'Object Repository/Survey/alert width'

2024-02-27 16:30:39 - [TEST_STEP][PASSED] - sendKeys(findTestObject("Survey/alert height"), Keys.chord(CONTROL, "a", BACK_SPACE)): Keys 'CONTROL + BACK_SPACE + a' sent to object: 'Object Repository/Survey/alert height'

2024-02-27 16:30:40 - [MESSAGE][PASSED] - Keys 'CONTROL + BACK_SPACE + a' sent to object: 'Object Repository/Survey/alert height'

2024-02-27 16:30:40 - [TEST_STEP][PASSED] - setText(findTestObject("Survey/alert height"), "500"): Text '500' is set on object 'Object Repository/Survey/alert height'

2024-02-27 16:30:41 - [MESSAGE][PASSED] - Text '500' is set on object 'Object Repository/Survey/alert height'

2024-02-27 16:30:41 - [TEST_STEP][PASSED] - click(findTestObject("Survey/Preview Survey btn")): Object: 'Object Repository/Survey/Preview Survey btn' is clicked on

2024-02-27 16:30:41 - [MESSAGE][PASSED] - Object: 'Object Repository/Survey/Preview Survey btn' is clicked on

2024-02-27 16:30:41 - [TEST_STEP][PASSED] - switchToFrame(findTestObject("Create Pop-up Alert Page/Preview alert iframe"), 2): null

2024-02-27 16:30:42 - [TEST_STEP][PASSED] - takeFullPageScreenshot(): Taking screenshot successfully

2024-02-27 16:30:43 - [MESSAGE][INFO] - 0 hidden object(s)

2024-02-27 16:30:43 - [MESSAGE][PASSED] - Taking screenshot successfully
[[ATTACHMENT|C:\\Users\\Home\\git\\Katalon\\Reports\\20240227_161115\\Surveys\\20240227_161128\\1709040642643.png]]

2024-02-27 16:30:43 - [TEST_STEP][PASSED] - switchToDefaultContent(): null

2024-02-27 16:30:43 - [TEST_STEP][PASSED] - click(findTestObject("Survey/Send btn Survey")): Object: 'Object Repository/Survey/Send btn Survey' is clicked on

2024-02-27 16:30:43 - [MESSAGE][PASSED] - Object: 'Object Repository/Survey/Send btn Survey' is clicked on

2024-02-27 16:30:43 - [TEST_STEP][PASSED] - setText(findTestObject("Pop-up Alerts page/Search by title field"), "TC-25"): Text 'TC-25' is set on object 'Object Repository/Pop-up Alerts page/Search by title field'

2024-02-27 16:30:45 - [MESSAGE][PASSED] - Text 'TC-25' is set on object 'Object Repository/Pop-up Alerts page/Search by title field'

2024-02-27 16:30:45 - [TEST_STEP][PASSED] - verifyElementText(findTestObject("Pop-up Alerts page/Filtered sent alert"), "TC-25"): Actual text and expected text of test object 'Object Repository/Pop-up Alerts page/Filtered sent alert' are matched.

2024-02-27 16:30:46 - [MESSAGE][PASSED] - Actual text and expected text of test object 'Object Repository/Pop-up Alerts page/Filtered sent alert' are matched.

2024-02-27 16:30:46 - [TEST_STEP][PASSED] - callTestCase(findTestCase("Built-in test cases/Actions menu check"), [:], STOP_ON_FAILURE): Call Test Case 'Test Cases/Built-in test cases/Actions menu check' successfully

2024-02-27 16:30:46 - [TEST_CASE][PASSED] - Test Cases/Built-in test cases/Actions menu check: Test Cases/Built-in test cases/Actions menu check

2024-02-27 16:30:46 - [TEST_STEP][PASSED] - click(findTestObject("Survey/3dots Actions")): Object: 'Object Repository/Survey/3dots Actions' is clicked on

2024-02-27 16:30:47 - [MESSAGE][PASSED] - Object: 'Object Repository/Survey/3dots Actions' is clicked on

2024-02-27 16:30:47 - [TEST_STEP][PASSED] - click(findTestObject("Pop-up Alerts page/Stop-Start alert")): Object: 'Object Repository/Pop-up Alerts page/Stop-Start alert' is clicked on

2024-02-27 16:30:48 - [MESSAGE][PASSED] - Object: 'Object Repository/Pop-up Alerts page/Stop-Start alert' is clicked on

2024-02-27 16:30:48 - [TEST_STEP][PASSED] - verifyElementPresent(findTestObject("Pop-up Alerts page/Stopped status"), 2): Object 'Object Repository/Pop-up Alerts page/Stopped status' is present

2024-02-27 16:30:50 - [MESSAGE][PASSED] - Object 'Object Repository/Pop-up Alerts page/Stopped status' is present

2024-02-27 16:30:50 - [TEST_STEP][PASSED] - click(findTestObject("Survey/3dots Actions")): Object: 'Object Repository/Survey/3dots Actions' is clicked on

2024-02-27 16:30:50 - [MESSAGE][PASSED] - Object: 'Object Repository/Survey/3dots Actions' is clicked on

2024-02-27 16:30:50 - [TEST_STEP][PASSED] - click(findTestObject("Pop-up Alerts page/Stop-Start alert")): Object: 'Object Repository/Pop-up Alerts page/Stop-Start alert' is clicked on

2024-02-27 16:30:51 - [MESSAGE][PASSED] - Object: 'Object Repository/Pop-up Alerts page/Stop-Start alert' is clicked on

2024-02-27 16:30:51 - [TEST_STEP][PASSED] - verifyElementPresent(findTestObject("Pop-up Alerts page/Disributing status"), 2): Object 'Object Repository/Pop-up Alerts page/Disributing status' is present

2024-02-27 16:30:52 - [MESSAGE][PASSED] - Object 'Object Repository/Pop-up Alerts page/Disributing status' is present

2024-02-27 16:30:52 - [TEST_STEP][PASSED] - click(findTestObject("Survey/3dots Actions")): Object: 'Object Repository/Survey/3dots Actions' is clicked on

2024-02-27 16:30:52 - [MESSAGE][PASSED] - Object: 'Object Repository/Survey/3dots Actions' is clicked on

2024-02-27 16:30:52 - [TEST_STEP][PASSED] - click(findTestObject("Pop-up Alerts page/View graph")): Object: 'Object Repository/Pop-up Alerts page/View graph' is clicked on

2024-02-27 16:30:53 - [MESSAGE][PASSED] - Object: 'Object Repository/Pop-up Alerts page/View graph' is clicked on

2024-02-27 16:30:53 - [TEST_STEP][PASSED] - takeElementScreenshot(findTestObject("Pop-up Alerts page/View graph image")): Taking screenshot successfully

2024-02-27 16:30:53 - [MESSAGE][WARNING] - Timeout '0' is invalid. Using default page load timeout: '30'

2024-02-27 16:30:55 - [MESSAGE][INFO] - 0 hidden object(s)

2024-02-27 16:30:55 - [MESSAGE][PASSED] - Taking screenshot successfully
[[ATTACHMENT|C:\\Users\\Home\\git\\Katalon\\Reports\\20240227_161115\\Surveys\\20240227_161128\\1709040653560.png]]

2024-02-27 16:30:55 - [TEST_STEP][PASSED] - click(findTestObject("Pop-up Alerts page/view graph close btn")): Object: 'Object Repository/Pop-up Alerts page/view graph close btn' is clicked on

2024-02-27 16:30:55 - [MESSAGE][PASSED] - Object: 'Object Repository/Pop-up Alerts page/view graph close btn' is clicked on

2024-02-27 16:30:55 - [TEST_STEP][PASSED] - click(findTestObject("Survey/3dots Actions")): Object: 'Object Repository/Survey/3dots Actions' is clicked on

2024-02-27 16:30:56 - [MESSAGE][PASSED] - Object: 'Object Repository/Survey/3dots Actions' is clicked on

2024-02-27 16:30:56 - [TEST_STEP][PASSED] - click(findTestObject("Pop-up Alerts page/Preview in actions menu")): Object: 'Object Repository/Pop-up Alerts page/Preview in actions menu' is clicked on

2024-02-27 16:30:57 - [MESSAGE][PASSED] - Object: 'Object Repository/Pop-up Alerts page/Preview in actions menu' is clicked on

2024-02-27 16:30:57 - [TEST_STEP][PASSED] - switchToFrame(findTestObject("Create Pop-up Alert Page/Preview alert iframe"), 2): null

2024-02-27 16:30:58 - [TEST_STEP][PASSED] - takeFullPageScreenshot([]): Taking screenshot successfully

2024-02-27 16:30:58 - [MESSAGE][INFO] - 0 hidden object(s)

2024-02-27 16:30:58 - [MESSAGE][INFO] - 0 hidden object(s)

2024-02-27 16:30:58 - [MESSAGE][PASSED] - Taking screenshot successfully
[[ATTACHMENT|C:\\Users\\Home\\git\\Katalon\\Reports\\20240227_161115\\Surveys\\20240227_161128\\1709040658108.png]]

2024-02-27 16:30:58 - [TEST_STEP][PASSED] - click(findTestObject("Create Pop-up Alert Page/close alert preview")): Object: 'Object Repository/Create Pop-up Alert Page/close alert preview' is clicked on

2024-02-27 16:30:58 - [MESSAGE][PASSED] - Object: 'Object Repository/Create Pop-up Alert Page/close alert preview' is clicked on

2024-02-27 16:30:58 - [TEST_STEP][PASSED] - switchToDefaultContent(): null

2024-02-27 16:30:58 - [TEST_STEP][PASSED] - click(findTestObject("Survey/3dots Actions")): Object: 'Object Repository/Survey/3dots Actions' is clicked on

2024-02-27 16:30:59 - [MESSAGE][PASSED] - Object: 'Object Repository/Survey/3dots Actions' is clicked on

2024-02-27 16:30:59 - [TEST_STEP][PASSED] - click(findTestObject("Pop-up Alerts page/Duplicate alert")): Object: 'Object Repository/Pop-up Alerts page/Duplicate alert' is clicked on

2024-02-27 16:31:00 - [MESSAGE][PASSED] - Object: 'Object Repository/Pop-up Alerts page/Duplicate alert' is clicked on

2024-02-27 16:31:00 - [MESSAGE][PASSED] - Call Test Case 'Test Cases/Built-in test cases/Actions menu check' successfully

2024-02-27 16:31:00 - [TEST_STEP][PASSED] - sendKeys(findTestObject("Create Pop-up Alert Page/Alert Title field"), Keys.chord(CONTROL, "a", BACK_SPACE)): Keys 'CONTROL + BACK_SPACE + a' sent to object: 'Object Repository/Create Pop-up Alert Page/Alert Title field'

2024-02-27 16:31:02 - [MESSAGE][PASSED] - Keys 'CONTROL + BACK_SPACE + a' sent to object: 'Object Repository/Create Pop-up Alert Page/Alert Title field'

2024-02-27 16:31:02 - [TEST_STEP][PASSED] - setText(findTestObject("Create Pop-up Alert Page/Alert Title field"), "Duplicate survey"): Text 'Duplicate survey' is set on object 'Object Repository/Create Pop-up Alert Page/Alert Title field'

2024-02-27 16:31:03 - [MESSAGE][PASSED] - Text 'Duplicate survey' is set on object 'Object Repository/Create Pop-up Alert Page/Alert Title field'

2024-02-27 16:31:03 - [TEST_STEP][PASSED] - click(findTestObject("Survey/Send btn Survey")): Object: 'Object Repository/Survey/Send btn Survey' is clicked on

2024-02-27 16:31:04 - [MESSAGE][PASSED] - Object: 'Object Repository/Survey/Send btn Survey' is clicked on

2024-02-27 16:31:04 - [TEST_STEP][PASSED] - setText(findTestObject("Pop-up Alerts page/Search by title field"), "TC-25"): Text 'TC-25' is set on object 'Object Repository/Pop-up Alerts page/Search by title field'

2024-02-27 16:31:05 - [MESSAGE][PASSED] - Text 'TC-25' is set on object 'Object Repository/Pop-up Alerts page/Search by title field'

2024-02-27 16:31:05 - [TEST_STEP][PASSED] - callTestCase(findTestCase("Built-in test cases/Select all and Delete"), [:], STOP_ON_FAILURE): Call Test Case 'Test Cases/Built-in test cases/Select all and Delete' successfully

2024-02-27 16:31:05 - [TEST_CASE][PASSED] - Test Cases/Built-in test cases/Select all and Delete: Test Cases/Built-in test cases/Select all and Delete

2024-02-27 16:31:05 - [TEST_STEP][PASSED] - verifyElementClickable(findTestObject("Pop-up Alerts page/Select all checkbox")): Object 'Object Repository/Pop-up Alerts page/Select all checkbox' is clickable

2024-02-27 16:31:06 - [MESSAGE][PASSED] - Object 'Object Repository/Pop-up Alerts page/Select all checkbox' is clickable

2024-02-27 16:31:06 - [TEST_STEP][PASSED] - check(findTestObject("Pop-up Alerts page/Select all checkbox")): Object 'Object Repository/Pop-up Alerts page/Select all checkbox' is checked

2024-02-27 16:31:07 - [MESSAGE][PASSED] - Object 'Object Repository/Pop-up Alerts page/Select all checkbox' is checked

2024-02-27 16:31:07 - [TEST_STEP][PASSED] - verifyElementChecked(findTestObject("Pop-up Alerts page/Select all checkbox"), 1): Object 'Object Repository/Pop-up Alerts page/Select all checkbox' is checked

2024-02-27 16:31:07 - [MESSAGE][PASSED] - Object 'Object Repository/Pop-up Alerts page/Select all checkbox' is checked

2024-02-27 16:31:07 - [TEST_STEP][PASSED] - click(findTestObject("Pop-up Alerts page/delete all")): Object: 'Object Repository/Pop-up Alerts page/delete all' is clicked on

2024-02-27 16:31:08 - [MESSAGE][PASSED] - Object: 'Object Repository/Pop-up Alerts page/delete all' is clicked on

2024-02-27 16:31:08 - [TEST_STEP][PASSED] - click(findTestObject("Pop-up Alerts page/Confirm deletion btn")): Object: 'Object Repository/Pop-up Alerts page/Confirm deletion btn' is clicked on

2024-02-27 16:31:09 - [MESSAGE][PASSED] - Object: 'Object Repository/Pop-up Alerts page/Confirm deletion btn' is clicked on

2024-02-27 16:31:09 - [MESSAGE][PASSED] - Call Test Case 'Test Cases/Built-in test cases/Select all and Delete' successfully

2024-02-27 16:31:09 - [TEST_STEP][PASSED] - setText(findTestObject("Pop-up Alerts page/Search by title field"), "Duplicate survey"): Text 'Duplicate survey' is set on object 'Object Repository/Pop-up Alerts page/Search by title field'

2024-02-27 16:31:10 - [MESSAGE][PASSED] - Text 'Duplicate survey' is set on object 'Object Repository/Pop-up Alerts page/Search by title field'

2024-02-27 16:31:10 - [TEST_STEP][PASSED] - waitForElementClickable(findTestObject("Create Pop-up Alert Page/sent alerts checkbox"), 2): Object 'Object Repository/Create Pop-up Alert Page/sent alerts checkbox' is clickable

2024-02-27 16:31:12 - [MESSAGE][PASSED] - Object 'Object Repository/Create Pop-up Alert Page/sent alerts checkbox' is clickable

2024-02-27 16:31:12 - [TEST_STEP][PASSED] - check(findTestObject("Create Pop-up Alert Page/sent alerts checkbox")): Object 'Object Repository/Create Pop-up Alert Page/sent alerts checkbox' is checked

2024-02-27 16:31:12 - [MESSAGE][PASSED] - Object 'Object Repository/Create Pop-up Alert Page/sent alerts checkbox' is checked

2024-02-27 16:31:12 - [TEST_STEP][PASSED] - verifyElementChecked(findTestObject("Create Pop-up Alert Page/sent alerts checkbox"), 2): Object 'Object Repository/Create Pop-up Alert Page/sent alerts checkbox' is checked

2024-02-27 16:31:12 - [MESSAGE][PASSED] - Object 'Object Repository/Create Pop-up Alert Page/sent alerts checkbox' is checked

2024-02-27 16:31:12 - [TEST_STEP][PASSED] - click(findTestObject("Pop-up Alerts page/delete all")): Object: 'Object Repository/Pop-up Alerts page/delete all' is clicked on

2024-02-27 16:31:13 - [MESSAGE][PASSED] - Object: 'Object Repository/Pop-up Alerts page/delete all' is clicked on

2024-02-27 16:31:13 - [TEST_STEP][PASSED] - click(findTestObject("Pop-up Alerts page/Confirm deletion btn")): Object: 'Object Repository/Pop-up Alerts page/Confirm deletion btn' is clicked on

2024-02-27 16:31:14 - [MESSAGE][PASSED] - Object: 'Object Repository/Pop-up Alerts page/Confirm deletion btn' is clicked on]]></system-out>
         <system-err><![CDATA[]]></system-err>
      </testcase>
      <testcase name="Test Cases/Surveys-Quizz-Poll/Send Survey with 2 questions(single and mutiple choice)(TC-26)" time="53.76" classname="Test Cases/Surveys-Quizz-Poll/Send Survey with 2 questions(single and mutiple choice)(TC-26)" status="PASSED">
         <system-out><![CDATA[2024-02-27 16:31:16 - [TEST_CASE][PASSED] - Test Cases/Surveys-Quizz-Poll/Send Survey with 2 questions(single and mutiple choice)(TC-26): Test Cases/Surveys-Quizz-Poll/Send Survey with 2 questions(single and mutiple choice)(TC-26)

2024-02-27 16:31:16 - [TEST_STEP][PASSED] - click(findTestObject("Survey/New Survey btn")): Object: 'Object Repository/Survey/New Survey btn' is clicked on

2024-02-27 16:31:16 - [MESSAGE][PASSED] - Object: 'Object Repository/Survey/New Survey btn' is clicked on

2024-02-27 16:31:16 - [TEST_STEP][PASSED] - check(findTestObject("Survey/Classic survey radio button")): Object 'Object Repository/Survey/Classic survey radio button' is checked

2024-02-27 16:31:19 - [MESSAGE][PASSED] - Object 'Object Repository/Survey/Classic survey radio button' is checked

2024-02-27 16:31:19 - [TEST_STEP][PASSED] - click(findTestObject("Survey/More btn")): Object: 'Object Repository/Survey/More btn' is clicked on

2024-02-27 16:31:19 - [MESSAGE][PASSED] - Object: 'Object Repository/Survey/More btn' is clicked on

2024-02-27 16:31:19 - [TEST_STEP][PASSED] - callTestCase(findTestCase("Built-in test cases/Choose recipients"), [:], STOP_ON_FAILURE): Call Test Case 'Test Cases/Built-in test cases/Choose recipients' successfully

2024-02-27 16:31:19 - [TEST_CASE][PASSED] - Test Cases/Built-in test cases/Choose recipients: Test Cases/Built-in test cases/Choose recipients

2024-02-27 16:31:19 - [TEST_STEP][PASSED] - click(findTestObject("Create Pop-up Alert Page/Choose recipients modal window/Filter field")): Object: 'Object Repository/Create Pop-up Alert Page/Choose recipients modal window/Filter field' is clicked on

2024-02-27 16:31:21 - [MESSAGE][PASSED] - Object: 'Object Repository/Create Pop-up Alert Page/Choose recipients modal window/Filter field' is clicked on

2024-02-27 16:31:21 - [TEST_STEP][PASSED] - setText(findTestObject("Create Pop-up Alert Page/Choose recipients modal window/Filter field"), "LAPTOP-E6BU4LL9"): Text 'LAPTOP-E6BU4LL9' is set on object 'Object Repository/Create Pop-up Alert Page/Choose recipients modal window/Filter field'

2024-02-27 16:31:22 - [MESSAGE][PASSED] - Text 'LAPTOP-E6BU4LL9' is set on object 'Object Repository/Create Pop-up Alert Page/Choose recipients modal window/Filter field'

2024-02-27 16:31:22 - [TEST_STEP][PASSED] - verifyElementText(findTestObject("Create Pop-up Alert Page/Choose recipients modal window/All user list-filtered"), "LAPTOP-E6BU4LL9 "): Actual text and expected text of test object 'Object Repository/Create Pop-up Alert Page/Choose recipients modal window/All user list-filtered' are matched.

2024-02-27 16:31:23 - [MESSAGE][PASSED] - Actual text and expected text of test object 'Object Repository/Create Pop-up Alert Page/Choose recipients modal window/All user list-filtered' are matched.

2024-02-27 16:31:23 - [TEST_STEP][PASSED] - click(findTestObject("Create Pop-up Alert Page/Choose recipients modal window/filtered user selection")): Object: 'Object Repository/Create Pop-up Alert Page/Choose recipients modal window/filtered user selection' is clicked on

2024-02-27 16:31:24 - [MESSAGE][PASSED] - Object: 'Object Repository/Create Pop-up Alert Page/Choose recipients modal window/filtered user selection' is clicked on

2024-02-27 16:31:24 - [TEST_STEP][PASSED] - click(findTestObject("Create Pop-up Alert Page/Choose recipients modal window/Filter field")): Object: 'Object Repository/Create Pop-up Alert Page/Choose recipients modal window/Filter field' is clicked on

2024-02-27 16:31:24 - [MESSAGE][PASSED] - Object: 'Object Repository/Create Pop-up Alert Page/Choose recipients modal window/Filter field' is clicked on

2024-02-27 16:31:24 - [TEST_STEP][PASSED] - sendKeys(findTestObject("Create Pop-up Alert Page/Choose recipients modal window/Filter field"), Keys.chord(CONTROL, "a", BACK_SPACE)): Keys 'CONTROL + BACK_SPACE + a' sent to object: 'Object Repository/Create Pop-up Alert Page/Choose recipients modal window/Filter field'

2024-02-27 16:31:25 - [MESSAGE][PASSED] - Keys 'CONTROL + BACK_SPACE + a' sent to object: 'Object Repository/Create Pop-up Alert Page/Choose recipients modal window/Filter field'

2024-02-27 16:31:25 - [TEST_STEP][PASSED] - setText(findTestObject("Create Pop-up Alert Page/Choose recipients modal window/Filter field"), "DESKTOP-9UH6GK7"): Text 'DESKTOP-9UH6GK7' is set on object 'Object Repository/Create Pop-up Alert Page/Choose recipients modal window/Filter field'

2024-02-27 16:31:25 - [MESSAGE][PASSED] - Text 'DESKTOP-9UH6GK7' is set on object 'Object Repository/Create Pop-up Alert Page/Choose recipients modal window/Filter field'

2024-02-27 16:31:25 - [TEST_STEP][PASSED] - verifyElementText(findTestObject("Create Pop-up Alert Page/Choose recipients modal window/All user list-filtered"), "DESKTOP-9UH6GK7 "): Actual text and expected text of test object 'Object Repository/Create Pop-up Alert Page/Choose recipients modal window/All user list-filtered' are matched.

2024-02-27 16:31:27 - [MESSAGE][PASSED] - Actual text and expected text of test object 'Object Repository/Create Pop-up Alert Page/Choose recipients modal window/All user list-filtered' are matched.

2024-02-27 16:31:27 - [TEST_STEP][PASSED] - click(findTestObject("Create Pop-up Alert Page/Choose recipients modal window/filtered user selection")): Object: 'Object Repository/Create Pop-up Alert Page/Choose recipients modal window/filtered user selection' is clicked on

2024-02-27 16:31:27 - [MESSAGE][PASSED] - Object: 'Object Repository/Create Pop-up Alert Page/Choose recipients modal window/filtered user selection' is clicked on

2024-02-27 16:31:27 - [TEST_STEP][PASSED] - click(findTestObject("Wallpapers/Done")): Object: 'Object Repository/Wallpapers/Done' is clicked on

2024-02-27 16:31:28 - [MESSAGE][PASSED] - Object: 'Object Repository/Wallpapers/Done' is clicked on

2024-02-27 16:31:28 - [MESSAGE][PASSED] - Call Test Case 'Test Cases/Built-in test cases/Choose recipients' successfully

2024-02-27 16:31:28 - [TEST_STEP][PASSED] - setText(findTestObject("Create Pop-up Alert Page/Alert Title field"), "TC-26"): Text 'TC-26' is set on object 'Object Repository/Create Pop-up Alert Page/Alert Title field'

2024-02-27 16:31:29 - [MESSAGE][PASSED] - Text 'TC-26' is set on object 'Object Repository/Create Pop-up Alert Page/Alert Title field'

2024-02-27 16:31:29 - [TEST_STEP][PASSED] - setText(findTestObject("Survey/Q1 input"), "Are you satisfied with our services?"): Text 'Are you satisfied with our services?' is set on object 'Object Repository/Survey/Q1 input'

2024-02-27 16:31:30 - [MESSAGE][PASSED] - Text 'Are you satisfied with our services?' is set on object 'Object Repository/Survey/Q1 input'

2024-02-27 16:31:30 - [TEST_STEP][PASSED] - setText(findTestObject("Survey/Q1 Answer 1 input field"), "Yes"): Text 'Yes' is set on object 'Object Repository/Survey/Q1 Answer 1 input field'

2024-02-27 16:31:31 - [MESSAGE][PASSED] - Text 'Yes' is set on object 'Object Repository/Survey/Q1 Answer 1 input field'

2024-02-27 16:31:31 - [TEST_STEP][PASSED] - setText(findTestObject("Survey/Q1 answer 2 input field"), "No"): Text 'No' is set on object 'Object Repository/Survey/Q1 answer 2 input field'

2024-02-27 16:31:31 - [MESSAGE][PASSED] - Text 'No' is set on object 'Object Repository/Survey/Q1 answer 2 input field'

2024-02-27 16:31:31 - [TEST_STEP][PASSED] - click(findTestObject("Survey/Add question btn")): Object: 'Object Repository/Survey/Add question btn' is clicked on

2024-02-27 16:31:32 - [MESSAGE][PASSED] - Object: 'Object Repository/Survey/Add question btn' is clicked on

2024-02-27 16:31:32 - [TEST_STEP][PASSED] - setText(findTestObject("Survey/Q2 input"), "Where do you think we can improve our services?"): Text 'Where do you think we can improve our services?' is set on object 'Object Repository/Survey/Q2 input'

2024-02-27 16:31:34 - [MESSAGE][PASSED] - Text 'Where do you think we can improve our services?' is set on object 'Object Repository/Survey/Q2 input'

2024-02-27 16:31:34 - [TEST_STEP][PASSED] - click(findTestObject("Survey/choice options")): Object: 'Object Repository/Survey/choice options' is clicked on

2024-02-27 16:31:34 - [MESSAGE][PASSED] - Object: 'Object Repository/Survey/choice options' is clicked on

2024-02-27 16:31:34 - [TEST_STEP][PASSED] - click(findTestObject("Survey/Multiple choice")): Object: 'Object Repository/Survey/Multiple choice' is clicked on

2024-02-27 16:31:35 - [MESSAGE][PASSED] - Object: 'Object Repository/Survey/Multiple choice' is clicked on

2024-02-27 16:31:35 - [TEST_STEP][PASSED] - setText(findTestObject("Survey/Q2 answer 1 input field"), "Product Quality"): Text 'Product Quality' is set on object 'Object Repository/Survey/Q2 answer 1 input field'

2024-02-27 16:31:36 - [MESSAGE][PASSED] - Text 'Product Quality' is set on object 'Object Repository/Survey/Q2 answer 1 input field'

2024-02-27 16:31:36 - [TEST_STEP][PASSED] - setText(findTestObject("Survey/Q2 answer 2 input field"), "HotFix Delivery"): Text 'HotFix Delivery' is set on object 'Object Repository/Survey/Q2 answer 2 input field'

2024-02-27 16:31:37 - [MESSAGE][PASSED] - Text 'HotFix Delivery' is set on object 'Object Repository/Survey/Q2 answer 2 input field'

2024-02-27 16:31:37 - [TEST_STEP][PASSED] - click(findTestObject("Survey/Add option")): Object: 'Object Repository/Survey/Add option' is clicked on

2024-02-27 16:31:37 - [MESSAGE][PASSED] - Object: 'Object Repository/Survey/Add option' is clicked on

2024-02-27 16:31:37 - [TEST_STEP][PASSED] - setText(findTestObject("Survey/Q2 answer 3 input field"), "Response Time"): Text 'Response Time' is set on object 'Object Repository/Survey/Q2 answer 3 input field'

2024-02-27 16:31:38 - [MESSAGE][PASSED] - Text 'Response Time' is set on object 'Object Repository/Survey/Q2 answer 3 input field'

2024-02-27 16:31:38 - [TEST_STEP][PASSED] - scrollToElement(findTestObject("Survey/Send btn Survey"), 2): Scroll to object 'Object Repository/Survey/Send btn Survey' successfully

2024-02-27 16:31:38 - [MESSAGE][PASSED] - Scroll to object 'Object Repository/Survey/Send btn Survey' successfully

2024-02-27 16:31:38 - [TEST_STEP][PASSED] - click(findTestObject("Survey/Send btn Survey")): Object: 'Object Repository/Survey/Send btn Survey' is clicked on

2024-02-27 16:31:39 - [MESSAGE][PASSED] - Object: 'Object Repository/Survey/Send btn Survey' is clicked on

2024-02-27 16:31:39 - [TEST_STEP][PASSED] - setText(findTestObject("Pop-up Alerts page/Search by title field"), "TC-26"): Text 'TC-26' is set on object 'Object Repository/Pop-up Alerts page/Search by title field'

2024-02-27 16:31:40 - [MESSAGE][PASSED] - Text 'TC-26' is set on object 'Object Repository/Pop-up Alerts page/Search by title field'

2024-02-27 16:31:40 - [TEST_STEP][PASSED] - verifyElementText(findTestObject("Pop-up Alerts page/Filtered sent alert"), "TC-26"): Actual text and expected text of test object 'Object Repository/Pop-up Alerts page/Filtered sent alert' are matched.

2024-02-27 16:31:41 - [MESSAGE][PASSED] - Actual text and expected text of test object 'Object Repository/Pop-up Alerts page/Filtered sent alert' are matched.

2024-02-27 16:31:41 - [TEST_STEP][PASSED] - delay(20): Delayed 20 second(s)

2024-02-27 16:32:01 - [MESSAGE][PASSED] - Delayed 20 second(s)

2024-02-27 16:32:01 - [TEST_STEP][PASSED] - click(findTestObject("Survey/3dots Actions")): Object: 'Object Repository/Survey/3dots Actions' is clicked on

2024-02-27 16:32:01 - [MESSAGE][PASSED] - Object: 'Object Repository/Survey/3dots Actions' is clicked on

2024-02-27 16:32:01 - [TEST_STEP][PASSED] - click(findTestObject("Pop-up Alerts page/View graph")): Object: 'Object Repository/Pop-up Alerts page/View graph' is clicked on

2024-02-27 16:32:02 - [MESSAGE][PASSED] - Object: 'Object Repository/Pop-up Alerts page/View graph' is clicked on

2024-02-27 16:32:02 - [TEST_STEP][PASSED] - delay(2): Delayed 2 second(s)

2024-02-27 16:32:04 - [MESSAGE][PASSED] - Delayed 2 second(s)

2024-02-27 16:32:04 - [TEST_STEP][PASSED] - takeFullPageScreenshot(): Taking screenshot successfully

2024-02-27 16:32:04 - [MESSAGE][INFO] - 0 hidden object(s)

2024-02-27 16:32:04 - [MESSAGE][PASSED] - Taking screenshot successfully
[[ATTACHMENT|C:\\Users\\Home\\git\\Katalon\\Reports\\20240227_161115\\Surveys\\20240227_161128\\1709040724239.png]]

2024-02-27 16:32:04 - [TEST_STEP][PASSED] - click(findTestObject("Pop-up Alerts page/view graph 2nd page")): Object: 'Object Repository/Pop-up Alerts page/view graph 2nd page' is clicked on

2024-02-27 16:32:05 - [MESSAGE][PASSED] - Object: 'Object Repository/Pop-up Alerts page/view graph 2nd page' is clicked on

2024-02-27 16:32:05 - [TEST_STEP][PASSED] - delay(2): Delayed 2 second(s)

2024-02-27 16:32:07 - [MESSAGE][PASSED] - Delayed 2 second(s)

2024-02-27 16:32:07 - [TEST_STEP][PASSED] - takeFullPageScreenshot(): Taking screenshot successfully

2024-02-27 16:32:07 - [MESSAGE][INFO] - 0 hidden object(s)

2024-02-27 16:32:07 - [MESSAGE][PASSED] - Taking screenshot successfully
[[ATTACHMENT|C:\\Users\\Home\\git\\Katalon\\Reports\\20240227_161115\\Surveys\\20240227_161128\\1709040727025.png]]

2024-02-27 16:32:07 - [TEST_STEP][PASSED] - click(findTestObject("Pop-up Alerts page/view graph close btn")): Object: 'Object Repository/Pop-up Alerts page/view graph close btn' is clicked on

2024-02-27 16:32:07 - [MESSAGE][PASSED] - Object: 'Object Repository/Pop-up Alerts page/view graph close btn' is clicked on]]></system-out>
         <system-err><![CDATA[]]></system-err>
      </testcase>
      <testcase name="Test Cases/Surveys-Quizz-Poll/Send Survey with intermediary step (TC-27)" time="30.455" classname="Test Cases/Surveys-Quizz-Poll/Send Survey with intermediary step (TC-27)" status="PASSED">
         <system-out><![CDATA[2024-02-27 16:32:09 - [TEST_CASE][PASSED] - Test Cases/Surveys-Quizz-Poll/Send Survey with intermediary step (TC-27): Test Cases/Surveys-Quizz-Poll/Send Survey with intermediary step (TC-27)

2024-02-27 16:32:09 - [TEST_STEP][PASSED] - click(findTestObject("Dashboard Page/Compose alert button expansion")): Object: 'Object Repository/Dashboard Page/Compose alert button expansion' is clicked on

2024-02-27 16:32:10 - [MESSAGE][PASSED] - Object: 'Object Repository/Dashboard Page/Compose alert button expansion' is clicked on

2024-02-27 16:32:10 - [TEST_STEP][PASSED] - click(findTestObject("Dashboard Page/Survey-Quizz-Poll")): Object: 'Object Repository/Dashboard Page/Survey-Quizz-Poll' is clicked on

2024-02-27 16:32:10 - [MESSAGE][PASSED] - Object: 'Object Repository/Dashboard Page/Survey-Quizz-Poll' is clicked on

2024-02-27 16:32:10 - [TEST_STEP][PASSED] - check(findTestObject("Survey/Classic survey radio button")): Object 'Object Repository/Survey/Classic survey radio button' is checked

2024-02-27 16:32:13 - [MESSAGE][PASSED] - Object 'Object Repository/Survey/Classic survey radio button' is checked

2024-02-27 16:32:13 - [TEST_STEP][PASSED] - click(findTestObject("Survey/More btn")): Object: 'Object Repository/Survey/More btn' is clicked on

2024-02-27 16:32:14 - [MESSAGE][PASSED] - Object: 'Object Repository/Survey/More btn' is clicked on

2024-02-27 16:32:14 - [TEST_STEP][PASSED] - callTestCase(findTestCase("Built-in test cases/Choose recipients"), [:], STOP_ON_FAILURE): Call Test Case 'Test Cases/Built-in test cases/Choose recipients' successfully

2024-02-27 16:32:14 - [TEST_CASE][PASSED] - Test Cases/Built-in test cases/Choose recipients: Test Cases/Built-in test cases/Choose recipients

2024-02-27 16:32:14 - [TEST_STEP][PASSED] - click(findTestObject("Create Pop-up Alert Page/Choose recipients modal window/Filter field")): Object: 'Object Repository/Create Pop-up Alert Page/Choose recipients modal window/Filter field' is clicked on

2024-02-27 16:32:14 - [MESSAGE][PASSED] - Object: 'Object Repository/Create Pop-up Alert Page/Choose recipients modal window/Filter field' is clicked on

2024-02-27 16:32:14 - [TEST_STEP][PASSED] - setText(findTestObject("Create Pop-up Alert Page/Choose recipients modal window/Filter field"), "LAPTOP-E6BU4LL9"): Text 'LAPTOP-E6BU4LL9' is set on object 'Object Repository/Create Pop-up Alert Page/Choose recipients modal window/Filter field'

2024-02-27 16:32:16 - [MESSAGE][PASSED] - Text 'LAPTOP-E6BU4LL9' is set on object 'Object Repository/Create Pop-up Alert Page/Choose recipients modal window/Filter field'

2024-02-27 16:32:16 - [TEST_STEP][PASSED] - verifyElementText(findTestObject("Create Pop-up Alert Page/Choose recipients modal window/All user list-filtered"), "LAPTOP-E6BU4LL9 "): Actual text and expected text of test object 'Object Repository/Create Pop-up Alert Page/Choose recipients modal window/All user list-filtered' are matched.

2024-02-27 16:32:17 - [MESSAGE][PASSED] - Actual text and expected text of test object 'Object Repository/Create Pop-up Alert Page/Choose recipients modal window/All user list-filtered' are matched.

2024-02-27 16:32:17 - [TEST_STEP][PASSED] - click(findTestObject("Create Pop-up Alert Page/Choose recipients modal window/filtered user selection")): Object: 'Object Repository/Create Pop-up Alert Page/Choose recipients modal window/filtered user selection' is clicked on

2024-02-27 16:32:18 - [MESSAGE][PASSED] - Object: 'Object Repository/Create Pop-up Alert Page/Choose recipients modal window/filtered user selection' is clicked on

2024-02-27 16:32:18 - [TEST_STEP][PASSED] - click(findTestObject("Create Pop-up Alert Page/Choose recipients modal window/Filter field")): Object: 'Object Repository/Create Pop-up Alert Page/Choose recipients modal window/Filter field' is clicked on

2024-02-27 16:32:18 - [MESSAGE][PASSED] - Object: 'Object Repository/Create Pop-up Alert Page/Choose recipients modal window/Filter field' is clicked on

2024-02-27 16:32:18 - [TEST_STEP][PASSED] - sendKeys(findTestObject("Create Pop-up Alert Page/Choose recipients modal window/Filter field"), Keys.chord(CONTROL, "a", BACK_SPACE)): Keys 'CONTROL + BACK_SPACE + a' sent to object: 'Object Repository/Create Pop-up Alert Page/Choose recipients modal window/Filter field'

2024-02-27 16:32:18 - [MESSAGE][PASSED] - Keys 'CONTROL + BACK_SPACE + a' sent to object: 'Object Repository/Create Pop-up Alert Page/Choose recipients modal window/Filter field'

2024-02-27 16:32:18 - [TEST_STEP][PASSED] - setText(findTestObject("Create Pop-up Alert Page/Choose recipients modal window/Filter field"), "DESKTOP-9UH6GK7"): Text 'DESKTOP-9UH6GK7' is set on object 'Object Repository/Create Pop-up Alert Page/Choose recipients modal window/Filter field'

2024-02-27 16:32:19 - [MESSAGE][PASSED] - Text 'DESKTOP-9UH6GK7' is set on object 'Object Repository/Create Pop-up Alert Page/Choose recipients modal window/Filter field'

2024-02-27 16:32:19 - [TEST_STEP][PASSED] - verifyElementText(findTestObject("Create Pop-up Alert Page/Choose recipients modal window/All user list-filtered"), "DESKTOP-9UH6GK7 "): Actual text and expected text of test object 'Object Repository/Create Pop-up Alert Page/Choose recipients modal window/All user list-filtered' are matched.

2024-02-27 16:32:21 - [MESSAGE][PASSED] - Actual text and expected text of test object 'Object Repository/Create Pop-up Alert Page/Choose recipients modal window/All user list-filtered' are matched.

2024-02-27 16:32:21 - [TEST_STEP][PASSED] - click(findTestObject("Create Pop-up Alert Page/Choose recipients modal window/filtered user selection")): Object: 'Object Repository/Create Pop-up Alert Page/Choose recipients modal window/filtered user selection' is clicked on

2024-02-27 16:32:21 - [MESSAGE][PASSED] - Object: 'Object Repository/Create Pop-up Alert Page/Choose recipients modal window/filtered user selection' is clicked on

2024-02-27 16:32:21 - [TEST_STEP][PASSED] - click(findTestObject("Wallpapers/Done")): Object: 'Object Repository/Wallpapers/Done' is clicked on

2024-02-27 16:32:22 - [MESSAGE][PASSED] - Object: 'Object Repository/Wallpapers/Done' is clicked on

2024-02-27 16:32:22 - [MESSAGE][PASSED] - Call Test Case 'Test Cases/Built-in test cases/Choose recipients' successfully

2024-02-27 16:32:22 - [TEST_STEP][PASSED] - setText(findTestObject("Create Pop-up Alert Page/Alert Title field"), "TC-27"): Text 'TC-27' is set on object 'Object Repository/Create Pop-up Alert Page/Alert Title field'

2024-02-27 16:32:23 - [MESSAGE][PASSED] - Text 'TC-27' is set on object 'Object Repository/Create Pop-up Alert Page/Alert Title field'

2024-02-27 16:32:23 - [TEST_STEP][PASSED] - setText(findTestObject("Survey/Q1 input"), "Are you satisfied with our services?"): Text 'Are you satisfied with our services?' is set on object 'Object Repository/Survey/Q1 input'

2024-02-27 16:32:24 - [MESSAGE][PASSED] - Text 'Are you satisfied with our services?' is set on object 'Object Repository/Survey/Q1 input'

2024-02-27 16:32:24 - [TEST_STEP][PASSED] - setText(findTestObject("Survey/Q1 Answer 1 input field"), "Yes"): Text 'Yes' is set on object 'Object Repository/Survey/Q1 Answer 1 input field'

2024-02-27 16:32:25 - [MESSAGE][PASSED] - Text 'Yes' is set on object 'Object Repository/Survey/Q1 Answer 1 input field'

2024-02-27 16:32:25 - [TEST_STEP][PASSED] - setText(findTestObject("Survey/Q1 answer 2 input field"), "No"): Text 'No' is set on object 'Object Repository/Survey/Q1 answer 2 input field'

2024-02-27 16:32:25 - [MESSAGE][PASSED] - Text 'No' is set on object 'Object Repository/Survey/Q1 answer 2 input field'

2024-02-27 16:32:25 - [TEST_STEP][PASSED] - click(findTestObject("Survey/Add question btn")): Object: 'Object Repository/Survey/Add question btn' is clicked on

2024-02-27 16:32:26 - [MESSAGE][PASSED] - Object: 'Object Repository/Survey/Add question btn' is clicked on

2024-02-27 16:32:26 - [TEST_STEP][PASSED] - setText(findTestObject("Survey/Q2 input"), "Where do you think we can improve our services?"): Text 'Where do you think we can improve our services?' is set on object 'Object Repository/Survey/Q2 input'

2024-02-27 16:32:27 - [MESSAGE][PASSED] - Text 'Where do you think we can improve our services?' is set on object 'Object Repository/Survey/Q2 input'

2024-02-27 16:32:27 - [TEST_STEP][PASSED] - click(findTestObject("Survey/choice options")): Object: 'Object Repository/Survey/choice options' is clicked on

2024-02-27 16:32:28 - [MESSAGE][PASSED] - Object: 'Object Repository/Survey/choice options' is clicked on

2024-02-27 16:32:28 - [TEST_STEP][PASSED] - click(findTestObject("Survey/Multiple choice")): Object: 'Object Repository/Survey/Multiple choice' is clicked on

2024-02-27 16:32:28 - [MESSAGE][PASSED] - Object: 'Object Repository/Survey/Multiple choice' is clicked on

2024-02-27 16:32:28 - [TEST_STEP][PASSED] - setText(findTestObject("Survey/Q2 answer 1 input field"), "Product Quality"): Text 'Product Quality' is set on object 'Object Repository/Survey/Q2 answer 1 input field'

2024-02-27 16:32:30 - [MESSAGE][PASSED] - Text 'Product Quality' is set on object 'Object Repository/Survey/Q2 answer 1 input field'

2024-02-27 16:32:30 - [TEST_STEP][PASSED] - setText(findTestObject("Survey/Q2 answer 2 input field"), "HotFix Delivery"): Text 'HotFix Delivery' is set on object 'Object Repository/Survey/Q2 answer 2 input field'

2024-02-27 16:32:30 - [MESSAGE][PASSED] - Text 'HotFix Delivery' is set on object 'Object Repository/Survey/Q2 answer 2 input field'

2024-02-27 16:32:30 - [TEST_STEP][PASSED] - click(findTestObject("Survey/Add option")): Object: 'Object Repository/Survey/Add option' is clicked on

2024-02-27 16:32:31 - [MESSAGE][PASSED] - Object: 'Object Repository/Survey/Add option' is clicked on

2024-02-27 16:32:31 - [TEST_STEP][PASSED] - setText(findTestObject("Survey/Q2 answer 3 input field"), "Response Time"): Text 'Response Time' is set on object 'Object Repository/Survey/Q2 answer 3 input field'

2024-02-27 16:32:32 - [MESSAGE][PASSED] - Text 'Response Time' is set on object 'Object Repository/Survey/Q2 answer 3 input field'

2024-02-27 16:32:32 - [TEST_STEP][PASSED] - click(findTestObject("Survey/Add intermediary step btn")): Object: 'Object Repository/Survey/Add intermediary step btn' is clicked on

2024-02-27 16:32:32 - [MESSAGE][PASSED] - Object: 'Object Repository/Survey/Add intermediary step btn' is clicked on

2024-02-27 16:32:32 - [TEST_STEP][PASSED] - scrollToElement(findTestObject("Survey/Q3 intermediary step input"), 2): Scroll to object 'Object Repository/Survey/Q3 intermediary step input' successfully

2024-02-27 16:32:33 - [MESSAGE][PASSED] - Scroll to object 'Object Repository/Survey/Q3 intermediary step input' successfully

2024-02-27 16:32:33 - [TEST_STEP][PASSED] - setText(findTestObject("Survey/Q3 intermediary step input"), "Improvement"): Text 'Improvement' is set on object 'Object Repository/Survey/Q3 intermediary step input'

2024-02-27 16:32:34 - [MESSAGE][PASSED] - Text 'Improvement' is set on object 'Object Repository/Survey/Q3 intermediary step input'

2024-02-27 16:32:34 - [TEST_STEP][PASSED] - setText(findTestObject("Survey/Q3 intermediary input description"), "Please help us to improve our services"): Text 'Please help us to improve our services' is set on object 'Object Repository/Survey/Q3 intermediary input description'

2024-02-27 16:32:35 - [MESSAGE][PASSED] - Text 'Please help us to improve our services' is set on object 'Object Repository/Survey/Q3 intermediary input description'

2024-02-27 16:32:35 - [TEST_STEP][PASSED] - scrollToElement(findTestObject("Survey/Send btn Survey"), 2): Scroll to object 'Object Repository/Survey/Send btn Survey' successfully

2024-02-27 16:32:35 - [MESSAGE][PASSED] - Scroll to object 'Object Repository/Survey/Send btn Survey' successfully

2024-02-27 16:32:35 - [TEST_STEP][PASSED] - click(findTestObject("Survey/Send btn Survey")): Object: 'Object Repository/Survey/Send btn Survey' is clicked on

2024-02-27 16:32:36 - [MESSAGE][PASSED] - Object: 'Object Repository/Survey/Send btn Survey' is clicked on

2024-02-27 16:32:36 - [TEST_STEP][PASSED] - setText(findTestObject("Pop-up Alerts page/Search by title field"), "TC-27"): Text 'TC-27' is set on object 'Object Repository/Pop-up Alerts page/Search by title field'

2024-02-27 16:32:37 - [MESSAGE][PASSED] - Text 'TC-27' is set on object 'Object Repository/Pop-up Alerts page/Search by title field'

2024-02-27 16:32:37 - [TEST_STEP][PASSED] - verifyElementText(findTestObject("Pop-up Alerts page/Filtered sent alert"), "TC-27"): Actual text and expected text of test object 'Object Repository/Pop-up Alerts page/Filtered sent alert' are matched.

2024-02-27 16:32:38 - [MESSAGE][PASSED] - Actual text and expected text of test object 'Object Repository/Pop-up Alerts page/Filtered sent alert' are matched.

2024-02-27 16:32:38 - [TEST_STEP][NOT_RUN] - delay(20): NOT_RUN: delay(20)

2024-02-27 16:32:38 - [MESSAGE][NOT_RUN] - NOT_RUN: delay(20)

2024-02-27 16:32:38 - [TEST_STEP][NOT_RUN] - click(findTestObject("Survey/3dots Actions")): NOT_RUN: click(findTestObject("Survey/3dots Actions"))

2024-02-27 16:32:38 - [MESSAGE][NOT_RUN] - NOT_RUN: click(findTestObject("Survey/3dots Actions"))

2024-02-27 16:32:38 - [TEST_STEP][NOT_RUN] - click(findTestObject("Pop-up Alerts page/View graph")): NOT_RUN: click(findTestObject("Pop-up Alerts page/View graph"))

2024-02-27 16:32:38 - [MESSAGE][NOT_RUN] - NOT_RUN: click(findTestObject("Pop-up Alerts page/View graph"))

2024-02-27 16:32:38 - [TEST_STEP][NOT_RUN] - delay(2): NOT_RUN: delay(2)

2024-02-27 16:32:38 - [MESSAGE][NOT_RUN] - NOT_RUN: delay(2)

2024-02-27 16:32:38 - [TEST_STEP][NOT_RUN] - takeFullPageScreenshot(): NOT_RUN: takeFullPageScreenshot()

2024-02-27 16:32:38 - [MESSAGE][NOT_RUN] - NOT_RUN: takeFullPageScreenshot()

2024-02-27 16:32:38 - [TEST_STEP][NOT_RUN] - click(findTestObject("Pop-up Alerts page/view graph 2nd page")): NOT_RUN: click(findTestObject("Pop-up Alerts page/view graph 2nd page"))

2024-02-27 16:32:38 - [MESSAGE][NOT_RUN] - NOT_RUN: click(findTestObject("Pop-up Alerts page/view graph 2nd page"))

2024-02-27 16:32:38 - [TEST_STEP][NOT_RUN] - delay(2): NOT_RUN: delay(2)

2024-02-27 16:32:38 - [MESSAGE][NOT_RUN] - NOT_RUN: delay(2)

2024-02-27 16:32:38 - [TEST_STEP][NOT_RUN] - takeFullPageScreenshot(): NOT_RUN: takeFullPageScreenshot()

2024-02-27 16:32:38 - [MESSAGE][NOT_RUN] - NOT_RUN: takeFullPageScreenshot()

2024-02-27 16:32:38 - [TEST_STEP][NOT_RUN] - click(findTestObject("Pop-up Alerts page/view graph close btn")): NOT_RUN: click(findTestObject("Pop-up Alerts page/view graph close btn"))

2024-02-27 16:32:38 - [MESSAGE][NOT_RUN] - NOT_RUN: click(findTestObject("Pop-up Alerts page/view graph close btn"))]]></system-out>
         <system-err><![CDATA[]]></system-err>
      </testcase>
      <testcase name="Test Cases/Surveys-Quizz-Poll/Send Quizz with 1question and single choice(TC-28)" time="55.81" classname="Test Cases/Surveys-Quizz-Poll/Send Quizz with 1question and single choice(TC-28)" status="PASSED">
         <system-out><![CDATA[2024-02-27 16:32:40 - [TEST_CASE][PASSED] - Test Cases/Surveys-Quizz-Poll/Send Quizz with 1question and single choice(TC-28): Test Cases/Surveys-Quizz-Poll/Send Quizz with 1question and single choice(TC-28)

2024-02-27 16:32:40 - [TEST_STEP][PASSED] - click(findTestObject("Survey/New Survey btn")): Object: 'Object Repository/Survey/New Survey btn' is clicked on

2024-02-27 16:32:40 - [MESSAGE][PASSED] - Object: 'Object Repository/Survey/New Survey btn' is clicked on

2024-02-27 16:32:40 - [TEST_STEP][PASSED] - check(findTestObject("Survey/Quizz radio btn")): Object 'Object Repository/Survey/Quizz radio btn' is checked

2024-02-27 16:32:43 - [MESSAGE][PASSED] - Object 'Object Repository/Survey/Quizz radio btn' is checked

2024-02-27 16:32:43 - [TEST_STEP][PASSED] - verifyElementChecked(findTestObject("Survey/Quizz radio btn"), 1): Object 'Object Repository/Survey/Quizz radio btn' is checked

2024-02-27 16:32:44 - [MESSAGE][PASSED] - Object 'Object Repository/Survey/Quizz radio btn' is checked

2024-02-27 16:32:44 - [TEST_STEP][PASSED] - click(findTestObject("Survey/More btn")): Object: 'Object Repository/Survey/More btn' is clicked on

2024-02-27 16:32:44 - [MESSAGE][PASSED] - Object: 'Object Repository/Survey/More btn' is clicked on

2024-02-27 16:32:44 - [TEST_STEP][PASSED] - callTestCase(findTestCase("Built-in test cases/Choose recipients"), [:], STOP_ON_FAILURE): Call Test Case 'Test Cases/Built-in test cases/Choose recipients' successfully

2024-02-27 16:32:44 - [TEST_CASE][PASSED] - Test Cases/Built-in test cases/Choose recipients: Test Cases/Built-in test cases/Choose recipients

2024-02-27 16:32:44 - [TEST_STEP][PASSED] - click(findTestObject("Create Pop-up Alert Page/Choose recipients modal window/Filter field")): Object: 'Object Repository/Create Pop-up Alert Page/Choose recipients modal window/Filter field' is clicked on

2024-02-27 16:32:45 - [MESSAGE][PASSED] - Object: 'Object Repository/Create Pop-up Alert Page/Choose recipients modal window/Filter field' is clicked on

2024-02-27 16:32:45 - [TEST_STEP][PASSED] - setText(findTestObject("Create Pop-up Alert Page/Choose recipients modal window/Filter field"), "LAPTOP-E6BU4LL9"): Text 'LAPTOP-E6BU4LL9' is set on object 'Object Repository/Create Pop-up Alert Page/Choose recipients modal window/Filter field'

2024-02-27 16:32:46 - [MESSAGE][PASSED] - Text 'LAPTOP-E6BU4LL9' is set on object 'Object Repository/Create Pop-up Alert Page/Choose recipients modal window/Filter field'

2024-02-27 16:32:46 - [TEST_STEP][PASSED] - verifyElementText(findTestObject("Create Pop-up Alert Page/Choose recipients modal window/All user list-filtered"), "LAPTOP-E6BU4LL9 "): Actual text and expected text of test object 'Object Repository/Create Pop-up Alert Page/Choose recipients modal window/All user list-filtered' are matched.

2024-02-27 16:32:47 - [MESSAGE][PASSED] - Actual text and expected text of test object 'Object Repository/Create Pop-up Alert Page/Choose recipients modal window/All user list-filtered' are matched.

2024-02-27 16:32:47 - [TEST_STEP][PASSED] - click(findTestObject("Create Pop-up Alert Page/Choose recipients modal window/filtered user selection")): Object: 'Object Repository/Create Pop-up Alert Page/Choose recipients modal window/filtered user selection' is clicked on

2024-02-27 16:32:48 - [MESSAGE][PASSED] - Object: 'Object Repository/Create Pop-up Alert Page/Choose recipients modal window/filtered user selection' is clicked on

2024-02-27 16:32:48 - [TEST_STEP][PASSED] - click(findTestObject("Create Pop-up Alert Page/Choose recipients modal window/Filter field")): Object: 'Object Repository/Create Pop-up Alert Page/Choose recipients modal window/Filter field' is clicked on

2024-02-27 16:32:48 - [MESSAGE][PASSED] - Object: 'Object Repository/Create Pop-up Alert Page/Choose recipients modal window/Filter field' is clicked on

2024-02-27 16:32:48 - [TEST_STEP][PASSED] - sendKeys(findTestObject("Create Pop-up Alert Page/Choose recipients modal window/Filter field"), Keys.chord(CONTROL, "a", BACK_SPACE)): Keys 'CONTROL + BACK_SPACE + a' sent to object: 'Object Repository/Create Pop-up Alert Page/Choose recipients modal window/Filter field'

2024-02-27 16:32:48 - [MESSAGE][PASSED] - Keys 'CONTROL + BACK_SPACE + a' sent to object: 'Object Repository/Create Pop-up Alert Page/Choose recipients modal window/Filter field'

2024-02-27 16:32:48 - [TEST_STEP][PASSED] - setText(findTestObject("Create Pop-up Alert Page/Choose recipients modal window/Filter field"), "DESKTOP-9UH6GK7"): Text 'DESKTOP-9UH6GK7' is set on object 'Object Repository/Create Pop-up Alert Page/Choose recipients modal window/Filter field'

2024-02-27 16:32:49 - [MESSAGE][PASSED] - Text 'DESKTOP-9UH6GK7' is set on object 'Object Repository/Create Pop-up Alert Page/Choose recipients modal window/Filter field'

2024-02-27 16:32:49 - [TEST_STEP][PASSED] - verifyElementText(findTestObject("Create Pop-up Alert Page/Choose recipients modal window/All user list-filtered"), "DESKTOP-9UH6GK7 "): Actual text and expected text of test object 'Object Repository/Create Pop-up Alert Page/Choose recipients modal window/All user list-filtered' are matched.

2024-02-27 16:32:51 - [MESSAGE][PASSED] - Actual text and expected text of test object 'Object Repository/Create Pop-up Alert Page/Choose recipients modal window/All user list-filtered' are matched.

2024-02-27 16:32:51 - [TEST_STEP][PASSED] - click(findTestObject("Create Pop-up Alert Page/Choose recipients modal window/filtered user selection")): Object: 'Object Repository/Create Pop-up Alert Page/Choose recipients modal window/filtered user selection' is clicked on

2024-02-27 16:32:51 - [MESSAGE][PASSED] - Object: 'Object Repository/Create Pop-up Alert Page/Choose recipients modal window/filtered user selection' is clicked on

2024-02-27 16:32:51 - [TEST_STEP][PASSED] - click(findTestObject("Wallpapers/Done")): Object: 'Object Repository/Wallpapers/Done' is clicked on

2024-02-27 16:32:52 - [MESSAGE][PASSED] - Object: 'Object Repository/Wallpapers/Done' is clicked on

2024-02-27 16:32:52 - [MESSAGE][PASSED] - Call Test Case 'Test Cases/Built-in test cases/Choose recipients' successfully

2024-02-27 16:32:52 - [TEST_STEP][PASSED] - setText(findTestObject("Create Pop-up Alert Page/Alert Title field"), "TC-28"): Text 'TC-28' is set on object 'Object Repository/Create Pop-up Alert Page/Alert Title field'

2024-02-27 16:32:53 - [MESSAGE][PASSED] - Text 'TC-28' is set on object 'Object Repository/Create Pop-up Alert Page/Alert Title field'

2024-02-27 16:32:53 - [TEST_STEP][PASSED] - setText(findTestObject("Survey/Q1 input"), "What kind of fish is Nemo?"): Text 'What kind of fish is Nemo?' is set on object 'Object Repository/Survey/Q1 input'

2024-02-27 16:32:54 - [MESSAGE][PASSED] - Text 'What kind of fish is Nemo?' is set on object 'Object Repository/Survey/Q1 input'

2024-02-27 16:32:54 - [TEST_STEP][PASSED] - setText(findTestObject("Survey/Q1 Answer 1 input field"), "Just Fish"): Text 'Just Fish' is set on object 'Object Repository/Survey/Q1 Answer 1 input field'

2024-02-27 16:32:54 - [MESSAGE][PASSED] - Text 'Just Fish' is set on object 'Object Repository/Survey/Q1 Answer 1 input field'

2024-02-27 16:32:54 - [TEST_STEP][PASSED] - setText(findTestObject("Survey/Q1 answer 2 input field"), "Clownfish"): Text 'Clownfish' is set on object 'Object Repository/Survey/Q1 answer 2 input field'

2024-02-27 16:32:55 - [MESSAGE][PASSED] - Text 'Clownfish' is set on object 'Object Repository/Survey/Q1 answer 2 input field'

2024-02-27 16:32:55 - [TEST_STEP][PASSED] - click(findTestObject("Survey/Mark as correct")): Object: 'Object Repository/Survey/Mark as correct' is clicked on

2024-02-27 16:32:55 - [MESSAGE][PASSED] - Object: 'Object Repository/Survey/Mark as correct' is clicked on

2024-02-27 16:32:55 - [TEST_STEP][PASSED] - click(findTestObject("Survey/Add question btn")): Object: 'Object Repository/Survey/Add question btn' is clicked on

2024-02-27 16:32:56 - [MESSAGE][PASSED] - Object: 'Object Repository/Survey/Add question btn' is clicked on

2024-02-27 16:32:56 - [TEST_STEP][PASSED] - click(findTestObject("Survey/Q2 delete btn")): Object: 'Object Repository/Survey/Q2 delete btn' is clicked on

2024-02-27 16:32:56 - [MESSAGE][PASSED] - Object: 'Object Repository/Survey/Q2 delete btn' is clicked on

2024-02-27 16:32:56 - [TEST_STEP][PASSED] - verifyElementNotPresent(findTestObject("Survey/Q2 delete btn"), 2): Web element with id: 'Object Repository/Survey/Q2 delete btn' located by 'By.cssSelector: .create-survey__content__left__questions > div:nth-child(2) .create-survey__content__left__questions__item__questions .create-survey__content__left__questions__item__questions__actions svg:nth-child(2)' is not present after '2' second(s)

2024-02-27 16:32:57 - [MESSAGE][PASSED] - Web element with id: 'Object Repository/Survey/Q2 delete btn' located by 'By.cssSelector: .create-survey__content__left__questions > div:nth-child(2) .create-survey__content__left__questions__item__questions .create-survey__content__left__questions__item__questions__actions svg:nth-child(2)' is not present after '2' second(s)

2024-02-27 16:32:57 - [TEST_STEP][PASSED] - click(findTestObject("Create Pop-up Alert Page/Alerts settings right-hand menu/Skin choice button")): Object: 'Object Repository/Create Pop-up Alert Page/Alerts settings right-hand menu/Skin choice button' is clicked on

2024-02-27 16:32:57 - [MESSAGE][PASSED] - Object: 'Object Repository/Create Pop-up Alert Page/Alerts settings right-hand menu/Skin choice button' is clicked on

2024-02-27 16:32:57 - [TEST_STEP][PASSED] - click(findTestObject("Create Pop-up Alert Page/Alerts settings right-hand menu/Skin with given index")): Object: 'Object Repository/Create Pop-up Alert Page/Alerts settings right-hand menu/Skin with given index' is clicked on

2024-02-27 16:32:58 - [MESSAGE][PASSED] - Object: 'Object Repository/Create Pop-up Alert Page/Alerts settings right-hand menu/Skin with given index' is clicked on

2024-02-27 16:32:58 - [TEST_STEP][PASSED] - sendKeys(findTestObject("Survey/alert width"), Keys.chord(CONTROL, "a", BACK_SPACE)): Keys 'CONTROL + BACK_SPACE + a' sent to object: 'Object Repository/Survey/alert width'

2024-02-27 16:32:59 - [MESSAGE][PASSED] - Keys 'CONTROL + BACK_SPACE + a' sent to object: 'Object Repository/Survey/alert width'

2024-02-27 16:32:59 - [TEST_STEP][PASSED] - setText(findTestObject("Survey/alert width"), "500"): Text '500' is set on object 'Object Repository/Survey/alert width'

2024-02-27 16:32:59 - [MESSAGE][PASSED] - Text '500' is set on object 'Object Repository/Survey/alert width'

2024-02-27 16:32:59 - [TEST_STEP][PASSED] - sendKeys(findTestObject("Survey/alert height"), Keys.chord(CONTROL, "a", BACK_SPACE)): Keys 'CONTROL + BACK_SPACE + a' sent to object: 'Object Repository/Survey/alert height'

2024-02-27 16:33:00 - [MESSAGE][PASSED] - Keys 'CONTROL + BACK_SPACE + a' sent to object: 'Object Repository/Survey/alert height'

2024-02-27 16:33:00 - [TEST_STEP][PASSED] - setText(findTestObject("Survey/alert height"), "600"): Text '600' is set on object 'Object Repository/Survey/alert height'

2024-02-27 16:33:01 - [MESSAGE][PASSED] - Text '600' is set on object 'Object Repository/Survey/alert height'

2024-02-27 16:33:01 - [TEST_STEP][PASSED] - click(findTestObject("Survey/Preview Survey btn")): Object: 'Object Repository/Survey/Preview Survey btn' is clicked on

2024-02-27 16:33:01 - [MESSAGE][PASSED] - Object: 'Object Repository/Survey/Preview Survey btn' is clicked on

2024-02-27 16:33:01 - [TEST_STEP][PASSED] - switchToFrame(findTestObject("Create Pop-up Alert Page/Preview alert iframe"), 2): null

2024-02-27 16:33:02 - [TEST_STEP][PASSED] - takeFullPageScreenshot(): Taking screenshot successfully

2024-02-27 16:33:03 - [MESSAGE][INFO] - 0 hidden object(s)

2024-02-27 16:33:03 - [MESSAGE][PASSED] - Taking screenshot successfully
[[ATTACHMENT|C:\\Users\\Home\\git\\Katalon\\Reports\\20240227_161115\\Surveys\\20240227_161128\\1709040782841.png]]

2024-02-27 16:33:03 - [TEST_STEP][PASSED] - switchToDefaultContent(): null

2024-02-27 16:33:03 - [TEST_STEP][PASSED] - click(findTestObject("Survey/Send btn Survey")): Object: 'Object Repository/Survey/Send btn Survey' is clicked on

2024-02-27 16:33:03 - [MESSAGE][PASSED] - Object: 'Object Repository/Survey/Send btn Survey' is clicked on

2024-02-27 16:33:03 - [TEST_STEP][PASSED] - click(findTestObject("Survey/quizz tab")): Object: 'Object Repository/Survey/quizz tab' is clicked on

2024-02-27 16:33:05 - [MESSAGE][PASSED] - Object: 'Object Repository/Survey/quizz tab' is clicked on

2024-02-27 16:33:05 - [TEST_STEP][PASSED] - setText(findTestObject("Pop-up Alerts page/Search by title field"), "TC-28"): Text 'TC-28' is set on object 'Object Repository/Pop-up Alerts page/Search by title field'

2024-02-27 16:33:06 - [MESSAGE][PASSED] - Text 'TC-28' is set on object 'Object Repository/Pop-up Alerts page/Search by title field'

2024-02-27 16:33:06 - [TEST_STEP][PASSED] - verifyElementText(findTestObject("Pop-up Alerts page/Filtered sent alert"), "TC-28"): Actual text and expected text of test object 'Object Repository/Pop-up Alerts page/Filtered sent alert' are matched.

2024-02-27 16:33:06 - [MESSAGE][PASSED] - Actual text and expected text of test object 'Object Repository/Pop-up Alerts page/Filtered sent alert' are matched.

2024-02-27 16:33:06 - [TEST_STEP][PASSED] - callTestCase(findTestCase("Built-in test cases/Actions menu check"), [:], STOP_ON_FAILURE): Call Test Case 'Test Cases/Built-in test cases/Actions menu check' successfully

2024-02-27 16:33:07 - [TEST_CASE][PASSED] - Test Cases/Built-in test cases/Actions menu check: Test Cases/Built-in test cases/Actions menu check

2024-02-27 16:33:07 - [TEST_STEP][PASSED] - click(findTestObject("Survey/3dots Actions")): Object: 'Object Repository/Survey/3dots Actions' is clicked on

2024-02-27 16:33:08 - [MESSAGE][PASSED] - Object: 'Object Repository/Survey/3dots Actions' is clicked on

2024-02-27 16:33:08 - [TEST_STEP][PASSED] - click(findTestObject("Pop-up Alerts page/Stop-Start alert")): Object: 'Object Repository/Pop-up Alerts page/Stop-Start alert' is clicked on

2024-02-27 16:33:08 - [MESSAGE][PASSED] - Object: 'Object Repository/Pop-up Alerts page/Stop-Start alert' is clicked on

2024-02-27 16:33:08 - [TEST_STEP][PASSED] - verifyElementPresent(findTestObject("Pop-up Alerts page/Stopped status"), 2): Object 'Object Repository/Pop-up Alerts page/Stopped status' is present

2024-02-27 16:33:10 - [MESSAGE][PASSED] - Object 'Object Repository/Pop-up Alerts page/Stopped status' is present

2024-02-27 16:33:10 - [TEST_STEP][PASSED] - click(findTestObject("Survey/3dots Actions")): Object: 'Object Repository/Survey/3dots Actions' is clicked on

2024-02-27 16:33:10 - [MESSAGE][PASSED] - Object: 'Object Repository/Survey/3dots Actions' is clicked on

2024-02-27 16:33:10 - [TEST_STEP][PASSED] - click(findTestObject("Pop-up Alerts page/Stop-Start alert")): Object: 'Object Repository/Pop-up Alerts page/Stop-Start alert' is clicked on

2024-02-27 16:33:11 - [MESSAGE][PASSED] - Object: 'Object Repository/Pop-up Alerts page/Stop-Start alert' is clicked on

2024-02-27 16:33:11 - [TEST_STEP][PASSED] - verifyElementPresent(findTestObject("Pop-up Alerts page/Disributing status"), 2): Object 'Object Repository/Pop-up Alerts page/Disributing status' is present

2024-02-27 16:33:12 - [MESSAGE][PASSED] - Object 'Object Repository/Pop-up Alerts page/Disributing status' is present

2024-02-27 16:33:12 - [TEST_STEP][PASSED] - click(findTestObject("Survey/3dots Actions")): Object: 'Object Repository/Survey/3dots Actions' is clicked on

2024-02-27 16:33:12 - [MESSAGE][PASSED] - Object: 'Object Repository/Survey/3dots Actions' is clicked on

2024-02-27 16:33:12 - [TEST_STEP][PASSED] - click(findTestObject("Pop-up Alerts page/View graph")): Object: 'Object Repository/Pop-up Alerts page/View graph' is clicked on

2024-02-27 16:33:13 - [MESSAGE][PASSED] - Object: 'Object Repository/Pop-up Alerts page/View graph' is clicked on

2024-02-27 16:33:13 - [TEST_STEP][PASSED] - takeElementScreenshot(findTestObject("Pop-up Alerts page/View graph image")): Taking screenshot successfully

2024-02-27 16:33:13 - [MESSAGE][WARNING] - Timeout '0' is invalid. Using default page load timeout: '30'

2024-02-27 16:33:14 - [MESSAGE][INFO] - 0 hidden object(s)

2024-02-27 16:33:14 - [MESSAGE][PASSED] - Taking screenshot successfully
[[ATTACHMENT|C:\\Users\\Home\\git\\Katalon\\Reports\\20240227_161115\\Surveys\\20240227_161128\\1709040793337.png]]

2024-02-27 16:33:14 - [TEST_STEP][PASSED] - click(findTestObject("Pop-up Alerts page/view graph close btn")): Object: 'Object Repository/Pop-up Alerts page/view graph close btn' is clicked on

2024-02-27 16:33:15 - [MESSAGE][PASSED] - Object: 'Object Repository/Pop-up Alerts page/view graph close btn' is clicked on

2024-02-27 16:33:15 - [TEST_STEP][PASSED] - click(findTestObject("Survey/3dots Actions")): Object: 'Object Repository/Survey/3dots Actions' is clicked on

2024-02-27 16:33:15 - [MESSAGE][PASSED] - Object: 'Object Repository/Survey/3dots Actions' is clicked on

2024-02-27 16:33:15 - [TEST_STEP][PASSED] - click(findTestObject("Pop-up Alerts page/Preview in actions menu")): Object: 'Object Repository/Pop-up Alerts page/Preview in actions menu' is clicked on

2024-02-27 16:33:16 - [MESSAGE][PASSED] - Object: 'Object Repository/Pop-up Alerts page/Preview in actions menu' is clicked on

2024-02-27 16:33:16 - [TEST_STEP][PASSED] - switchToFrame(findTestObject("Create Pop-up Alert Page/Preview alert iframe"), 2): null

2024-02-27 16:33:17 - [TEST_STEP][PASSED] - takeFullPageScreenshot([]): Taking screenshot successfully

2024-02-27 16:33:17 - [MESSAGE][INFO] - 0 hidden object(s)

2024-02-27 16:33:17 - [MESSAGE][INFO] - 0 hidden object(s)

2024-02-27 16:33:17 - [MESSAGE][PASSED] - Taking screenshot successfully
[[ATTACHMENT|C:\\Users\\Home\\git\\Katalon\\Reports\\20240227_161115\\Surveys\\20240227_161128\\1709040797160.png]]

2024-02-27 16:33:17 - [TEST_STEP][PASSED] - click(findTestObject("Create Pop-up Alert Page/close alert preview")): Object: 'Object Repository/Create Pop-up Alert Page/close alert preview' is clicked on

2024-02-27 16:33:17 - [MESSAGE][PASSED] - Object: 'Object Repository/Create Pop-up Alert Page/close alert preview' is clicked on

2024-02-27 16:33:17 - [TEST_STEP][PASSED] - switchToDefaultContent(): null

2024-02-27 16:33:17 - [TEST_STEP][PASSED] - click(findTestObject("Survey/3dots Actions")): Object: 'Object Repository/Survey/3dots Actions' is clicked on

2024-02-27 16:33:18 - [MESSAGE][PASSED] - Object: 'Object Repository/Survey/3dots Actions' is clicked on

2024-02-27 16:33:18 - [TEST_STEP][PASSED] - click(findTestObject("Pop-up Alerts page/Duplicate alert")): Object: 'Object Repository/Pop-up Alerts page/Duplicate alert' is clicked on

2024-02-27 16:33:19 - [MESSAGE][PASSED] - Object: 'Object Repository/Pop-up Alerts page/Duplicate alert' is clicked on

2024-02-27 16:33:19 - [MESSAGE][PASSED] - Call Test Case 'Test Cases/Built-in test cases/Actions menu check' successfully

2024-02-27 16:33:19 - [TEST_STEP][PASSED] - sendKeys(findTestObject("Create Pop-up Alert Page/Alert Title field"), Keys.chord(CONTROL, "a", BACK_SPACE)): Keys 'CONTROL + BACK_SPACE + a' sent to object: 'Object Repository/Create Pop-up Alert Page/Alert Title field'

2024-02-27 16:33:21 - [MESSAGE][PASSED] - Keys 'CONTROL + BACK_SPACE + a' sent to object: 'Object Repository/Create Pop-up Alert Page/Alert Title field'

2024-02-27 16:33:21 - [TEST_STEP][PASSED] - setText(findTestObject("Create Pop-up Alert Page/Alert Title field"), "Duplicate quizz"): Text 'Duplicate quizz' is set on object 'Object Repository/Create Pop-up Alert Page/Alert Title field'

2024-02-27 16:33:22 - [MESSAGE][PASSED] - Text 'Duplicate quizz' is set on object 'Object Repository/Create Pop-up Alert Page/Alert Title field'

2024-02-27 16:33:22 - [TEST_STEP][PASSED] - click(findTestObject("Survey/Send btn Survey")): Object: 'Object Repository/Survey/Send btn Survey' is clicked on

2024-02-27 16:33:23 - [MESSAGE][PASSED] - Object: 'Object Repository/Survey/Send btn Survey' is clicked on

2024-02-27 16:33:23 - [TEST_STEP][PASSED] - click(findTestObject("Survey/quizz tab")): Object: 'Object Repository/Survey/quizz tab' is clicked on

2024-02-27 16:33:24 - [MESSAGE][PASSED] - Object: 'Object Repository/Survey/quizz tab' is clicked on

2024-02-27 16:33:24 - [TEST_STEP][PASSED] - setText(findTestObject("Pop-up Alerts page/Search by title field"), "TC-28"): Text 'TC-28' is set on object 'Object Repository/Pop-up Alerts page/Search by title field'

2024-02-27 16:33:25 - [MESSAGE][PASSED] - Text 'TC-28' is set on object 'Object Repository/Pop-up Alerts page/Search by title field'

2024-02-27 16:33:25 - [TEST_STEP][PASSED] - callTestCase(findTestCase("Built-in test cases/Select all and Delete"), [:], STOP_ON_FAILURE): Call Test Case 'Test Cases/Built-in test cases/Select all and Delete' successfully

2024-02-27 16:33:25 - [TEST_CASE][PASSED] - Test Cases/Built-in test cases/Select all and Delete: Test Cases/Built-in test cases/Select all and Delete

2024-02-27 16:33:25 - [TEST_STEP][PASSED] - verifyElementClickable(findTestObject("Pop-up Alerts page/Select all checkbox")): Object 'Object Repository/Pop-up Alerts page/Select all checkbox' is clickable

2024-02-27 16:33:26 - [MESSAGE][PASSED] - Object 'Object Repository/Pop-up Alerts page/Select all checkbox' is clickable

2024-02-27 16:33:26 - [TEST_STEP][PASSED] - check(findTestObject("Pop-up Alerts page/Select all checkbox")): Object 'Object Repository/Pop-up Alerts page/Select all checkbox' is checked

2024-02-27 16:33:27 - [MESSAGE][PASSED] - Object 'Object Repository/Pop-up Alerts page/Select all checkbox' is checked

2024-02-27 16:33:27 - [TEST_STEP][PASSED] - verifyElementChecked(findTestObject("Pop-up Alerts page/Select all checkbox"), 1): Object 'Object Repository/Pop-up Alerts page/Select all checkbox' is checked

2024-02-27 16:33:27 - [MESSAGE][PASSED] - Object 'Object Repository/Pop-up Alerts page/Select all checkbox' is checked

2024-02-27 16:33:27 - [TEST_STEP][PASSED] - click(findTestObject("Pop-up Alerts page/delete all")): Object: 'Object Repository/Pop-up Alerts page/delete all' is clicked on

2024-02-27 16:33:28 - [MESSAGE][PASSED] - Object: 'Object Repository/Pop-up Alerts page/delete all' is clicked on

2024-02-27 16:33:28 - [TEST_STEP][PASSED] - click(findTestObject("Pop-up Alerts page/Confirm deletion btn")): Object: 'Object Repository/Pop-up Alerts page/Confirm deletion btn' is clicked on

2024-02-27 16:33:28 - [MESSAGE][PASSED] - Object: 'Object Repository/Pop-up Alerts page/Confirm deletion btn' is clicked on

2024-02-27 16:33:28 - [MESSAGE][PASSED] - Call Test Case 'Test Cases/Built-in test cases/Select all and Delete' successfully

2024-02-27 16:33:28 - [TEST_STEP][PASSED] - click(findTestObject("Survey/quizz tab")): Object: 'Object Repository/Survey/quizz tab' is clicked on

2024-02-27 16:33:29 - [MESSAGE][PASSED] - Object: 'Object Repository/Survey/quizz tab' is clicked on

2024-02-27 16:33:29 - [TEST_STEP][PASSED] - setText(findTestObject("Pop-up Alerts page/Search by title field"), "Duplicate quizz"): Text 'Duplicate quizz' is set on object 'Object Repository/Pop-up Alerts page/Search by title field'

2024-02-27 16:33:30 - [MESSAGE][PASSED] - Text 'Duplicate quizz' is set on object 'Object Repository/Pop-up Alerts page/Search by title field'

2024-02-27 16:33:30 - [TEST_STEP][PASSED] - waitForElementClickable(findTestObject("Create Pop-up Alert Page/sent alerts checkbox"), 2): Object 'Object Repository/Create Pop-up Alert Page/sent alerts checkbox' is clickable

2024-02-27 16:33:32 - [MESSAGE][PASSED] - Object 'Object Repository/Create Pop-up Alert Page/sent alerts checkbox' is clickable

2024-02-27 16:33:32 - [TEST_STEP][PASSED] - check(findTestObject("Create Pop-up Alert Page/sent alerts checkbox")): Object 'Object Repository/Create Pop-up Alert Page/sent alerts checkbox' is checked

2024-02-27 16:33:32 - [MESSAGE][PASSED] - Object 'Object Repository/Create Pop-up Alert Page/sent alerts checkbox' is checked

2024-02-27 16:33:32 - [TEST_STEP][PASSED] - verifyElementChecked(findTestObject("Create Pop-up Alert Page/sent alerts checkbox"), 2): Object 'Object Repository/Create Pop-up Alert Page/sent alerts checkbox' is checked

2024-02-27 16:33:32 - [MESSAGE][PASSED] - Object 'Object Repository/Create Pop-up Alert Page/sent alerts checkbox' is checked

2024-02-27 16:33:32 - [TEST_STEP][PASSED] - click(findTestObject("Pop-up Alerts page/delete all")): Object: 'Object Repository/Pop-up Alerts page/delete all' is clicked on

2024-02-27 16:33:33 - [MESSAGE][PASSED] - Object: 'Object Repository/Pop-up Alerts page/delete all' is clicked on

2024-02-27 16:33:33 - [TEST_STEP][PASSED] - click(findTestObject("Pop-up Alerts page/Confirm deletion btn")): Object: 'Object Repository/Pop-up Alerts page/Confirm deletion btn' is clicked on

2024-02-27 16:33:34 - [MESSAGE][PASSED] - Object: 'Object Repository/Pop-up Alerts page/Confirm deletion btn' is clicked on]]></system-out>
         <system-err><![CDATA[]]></system-err>
      </testcase>
      <testcase name="Test Cases/Surveys-Quizz-Poll/Send quizz with 2 questions(single and multiple coice) (TC-29)" time="55.613" classname="Test Cases/Surveys-Quizz-Poll/Send quizz with 2 questions(single and multiple coice) (TC-29)" status="PASSED">
         <system-out><![CDATA[2024-02-27 16:33:36 - [TEST_CASE][PASSED] - Test Cases/Surveys-Quizz-Poll/Send quizz with 2 questions(single and multiple coice) (TC-29): Test Cases/Surveys-Quizz-Poll/Send quizz with 2 questions(single and multiple coice) (TC-29)

2024-02-27 16:33:36 - [TEST_STEP][PASSED] - click(findTestObject("Dashboard Page/Compose alert button expansion")): Object: 'Object Repository/Dashboard Page/Compose alert button expansion' is clicked on

2024-02-27 16:33:36 - [MESSAGE][PASSED] - Object: 'Object Repository/Dashboard Page/Compose alert button expansion' is clicked on

2024-02-27 16:33:36 - [TEST_STEP][PASSED] - click(findTestObject("Dashboard Page/Survey-Quizz-Poll")): Object: 'Object Repository/Dashboard Page/Survey-Quizz-Poll' is clicked on

2024-02-27 16:33:37 - [MESSAGE][PASSED] - Object: 'Object Repository/Dashboard Page/Survey-Quizz-Poll' is clicked on

2024-02-27 16:33:37 - [TEST_STEP][PASSED] - check(findTestObject("Survey/Quizz radio btn")): Object 'Object Repository/Survey/Quizz radio btn' is checked

2024-02-27 16:33:40 - [MESSAGE][PASSED] - Object 'Object Repository/Survey/Quizz radio btn' is checked

2024-02-27 16:33:40 - [TEST_STEP][PASSED] - verifyElementChecked(findTestObject("Survey/Quizz radio btn"), 1): Object 'Object Repository/Survey/Quizz radio btn' is checked

2024-02-27 16:33:41 - [MESSAGE][PASSED] - Object 'Object Repository/Survey/Quizz radio btn' is checked

2024-02-27 16:33:41 - [TEST_STEP][PASSED] - click(findTestObject("Survey/More btn")): Object: 'Object Repository/Survey/More btn' is clicked on

2024-02-27 16:33:41 - [MESSAGE][PASSED] - Object: 'Object Repository/Survey/More btn' is clicked on

2024-02-27 16:33:41 - [TEST_STEP][PASSED] - callTestCase(findTestCase("Built-in test cases/Choose recipients"), [:], STOP_ON_FAILURE): Call Test Case 'Test Cases/Built-in test cases/Choose recipients' successfully

2024-02-27 16:33:41 - [TEST_CASE][PASSED] - Test Cases/Built-in test cases/Choose recipients: Test Cases/Built-in test cases/Choose recipients

2024-02-27 16:33:41 - [TEST_STEP][PASSED] - click(findTestObject("Create Pop-up Alert Page/Choose recipients modal window/Filter field")): Object: 'Object Repository/Create Pop-up Alert Page/Choose recipients modal window/Filter field' is clicked on

2024-02-27 16:33:42 - [MESSAGE][PASSED] - Object: 'Object Repository/Create Pop-up Alert Page/Choose recipients modal window/Filter field' is clicked on

2024-02-27 16:33:42 - [TEST_STEP][PASSED] - setText(findTestObject("Create Pop-up Alert Page/Choose recipients modal window/Filter field"), "LAPTOP-E6BU4LL9"): Text 'LAPTOP-E6BU4LL9' is set on object 'Object Repository/Create Pop-up Alert Page/Choose recipients modal window/Filter field'

2024-02-27 16:33:43 - [MESSAGE][PASSED] - Text 'LAPTOP-E6BU4LL9' is set on object 'Object Repository/Create Pop-up Alert Page/Choose recipients modal window/Filter field'

2024-02-27 16:33:43 - [TEST_STEP][PASSED] - verifyElementText(findTestObject("Create Pop-up Alert Page/Choose recipients modal window/All user list-filtered"), "LAPTOP-E6BU4LL9 "): Actual text and expected text of test object 'Object Repository/Create Pop-up Alert Page/Choose recipients modal window/All user list-filtered' are matched.

2024-02-27 16:33:44 - [MESSAGE][PASSED] - Actual text and expected text of test object 'Object Repository/Create Pop-up Alert Page/Choose recipients modal window/All user list-filtered' are matched.

2024-02-27 16:33:44 - [TEST_STEP][PASSED] - click(findTestObject("Create Pop-up Alert Page/Choose recipients modal window/filtered user selection")): Object: 'Object Repository/Create Pop-up Alert Page/Choose recipients modal window/filtered user selection' is clicked on

2024-02-27 16:33:45 - [MESSAGE][PASSED] - Object: 'Object Repository/Create Pop-up Alert Page/Choose recipients modal window/filtered user selection' is clicked on

2024-02-27 16:33:45 - [TEST_STEP][PASSED] - click(findTestObject("Create Pop-up Alert Page/Choose recipients modal window/Filter field")): Object: 'Object Repository/Create Pop-up Alert Page/Choose recipients modal window/Filter field' is clicked on

2024-02-27 16:33:45 - [MESSAGE][PASSED] - Object: 'Object Repository/Create Pop-up Alert Page/Choose recipients modal window/Filter field' is clicked on

2024-02-27 16:33:45 - [TEST_STEP][PASSED] - sendKeys(findTestObject("Create Pop-up Alert Page/Choose recipients modal window/Filter field"), Keys.chord(CONTROL, "a", BACK_SPACE)): Keys 'CONTROL + BACK_SPACE + a' sent to object: 'Object Repository/Create Pop-up Alert Page/Choose recipients modal window/Filter field'

2024-02-27 16:33:46 - [MESSAGE][PASSED] - Keys 'CONTROL + BACK_SPACE + a' sent to object: 'Object Repository/Create Pop-up Alert Page/Choose recipients modal window/Filter field'

2024-02-27 16:33:46 - [TEST_STEP][PASSED] - setText(findTestObject("Create Pop-up Alert Page/Choose recipients modal window/Filter field"), "DESKTOP-9UH6GK7"): Text 'DESKTOP-9UH6GK7' is set on object 'Object Repository/Create Pop-up Alert Page/Choose recipients modal window/Filter field'

2024-02-27 16:33:46 - [MESSAGE][PASSED] - Text 'DESKTOP-9UH6GK7' is set on object 'Object Repository/Create Pop-up Alert Page/Choose recipients modal window/Filter field'

2024-02-27 16:33:46 - [TEST_STEP][PASSED] - verifyElementText(findTestObject("Create Pop-up Alert Page/Choose recipients modal window/All user list-filtered"), "DESKTOP-9UH6GK7 "): Actual text and expected text of test object 'Object Repository/Create Pop-up Alert Page/Choose recipients modal window/All user list-filtered' are matched.

2024-02-27 16:33:48 - [MESSAGE][PASSED] - Actual text and expected text of test object 'Object Repository/Create Pop-up Alert Page/Choose recipients modal window/All user list-filtered' are matched.

2024-02-27 16:33:48 - [TEST_STEP][PASSED] - click(findTestObject("Create Pop-up Alert Page/Choose recipients modal window/filtered user selection")): Object: 'Object Repository/Create Pop-up Alert Page/Choose recipients modal window/filtered user selection' is clicked on

2024-02-27 16:33:48 - [MESSAGE][PASSED] - Object: 'Object Repository/Create Pop-up Alert Page/Choose recipients modal window/filtered user selection' is clicked on

2024-02-27 16:33:48 - [TEST_STEP][PASSED] - click(findTestObject("Wallpapers/Done")): Object: 'Object Repository/Wallpapers/Done' is clicked on

2024-02-27 16:33:49 - [MESSAGE][PASSED] - Object: 'Object Repository/Wallpapers/Done' is clicked on

2024-02-27 16:33:49 - [MESSAGE][PASSED] - Call Test Case 'Test Cases/Built-in test cases/Choose recipients' successfully

2024-02-27 16:33:49 - [TEST_STEP][PASSED] - setText(findTestObject("Create Pop-up Alert Page/Alert Title field"), "TC-29"): Text 'TC-29' is set on object 'Object Repository/Create Pop-up Alert Page/Alert Title field'

2024-02-27 16:33:50 - [MESSAGE][PASSED] - Text 'TC-29' is set on object 'Object Repository/Create Pop-up Alert Page/Alert Title field'

2024-02-27 16:33:50 - [TEST_STEP][PASSED] - setText(findTestObject("Survey/Q1 input"), "Who is the youngest Disney princess?"): Text 'Who is the youngest Disney princess?' is set on object 'Object Repository/Survey/Q1 input'

2024-02-27 16:33:51 - [MESSAGE][PASSED] - Text 'Who is the youngest Disney princess?' is set on object 'Object Repository/Survey/Q1 input'

2024-02-27 16:33:51 - [TEST_STEP][PASSED] - setText(findTestObject("Survey/Q1 Answer 1 input field"), "Mermaid"): Text 'Mermaid' is set on object 'Object Repository/Survey/Q1 Answer 1 input field'

2024-02-27 16:33:52 - [MESSAGE][PASSED] - Text 'Mermaid' is set on object 'Object Repository/Survey/Q1 Answer 1 input field'

2024-02-27 16:33:52 - [TEST_STEP][PASSED] - setText(findTestObject("Survey/Q1 answer 2 input field"), "Snow White"): Text 'Snow White' is set on object 'Object Repository/Survey/Q1 answer 2 input field'

2024-02-27 16:33:52 - [MESSAGE][PASSED] - Text 'Snow White' is set on object 'Object Repository/Survey/Q1 answer 2 input field'

2024-02-27 16:33:52 - [TEST_STEP][PASSED] - click(findTestObject("Survey/Mark as correct")): Object: 'Object Repository/Survey/Mark as correct' is clicked on

2024-02-27 16:33:53 - [MESSAGE][PASSED] - Object: 'Object Repository/Survey/Mark as correct' is clicked on

2024-02-27 16:33:53 - [TEST_STEP][PASSED] - click(findTestObject("Survey/Add question btn")): Object: 'Object Repository/Survey/Add question btn' is clicked on

2024-02-27 16:33:53 - [MESSAGE][PASSED] - Object: 'Object Repository/Survey/Add question btn' is clicked on

2024-02-27 16:33:53 - [TEST_STEP][PASSED] - setText(findTestObject("Survey/Q2 input"), "What is your boss favorite food?"): Text 'What is your boss favorite food?' is set on object 'Object Repository/Survey/Q2 input'

2024-02-27 16:33:55 - [MESSAGE][PASSED] - Text 'What is your boss favorite food?' is set on object 'Object Repository/Survey/Q2 input'

2024-02-27 16:33:55 - [TEST_STEP][PASSED] - click(findTestObject("Survey/choice options")): Object: 'Object Repository/Survey/choice options' is clicked on

2024-02-27 16:33:55 - [MESSAGE][PASSED] - Object: 'Object Repository/Survey/choice options' is clicked on

2024-02-27 16:33:55 - [TEST_STEP][PASSED] - click(findTestObject("Survey/Multiple choice")): Object: 'Object Repository/Survey/Multiple choice' is clicked on

2024-02-27 16:33:56 - [MESSAGE][PASSED] - Object: 'Object Repository/Survey/Multiple choice' is clicked on

2024-02-27 16:33:56 - [TEST_STEP][PASSED] - setText(findTestObject("Survey/Q2 answer 1 input field"), "Pasta"): Text 'Pasta' is set on object 'Object Repository/Survey/Q2 answer 1 input field'

2024-02-27 16:33:57 - [MESSAGE][PASSED] - Text 'Pasta' is set on object 'Object Repository/Survey/Q2 answer 1 input field'

2024-02-27 16:33:57 - [TEST_STEP][PASSED] - setText(findTestObject("Survey/Q2 answer 2 input field"), "Pizza"): Text 'Pizza' is set on object 'Object Repository/Survey/Q2 answer 2 input field'

2024-02-27 16:33:57 - [MESSAGE][PASSED] - Text 'Pizza' is set on object 'Object Repository/Survey/Q2 answer 2 input field'

2024-02-27 16:33:57 - [TEST_STEP][PASSED] - click(findTestObject("Survey/Add option")): Object: 'Object Repository/Survey/Add option' is clicked on

2024-02-27 16:33:58 - [MESSAGE][PASSED] - Object: 'Object Repository/Survey/Add option' is clicked on

2024-02-27 16:33:58 - [TEST_STEP][PASSED] - setText(findTestObject("Survey/Q2 answer 3 input field"), "Sushi"): Text 'Sushi' is set on object 'Object Repository/Survey/Q2 answer 3 input field'

2024-02-27 16:33:59 - [MESSAGE][PASSED] - Text 'Sushi' is set on object 'Object Repository/Survey/Q2 answer 3 input field'

2024-02-27 16:33:59 - [TEST_STEP][PASSED] - click(findTestObject("Survey/Mark as correct Q2(a1)")): Object: 'Object Repository/Survey/Mark as correct Q2(a1)' is clicked on

2024-02-27 16:33:59 - [MESSAGE][PASSED] - Object: 'Object Repository/Survey/Mark as correct Q2(a1)' is clicked on

2024-02-27 16:33:59 - [TEST_STEP][PASSED] - click(findTestObject("Survey/Mark as correct Q2(a3)")): Object: 'Object Repository/Survey/Mark as correct Q2(a3)' is clicked on

2024-02-27 16:33:59 - [MESSAGE][PASSED] - Object: 'Object Repository/Survey/Mark as correct Q2(a3)' is clicked on

2024-02-27 16:33:59 - [TEST_STEP][PASSED] - scrollToElement(findTestObject("Survey/Send btn Survey"), 2): Scroll to object 'Object Repository/Survey/Send btn Survey' successfully

2024-02-27 16:33:59 - [MESSAGE][PASSED] - Scroll to object 'Object Repository/Survey/Send btn Survey' successfully

2024-02-27 16:33:59 - [TEST_STEP][PASSED] - click(findTestObject("Survey/Send btn Survey")): Object: 'Object Repository/Survey/Send btn Survey' is clicked on

2024-02-27 16:34:00 - [MESSAGE][PASSED] - Object: 'Object Repository/Survey/Send btn Survey' is clicked on

2024-02-27 16:34:00 - [TEST_STEP][PASSED] - click(findTestObject("Survey/quizz tab")): Object: 'Object Repository/Survey/quizz tab' is clicked on

2024-02-27 16:34:01 - [MESSAGE][PASSED] - Object: 'Object Repository/Survey/quizz tab' is clicked on

2024-02-27 16:34:01 - [TEST_STEP][PASSED] - setText(findTestObject("Pop-up Alerts page/Search by title field"), "TC-29"): Text 'TC-29' is set on object 'Object Repository/Pop-up Alerts page/Search by title field'

2024-02-27 16:34:02 - [MESSAGE][PASSED] - Text 'TC-29' is set on object 'Object Repository/Pop-up Alerts page/Search by title field'

2024-02-27 16:34:02 - [TEST_STEP][PASSED] - verifyElementText(findTestObject("Pop-up Alerts page/Filtered sent alert"), "TC-29"): Actual text and expected text of test object 'Object Repository/Pop-up Alerts page/Filtered sent alert' are matched.

2024-02-27 16:34:03 - [MESSAGE][PASSED] - Actual text and expected text of test object 'Object Repository/Pop-up Alerts page/Filtered sent alert' are matched.

2024-02-27 16:34:03 - [TEST_STEP][PASSED] - delay(20): Delayed 20 second(s)

2024-02-27 16:34:23 - [MESSAGE][PASSED] - Delayed 20 second(s)

2024-02-27 16:34:23 - [TEST_STEP][PASSED] - click(findTestObject("Survey/3dots Actions")): Object: 'Object Repository/Survey/3dots Actions' is clicked on

2024-02-27 16:34:23 - [MESSAGE][PASSED] - Object: 'Object Repository/Survey/3dots Actions' is clicked on

2024-02-27 16:34:23 - [TEST_STEP][PASSED] - click(findTestObject("Pop-up Alerts page/View graph")): Object: 'Object Repository/Pop-up Alerts page/View graph' is clicked on

2024-02-27 16:34:24 - [MESSAGE][PASSED] - Object: 'Object Repository/Pop-up Alerts page/View graph' is clicked on

2024-02-27 16:34:24 - [TEST_STEP][PASSED] - delay(2): Delayed 2 second(s)

2024-02-27 16:34:26 - [MESSAGE][PASSED] - Delayed 2 second(s)

2024-02-27 16:34:26 - [TEST_STEP][PASSED] - takeFullPageScreenshot(): Taking screenshot successfully

2024-02-27 16:34:26 - [MESSAGE][INFO] - 0 hidden object(s)

2024-02-27 16:34:26 - [MESSAGE][PASSED] - Taking screenshot successfully
[[ATTACHMENT|C:\\Users\\Home\\git\\Katalon\\Reports\\20240227_161115\\Surveys\\20240227_161128\\1709040866068.png]]

2024-02-27 16:34:26 - [TEST_STEP][PASSED] - click(findTestObject("Pop-up Alerts page/view graph 2nd page")): Object: 'Object Repository/Pop-up Alerts page/view graph 2nd page' is clicked on

2024-02-27 16:34:26 - [MESSAGE][PASSED] - Object: 'Object Repository/Pop-up Alerts page/view graph 2nd page' is clicked on

2024-02-27 16:34:26 - [TEST_STEP][PASSED] - delay(2): Delayed 2 second(s)

2024-02-27 16:34:28 - [MESSAGE][PASSED] - Delayed 2 second(s)

2024-02-27 16:34:28 - [TEST_STEP][PASSED] - takeFullPageScreenshot(): Taking screenshot successfully

2024-02-27 16:34:29 - [MESSAGE][INFO] - 0 hidden object(s)

2024-02-27 16:34:29 - [MESSAGE][PASSED] - Taking screenshot successfully
[[ATTACHMENT|C:\\Users\\Home\\git\\Katalon\\Reports\\20240227_161115\\Surveys\\20240227_161128\\1709040868880.png]]

2024-02-27 16:34:29 - [TEST_STEP][PASSED] - click(findTestObject("Pop-up Alerts page/view graph close btn")): Object: 'Object Repository/Pop-up Alerts page/view graph close btn' is clicked on

2024-02-27 16:34:29 - [MESSAGE][PASSED] - Object: 'Object Repository/Pop-up Alerts page/view graph close btn' is clicked on]]></system-out>
         <system-err><![CDATA[]]></system-err>
      </testcase>
      <testcase name="Test Cases/Surveys-Quizz-Poll/Send Quizz with intermediate step (TC-30)" time="32.032" classname="Test Cases/Surveys-Quizz-Poll/Send Quizz with intermediate step (TC-30)" status="PASSED">
         <system-out><![CDATA[2024-02-27 16:34:31 - [TEST_CASE][PASSED] - Test Cases/Surveys-Quizz-Poll/Send Quizz with intermediate step (TC-30): Test Cases/Surveys-Quizz-Poll/Send Quizz with intermediate step (TC-30)

2024-02-27 16:34:31 - [TEST_STEP][PASSED] - click(findTestObject("Dashboard Page/Compose alert button expansion")): Object: 'Object Repository/Dashboard Page/Compose alert button expansion' is clicked on

2024-02-27 16:34:32 - [MESSAGE][PASSED] - Object: 'Object Repository/Dashboard Page/Compose alert button expansion' is clicked on

2024-02-27 16:34:32 - [TEST_STEP][PASSED] - click(findTestObject("Dashboard Page/Survey-Quizz-Poll")): Object: 'Object Repository/Dashboard Page/Survey-Quizz-Poll' is clicked on

2024-02-27 16:34:32 - [MESSAGE][PASSED] - Object: 'Object Repository/Dashboard Page/Survey-Quizz-Poll' is clicked on

2024-02-27 16:34:32 - [TEST_STEP][PASSED] - check(findTestObject("Survey/Quizz radio btn")): Object 'Object Repository/Survey/Quizz radio btn' is checked

2024-02-27 16:34:35 - [MESSAGE][PASSED] - Object 'Object Repository/Survey/Quizz radio btn' is checked

2024-02-27 16:34:35 - [TEST_STEP][PASSED] - verifyElementChecked(findTestObject("Survey/Quizz radio btn"), 1): Object 'Object Repository/Survey/Quizz radio btn' is checked

2024-02-27 16:34:36 - [MESSAGE][PASSED] - Object 'Object Repository/Survey/Quizz radio btn' is checked

2024-02-27 16:34:36 - [TEST_STEP][PASSED] - click(findTestObject("Survey/More btn")): Object: 'Object Repository/Survey/More btn' is clicked on

2024-02-27 16:34:37 - [MESSAGE][PASSED] - Object: 'Object Repository/Survey/More btn' is clicked on

2024-02-27 16:34:37 - [TEST_STEP][PASSED] - callTestCase(findTestCase("Built-in test cases/Choose recipients"), [:], STOP_ON_FAILURE): Call Test Case 'Test Cases/Built-in test cases/Choose recipients' successfully

2024-02-27 16:34:37 - [TEST_CASE][PASSED] - Test Cases/Built-in test cases/Choose recipients: Test Cases/Built-in test cases/Choose recipients

2024-02-27 16:34:37 - [TEST_STEP][PASSED] - click(findTestObject("Create Pop-up Alert Page/Choose recipients modal window/Filter field")): Object: 'Object Repository/Create Pop-up Alert Page/Choose recipients modal window/Filter field' is clicked on

2024-02-27 16:34:37 - [MESSAGE][PASSED] - Object: 'Object Repository/Create Pop-up Alert Page/Choose recipients modal window/Filter field' is clicked on

2024-02-27 16:34:37 - [TEST_STEP][PASSED] - setText(findTestObject("Create Pop-up Alert Page/Choose recipients modal window/Filter field"), "LAPTOP-E6BU4LL9"): Text 'LAPTOP-E6BU4LL9' is set on object 'Object Repository/Create Pop-up Alert Page/Choose recipients modal window/Filter field'

2024-02-27 16:34:38 - [MESSAGE][PASSED] - Text 'LAPTOP-E6BU4LL9' is set on object 'Object Repository/Create Pop-up Alert Page/Choose recipients modal window/Filter field'

2024-02-27 16:34:38 - [TEST_STEP][PASSED] - verifyElementText(findTestObject("Create Pop-up Alert Page/Choose recipients modal window/All user list-filtered"), "LAPTOP-E6BU4LL9 "): Actual text and expected text of test object 'Object Repository/Create Pop-up Alert Page/Choose recipients modal window/All user list-filtered' are matched.

2024-02-27 16:34:40 - [MESSAGE][PASSED] - Actual text and expected text of test object 'Object Repository/Create Pop-up Alert Page/Choose recipients modal window/All user list-filtered' are matched.

2024-02-27 16:34:40 - [TEST_STEP][PASSED] - click(findTestObject("Create Pop-up Alert Page/Choose recipients modal window/filtered user selection")): Object: 'Object Repository/Create Pop-up Alert Page/Choose recipients modal window/filtered user selection' is clicked on

2024-02-27 16:34:40 - [MESSAGE][PASSED] - Object: 'Object Repository/Create Pop-up Alert Page/Choose recipients modal window/filtered user selection' is clicked on

2024-02-27 16:34:40 - [TEST_STEP][PASSED] - click(findTestObject("Create Pop-up Alert Page/Choose recipients modal window/Filter field")): Object: 'Object Repository/Create Pop-up Alert Page/Choose recipients modal window/Filter field' is clicked on

2024-02-27 16:34:41 - [MESSAGE][PASSED] - Object: 'Object Repository/Create Pop-up Alert Page/Choose recipients modal window/Filter field' is clicked on

2024-02-27 16:34:41 - [TEST_STEP][PASSED] - sendKeys(findTestObject("Create Pop-up Alert Page/Choose recipients modal window/Filter field"), Keys.chord(CONTROL, "a", BACK_SPACE)): Keys 'CONTROL + BACK_SPACE + a' sent to object: 'Object Repository/Create Pop-up Alert Page/Choose recipients modal window/Filter field'

2024-02-27 16:34:41 - [MESSAGE][PASSED] - Keys 'CONTROL + BACK_SPACE + a' sent to object: 'Object Repository/Create Pop-up Alert Page/Choose recipients modal window/Filter field'

2024-02-27 16:34:41 - [TEST_STEP][PASSED] - setText(findTestObject("Create Pop-up Alert Page/Choose recipients modal window/Filter field"), "DESKTOP-9UH6GK7"): Text 'DESKTOP-9UH6GK7' is set on object 'Object Repository/Create Pop-up Alert Page/Choose recipients modal window/Filter field'

2024-02-27 16:34:42 - [MESSAGE][PASSED] - Text 'DESKTOP-9UH6GK7' is set on object 'Object Repository/Create Pop-up Alert Page/Choose recipients modal window/Filter field'

2024-02-27 16:34:42 - [TEST_STEP][PASSED] - verifyElementText(findTestObject("Create Pop-up Alert Page/Choose recipients modal window/All user list-filtered"), "DESKTOP-9UH6GK7 "): Actual text and expected text of test object 'Object Repository/Create Pop-up Alert Page/Choose recipients modal window/All user list-filtered' are matched.

2024-02-27 16:34:44 - [MESSAGE][PASSED] - Actual text and expected text of test object 'Object Repository/Create Pop-up Alert Page/Choose recipients modal window/All user list-filtered' are matched.

2024-02-27 16:34:44 - [TEST_STEP][PASSED] - click(findTestObject("Create Pop-up Alert Page/Choose recipients modal window/filtered user selection")): Object: 'Object Repository/Create Pop-up Alert Page/Choose recipients modal window/filtered user selection' is clicked on

2024-02-27 16:34:44 - [MESSAGE][PASSED] - Object: 'Object Repository/Create Pop-up Alert Page/Choose recipients modal window/filtered user selection' is clicked on

2024-02-27 16:34:44 - [TEST_STEP][PASSED] - click(findTestObject("Wallpapers/Done")): Object: 'Object Repository/Wallpapers/Done' is clicked on

2024-02-27 16:34:44 - [MESSAGE][PASSED] - Object: 'Object Repository/Wallpapers/Done' is clicked on

2024-02-27 16:34:44 - [MESSAGE][PASSED] - Call Test Case 'Test Cases/Built-in test cases/Choose recipients' successfully

2024-02-27 16:34:44 - [TEST_STEP][PASSED] - setText(findTestObject("Create Pop-up Alert Page/Alert Title field"), "TC-30"): Text 'TC-30' is set on object 'Object Repository/Create Pop-up Alert Page/Alert Title field'

2024-02-27 16:34:45 - [MESSAGE][PASSED] - Text 'TC-30' is set on object 'Object Repository/Create Pop-up Alert Page/Alert Title field'

2024-02-27 16:34:45 - [TEST_STEP][PASSED] - setText(findTestObject("Survey/Q1 input"), "How many legs does a spider have?"): Text 'How many legs does a spider have?' is set on object 'Object Repository/Survey/Q1 input'

2024-02-27 16:34:47 - [MESSAGE][PASSED] - Text 'How many legs does a spider have?' is set on object 'Object Repository/Survey/Q1 input'

2024-02-27 16:34:47 - [TEST_STEP][PASSED] - setText(findTestObject("Survey/Q1 Answer 1 input field"), "10"): Text '10' is set on object 'Object Repository/Survey/Q1 Answer 1 input field'

2024-02-27 16:34:47 - [MESSAGE][PASSED] - Text '10' is set on object 'Object Repository/Survey/Q1 Answer 1 input field'

2024-02-27 16:34:47 - [TEST_STEP][PASSED] - setText(findTestObject("Survey/Q1 answer 2 input field"), "8"): Text '8' is set on object 'Object Repository/Survey/Q1 answer 2 input field'

2024-02-27 16:34:48 - [MESSAGE][PASSED] - Text '8' is set on object 'Object Repository/Survey/Q1 answer 2 input field'

2024-02-27 16:34:48 - [TEST_STEP][PASSED] - click(findTestObject("Survey/Mark as correct")): Object: 'Object Repository/Survey/Mark as correct' is clicked on

2024-02-27 16:34:48 - [MESSAGE][PASSED] - Object: 'Object Repository/Survey/Mark as correct' is clicked on

2024-02-27 16:34:48 - [TEST_STEP][PASSED] - click(findTestObject("Survey/Add intermediary step btn")): Object: 'Object Repository/Survey/Add intermediary step btn' is clicked on

2024-02-27 16:34:48 - [MESSAGE][PASSED] - Object: 'Object Repository/Survey/Add intermediary step btn' is clicked on

2024-02-27 16:34:48 - [TEST_STEP][PASSED] - setText(findTestObject("Survey/Quizz objects for TC-30/Intermediary step input TC-30"), "Disney time"): Text 'Disney time' is set on object 'Object Repository/Survey/Quizz objects for TC-30/Intermediary step input TC-30'

2024-02-27 16:34:50 - [MESSAGE][PASSED] - Text 'Disney time' is set on object 'Object Repository/Survey/Quizz objects for TC-30/Intermediary step input TC-30'

2024-02-27 16:34:50 - [TEST_STEP][PASSED] - setText(findTestObject("Survey/Quizz objects for TC-30/Intermediary step description TC-30"), "Tricky question"): Text 'Tricky question' is set on object 'Object Repository/Survey/Quizz objects for TC-30/Intermediary step description TC-30'

2024-02-27 16:34:51 - [MESSAGE][PASSED] - Text 'Tricky question' is set on object 'Object Repository/Survey/Quizz objects for TC-30/Intermediary step description TC-30'

2024-02-27 16:34:51 - [TEST_STEP][PASSED] - click(findTestObject("Survey/Add question btn")): Object: 'Object Repository/Survey/Add question btn' is clicked on

2024-02-27 16:34:51 - [MESSAGE][PASSED] - Object: 'Object Repository/Survey/Add question btn' is clicked on

2024-02-27 16:34:51 - [TEST_STEP][PASSED] - setText(findTestObject("Survey/Quizz objects for TC-30/Q2 input title TC-30"), "What is your boss favorite Disney movie?"): Text 'What is your boss favorite Disney movie?' is set on object 'Object Repository/Survey/Quizz objects for TC-30/Q2 input title TC-30'

2024-02-27 16:34:53 - [MESSAGE][PASSED] - Text 'What is your boss favorite Disney movie?' is set on object 'Object Repository/Survey/Quizz objects for TC-30/Q2 input title TC-30'

2024-02-27 16:34:53 - [TEST_STEP][PASSED] - click(findTestObject("Survey/Quizz objects for TC-30/Choice option TC-30")): Object: 'Object Repository/Survey/Quizz objects for TC-30/Choice option TC-30' is clicked on

2024-02-27 16:34:53 - [MESSAGE][PASSED] - Object: 'Object Repository/Survey/Quizz objects for TC-30/Choice option TC-30' is clicked on

2024-02-27 16:34:53 - [TEST_STEP][PASSED] - click(findTestObject("Survey/Multiple choice")): Object: 'Object Repository/Survey/Multiple choice' is clicked on

2024-02-27 16:34:54 - [MESSAGE][PASSED] - Object: 'Object Repository/Survey/Multiple choice' is clicked on

2024-02-27 16:34:54 - [TEST_STEP][PASSED] - setText(findTestObject("Survey/Quizz objects for TC-30/Q2 answer 1 TC-30"), "Frozen"): Text 'Frozen' is set on object 'Object Repository/Survey/Quizz objects for TC-30/Q2 answer 1 TC-30'

2024-02-27 16:34:55 - [MESSAGE][PASSED] - Text 'Frozen' is set on object 'Object Repository/Survey/Quizz objects for TC-30/Q2 answer 1 TC-30'

2024-02-27 16:34:55 - [TEST_STEP][PASSED] - setText(findTestObject("Survey/Quizz objects for TC-30/Q2 answer 2 TC-30"), "Snow White"): Text 'Snow White' is set on object 'Object Repository/Survey/Quizz objects for TC-30/Q2 answer 2 TC-30'

2024-02-27 16:34:56 - [MESSAGE][PASSED] - Text 'Snow White' is set on object 'Object Repository/Survey/Quizz objects for TC-30/Q2 answer 2 TC-30'

2024-02-27 16:34:56 - [TEST_STEP][PASSED] - click(findTestObject("Survey/Quizz objects for TC-30/Add option TC-30")): Object: 'Object Repository/Survey/Quizz objects for TC-30/Add option TC-30' is clicked on

2024-02-27 16:34:56 - [MESSAGE][PASSED] - Object: 'Object Repository/Survey/Quizz objects for TC-30/Add option TC-30' is clicked on

2024-02-27 16:34:56 - [TEST_STEP][PASSED] - setText(findTestObject("Survey/Quizz objects for TC-30/Q2 answer 3 TC-30"), "Cinderella"): Text 'Cinderella' is set on object 'Object Repository/Survey/Quizz objects for TC-30/Q2 answer 3 TC-30'

2024-02-27 16:34:57 - [MESSAGE][PASSED] - Text 'Cinderella' is set on object 'Object Repository/Survey/Quizz objects for TC-30/Q2 answer 3 TC-30'

2024-02-27 16:34:57 - [TEST_STEP][PASSED] - click(findTestObject("Survey/Quizz objects for TC-30/Mark as correct Q2(a1) TC-30")): Object: 'Object Repository/Survey/Quizz objects for TC-30/Mark as correct Q2(a1) TC-30' is clicked on

2024-02-27 16:34:57 - [MESSAGE][PASSED] - Object: 'Object Repository/Survey/Quizz objects for TC-30/Mark as correct Q2(a1) TC-30' is clicked on

2024-02-27 16:34:57 - [TEST_STEP][PASSED] - click(findTestObject("Survey/Quizz objects for TC-30/Mark as correct Q2(a3) TC-30")): Object: 'Object Repository/Survey/Quizz objects for TC-30/Mark as correct Q2(a3) TC-30' is clicked on

2024-02-27 16:34:58 - [MESSAGE][PASSED] - Object: 'Object Repository/Survey/Quizz objects for TC-30/Mark as correct Q2(a3) TC-30' is clicked on

2024-02-27 16:34:58 - [TEST_STEP][PASSED] - scrollToElement(findTestObject("Survey/Send btn Survey"), 2): Scroll to object 'Object Repository/Survey/Send btn Survey' successfully

2024-02-27 16:34:58 - [MESSAGE][PASSED] - Scroll to object 'Object Repository/Survey/Send btn Survey' successfully

2024-02-27 16:34:58 - [TEST_STEP][PASSED] - click(findTestObject("Survey/Send btn Survey")): Object: 'Object Repository/Survey/Send btn Survey' is clicked on

2024-02-27 16:34:58 - [MESSAGE][PASSED] - Object: 'Object Repository/Survey/Send btn Survey' is clicked on

2024-02-27 16:34:58 - [TEST_STEP][PASSED] - click(findTestObject("Survey/quizz tab")): Object: 'Object Repository/Survey/quizz tab' is clicked on

2024-02-27 16:35:00 - [MESSAGE][PASSED] - Object: 'Object Repository/Survey/quizz tab' is clicked on

2024-02-27 16:35:00 - [TEST_STEP][PASSED] - setText(findTestObject("Pop-up Alerts page/Search by title field"), "TC-30"): Text 'TC-30' is set on object 'Object Repository/Pop-up Alerts page/Search by title field'

2024-02-27 16:35:01 - [MESSAGE][PASSED] - Text 'TC-30' is set on object 'Object Repository/Pop-up Alerts page/Search by title field'

2024-02-27 16:35:01 - [TEST_STEP][PASSED] - verifyElementText(findTestObject("Pop-up Alerts page/Filtered sent alert"), "TC-30"): Actual text and expected text of test object 'Object Repository/Pop-up Alerts page/Filtered sent alert' are matched.

2024-02-27 16:35:01 - [MESSAGE][PASSED] - Actual text and expected text of test object 'Object Repository/Pop-up Alerts page/Filtered sent alert' are matched.]]></system-out>
         <system-err><![CDATA[]]></system-err>
      </testcase>
      <testcase name="Test Cases/Surveys-Quizz-Poll/Send Poll with images (TC-31)" time="23.916" classname="Test Cases/Surveys-Quizz-Poll/Send Poll with images (TC-31)" status="PASSED">
         <system-out><![CDATA[2024-02-27 16:35:03 - [TEST_CASE][PASSED] - Test Cases/Surveys-Quizz-Poll/Send Poll with images (TC-31): Test Cases/Surveys-Quizz-Poll/Send Poll with images (TC-31)

2024-02-27 16:35:03 - [TEST_STEP][PASSED] - click(findTestObject("Dashboard Page/Compose alert button expansion")): Object: 'Object Repository/Dashboard Page/Compose alert button expansion' is clicked on

2024-02-27 16:35:04 - [MESSAGE][PASSED] - Object: 'Object Repository/Dashboard Page/Compose alert button expansion' is clicked on

2024-02-27 16:35:04 - [TEST_STEP][PASSED] - click(findTestObject("Dashboard Page/Survey-Quizz-Poll")): Object: 'Object Repository/Dashboard Page/Survey-Quizz-Poll' is clicked on

2024-02-27 16:35:04 - [MESSAGE][PASSED] - Object: 'Object Repository/Dashboard Page/Survey-Quizz-Poll' is clicked on

2024-02-27 16:35:04 - [TEST_STEP][NOT_RUN] - click(findTestObject("Survey/New Survey btn")): NOT_RUN: click(findTestObject("Survey/New Survey btn"))

2024-02-27 16:35:04 - [MESSAGE][NOT_RUN] - NOT_RUN: click(findTestObject("Survey/New Survey btn"))

2024-02-27 16:35:04 - [TEST_STEP][PASSED] - check(findTestObject("Survey/Poll radio btn")): Object 'Object Repository/Survey/Poll radio btn' is checked

2024-02-27 16:35:07 - [MESSAGE][PASSED] - Object 'Object Repository/Survey/Poll radio btn' is checked

2024-02-27 16:35:07 - [TEST_STEP][PASSED] - verifyElementChecked(findTestObject("Survey/Poll radio btn"), 1): Object 'Object Repository/Survey/Poll radio btn' is checked

2024-02-27 16:35:07 - [MESSAGE][PASSED] - Object 'Object Repository/Survey/Poll radio btn' is checked

2024-02-27 16:35:07 - [TEST_STEP][PASSED] - click(findTestObject("Survey/More btn")): Object: 'Object Repository/Survey/More btn' is clicked on

2024-02-27 16:35:08 - [MESSAGE][PASSED] - Object: 'Object Repository/Survey/More btn' is clicked on

2024-02-27 16:35:08 - [TEST_STEP][PASSED] - callTestCase(findTestCase("Built-in test cases/Choose recipients"), [:], STOP_ON_FAILURE): Call Test Case 'Test Cases/Built-in test cases/Choose recipients' successfully

2024-02-27 16:35:08 - [TEST_CASE][PASSED] - Test Cases/Built-in test cases/Choose recipients: Test Cases/Built-in test cases/Choose recipients

2024-02-27 16:35:08 - [TEST_STEP][PASSED] - click(findTestObject("Create Pop-up Alert Page/Choose recipients modal window/Filter field")): Object: 'Object Repository/Create Pop-up Alert Page/Choose recipients modal window/Filter field' is clicked on

2024-02-27 16:35:08 - [MESSAGE][PASSED] - Object: 'Object Repository/Create Pop-up Alert Page/Choose recipients modal window/Filter field' is clicked on

2024-02-27 16:35:08 - [TEST_STEP][PASSED] - setText(findTestObject("Create Pop-up Alert Page/Choose recipients modal window/Filter field"), "LAPTOP-E6BU4LL9"): Text 'LAPTOP-E6BU4LL9' is set on object 'Object Repository/Create Pop-up Alert Page/Choose recipients modal window/Filter field'

2024-02-27 16:35:10 - [MESSAGE][PASSED] - Text 'LAPTOP-E6BU4LL9' is set on object 'Object Repository/Create Pop-up Alert Page/Choose recipients modal window/Filter field'

2024-02-27 16:35:10 - [TEST_STEP][PASSED] - verifyElementText(findTestObject("Create Pop-up Alert Page/Choose recipients modal window/All user list-filtered"), "LAPTOP-E6BU4LL9 "): Actual text and expected text of test object 'Object Repository/Create Pop-up Alert Page/Choose recipients modal window/All user list-filtered' are matched.

2024-02-27 16:35:11 - [MESSAGE][PASSED] - Actual text and expected text of test object 'Object Repository/Create Pop-up Alert Page/Choose recipients modal window/All user list-filtered' are matched.

2024-02-27 16:35:11 - [TEST_STEP][PASSED] - click(findTestObject("Create Pop-up Alert Page/Choose recipients modal window/filtered user selection")): Object: 'Object Repository/Create Pop-up Alert Page/Choose recipients modal window/filtered user selection' is clicked on

2024-02-27 16:35:12 - [MESSAGE][PASSED] - Object: 'Object Repository/Create Pop-up Alert Page/Choose recipients modal window/filtered user selection' is clicked on

2024-02-27 16:35:12 - [TEST_STEP][PASSED] - click(findTestObject("Create Pop-up Alert Page/Choose recipients modal window/Filter field")): Object: 'Object Repository/Create Pop-up Alert Page/Choose recipients modal window/Filter field' is clicked on

2024-02-27 16:35:12 - [MESSAGE][PASSED] - Object: 'Object Repository/Create Pop-up Alert Page/Choose recipients modal window/Filter field' is clicked on

2024-02-27 16:35:12 - [TEST_STEP][PASSED] - sendKeys(findTestObject("Create Pop-up Alert Page/Choose recipients modal window/Filter field"), Keys.chord(CONTROL, "a", BACK_SPACE)): Keys 'CONTROL + BACK_SPACE + a' sent to object: 'Object Repository/Create Pop-up Alert Page/Choose recipients modal window/Filter field'

2024-02-27 16:35:12 - [MESSAGE][PASSED] - Keys 'CONTROL + BACK_SPACE + a' sent to object: 'Object Repository/Create Pop-up Alert Page/Choose recipients modal window/Filter field'

2024-02-27 16:35:12 - [TEST_STEP][PASSED] - setText(findTestObject("Create Pop-up Alert Page/Choose recipients modal window/Filter field"), "DESKTOP-9UH6GK7"): Text 'DESKTOP-9UH6GK7' is set on object 'Object Repository/Create Pop-up Alert Page/Choose recipients modal window/Filter field'

2024-02-27 16:35:13 - [MESSAGE][PASSED] - Text 'DESKTOP-9UH6GK7' is set on object 'Object Repository/Create Pop-up Alert Page/Choose recipients modal window/Filter field'

2024-02-27 16:35:13 - [TEST_STEP][PASSED] - verifyElementText(findTestObject("Create Pop-up Alert Page/Choose recipients modal window/All user list-filtered"), "DESKTOP-9UH6GK7 "): Actual text and expected text of test object 'Object Repository/Create Pop-up Alert Page/Choose recipients modal window/All user list-filtered' are matched.

2024-02-27 16:35:15 - [MESSAGE][PASSED] - Actual text and expected text of test object 'Object Repository/Create Pop-up Alert Page/Choose recipients modal window/All user list-filtered' are matched.

2024-02-27 16:35:15 - [TEST_STEP][PASSED] - click(findTestObject("Create Pop-up Alert Page/Choose recipients modal window/filtered user selection")): Object: 'Object Repository/Create Pop-up Alert Page/Choose recipients modal window/filtered user selection' is clicked on

2024-02-27 16:35:15 - [MESSAGE][PASSED] - Object: 'Object Repository/Create Pop-up Alert Page/Choose recipients modal window/filtered user selection' is clicked on

2024-02-27 16:35:15 - [TEST_STEP][PASSED] - click(findTestObject("Wallpapers/Done")): Object: 'Object Repository/Wallpapers/Done' is clicked on

2024-02-27 16:35:16 - [MESSAGE][PASSED] - Object: 'Object Repository/Wallpapers/Done' is clicked on

2024-02-27 16:35:16 - [MESSAGE][PASSED] - Call Test Case 'Test Cases/Built-in test cases/Choose recipients' successfully

2024-02-27 16:35:16 - [TEST_STEP][PASSED] - setText(findTestObject("Create Pop-up Alert Page/Alert Title field"), "TC-31"): Text 'TC-31' is set on object 'Object Repository/Create Pop-up Alert Page/Alert Title field'

2024-02-27 16:35:17 - [MESSAGE][PASSED] - Text 'TC-31' is set on object 'Object Repository/Create Pop-up Alert Page/Alert Title field'

2024-02-27 16:35:17 - [TEST_STEP][PASSED] - setText(findTestObject("Survey/Q1 input"), "Choose image with mountains"): Text 'Choose image with mountains' is set on object 'Object Repository/Survey/Q1 input'

2024-02-27 16:35:18 - [MESSAGE][PASSED] - Text 'Choose image with mountains' is set on object 'Object Repository/Survey/Q1 input'

2024-02-27 16:35:18 - [TEST_STEP][PASSED] - setText(findTestObject("Survey/Q1 Answer 1 input field"), "Picture 1"): Text 'Picture 1' is set on object 'Object Repository/Survey/Q1 Answer 1 input field'

2024-02-27 16:35:18 - [MESSAGE][PASSED] - Text 'Picture 1' is set on object 'Object Repository/Survey/Q1 Answer 1 input field'

2024-02-27 16:35:18 - [TEST_STEP][PASSED] - click(findTestObject("Survey/Add image Q1(a1)")): Object: 'Object Repository/Survey/Add image Q1(a1)' is clicked on

2024-02-27 16:35:19 - [MESSAGE][PASSED] - Object: 'Object Repository/Survey/Add image Q1(a1)' is clicked on

2024-02-27 16:35:19 - [TEST_STEP][PASSED] - click(findTestObject("Wallpapers/first image on a server")): Object: 'Object Repository/Wallpapers/first image on a server' is clicked on

2024-02-27 16:35:19 - [MESSAGE][PASSED] - Object: 'Object Repository/Wallpapers/first image on a server' is clicked on

2024-02-27 16:35:19 - [TEST_STEP][PASSED] - setText(findTestObject("Survey/Q1 answer 2 input field"), "Picture 2"): Text 'Picture 2' is set on object 'Object Repository/Survey/Q1 answer 2 input field'

2024-02-27 16:35:20 - [MESSAGE][PASSED] - Text 'Picture 2' is set on object 'Object Repository/Survey/Q1 answer 2 input field'

2024-02-27 16:35:20 - [TEST_STEP][PASSED] - click(findTestObject("Survey/add image Q1(a2)")): Object: 'Object Repository/Survey/add image Q1(a2)' is clicked on

2024-02-27 16:35:21 - [MESSAGE][PASSED] - Object: 'Object Repository/Survey/add image Q1(a2)' is clicked on

2024-02-27 16:35:21 - [TEST_STEP][PASSED] - click(findTestObject("Survey/6th image from server TC-31")): Object: 'Object Repository/Survey/6th image from server TC-31' is clicked on

2024-02-27 16:35:21 - [MESSAGE][PASSED] - Object: 'Object Repository/Survey/6th image from server TC-31' is clicked on

2024-02-27 16:35:21 - [TEST_STEP][PASSED] - click(findTestObject("Survey/Send btn Survey")): Object: 'Object Repository/Survey/Send btn Survey' is clicked on

2024-02-27 16:35:22 - [MESSAGE][PASSED] - Object: 'Object Repository/Survey/Send btn Survey' is clicked on

2024-02-27 16:35:22 - [TEST_STEP][PASSED] - click(findTestObject("Survey/Poll tab")): Object: 'Object Repository/Survey/Poll tab' is clicked on

2024-02-27 16:35:23 - [MESSAGE][PASSED] - Object: 'Object Repository/Survey/Poll tab' is clicked on

2024-02-27 16:35:23 - [TEST_STEP][PASSED] - setText(findTestObject("Pop-up Alerts page/Search by title field"), "TC-31"): Text 'TC-31' is set on object 'Object Repository/Pop-up Alerts page/Search by title field'

2024-02-27 16:35:25 - [MESSAGE][PASSED] - Text 'TC-31' is set on object 'Object Repository/Pop-up Alerts page/Search by title field'

2024-02-27 16:35:25 - [TEST_STEP][PASSED] - verifyElementText(findTestObject("Pop-up Alerts page/Filtered sent alert"), "TC-31"): Actual text and expected text of test object 'Object Repository/Pop-up Alerts page/Filtered sent alert' are matched.

2024-02-27 16:35:25 - [MESSAGE][PASSED] - Actual text and expected text of test object 'Object Repository/Pop-up Alerts page/Filtered sent alert' are matched.]]></system-out>
         <system-err><![CDATA[]]></system-err>
      </testcase>
      <testcase name="Test Cases/Surveys-Quizz-Poll/Create template using Save this template option (TC-34)" time="22.48" classname="Test Cases/Surveys-Quizz-Poll/Create template using Save this template option (TC-34)" status="PASSED">
         <system-out><![CDATA[2024-02-27 16:35:27 - [TEST_CASE][PASSED] - Test Cases/Surveys-Quizz-Poll/Create template using Save this template option (TC-34): Test Cases/Surveys-Quizz-Poll/Create template using Save this template option (TC-34)

2024-02-27 16:35:27 - [TEST_STEP][PASSED] - click(findTestObject("Dashboard Page/Left-hand menu Surveys-Quizz-Poll")): Object: 'Object Repository/Dashboard Page/Left-hand menu Surveys-Quizz-Poll' is clicked on

2024-02-27 16:35:28 - [MESSAGE][PASSED] - Object: 'Object Repository/Dashboard Page/Left-hand menu Surveys-Quizz-Poll' is clicked on

2024-02-27 16:35:28 - [TEST_STEP][PASSED] - click(findTestObject("Survey/New Survey btn")): Object: 'Object Repository/Survey/New Survey btn' is clicked on

2024-02-27 16:35:28 - [MESSAGE][PASSED] - Object: 'Object Repository/Survey/New Survey btn' is clicked on

2024-02-27 16:35:28 - [TEST_STEP][PASSED] - check(findTestObject("Survey/Classic survey radio button")): Object 'Object Repository/Survey/Classic survey radio button' is checked

2024-02-27 16:35:31 - [MESSAGE][PASSED] - Object 'Object Repository/Survey/Classic survey radio button' is checked

2024-02-27 16:35:31 - [TEST_STEP][PASSED] - click(findTestObject("Survey/More btn")): Object: 'Object Repository/Survey/More btn' is clicked on

2024-02-27 16:35:31 - [MESSAGE][PASSED] - Object: 'Object Repository/Survey/More btn' is clicked on

2024-02-27 16:35:31 - [TEST_STEP][PASSED] - callTestCase(findTestCase("Built-in test cases/Choose recipients"), [:], STOP_ON_FAILURE): Call Test Case 'Test Cases/Built-in test cases/Choose recipients' successfully

2024-02-27 16:35:31 - [TEST_CASE][PASSED] - Test Cases/Built-in test cases/Choose recipients: Test Cases/Built-in test cases/Choose recipients

2024-02-27 16:35:31 - [TEST_STEP][PASSED] - click(findTestObject("Create Pop-up Alert Page/Choose recipients modal window/Filter field")): Object: 'Object Repository/Create Pop-up Alert Page/Choose recipients modal window/Filter field' is clicked on

2024-02-27 16:35:32 - [MESSAGE][PASSED] - Object: 'Object Repository/Create Pop-up Alert Page/Choose recipients modal window/Filter field' is clicked on

2024-02-27 16:35:32 - [TEST_STEP][PASSED] - setText(findTestObject("Create Pop-up Alert Page/Choose recipients modal window/Filter field"), "LAPTOP-E6BU4LL9"): Text 'LAPTOP-E6BU4LL9' is set on object 'Object Repository/Create Pop-up Alert Page/Choose recipients modal window/Filter field'

2024-02-27 16:35:33 - [MESSAGE][PASSED] - Text 'LAPTOP-E6BU4LL9' is set on object 'Object Repository/Create Pop-up Alert Page/Choose recipients modal window/Filter field'

2024-02-27 16:35:33 - [TEST_STEP][PASSED] - verifyElementText(findTestObject("Create Pop-up Alert Page/Choose recipients modal window/All user list-filtered"), "LAPTOP-E6BU4LL9 "): Actual text and expected text of test object 'Object Repository/Create Pop-up Alert Page/Choose recipients modal window/All user list-filtered' are matched.

2024-02-27 16:35:35 - [MESSAGE][PASSED] - Actual text and expected text of test object 'Object Repository/Create Pop-up Alert Page/Choose recipients modal window/All user list-filtered' are matched.

2024-02-27 16:35:35 - [TEST_STEP][PASSED] - click(findTestObject("Create Pop-up Alert Page/Choose recipients modal window/filtered user selection")): Object: 'Object Repository/Create Pop-up Alert Page/Choose recipients modal window/filtered user selection' is clicked on

2024-02-27 16:35:35 - [MESSAGE][PASSED] - Object: 'Object Repository/Create Pop-up Alert Page/Choose recipients modal window/filtered user selection' is clicked on

2024-02-27 16:35:35 - [TEST_STEP][PASSED] - click(findTestObject("Create Pop-up Alert Page/Choose recipients modal window/Filter field")): Object: 'Object Repository/Create Pop-up Alert Page/Choose recipients modal window/Filter field' is clicked on

2024-02-27 16:35:36 - [MESSAGE][PASSED] - Object: 'Object Repository/Create Pop-up Alert Page/Choose recipients modal window/Filter field' is clicked on

2024-02-27 16:35:36 - [TEST_STEP][PASSED] - sendKeys(findTestObject("Create Pop-up Alert Page/Choose recipients modal window/Filter field"), Keys.chord(CONTROL, "a", BACK_SPACE)): Keys 'CONTROL + BACK_SPACE + a' sent to object: 'Object Repository/Create Pop-up Alert Page/Choose recipients modal window/Filter field'

2024-02-27 16:35:36 - [MESSAGE][PASSED] - Keys 'CONTROL + BACK_SPACE + a' sent to object: 'Object Repository/Create Pop-up Alert Page/Choose recipients modal window/Filter field'

2024-02-27 16:35:36 - [TEST_STEP][PASSED] - setText(findTestObject("Create Pop-up Alert Page/Choose recipients modal window/Filter field"), "DESKTOP-9UH6GK7"): Text 'DESKTOP-9UH6GK7' is set on object 'Object Repository/Create Pop-up Alert Page/Choose recipients modal window/Filter field'

2024-02-27 16:35:37 - [MESSAGE][PASSED] - Text 'DESKTOP-9UH6GK7' is set on object 'Object Repository/Create Pop-up Alert Page/Choose recipients modal window/Filter field'

2024-02-27 16:35:37 - [TEST_STEP][PASSED] - verifyElementText(findTestObject("Create Pop-up Alert Page/Choose recipients modal window/All user list-filtered"), "DESKTOP-9UH6GK7 "): Actual text and expected text of test object 'Object Repository/Create Pop-up Alert Page/Choose recipients modal window/All user list-filtered' are matched.

2024-02-27 16:35:38 - [MESSAGE][PASSED] - Actual text and expected text of test object 'Object Repository/Create Pop-up Alert Page/Choose recipients modal window/All user list-filtered' are matched.

2024-02-27 16:35:38 - [TEST_STEP][PASSED] - click(findTestObject("Create Pop-up Alert Page/Choose recipients modal window/filtered user selection")): Object: 'Object Repository/Create Pop-up Alert Page/Choose recipients modal window/filtered user selection' is clicked on

2024-02-27 16:35:39 - [MESSAGE][PASSED] - Object: 'Object Repository/Create Pop-up Alert Page/Choose recipients modal window/filtered user selection' is clicked on

2024-02-27 16:35:39 - [TEST_STEP][PASSED] - click(findTestObject("Wallpapers/Done")): Object: 'Object Repository/Wallpapers/Done' is clicked on

2024-02-27 16:35:39 - [MESSAGE][PASSED] - Object: 'Object Repository/Wallpapers/Done' is clicked on

2024-02-27 16:35:39 - [MESSAGE][PASSED] - Call Test Case 'Test Cases/Built-in test cases/Choose recipients' successfully

2024-02-27 16:35:39 - [TEST_STEP][PASSED] - setText(findTestObject("Create Pop-up Alert Page/Alert Title field"), "TC-34"): Text 'TC-34' is set on object 'Object Repository/Create Pop-up Alert Page/Alert Title field'

2024-02-27 16:35:40 - [MESSAGE][PASSED] - Text 'TC-34' is set on object 'Object Repository/Create Pop-up Alert Page/Alert Title field'

2024-02-27 16:35:40 - [TEST_STEP][PASSED] - setText(findTestObject("Survey/Q1 input"), "Do you agree with the following statement, “It is easy to navigate your web app?"): Text 'Do you agree with the following statement, “It is easy to navigate your web app?' is set on object 'Object Repository/Survey/Q1 input'

2024-02-27 16:35:42 - [MESSAGE][PASSED] - Text 'Do you agree with the following statement, “It is easy to navigate your web app?' is set on object 'Object Repository/Survey/Q1 input'

2024-02-27 16:35:42 - [TEST_STEP][PASSED] - setText(findTestObject("Survey/Q1 Answer 1 input field"), "I agree"): Text 'I agree' is set on object 'Object Repository/Survey/Q1 Answer 1 input field'

2024-02-27 16:35:43 - [MESSAGE][PASSED] - Text 'I agree' is set on object 'Object Repository/Survey/Q1 Answer 1 input field'

2024-02-27 16:35:43 - [TEST_STEP][PASSED] - setText(findTestObject("Survey/Q1 answer 2 input field"), "I disagree"): Text 'I disagree' is set on object 'Object Repository/Survey/Q1 answer 2 input field'

2024-02-27 16:35:44 - [MESSAGE][PASSED] - Text 'I disagree' is set on object 'Object Repository/Survey/Q1 answer 2 input field'

2024-02-27 16:35:44 - [TEST_STEP][PASSED] - scrollToElement(findTestObject("Survey/Save this template btn"), 2): Scroll to object 'Object Repository/Survey/Save this template btn' successfully

2024-02-27 16:35:44 - [MESSAGE][PASSED] - Scroll to object 'Object Repository/Survey/Save this template btn' successfully

2024-02-27 16:35:44 - [TEST_STEP][PASSED] - click(findTestObject("Survey/Save this template btn")): Object: 'Object Repository/Survey/Save this template btn' is clicked on

2024-02-27 16:35:45 - [MESSAGE][PASSED] - Object: 'Object Repository/Survey/Save this template btn' is clicked on

2024-02-27 16:35:45 - [TEST_STEP][PASSED] - click(findTestObject("Survey/Survey templates tab")): Object: 'Object Repository/Survey/Survey templates tab' is clicked on

2024-02-27 16:35:46 - [MESSAGE][PASSED] - Object: 'Object Repository/Survey/Survey templates tab' is clicked on

2024-02-27 16:35:46 - [TEST_STEP][PASSED] - setText(findTestObject("Pop-up Alerts page/Search by title field"), "TC-34"): Text 'TC-34' is set on object 'Object Repository/Pop-up Alerts page/Search by title field'

2024-02-27 16:35:47 - [MESSAGE][PASSED] - Text 'TC-34' is set on object 'Object Repository/Pop-up Alerts page/Search by title field'

2024-02-27 16:35:47 - [TEST_STEP][PASSED] - verifyElementText(findTestObject("Pop-up Alerts page/Filtered sent alert"), "TC-34"): Actual text and expected text of test object 'Object Repository/Pop-up Alerts page/Filtered sent alert' are matched.

2024-02-27 16:35:48 - [MESSAGE][PASSED] - Actual text and expected text of test object 'Object Repository/Pop-up Alerts page/Filtered sent alert' are matched.]]></system-out>
         <system-err><![CDATA[]]></system-err>
      </testcase>
      <testcase name="Test Cases/Surveys-Quizz-Poll/Create template (TC-32)" time="46.371" classname="Test Cases/Surveys-Quizz-Poll/Create template (TC-32)" status="PASSED">
         <system-out><![CDATA[2024-02-27 16:36:25 - [TEST_CASE][PASSED] - Test Cases/Surveys-Quizz-Poll/Create template (TC-32): Test Cases/Surveys-Quizz-Poll/Create template (TC-32)

2024-02-27 16:36:25 - [TEST_STEP][PASSED] - click(findTestObject("Dashboard Page/Left-hand menu Surveys-Quizz-Poll")): Object: 'Object Repository/Dashboard Page/Left-hand menu Surveys-Quizz-Poll' is clicked on

2024-02-27 16:36:25 - [MESSAGE][PASSED] - Object: 'Object Repository/Dashboard Page/Left-hand menu Surveys-Quizz-Poll' is clicked on

2024-02-27 16:36:25 - [TEST_STEP][PASSED] - click(findTestObject("Survey/Survey templates tab")): Object: 'Object Repository/Survey/Survey templates tab' is clicked on

2024-02-27 16:36:26 - [MESSAGE][PASSED] - Object: 'Object Repository/Survey/Survey templates tab' is clicked on

2024-02-27 16:36:26 - [TEST_STEP][PASSED] - click(findTestObject("Survey/Survey template btn")): Object: 'Object Repository/Survey/Survey template btn' is clicked on

2024-02-27 16:36:27 - [MESSAGE][PASSED] - Object: 'Object Repository/Survey/Survey template btn' is clicked on

2024-02-27 16:36:27 - [TEST_STEP][PASSED] - check(findTestObject("Survey/Quizz radio btn")): Object 'Object Repository/Survey/Quizz radio btn' is checked

2024-02-27 16:36:30 - [MESSAGE][PASSED] - Object 'Object Repository/Survey/Quizz radio btn' is checked

2024-02-27 16:36:30 - [TEST_STEP][PASSED] - verifyElementChecked(findTestObject("Survey/Quizz radio btn"), 1): Object 'Object Repository/Survey/Quizz radio btn' is checked

2024-02-27 16:36:30 - [MESSAGE][PASSED] - Object 'Object Repository/Survey/Quizz radio btn' is checked

2024-02-27 16:36:30 - [TEST_STEP][PASSED] - setText(findTestObject("Create Pop-up Alert Page/Alert Title field"), "TC-32"): Text 'TC-32' is set on object 'Object Repository/Create Pop-up Alert Page/Alert Title field'

2024-02-27 16:36:31 - [MESSAGE][PASSED] - Text 'TC-32' is set on object 'Object Repository/Create Pop-up Alert Page/Alert Title field'

2024-02-27 16:36:31 - [TEST_STEP][PASSED] - setText(findTestObject("Survey/Q1 input"), "If you freeze water, what do you get?"): Text 'If you freeze water, what do you get?' is set on object 'Object Repository/Survey/Q1 input'

2024-02-27 16:36:32 - [MESSAGE][PASSED] - Text 'If you freeze water, what do you get?' is set on object 'Object Repository/Survey/Q1 input'

2024-02-27 16:36:32 - [TEST_STEP][PASSED] - setText(findTestObject("Survey/Q1 Answer 1 input field"), "coffee"): Text 'coffee' is set on object 'Object Repository/Survey/Q1 Answer 1 input field'

2024-02-27 16:36:33 - [MESSAGE][PASSED] - Text 'coffee' is set on object 'Object Repository/Survey/Q1 Answer 1 input field'

2024-02-27 16:36:33 - [TEST_STEP][PASSED] - setText(findTestObject("Survey/Q1 answer 2 input field"), "ice"): Text 'ice' is set on object 'Object Repository/Survey/Q1 answer 2 input field'

2024-02-27 16:36:34 - [MESSAGE][PASSED] - Text 'ice' is set on object 'Object Repository/Survey/Q1 answer 2 input field'

2024-02-27 16:36:34 - [TEST_STEP][PASSED] - click(findTestObject("Survey/Mark as correct")): Object: 'Object Repository/Survey/Mark as correct' is clicked on

2024-02-27 16:36:34 - [MESSAGE][PASSED] - Object: 'Object Repository/Survey/Mark as correct' is clicked on

2024-02-27 16:36:34 - [TEST_STEP][PASSED] - click(findTestObject("Survey/Add question btn")): Object: 'Object Repository/Survey/Add question btn' is clicked on

2024-02-27 16:36:34 - [MESSAGE][PASSED] - Object: 'Object Repository/Survey/Add question btn' is clicked on

2024-02-27 16:36:34 - [TEST_STEP][PASSED] - setText(findTestObject("Survey/Q2 input"), "At what temperature does water change its state?"): Text 'At what temperature does water change its state?' is set on object 'Object Repository/Survey/Q2 input'

2024-02-27 16:36:36 - [MESSAGE][PASSED] - Text 'At what temperature does water change its state?' is set on object 'Object Repository/Survey/Q2 input'

2024-02-27 16:36:36 - [TEST_STEP][PASSED] - scrollToElement(findTestObject("Survey/choice options"), 1): Scroll to object 'Object Repository/Survey/choice options' successfully

2024-02-27 16:36:36 - [MESSAGE][PASSED] - Scroll to object 'Object Repository/Survey/choice options' successfully

2024-02-27 16:36:36 - [TEST_STEP][PASSED] - click(findTestObject("Survey/choice options")): Object: 'Object Repository/Survey/choice options' is clicked on

2024-02-27 16:36:37 - [MESSAGE][PASSED] - Object: 'Object Repository/Survey/choice options' is clicked on

2024-02-27 16:36:37 - [TEST_STEP][PASSED] - click(findTestObject("Survey/Multiple choice")): Object: 'Object Repository/Survey/Multiple choice' is clicked on

2024-02-27 16:36:37 - [MESSAGE][PASSED] - Object: 'Object Repository/Survey/Multiple choice' is clicked on

2024-02-27 16:36:37 - [TEST_STEP][PASSED] - setText(findTestObject("Survey/Q2 answer 1 input field"), "0"): Text '0' is set on object 'Object Repository/Survey/Q2 answer 1 input field'

2024-02-27 16:36:38 - [MESSAGE][PASSED] - Text '0' is set on object 'Object Repository/Survey/Q2 answer 1 input field'

2024-02-27 16:36:38 - [TEST_STEP][PASSED] - setText(findTestObject("Survey/Q2 answer 2 input field"), "50"): Text '50' is set on object 'Object Repository/Survey/Q2 answer 2 input field'

2024-02-27 16:36:39 - [MESSAGE][PASSED] - Text '50' is set on object 'Object Repository/Survey/Q2 answer 2 input field'

2024-02-27 16:36:39 - [TEST_STEP][PASSED] - click(findTestObject("Survey/Add option")): Object: 'Object Repository/Survey/Add option' is clicked on

2024-02-27 16:36:39 - [MESSAGE][PASSED] - Object: 'Object Repository/Survey/Add option' is clicked on

2024-02-27 16:36:39 - [TEST_STEP][PASSED] - setText(findTestObject("Survey/Q2 answer 3 input field"), "100"): Text '100' is set on object 'Object Repository/Survey/Q2 answer 3 input field'

2024-02-27 16:36:40 - [MESSAGE][PASSED] - Text '100' is set on object 'Object Repository/Survey/Q2 answer 3 input field'

2024-02-27 16:36:40 - [TEST_STEP][PASSED] - click(findTestObject("Survey/Mark as correct Q2(a1)")): Object: 'Object Repository/Survey/Mark as correct Q2(a1)' is clicked on

2024-02-27 16:36:40 - [MESSAGE][PASSED] - Object: 'Object Repository/Survey/Mark as correct Q2(a1)' is clicked on

2024-02-27 16:36:40 - [TEST_STEP][PASSED] - click(findTestObject("Survey/Mark as correct Q2(a3)")): Object: 'Object Repository/Survey/Mark as correct Q2(a3)' is clicked on

2024-02-27 16:36:41 - [MESSAGE][PASSED] - Object: 'Object Repository/Survey/Mark as correct Q2(a3)' is clicked on

2024-02-27 16:36:41 - [TEST_STEP][PASSED] - click(findTestObject("Survey/Save survey template btn")): Object: 'Object Repository/Survey/Save survey template btn' is clicked on

2024-02-27 16:36:41 - [MESSAGE][PASSED] - Object: 'Object Repository/Survey/Save survey template btn' is clicked on

2024-02-27 16:36:41 - [TEST_STEP][PASSED] - verifyElementPresent(findTestObject("Survey/Survey templates tab"), 3): Object 'Object Repository/Survey/Survey templates tab' is present

2024-02-27 16:36:42 - [MESSAGE][PASSED] - Object 'Object Repository/Survey/Survey templates tab' is present

2024-02-27 16:36:42 - [TEST_STEP][PASSED] - click(findTestObject("Survey/Survey templates tab")): Object: 'Object Repository/Survey/Survey templates tab' is clicked on

2024-02-27 16:36:43 - [MESSAGE][PASSED] - Object: 'Object Repository/Survey/Survey templates tab' is clicked on

2024-02-27 16:36:43 - [TEST_STEP][PASSED] - setText(findTestObject("Pop-up Alerts page/Search by title field"), "TC-32"): Text 'TC-32' is set on object 'Object Repository/Pop-up Alerts page/Search by title field'

2024-02-27 16:36:44 - [MESSAGE][PASSED] - Text 'TC-32' is set on object 'Object Repository/Pop-up Alerts page/Search by title field'

2024-02-27 16:36:44 - [TEST_STEP][PASSED] - verifyElementText(findTestObject("Pop-up Alerts page/Filtered sent alert"), "TC-32"): Actual text and expected text of test object 'Object Repository/Pop-up Alerts page/Filtered sent alert' are matched.

2024-02-27 16:36:44 - [MESSAGE][PASSED] - Actual text and expected text of test object 'Object Repository/Pop-up Alerts page/Filtered sent alert' are matched.

2024-02-27 16:36:44 - [TEST_STEP][PASSED] - click(findTestObject("Survey/3dots Actions")): Object: 'Object Repository/Survey/3dots Actions' is clicked on

2024-02-27 16:36:45 - [MESSAGE][PASSED] - Object: 'Object Repository/Survey/3dots Actions' is clicked on

2024-02-27 16:36:45 - [TEST_STEP][PASSED] - click(findTestObject("Templates Action menu/Preview Template Action")): Object: 'Object Repository/Templates Action menu/Preview Template Action' is clicked on

2024-02-27 16:36:46 - [MESSAGE][PASSED] - Object: 'Object Repository/Templates Action menu/Preview Template Action' is clicked on

2024-02-27 16:36:46 - [TEST_STEP][PASSED] - switchToFrame(findTestObject("Create Pop-up Alert Page/Preview alert iframe"), 2): null

2024-02-27 16:36:47 - [TEST_STEP][PASSED] - takeFullPageScreenshot([]): Taking screenshot successfully

2024-02-27 16:36:47 - [MESSAGE][INFO] - 0 hidden object(s)

2024-02-27 16:36:47 - [MESSAGE][INFO] - 0 hidden object(s)

2024-02-27 16:36:47 - [MESSAGE][PASSED] - Taking screenshot successfully
[[ATTACHMENT|C:\\Users\\Home\\git\\Katalon\\Reports\\20240227_161115\\Surveys\\20240227_161128\\1709041007413.png]]

2024-02-27 16:36:47 - [TEST_STEP][PASSED] - click(findTestObject("Create Pop-up Alert Page/close alert preview")): Object: 'Object Repository/Create Pop-up Alert Page/close alert preview' is clicked on

2024-02-27 16:36:48 - [MESSAGE][PASSED] - Object: 'Object Repository/Create Pop-up Alert Page/close alert preview' is clicked on

2024-02-27 16:36:48 - [TEST_STEP][PASSED] - switchToDefaultContent(): null

2024-02-27 16:36:48 - [TEST_STEP][PASSED] - click(findTestObject("Survey/3dots Actions")): Object: 'Object Repository/Survey/3dots Actions' is clicked on

2024-02-27 16:36:48 - [MESSAGE][PASSED] - Object: 'Object Repository/Survey/3dots Actions' is clicked on

2024-02-27 16:36:48 - [TEST_STEP][PASSED] - click(findTestObject("Templates Action menu/Edit Template Action")): Object: 'Object Repository/Templates Action menu/Edit Template Action' is clicked on

2024-02-27 16:36:49 - [MESSAGE][PASSED] - Object: 'Object Repository/Templates Action menu/Edit Template Action' is clicked on

2024-02-27 16:36:49 - [TEST_STEP][PASSED] - click(findTestObject("Survey/Save survey template btn")): Object: 'Object Repository/Survey/Save survey template btn' is clicked on

2024-02-27 16:36:51 - [MESSAGE][PASSED] - Object: 'Object Repository/Survey/Save survey template btn' is clicked on

2024-02-27 16:36:51 - [TEST_STEP][PASSED] - verifyElementPresent(findTestObject("Survey/Survey templates tab"), 3): Object 'Object Repository/Survey/Survey templates tab' is present

2024-02-27 16:36:53 - [MESSAGE][PASSED] - Object 'Object Repository/Survey/Survey templates tab' is present

2024-02-27 16:36:53 - [TEST_STEP][PASSED] - click(findTestObject("Survey/Survey templates tab")): Object: 'Object Repository/Survey/Survey templates tab' is clicked on

2024-02-27 16:36:53 - [MESSAGE][PASSED] - Object: 'Object Repository/Survey/Survey templates tab' is clicked on

2024-02-27 16:36:53 - [TEST_STEP][PASSED] - click(findTestObject("Survey/3dots Actions")): Object: 'Object Repository/Survey/3dots Actions' is clicked on

2024-02-27 16:36:54 - [MESSAGE][PASSED] - Object: 'Object Repository/Survey/3dots Actions' is clicked on

2024-02-27 16:36:54 - [TEST_STEP][PASSED] - click(findTestObject("Templates Action menu/Create alert using this template")): Object: 'Object Repository/Templates Action menu/Create alert using this template' is clicked on

2024-02-27 16:36:55 - [MESSAGE][PASSED] - Object: 'Object Repository/Templates Action menu/Create alert using this template' is clicked on

2024-02-27 16:36:55 - [TEST_STEP][PASSED] - click(findTestObject("Survey/More btn")): Object: 'Object Repository/Survey/More btn' is clicked on

2024-02-27 16:36:58 - [MESSAGE][PASSED] - Object: 'Object Repository/Survey/More btn' is clicked on

2024-02-27 16:36:58 - [TEST_STEP][PASSED] - callTestCase(findTestCase("Built-in test cases/Choose recipients"), [:], STOP_ON_FAILURE): Call Test Case 'Test Cases/Built-in test cases/Choose recipients' successfully

2024-02-27 16:36:58 - [TEST_CASE][PASSED] - Test Cases/Built-in test cases/Choose recipients: Test Cases/Built-in test cases/Choose recipients

2024-02-27 16:36:58 - [TEST_STEP][PASSED] - click(findTestObject("Create Pop-up Alert Page/Choose recipients modal window/Filter field")): Object: 'Object Repository/Create Pop-up Alert Page/Choose recipients modal window/Filter field' is clicked on

2024-02-27 16:36:58 - [MESSAGE][PASSED] - Object: 'Object Repository/Create Pop-up Alert Page/Choose recipients modal window/Filter field' is clicked on

2024-02-27 16:36:58 - [TEST_STEP][PASSED] - setText(findTestObject("Create Pop-up Alert Page/Choose recipients modal window/Filter field"), "LAPTOP-E6BU4LL9"): Text 'LAPTOP-E6BU4LL9' is set on object 'Object Repository/Create Pop-up Alert Page/Choose recipients modal window/Filter field'

2024-02-27 16:37:00 - [MESSAGE][PASSED] - Text 'LAPTOP-E6BU4LL9' is set on object 'Object Repository/Create Pop-up Alert Page/Choose recipients modal window/Filter field'

2024-02-27 16:37:00 - [TEST_STEP][PASSED] - verifyElementText(findTestObject("Create Pop-up Alert Page/Choose recipients modal window/All user list-filtered"), "LAPTOP-E6BU4LL9 "): Actual text and expected text of test object 'Object Repository/Create Pop-up Alert Page/Choose recipients modal window/All user list-filtered' are matched.

2024-02-27 16:37:01 - [MESSAGE][PASSED] - Actual text and expected text of test object 'Object Repository/Create Pop-up Alert Page/Choose recipients modal window/All user list-filtered' are matched.

2024-02-27 16:37:01 - [TEST_STEP][PASSED] - click(findTestObject("Create Pop-up Alert Page/Choose recipients modal window/filtered user selection")): Object: 'Object Repository/Create Pop-up Alert Page/Choose recipients modal window/filtered user selection' is clicked on

2024-02-27 16:37:02 - [MESSAGE][PASSED] - Object: 'Object Repository/Create Pop-up Alert Page/Choose recipients modal window/filtered user selection' is clicked on

2024-02-27 16:37:02 - [TEST_STEP][PASSED] - click(findTestObject("Create Pop-up Alert Page/Choose recipients modal window/Filter field")): Object: 'Object Repository/Create Pop-up Alert Page/Choose recipients modal window/Filter field' is clicked on

2024-02-27 16:37:02 - [MESSAGE][PASSED] - Object: 'Object Repository/Create Pop-up Alert Page/Choose recipients modal window/Filter field' is clicked on

2024-02-27 16:37:02 - [TEST_STEP][PASSED] - sendKeys(findTestObject("Create Pop-up Alert Page/Choose recipients modal window/Filter field"), Keys.chord(CONTROL, "a", BACK_SPACE)): Keys 'CONTROL + BACK_SPACE + a' sent to object: 'Object Repository/Create Pop-up Alert Page/Choose recipients modal window/Filter field'

2024-02-27 16:37:02 - [MESSAGE][PASSED] - Keys 'CONTROL + BACK_SPACE + a' sent to object: 'Object Repository/Create Pop-up Alert Page/Choose recipients modal window/Filter field'

2024-02-27 16:37:02 - [TEST_STEP][PASSED] - setText(findTestObject("Create Pop-up Alert Page/Choose recipients modal window/Filter field"), "DESKTOP-9UH6GK7"): Text 'DESKTOP-9UH6GK7' is set on object 'Object Repository/Create Pop-up Alert Page/Choose recipients modal window/Filter field'

2024-02-27 16:37:03 - [MESSAGE][PASSED] - Text 'DESKTOP-9UH6GK7' is set on object 'Object Repository/Create Pop-up Alert Page/Choose recipients modal window/Filter field'

2024-02-27 16:37:03 - [TEST_STEP][PASSED] - verifyElementText(findTestObject("Create Pop-up Alert Page/Choose recipients modal window/All user list-filtered"), "DESKTOP-9UH6GK7 "): Actual text and expected text of test object 'Object Repository/Create Pop-up Alert Page/Choose recipients modal window/All user list-filtered' are matched.

2024-02-27 16:37:05 - [MESSAGE][PASSED] - Actual text and expected text of test object 'Object Repository/Create Pop-up Alert Page/Choose recipients modal window/All user list-filtered' are matched.

2024-02-27 16:37:05 - [TEST_STEP][PASSED] - click(findTestObject("Create Pop-up Alert Page/Choose recipients modal window/filtered user selection")): Object: 'Object Repository/Create Pop-up Alert Page/Choose recipients modal window/filtered user selection' is clicked on

2024-02-27 16:37:05 - [MESSAGE][PASSED] - Object: 'Object Repository/Create Pop-up Alert Page/Choose recipients modal window/filtered user selection' is clicked on

2024-02-27 16:37:05 - [TEST_STEP][PASSED] - click(findTestObject("Wallpapers/Done")): Object: 'Object Repository/Wallpapers/Done' is clicked on

2024-02-27 16:37:06 - [MESSAGE][PASSED] - Object: 'Object Repository/Wallpapers/Done' is clicked on

2024-02-27 16:37:06 - [MESSAGE][PASSED] - Call Test Case 'Test Cases/Built-in test cases/Choose recipients' successfully

2024-02-27 16:37:06 - [TEST_STEP][PASSED] - click(findTestObject("Survey/Send btn Survey")): Object: 'Object Repository/Survey/Send btn Survey' is clicked on

2024-02-27 16:37:06 - [MESSAGE][PASSED] - Object: 'Object Repository/Survey/Send btn Survey' is clicked on

2024-02-27 16:37:06 - [TEST_STEP][PASSED] - click(findTestObject("Survey/Survey templates tab")): Object: 'Object Repository/Survey/Survey templates tab' is clicked on

2024-02-27 16:37:08 - [MESSAGE][PASSED] - Object: 'Object Repository/Survey/Survey templates tab' is clicked on

2024-02-27 16:37:08 - [TEST_STEP][PASSED] - setText(findTestObject("Pop-up Alerts page/Search by title field"), "TC-32"): Text 'TC-32' is set on object 'Object Repository/Pop-up Alerts page/Search by title field'

2024-02-27 16:37:09 - [MESSAGE][PASSED] - Text 'TC-32' is set on object 'Object Repository/Pop-up Alerts page/Search by title field'

2024-02-27 16:37:09 - [TEST_STEP][PASSED] - verifyElementText(findTestObject("Pop-up Alerts page/Filtered sent alert"), "TC-32"): Actual text and expected text of test object 'Object Repository/Pop-up Alerts page/Filtered sent alert' are matched.

2024-02-27 16:37:09 - [MESSAGE][PASSED] - Actual text and expected text of test object 'Object Repository/Pop-up Alerts page/Filtered sent alert' are matched.]]></system-out>
         <system-err><![CDATA[]]></system-err>
      </testcase>
      <testcase name="Test Cases/Surveys-Quizz-Poll/Send quizz with selected template (TC-33)" time="14.716" classname="Test Cases/Surveys-Quizz-Poll/Send quizz with selected template (TC-33)" status="PASSED">
         <system-out><![CDATA[2024-02-27 16:37:11 - [TEST_CASE][PASSED] - Test Cases/Surveys-Quizz-Poll/Send quizz with selected template (TC-33): Test Cases/Surveys-Quizz-Poll/Send quizz with selected template (TC-33)

2024-02-27 16:37:12 - [TEST_STEP][PASSED] - click(findTestObject("Survey/Survey templates tab")): Object: 'Object Repository/Survey/Survey templates tab' is clicked on

2024-02-27 16:37:12 - [MESSAGE][PASSED] - Object: 'Object Repository/Survey/Survey templates tab' is clicked on

2024-02-27 16:37:12 - [TEST_STEP][PASSED] - setText(findTestObject("Pop-up Alerts page/Search by title field"), "TC-32"): Text 'TC-32' is set on object 'Object Repository/Pop-up Alerts page/Search by title field'

2024-02-27 16:37:13 - [MESSAGE][PASSED] - Text 'TC-32' is set on object 'Object Repository/Pop-up Alerts page/Search by title field'

2024-02-27 16:37:13 - [TEST_STEP][PASSED] - verifyElementText(findTestObject("Pop-up Alerts page/Filtered sent alert"), "TC-32"): Actual text and expected text of test object 'Object Repository/Pop-up Alerts page/Filtered sent alert' are matched.

2024-02-27 16:37:13 - [MESSAGE][PASSED] - Actual text and expected text of test object 'Object Repository/Pop-up Alerts page/Filtered sent alert' are matched.

2024-02-27 16:37:13 - [TEST_STEP][PASSED] - click(findTestObject("Survey/3dots Actions")): Object: 'Object Repository/Survey/3dots Actions' is clicked on

2024-02-27 16:37:14 - [MESSAGE][PASSED] - Object: 'Object Repository/Survey/3dots Actions' is clicked on

2024-02-27 16:37:14 - [TEST_STEP][PASSED] - click(findTestObject("Templates Action menu/Create alert using this template")): Object: 'Object Repository/Templates Action menu/Create alert using this template' is clicked on

2024-02-27 16:37:14 - [MESSAGE][PASSED] - Object: 'Object Repository/Templates Action menu/Create alert using this template' is clicked on

2024-02-27 16:37:14 - [TEST_STEP][PASSED] - sendKeys(findTestObject("Create Pop-up Alert Page/Alert Title field"), Keys.chord(CONTROL, "a", BACK_SPACE)): Keys 'CONTROL + BACK_SPACE + a' sent to object: 'Object Repository/Create Pop-up Alert Page/Alert Title field'

2024-02-27 16:37:17 - [MESSAGE][PASSED] - Keys 'CONTROL + BACK_SPACE + a' sent to object: 'Object Repository/Create Pop-up Alert Page/Alert Title field'

2024-02-27 16:37:17 - [TEST_STEP][PASSED] - setText(findTestObject("Create Pop-up Alert Page/Alert Title field"), "TC-33"): Text 'TC-33' is set on object 'Object Repository/Create Pop-up Alert Page/Alert Title field'

2024-02-27 16:37:18 - [MESSAGE][PASSED] - Text 'TC-33' is set on object 'Object Repository/Create Pop-up Alert Page/Alert Title field'

2024-02-27 16:37:18 - [TEST_STEP][PASSED] - verifyElementAttributeValue(findTestObject("Survey/Q1 input"), "value", "If you freeze water, what do you get?", 0): Object 'Object Repository/Survey/Q1 input' has attribute 'value' with value 'If you freeze water, what do you get?'

2024-02-27 16:37:18 - [MESSAGE][WARNING] - Timeout '0' is invalid. Using default page load timeout: '30'

2024-02-27 16:37:18 - [MESSAGE][PASSED] - Object 'Object Repository/Survey/Q1 input' has attribute 'value' with value 'If you freeze water, what do you get?'

2024-02-27 16:37:18 - [TEST_STEP][PASSED] - verifyElementAttributeValue(findTestObject("Survey/Q1 Answer 1 input field"), "value", "coffee", 0): Object 'Object Repository/Survey/Q1 Answer 1 input field' has attribute 'value' with value 'coffee'

2024-02-27 16:37:18 - [MESSAGE][WARNING] - Timeout '0' is invalid. Using default page load timeout: '30'

2024-02-27 16:37:18 - [MESSAGE][PASSED] - Object 'Object Repository/Survey/Q1 Answer 1 input field' has attribute 'value' with value 'coffee'

2024-02-27 16:37:18 - [TEST_STEP][PASSED] - verifyElementAttributeValue(findTestObject("Survey/Q1 answer 2 input field"), "value", "ice", 0): Object 'Object Repository/Survey/Q1 answer 2 input field' has attribute 'value' with value 'ice'

2024-02-27 16:37:18 - [MESSAGE][WARNING] - Timeout '0' is invalid. Using default page load timeout: '30'

2024-02-27 16:37:19 - [MESSAGE][PASSED] - Object 'Object Repository/Survey/Q1 answer 2 input field' has attribute 'value' with value 'ice'

2024-02-27 16:37:19 - [TEST_STEP][PASSED] - verifyElementAttributeValue(findTestObject("Survey/Q2 input"), "value", "At what temperature does water change its state?", 0): Object 'Object Repository/Survey/Q2 input' has attribute 'value' with value 'At what temperature does water change its state?'

2024-02-27 16:37:19 - [MESSAGE][WARNING] - Timeout '0' is invalid. Using default page load timeout: '30'

2024-02-27 16:37:19 - [MESSAGE][PASSED] - Object 'Object Repository/Survey/Q2 input' has attribute 'value' with value 'At what temperature does water change its state?'

2024-02-27 16:37:19 - [TEST_STEP][PASSED] - verifyElementAttributeValue(findTestObject("Survey/Q2 answer 1 input field"), "value", "0", 0): Object 'Object Repository/Survey/Q2 answer 1 input field' has attribute 'value' with value '0'

2024-02-27 16:37:19 - [MESSAGE][WARNING] - Timeout '0' is invalid. Using default page load timeout: '30'

2024-02-27 16:37:19 - [MESSAGE][PASSED] - Object 'Object Repository/Survey/Q2 answer 1 input field' has attribute 'value' with value '0'

2024-02-27 16:37:19 - [TEST_STEP][PASSED] - verifyElementAttributeValue(findTestObject("Survey/Q2 answer 2 input field"), "value", "50", 0): Object 'Object Repository/Survey/Q2 answer 2 input field' has attribute 'value' with value '50'

2024-02-27 16:37:19 - [MESSAGE][WARNING] - Timeout '0' is invalid. Using default page load timeout: '30'

2024-02-27 16:37:20 - [MESSAGE][PASSED] - Object 'Object Repository/Survey/Q2 answer 2 input field' has attribute 'value' with value '50'

2024-02-27 16:37:20 - [TEST_STEP][PASSED] - verifyElementAttributeValue(findTestObject("Survey/Q2 answer 3 input field"), "value", "100", 0): Object 'Object Repository/Survey/Q2 answer 3 input field' has attribute 'value' with value '100'

2024-02-27 16:37:20 - [MESSAGE][WARNING] - Timeout '0' is invalid. Using default page load timeout: '30'

2024-02-27 16:37:20 - [MESSAGE][PASSED] - Object 'Object Repository/Survey/Q2 answer 3 input field' has attribute 'value' with value '100'

2024-02-27 16:37:20 - [TEST_STEP][PASSED] - click(findTestObject("Survey/Send btn Survey")): Object: 'Object Repository/Survey/Send btn Survey' is clicked on

2024-02-27 16:37:20 - [MESSAGE][PASSED] - Object: 'Object Repository/Survey/Send btn Survey' is clicked on

2024-02-27 16:37:20 - [TEST_STEP][PASSED] - click(findTestObject("Survey/quizz tab")): Object: 'Object Repository/Survey/quizz tab' is clicked on

2024-02-27 16:37:23 - [MESSAGE][PASSED] - Object: 'Object Repository/Survey/quizz tab' is clicked on

2024-02-27 16:37:23 - [TEST_STEP][PASSED] - setText(findTestObject("Pop-up Alerts page/Search by title field"), "TC-33"): Text 'TC-33' is set on object 'Object Repository/Pop-up Alerts page/Search by title field'

2024-02-27 16:37:24 - [MESSAGE][PASSED] - Text 'TC-33' is set on object 'Object Repository/Pop-up Alerts page/Search by title field'

2024-02-27 16:37:24 - [TEST_STEP][PASSED] - verifyElementText(findTestObject("Pop-up Alerts page/Filtered sent alert"), "TC-33"): Actual text and expected text of test object 'Object Repository/Pop-up Alerts page/Filtered sent alert' are matched.

2024-02-27 16:37:24 - [MESSAGE][PASSED] - Actual text and expected text of test object 'Object Repository/Pop-up Alerts page/Filtered sent alert' are matched.]]></system-out>
         <system-err><![CDATA[]]></system-err>
      </testcase>
      <testcase name="Test Cases/Surveys-Quizz-Poll/Create template using Save this template option (TC-34)" time="21.667" classname="Test Cases/Surveys-Quizz-Poll/Create template using Save this template option (TC-34)" status="PASSED">
         <system-out><![CDATA[2024-02-27 16:37:26 - [TEST_CASE][PASSED] - Test Cases/Surveys-Quizz-Poll/Create template using Save this template option (TC-34): Test Cases/Surveys-Quizz-Poll/Create template using Save this template option (TC-34)

2024-02-27 16:37:26 - [TEST_STEP][PASSED] - click(findTestObject("Dashboard Page/Left-hand menu Surveys-Quizz-Poll")): Object: 'Object Repository/Dashboard Page/Left-hand menu Surveys-Quizz-Poll' is clicked on

2024-02-27 16:37:27 - [MESSAGE][PASSED] - Object: 'Object Repository/Dashboard Page/Left-hand menu Surveys-Quizz-Poll' is clicked on

2024-02-27 16:37:27 - [TEST_STEP][PASSED] - click(findTestObject("Survey/New Survey btn")): Object: 'Object Repository/Survey/New Survey btn' is clicked on

2024-02-27 16:37:27 - [MESSAGE][PASSED] - Object: 'Object Repository/Survey/New Survey btn' is clicked on

2024-02-27 16:37:27 - [TEST_STEP][PASSED] - check(findTestObject("Survey/Classic survey radio button")): Object 'Object Repository/Survey/Classic survey radio button' is checked

2024-02-27 16:37:30 - [MESSAGE][PASSED] - Object 'Object Repository/Survey/Classic survey radio button' is checked

2024-02-27 16:37:30 - [TEST_STEP][PASSED] - click(findTestObject("Survey/More btn")): Object: 'Object Repository/Survey/More btn' is clicked on

2024-02-27 16:37:30 - [MESSAGE][PASSED] - Object: 'Object Repository/Survey/More btn' is clicked on

2024-02-27 16:37:30 - [TEST_STEP][PASSED] - callTestCase(findTestCase("Built-in test cases/Choose recipients"), [:], STOP_ON_FAILURE): Call Test Case 'Test Cases/Built-in test cases/Choose recipients' successfully

2024-02-27 16:37:30 - [TEST_CASE][PASSED] - Test Cases/Built-in test cases/Choose recipients: Test Cases/Built-in test cases/Choose recipients

2024-02-27 16:37:30 - [TEST_STEP][PASSED] - click(findTestObject("Create Pop-up Alert Page/Choose recipients modal window/Filter field")): Object: 'Object Repository/Create Pop-up Alert Page/Choose recipients modal window/Filter field' is clicked on

2024-02-27 16:37:31 - [MESSAGE][PASSED] - Object: 'Object Repository/Create Pop-up Alert Page/Choose recipients modal window/Filter field' is clicked on

2024-02-27 16:37:31 - [TEST_STEP][PASSED] - setText(findTestObject("Create Pop-up Alert Page/Choose recipients modal window/Filter field"), "LAPTOP-E6BU4LL9"): Text 'LAPTOP-E6BU4LL9' is set on object 'Object Repository/Create Pop-up Alert Page/Choose recipients modal window/Filter field'

2024-02-27 16:37:32 - [MESSAGE][PASSED] - Text 'LAPTOP-E6BU4LL9' is set on object 'Object Repository/Create Pop-up Alert Page/Choose recipients modal window/Filter field'

2024-02-27 16:37:32 - [TEST_STEP][PASSED] - verifyElementText(findTestObject("Create Pop-up Alert Page/Choose recipients modal window/All user list-filtered"), "LAPTOP-E6BU4LL9 "): Actual text and expected text of test object 'Object Repository/Create Pop-up Alert Page/Choose recipients modal window/All user list-filtered' are matched.

2024-02-27 16:37:33 - [MESSAGE][PASSED] - Actual text and expected text of test object 'Object Repository/Create Pop-up Alert Page/Choose recipients modal window/All user list-filtered' are matched.

2024-02-27 16:37:33 - [TEST_STEP][PASSED] - click(findTestObject("Create Pop-up Alert Page/Choose recipients modal window/filtered user selection")): Object: 'Object Repository/Create Pop-up Alert Page/Choose recipients modal window/filtered user selection' is clicked on

2024-02-27 16:37:34 - [MESSAGE][PASSED] - Object: 'Object Repository/Create Pop-up Alert Page/Choose recipients modal window/filtered user selection' is clicked on

2024-02-27 16:37:34 - [TEST_STEP][PASSED] - click(findTestObject("Create Pop-up Alert Page/Choose recipients modal window/Filter field")): Object: 'Object Repository/Create Pop-up Alert Page/Choose recipients modal window/Filter field' is clicked on

2024-02-27 16:37:34 - [MESSAGE][PASSED] - Object: 'Object Repository/Create Pop-up Alert Page/Choose recipients modal window/Filter field' is clicked on

2024-02-27 16:37:34 - [TEST_STEP][PASSED] - sendKeys(findTestObject("Create Pop-up Alert Page/Choose recipients modal window/Filter field"), Keys.chord(CONTROL, "a", BACK_SPACE)): Keys 'CONTROL + BACK_SPACE + a' sent to object: 'Object Repository/Create Pop-up Alert Page/Choose recipients modal window/Filter field'

2024-02-27 16:37:35 - [MESSAGE][PASSED] - Keys 'CONTROL + BACK_SPACE + a' sent to object: 'Object Repository/Create Pop-up Alert Page/Choose recipients modal window/Filter field'

2024-02-27 16:37:35 - [TEST_STEP][PASSED] - setText(findTestObject("Create Pop-up Alert Page/Choose recipients modal window/Filter field"), "DESKTOP-9UH6GK7"): Text 'DESKTOP-9UH6GK7' is set on object 'Object Repository/Create Pop-up Alert Page/Choose recipients modal window/Filter field'

2024-02-27 16:37:35 - [MESSAGE][PASSED] - Text 'DESKTOP-9UH6GK7' is set on object 'Object Repository/Create Pop-up Alert Page/Choose recipients modal window/Filter field'

2024-02-27 16:37:35 - [TEST_STEP][PASSED] - verifyElementText(findTestObject("Create Pop-up Alert Page/Choose recipients modal window/All user list-filtered"), "DESKTOP-9UH6GK7 "): Actual text and expected text of test object 'Object Repository/Create Pop-up Alert Page/Choose recipients modal window/All user list-filtered' are matched.

2024-02-27 16:37:37 - [MESSAGE][PASSED] - Actual text and expected text of test object 'Object Repository/Create Pop-up Alert Page/Choose recipients modal window/All user list-filtered' are matched.

2024-02-27 16:37:37 - [TEST_STEP][PASSED] - click(findTestObject("Create Pop-up Alert Page/Choose recipients modal window/filtered user selection")): Object: 'Object Repository/Create Pop-up Alert Page/Choose recipients modal window/filtered user selection' is clicked on

2024-02-27 16:37:37 - [MESSAGE][PASSED] - Object: 'Object Repository/Create Pop-up Alert Page/Choose recipients modal window/filtered user selection' is clicked on

2024-02-27 16:37:37 - [TEST_STEP][PASSED] - click(findTestObject("Wallpapers/Done")): Object: 'Object Repository/Wallpapers/Done' is clicked on

2024-02-27 16:37:38 - [MESSAGE][PASSED] - Object: 'Object Repository/Wallpapers/Done' is clicked on

2024-02-27 16:37:38 - [MESSAGE][PASSED] - Call Test Case 'Test Cases/Built-in test cases/Choose recipients' successfully

2024-02-27 16:37:38 - [TEST_STEP][PASSED] - setText(findTestObject("Create Pop-up Alert Page/Alert Title field"), "TC-34"): Text 'TC-34' is set on object 'Object Repository/Create Pop-up Alert Page/Alert Title field'

2024-02-27 16:37:39 - [MESSAGE][PASSED] - Text 'TC-34' is set on object 'Object Repository/Create Pop-up Alert Page/Alert Title field'

2024-02-27 16:37:39 - [TEST_STEP][PASSED] - setText(findTestObject("Survey/Q1 input"), "Do you agree with the following statement, “It is easy to navigate your web app?"): Text 'Do you agree with the following statement, “It is easy to navigate your web app?' is set on object 'Object Repository/Survey/Q1 input'

2024-02-27 16:37:41 - [MESSAGE][PASSED] - Text 'Do you agree with the following statement, “It is easy to navigate your web app?' is set on object 'Object Repository/Survey/Q1 input'

2024-02-27 16:37:41 - [TEST_STEP][PASSED] - setText(findTestObject("Survey/Q1 Answer 1 input field"), "I agree"): Text 'I agree' is set on object 'Object Repository/Survey/Q1 Answer 1 input field'

2024-02-27 16:37:42 - [MESSAGE][PASSED] - Text 'I agree' is set on object 'Object Repository/Survey/Q1 Answer 1 input field'

2024-02-27 16:37:42 - [TEST_STEP][PASSED] - setText(findTestObject("Survey/Q1 answer 2 input field"), "I disagree"): Text 'I disagree' is set on object 'Object Repository/Survey/Q1 answer 2 input field'

2024-02-27 16:37:42 - [MESSAGE][PASSED] - Text 'I disagree' is set on object 'Object Repository/Survey/Q1 answer 2 input field'

2024-02-27 16:37:42 - [TEST_STEP][PASSED] - scrollToElement(findTestObject("Survey/Save this template btn"), 2): Scroll to object 'Object Repository/Survey/Save this template btn' successfully

2024-02-27 16:37:43 - [MESSAGE][PASSED] - Scroll to object 'Object Repository/Survey/Save this template btn' successfully

2024-02-27 16:37:43 - [TEST_STEP][PASSED] - click(findTestObject("Survey/Save this template btn")): Object: 'Object Repository/Survey/Save this template btn' is clicked on

2024-02-27 16:37:43 - [MESSAGE][PASSED] - Object: 'Object Repository/Survey/Save this template btn' is clicked on

2024-02-27 16:37:43 - [TEST_STEP][PASSED] - click(findTestObject("Survey/Survey templates tab")): Object: 'Object Repository/Survey/Survey templates tab' is clicked on

2024-02-27 16:37:44 - [MESSAGE][PASSED] - Object: 'Object Repository/Survey/Survey templates tab' is clicked on

2024-02-27 16:37:44 - [TEST_STEP][PASSED] - setText(findTestObject("Pop-up Alerts page/Search by title field"), "TC-34"): Text 'TC-34' is set on object 'Object Repository/Pop-up Alerts page/Search by title field'

2024-02-27 16:37:46 - [MESSAGE][PASSED] - Text 'TC-34' is set on object 'Object Repository/Pop-up Alerts page/Search by title field'

2024-02-27 16:37:46 - [TEST_STEP][PASSED] - verifyElementText(findTestObject("Pop-up Alerts page/Filtered sent alert"), "TC-34"): Actual text and expected text of test object 'Object Repository/Pop-up Alerts page/Filtered sent alert' are matched.

2024-02-27 16:37:46 - [MESSAGE][PASSED] - Actual text and expected text of test object 'Object Repository/Pop-up Alerts page/Filtered sent alert' are matched.]]></system-out>
         <system-err><![CDATA[]]></system-err>
      </testcase>
      <testcase name="Test Cases/Surveys-Quizz-Poll/Send survey with a template using drop-down menu (TC-35)" time="19.367" classname="Test Cases/Surveys-Quizz-Poll/Send survey with a template using drop-down menu (TC-35)" status="PASSED">
         <system-out><![CDATA[2024-02-27 16:38:23 - [TEST_CASE][PASSED] - Test Cases/Surveys-Quizz-Poll/Send survey with a template using drop-down menu (TC-35): Test Cases/Surveys-Quizz-Poll/Send survey with a template using drop-down menu (TC-35)

2024-02-27 16:38:23 - [TEST_STEP][PASSED] - click(findTestObject("Dashboard Page/Compose alert button expansion")): Object: 'Object Repository/Dashboard Page/Compose alert button expansion' is clicked on

2024-02-27 16:38:24 - [MESSAGE][PASSED] - Object: 'Object Repository/Dashboard Page/Compose alert button expansion' is clicked on

2024-02-27 16:38:24 - [TEST_STEP][PASSED] - click(findTestObject("Dashboard Page/Survey-Quizz-Poll")): Object: 'Object Repository/Dashboard Page/Survey-Quizz-Poll' is clicked on

2024-02-27 16:38:24 - [MESSAGE][PASSED] - Object: 'Object Repository/Dashboard Page/Survey-Quizz-Poll' is clicked on

2024-02-27 16:38:24 - [TEST_STEP][PASSED] - click(findTestObject("Survey/More btn")): Object: 'Object Repository/Survey/More btn' is clicked on

2024-02-27 16:38:27 - [MESSAGE][PASSED] - Object: 'Object Repository/Survey/More btn' is clicked on

2024-02-27 16:38:27 - [TEST_STEP][PASSED] - callTestCase(findTestCase("Built-in test cases/Choose recipients"), [:], STOP_ON_FAILURE): Call Test Case 'Test Cases/Built-in test cases/Choose recipients' successfully

2024-02-27 16:38:27 - [TEST_CASE][PASSED] - Test Cases/Built-in test cases/Choose recipients: Test Cases/Built-in test cases/Choose recipients

2024-02-27 16:38:27 - [TEST_STEP][PASSED] - click(findTestObject("Create Pop-up Alert Page/Choose recipients modal window/Filter field")): Object: 'Object Repository/Create Pop-up Alert Page/Choose recipients modal window/Filter field' is clicked on

2024-02-27 16:38:27 - [MESSAGE][PASSED] - Object: 'Object Repository/Create Pop-up Alert Page/Choose recipients modal window/Filter field' is clicked on

2024-02-27 16:38:27 - [TEST_STEP][PASSED] - setText(findTestObject("Create Pop-up Alert Page/Choose recipients modal window/Filter field"), "LAPTOP-E6BU4LL9"): Text 'LAPTOP-E6BU4LL9' is set on object 'Object Repository/Create Pop-up Alert Page/Choose recipients modal window/Filter field'

2024-02-27 16:38:29 - [MESSAGE][PASSED] - Text 'LAPTOP-E6BU4LL9' is set on object 'Object Repository/Create Pop-up Alert Page/Choose recipients modal window/Filter field'

2024-02-27 16:38:29 - [TEST_STEP][PASSED] - verifyElementText(findTestObject("Create Pop-up Alert Page/Choose recipients modal window/All user list-filtered"), "LAPTOP-E6BU4LL9 "): Actual text and expected text of test object 'Object Repository/Create Pop-up Alert Page/Choose recipients modal window/All user list-filtered' are matched.

2024-02-27 16:38:30 - [MESSAGE][PASSED] - Actual text and expected text of test object 'Object Repository/Create Pop-up Alert Page/Choose recipients modal window/All user list-filtered' are matched.

2024-02-27 16:38:30 - [TEST_STEP][PASSED] - click(findTestObject("Create Pop-up Alert Page/Choose recipients modal window/filtered user selection")): Object: 'Object Repository/Create Pop-up Alert Page/Choose recipients modal window/filtered user selection' is clicked on

2024-02-27 16:38:31 - [MESSAGE][PASSED] - Object: 'Object Repository/Create Pop-up Alert Page/Choose recipients modal window/filtered user selection' is clicked on

2024-02-27 16:38:31 - [TEST_STEP][PASSED] - click(findTestObject("Create Pop-up Alert Page/Choose recipients modal window/Filter field")): Object: 'Object Repository/Create Pop-up Alert Page/Choose recipients modal window/Filter field' is clicked on

2024-02-27 16:38:31 - [MESSAGE][PASSED] - Object: 'Object Repository/Create Pop-up Alert Page/Choose recipients modal window/Filter field' is clicked on

2024-02-27 16:38:31 - [TEST_STEP][PASSED] - sendKeys(findTestObject("Create Pop-up Alert Page/Choose recipients modal window/Filter field"), Keys.chord(CONTROL, "a", BACK_SPACE)): Keys 'CONTROL + BACK_SPACE + a' sent to object: 'Object Repository/Create Pop-up Alert Page/Choose recipients modal window/Filter field'

2024-02-27 16:38:31 - [MESSAGE][PASSED] - Keys 'CONTROL + BACK_SPACE + a' sent to object: 'Object Repository/Create Pop-up Alert Page/Choose recipients modal window/Filter field'

2024-02-27 16:38:31 - [TEST_STEP][PASSED] - setText(findTestObject("Create Pop-up Alert Page/Choose recipients modal window/Filter field"), "DESKTOP-9UH6GK7"): Text 'DESKTOP-9UH6GK7' is set on object 'Object Repository/Create Pop-up Alert Page/Choose recipients modal window/Filter field'

2024-02-27 16:38:32 - [MESSAGE][PASSED] - Text 'DESKTOP-9UH6GK7' is set on object 'Object Repository/Create Pop-up Alert Page/Choose recipients modal window/Filter field'

2024-02-27 16:38:32 - [TEST_STEP][PASSED] - verifyElementText(findTestObject("Create Pop-up Alert Page/Choose recipients modal window/All user list-filtered"), "DESKTOP-9UH6GK7 "): Actual text and expected text of test object 'Object Repository/Create Pop-up Alert Page/Choose recipients modal window/All user list-filtered' are matched.

2024-02-27 16:38:34 - [MESSAGE][PASSED] - Actual text and expected text of test object 'Object Repository/Create Pop-up Alert Page/Choose recipients modal window/All user list-filtered' are matched.

2024-02-27 16:38:34 - [TEST_STEP][PASSED] - click(findTestObject("Create Pop-up Alert Page/Choose recipients modal window/filtered user selection")): Object: 'Object Repository/Create Pop-up Alert Page/Choose recipients modal window/filtered user selection' is clicked on

2024-02-27 16:38:34 - [MESSAGE][PASSED] - Object: 'Object Repository/Create Pop-up Alert Page/Choose recipients modal window/filtered user selection' is clicked on

2024-02-27 16:38:34 - [TEST_STEP][PASSED] - click(findTestObject("Wallpapers/Done")): Object: 'Object Repository/Wallpapers/Done' is clicked on

2024-02-27 16:38:35 - [MESSAGE][PASSED] - Object: 'Object Repository/Wallpapers/Done' is clicked on

2024-02-27 16:38:35 - [MESSAGE][PASSED] - Call Test Case 'Test Cases/Built-in test cases/Choose recipients' successfully

2024-02-27 16:38:35 - [TEST_STEP][PASSED] - click(findTestObject("Create Pop-up Alert Page/Template selection button")): Object: 'Object Repository/Create Pop-up Alert Page/Template selection button' is clicked on

2024-02-27 16:38:35 - [MESSAGE][PASSED] - Object: 'Object Repository/Create Pop-up Alert Page/Template selection button' is clicked on

2024-02-27 16:38:35 - [TEST_STEP][PASSED] - click(findTestObject("Create RSVP/RSVP template with given value")): Object: 'Object Repository/Create RSVP/RSVP template with given value' is clicked on

2024-02-27 16:38:36 - [MESSAGE][PASSED] - Object: 'Object Repository/Create RSVP/RSVP template with given value' is clicked on

2024-02-27 16:38:36 - [TEST_STEP][PASSED] - sendKeys(findTestObject("Create Pop-up Alert Page/Alert Title field"), Keys.chord(CONTROL, "a", BACK_SPACE)): Keys 'CONTROL + BACK_SPACE + a' sent to object: 'Object Repository/Create Pop-up Alert Page/Alert Title field'

2024-02-27 16:38:37 - [MESSAGE][PASSED] - Keys 'CONTROL + BACK_SPACE + a' sent to object: 'Object Repository/Create Pop-up Alert Page/Alert Title field'

2024-02-27 16:38:37 - [TEST_STEP][PASSED] - setText(findTestObject("Create Pop-up Alert Page/Alert Title field"), "TC-35"): Text 'TC-35' is set on object 'Object Repository/Create Pop-up Alert Page/Alert Title field'

2024-02-27 16:38:37 - [MESSAGE][PASSED] - Text 'TC-35' is set on object 'Object Repository/Create Pop-up Alert Page/Alert Title field'

2024-02-27 16:38:37 - [TEST_STEP][PASSED] - getAttribute(findTestObject("Survey/Q1 input"), "value"): Attribute 'value' of object 'Object Repository/Survey/Q1 input' is: 'Do you agree with the following statement, “It is easy to navigate your web app?'

2024-02-27 16:38:38 - [MESSAGE][PASSED] - Attribute 'value' of object 'Object Repository/Survey/Q1 input' is: 'Do you agree with the following statement, “It is easy to navigate your web app?'

2024-02-27 16:38:38 - [TEST_STEP][PASSED] - getAttribute(findTestObject("Survey/Q1 Answer 1 input field"), "value"): Attribute 'value' of object 'Object Repository/Survey/Q1 Answer 1 input field' is: 'I agree'

2024-02-27 16:38:38 - [MESSAGE][PASSED] - Attribute 'value' of object 'Object Repository/Survey/Q1 Answer 1 input field' is: 'I agree'

2024-02-27 16:38:38 - [TEST_STEP][PASSED] - getAttribute(findTestObject("Survey/Q1 answer 2 input field"), "value"): Attribute 'value' of object 'Object Repository/Survey/Q1 answer 2 input field' is: 'I disagree'

2024-02-27 16:38:38 - [MESSAGE][PASSED] - Attribute 'value' of object 'Object Repository/Survey/Q1 answer 2 input field' is: 'I disagree'

2024-02-27 16:38:38 - [TEST_STEP][PASSED] - click(findTestObject("Survey/Send btn Survey")): Object: 'Object Repository/Survey/Send btn Survey' is clicked on

2024-02-27 16:38:39 - [MESSAGE][PASSED] - Object: 'Object Repository/Survey/Send btn Survey' is clicked on

2024-02-27 16:38:39 - [TEST_STEP][PASSED] - setText(findTestObject("Pop-up Alerts page/Search by title field"), "TC-35"): Text 'TC-35' is set on object 'Object Repository/Pop-up Alerts page/Search by title field'

2024-02-27 16:38:40 - [MESSAGE][PASSED] - Text 'TC-35' is set on object 'Object Repository/Pop-up Alerts page/Search by title field'

2024-02-27 16:38:40 - [TEST_STEP][PASSED] - verifyElementText(findTestObject("Pop-up Alerts page/Filtered sent alert"), "TC-35"): Actual text and expected text of test object 'Object Repository/Pop-up Alerts page/Filtered sent alert' are matched.

2024-02-27 16:38:41 - [MESSAGE][PASSED] - Actual text and expected text of test object 'Object Repository/Pop-up Alerts page/Filtered sent alert' are matched.]]></system-out>
         <system-err><![CDATA[]]></system-err>
      </testcase>
      <system-out><![CDATA[2024-02-27 16:30:06 - [TEST_SUITE][FAILED] - Surveys: Test Cases/Surveys-Quizz-Poll/Create template (TC-32) FAILED.
Reason:
com.kms.katalon.core.exception.StepFailedException: Unable to check object 'Object Repository/Survey/Quizz radio btn'
	at com.kms.katalon.core.webui.keyword.internal.WebUIKeywordMain.stepFailed(WebUIKeywordMain.groovy:64)
	at com.kms.katalon.core.webui.keyword.internal.WebUIKeywordMain.runKeyword(WebUIKeywordMain.groovy:26)
	at com.kms.katalon.core.webui.keyword.builtin.CheckKeyword.check(CheckKeyword.groovy:88)
	at com.kms.katalon.core.webui.keyword.builtin.CheckKeyword.execute(CheckKeyword.groovy:67)
	at com.kms.katalon.core.keyword.internal.KeywordExecutor.executeKeywordForPlatform(KeywordExecutor.groovy:74)
	at com.kms.katalon.core.webui.keyword.WebUiBuiltInKeywords.check(WebUiBuiltInKeywords.groovy:1069)
	at Create template (TC-32).run(Create template (TC-32):26)
	at com.kms.katalon.core.main.ScriptEngine.run(ScriptEngine.java:194)
	at com.kms.katalon.core.main.ScriptEngine.runScriptAsRawText(ScriptEngine.java:119)
	at com.kms.katalon.core.main.TestCaseExecutor.runScript(TestCaseExecutor.java:448)
	at com.kms.katalon.core.main.TestCaseExecutor.doExecute(TestCaseExecutor.java:439)
	at com.kms.katalon.core.main.TestCaseExecutor.processExecutionPhase(TestCaseExecutor.java:418)
	at com.kms.katalon.core.main.TestCaseExecutor.accessMainPhase(TestCaseExecutor.java:410)
	at com.kms.katalon.core.main.TestCaseExecutor.execute(TestCaseExecutor.java:285)
	at com.kms.katalon.core.common.CommonExecutor.accessTestCaseMainPhase(CommonExecutor.java:65)
	at com.kms.katalon.core.main.TestSuiteExecutor.accessTestSuiteMainPhase(TestSuiteExecutor.java:148)
	at com.kms.katalon.core.main.TestSuiteExecutor.execute(TestSuiteExecutor.java:106)
	at com.kms.katalon.core.main.TestCaseMain.startTestSuite(TestCaseMain.java:187)
	at TempTestSuite1709039488667.run(TempTestSuite1709039488667.groovy:36)
	at java.base/jdk.internal.reflect.NativeMethodAccessorImpl.invoke0(Native Method)
	at java.base/jdk.internal.reflect.NativeMethodAccessorImpl.invoke(NativeMethodAccessorImpl.java:77)
	at java.base/jdk.internal.reflect.DelegatingMethodAccessorImpl.invoke(DelegatingMethodAccessorImpl.java:43)
Caused by: com.kms.katalon.core.webui.exception.WebElementNotFoundException: Web element with id: 'Object Repository/Survey/Quizz radio btn' located by 'input[value="quiz"]' not found
	at com.kms.katalon.core.webui.common.WebUiCommonHelper.findWebElement(WebUiCommonHelper.java:1379)
	at com.kms.katalon.core.webui.keyword.internal.WebUIAbstractKeyword.findWebElement(WebUIAbstractKeyword.groovy:27)
	at com.kms.katalon.core.webui.keyword.internal.WebUIAbstractKeyword.findWebElement(WebUIAbstractKeyword.groovy:26)
	at com.kms.katalon.core.webui.keyword.builtin.CheckKeyword$_check_closure1.doCall(CheckKeyword.groovy:77)
	at com.kms.katalon.core.webui.keyword.builtin.CheckKeyword$_check_closure1.call(CheckKeyword.groovy)
	at com.kms.katalon.core.webui.keyword.internal.WebUIKeywordMain.runKeyword(WebUIKeywordMain.groovy:20)
	... 20 more]]></system-out>
      <system-err><![CDATA[2024-02-27 16:30:06 - [TEST_SUITE][FAILED] - Surveys: Test Cases/Surveys-Quizz-Poll/Create template (TC-32) FAILED.
Reason:
com.kms.katalon.core.exception.StepFailedException: Unable to check object 'Object Repository/Survey/Quizz radio btn'
	at com.kms.katalon.core.webui.keyword.internal.WebUIKeywordMain.stepFailed(WebUIKeywordMain.groovy:64)
	at com.kms.katalon.core.webui.keyword.internal.WebUIKeywordMain.runKeyword(WebUIKeywordMain.groovy:26)
	at com.kms.katalon.core.webui.keyword.builtin.CheckKeyword.check(CheckKeyword.groovy:88)
	at com.kms.katalon.core.webui.keyword.builtin.CheckKeyword.execute(CheckKeyword.groovy:67)
	at com.kms.katalon.core.keyword.internal.KeywordExecutor.executeKeywordForPlatform(KeywordExecutor.groovy:74)
	at com.kms.katalon.core.webui.keyword.WebUiBuiltInKeywords.check(WebUiBuiltInKeywords.groovy:1069)
	at Create template (TC-32).run(Create template (TC-32):26)
	at com.kms.katalon.core.main.ScriptEngine.run(ScriptEngine.java:194)
	at com.kms.katalon.core.main.ScriptEngine.runScriptAsRawText(ScriptEngine.java:119)
	at com.kms.katalon.core.main.TestCaseExecutor.runScript(TestCaseExecutor.java:448)
	at com.kms.katalon.core.main.TestCaseExecutor.doExecute(TestCaseExecutor.java:439)
	at com.kms.katalon.core.main.TestCaseExecutor.processExecutionPhase(TestCaseExecutor.java:418)
	at com.kms.katalon.core.main.TestCaseExecutor.accessMainPhase(TestCaseExecutor.java:410)
	at com.kms.katalon.core.main.TestCaseExecutor.execute(TestCaseExecutor.java:285)
	at com.kms.katalon.core.common.CommonExecutor.accessTestCaseMainPhase(CommonExecutor.java:65)
	at com.kms.katalon.core.main.TestSuiteExecutor.accessTestSuiteMainPhase(TestSuiteExecutor.java:148)
	at com.kms.katalon.core.main.TestSuiteExecutor.execute(TestSuiteExecutor.java:106)
	at com.kms.katalon.core.main.TestCaseMain.startTestSuite(TestCaseMain.java:187)
	at TempTestSuite1709039488667.run(TempTestSuite1709039488667.groovy:36)
	at java.base/jdk.internal.reflect.NativeMethodAccessorImpl.invoke0(Native Method)
	at java.base/jdk.internal.reflect.NativeMethodAccessorImpl.invoke(NativeMethodAccessorImpl.java:77)
	at java.base/jdk.internal.reflect.DelegatingMethodAccessorImpl.invoke(DelegatingMethodAccessorImpl.java:43)
Caused by: com.kms.katalon.core.webui.exception.WebElementNotFoundException: Web element with id: 'Object Repository/Survey/Quizz radio btn' located by 'input[value="quiz"]' not found
	at com.kms.katalon.core.webui.common.WebUiCommonHelper.findWebElement(WebUiCommonHelper.java:1379)
	at com.kms.katalon.core.webui.keyword.internal.WebUIAbstractKeyword.findWebElement(WebUIAbstractKeyword.groovy:27)
	at com.kms.katalon.core.webui.keyword.internal.WebUIAbstractKeyword.findWebElement(WebUIAbstractKeyword.groovy:26)
	at com.kms.katalon.core.webui.keyword.builtin.CheckKeyword$_check_closure1.doCall(CheckKeyword.groovy:77)
	at com.kms.katalon.core.webui.keyword.builtin.CheckKeyword$_check_closure1.call(CheckKeyword.groovy)
	at com.kms.katalon.core.webui.keyword.internal.WebUIKeywordMain.runKeyword(WebUIKeywordMain.groovy:20)
	... 20 more]]></system-err>
   </testsuite>
</testsuites>
