<?xml version="1.0" encoding="UTF-8"?>
<testsuites name="Users" time="48.101" tests="2" failures="0" errors="0">
   <testsuite name="Users" tests="2" failures="0" errors="0" time="48.101" skipped="0" timestamp="22-04-2024T10:17:22" hostname="Home - LAPTOP-E6BU4LL9.Dlink" id="Test Suites/Users">
      <properties>
         <property name="deviceName" value=""/>
         <property name="devicePlatform" value=""/>
         <property name="logFolder" value="C:\\Users\\Home\\git\\Katalon\\Reports\\20240422_101716\\Users\\20240422_101716"/>
         <property name="logFiles" value="C:\\Users\\Home\\git\\Katalon\\Reports\\20240422_101716\\Users\\20240422_101716\\execution0.log"/>
         <property name="attachments" value="C:\\Users\\Home\\git\\Katalon\\Reports\\20240422_101716\\Users\\20240422_101716\\1713770285392.png"/>
         <property name="hostName" value="Home - LAPTOP-E6BU4LL9.Dlink"/>
         <property name="os" value="Windows 11 64bit"/>
         <property name="katalonVersion" value="9.3.1.212"/>
         <property name="browser" value="Chrome 123.0.0.0"/>
         <property name="hostAddress" value="192.168.1.101"/>
         <property name="sessionId" value="0034e75e3ff0bc5e2d67624db94aa613"/>
         <property name="seleniumVersion" value="3.141.59"/>
         <property name="proxyInformation" value="ProxyInformation { proxyOption=NO_PROXY, proxyServerType=HTTP, username=, password=********, proxyServerAddress=, proxyServerPort=0, executionList=&quot;&quot;, isApplyToDesiredCapabilities=true }"/>
         <property name="platform" value="Windows 11"/>
      </properties>
      <testcase name="Test Cases/Login Test Cases/Login with Valid Credentials" time="13.459" classname="Test Cases/Login Test Cases/Login with Valid Credentials" status="PASSED">
         <system-out><![CDATA[22-04-2024T10:17:23 - [TEST_CASE][PASSED] - Test Cases/Login Test Cases/Login with Valid Credentials: Test Cases/Login Test Cases/Login with Valid Credentials

22-04-2024T10:17:23 - [TEST_STEP][PASSED] - openBrowser(""): Browser is opened with url: ''

22-04-2024T10:17:24 - [MESSAGE][INFO] - Starting 'Chrome' driver

22-04-2024T10:17:24 - [MESSAGE][INFO] - Action delay is set to 0 milliseconds

22-04-2024T10:17:25 - [MESSAGE][PASSED] - Browser is opened with url: ''

22-04-2024T10:17:25 - [TEST_STEP][PASSED] - navigateToUrl("https://dadebug.commclouds.com/Demo"): Navigate to 'https://dadebug.commclouds.com/Demo' successfully

22-04-2024T10:17:26 - [MESSAGE][PASSED] - Navigate to 'https://dadebug.commclouds.com/Demo' successfully

22-04-2024T10:17:26 - [TEST_STEP][PASSED] - waitForPageLoad(3): Wait for page load successfully

22-04-2024T10:17:26 - [MESSAGE][PASSED] - Wait for page load successfully

22-04-2024T10:17:26 - [TEST_STEP][PASSED] - maximizeWindow(): Current window maximized

22-04-2024T10:17:27 - [MESSAGE][PASSED] - Current window maximized

22-04-2024T10:17:27 - [TEST_STEP][PASSED] - verifyElementPresent(findTestObject("Login Page/DAlogo"), 2): Object 'Object Repository/Login Page/DAlogo' is present

22-04-2024T10:17:27 - [MESSAGE][PASSED] - Object 'Object Repository/Login Page/DAlogo' is present

22-04-2024T10:17:27 - [TEST_STEP][PASSED] - verifyElementPresent(findTestObject("Login Page/Version number"), 2): Object 'Object Repository/Login Page/Version number' is present

22-04-2024T10:17:28 - [MESSAGE][PASSED] - Object 'Object Repository/Login Page/Version number' is present

22-04-2024T10:17:28 - [TEST_STEP][NOT_RUN] - verifyElementText(findTestObject("Login Page/Version number"), "Version: 11.4.0.2 (stage/11)"): NOT_RUN: verifyElementText(findTestObject("Login Page/Version number"), "Version: 11.4.0.2 (stage/11)")

22-04-2024T10:17:28 - [MESSAGE][NOT_RUN] - NOT_RUN: verifyElementText(findTestObject("Login Page/Version number"), "Version: 11.4.0.2 (stage/11)")

22-04-2024T10:17:28 - [TEST_STEP][PASSED] - setText(findTestObject("Object Repository/Login Page/Login input field"), "Zoya"): Text 'Zoya' is set on object 'Object Repository/Login Page/Login input field'

22-04-2024T10:17:28 - [MESSAGE][PASSED] - Text 'Zoya' is set on object 'Object Repository/Login Page/Login input field'

22-04-2024T10:17:28 - [TEST_STEP][PASSED] - setEncryptedText(findTestObject("Object Repository/Login Page/Password input field"), "tzH6RvlfSTg="): Text ****** has been set on object 'Object Repository/Login Page/Password input field'

22-04-2024T10:17:29 - [MESSAGE][PASSED] - Text ****** has been set on object 'Object Repository/Login Page/Password input field'

22-04-2024T10:17:29 - [TEST_STEP][PASSED] - click(findTestObject("Object Repository/Login Page/button_Log in")): Object: 'Object Repository/Login Page/button_Log in' is clicked on

22-04-2024T10:17:29 - [MESSAGE][PASSED] - Object: 'Object Repository/Login Page/button_Log in' is clicked on

22-04-2024T10:17:29 - [TEST_STEP][PASSED] - delay(4): Delayed 4 second(s)

22-04-2024T10:17:33 - [MESSAGE][PASSED] - Delayed 4 second(s)

22-04-2024T10:17:33 - [TEST_STEP][PASSED] - verifyElementPresent(findTestObject("Object Repository/Login Page/h1_Dashboard"), 4): Object 'Object Repository/Login Page/h1_Dashboard' is present

22-04-2024T10:17:34 - [MESSAGE][PASSED] - Object 'Object Repository/Login Page/h1_Dashboard' is present]]></system-out>
         <system-err><![CDATA[]]></system-err>
      </testcase>
      <testcase name="Test Cases/Audience/Create, Modify, Delete a user (TC-61)" time="34.397" classname="Test Cases/Audience/Create, Modify, Delete a user (TC-61)" status="PASSED">
         <system-out><![CDATA[22-04-2024T10:17:36 - [TEST_CASE][PASSED] - Test Cases/Audience/Create, Modify, Delete a user (TC-61): Test Cases/Audience/Create, Modify, Delete a user (TC-61)

22-04-2024T10:17:36 - [TEST_STEP][PASSED] - click(findTestObject("Audience/Audience tab")): Object: 'Object Repository/Audience/Audience tab' is clicked on

22-04-2024T10:17:37 - [MESSAGE][PASSED] - Object: 'Object Repository/Audience/Audience tab' is clicked on

22-04-2024T10:17:37 - [TEST_STEP][PASSED] - click(findTestObject("Audience/Add recipient button")): Object: 'Object Repository/Audience/Add recipient button' is clicked on

22-04-2024T10:17:38 - [MESSAGE][PASSED] - Object: 'Object Repository/Audience/Add recipient button' is clicked on

22-04-2024T10:17:38 - [TEST_STEP][PASSED] - click(findTestObject("Audience/recipient name input field")): Object: 'Object Repository/Audience/recipient name input field' is clicked on

22-04-2024T10:17:40 - [MESSAGE][PASSED] - Object: 'Object Repository/Audience/recipient name input field' is clicked on

22-04-2024T10:17:40 - [TEST_STEP][PASSED] - setText(findTestObject("Audience/recipient name input field"), "Katalon"): Text 'Katalon' is set on object 'Object Repository/Audience/recipient name input field'

22-04-2024T10:17:40 - [MESSAGE][PASSED] - Text 'Katalon' is set on object 'Object Repository/Audience/recipient name input field'

22-04-2024T10:17:40 - [TEST_STEP][PASSED] - click(findTestObject("Audience/recipient display name input field")): Object: 'Object Repository/Audience/recipient display name input field' is clicked on

22-04-2024T10:17:40 - [MESSAGE][PASSED] - Object: 'Object Repository/Audience/recipient display name input field' is clicked on

22-04-2024T10:17:40 - [TEST_STEP][PASSED] - setText(findTestObject("Audience/recipient display name input field"), "Katalon User"): Text 'Katalon User' is set on object 'Object Repository/Audience/recipient display name input field'

22-04-2024T10:17:41 - [MESSAGE][PASSED] - Text 'Katalon User' is set on object 'Object Repository/Audience/recipient display name input field'

22-04-2024T10:17:41 - [TEST_STEP][PASSED] - click(findTestObject("Audience/recipient password input")): Object: 'Object Repository/Audience/recipient password input' is clicked on

22-04-2024T10:17:41 - [MESSAGE][PASSED] - Object: 'Object Repository/Audience/recipient password input' is clicked on

22-04-2024T10:17:41 - [TEST_STEP][PASSED] - setText(findTestObject("Audience/recipient password input"), "123"): Text '123' is set on object 'Object Repository/Audience/recipient password input'

22-04-2024T10:17:42 - [MESSAGE][PASSED] - Text '123' is set on object 'Object Repository/Audience/recipient password input'

22-04-2024T10:17:42 - [TEST_STEP][PASSED] - click(findTestObject("Publishers/add btn")): Object: 'Object Repository/Publishers/add btn' is clicked on

22-04-2024T10:17:43 - [MESSAGE][PASSED] - Object: 'Object Repository/Publishers/add btn' is clicked on

22-04-2024T10:17:43 - [TEST_STEP][PASSED] - click(findTestObject("Pop-up Alerts page/Search by title field")): Object: 'Object Repository/Pop-up Alerts page/Search by title field' is clicked on

22-04-2024T10:17:43 - [MESSAGE][PASSED] - Object: 'Object Repository/Pop-up Alerts page/Search by title field' is clicked on

22-04-2024T10:17:43 - [TEST_STEP][PASSED] - setText(findTestObject("Pop-up Alerts page/Search by title field"), "Katalon"): Text 'Katalon' is set on object 'Object Repository/Pop-up Alerts page/Search by title field'

22-04-2024T10:17:45 - [MESSAGE][PASSED] - Text 'Katalon' is set on object 'Object Repository/Pop-up Alerts page/Search by title field'

22-04-2024T10:17:45 - [TEST_STEP][PASSED] - delay(5): Delayed 5 second(s)

22-04-2024T10:17:50 - [MESSAGE][PASSED] - Delayed 5 second(s)

22-04-2024T10:17:50 - [TEST_STEP][PASSED] - verifyElementText(findTestObject("Publishers/filtered publisher"), "Katalon"): Actual text and expected text of test object 'Object Repository/Publishers/filtered publisher' are matched.

22-04-2024T10:17:51 - [MESSAGE][PASSED] - Actual text and expected text of test object 'Object Repository/Publishers/filtered publisher' are matched.

22-04-2024T10:17:51 - [TEST_STEP][PASSED] - click(findTestObject("Survey/3dots Actions")): Object: 'Object Repository/Survey/3dots Actions' is clicked on

22-04-2024T10:17:51 - [MESSAGE][PASSED] - Object: 'Object Repository/Survey/3dots Actions' is clicked on

22-04-2024T10:17:51 - [TEST_STEP][PASSED] - click(findTestObject("Publishers/Edit publisher")): Object: 'Object Repository/Publishers/Edit publisher' is clicked on

22-04-2024T10:17:52 - [MESSAGE][PASSED] - Object: 'Object Repository/Publishers/Edit publisher' is clicked on

22-04-2024T10:17:52 - [TEST_STEP][PASSED] - click(findTestObject("Publishers/Publisher email input field")): Object: 'Object Repository/Publishers/Publisher email input field' is clicked on

22-04-2024T10:17:53 - [MESSAGE][PASSED] - Object: 'Object Repository/Publishers/Publisher email input field' is clicked on

22-04-2024T10:17:53 - [TEST_STEP][PASSED] - setText(findTestObject("Publishers/Publisher email input field"), "katalon@gmail.com"): Text 'katalon@gmail.com' is set on object 'Object Repository/Publishers/Publisher email input field'

22-04-2024T10:17:53 - [MESSAGE][PASSED] - Text 'katalon@gmail.com' is set on object 'Object Repository/Publishers/Publisher email input field'

22-04-2024T10:17:53 - [TEST_STEP][PASSED] - click(findTestObject("Publishers/Phone code drop-down")): Object: 'Object Repository/Publishers/Phone code drop-down' is clicked on

22-04-2024T10:17:54 - [MESSAGE][PASSED] - Object: 'Object Repository/Publishers/Phone code drop-down' is clicked on

22-04-2024T10:17:54 - [TEST_STEP][PASSED] - scrollToElement(findTestObject("Publishers/US country code"), 2): Scroll to object 'Object Repository/Publishers/US country code' successfully

22-04-2024T10:17:54 - [MESSAGE][PASSED] - Scroll to object 'Object Repository/Publishers/US country code' successfully

22-04-2024T10:17:54 - [TEST_STEP][PASSED] - click(findTestObject("Publishers/US country code")): Object: 'Object Repository/Publishers/US country code' is clicked on

22-04-2024T10:17:54 - [MESSAGE][PASSED] - Object: 'Object Repository/Publishers/US country code' is clicked on

22-04-2024T10:17:54 - [TEST_STEP][PASSED] - click(findTestObject("Publishers/Phone number input field")): Object: 'Object Repository/Publishers/Phone number input field' is clicked on

22-04-2024T10:17:55 - [MESSAGE][PASSED] - Object: 'Object Repository/Publishers/Phone number input field' is clicked on

22-04-2024T10:17:55 - [TEST_STEP][PASSED] - setText(findTestObject("Publishers/Phone number input field"), "2233445566"): Text '2233445566' is set on object 'Object Repository/Publishers/Phone number input field'

22-04-2024T10:17:56 - [MESSAGE][PASSED] - Text '2233445566' is set on object 'Object Repository/Publishers/Phone number input field'

22-04-2024T10:17:56 - [TEST_STEP][PASSED] - click(findTestObject("Publishers/add btn")): Object: 'Object Repository/Publishers/add btn' is clicked on

22-04-2024T10:17:56 - [MESSAGE][PASSED] - Object: 'Object Repository/Publishers/add btn' is clicked on

22-04-2024T10:17:56 - [TEST_STEP][PASSED] - sendKeys(findTestObject("Pop-up Alerts page/Search by title field"), Keys.chord(CONTROL, "a", BACK_SPACE)): Keys 'CONTROL + BACK_SPACE + a' sent to object: 'Object Repository/Pop-up Alerts page/Search by title field'

22-04-2024T10:17:58 - [MESSAGE][PASSED] - Keys 'CONTROL + BACK_SPACE + a' sent to object: 'Object Repository/Pop-up Alerts page/Search by title field'

22-04-2024T10:17:58 - [TEST_STEP][PASSED] - setText(findTestObject("Pop-up Alerts page/Search by title field"), "Katalon"): Text 'Katalon' is set on object 'Object Repository/Pop-up Alerts page/Search by title field'

22-04-2024T10:17:59 - [MESSAGE][PASSED] - Text 'Katalon' is set on object 'Object Repository/Pop-up Alerts page/Search by title field'

22-04-2024T10:17:59 - [TEST_STEP][PASSED] - delay(5): Delayed 5 second(s)

22-04-2024T10:18:04 - [MESSAGE][PASSED] - Delayed 5 second(s)

22-04-2024T10:18:04 - [TEST_STEP][PASSED] - verifyElementText(findTestObject("Publishers/filtered publisher"), "Katalon"): Actual text and expected text of test object 'Object Repository/Publishers/filtered publisher' are matched.

22-04-2024T10:18:04 - [MESSAGE][PASSED] - Actual text and expected text of test object 'Object Repository/Publishers/filtered publisher' are matched.

22-04-2024T10:18:04 - [TEST_STEP][PASSED] - click(findTestObject("Survey/3dots Actions")): Object: 'Object Repository/Survey/3dots Actions' is clicked on

22-04-2024T10:18:04 - [MESSAGE][PASSED] - Object: 'Object Repository/Survey/3dots Actions' is clicked on

22-04-2024T10:18:04 - [TEST_STEP][PASSED] - click(findTestObject("Audience/View user details")): Object: 'Object Repository/Audience/View user details' is clicked on

22-04-2024T10:18:05 - [MESSAGE][PASSED] - Object: 'Object Repository/Audience/View user details' is clicked on

22-04-2024T10:18:05 - [TEST_STEP][PASSED] - takeFullPageScreenshot(): Taking screenshot successfully

22-04-2024T10:18:05 - [MESSAGE][INFO] - 0 hidden object(s)

22-04-2024T10:18:06 - [MESSAGE][PASSED] - Taking screenshot successfully
[[ATTACHMENT|C:\\Users\\Home\\git\\Katalon\\Reports\\20240422_101716\\Users\\20240422_101716\\1713770285392.png]]

22-04-2024T10:18:06 - [TEST_STEP][PASSED] - click(findTestObject("Pop-up Alerts page/view graph close btn")): Object: 'Object Repository/Pop-up Alerts page/view graph close btn' is clicked on

22-04-2024T10:18:06 - [MESSAGE][PASSED] - Object: 'Object Repository/Pop-up Alerts page/view graph close btn' is clicked on

22-04-2024T10:18:06 - [TEST_STEP][PASSED] - callTestCase(findTestCase("Built-in test cases/Select all and Delete"), [:], STOP_ON_FAILURE): Call Test Case 'Test Cases/Built-in test cases/Select all and Delete' successfully

22-04-2024T10:18:06 - [TEST_CASE][PASSED] - Test Cases/Built-in test cases/Select all and Delete: Test Cases/Built-in test cases/Select all and Delete

22-04-2024T10:18:06 - [TEST_STEP][PASSED] - verifyElementClickable(findTestObject("Pop-up Alerts page/Select all checkbox")): Object 'Object Repository/Pop-up Alerts page/Select all checkbox' is clickable

22-04-2024T10:18:06 - [MESSAGE][PASSED] - Object 'Object Repository/Pop-up Alerts page/Select all checkbox' is clickable

22-04-2024T10:18:06 - [TEST_STEP][PASSED] - check(findTestObject("Pop-up Alerts page/Select all checkbox")): Object 'Object Repository/Pop-up Alerts page/Select all checkbox' is checked

22-04-2024T10:18:07 - [MESSAGE][PASSED] - Object 'Object Repository/Pop-up Alerts page/Select all checkbox' is checked

22-04-2024T10:18:07 - [TEST_STEP][PASSED] - verifyElementChecked(findTestObject("Pop-up Alerts page/Select all checkbox"), 1): Object 'Object Repository/Pop-up Alerts page/Select all checkbox' is checked

22-04-2024T10:18:07 - [MESSAGE][PASSED] - Object 'Object Repository/Pop-up Alerts page/Select all checkbox' is checked

22-04-2024T10:18:07 - [TEST_STEP][PASSED] - click(findTestObject("Pop-up Alerts page/delete all")): Object: 'Object Repository/Pop-up Alerts page/delete all' is clicked on

22-04-2024T10:18:08 - [MESSAGE][PASSED] - Object: 'Object Repository/Pop-up Alerts page/delete all' is clicked on

22-04-2024T10:18:08 - [TEST_STEP][PASSED] - click(findTestObject("Pop-up Alerts page/Confirm deletion btn")): Object: 'Object Repository/Pop-up Alerts page/Confirm deletion btn' is clicked on

22-04-2024T10:18:08 - [MESSAGE][PASSED] - Object: 'Object Repository/Pop-up Alerts page/Confirm deletion btn' is clicked on

22-04-2024T10:18:08 - [MESSAGE][PASSED] - Call Test Case 'Test Cases/Built-in test cases/Select all and Delete' successfully]]></system-out>
         <system-err><![CDATA[]]></system-err>
      </testcase>
      <system-out><![CDATA[22-04-2024T10:17:22 - [TEST_SUITE][PASSED] - Users: Test Cases/Audience/Create, Modify, Delete a user (TC-61)]]></system-out>
      <system-err><![CDATA[]]></system-err>
   </testsuite>
</testsuites>
