<?xml version="1.0" encoding="UTF-8"?>
<testsuites name="Video Alerts" time="252.297" tests="7" failures="0" errors="0">
   <testsuite name="Video Alerts" tests="7" failures="0" errors="0" time="252.297" skipped="0" timestamp="29-03-2024T11:41:29" hostname="Home - LAPTOP-E6BU4LL9.Dlink" id="Test Suites/Video Alerts">
      <properties>
         <property name="deviceName" value=""/>
         <property name="devicePlatform" value=""/>
         <property name="logFolder" value="C:\\Users\\Home\\git\\Katalon\\Reports\\20240329_114124\\Video Alerts\\20240329_114124"/>
         <property name="logFiles" value="C:\\Users\\Home\\git\\Katalon\\Reports\\20240329_114124\\Video Alerts\\20240329_114124\\execution0.log"/>
         <property name="attachments" value="C:\\Users\\Home\\git\\Katalon\\Reports\\20240329_114124\\Video Alerts\\20240329_114124\\1711701726376.png, C:\\Users\\Home\\git\\Katalon\\Reports\\20240329_114124\\Video Alerts\\20240329_114124\\1711701730442.png, C:\\Users\\Home\\git\\Katalon\\Reports\\20240329_114124\\Video Alerts\\20240329_114124\\1711701901744.png, C:\\Users\\Home\\git\\Katalon\\Reports\\20240329_114124\\Video Alerts\\20240329_114124\\1711701936053.png"/>
         <property name="hostName" value="Home - LAPTOP-E6BU4LL9.Dlink"/>
         <property name="os" value="Windows 11 64bit"/>
         <property name="katalonVersion" value="9.3.1.212"/>
         <property name="browser" value="Chrome 122.0.0.0"/>
         <property name="hostAddress" value="192.168.1.100"/>
         <property name="sessionId" value="c24045833c1d7fdac3c099b8e3956c90"/>
         <property name="seleniumVersion" value="3.141.59"/>
         <property name="proxyInformation" value="ProxyInformation { proxyOption=NO_PROXY, proxyServerType=HTTP, username=, password=********, proxyServerAddress=, proxyServerPort=0, executionList=&quot;&quot;, isApplyToDesiredCapabilities=true }"/>
         <property name="platform" value="Windows 11"/>
      </properties>
      <testcase name="Test Cases/Login Test Cases/Login with Valid Credentials" time="11.998" classname="Test Cases/Login Test Cases/Login with Valid Credentials" status="PASSED">
         <system-out><![CDATA[29-03-2024T11:41:29 - [TEST_CASE][PASSED] - Test Cases/Login Test Cases/Login with Valid Credentials: Test Cases/Login Test Cases/Login with Valid Credentials

29-03-2024T11:41:29 - [TEST_STEP][PASSED] - openBrowser(""): Browser is opened with url: ''

29-03-2024T11:41:29 - [MESSAGE][INFO] - Starting 'Chrome' driver

29-03-2024T11:41:30 - [MESSAGE][INFO] - Action delay is set to 0 milliseconds

29-03-2024T11:41:31 - [MESSAGE][PASSED] - Browser is opened with url: ''

29-03-2024T11:41:31 - [TEST_STEP][PASSED] - navigateToUrl("https://dadebug.commclouds.com/Demo"): Navigate to 'https://dadebug.commclouds.com/Demo' successfully

29-03-2024T11:41:32 - [MESSAGE][PASSED] - Navigate to 'https://dadebug.commclouds.com/Demo' successfully

29-03-2024T11:41:32 - [TEST_STEP][PASSED] - waitForPageLoad(3): Wait for page load successfully

29-03-2024T11:41:32 - [MESSAGE][PASSED] - Wait for page load successfully

29-03-2024T11:41:32 - [TEST_STEP][PASSED] - maximizeWindow(): Current window maximized

29-03-2024T11:41:32 - [MESSAGE][PASSED] - Current window maximized

29-03-2024T11:41:32 - [TEST_STEP][PASSED] - verifyElementPresent(findTestObject("Login Page/DAlogo"), 2): Object 'Object Repository/Login Page/DAlogo' is present

29-03-2024T11:41:33 - [MESSAGE][PASSED] - Object 'Object Repository/Login Page/DAlogo' is present

29-03-2024T11:41:33 - [TEST_STEP][PASSED] - verifyElementPresent(findTestObject("Login Page/Version number"), 2): Object 'Object Repository/Login Page/Version number' is present

29-03-2024T11:41:33 - [MESSAGE][PASSED] - Object 'Object Repository/Login Page/Version number' is present

29-03-2024T11:41:33 - [TEST_STEP][NOT_RUN] - verifyElementText(findTestObject("Login Page/Version number"), "Version: 11.4.0.2 (stage/11)"): NOT_RUN: verifyElementText(findTestObject("Login Page/Version number"), "Version: 11.4.0.2 (stage/11)")

29-03-2024T11:41:33 - [MESSAGE][NOT_RUN] - NOT_RUN: verifyElementText(findTestObject("Login Page/Version number"), "Version: 11.4.0.2 (stage/11)")

29-03-2024T11:41:33 - [TEST_STEP][PASSED] - setText(findTestObject("Object Repository/Login Page/Login input field"), "Zoya"): Text 'Zoya' is set on object 'Object Repository/Login Page/Login input field'

29-03-2024T11:41:34 - [MESSAGE][PASSED] - Text 'Zoya' is set on object 'Object Repository/Login Page/Login input field'

29-03-2024T11:41:34 - [TEST_STEP][PASSED] - setEncryptedText(findTestObject("Object Repository/Login Page/Password input field"), "tzH6RvlfSTg="): Text ****** has been set on object 'Object Repository/Login Page/Password input field'

29-03-2024T11:41:34 - [MESSAGE][PASSED] - Text ****** has been set on object 'Object Repository/Login Page/Password input field'

29-03-2024T11:41:34 - [TEST_STEP][PASSED] - click(findTestObject("Object Repository/Login Page/button_Log in")): Object: 'Object Repository/Login Page/button_Log in' is clicked on

29-03-2024T11:41:34 - [MESSAGE][PASSED] - Object: 'Object Repository/Login Page/button_Log in' is clicked on

29-03-2024T11:41:34 - [TEST_STEP][PASSED] - delay(4): Delayed 4 second(s)

29-03-2024T11:41:38 - [MESSAGE][PASSED] - Delayed 4 second(s)

29-03-2024T11:41:38 - [TEST_STEP][PASSED] - verifyElementPresent(findTestObject("Object Repository/Login Page/h1_Dashboard"), 4): Object 'Object Repository/Login Page/h1_Dashboard' is present

29-03-2024T11:41:39 - [MESSAGE][PASSED] - Object 'Object Repository/Login Page/h1_Dashboard' is present]]></system-out>
         <system-err><![CDATA[]]></system-err>
      </testcase>
      <testcase name="Test Cases/Video Alerts/Send Video Alert with MP4 (TC-43)" time="55.653" classname="Test Cases/Video Alerts/Send Video Alert with MP4 (TC-43)" status="PASSED">
         <system-out><![CDATA[29-03-2024T11:41:41 - [TEST_CASE][PASSED] - Test Cases/Video Alerts/Send Video Alert with MP4 (TC-43): Test Cases/Video Alerts/Send Video Alert with MP4 (TC-43)

29-03-2024T11:41:41 - [TEST_STEP][PASSED] - click(findTestObject("Dashboard Page/Compose alert button expansion")): Object: 'Object Repository/Dashboard Page/Compose alert button expansion' is clicked on

29-03-2024T11:41:41 - [MESSAGE][PASSED] - Object: 'Object Repository/Dashboard Page/Compose alert button expansion' is clicked on

29-03-2024T11:41:41 - [TEST_STEP][PASSED] - click(findTestObject("Dashboard Page/Video Alerts")): Object: 'Object Repository/Dashboard Page/Video Alerts' is clicked on

29-03-2024T11:41:42 - [MESSAGE][PASSED] - Object: 'Object Repository/Dashboard Page/Video Alerts' is clicked on

29-03-2024T11:41:42 - [TEST_STEP][PASSED] - verifyElementText(findTestObject("Wallpapers/Create Wallpaper Header"), "Create Video Alert"): Actual text and expected text of test object 'Object Repository/Wallpapers/Create Wallpaper Header' are matched.

29-03-2024T11:41:45 - [MESSAGE][PASSED] - Actual text and expected text of test object 'Object Repository/Wallpapers/Create Wallpaper Header' are matched.

29-03-2024T11:41:45 - [TEST_STEP][PASSED] - click(findTestObject("Video Alert/Videoalert more btn")): Object: 'Object Repository/Video Alert/Videoalert more btn' is clicked on

29-03-2024T11:41:45 - [MESSAGE][PASSED] - Object: 'Object Repository/Video Alert/Videoalert more btn' is clicked on

29-03-2024T11:41:45 - [TEST_STEP][PASSED] - callTestCase(findTestCase("Built-in test cases/Choose recipients"), [:], STOP_ON_FAILURE): Call Test Case 'Test Cases/Built-in test cases/Choose recipients' successfully

29-03-2024T11:41:45 - [TEST_CASE][PASSED] - Test Cases/Built-in test cases/Choose recipients: Test Cases/Built-in test cases/Choose recipients

29-03-2024T11:41:45 - [TEST_STEP][PASSED] - click(findTestObject("Create Pop-up Alert Page/Choose recipients modal window/Filter field")): Object: 'Object Repository/Create Pop-up Alert Page/Choose recipients modal window/Filter field' is clicked on

29-03-2024T11:41:46 - [MESSAGE][PASSED] - Object: 'Object Repository/Create Pop-up Alert Page/Choose recipients modal window/Filter field' is clicked on

29-03-2024T11:41:46 - [TEST_STEP][PASSED] - setText(findTestObject("Create Pop-up Alert Page/Choose recipients modal window/Filter field"), "LAPTOP-E6BU4LL9"): Text 'LAPTOP-E6BU4LL9' is set on object 'Object Repository/Create Pop-up Alert Page/Choose recipients modal window/Filter field'

29-03-2024T11:41:47 - [MESSAGE][PASSED] - Text 'LAPTOP-E6BU4LL9' is set on object 'Object Repository/Create Pop-up Alert Page/Choose recipients modal window/Filter field'

29-03-2024T11:41:47 - [TEST_STEP][PASSED] - verifyElementText(findTestObject("Create Pop-up Alert Page/Choose recipients modal window/All user list-filtered"), "LAPTOP-E6BU4LL9 "): Actual text and expected text of test object 'Object Repository/Create Pop-up Alert Page/Choose recipients modal window/All user list-filtered' are matched.

29-03-2024T11:41:48 - [MESSAGE][PASSED] - Actual text and expected text of test object 'Object Repository/Create Pop-up Alert Page/Choose recipients modal window/All user list-filtered' are matched.

29-03-2024T11:41:48 - [TEST_STEP][PASSED] - click(findTestObject("Create Pop-up Alert Page/Choose recipients modal window/filtered user selection")): Object: 'Object Repository/Create Pop-up Alert Page/Choose recipients modal window/filtered user selection' is clicked on

29-03-2024T11:41:49 - [MESSAGE][PASSED] - Object: 'Object Repository/Create Pop-up Alert Page/Choose recipients modal window/filtered user selection' is clicked on

29-03-2024T11:41:49 - [TEST_STEP][PASSED] - click(findTestObject("Create Pop-up Alert Page/Choose recipients modal window/Filter field")): Object: 'Object Repository/Create Pop-up Alert Page/Choose recipients modal window/Filter field' is clicked on

29-03-2024T11:41:49 - [MESSAGE][PASSED] - Object: 'Object Repository/Create Pop-up Alert Page/Choose recipients modal window/Filter field' is clicked on

29-03-2024T11:41:49 - [TEST_STEP][PASSED] - sendKeys(findTestObject("Create Pop-up Alert Page/Choose recipients modal window/Filter field"), Keys.chord(CONTROL, "a", BACK_SPACE)): Keys 'CONTROL + BACK_SPACE + a' sent to object: 'Object Repository/Create Pop-up Alert Page/Choose recipients modal window/Filter field'

29-03-2024T11:41:50 - [MESSAGE][PASSED] - Keys 'CONTROL + BACK_SPACE + a' sent to object: 'Object Repository/Create Pop-up Alert Page/Choose recipients modal window/Filter field'

29-03-2024T11:41:50 - [TEST_STEP][PASSED] - setText(findTestObject("Create Pop-up Alert Page/Choose recipients modal window/Filter field"), "DESKTOP-9UH6GK7"): Text 'DESKTOP-9UH6GK7' is set on object 'Object Repository/Create Pop-up Alert Page/Choose recipients modal window/Filter field'

29-03-2024T11:41:51 - [MESSAGE][PASSED] - Text 'DESKTOP-9UH6GK7' is set on object 'Object Repository/Create Pop-up Alert Page/Choose recipients modal window/Filter field'

29-03-2024T11:41:51 - [TEST_STEP][PASSED] - verifyElementText(findTestObject("Create Pop-up Alert Page/Choose recipients modal window/All user list-filtered"), "DESKTOP-9UH6GK7 "): Actual text and expected text of test object 'Object Repository/Create Pop-up Alert Page/Choose recipients modal window/All user list-filtered' are matched.

29-03-2024T11:41:52 - [MESSAGE][PASSED] - Actual text and expected text of test object 'Object Repository/Create Pop-up Alert Page/Choose recipients modal window/All user list-filtered' are matched.

29-03-2024T11:41:52 - [TEST_STEP][PASSED] - click(findTestObject("Create Pop-up Alert Page/Choose recipients modal window/filtered user selection")): Object: 'Object Repository/Create Pop-up Alert Page/Choose recipients modal window/filtered user selection' is clicked on

29-03-2024T11:41:52 - [MESSAGE][PASSED] - Object: 'Object Repository/Create Pop-up Alert Page/Choose recipients modal window/filtered user selection' is clicked on

29-03-2024T11:41:52 - [TEST_STEP][PASSED] - click(findTestObject("Wallpapers/Done")): Object: 'Object Repository/Wallpapers/Done' is clicked on

29-03-2024T11:41:53 - [MESSAGE][PASSED] - Object: 'Object Repository/Wallpapers/Done' is clicked on

29-03-2024T11:41:53 - [MESSAGE][PASSED] - Call Test Case 'Test Cases/Built-in test cases/Choose recipients' successfully

29-03-2024T11:41:53 - [TEST_STEP][PASSED] - setText(findTestObject("Create Pop-up Alert Page/Alert Title field"), "TC-43"): Text 'TC-43' is set on object 'Object Repository/Create Pop-up Alert Page/Alert Title field'

29-03-2024T11:41:54 - [MESSAGE][PASSED] - Text 'TC-43' is set on object 'Object Repository/Create Pop-up Alert Page/Alert Title field'

29-03-2024T11:41:54 - [TEST_STEP][PASSED] - verifyElementPresent(findTestObject("Video Alert/Videoalert upload area"), 2): Object 'Object Repository/Video Alert/Videoalert upload area' is present

29-03-2024T11:41:54 - [MESSAGE][PASSED] - Object 'Object Repository/Video Alert/Videoalert upload area' is present

29-03-2024T11:41:54 - [TEST_STEP][PASSED] - uploadFileWithDragAndDrop(findTestObject("Video Alert/Videoalert upload area"), "C:\Users\Home\git\Katalon\video\rabbit.mp4"): null

29-03-2024T11:41:55 - [TEST_STEP][PASSED] - delay(5): Delayed 5 second(s)

29-03-2024T11:42:00 - [MESSAGE][PASSED] - Delayed 5 second(s)

29-03-2024T11:42:00 - [TEST_STEP][PASSED] - getAttribute(findTestObject("Video alerts/uploaded video file"), "src"): Attribute 'src' of object 'Object Repository/Video alerts/uploaded video file' is: 'null'

29-03-2024T11:42:00 - [MESSAGE][PASSED] - Attribute 'src' of object 'Object Repository/Video alerts/uploaded video file' is: 'null'

29-03-2024T11:42:00 - [TEST_STEP][PASSED] - click(findTestObject("Video alerts/Video alert description")): Object: 'Object Repository/Video alerts/Video alert description' is clicked on

29-03-2024T11:42:00 - [MESSAGE][PASSED] - Object: 'Object Repository/Video alerts/Video alert description' is clicked on

29-03-2024T11:42:00 - [TEST_STEP][PASSED] - setText(findTestObject("Video alerts/Video alert description"), "Hello! This is automated MP4 video alert from Katalon"): Text 'Hello! This is automated MP4 video alert from Katalon' is set on object 'Object Repository/Video alerts/Video alert description'

29-03-2024T11:42:02 - [MESSAGE][PASSED] - Text 'Hello! This is automated MP4 video alert from Katalon' is set on object 'Object Repository/Video alerts/Video alert description'

29-03-2024T11:42:02 - [TEST_STEP][PASSED] - click(findTestObject("Wallpapers/Send wallpaper button")): Object: 'Object Repository/Wallpapers/Send wallpaper button' is clicked on

29-03-2024T11:42:02 - [MESSAGE][PASSED] - Object: 'Object Repository/Wallpapers/Send wallpaper button' is clicked on

29-03-2024T11:42:02 - [TEST_STEP][PASSED] - waitForPageLoad(2): Wait for page load successfully

29-03-2024T11:42:02 - [MESSAGE][PASSED] - Wait for page load successfully

29-03-2024T11:42:02 - [TEST_STEP][PASSED] - setText(findTestObject("Pop-up Alerts page/Search by title field"), "TC-43"): Text 'TC-43' is set on object 'Object Repository/Pop-up Alerts page/Search by title field'

29-03-2024T11:42:04 - [MESSAGE][PASSED] - Text 'TC-43' is set on object 'Object Repository/Pop-up Alerts page/Search by title field'

29-03-2024T11:42:04 - [TEST_STEP][PASSED] - verifyElementText(findTestObject("Pop-up Alerts page/Filtered sent alert"), "TC-43"): Actual text and expected text of test object 'Object Repository/Pop-up Alerts page/Filtered sent alert' are matched.

29-03-2024T11:42:04 - [MESSAGE][PASSED] - Actual text and expected text of test object 'Object Repository/Pop-up Alerts page/Filtered sent alert' are matched.

29-03-2024T11:42:04 - [TEST_STEP][NOT_RUN] - click(findTestObject("Survey/3dots Actions")): NOT_RUN: click(findTestObject("Survey/3dots Actions"))

29-03-2024T11:42:04 - [MESSAGE][NOT_RUN] - NOT_RUN: click(findTestObject("Survey/3dots Actions"))

29-03-2024T11:42:04 - [TEST_STEP][NOT_RUN] - mouseOver(findTestObject("Pop-up Alerts page/Stop-Start alert")): NOT_RUN: mouseOver(findTestObject("Pop-up Alerts page/Stop-Start alert"))

29-03-2024T11:42:04 - [MESSAGE][NOT_RUN] - NOT_RUN: mouseOver(findTestObject("Pop-up Alerts page/Stop-Start alert"))

29-03-2024T11:42:04 - [TEST_STEP][NOT_RUN] - click(findTestObject("Pop-up Alerts page/Stop-Start alert")): NOT_RUN: click(findTestObject("Pop-up Alerts page/Stop-Start alert"))

29-03-2024T11:42:04 - [MESSAGE][NOT_RUN] - NOT_RUN: click(findTestObject("Pop-up Alerts page/Stop-Start alert"))

29-03-2024T11:42:04 - [TEST_STEP][NOT_RUN] - verifyElementPresent(findTestObject("Pop-up Alerts page/Stopped status"), 2): NOT_RUN: verifyElementPresent(findTestObject("Pop-up Alerts page/Stopped status"), 2)

29-03-2024T11:42:04 - [MESSAGE][NOT_RUN] - NOT_RUN: verifyElementPresent(findTestObject("Pop-up Alerts page/Stopped status"), 2)

29-03-2024T11:42:04 - [TEST_STEP][PASSED] - click(findTestObject("Survey/3dots Actions")): Object: 'Object Repository/Survey/3dots Actions' is clicked on

29-03-2024T11:42:05 - [MESSAGE][PASSED] - Object: 'Object Repository/Survey/3dots Actions' is clicked on

29-03-2024T11:42:05 - [TEST_STEP][PASSED] - click(findTestObject("Pop-up Alerts page/View graph")): Object: 'Object Repository/Pop-up Alerts page/View graph' is clicked on

29-03-2024T11:42:06 - [MESSAGE][PASSED] - Object: 'Object Repository/Pop-up Alerts page/View graph' is clicked on

29-03-2024T11:42:06 - [TEST_STEP][PASSED] - takeElementScreenshot(findTestObject("Pop-up Alerts page/View graph image")): Taking screenshot successfully

29-03-2024T11:42:06 - [MESSAGE][WARNING] - Timeout '0' is invalid. Using default page load timeout: '30'

29-03-2024T11:42:07 - [MESSAGE][INFO] - 0 hidden object(s)

29-03-2024T11:42:07 - [MESSAGE][PASSED] - Taking screenshot successfully
[[ATTACHMENT|C:\\Users\\Home\\git\\Katalon\\Reports\\20240329_114124\\Video Alerts\\20240329_114124\\1711701726376.png]]

29-03-2024T11:42:07 - [TEST_STEP][PASSED] - click(findTestObject("Pop-up Alerts page/view graph close btn")): Object: 'Object Repository/Pop-up Alerts page/view graph close btn' is clicked on

29-03-2024T11:42:08 - [MESSAGE][PASSED] - Object: 'Object Repository/Pop-up Alerts page/view graph close btn' is clicked on

29-03-2024T11:42:08 - [TEST_STEP][PASSED] - click(findTestObject("Survey/3dots Actions")): Object: 'Object Repository/Survey/3dots Actions' is clicked on

29-03-2024T11:42:08 - [MESSAGE][PASSED] - Object: 'Object Repository/Survey/3dots Actions' is clicked on

29-03-2024T11:42:08 - [TEST_STEP][PASSED] - click(findTestObject("Pop-up Alerts page/Preview in actions menu")): Object: 'Object Repository/Pop-up Alerts page/Preview in actions menu' is clicked on

29-03-2024T11:42:09 - [MESSAGE][PASSED] - Object: 'Object Repository/Pop-up Alerts page/Preview in actions menu' is clicked on

29-03-2024T11:42:09 - [TEST_STEP][PASSED] - switchToFrame(findTestObject("Create Pop-up Alert Page/Preview alert iframe"), 2): null

29-03-2024T11:42:10 - [TEST_STEP][PASSED] - takeFullPageScreenshot([]): Taking screenshot successfully

29-03-2024T11:42:10 - [MESSAGE][INFO] - 0 hidden object(s)

29-03-2024T11:42:11 - [MESSAGE][INFO] - 0 hidden object(s)

29-03-2024T11:42:11 - [MESSAGE][PASSED] - Taking screenshot successfully
[[ATTACHMENT|C:\\Users\\Home\\git\\Katalon\\Reports\\20240329_114124\\Video Alerts\\20240329_114124\\1711701730442.png]]

29-03-2024T11:42:11 - [TEST_STEP][PASSED] - click(findTestObject("Create Pop-up Alert Page/close alert preview")): Object: 'Object Repository/Create Pop-up Alert Page/close alert preview' is clicked on

29-03-2024T11:42:11 - [MESSAGE][PASSED] - Object: 'Object Repository/Create Pop-up Alert Page/close alert preview' is clicked on

29-03-2024T11:42:11 - [TEST_STEP][PASSED] - switchToDefaultContent(): null

29-03-2024T11:42:11 - [TEST_STEP][PASSED] - click(findTestObject("Survey/3dots Actions")): Object: 'Object Repository/Survey/3dots Actions' is clicked on

29-03-2024T11:42:12 - [MESSAGE][PASSED] - Object: 'Object Repository/Survey/3dots Actions' is clicked on

29-03-2024T11:42:12 - [TEST_STEP][PASSED] - click(findTestObject("Pop-up Alerts page/Duplicate alert")): Object: 'Object Repository/Pop-up Alerts page/Duplicate alert' is clicked on

29-03-2024T11:42:12 - [MESSAGE][PASSED] - Object: 'Object Repository/Pop-up Alerts page/Duplicate alert' is clicked on

29-03-2024T11:42:12 - [TEST_STEP][PASSED] - sendKeys(findTestObject("Create Pop-up Alert Page/Alert Title field"), Keys.chord(CONTROL, "a", BACK_SPACE)): Keys 'CONTROL + BACK_SPACE + a' sent to object: 'Object Repository/Create Pop-up Alert Page/Alert Title field'

29-03-2024T11:42:15 - [MESSAGE][PASSED] - Keys 'CONTROL + BACK_SPACE + a' sent to object: 'Object Repository/Create Pop-up Alert Page/Alert Title field'

29-03-2024T11:42:15 - [TEST_STEP][PASSED] - setText(findTestObject("Create Pop-up Alert Page/Alert Title field"), "Duplicate video alert"): Text 'Duplicate video alert' is set on object 'Object Repository/Create Pop-up Alert Page/Alert Title field'

29-03-2024T11:42:16 - [MESSAGE][PASSED] - Text 'Duplicate video alert' is set on object 'Object Repository/Create Pop-up Alert Page/Alert Title field'

29-03-2024T11:42:16 - [TEST_STEP][PASSED] - click(findTestObject("Wallpapers/Send wallpaper button")): Object: 'Object Repository/Wallpapers/Send wallpaper button' is clicked on

29-03-2024T11:42:17 - [MESSAGE][PASSED] - Object: 'Object Repository/Wallpapers/Send wallpaper button' is clicked on

29-03-2024T11:42:17 - [TEST_STEP][PASSED] - waitForPageLoad(2): Wait for page load successfully

29-03-2024T11:42:17 - [MESSAGE][PASSED] - Wait for page load successfully

29-03-2024T11:42:17 - [TEST_STEP][PASSED] - setText(findTestObject("Pop-up Alerts page/Search by title field"), "TC-43"): Text 'TC-43' is set on object 'Object Repository/Pop-up Alerts page/Search by title field'

29-03-2024T11:42:19 - [MESSAGE][PASSED] - Text 'TC-43' is set on object 'Object Repository/Pop-up Alerts page/Search by title field'

29-03-2024T11:42:19 - [TEST_STEP][PASSED] - waitForPageLoad(2): Wait for page load successfully

29-03-2024T11:42:19 - [MESSAGE][PASSED] - Wait for page load successfully

29-03-2024T11:42:19 - [TEST_STEP][PASSED] - waitForElementClickable(findTestObject("Survey/3dots Actions"), 2): Object 'Object Repository/Survey/3dots Actions' is clickable

29-03-2024T11:42:19 - [MESSAGE][PASSED] - Object 'Object Repository/Survey/3dots Actions' is clickable

29-03-2024T11:42:19 - [TEST_STEP][PASSED] - click(findTestObject("Survey/3dots Actions")): Object: 'Object Repository/Survey/3dots Actions' is clicked on

29-03-2024T11:42:20 - [MESSAGE][PASSED] - Object: 'Object Repository/Survey/3dots Actions' is clicked on

29-03-2024T11:42:20 - [TEST_STEP][PASSED] - waitForElementClickable(findTestObject("Pop-up Alerts page/resend alert from actions menu"), 2): Object 'Object Repository/Pop-up Alerts page/resend alert from actions menu' is clickable

29-03-2024T11:42:21 - [MESSAGE][PASSED] - Object 'Object Repository/Pop-up Alerts page/resend alert from actions menu' is clickable

29-03-2024T11:42:21 - [TEST_STEP][PASSED] - click(findTestObject("Pop-up Alerts page/resend alert from actions menu")): Object: 'Object Repository/Pop-up Alerts page/resend alert from actions menu' is clicked on

29-03-2024T11:42:21 - [MESSAGE][PASSED] - Object: 'Object Repository/Pop-up Alerts page/resend alert from actions menu' is clicked on

29-03-2024T11:42:21 - [TEST_STEP][PASSED] - click(findTestObject("Pop-up Alerts page/Resend btn")): Object: 'Object Repository/Pop-up Alerts page/Resend btn' is clicked on

29-03-2024T11:42:22 - [MESSAGE][PASSED] - Object: 'Object Repository/Pop-up Alerts page/Resend btn' is clicked on

29-03-2024T11:42:22 - [TEST_STEP][PASSED] - sendKeys(findTestObject("Pop-up Alerts page/Search by title field"), Keys.chord(CONTROL, "a", BACK_SPACE)): Keys 'CONTROL + BACK_SPACE + a' sent to object: 'Object Repository/Pop-up Alerts page/Search by title field'

29-03-2024T11:42:23 - [MESSAGE][PASSED] - Keys 'CONTROL + BACK_SPACE + a' sent to object: 'Object Repository/Pop-up Alerts page/Search by title field'

29-03-2024T11:42:23 - [TEST_STEP][PASSED] - setText(findTestObject("Pop-up Alerts page/Search by title field"), "TC-43"): Text 'TC-43' is set on object 'Object Repository/Pop-up Alerts page/Search by title field'

29-03-2024T11:42:25 - [MESSAGE][PASSED] - Text 'TC-43' is set on object 'Object Repository/Pop-up Alerts page/Search by title field'

29-03-2024T11:42:25 - [TEST_STEP][PASSED] - verifyElementClickable(findTestObject("Pop-up Alerts page/Select all checkbox")): Object 'Object Repository/Pop-up Alerts page/Select all checkbox' is clickable

29-03-2024T11:42:26 - [MESSAGE][PASSED] - Object 'Object Repository/Pop-up Alerts page/Select all checkbox' is clickable

29-03-2024T11:42:26 - [TEST_STEP][PASSED] - check(findTestObject("Pop-up Alerts page/Select all checkbox")): Object 'Object Repository/Pop-up Alerts page/Select all checkbox' is checked

29-03-2024T11:42:26 - [MESSAGE][PASSED] - Object 'Object Repository/Pop-up Alerts page/Select all checkbox' is checked

29-03-2024T11:42:26 - [TEST_STEP][PASSED] - verifyElementChecked(findTestObject("Pop-up Alerts page/Select all checkbox"), 1): Object 'Object Repository/Pop-up Alerts page/Select all checkbox' is checked

29-03-2024T11:42:27 - [MESSAGE][PASSED] - Object 'Object Repository/Pop-up Alerts page/Select all checkbox' is checked

29-03-2024T11:42:27 - [TEST_STEP][PASSED] - click(findTestObject("Pop-up Alerts page/delete all")): Object: 'Object Repository/Pop-up Alerts page/delete all' is clicked on

29-03-2024T11:42:27 - [MESSAGE][PASSED] - Object: 'Object Repository/Pop-up Alerts page/delete all' is clicked on

29-03-2024T11:42:27 - [TEST_STEP][PASSED] - click(findTestObject("Pop-up Alerts page/Confirm deletion btn")): Object: 'Object Repository/Pop-up Alerts page/Confirm deletion btn' is clicked on

29-03-2024T11:42:28 - [MESSAGE][PASSED] - Object: 'Object Repository/Pop-up Alerts page/Confirm deletion btn' is clicked on

29-03-2024T11:42:28 - [TEST_STEP][PASSED] - sendKeys(findTestObject("Pop-up Alerts page/Search by title field"), Keys.chord(CONTROL, "a", BACK_SPACE)): Keys 'CONTROL + BACK_SPACE + a' sent to object: 'Object Repository/Pop-up Alerts page/Search by title field'

29-03-2024T11:42:30 - [MESSAGE][PASSED] - Keys 'CONTROL + BACK_SPACE + a' sent to object: 'Object Repository/Pop-up Alerts page/Search by title field'

29-03-2024T11:42:30 - [TEST_STEP][PASSED] - setText(findTestObject("Pop-up Alerts page/Search by title field"), "Duplicate video alert"): Text 'Duplicate video alert' is set on object 'Object Repository/Pop-up Alerts page/Search by title field'

29-03-2024T11:42:31 - [MESSAGE][PASSED] - Text 'Duplicate video alert' is set on object 'Object Repository/Pop-up Alerts page/Search by title field'

29-03-2024T11:42:31 - [TEST_STEP][PASSED] - waitForElementClickable(findTestObject("Create Pop-up Alert Page/sent alerts checkbox"), 2): Object 'Object Repository/Create Pop-up Alert Page/sent alerts checkbox' is clickable

29-03-2024T11:42:32 - [MESSAGE][PASSED] - Object 'Object Repository/Create Pop-up Alert Page/sent alerts checkbox' is clickable

29-03-2024T11:42:32 - [TEST_STEP][PASSED] - check(findTestObject("Create Pop-up Alert Page/sent alerts checkbox")): Object 'Object Repository/Create Pop-up Alert Page/sent alerts checkbox' is checked

29-03-2024T11:42:33 - [MESSAGE][PASSED] - Object 'Object Repository/Create Pop-up Alert Page/sent alerts checkbox' is checked

29-03-2024T11:42:33 - [TEST_STEP][PASSED] - verifyElementChecked(findTestObject("Create Pop-up Alert Page/sent alerts checkbox"), 2): Object 'Object Repository/Create Pop-up Alert Page/sent alerts checkbox' is checked

29-03-2024T11:42:33 - [MESSAGE][PASSED] - Object 'Object Repository/Create Pop-up Alert Page/sent alerts checkbox' is checked

29-03-2024T11:42:33 - [TEST_STEP][PASSED] - click(findTestObject("Pop-up Alerts page/delete all")): Object: 'Object Repository/Pop-up Alerts page/delete all' is clicked on

29-03-2024T11:42:34 - [MESSAGE][PASSED] - Object: 'Object Repository/Pop-up Alerts page/delete all' is clicked on

29-03-2024T11:42:34 - [TEST_STEP][PASSED] - click(findTestObject("Pop-up Alerts page/Confirm deletion btn")): Object: 'Object Repository/Pop-up Alerts page/Confirm deletion btn' is clicked on

29-03-2024T11:42:34 - [MESSAGE][PASSED] - Object: 'Object Repository/Pop-up Alerts page/Confirm deletion btn' is clicked on]]></system-out>
         <system-err><![CDATA[]]></system-err>
      </testcase>
      <testcase name="Test Cases/Video Alerts/Send Video Alert with AVI (TC-44)" time="32.452" classname="Test Cases/Video Alerts/Send Video Alert with AVI (TC-44)" status="PASSED">
         <system-out><![CDATA[29-03-2024T11:42:36 - [TEST_CASE][PASSED] - Test Cases/Video Alerts/Send Video Alert with AVI (TC-44): Test Cases/Video Alerts/Send Video Alert with AVI (TC-44)

29-03-2024T11:42:37 - [TEST_STEP][PASSED] - click(findTestObject("Pop-up Alerts page/New alert button")): Object: 'Object Repository/Pop-up Alerts page/New alert button' is clicked on

29-03-2024T11:42:37 - [MESSAGE][PASSED] - Object: 'Object Repository/Pop-up Alerts page/New alert button' is clicked on

29-03-2024T11:42:37 - [TEST_STEP][PASSED] - verifyElementText(findTestObject("Wallpapers/Create Wallpaper Header"), "Create Video Alert"): Actual text and expected text of test object 'Object Repository/Wallpapers/Create Wallpaper Header' are matched.

29-03-2024T11:42:40 - [MESSAGE][PASSED] - Actual text and expected text of test object 'Object Repository/Wallpapers/Create Wallpaper Header' are matched.

29-03-2024T11:42:40 - [TEST_STEP][PASSED] - click(findTestObject("Video Alert/Videoalert more btn")): Object: 'Object Repository/Video Alert/Videoalert more btn' is clicked on

29-03-2024T11:42:40 - [MESSAGE][PASSED] - Object: 'Object Repository/Video Alert/Videoalert more btn' is clicked on

29-03-2024T11:42:40 - [TEST_STEP][PASSED] - callTestCase(findTestCase("Built-in test cases/Choose recipients"), [:], STOP_ON_FAILURE): Call Test Case 'Test Cases/Built-in test cases/Choose recipients' successfully

29-03-2024T11:42:40 - [TEST_CASE][PASSED] - Test Cases/Built-in test cases/Choose recipients: Test Cases/Built-in test cases/Choose recipients

29-03-2024T11:42:40 - [TEST_STEP][PASSED] - click(findTestObject("Create Pop-up Alert Page/Choose recipients modal window/Filter field")): Object: 'Object Repository/Create Pop-up Alert Page/Choose recipients modal window/Filter field' is clicked on

29-03-2024T11:42:42 - [MESSAGE][PASSED] - Object: 'Object Repository/Create Pop-up Alert Page/Choose recipients modal window/Filter field' is clicked on

29-03-2024T11:42:42 - [TEST_STEP][PASSED] - setText(findTestObject("Create Pop-up Alert Page/Choose recipients modal window/Filter field"), "LAPTOP-E6BU4LL9"): Text 'LAPTOP-E6BU4LL9' is set on object 'Object Repository/Create Pop-up Alert Page/Choose recipients modal window/Filter field'

29-03-2024T11:42:43 - [MESSAGE][PASSED] - Text 'LAPTOP-E6BU4LL9' is set on object 'Object Repository/Create Pop-up Alert Page/Choose recipients modal window/Filter field'

29-03-2024T11:42:43 - [TEST_STEP][PASSED] - verifyElementText(findTestObject("Create Pop-up Alert Page/Choose recipients modal window/All user list-filtered"), "LAPTOP-E6BU4LL9 "): Actual text and expected text of test object 'Object Repository/Create Pop-up Alert Page/Choose recipients modal window/All user list-filtered' are matched.

29-03-2024T11:42:44 - [MESSAGE][PASSED] - Actual text and expected text of test object 'Object Repository/Create Pop-up Alert Page/Choose recipients modal window/All user list-filtered' are matched.

29-03-2024T11:42:44 - [TEST_STEP][PASSED] - click(findTestObject("Create Pop-up Alert Page/Choose recipients modal window/filtered user selection")): Object: 'Object Repository/Create Pop-up Alert Page/Choose recipients modal window/filtered user selection' is clicked on

29-03-2024T11:42:45 - [MESSAGE][PASSED] - Object: 'Object Repository/Create Pop-up Alert Page/Choose recipients modal window/filtered user selection' is clicked on

29-03-2024T11:42:45 - [TEST_STEP][PASSED] - click(findTestObject("Create Pop-up Alert Page/Choose recipients modal window/Filter field")): Object: 'Object Repository/Create Pop-up Alert Page/Choose recipients modal window/Filter field' is clicked on

29-03-2024T11:42:45 - [MESSAGE][PASSED] - Object: 'Object Repository/Create Pop-up Alert Page/Choose recipients modal window/Filter field' is clicked on

29-03-2024T11:42:45 - [TEST_STEP][PASSED] - sendKeys(findTestObject("Create Pop-up Alert Page/Choose recipients modal window/Filter field"), Keys.chord(CONTROL, "a", BACK_SPACE)): Keys 'CONTROL + BACK_SPACE + a' sent to object: 'Object Repository/Create Pop-up Alert Page/Choose recipients modal window/Filter field'

29-03-2024T11:42:45 - [MESSAGE][PASSED] - Keys 'CONTROL + BACK_SPACE + a' sent to object: 'Object Repository/Create Pop-up Alert Page/Choose recipients modal window/Filter field'

29-03-2024T11:42:45 - [TEST_STEP][PASSED] - setText(findTestObject("Create Pop-up Alert Page/Choose recipients modal window/Filter field"), "DESKTOP-9UH6GK7"): Text 'DESKTOP-9UH6GK7' is set on object 'Object Repository/Create Pop-up Alert Page/Choose recipients modal window/Filter field'

29-03-2024T11:42:46 - [MESSAGE][PASSED] - Text 'DESKTOP-9UH6GK7' is set on object 'Object Repository/Create Pop-up Alert Page/Choose recipients modal window/Filter field'

29-03-2024T11:42:46 - [TEST_STEP][PASSED] - verifyElementText(findTestObject("Create Pop-up Alert Page/Choose recipients modal window/All user list-filtered"), "DESKTOP-9UH6GK7 "): Actual text and expected text of test object 'Object Repository/Create Pop-up Alert Page/Choose recipients modal window/All user list-filtered' are matched.

29-03-2024T11:42:48 - [MESSAGE][PASSED] - Actual text and expected text of test object 'Object Repository/Create Pop-up Alert Page/Choose recipients modal window/All user list-filtered' are matched.

29-03-2024T11:42:48 - [TEST_STEP][PASSED] - click(findTestObject("Create Pop-up Alert Page/Choose recipients modal window/filtered user selection")): Object: 'Object Repository/Create Pop-up Alert Page/Choose recipients modal window/filtered user selection' is clicked on

29-03-2024T11:42:48 - [MESSAGE][PASSED] - Object: 'Object Repository/Create Pop-up Alert Page/Choose recipients modal window/filtered user selection' is clicked on

29-03-2024T11:42:48 - [TEST_STEP][PASSED] - click(findTestObject("Wallpapers/Done")): Object: 'Object Repository/Wallpapers/Done' is clicked on

29-03-2024T11:42:49 - [MESSAGE][PASSED] - Object: 'Object Repository/Wallpapers/Done' is clicked on

29-03-2024T11:42:49 - [MESSAGE][PASSED] - Call Test Case 'Test Cases/Built-in test cases/Choose recipients' successfully

29-03-2024T11:42:49 - [TEST_STEP][PASSED] - setText(findTestObject("Create Pop-up Alert Page/Alert Title field"), "TC-44"): Text 'TC-44' is set on object 'Object Repository/Create Pop-up Alert Page/Alert Title field'

29-03-2024T11:42:50 - [MESSAGE][PASSED] - Text 'TC-44' is set on object 'Object Repository/Create Pop-up Alert Page/Alert Title field'

29-03-2024T11:42:50 - [TEST_STEP][PASSED] - verifyElementPresent(findTestObject("Video Alert/Videoalert upload area"), 2): Object 'Object Repository/Video Alert/Videoalert upload area' is present

29-03-2024T11:42:50 - [MESSAGE][PASSED] - Object 'Object Repository/Video Alert/Videoalert upload area' is present

29-03-2024T11:42:50 - [TEST_STEP][PASSED] - uploadFileWithDragAndDrop(findTestObject("Video Alert/Videoalert upload area"), "C:\Users\Home\git\Katalon\video\earth.avi"): null

29-03-2024T11:42:50 - [TEST_STEP][PASSED] - delay(5): Delayed 5 second(s)

29-03-2024T11:42:55 - [MESSAGE][PASSED] - Delayed 5 second(s)

29-03-2024T11:42:55 - [TEST_STEP][PASSED] - getAttribute(findTestObject("Video alerts/uploaded video file"), "src"): Attribute 'src' of object 'Object Repository/Video alerts/uploaded video file' is: 'null'

29-03-2024T11:43:02 - [MESSAGE][PASSED] - Attribute 'src' of object 'Object Repository/Video alerts/uploaded video file' is: 'null'

29-03-2024T11:43:02 - [TEST_STEP][PASSED] - click(findTestObject("Video alerts/Video alert description")): Object: 'Object Repository/Video alerts/Video alert description' is clicked on

29-03-2024T11:43:03 - [MESSAGE][PASSED] - Object: 'Object Repository/Video alerts/Video alert description' is clicked on

29-03-2024T11:43:03 - [TEST_STEP][PASSED] - setText(findTestObject("Video alerts/Video alert description"), "Hello! This is automated AVI video alert from Katalon"): Text 'Hello! This is automated AVI video alert from Katalon' is set on object 'Object Repository/Video alerts/Video alert description'

29-03-2024T11:43:04 - [MESSAGE][PASSED] - Text 'Hello! This is automated AVI video alert from Katalon' is set on object 'Object Repository/Video alerts/Video alert description'

29-03-2024T11:43:04 - [TEST_STEP][PASSED] - click(findTestObject("Wallpapers/Send wallpaper button")): Object: 'Object Repository/Wallpapers/Send wallpaper button' is clicked on

29-03-2024T11:43:05 - [MESSAGE][PASSED] - Object: 'Object Repository/Wallpapers/Send wallpaper button' is clicked on

29-03-2024T11:43:05 - [TEST_STEP][PASSED] - waitForPageLoad(2): Wait for page load successfully

29-03-2024T11:43:05 - [MESSAGE][PASSED] - Wait for page load successfully

29-03-2024T11:43:05 - [TEST_STEP][PASSED] - setText(findTestObject("Pop-up Alerts page/Search by title field"), "TC-44"): Text 'TC-44' is set on object 'Object Repository/Pop-up Alerts page/Search by title field'

29-03-2024T11:43:07 - [MESSAGE][PASSED] - Text 'TC-44' is set on object 'Object Repository/Pop-up Alerts page/Search by title field'

29-03-2024T11:43:07 - [TEST_STEP][PASSED] - verifyElementText(findTestObject("Pop-up Alerts page/Filtered sent alert"), "TC-44"): Actual text and expected text of test object 'Object Repository/Pop-up Alerts page/Filtered sent alert' are matched.

29-03-2024T11:43:07 - [MESSAGE][PASSED] - Actual text and expected text of test object 'Object Repository/Pop-up Alerts page/Filtered sent alert' are matched.]]></system-out>
         <system-err><![CDATA[]]></system-err>
      </testcase>
      <testcase name="Test Cases/Video Alerts/Send Video Alert with WMV (TC-45)" time="25.31" classname="Test Cases/Video Alerts/Send Video Alert with WMV (TC-45)" status="PASSED">
         <system-out><![CDATA[29-03-2024T11:43:09 - [TEST_CASE][PASSED] - Test Cases/Video Alerts/Send Video Alert with WMV (TC-45): Test Cases/Video Alerts/Send Video Alert with WMV (TC-45)

29-03-2024T11:43:09 - [TEST_STEP][PASSED] - click(findTestObject("Dashboard Page/Compose alert button expansion")): Object: 'Object Repository/Dashboard Page/Compose alert button expansion' is clicked on

29-03-2024T11:43:09 - [MESSAGE][PASSED] - Object: 'Object Repository/Dashboard Page/Compose alert button expansion' is clicked on

29-03-2024T11:43:09 - [TEST_STEP][PASSED] - click(findTestObject("Dashboard Page/Video Alerts")): Object: 'Object Repository/Dashboard Page/Video Alerts' is clicked on

29-03-2024T11:43:10 - [MESSAGE][PASSED] - Object: 'Object Repository/Dashboard Page/Video Alerts' is clicked on

29-03-2024T11:43:10 - [TEST_STEP][PASSED] - verifyElementText(findTestObject("Wallpapers/Create Wallpaper Header"), "Create Video Alert"): Actual text and expected text of test object 'Object Repository/Wallpapers/Create Wallpaper Header' are matched.

29-03-2024T11:43:13 - [MESSAGE][PASSED] - Actual text and expected text of test object 'Object Repository/Wallpapers/Create Wallpaper Header' are matched.

29-03-2024T11:43:13 - [TEST_STEP][PASSED] - click(findTestObject("Video Alert/Videoalert more btn")): Object: 'Object Repository/Video Alert/Videoalert more btn' is clicked on

29-03-2024T11:43:13 - [MESSAGE][PASSED] - Object: 'Object Repository/Video Alert/Videoalert more btn' is clicked on

29-03-2024T11:43:13 - [TEST_STEP][PASSED] - callTestCase(findTestCase("Built-in test cases/Choose recipients"), [:], STOP_ON_FAILURE): Call Test Case 'Test Cases/Built-in test cases/Choose recipients' successfully

29-03-2024T11:43:13 - [TEST_CASE][PASSED] - Test Cases/Built-in test cases/Choose recipients: Test Cases/Built-in test cases/Choose recipients

29-03-2024T11:43:13 - [TEST_STEP][PASSED] - click(findTestObject("Create Pop-up Alert Page/Choose recipients modal window/Filter field")): Object: 'Object Repository/Create Pop-up Alert Page/Choose recipients modal window/Filter field' is clicked on

29-03-2024T11:43:14 - [MESSAGE][PASSED] - Object: 'Object Repository/Create Pop-up Alert Page/Choose recipients modal window/Filter field' is clicked on

29-03-2024T11:43:14 - [TEST_STEP][PASSED] - setText(findTestObject("Create Pop-up Alert Page/Choose recipients modal window/Filter field"), "LAPTOP-E6BU4LL9"): Text 'LAPTOP-E6BU4LL9' is set on object 'Object Repository/Create Pop-up Alert Page/Choose recipients modal window/Filter field'

29-03-2024T11:43:15 - [MESSAGE][PASSED] - Text 'LAPTOP-E6BU4LL9' is set on object 'Object Repository/Create Pop-up Alert Page/Choose recipients modal window/Filter field'

29-03-2024T11:43:15 - [TEST_STEP][PASSED] - verifyElementText(findTestObject("Create Pop-up Alert Page/Choose recipients modal window/All user list-filtered"), "LAPTOP-E6BU4LL9 "): Actual text and expected text of test object 'Object Repository/Create Pop-up Alert Page/Choose recipients modal window/All user list-filtered' are matched.

29-03-2024T11:43:17 - [MESSAGE][PASSED] - Actual text and expected text of test object 'Object Repository/Create Pop-up Alert Page/Choose recipients modal window/All user list-filtered' are matched.

29-03-2024T11:43:17 - [TEST_STEP][PASSED] - click(findTestObject("Create Pop-up Alert Page/Choose recipients modal window/filtered user selection")): Object: 'Object Repository/Create Pop-up Alert Page/Choose recipients modal window/filtered user selection' is clicked on

29-03-2024T11:43:17 - [MESSAGE][PASSED] - Object: 'Object Repository/Create Pop-up Alert Page/Choose recipients modal window/filtered user selection' is clicked on

29-03-2024T11:43:17 - [TEST_STEP][PASSED] - click(findTestObject("Create Pop-up Alert Page/Choose recipients modal window/Filter field")): Object: 'Object Repository/Create Pop-up Alert Page/Choose recipients modal window/Filter field' is clicked on

29-03-2024T11:43:17 - [MESSAGE][PASSED] - Object: 'Object Repository/Create Pop-up Alert Page/Choose recipients modal window/Filter field' is clicked on

29-03-2024T11:43:17 - [TEST_STEP][PASSED] - sendKeys(findTestObject("Create Pop-up Alert Page/Choose recipients modal window/Filter field"), Keys.chord(CONTROL, "a", BACK_SPACE)): Keys 'CONTROL + BACK_SPACE + a' sent to object: 'Object Repository/Create Pop-up Alert Page/Choose recipients modal window/Filter field'

29-03-2024T11:43:18 - [MESSAGE][PASSED] - Keys 'CONTROL + BACK_SPACE + a' sent to object: 'Object Repository/Create Pop-up Alert Page/Choose recipients modal window/Filter field'

29-03-2024T11:43:18 - [TEST_STEP][PASSED] - setText(findTestObject("Create Pop-up Alert Page/Choose recipients modal window/Filter field"), "DESKTOP-9UH6GK7"): Text 'DESKTOP-9UH6GK7' is set on object 'Object Repository/Create Pop-up Alert Page/Choose recipients modal window/Filter field'

29-03-2024T11:43:19 - [MESSAGE][PASSED] - Text 'DESKTOP-9UH6GK7' is set on object 'Object Repository/Create Pop-up Alert Page/Choose recipients modal window/Filter field'

29-03-2024T11:43:19 - [TEST_STEP][PASSED] - verifyElementText(findTestObject("Create Pop-up Alert Page/Choose recipients modal window/All user list-filtered"), "DESKTOP-9UH6GK7 "): Actual text and expected text of test object 'Object Repository/Create Pop-up Alert Page/Choose recipients modal window/All user list-filtered' are matched.

29-03-2024T11:43:20 - [MESSAGE][PASSED] - Actual text and expected text of test object 'Object Repository/Create Pop-up Alert Page/Choose recipients modal window/All user list-filtered' are matched.

29-03-2024T11:43:20 - [TEST_STEP][PASSED] - click(findTestObject("Create Pop-up Alert Page/Choose recipients modal window/filtered user selection")): Object: 'Object Repository/Create Pop-up Alert Page/Choose recipients modal window/filtered user selection' is clicked on

29-03-2024T11:43:20 - [MESSAGE][PASSED] - Object: 'Object Repository/Create Pop-up Alert Page/Choose recipients modal window/filtered user selection' is clicked on

29-03-2024T11:43:20 - [TEST_STEP][PASSED] - click(findTestObject("Wallpapers/Done")): Object: 'Object Repository/Wallpapers/Done' is clicked on

29-03-2024T11:43:21 - [MESSAGE][PASSED] - Object: 'Object Repository/Wallpapers/Done' is clicked on

29-03-2024T11:43:21 - [MESSAGE][PASSED] - Call Test Case 'Test Cases/Built-in test cases/Choose recipients' successfully

29-03-2024T11:43:21 - [TEST_STEP][PASSED] - setText(findTestObject("Create Pop-up Alert Page/Alert Title field"), "TC-45"): Text 'TC-45' is set on object 'Object Repository/Create Pop-up Alert Page/Alert Title field'

29-03-2024T11:43:22 - [MESSAGE][PASSED] - Text 'TC-45' is set on object 'Object Repository/Create Pop-up Alert Page/Alert Title field'

29-03-2024T11:43:22 - [TEST_STEP][PASSED] - verifyElementPresent(findTestObject("Video Alert/Videoalert upload area"), 2): Object 'Object Repository/Video Alert/Videoalert upload area' is present

29-03-2024T11:43:22 - [MESSAGE][PASSED] - Object 'Object Repository/Video Alert/Videoalert upload area' is present

29-03-2024T11:43:22 - [TEST_STEP][PASSED] - uploadFileWithDragAndDrop(findTestObject("Video Alert/Videoalert upload area"), "C:\Users\Home\git\Katalon\video\seaside.wmv"): null

29-03-2024T11:43:23 - [TEST_STEP][PASSED] - delay(5): Delayed 5 second(s)

29-03-2024T11:43:28 - [MESSAGE][PASSED] - Delayed 5 second(s)

29-03-2024T11:43:28 - [TEST_STEP][PASSED] - getAttribute(findTestObject("Video alerts/uploaded video file"), "src"): Attribute 'src' of object 'Object Repository/Video alerts/uploaded video file' is: 'null'

29-03-2024T11:43:28 - [MESSAGE][PASSED] - Attribute 'src' of object 'Object Repository/Video alerts/uploaded video file' is: 'null'

29-03-2024T11:43:28 - [TEST_STEP][PASSED] - click(findTestObject("Video alerts/Video alert description")): Object: 'Object Repository/Video alerts/Video alert description' is clicked on

29-03-2024T11:43:28 - [MESSAGE][PASSED] - Object: 'Object Repository/Video alerts/Video alert description' is clicked on

29-03-2024T11:43:28 - [TEST_STEP][PASSED] - setText(findTestObject("Video alerts/Video alert description"), "Hello! This is automated WMV video alert from Katalon"): Text 'Hello! This is automated WMV video alert from Katalon' is set on object 'Object Repository/Video alerts/Video alert description'

29-03-2024T11:43:30 - [MESSAGE][PASSED] - Text 'Hello! This is automated WMV video alert from Katalon' is set on object 'Object Repository/Video alerts/Video alert description'

29-03-2024T11:43:30 - [TEST_STEP][PASSED] - click(findTestObject("Wallpapers/Send wallpaper button")): Object: 'Object Repository/Wallpapers/Send wallpaper button' is clicked on

29-03-2024T11:43:30 - [MESSAGE][PASSED] - Object: 'Object Repository/Wallpapers/Send wallpaper button' is clicked on

29-03-2024T11:43:30 - [TEST_STEP][PASSED] - waitForPageLoad(2): Wait for page load successfully

29-03-2024T11:43:30 - [MESSAGE][PASSED] - Wait for page load successfully

29-03-2024T11:43:30 - [TEST_STEP][PASSED] - setText(findTestObject("Pop-up Alerts page/Search by title field"), "TC-45"): Text 'TC-45' is set on object 'Object Repository/Pop-up Alerts page/Search by title field'

29-03-2024T11:43:32 - [MESSAGE][PASSED] - Text 'TC-45' is set on object 'Object Repository/Pop-up Alerts page/Search by title field'

29-03-2024T11:43:32 - [TEST_STEP][PASSED] - verifyElementText(findTestObject("Pop-up Alerts page/Filtered sent alert"), "TC-45"): Actual text and expected text of test object 'Object Repository/Pop-up Alerts page/Filtered sent alert' are matched.

29-03-2024T11:43:32 - [MESSAGE][PASSED] - Actual text and expected text of test object 'Object Repository/Pop-up Alerts page/Filtered sent alert' are matched.]]></system-out>
         <system-err><![CDATA[]]></system-err>
      </testcase>
      <testcase name="Test Cases/Video Alerts/Send Video Alert with video from the server (TC-46)" time="63.158" classname="Test Cases/Video Alerts/Send Video Alert with video from the server (TC-46)" status="PASSED">
         <system-out><![CDATA[29-03-2024T11:43:34 - [TEST_CASE][PASSED] - Test Cases/Video Alerts/Send Video Alert with video from the server (TC-46): Test Cases/Video Alerts/Send Video Alert with video from the server (TC-46)

29-03-2024T11:43:34 - [TEST_STEP][PASSED] - click(findTestObject("Dashboard Page/Compose alert button expansion")): Object: 'Object Repository/Dashboard Page/Compose alert button expansion' is clicked on

29-03-2024T11:43:35 - [MESSAGE][PASSED] - Object: 'Object Repository/Dashboard Page/Compose alert button expansion' is clicked on

29-03-2024T11:43:35 - [TEST_STEP][PASSED] - click(findTestObject("Dashboard Page/Video Alerts")): Object: 'Object Repository/Dashboard Page/Video Alerts' is clicked on

29-03-2024T11:43:35 - [MESSAGE][PASSED] - Object: 'Object Repository/Dashboard Page/Video Alerts' is clicked on

29-03-2024T11:43:35 - [TEST_STEP][PASSED] - verifyElementText(findTestObject("Wallpapers/Create Wallpaper Header"), "Create Video Alert"): Actual text and expected text of test object 'Object Repository/Wallpapers/Create Wallpaper Header' are matched.

29-03-2024T11:43:38 - [MESSAGE][PASSED] - Actual text and expected text of test object 'Object Repository/Wallpapers/Create Wallpaper Header' are matched.

29-03-2024T11:43:38 - [TEST_STEP][PASSED] - click(findTestObject("Video Alert/Videoalert more btn")): Object: 'Object Repository/Video Alert/Videoalert more btn' is clicked on

29-03-2024T11:43:38 - [MESSAGE][PASSED] - Object: 'Object Repository/Video Alert/Videoalert more btn' is clicked on

29-03-2024T11:43:38 - [TEST_STEP][PASSED] - callTestCase(findTestCase("Built-in test cases/Choose recipients"), [:], STOP_ON_FAILURE): Call Test Case 'Test Cases/Built-in test cases/Choose recipients' successfully

29-03-2024T11:43:38 - [TEST_CASE][PASSED] - Test Cases/Built-in test cases/Choose recipients: Test Cases/Built-in test cases/Choose recipients

29-03-2024T11:43:38 - [TEST_STEP][PASSED] - click(findTestObject("Create Pop-up Alert Page/Choose recipients modal window/Filter field")): Object: 'Object Repository/Create Pop-up Alert Page/Choose recipients modal window/Filter field' is clicked on

29-03-2024T11:43:39 - [MESSAGE][PASSED] - Object: 'Object Repository/Create Pop-up Alert Page/Choose recipients modal window/Filter field' is clicked on

29-03-2024T11:43:39 - [TEST_STEP][PASSED] - setText(findTestObject("Create Pop-up Alert Page/Choose recipients modal window/Filter field"), "LAPTOP-E6BU4LL9"): Text 'LAPTOP-E6BU4LL9' is set on object 'Object Repository/Create Pop-up Alert Page/Choose recipients modal window/Filter field'

29-03-2024T11:43:40 - [MESSAGE][PASSED] - Text 'LAPTOP-E6BU4LL9' is set on object 'Object Repository/Create Pop-up Alert Page/Choose recipients modal window/Filter field'

29-03-2024T11:43:40 - [TEST_STEP][PASSED] - verifyElementText(findTestObject("Create Pop-up Alert Page/Choose recipients modal window/All user list-filtered"), "LAPTOP-E6BU4LL9 "): Actual text and expected text of test object 'Object Repository/Create Pop-up Alert Page/Choose recipients modal window/All user list-filtered' are matched.

29-03-2024T11:43:42 - [MESSAGE][PASSED] - Actual text and expected text of test object 'Object Repository/Create Pop-up Alert Page/Choose recipients modal window/All user list-filtered' are matched.

29-03-2024T11:43:42 - [TEST_STEP][PASSED] - click(findTestObject("Create Pop-up Alert Page/Choose recipients modal window/filtered user selection")): Object: 'Object Repository/Create Pop-up Alert Page/Choose recipients modal window/filtered user selection' is clicked on

29-03-2024T11:43:42 - [MESSAGE][PASSED] - Object: 'Object Repository/Create Pop-up Alert Page/Choose recipients modal window/filtered user selection' is clicked on

29-03-2024T11:43:42 - [TEST_STEP][PASSED] - click(findTestObject("Create Pop-up Alert Page/Choose recipients modal window/Filter field")): Object: 'Object Repository/Create Pop-up Alert Page/Choose recipients modal window/Filter field' is clicked on

29-03-2024T11:43:42 - [MESSAGE][PASSED] - Object: 'Object Repository/Create Pop-up Alert Page/Choose recipients modal window/Filter field' is clicked on

29-03-2024T11:43:42 - [TEST_STEP][PASSED] - sendKeys(findTestObject("Create Pop-up Alert Page/Choose recipients modal window/Filter field"), Keys.chord(CONTROL, "a", BACK_SPACE)): Keys 'CONTROL + BACK_SPACE + a' sent to object: 'Object Repository/Create Pop-up Alert Page/Choose recipients modal window/Filter field'

29-03-2024T11:43:43 - [MESSAGE][PASSED] - Keys 'CONTROL + BACK_SPACE + a' sent to object: 'Object Repository/Create Pop-up Alert Page/Choose recipients modal window/Filter field'

29-03-2024T11:43:43 - [TEST_STEP][PASSED] - setText(findTestObject("Create Pop-up Alert Page/Choose recipients modal window/Filter field"), "DESKTOP-9UH6GK7"): Text 'DESKTOP-9UH6GK7' is set on object 'Object Repository/Create Pop-up Alert Page/Choose recipients modal window/Filter field'

29-03-2024T11:43:44 - [MESSAGE][PASSED] - Text 'DESKTOP-9UH6GK7' is set on object 'Object Repository/Create Pop-up Alert Page/Choose recipients modal window/Filter field'

29-03-2024T11:43:44 - [TEST_STEP][PASSED] - verifyElementText(findTestObject("Create Pop-up Alert Page/Choose recipients modal window/All user list-filtered"), "DESKTOP-9UH6GK7 "): Actual text and expected text of test object 'Object Repository/Create Pop-up Alert Page/Choose recipients modal window/All user list-filtered' are matched.

29-03-2024T11:43:45 - [MESSAGE][PASSED] - Actual text and expected text of test object 'Object Repository/Create Pop-up Alert Page/Choose recipients modal window/All user list-filtered' are matched.

29-03-2024T11:43:45 - [TEST_STEP][PASSED] - click(findTestObject("Create Pop-up Alert Page/Choose recipients modal window/filtered user selection")): Object: 'Object Repository/Create Pop-up Alert Page/Choose recipients modal window/filtered user selection' is clicked on

29-03-2024T11:43:46 - [MESSAGE][PASSED] - Object: 'Object Repository/Create Pop-up Alert Page/Choose recipients modal window/filtered user selection' is clicked on

29-03-2024T11:43:46 - [TEST_STEP][PASSED] - click(findTestObject("Wallpapers/Done")): Object: 'Object Repository/Wallpapers/Done' is clicked on

29-03-2024T11:43:46 - [MESSAGE][PASSED] - Object: 'Object Repository/Wallpapers/Done' is clicked on

29-03-2024T11:43:46 - [MESSAGE][PASSED] - Call Test Case 'Test Cases/Built-in test cases/Choose recipients' successfully

29-03-2024T11:43:46 - [TEST_STEP][PASSED] - setText(findTestObject("Create Pop-up Alert Page/Alert Title field"), "TC-46"): Text 'TC-46' is set on object 'Object Repository/Create Pop-up Alert Page/Alert Title field'

29-03-2024T11:43:47 - [MESSAGE][PASSED] - Text 'TC-46' is set on object 'Object Repository/Create Pop-up Alert Page/Alert Title field'

29-03-2024T11:43:47 - [TEST_STEP][PASSED] - verifyElementPresent(findTestObject("Video Alert/Videoalert upload area"), 2): Object 'Object Repository/Video Alert/Videoalert upload area' is present

29-03-2024T11:43:47 - [MESSAGE][PASSED] - Object 'Object Repository/Video Alert/Videoalert upload area' is present

29-03-2024T11:43:47 - [TEST_STEP][PASSED] - click(findTestObject("Video Alert/Select video from the server")): Object: 'Object Repository/Video Alert/Select video from the server' is clicked on

29-03-2024T11:43:48 - [MESSAGE][PASSED] - Object: 'Object Repository/Video Alert/Select video from the server' is clicked on

29-03-2024T11:43:48 - [TEST_STEP][PASSED] - click(findTestObject("Wallpapers/Select image from server button")): Object: 'Object Repository/Wallpapers/Select image from server button' is clicked on

29-03-2024T11:43:48 - [MESSAGE][PASSED] - Object: 'Object Repository/Wallpapers/Select image from server button' is clicked on

29-03-2024T11:43:48 - [TEST_STEP][PASSED] - click(findTestObject("Video alerts/First video from the server")): Object: 'Object Repository/Video alerts/First video from the server' is clicked on

29-03-2024T11:43:49 - [MESSAGE][PASSED] - Object: 'Object Repository/Video alerts/First video from the server' is clicked on

29-03-2024T11:43:49 - [TEST_STEP][PASSED] - delay(1): Delayed 1 second(s)

29-03-2024T11:43:50 - [MESSAGE][PASSED] - Delayed 1 second(s)

29-03-2024T11:43:50 - [TEST_STEP][NOT_RUN] - getAttribute(findTestObject("Video alerts/uploaded video file"), "src"): NOT_RUN: getAttribute(findTestObject("Video alerts/uploaded video file"), "src")

29-03-2024T11:43:50 - [MESSAGE][NOT_RUN] - NOT_RUN: getAttribute(findTestObject("Video alerts/uploaded video file"), "src")

29-03-2024T11:43:50 - [TEST_STEP][PASSED] - click(findTestObject("Video alerts/Video alert description")): Object: 'Object Repository/Video alerts/Video alert description' is clicked on

29-03-2024T11:43:51 - [MESSAGE][PASSED] - Object: 'Object Repository/Video alerts/Video alert description' is clicked on

29-03-2024T11:43:51 - [TEST_STEP][PASSED] - setText(findTestObject("Video alerts/Video alert description"), "Hello! This is automated video alert from Katalon"): Text 'Hello! This is automated video alert from Katalon' is set on object 'Object Repository/Video alerts/Video alert description'

29-03-2024T11:43:53 - [MESSAGE][PASSED] - Text 'Hello! This is automated video alert from Katalon' is set on object 'Object Repository/Video alerts/Video alert description'

29-03-2024T11:43:53 - [TEST_STEP][PASSED] - click(findTestObject("Wallpapers/Send wallpaper button")): Object: 'Object Repository/Wallpapers/Send wallpaper button' is clicked on

29-03-2024T11:43:53 - [MESSAGE][PASSED] - Object: 'Object Repository/Wallpapers/Send wallpaper button' is clicked on

29-03-2024T11:43:53 - [TEST_STEP][PASSED] - waitForPageLoad(2): Wait for page load successfully

29-03-2024T11:43:53 - [MESSAGE][PASSED] - Wait for page load successfully

29-03-2024T11:43:53 - [TEST_STEP][PASSED] - setText(findTestObject("Pop-up Alerts page/Search by title field"), "TC-46"): Text 'TC-46' is set on object 'Object Repository/Pop-up Alerts page/Search by title field'

29-03-2024T11:44:35 - [MESSAGE][PASSED] - Text 'TC-46' is set on object 'Object Repository/Pop-up Alerts page/Search by title field'

29-03-2024T11:44:35 - [TEST_STEP][PASSED] - verifyElementText(findTestObject("Pop-up Alerts page/Filtered sent alert"), "TC-46"): Actual text and expected text of test object 'Object Repository/Pop-up Alerts page/Filtered sent alert' are matched.

29-03-2024T11:44:35 - [MESSAGE][PASSED] - Actual text and expected text of test object 'Object Repository/Pop-up Alerts page/Filtered sent alert' are matched.]]></system-out>
         <system-err><![CDATA[]]></system-err>
      </testcase>
      <testcase name="Test Cases/Video Alerts/Draft Video Alert (TC-47)" time="32.567" classname="Test Cases/Video Alerts/Draft Video Alert (TC-47)" status="PASSED">
         <system-out><![CDATA[29-03-2024T11:44:37 - [TEST_CASE][PASSED] - Test Cases/Video Alerts/Draft Video Alert (TC-47): Test Cases/Video Alerts/Draft Video Alert (TC-47)

29-03-2024T11:44:38 - [TEST_STEP][PASSED] - click(findTestObject("Dashboard Page/Compose alert button expansion")): Object: 'Object Repository/Dashboard Page/Compose alert button expansion' is clicked on

29-03-2024T11:44:38 - [MESSAGE][PASSED] - Object: 'Object Repository/Dashboard Page/Compose alert button expansion' is clicked on

29-03-2024T11:44:38 - [TEST_STEP][PASSED] - click(findTestObject("Dashboard Page/Video Alerts")): Object: 'Object Repository/Dashboard Page/Video Alerts' is clicked on

29-03-2024T11:44:38 - [MESSAGE][PASSED] - Object: 'Object Repository/Dashboard Page/Video Alerts' is clicked on

29-03-2024T11:44:38 - [TEST_STEP][PASSED] - verifyElementText(findTestObject("Wallpapers/Create Wallpaper Header"), "Create Video Alert"): Actual text and expected text of test object 'Object Repository/Wallpapers/Create Wallpaper Header' are matched.

29-03-2024T11:44:41 - [MESSAGE][PASSED] - Actual text and expected text of test object 'Object Repository/Wallpapers/Create Wallpaper Header' are matched.

29-03-2024T11:44:41 - [TEST_STEP][PASSED] - click(findTestObject("Video Alert/Videoalert more btn")): Object: 'Object Repository/Video Alert/Videoalert more btn' is clicked on

29-03-2024T11:44:42 - [MESSAGE][PASSED] - Object: 'Object Repository/Video Alert/Videoalert more btn' is clicked on

29-03-2024T11:44:42 - [TEST_STEP][PASSED] - callTestCase(findTestCase("Built-in test cases/Choose recipients"), [:], STOP_ON_FAILURE): Call Test Case 'Test Cases/Built-in test cases/Choose recipients' successfully

29-03-2024T11:44:42 - [TEST_CASE][PASSED] - Test Cases/Built-in test cases/Choose recipients: Test Cases/Built-in test cases/Choose recipients

29-03-2024T11:44:42 - [TEST_STEP][PASSED] - click(findTestObject("Create Pop-up Alert Page/Choose recipients modal window/Filter field")): Object: 'Object Repository/Create Pop-up Alert Page/Choose recipients modal window/Filter field' is clicked on

29-03-2024T11:44:42 - [MESSAGE][PASSED] - Object: 'Object Repository/Create Pop-up Alert Page/Choose recipients modal window/Filter field' is clicked on

29-03-2024T11:44:42 - [TEST_STEP][PASSED] - setText(findTestObject("Create Pop-up Alert Page/Choose recipients modal window/Filter field"), "LAPTOP-E6BU4LL9"): Text 'LAPTOP-E6BU4LL9' is set on object 'Object Repository/Create Pop-up Alert Page/Choose recipients modal window/Filter field'

29-03-2024T11:44:43 - [MESSAGE][PASSED] - Text 'LAPTOP-E6BU4LL9' is set on object 'Object Repository/Create Pop-up Alert Page/Choose recipients modal window/Filter field'

29-03-2024T11:44:43 - [TEST_STEP][PASSED] - verifyElementText(findTestObject("Create Pop-up Alert Page/Choose recipients modal window/All user list-filtered"), "LAPTOP-E6BU4LL9 "): Actual text and expected text of test object 'Object Repository/Create Pop-up Alert Page/Choose recipients modal window/All user list-filtered' are matched.

29-03-2024T11:44:45 - [MESSAGE][PASSED] - Actual text and expected text of test object 'Object Repository/Create Pop-up Alert Page/Choose recipients modal window/All user list-filtered' are matched.

29-03-2024T11:44:45 - [TEST_STEP][PASSED] - click(findTestObject("Create Pop-up Alert Page/Choose recipients modal window/filtered user selection")): Object: 'Object Repository/Create Pop-up Alert Page/Choose recipients modal window/filtered user selection' is clicked on

29-03-2024T11:44:45 - [MESSAGE][PASSED] - Object: 'Object Repository/Create Pop-up Alert Page/Choose recipients modal window/filtered user selection' is clicked on

29-03-2024T11:44:45 - [TEST_STEP][PASSED] - click(findTestObject("Create Pop-up Alert Page/Choose recipients modal window/Filter field")): Object: 'Object Repository/Create Pop-up Alert Page/Choose recipients modal window/Filter field' is clicked on

29-03-2024T11:44:46 - [MESSAGE][PASSED] - Object: 'Object Repository/Create Pop-up Alert Page/Choose recipients modal window/Filter field' is clicked on

29-03-2024T11:44:46 - [TEST_STEP][PASSED] - sendKeys(findTestObject("Create Pop-up Alert Page/Choose recipients modal window/Filter field"), Keys.chord(CONTROL, "a", BACK_SPACE)): Keys 'CONTROL + BACK_SPACE + a' sent to object: 'Object Repository/Create Pop-up Alert Page/Choose recipients modal window/Filter field'

29-03-2024T11:44:46 - [MESSAGE][PASSED] - Keys 'CONTROL + BACK_SPACE + a' sent to object: 'Object Repository/Create Pop-up Alert Page/Choose recipients modal window/Filter field'

29-03-2024T11:44:46 - [TEST_STEP][PASSED] - setText(findTestObject("Create Pop-up Alert Page/Choose recipients modal window/Filter field"), "DESKTOP-9UH6GK7"): Text 'DESKTOP-9UH6GK7' is set on object 'Object Repository/Create Pop-up Alert Page/Choose recipients modal window/Filter field'

29-03-2024T11:44:47 - [MESSAGE][PASSED] - Text 'DESKTOP-9UH6GK7' is set on object 'Object Repository/Create Pop-up Alert Page/Choose recipients modal window/Filter field'

29-03-2024T11:44:47 - [TEST_STEP][PASSED] - verifyElementText(findTestObject("Create Pop-up Alert Page/Choose recipients modal window/All user list-filtered"), "DESKTOP-9UH6GK7 "): Actual text and expected text of test object 'Object Repository/Create Pop-up Alert Page/Choose recipients modal window/All user list-filtered' are matched.

29-03-2024T11:44:49 - [MESSAGE][PASSED] - Actual text and expected text of test object 'Object Repository/Create Pop-up Alert Page/Choose recipients modal window/All user list-filtered' are matched.

29-03-2024T11:44:49 - [TEST_STEP][PASSED] - click(findTestObject("Create Pop-up Alert Page/Choose recipients modal window/filtered user selection")): Object: 'Object Repository/Create Pop-up Alert Page/Choose recipients modal window/filtered user selection' is clicked on

29-03-2024T11:44:49 - [MESSAGE][PASSED] - Object: 'Object Repository/Create Pop-up Alert Page/Choose recipients modal window/filtered user selection' is clicked on

29-03-2024T11:44:49 - [TEST_STEP][PASSED] - click(findTestObject("Wallpapers/Done")): Object: 'Object Repository/Wallpapers/Done' is clicked on

29-03-2024T11:44:49 - [MESSAGE][PASSED] - Object: 'Object Repository/Wallpapers/Done' is clicked on

29-03-2024T11:44:49 - [MESSAGE][PASSED] - Call Test Case 'Test Cases/Built-in test cases/Choose recipients' successfully

29-03-2024T11:44:49 - [TEST_STEP][PASSED] - setText(findTestObject("Create Pop-up Alert Page/Alert Title field"), "TC-47"): Text 'TC-47' is set on object 'Object Repository/Create Pop-up Alert Page/Alert Title field'

29-03-2024T11:44:50 - [MESSAGE][PASSED] - Text 'TC-47' is set on object 'Object Repository/Create Pop-up Alert Page/Alert Title field'

29-03-2024T11:44:50 - [TEST_STEP][PASSED] - verifyElementPresent(findTestObject("Video Alert/Videoalert upload area"), 2): Object 'Object Repository/Video Alert/Videoalert upload area' is present

29-03-2024T11:44:51 - [MESSAGE][PASSED] - Object 'Object Repository/Video Alert/Videoalert upload area' is present

29-03-2024T11:44:51 - [TEST_STEP][PASSED] - click(findTestObject("Video Alert/Select video from the server")): Object: 'Object Repository/Video Alert/Select video from the server' is clicked on

29-03-2024T11:44:51 - [MESSAGE][PASSED] - Object: 'Object Repository/Video Alert/Select video from the server' is clicked on

29-03-2024T11:44:51 - [TEST_STEP][PASSED] - click(findTestObject("Wallpapers/Select image from server button")): Object: 'Object Repository/Wallpapers/Select image from server button' is clicked on

29-03-2024T11:44:52 - [MESSAGE][PASSED] - Object: 'Object Repository/Wallpapers/Select image from server button' is clicked on

29-03-2024T11:44:52 - [TEST_STEP][PASSED] - click(findTestObject("Video alerts/First video from the server")): Object: 'Object Repository/Video alerts/First video from the server' is clicked on

29-03-2024T11:44:52 - [MESSAGE][PASSED] - Object: 'Object Repository/Video alerts/First video from the server' is clicked on

29-03-2024T11:44:52 - [TEST_STEP][PASSED] - delay(1): Delayed 1 second(s)

29-03-2024T11:44:53 - [MESSAGE][PASSED] - Delayed 1 second(s)

29-03-2024T11:44:53 - [TEST_STEP][PASSED] - click(findTestObject("Video alerts/Video alert description")): Object: 'Object Repository/Video alerts/Video alert description' is clicked on

29-03-2024T11:44:53 - [MESSAGE][PASSED] - Object: 'Object Repository/Video alerts/Video alert description' is clicked on

29-03-2024T11:44:53 - [TEST_STEP][PASSED] - setText(findTestObject("Video alerts/Video alert description"), "Hello! This is automated Draft video alert from Katalon"): Text 'Hello! This is automated Draft video alert from Katalon' is set on object 'Object Repository/Video alerts/Video alert description'

29-03-2024T11:44:55 - [MESSAGE][PASSED] - Text 'Hello! This is automated Draft video alert from Katalon' is set on object 'Object Repository/Video alerts/Video alert description'

29-03-2024T11:44:55 - [TEST_STEP][PASSED] - click(findTestObject("Wallpapers/Save wallpaper button")): Object: 'Object Repository/Wallpapers/Save wallpaper button' is clicked on

29-03-2024T11:44:56 - [MESSAGE][PASSED] - Object: 'Object Repository/Wallpapers/Save wallpaper button' is clicked on

29-03-2024T11:44:56 - [TEST_STEP][PASSED] - waitForPageLoad(2): Wait for page load successfully

29-03-2024T11:44:56 - [MESSAGE][PASSED] - Wait for page load successfully

29-03-2024T11:44:56 - [TEST_STEP][PASSED] - click(findTestObject("Pop-up Alerts page/Draft tab")): Object: 'Object Repository/Pop-up Alerts page/Draft tab' is clicked on

29-03-2024T11:44:57 - [MESSAGE][PASSED] - Object: 'Object Repository/Pop-up Alerts page/Draft tab' is clicked on

29-03-2024T11:44:57 - [TEST_STEP][PASSED] - setText(findTestObject("Pop-up Alerts page/Search by title field"), "TC-47"): Text 'TC-47' is set on object 'Object Repository/Pop-up Alerts page/Search by title field'

29-03-2024T11:44:58 - [MESSAGE][PASSED] - Text 'TC-47' is set on object 'Object Repository/Pop-up Alerts page/Search by title field'

29-03-2024T11:44:58 - [TEST_STEP][PASSED] - verifyElementText(findTestObject("Pop-up Alerts page/Filtered sent alert"), "TC-47"): Actual text and expected text of test object 'Object Repository/Pop-up Alerts page/Filtered sent alert' are matched.

29-03-2024T11:44:58 - [MESSAGE][PASSED] - Actual text and expected text of test object 'Object Repository/Pop-up Alerts page/Filtered sent alert' are matched.

29-03-2024T11:44:58 - [TEST_STEP][PASSED] - click(findTestObject("Survey/3dots Actions")): Object: 'Object Repository/Survey/3dots Actions' is clicked on

29-03-2024T11:45:00 - [MESSAGE][PASSED] - Object: 'Object Repository/Survey/3dots Actions' is clicked on

29-03-2024T11:45:00 - [TEST_STEP][PASSED] - click(findTestObject("Pop-up Alerts page/Preview Draft alert Actions")): Object: 'Object Repository/Pop-up Alerts page/Preview Draft alert Actions' is clicked on

29-03-2024T11:45:00 - [MESSAGE][PASSED] - Object: 'Object Repository/Pop-up Alerts page/Preview Draft alert Actions' is clicked on

29-03-2024T11:45:00 - [TEST_STEP][PASSED] - switchToFrame(findTestObject("Create Pop-up Alert Page/Preview alert iframe"), 2): null

29-03-2024T11:45:01 - [TEST_STEP][PASSED] - takeFullPageScreenshot([]): Taking screenshot successfully

29-03-2024T11:45:01 - [MESSAGE][INFO] - 0 hidden object(s)

29-03-2024T11:45:02 - [MESSAGE][INFO] - 0 hidden object(s)

29-03-2024T11:45:02 - [MESSAGE][PASSED] - Taking screenshot successfully
[[ATTACHMENT|C:\\Users\\Home\\git\\Katalon\\Reports\\20240329_114124\\Video Alerts\\20240329_114124\\1711701901744.png]]

29-03-2024T11:45:02 - [TEST_STEP][PASSED] - click(findTestObject("Create Pop-up Alert Page/close alert preview")): Object: 'Object Repository/Create Pop-up Alert Page/close alert preview' is clicked on

29-03-2024T11:45:02 - [MESSAGE][PASSED] - Object: 'Object Repository/Create Pop-up Alert Page/close alert preview' is clicked on

29-03-2024T11:45:02 - [TEST_STEP][PASSED] - switchToDefaultContent(): null

29-03-2024T11:45:02 - [TEST_STEP][PASSED] - click(findTestObject("Survey/3dots Actions")): Object: 'Object Repository/Survey/3dots Actions' is clicked on

29-03-2024T11:45:02 - [MESSAGE][PASSED] - Object: 'Object Repository/Survey/3dots Actions' is clicked on

29-03-2024T11:45:02 - [TEST_STEP][PASSED] - click(findTestObject("Pop-up Alerts page/Edit Draft alert Actions")): Object: 'Object Repository/Pop-up Alerts page/Edit Draft alert Actions' is clicked on

29-03-2024T11:45:04 - [MESSAGE][PASSED] - Object: 'Object Repository/Pop-up Alerts page/Edit Draft alert Actions' is clicked on

29-03-2024T11:45:04 - [TEST_STEP][PASSED] - verifyElementText(findTestObject("Wallpapers/Create Wallpaper Header"), "Create Video Alert"): Actual text and expected text of test object 'Object Repository/Wallpapers/Create Wallpaper Header' are matched.

29-03-2024T11:45:06 - [MESSAGE][PASSED] - Actual text and expected text of test object 'Object Repository/Wallpapers/Create Wallpaper Header' are matched.

29-03-2024T11:45:06 - [TEST_STEP][PASSED] - click(findTestObject("Wallpapers/Save wallpaper button")): Object: 'Object Repository/Wallpapers/Save wallpaper button' is clicked on

29-03-2024T11:45:07 - [MESSAGE][PASSED] - Object: 'Object Repository/Wallpapers/Save wallpaper button' is clicked on

29-03-2024T11:45:07 - [TEST_STEP][PASSED] - verifyElementPresent(findTestObject("Pop-up Alerts page/Draft tab"), 2): Object 'Object Repository/Pop-up Alerts page/Draft tab' is present

29-03-2024T11:45:08 - [MESSAGE][PASSED] - Object 'Object Repository/Pop-up Alerts page/Draft tab' is present]]></system-out>
         <system-err><![CDATA[]]></system-err>
      </testcase>
      <testcase name="Test Cases/Video Alerts/Send Video Alert with advanced settings (TC-48)" time="30.929" classname="Test Cases/Video Alerts/Send Video Alert with advanced settings (TC-48)" status="PASSED">
         <system-out><![CDATA[29-03-2024T11:45:10 - [TEST_CASE][PASSED] - Test Cases/Video Alerts/Send Video Alert with advanced settings (TC-48): Test Cases/Video Alerts/Send Video Alert with advanced settings (TC-48)

29-03-2024T11:45:10 - [TEST_STEP][PASSED] - click(findTestObject("Dashboard Page/Compose alert button expansion")): Object: 'Object Repository/Dashboard Page/Compose alert button expansion' is clicked on

29-03-2024T11:45:10 - [MESSAGE][PASSED] - Object: 'Object Repository/Dashboard Page/Compose alert button expansion' is clicked on

29-03-2024T11:45:10 - [TEST_STEP][PASSED] - click(findTestObject("Dashboard Page/Video Alerts")): Object: 'Object Repository/Dashboard Page/Video Alerts' is clicked on

29-03-2024T11:45:11 - [MESSAGE][PASSED] - Object: 'Object Repository/Dashboard Page/Video Alerts' is clicked on

29-03-2024T11:45:11 - [TEST_STEP][PASSED] - verifyElementText(findTestObject("Wallpapers/Create Wallpaper Header"), "Create Video Alert"): Actual text and expected text of test object 'Object Repository/Wallpapers/Create Wallpaper Header' are matched.

29-03-2024T11:45:14 - [MESSAGE][PASSED] - Actual text and expected text of test object 'Object Repository/Wallpapers/Create Wallpaper Header' are matched.

29-03-2024T11:45:14 - [TEST_STEP][PASSED] - click(findTestObject("Video Alert/Videoalert more btn")): Object: 'Object Repository/Video Alert/Videoalert more btn' is clicked on

29-03-2024T11:45:14 - [MESSAGE][PASSED] - Object: 'Object Repository/Video Alert/Videoalert more btn' is clicked on

29-03-2024T11:45:14 - [TEST_STEP][PASSED] - callTestCase(findTestCase("Built-in test cases/Choose recipients"), [:], STOP_ON_FAILURE): Call Test Case 'Test Cases/Built-in test cases/Choose recipients' successfully

29-03-2024T11:45:14 - [TEST_CASE][PASSED] - Test Cases/Built-in test cases/Choose recipients: Test Cases/Built-in test cases/Choose recipients

29-03-2024T11:45:14 - [TEST_STEP][PASSED] - click(findTestObject("Create Pop-up Alert Page/Choose recipients modal window/Filter field")): Object: 'Object Repository/Create Pop-up Alert Page/Choose recipients modal window/Filter field' is clicked on

29-03-2024T11:45:15 - [MESSAGE][PASSED] - Object: 'Object Repository/Create Pop-up Alert Page/Choose recipients modal window/Filter field' is clicked on

29-03-2024T11:45:15 - [TEST_STEP][PASSED] - setText(findTestObject("Create Pop-up Alert Page/Choose recipients modal window/Filter field"), "LAPTOP-E6BU4LL9"): Text 'LAPTOP-E6BU4LL9' is set on object 'Object Repository/Create Pop-up Alert Page/Choose recipients modal window/Filter field'

29-03-2024T11:45:16 - [MESSAGE][PASSED] - Text 'LAPTOP-E6BU4LL9' is set on object 'Object Repository/Create Pop-up Alert Page/Choose recipients modal window/Filter field'

29-03-2024T11:45:16 - [TEST_STEP][PASSED] - verifyElementText(findTestObject("Create Pop-up Alert Page/Choose recipients modal window/All user list-filtered"), "LAPTOP-E6BU4LL9 "): Actual text and expected text of test object 'Object Repository/Create Pop-up Alert Page/Choose recipients modal window/All user list-filtered' are matched.

29-03-2024T11:45:18 - [MESSAGE][PASSED] - Actual text and expected text of test object 'Object Repository/Create Pop-up Alert Page/Choose recipients modal window/All user list-filtered' are matched.

29-03-2024T11:45:18 - [TEST_STEP][PASSED] - click(findTestObject("Create Pop-up Alert Page/Choose recipients modal window/filtered user selection")): Object: 'Object Repository/Create Pop-up Alert Page/Choose recipients modal window/filtered user selection' is clicked on

29-03-2024T11:45:18 - [MESSAGE][PASSED] - Object: 'Object Repository/Create Pop-up Alert Page/Choose recipients modal window/filtered user selection' is clicked on

29-03-2024T11:45:18 - [TEST_STEP][PASSED] - click(findTestObject("Create Pop-up Alert Page/Choose recipients modal window/Filter field")): Object: 'Object Repository/Create Pop-up Alert Page/Choose recipients modal window/Filter field' is clicked on

29-03-2024T11:45:18 - [MESSAGE][PASSED] - Object: 'Object Repository/Create Pop-up Alert Page/Choose recipients modal window/Filter field' is clicked on

29-03-2024T11:45:18 - [TEST_STEP][PASSED] - sendKeys(findTestObject("Create Pop-up Alert Page/Choose recipients modal window/Filter field"), Keys.chord(CONTROL, "a", BACK_SPACE)): Keys 'CONTROL + BACK_SPACE + a' sent to object: 'Object Repository/Create Pop-up Alert Page/Choose recipients modal window/Filter field'

29-03-2024T11:45:19 - [MESSAGE][PASSED] - Keys 'CONTROL + BACK_SPACE + a' sent to object: 'Object Repository/Create Pop-up Alert Page/Choose recipients modal window/Filter field'

29-03-2024T11:45:19 - [TEST_STEP][PASSED] - setText(findTestObject("Create Pop-up Alert Page/Choose recipients modal window/Filter field"), "DESKTOP-9UH6GK7"): Text 'DESKTOP-9UH6GK7' is set on object 'Object Repository/Create Pop-up Alert Page/Choose recipients modal window/Filter field'

29-03-2024T11:45:20 - [MESSAGE][PASSED] - Text 'DESKTOP-9UH6GK7' is set on object 'Object Repository/Create Pop-up Alert Page/Choose recipients modal window/Filter field'

29-03-2024T11:45:20 - [TEST_STEP][PASSED] - verifyElementText(findTestObject("Create Pop-up Alert Page/Choose recipients modal window/All user list-filtered"), "DESKTOP-9UH6GK7 "): Actual text and expected text of test object 'Object Repository/Create Pop-up Alert Page/Choose recipients modal window/All user list-filtered' are matched.

29-03-2024T11:45:21 - [MESSAGE][PASSED] - Actual text and expected text of test object 'Object Repository/Create Pop-up Alert Page/Choose recipients modal window/All user list-filtered' are matched.

29-03-2024T11:45:21 - [TEST_STEP][PASSED] - click(findTestObject("Create Pop-up Alert Page/Choose recipients modal window/filtered user selection")): Object: 'Object Repository/Create Pop-up Alert Page/Choose recipients modal window/filtered user selection' is clicked on

29-03-2024T11:45:22 - [MESSAGE][PASSED] - Object: 'Object Repository/Create Pop-up Alert Page/Choose recipients modal window/filtered user selection' is clicked on

29-03-2024T11:45:22 - [TEST_STEP][PASSED] - click(findTestObject("Wallpapers/Done")): Object: 'Object Repository/Wallpapers/Done' is clicked on

29-03-2024T11:45:22 - [MESSAGE][PASSED] - Object: 'Object Repository/Wallpapers/Done' is clicked on

29-03-2024T11:45:22 - [MESSAGE][PASSED] - Call Test Case 'Test Cases/Built-in test cases/Choose recipients' successfully

29-03-2024T11:45:22 - [TEST_STEP][PASSED] - setText(findTestObject("Create Pop-up Alert Page/Alert Title field"), "TC-48"): Text 'TC-48' is set on object 'Object Repository/Create Pop-up Alert Page/Alert Title field'

29-03-2024T11:45:23 - [MESSAGE][PASSED] - Text 'TC-48' is set on object 'Object Repository/Create Pop-up Alert Page/Alert Title field'

29-03-2024T11:45:23 - [TEST_STEP][PASSED] - verifyElementPresent(findTestObject("Video Alert/Videoalert upload area"), 2): Object 'Object Repository/Video Alert/Videoalert upload area' is present

29-03-2024T11:45:23 - [MESSAGE][PASSED] - Object 'Object Repository/Video Alert/Videoalert upload area' is present

29-03-2024T11:45:23 - [TEST_STEP][PASSED] - click(findTestObject("Video Alert/Select video from the server")): Object: 'Object Repository/Video Alert/Select video from the server' is clicked on

29-03-2024T11:45:24 - [MESSAGE][PASSED] - Object: 'Object Repository/Video Alert/Select video from the server' is clicked on

29-03-2024T11:45:24 - [TEST_STEP][PASSED] - click(findTestObject("Wallpapers/Select image from server button")): Object: 'Object Repository/Wallpapers/Select image from server button' is clicked on

29-03-2024T11:45:24 - [MESSAGE][PASSED] - Object: 'Object Repository/Wallpapers/Select image from server button' is clicked on

29-03-2024T11:45:24 - [TEST_STEP][PASSED] - click(findTestObject("Video alerts/First video from the server")): Object: 'Object Repository/Video alerts/First video from the server' is clicked on

29-03-2024T11:45:25 - [MESSAGE][PASSED] - Object: 'Object Repository/Video alerts/First video from the server' is clicked on

29-03-2024T11:45:25 - [TEST_STEP][PASSED] - delay(1): Delayed 1 second(s)

29-03-2024T11:45:26 - [MESSAGE][PASSED] - Delayed 1 second(s)

29-03-2024T11:45:26 - [TEST_STEP][PASSED] - click(findTestObject("Video alerts/Video alert description")): Object: 'Object Repository/Video alerts/Video alert description' is clicked on

29-03-2024T11:45:27 - [MESSAGE][PASSED] - Object: 'Object Repository/Video alerts/Video alert description' is clicked on

29-03-2024T11:45:27 - [TEST_STEP][PASSED] - setText(findTestObject("Video alerts/Video alert description"), "Hello! This is automated video alert from Katalon"): Text 'Hello! This is automated video alert from Katalon' is set on object 'Object Repository/Video alerts/Video alert description'

29-03-2024T11:45:28 - [MESSAGE][PASSED] - Text 'Hello! This is automated video alert from Katalon' is set on object 'Object Repository/Video alerts/Video alert description'

29-03-2024T11:45:28 - [TEST_STEP][PASSED] - click(findTestObject("Create Pop-up Alert Page/Alerts settings right-hand menu/Skin choice button")): Object: 'Object Repository/Create Pop-up Alert Page/Alerts settings right-hand menu/Skin choice button' is clicked on

29-03-2024T11:45:29 - [MESSAGE][PASSED] - Object: 'Object Repository/Create Pop-up Alert Page/Alerts settings right-hand menu/Skin choice button' is clicked on

29-03-2024T11:45:29 - [TEST_STEP][PASSED] - click(findTestObject("Create Pop-up Alert Page/Alerts settings right-hand menu/Skin with given index")): Object: 'Object Repository/Create Pop-up Alert Page/Alerts settings right-hand menu/Skin with given index' is clicked on

29-03-2024T11:45:29 - [MESSAGE][PASSED] - Object: 'Object Repository/Create Pop-up Alert Page/Alerts settings right-hand menu/Skin with given index' is clicked on

29-03-2024T11:45:29 - [TEST_STEP][PASSED] - sendKeys(findTestObject("Survey/alert width"), Keys.chord(CONTROL, "a", BACK_SPACE)): Keys 'CONTROL + BACK_SPACE + a' sent to object: 'Object Repository/Survey/alert width'

29-03-2024T11:45:30 - [MESSAGE][PASSED] - Keys 'CONTROL + BACK_SPACE + a' sent to object: 'Object Repository/Survey/alert width'

29-03-2024T11:45:30 - [TEST_STEP][PASSED] - setText(findTestObject("Survey/alert width"), "400"): Text '400' is set on object 'Object Repository/Survey/alert width'

29-03-2024T11:45:31 - [MESSAGE][PASSED] - Text '400' is set on object 'Object Repository/Survey/alert width'

29-03-2024T11:45:31 - [TEST_STEP][PASSED] - sendKeys(findTestObject("Survey/alert height"), Keys.chord(CONTROL, "a", BACK_SPACE)): Keys 'CONTROL + BACK_SPACE + a' sent to object: 'Object Repository/Survey/alert height'

29-03-2024T11:45:32 - [MESSAGE][PASSED] - Keys 'CONTROL + BACK_SPACE + a' sent to object: 'Object Repository/Survey/alert height'

29-03-2024T11:45:32 - [TEST_STEP][PASSED] - setText(findTestObject("Survey/alert height"), "500"): Text '500' is set on object 'Object Repository/Survey/alert height'

29-03-2024T11:45:33 - [MESSAGE][PASSED] - Text '500' is set on object 'Object Repository/Survey/alert height'

29-03-2024T11:45:33 - [TEST_STEP][PASSED] - check(findTestObject("Create Pop-up Alert Page/Alerts settings right-hand menu/Acknowledgement checkbox")): Object 'Object Repository/Create Pop-up Alert Page/Alerts settings right-hand menu/Acknowledgement checkbox' is checked

29-03-2024T11:45:33 - [MESSAGE][PASSED] - Object 'Object Repository/Create Pop-up Alert Page/Alerts settings right-hand menu/Acknowledgement checkbox' is checked

29-03-2024T11:45:33 - [TEST_STEP][PASSED] - verifyElementChecked(findTestObject("Create Pop-up Alert Page/Alerts settings right-hand menu/Acknowledgement checkbox"), 2): Object 'Object Repository/Create Pop-up Alert Page/Alerts settings right-hand menu/Acknowledgement checkbox' is checked

29-03-2024T11:45:34 - [MESSAGE][PASSED] - Object 'Object Repository/Create Pop-up Alert Page/Alerts settings right-hand menu/Acknowledgement checkbox' is checked

29-03-2024T11:45:34 - [TEST_STEP][PASSED] - click(findTestObject("Video alerts/Preview video alert btn")): Object: 'Object Repository/Video alerts/Preview video alert btn' is clicked on

29-03-2024T11:45:34 - [MESSAGE][PASSED] - Object: 'Object Repository/Video alerts/Preview video alert btn' is clicked on

29-03-2024T11:45:34 - [TEST_STEP][PASSED] - switchToFrame(findTestObject("Create Pop-up Alert Page/Preview alert iframe"), 2): null

29-03-2024T11:45:36 - [TEST_STEP][PASSED] - takeFullPageScreenshot(): Taking screenshot successfully

29-03-2024T11:45:36 - [MESSAGE][INFO] - 0 hidden object(s)

29-03-2024T11:45:36 - [MESSAGE][PASSED] - Taking screenshot successfully
[[ATTACHMENT|C:\\Users\\Home\\git\\Katalon\\Reports\\20240329_114124\\Video Alerts\\20240329_114124\\1711701936053.png]]

29-03-2024T11:45:36 - [TEST_STEP][PASSED] - switchToDefaultContent(): null

29-03-2024T11:45:36 - [TEST_STEP][PASSED] - waitForPageLoad(2): Wait for page load successfully

29-03-2024T11:45:36 - [MESSAGE][PASSED] - Wait for page load successfully

29-03-2024T11:45:36 - [TEST_STEP][PASSED] - click(findTestObject("Wallpapers/Send wallpaper button")): Object: 'Object Repository/Wallpapers/Send wallpaper button' is clicked on

29-03-2024T11:45:36 - [MESSAGE][PASSED] - Object: 'Object Repository/Wallpapers/Send wallpaper button' is clicked on

29-03-2024T11:45:36 - [TEST_STEP][PASSED] - setText(findTestObject("Pop-up Alerts page/Search by title field"), "TC-48"): Text 'TC-48' is set on object 'Object Repository/Pop-up Alerts page/Search by title field'

29-03-2024T11:45:39 - [MESSAGE][PASSED] - Text 'TC-48' is set on object 'Object Repository/Pop-up Alerts page/Search by title field'

29-03-2024T11:45:39 - [TEST_STEP][PASSED] - verifyElementText(findTestObject("Pop-up Alerts page/Filtered sent alert"), "TC-48"): Actual text and expected text of test object 'Object Repository/Pop-up Alerts page/Filtered sent alert' are matched.

29-03-2024T11:45:39 - [MESSAGE][PASSED] - Actual text and expected text of test object 'Object Repository/Pop-up Alerts page/Filtered sent alert' are matched.]]></system-out>
         <system-err><![CDATA[]]></system-err>
      </testcase>
      <system-out><![CDATA[29-03-2024T11:41:29 - [TEST_SUITE][PASSED] - Video Alerts: Test Cases/Video Alerts/Send Video Alert with advanced settings (TC-48)]]></system-out>
      <system-err><![CDATA[]]></system-err>
   </testsuite>
</testsuites>
